[2023-06-20T01:14:03.105+0000] {taskinstance.py:1090} INFO - Dependencies all met for dep_context=non-requeueable deps ti=<TaskInstance: showpulse_dbt_dag.dbt_run scheduled__2023-06-20T01:12:59.130209+00:00 [queued]>
[2023-06-20T01:14:03.112+0000] {taskinstance.py:1090} INFO - Dependencies all met for dep_context=requeueable deps ti=<TaskInstance: showpulse_dbt_dag.dbt_run scheduled__2023-06-20T01:12:59.130209+00:00 [queued]>
[2023-06-20T01:14:03.112+0000] {taskinstance.py:1288} INFO - 
--------------------------------------------------------------------------------
[2023-06-20T01:14:03.113+0000] {taskinstance.py:1289} INFO - Starting attempt 1 of 1
[2023-06-20T01:14:03.113+0000] {taskinstance.py:1290} INFO - 
--------------------------------------------------------------------------------
[2023-06-20T01:14:03.121+0000] {taskinstance.py:1309} INFO - Executing <Task(BashOperator): dbt_run> on 2023-06-20 01:12:59.130209+00:00
[2023-06-20T01:14:03.125+0000] {standard_task_runner.py:55} INFO - Started process 395 to run task
[2023-06-20T01:14:03.128+0000] {standard_task_runner.py:82} INFO - Running: ['***', 'tasks', 'run', 'showpulse_dbt_dag', 'dbt_run', 'scheduled__2023-06-20T01:12:59.130209+00:00', '--job-id', '352', '--raw', '--subdir', 'DAGS_FOLDER/dbt_run.py', '--cfg-path', '/tmp/tmphrb_bns_']
[2023-06-20T01:14:03.129+0000] {standard_task_runner.py:83} INFO - Job 352: Subtask dbt_run
[2023-06-20T01:14:03.184+0000] {task_command.py:389} INFO - Running <TaskInstance: showpulse_dbt_dag.dbt_run scheduled__2023-06-20T01:12:59.130209+00:00 [running]> on host 62cfed75eae1
[2023-06-20T01:14:03.239+0000] {taskinstance.py:1518} INFO - Exporting the following env vars:
AIRFLOW_CTX_DAG_OWNER=nburkett
AIRFLOW_CTX_DAG_ID=showpulse_dbt_dag
AIRFLOW_CTX_TASK_ID=dbt_run
AIRFLOW_CTX_EXECUTION_DATE=2023-06-20T01:12:59.130209+00:00
AIRFLOW_CTX_TRY_NUMBER=1
AIRFLOW_CTX_DAG_RUN_ID=scheduled__2023-06-20T01:12:59.130209+00:00
[2023-06-20T01:14:03.241+0000] {subprocess.py:63} INFO - Tmp dir root location: 
 /tmp
[2023-06-20T01:14:03.242+0000] {subprocess.py:75} INFO - Running command: ['/bin/bash', '-c', 'cd /dbt/ticketmaster_transformation && dbt run']
[2023-06-20T01:14:03.250+0000] {subprocess.py:86} INFO - Output:
[2023-06-20T01:14:04.714+0000] {subprocess.py:93} INFO - [0m01:14:04  Running with dbt=1.5.1
[2023-06-20T01:14:05.278+0000] {subprocess.py:93} INFO - [0m01:14:05  Found 4 models, 0 tests, 0 snapshots, 0 analyses, 356 macros, 0 operations, 0 seed files, 3 sources, 0 exposures, 0 metrics, 0 groups
[2023-06-20T01:14:05.281+0000] {subprocess.py:93} INFO - [0m01:14:05
[2023-06-20T01:14:05.890+0000] {subprocess.py:93} INFO - [0m01:14:05  Concurrency: 4 threads (target='dev')
[2023-06-20T01:14:05.891+0000] {subprocess.py:93} INFO - [0m01:14:05
[2023-06-20T01:14:05.900+0000] {subprocess.py:93} INFO - [0m01:14:05  1 of 4 START sql table model twitter_kafka_pyspark_test.distinct_data .......... [RUN]
[2023-06-20T01:14:05.901+0000] {subprocess.py:93} INFO - [0m01:14:05  2 of 4 START sql table model twitter_kafka_pyspark_test.dm_events .............. [RUN]
[2023-06-20T01:14:05.903+0000] {subprocess.py:93} INFO - [0m01:14:05  3 of 4 START sql table model twitter_kafka_pyspark_test.my_first_dbt_model ..... [RUN]
[2023-06-20T01:14:08.513+0000] {subprocess.py:93} INFO - [0m01:14:08  3 of 4 OK created sql table model twitter_kafka_pyspark_test.my_first_dbt_model  [[32mCREATE TABLE (2.0 rows, 0 processed)[0m in 2.60s]
[2023-06-20T01:14:08.520+0000] {subprocess.py:93} INFO - [0m01:14:08  4 of 4 START sql view model twitter_kafka_pyspark_test.my_second_dbt_model ..... [RUN]
[2023-06-20T01:14:08.840+0000] {subprocess.py:93} INFO - [0m01:14:08  1 of 4 OK created sql table model twitter_kafka_pyspark_test.distinct_data ..... [[32mCREATE TABLE (474.0 rows, 252.5 KiB processed)[0m in 2.93s]
[2023-06-20T01:14:09.073+0000] {subprocess.py:93} INFO - [0m01:14:09  2 of 4 OK created sql table model twitter_kafka_pyspark_test.dm_events ......... [[32mCREATE TABLE (495.0 rows, 78.1 KiB processed)[0m in 3.17s]
[2023-06-20T01:14:09.465+0000] {subprocess.py:93} INFO - [0m01:14:09  4 of 4 OK created sql view model twitter_kafka_pyspark_test.my_second_dbt_model  [[32mCREATE VIEW (0 processed)[0m in 0.94s]
[2023-06-20T01:14:09.573+0000] {subprocess.py:93} INFO - [0m01:14:09
[2023-06-20T01:14:09.576+0000] {subprocess.py:93} INFO - [0m01:14:09  Finished running 3 table models, 1 view model in 0 hours 0 minutes and 4.29 seconds (4.29s).
[2023-06-20T01:14:09.610+0000] {subprocess.py:93} INFO - [0m01:14:09
[2023-06-20T01:14:09.612+0000] {subprocess.py:93} INFO - [0m01:14:09  [32mCompleted successfully[0m
[2023-06-20T01:14:09.614+0000] {subprocess.py:93} INFO - [0m01:14:09
[2023-06-20T01:14:09.615+0000] {subprocess.py:93} INFO - [0m01:14:09  Done. PASS=4 WARN=0 ERROR=0 SKIP=0 TOTAL=4
[2023-06-20T01:14:10.103+0000] {subprocess.py:97} INFO - Command exited with return code 0
[2023-06-20T01:14:10.128+0000] {taskinstance.py:1332} INFO - Marking task as SUCCESS. dag_id=showpulse_dbt_dag, task_id=dbt_run, execution_date=20230620T011259, start_date=20230620T011403, end_date=20230620T011410
[2023-06-20T01:14:10.149+0000] {local_task_job.py:212} INFO - Task exited with return code 0
[2023-06-20T01:14:10.164+0000] {taskinstance.py:2596} INFO - 0 downstream tasks scheduled from follow-on schedule check
