[2023-06-23T00:29:27.275+0000] {taskinstance.py:1090} INFO - Dependencies all met for dep_context=non-requeueable deps ti=<TaskInstance: showpulse_dbt_dag.dbt_run scheduled__2023-06-23T00:28:22.829752+00:00 [queued]>
[2023-06-23T00:29:27.282+0000] {taskinstance.py:1090} INFO - Dependencies all met for dep_context=requeueable deps ti=<TaskInstance: showpulse_dbt_dag.dbt_run scheduled__2023-06-23T00:28:22.829752+00:00 [queued]>
[2023-06-23T00:29:27.283+0000] {taskinstance.py:1288} INFO - 
--------------------------------------------------------------------------------
[2023-06-23T00:29:27.283+0000] {taskinstance.py:1289} INFO - Starting attempt 1 of 1
[2023-06-23T00:29:27.284+0000] {taskinstance.py:1290} INFO - 
--------------------------------------------------------------------------------
[2023-06-23T00:29:27.293+0000] {taskinstance.py:1309} INFO - Executing <Task(BashOperator): dbt_run> on 2023-06-23 00:28:22.829752+00:00
[2023-06-23T00:29:27.297+0000] {standard_task_runner.py:55} INFO - Started process 20094 to run task
[2023-06-23T00:29:27.303+0000] {standard_task_runner.py:82} INFO - Running: ['***', 'tasks', 'run', 'showpulse_dbt_dag', 'dbt_run', 'scheduled__2023-06-23T00:28:22.829752+00:00', '--job-id', '2306', '--raw', '--subdir', 'DAGS_FOLDER/dbt_run.py', '--cfg-path', '/tmp/tmp94g7ykmk']
[2023-06-23T00:29:27.304+0000] {standard_task_runner.py:83} INFO - Job 2306: Subtask dbt_run
[2023-06-23T00:29:27.360+0000] {task_command.py:389} INFO - Running <TaskInstance: showpulse_dbt_dag.dbt_run scheduled__2023-06-23T00:28:22.829752+00:00 [running]> on host 62cfed75eae1
[2023-06-23T00:29:27.414+0000] {taskinstance.py:1518} INFO - Exporting the following env vars:
AIRFLOW_CTX_DAG_OWNER=nburkett
AIRFLOW_CTX_DAG_ID=showpulse_dbt_dag
AIRFLOW_CTX_TASK_ID=dbt_run
AIRFLOW_CTX_EXECUTION_DATE=2023-06-23T00:28:22.829752+00:00
AIRFLOW_CTX_TRY_NUMBER=1
AIRFLOW_CTX_DAG_RUN_ID=scheduled__2023-06-23T00:28:22.829752+00:00
[2023-06-23T00:29:27.415+0000] {subprocess.py:63} INFO - Tmp dir root location: 
 /tmp
[2023-06-23T00:29:27.416+0000] {subprocess.py:75} INFO - Running command: ['/bin/bash', '-c', 'cd /dbt/ticketmaster_transformation && dbt run']
[2023-06-23T00:29:27.426+0000] {subprocess.py:86} INFO - Output:
[2023-06-23T00:29:28.675+0000] {subprocess.py:93} INFO - [0m00:29:28  Running with dbt=1.5.1
[2023-06-23T00:29:29.156+0000] {subprocess.py:93} INFO - [0m00:29:29  Found 4 models, 0 tests, 0 snapshots, 0 analyses, 356 macros, 0 operations, 0 seed files, 3 sources, 0 exposures, 0 metrics, 0 groups
[2023-06-23T00:29:29.158+0000] {subprocess.py:93} INFO - [0m00:29:29
[2023-06-23T00:29:29.989+0000] {subprocess.py:93} INFO - [0m00:29:29  Concurrency: 4 threads (target='dev')
[2023-06-23T00:29:29.992+0000] {subprocess.py:93} INFO - [0m00:29:29
[2023-06-23T00:29:30.009+0000] {subprocess.py:93} INFO - [0m00:29:30  1 of 4 START sql table model twitter_kafka_pyspark_test.distinct_data .......... [RUN]
[2023-06-23T00:29:30.011+0000] {subprocess.py:93} INFO - [0m00:29:30  2 of 4 START sql table model twitter_kafka_pyspark_test.dm_events .............. [RUN]
[2023-06-23T00:29:30.014+0000] {subprocess.py:93} INFO - [0m00:29:30  3 of 4 START sql table model twitter_kafka_pyspark_test.my_first_dbt_model ..... [RUN]
[2023-06-23T00:29:32.968+0000] {subprocess.py:93} INFO - [0m00:29:32  3 of 4 OK created sql table model twitter_kafka_pyspark_test.my_first_dbt_model  [[32mCREATE TABLE (2.0 rows, 0 processed)[0m in 2.94s]
[2023-06-23T00:29:32.975+0000] {subprocess.py:93} INFO - [0m00:29:32  4 of 4 START sql view model twitter_kafka_pyspark_test.my_second_dbt_model ..... [RUN]
[2023-06-23T00:29:33.154+0000] {subprocess.py:93} INFO - [0m00:29:33  2 of 4 OK created sql table model twitter_kafka_pyspark_test.dm_events ......... [[32mCREATE TABLE (1.3k rows, 178.2 KiB processed)[0m in 3.13s]
[2023-06-23T00:29:33.358+0000] {subprocess.py:93} INFO - [0m00:29:33  1 of 4 OK created sql table model twitter_kafka_pyspark_test.distinct_data ..... [[32mCREATE TABLE (1.1k rows, 638.3 KiB processed)[0m in 3.34s]
[2023-06-23T00:29:33.882+0000] {subprocess.py:93} INFO - [0m00:29:33  4 of 4 OK created sql view model twitter_kafka_pyspark_test.my_second_dbt_model  [[32mCREATE VIEW (0 processed)[0m in 0.90s]
[2023-06-23T00:29:33.930+0000] {subprocess.py:93} INFO - [0m00:29:33
[2023-06-23T00:29:33.932+0000] {subprocess.py:93} INFO - [0m00:29:33  Finished running 3 table models, 1 view model in 0 hours 0 minutes and 4.77 seconds (4.77s).
[2023-06-23T00:29:33.955+0000] {subprocess.py:93} INFO - [0m00:29:33
[2023-06-23T00:29:33.957+0000] {subprocess.py:93} INFO - [0m00:29:33  [32mCompleted successfully[0m
[2023-06-23T00:29:33.959+0000] {subprocess.py:93} INFO - [0m00:29:33
[2023-06-23T00:29:33.961+0000] {subprocess.py:93} INFO - [0m00:29:33  Done. PASS=4 WARN=0 ERROR=0 SKIP=0 TOTAL=4
[2023-06-23T00:29:34.385+0000] {subprocess.py:97} INFO - Command exited with return code 0
[2023-06-23T00:29:34.408+0000] {taskinstance.py:1332} INFO - Marking task as SUCCESS. dag_id=showpulse_dbt_dag, task_id=dbt_run, execution_date=20230623T002822, start_date=20230623T002927, end_date=20230623T002934
[2023-06-23T00:29:34.451+0000] {local_task_job.py:212} INFO - Task exited with return code 0
[2023-06-23T00:29:34.464+0000] {taskinstance.py:2596} INFO - 0 downstream tasks scheduled from follow-on schedule check
