[2023-06-23T00:28:13.037+0000] {taskinstance.py:1090} INFO - Dependencies all met for dep_context=non-requeueable deps ti=<TaskInstance: showpulse_dbt_dag.dbt_run scheduled__2023-06-23T00:13:03.051155+00:00 [queued]>
[2023-06-23T00:28:13.044+0000] {taskinstance.py:1090} INFO - Dependencies all met for dep_context=requeueable deps ti=<TaskInstance: showpulse_dbt_dag.dbt_run scheduled__2023-06-23T00:13:03.051155+00:00 [queued]>
[2023-06-23T00:28:13.044+0000] {taskinstance.py:1288} INFO - 
--------------------------------------------------------------------------------
[2023-06-23T00:28:13.045+0000] {taskinstance.py:1289} INFO - Starting attempt 1 of 1
[2023-06-23T00:28:13.045+0000] {taskinstance.py:1290} INFO - 
--------------------------------------------------------------------------------
[2023-06-23T00:28:13.053+0000] {taskinstance.py:1309} INFO - Executing <Task(BashOperator): dbt_run> on 2023-06-23 00:13:03.051155+00:00
[2023-06-23T00:28:13.057+0000] {standard_task_runner.py:55} INFO - Started process 20005 to run task
[2023-06-23T00:28:13.061+0000] {standard_task_runner.py:82} INFO - Running: ['***', 'tasks', 'run', 'showpulse_dbt_dag', 'dbt_run', 'scheduled__2023-06-23T00:13:03.051155+00:00', '--job-id', '2298', '--raw', '--subdir', 'DAGS_FOLDER/dbt_run.py', '--cfg-path', '/tmp/tmpvtd1j_we']
[2023-06-23T00:28:13.062+0000] {standard_task_runner.py:83} INFO - Job 2298: Subtask dbt_run
[2023-06-23T00:28:13.121+0000] {task_command.py:389} INFO - Running <TaskInstance: showpulse_dbt_dag.dbt_run scheduled__2023-06-23T00:13:03.051155+00:00 [running]> on host 62cfed75eae1
[2023-06-23T00:28:13.175+0000] {taskinstance.py:1518} INFO - Exporting the following env vars:
AIRFLOW_CTX_DAG_OWNER=nburkett
AIRFLOW_CTX_DAG_ID=showpulse_dbt_dag
AIRFLOW_CTX_TASK_ID=dbt_run
AIRFLOW_CTX_EXECUTION_DATE=2023-06-23T00:13:03.051155+00:00
AIRFLOW_CTX_TRY_NUMBER=1
AIRFLOW_CTX_DAG_RUN_ID=scheduled__2023-06-23T00:13:03.051155+00:00
[2023-06-23T00:28:13.176+0000] {subprocess.py:63} INFO - Tmp dir root location: 
 /tmp
[2023-06-23T00:28:13.177+0000] {subprocess.py:75} INFO - Running command: ['/bin/bash', '-c', 'cd /dbt/ticketmaster_transformation && dbt run']
[2023-06-23T00:28:13.187+0000] {subprocess.py:86} INFO - Output:
[2023-06-23T00:28:14.521+0000] {subprocess.py:93} INFO - [0m00:28:14  Running with dbt=1.5.1
[2023-06-23T00:28:15.045+0000] {subprocess.py:93} INFO - [0m00:28:15  Found 4 models, 0 tests, 0 snapshots, 0 analyses, 356 macros, 0 operations, 0 seed files, 3 sources, 0 exposures, 0 metrics, 0 groups
[2023-06-23T00:28:15.047+0000] {subprocess.py:93} INFO - [0m00:28:15
[2023-06-23T00:28:17.068+0000] {subprocess.py:93} INFO - [0m00:28:17  Concurrency: 4 threads (target='dev')
[2023-06-23T00:28:17.073+0000] {subprocess.py:93} INFO - [0m00:28:17
[2023-06-23T00:28:17.092+0000] {subprocess.py:93} INFO - [0m00:28:17  1 of 4 START sql table model twitter_kafka_pyspark_test.distinct_data .......... [RUN]
[2023-06-23T00:28:17.095+0000] {subprocess.py:93} INFO - [0m00:28:17  2 of 4 START sql table model twitter_kafka_pyspark_test.dm_events .............. [RUN]
[2023-06-23T00:28:17.097+0000] {subprocess.py:93} INFO - [0m00:28:17  3 of 4 START sql table model twitter_kafka_pyspark_test.my_first_dbt_model ..... [RUN]
[2023-06-23T00:28:20.582+0000] {subprocess.py:93} INFO - [0m00:28:20  3 of 4 OK created sql table model twitter_kafka_pyspark_test.my_first_dbt_model  [[32mCREATE TABLE (2.0 rows, 0 processed)[0m in 3.48s]
[2023-06-23T00:28:20.588+0000] {subprocess.py:93} INFO - [0m00:28:20  4 of 4 START sql view model twitter_kafka_pyspark_test.my_second_dbt_model ..... [RUN]
[2023-06-23T00:28:20.605+0000] {subprocess.py:93} INFO - [0m00:28:20  2 of 4 OK created sql table model twitter_kafka_pyspark_test.dm_events ......... [[32mCREATE TABLE (1.3k rows, 178.2 KiB processed)[0m in 3.50s]
[2023-06-23T00:28:20.965+0000] {subprocess.py:93} INFO - [0m00:28:20  1 of 4 OK created sql table model twitter_kafka_pyspark_test.distinct_data ..... [[32mCREATE TABLE (1.1k rows, 638.3 KiB processed)[0m in 3.86s]
[2023-06-23T00:28:21.637+0000] {subprocess.py:93} INFO - [0m00:28:21  4 of 4 OK created sql view model twitter_kafka_pyspark_test.my_second_dbt_model  [[32mCREATE VIEW (0 processed)[0m in 1.04s]
[2023-06-23T00:28:21.699+0000] {subprocess.py:93} INFO - [0m00:28:21
[2023-06-23T00:28:21.702+0000] {subprocess.py:93} INFO - [0m00:28:21  Finished running 3 table models, 1 view model in 0 hours 0 minutes and 6.65 seconds (6.65s).
[2023-06-23T00:28:21.735+0000] {subprocess.py:93} INFO - [0m00:28:21
[2023-06-23T00:28:21.737+0000] {subprocess.py:93} INFO - [0m00:28:21  [32mCompleted successfully[0m
[2023-06-23T00:28:21.738+0000] {subprocess.py:93} INFO - [0m00:28:21
[2023-06-23T00:28:21.740+0000] {subprocess.py:93} INFO - [0m00:28:21  Done. PASS=4 WARN=0 ERROR=0 SKIP=0 TOTAL=4
[2023-06-23T00:28:22.218+0000] {subprocess.py:97} INFO - Command exited with return code 0
[2023-06-23T00:28:22.246+0000] {taskinstance.py:1332} INFO - Marking task as SUCCESS. dag_id=showpulse_dbt_dag, task_id=dbt_run, execution_date=20230623T001303, start_date=20230623T002813, end_date=20230623T002822
[2023-06-23T00:28:22.286+0000] {local_task_job.py:212} INFO - Task exited with return code 0
[2023-06-23T00:28:22.301+0000] {taskinstance.py:2596} INFO - 0 downstream tasks scheduled from follow-on schedule check
