[2023-06-22T21:03:01.124+0000] {taskinstance.py:1090} INFO - Dependencies all met for dep_context=non-requeueable deps ti=<TaskInstance: showpulse_dbt_dag.dbt_run scheduled__2023-06-22T21:01:57.282509+00:00 [queued]>
[2023-06-22T21:03:01.130+0000] {taskinstance.py:1090} INFO - Dependencies all met for dep_context=requeueable deps ti=<TaskInstance: showpulse_dbt_dag.dbt_run scheduled__2023-06-22T21:01:57.282509+00:00 [queued]>
[2023-06-22T21:03:01.130+0000] {taskinstance.py:1288} INFO - 
--------------------------------------------------------------------------------
[2023-06-22T21:03:01.131+0000] {taskinstance.py:1289} INFO - Starting attempt 1 of 1
[2023-06-22T21:03:01.131+0000] {taskinstance.py:1290} INFO - 
--------------------------------------------------------------------------------
[2023-06-22T21:03:01.139+0000] {taskinstance.py:1309} INFO - Executing <Task(BashOperator): dbt_run> on 2023-06-22 21:01:57.282509+00:00
[2023-06-22T21:03:01.142+0000] {standard_task_runner.py:55} INFO - Started process 18332 to run task
[2023-06-22T21:03:01.145+0000] {standard_task_runner.py:82} INFO - Running: ['***', 'tasks', 'run', 'showpulse_dbt_dag', 'dbt_run', 'scheduled__2023-06-22T21:01:57.282509+00:00', '--job-id', '2118', '--raw', '--subdir', 'DAGS_FOLDER/dbt_run.py', '--cfg-path', '/tmp/tmpcpn3d67k']
[2023-06-22T21:03:01.146+0000] {standard_task_runner.py:83} INFO - Job 2118: Subtask dbt_run
[2023-06-22T21:03:01.201+0000] {task_command.py:389} INFO - Running <TaskInstance: showpulse_dbt_dag.dbt_run scheduled__2023-06-22T21:01:57.282509+00:00 [running]> on host 62cfed75eae1
[2023-06-22T21:03:01.251+0000] {taskinstance.py:1518} INFO - Exporting the following env vars:
AIRFLOW_CTX_DAG_OWNER=nburkett
AIRFLOW_CTX_DAG_ID=showpulse_dbt_dag
AIRFLOW_CTX_TASK_ID=dbt_run
AIRFLOW_CTX_EXECUTION_DATE=2023-06-22T21:01:57.282509+00:00
AIRFLOW_CTX_TRY_NUMBER=1
AIRFLOW_CTX_DAG_RUN_ID=scheduled__2023-06-22T21:01:57.282509+00:00
[2023-06-22T21:03:01.253+0000] {subprocess.py:63} INFO - Tmp dir root location: 
 /tmp
[2023-06-22T21:03:01.254+0000] {subprocess.py:75} INFO - Running command: ['/bin/bash', '-c', 'cd /dbt/ticketmaster_transformation && dbt run']
[2023-06-22T21:03:01.262+0000] {subprocess.py:86} INFO - Output:
[2023-06-22T21:03:02.501+0000] {subprocess.py:93} INFO - [0m21:03:02  Running with dbt=1.5.1
[2023-06-22T21:03:02.965+0000] {subprocess.py:93} INFO - [0m21:03:02  Found 4 models, 0 tests, 0 snapshots, 0 analyses, 356 macros, 0 operations, 0 seed files, 3 sources, 0 exposures, 0 metrics, 0 groups
[2023-06-22T21:03:02.968+0000] {subprocess.py:93} INFO - [0m21:03:02
[2023-06-22T21:03:03.672+0000] {subprocess.py:93} INFO - [0m21:03:03  Concurrency: 4 threads (target='dev')
[2023-06-22T21:03:03.675+0000] {subprocess.py:93} INFO - [0m21:03:03
[2023-06-22T21:03:03.690+0000] {subprocess.py:93} INFO - [0m21:03:03  1 of 4 START sql table model twitter_kafka_pyspark_test.distinct_data .......... [RUN]
[2023-06-22T21:03:03.693+0000] {subprocess.py:93} INFO - [0m21:03:03  2 of 4 START sql table model twitter_kafka_pyspark_test.dm_events .............. [RUN]
[2023-06-22T21:03:03.695+0000] {subprocess.py:93} INFO - [0m21:03:03  3 of 4 START sql table model twitter_kafka_pyspark_test.my_first_dbt_model ..... [RUN]
[2023-06-22T21:03:09.182+0000] {subprocess.py:93} INFO - [0m21:03:09  1 of 4 OK created sql table model twitter_kafka_pyspark_test.distinct_data ..... [[32mCREATE TABLE (1.1k rows, 638.3 KiB processed)[0m in 5.48s]
[2023-06-22T21:03:09.250+0000] {subprocess.py:93} INFO - [0m21:03:09  3 of 4 OK created sql table model twitter_kafka_pyspark_test.my_first_dbt_model  [[32mCREATE TABLE (2.0 rows, 0 processed)[0m in 5.55s]
[2023-06-22T21:03:09.255+0000] {subprocess.py:93} INFO - [0m21:03:09  4 of 4 START sql view model twitter_kafka_pyspark_test.my_second_dbt_model ..... [RUN]
[2023-06-22T21:03:10.077+0000] {subprocess.py:93} INFO - [0m21:03:10  2 of 4 OK created sql table model twitter_kafka_pyspark_test.dm_events ......... [[32mCREATE TABLE (1.3k rows, 178.2 KiB processed)[0m in 6.37s]
[2023-06-22T21:03:10.130+0000] {subprocess.py:93} INFO - [0m21:03:10  4 of 4 OK created sql view model twitter_kafka_pyspark_test.my_second_dbt_model  [[32mCREATE VIEW (0 processed)[0m in 0.87s]
[2023-06-22T21:03:10.231+0000] {subprocess.py:93} INFO - [0m21:03:10
[2023-06-22T21:03:10.233+0000] {subprocess.py:93} INFO - [0m21:03:10  Finished running 3 table models, 1 view model in 0 hours 0 minutes and 7.26 seconds (7.26s).
[2023-06-22T21:03:10.256+0000] {subprocess.py:93} INFO - [0m21:03:10
[2023-06-22T21:03:10.258+0000] {subprocess.py:93} INFO - [0m21:03:10  [32mCompleted successfully[0m
[2023-06-22T21:03:10.260+0000] {subprocess.py:93} INFO - [0m21:03:10
[2023-06-22T21:03:10.262+0000] {subprocess.py:93} INFO - [0m21:03:10  Done. PASS=4 WARN=0 ERROR=0 SKIP=0 TOTAL=4
[2023-06-22T21:03:10.791+0000] {subprocess.py:97} INFO - Command exited with return code 0
[2023-06-22T21:03:10.822+0000] {taskinstance.py:1332} INFO - Marking task as SUCCESS. dag_id=showpulse_dbt_dag, task_id=dbt_run, execution_date=20230622T210157, start_date=20230622T210301, end_date=20230622T210310
[2023-06-22T21:03:10.870+0000] {local_task_job.py:212} INFO - Task exited with return code 0
[2023-06-22T21:03:10.888+0000] {taskinstance.py:2596} INFO - 0 downstream tasks scheduled from follow-on schedule check
