[2023-06-22T22:46:01.756+0000] {taskinstance.py:1090} INFO - Dependencies all met for dep_context=non-requeueable deps ti=<TaskInstance: showpulse_dbt_dag.dbt_run scheduled__2023-06-22T22:44:54.378075+00:00 [queued]>
[2023-06-22T22:46:01.763+0000] {taskinstance.py:1090} INFO - Dependencies all met for dep_context=requeueable deps ti=<TaskInstance: showpulse_dbt_dag.dbt_run scheduled__2023-06-22T22:44:54.378075+00:00 [queued]>
[2023-06-22T22:46:01.763+0000] {taskinstance.py:1288} INFO - 
--------------------------------------------------------------------------------
[2023-06-22T22:46:01.764+0000] {taskinstance.py:1289} INFO - Starting attempt 1 of 1
[2023-06-22T22:46:01.764+0000] {taskinstance.py:1290} INFO - 
--------------------------------------------------------------------------------
[2023-06-22T22:46:01.772+0000] {taskinstance.py:1309} INFO - Executing <Task(BashOperator): dbt_run> on 2023-06-22 22:44:54.378075+00:00
[2023-06-22T22:46:01.776+0000] {standard_task_runner.py:55} INFO - Started process 18915 to run task
[2023-06-22T22:46:01.779+0000] {standard_task_runner.py:82} INFO - Running: ['***', 'tasks', 'run', 'showpulse_dbt_dag', 'dbt_run', 'scheduled__2023-06-22T22:44:54.378075+00:00', '--job-id', '2182', '--raw', '--subdir', 'DAGS_FOLDER/dbt_run.py', '--cfg-path', '/tmp/tmpy1jpxzxf']
[2023-06-22T22:46:01.780+0000] {standard_task_runner.py:83} INFO - Job 2182: Subtask dbt_run
[2023-06-22T22:46:01.837+0000] {task_command.py:389} INFO - Running <TaskInstance: showpulse_dbt_dag.dbt_run scheduled__2023-06-22T22:44:54.378075+00:00 [running]> on host 62cfed75eae1
[2023-06-22T22:46:01.887+0000] {taskinstance.py:1518} INFO - Exporting the following env vars:
AIRFLOW_CTX_DAG_OWNER=nburkett
AIRFLOW_CTX_DAG_ID=showpulse_dbt_dag
AIRFLOW_CTX_TASK_ID=dbt_run
AIRFLOW_CTX_EXECUTION_DATE=2023-06-22T22:44:54.378075+00:00
AIRFLOW_CTX_TRY_NUMBER=1
AIRFLOW_CTX_DAG_RUN_ID=scheduled__2023-06-22T22:44:54.378075+00:00
[2023-06-22T22:46:01.888+0000] {subprocess.py:63} INFO - Tmp dir root location: 
 /tmp
[2023-06-22T22:46:01.889+0000] {subprocess.py:75} INFO - Running command: ['/bin/bash', '-c', 'cd /dbt/ticketmaster_transformation && dbt run']
[2023-06-22T22:46:01.897+0000] {subprocess.py:86} INFO - Output:
[2023-06-22T22:46:03.100+0000] {subprocess.py:93} INFO - [0m22:46:03  Running with dbt=1.5.1
[2023-06-22T22:46:03.552+0000] {subprocess.py:93} INFO - [0m22:46:03  Found 4 models, 0 tests, 0 snapshots, 0 analyses, 356 macros, 0 operations, 0 seed files, 3 sources, 0 exposures, 0 metrics, 0 groups
[2023-06-22T22:46:03.555+0000] {subprocess.py:93} INFO - [0m22:46:03
[2023-06-22T22:46:04.127+0000] {subprocess.py:93} INFO - [0m22:46:04  Concurrency: 4 threads (target='dev')
[2023-06-22T22:46:04.129+0000] {subprocess.py:93} INFO - [0m22:46:04
[2023-06-22T22:46:04.136+0000] {subprocess.py:93} INFO - [0m22:46:04  1 of 4 START sql table model twitter_kafka_pyspark_test.distinct_data .......... [RUN]
[2023-06-22T22:46:04.139+0000] {subprocess.py:93} INFO - [0m22:46:04  3 of 4 START sql table model twitter_kafka_pyspark_test.my_first_dbt_model ..... [RUN]
[2023-06-22T22:46:04.143+0000] {subprocess.py:93} INFO - [0m22:46:04  2 of 4 START sql table model twitter_kafka_pyspark_test.dm_events .............. [RUN]
[2023-06-22T22:46:06.873+0000] {subprocess.py:93} INFO - [0m22:46:06  3 of 4 OK created sql table model twitter_kafka_pyspark_test.my_first_dbt_model  [[32mCREATE TABLE (2.0 rows, 0 processed)[0m in 2.73s]
[2023-06-22T22:46:06.877+0000] {subprocess.py:93} INFO - [0m22:46:06  4 of 4 START sql view model twitter_kafka_pyspark_test.my_second_dbt_model ..... [RUN]
[2023-06-22T22:46:06.976+0000] {subprocess.py:93} INFO - [0m22:46:06  2 of 4 OK created sql table model twitter_kafka_pyspark_test.dm_events ......... [[32mCREATE TABLE (1.3k rows, 178.2 KiB processed)[0m in 2.83s]
[2023-06-22T22:46:07.196+0000] {subprocess.py:93} INFO - [0m22:46:07  1 of 4 OK created sql table model twitter_kafka_pyspark_test.distinct_data ..... [[32mCREATE TABLE (1.1k rows, 638.3 KiB processed)[0m in 3.06s]
[2023-06-22T22:46:08.169+0000] {subprocess.py:93} INFO - [0m22:46:08  4 of 4 OK created sql view model twitter_kafka_pyspark_test.my_second_dbt_model  [[32mCREATE VIEW (0 processed)[0m in 1.29s]
[2023-06-22T22:46:08.224+0000] {subprocess.py:93} INFO - [0m22:46:08
[2023-06-22T22:46:08.225+0000] {subprocess.py:93} INFO - [0m22:46:08  Finished running 3 table models, 1 view model in 0 hours 0 minutes and 4.67 seconds (4.67s).
[2023-06-22T22:46:08.243+0000] {subprocess.py:93} INFO - [0m22:46:08
[2023-06-22T22:46:08.244+0000] {subprocess.py:93} INFO - [0m22:46:08  [32mCompleted successfully[0m
[2023-06-22T22:46:08.245+0000] {subprocess.py:93} INFO - [0m22:46:08
[2023-06-22T22:46:08.246+0000] {subprocess.py:93} INFO - [0m22:46:08  Done. PASS=4 WARN=0 ERROR=0 SKIP=0 TOTAL=4
[2023-06-22T22:46:08.640+0000] {subprocess.py:97} INFO - Command exited with return code 0
[2023-06-22T22:46:08.664+0000] {taskinstance.py:1332} INFO - Marking task as SUCCESS. dag_id=showpulse_dbt_dag, task_id=dbt_run, execution_date=20230622T224454, start_date=20230622T224601, end_date=20230622T224608
[2023-06-22T22:46:08.709+0000] {local_task_job.py:212} INFO - Task exited with return code 0
[2023-06-22T22:46:08.723+0000] {taskinstance.py:2596} INFO - 0 downstream tasks scheduled from follow-on schedule check
