[2023-06-22T02:35:32.768+0000] {taskinstance.py:1090} INFO - Dependencies all met for dep_context=non-requeueable deps ti=<TaskInstance: showpulse_dbt_dag.dbt_run scheduled__2023-06-22T02:34:28.440116+00:00 [queued]>
[2023-06-22T02:35:32.778+0000] {taskinstance.py:1090} INFO - Dependencies all met for dep_context=requeueable deps ti=<TaskInstance: showpulse_dbt_dag.dbt_run scheduled__2023-06-22T02:34:28.440116+00:00 [queued]>
[2023-06-22T02:35:32.778+0000] {taskinstance.py:1288} INFO - 
--------------------------------------------------------------------------------
[2023-06-22T02:35:32.779+0000] {taskinstance.py:1289} INFO - Starting attempt 1 of 1
[2023-06-22T02:35:32.780+0000] {taskinstance.py:1290} INFO - 
--------------------------------------------------------------------------------
[2023-06-22T02:35:32.790+0000] {taskinstance.py:1309} INFO - Executing <Task(BashOperator): dbt_run> on 2023-06-22 02:34:28.440116+00:00
[2023-06-22T02:35:32.795+0000] {standard_task_runner.py:55} INFO - Started process 13151 to run task
[2023-06-22T02:35:32.799+0000] {standard_task_runner.py:82} INFO - Running: ['***', 'tasks', 'run', 'showpulse_dbt_dag', 'dbt_run', 'scheduled__2023-06-22T02:34:28.440116+00:00', '--job-id', '1598', '--raw', '--subdir', 'DAGS_FOLDER/dbt_run.py', '--cfg-path', '/tmp/tmpctgeixgv']
[2023-06-22T02:35:32.800+0000] {standard_task_runner.py:83} INFO - Job 1598: Subtask dbt_run
[2023-06-22T02:35:32.875+0000] {task_command.py:389} INFO - Running <TaskInstance: showpulse_dbt_dag.dbt_run scheduled__2023-06-22T02:34:28.440116+00:00 [running]> on host 62cfed75eae1
[2023-06-22T02:35:32.939+0000] {taskinstance.py:1518} INFO - Exporting the following env vars:
AIRFLOW_CTX_DAG_OWNER=nburkett
AIRFLOW_CTX_DAG_ID=showpulse_dbt_dag
AIRFLOW_CTX_TASK_ID=dbt_run
AIRFLOW_CTX_EXECUTION_DATE=2023-06-22T02:34:28.440116+00:00
AIRFLOW_CTX_TRY_NUMBER=1
AIRFLOW_CTX_DAG_RUN_ID=scheduled__2023-06-22T02:34:28.440116+00:00
[2023-06-22T02:35:32.942+0000] {subprocess.py:63} INFO - Tmp dir root location: 
 /tmp
[2023-06-22T02:35:32.943+0000] {subprocess.py:75} INFO - Running command: ['/bin/bash', '-c', 'cd /dbt/ticketmaster_transformation && dbt run']
[2023-06-22T02:35:32.953+0000] {subprocess.py:86} INFO - Output:
[2023-06-22T02:35:34.441+0000] {subprocess.py:93} INFO - [0m02:35:34  Running with dbt=1.5.1
[2023-06-22T02:35:35.014+0000] {subprocess.py:93} INFO - [0m02:35:35  Found 4 models, 0 tests, 0 snapshots, 0 analyses, 356 macros, 0 operations, 0 seed files, 3 sources, 0 exposures, 0 metrics, 0 groups
[2023-06-22T02:35:35.018+0000] {subprocess.py:93} INFO - [0m02:35:35
[2023-06-22T02:35:35.689+0000] {subprocess.py:93} INFO - [0m02:35:35  Concurrency: 4 threads (target='dev')
[2023-06-22T02:35:35.691+0000] {subprocess.py:93} INFO - [0m02:35:35
[2023-06-22T02:35:35.704+0000] {subprocess.py:93} INFO - [0m02:35:35  1 of 4 START sql table model twitter_kafka_pyspark_test.distinct_data .......... [RUN]
[2023-06-22T02:35:35.706+0000] {subprocess.py:93} INFO - [0m02:35:35  2 of 4 START sql table model twitter_kafka_pyspark_test.dm_events .............. [RUN]
[2023-06-22T02:35:35.708+0000] {subprocess.py:93} INFO - [0m02:35:35  3 of 4 START sql table model twitter_kafka_pyspark_test.my_first_dbt_model ..... [RUN]
[2023-06-22T02:35:38.422+0000] {subprocess.py:93} INFO - [0m02:35:38  3 of 4 OK created sql table model twitter_kafka_pyspark_test.my_first_dbt_model  [[32mCREATE TABLE (2.0 rows, 0 processed)[0m in 2.70s]
[2023-06-22T02:35:38.424+0000] {subprocess.py:93} INFO - [0m02:35:38  2 of 4 OK created sql table model twitter_kafka_pyspark_test.dm_events ......... [[32mCREATE TABLE (1.3k rows, 178.2 KiB processed)[0m in 2.71s]
[2023-06-22T02:35:38.431+0000] {subprocess.py:93} INFO - [0m02:35:38  4 of 4 START sql view model twitter_kafka_pyspark_test.my_second_dbt_model ..... [RUN]
[2023-06-22T02:35:38.570+0000] {subprocess.py:93} INFO - [0m02:35:38  1 of 4 OK created sql table model twitter_kafka_pyspark_test.distinct_data ..... [[32mCREATE TABLE (1.1k rows, 638.3 KiB processed)[0m in 2.86s]
[2023-06-22T02:35:39.129+0000] {subprocess.py:93} INFO - [0m02:35:39  4 of 4 OK created sql view model twitter_kafka_pyspark_test.my_second_dbt_model  [[32mCREATE VIEW (0 processed)[0m in 0.69s]
[2023-06-22T02:35:39.171+0000] {subprocess.py:93} INFO - [0m02:35:39
[2023-06-22T02:35:39.173+0000] {subprocess.py:93} INFO - [0m02:35:39  Finished running 3 table models, 1 view model in 0 hours 0 minutes and 4.15 seconds (4.15s).
[2023-06-22T02:35:39.200+0000] {subprocess.py:93} INFO - [0m02:35:39
[2023-06-22T02:35:39.202+0000] {subprocess.py:93} INFO - [0m02:35:39  [32mCompleted successfully[0m
[2023-06-22T02:35:39.204+0000] {subprocess.py:93} INFO - [0m02:35:39
[2023-06-22T02:35:39.206+0000] {subprocess.py:93} INFO - [0m02:35:39  Done. PASS=4 WARN=0 ERROR=0 SKIP=0 TOTAL=4
[2023-06-22T02:35:39.674+0000] {subprocess.py:97} INFO - Command exited with return code 0
[2023-06-22T02:35:39.701+0000] {taskinstance.py:1332} INFO - Marking task as SUCCESS. dag_id=showpulse_dbt_dag, task_id=dbt_run, execution_date=20230622T023428, start_date=20230622T023532, end_date=20230622T023539
[2023-06-22T02:35:39.734+0000] {local_task_job.py:212} INFO - Task exited with return code 0
[2023-06-22T02:35:39.750+0000] {taskinstance.py:2596} INFO - 0 downstream tasks scheduled from follow-on schedule check
