[2023-06-21T00:45:47.439+0000] {taskinstance.py:1090} INFO - Dependencies all met for dep_context=non-requeueable deps ti=<TaskInstance: showpulse_dbt_dag.dbt_run scheduled__2023-06-21T00:44:43.539608+00:00 [queued]>
[2023-06-21T00:45:47.445+0000] {taskinstance.py:1090} INFO - Dependencies all met for dep_context=requeueable deps ti=<TaskInstance: showpulse_dbt_dag.dbt_run scheduled__2023-06-21T00:44:43.539608+00:00 [queued]>
[2023-06-21T00:45:47.445+0000] {taskinstance.py:1288} INFO - 
--------------------------------------------------------------------------------
[2023-06-21T00:45:47.446+0000] {taskinstance.py:1289} INFO - Starting attempt 1 of 1
[2023-06-21T00:45:47.446+0000] {taskinstance.py:1290} INFO - 
--------------------------------------------------------------------------------
[2023-06-21T00:45:47.454+0000] {taskinstance.py:1309} INFO - Executing <Task(BashOperator): dbt_run> on 2023-06-21 00:44:43.539608+00:00
[2023-06-21T00:45:47.458+0000] {standard_task_runner.py:55} INFO - Started process 1244 to run task
[2023-06-21T00:45:47.461+0000] {standard_task_runner.py:82} INFO - Running: ['***', 'tasks', 'run', 'showpulse_dbt_dag', 'dbt_run', 'scheduled__2023-06-21T00:44:43.539608+00:00', '--job-id', '478', '--raw', '--subdir', 'DAGS_FOLDER/dbt_run.py', '--cfg-path', '/tmp/tmp0nub1ws0']
[2023-06-21T00:45:47.462+0000] {standard_task_runner.py:83} INFO - Job 478: Subtask dbt_run
[2023-06-21T00:45:47.515+0000] {task_command.py:389} INFO - Running <TaskInstance: showpulse_dbt_dag.dbt_run scheduled__2023-06-21T00:44:43.539608+00:00 [running]> on host 62cfed75eae1
[2023-06-21T00:45:47.565+0000] {taskinstance.py:1518} INFO - Exporting the following env vars:
AIRFLOW_CTX_DAG_OWNER=nburkett
AIRFLOW_CTX_DAG_ID=showpulse_dbt_dag
AIRFLOW_CTX_TASK_ID=dbt_run
AIRFLOW_CTX_EXECUTION_DATE=2023-06-21T00:44:43.539608+00:00
AIRFLOW_CTX_TRY_NUMBER=1
AIRFLOW_CTX_DAG_RUN_ID=scheduled__2023-06-21T00:44:43.539608+00:00
[2023-06-21T00:45:47.566+0000] {subprocess.py:63} INFO - Tmp dir root location: 
 /tmp
[2023-06-21T00:45:47.567+0000] {subprocess.py:75} INFO - Running command: ['/bin/bash', '-c', 'cd /dbt/ticketmaster_transformation && dbt run']
[2023-06-21T00:45:47.576+0000] {subprocess.py:86} INFO - Output:
[2023-06-21T00:45:48.788+0000] {subprocess.py:93} INFO - [0m00:45:48  Running with dbt=1.5.1
[2023-06-21T00:45:49.243+0000] {subprocess.py:93} INFO - [0m00:45:49  Found 4 models, 0 tests, 0 snapshots, 0 analyses, 356 macros, 0 operations, 0 seed files, 3 sources, 0 exposures, 0 metrics, 0 groups
[2023-06-21T00:45:49.246+0000] {subprocess.py:93} INFO - [0m00:45:49
[2023-06-21T00:45:50.088+0000] {subprocess.py:93} INFO - [0m00:45:50  Concurrency: 4 threads (target='dev')
[2023-06-21T00:45:50.092+0000] {subprocess.py:93} INFO - [0m00:45:50
[2023-06-21T00:45:50.110+0000] {subprocess.py:93} INFO - [0m00:45:50  1 of 4 START sql table model twitter_kafka_pyspark_test.distinct_data .......... [RUN]
[2023-06-21T00:45:50.112+0000] {subprocess.py:93} INFO - [0m00:45:50  2 of 4 START sql table model twitter_kafka_pyspark_test.dm_events .............. [RUN]
[2023-06-21T00:45:50.115+0000] {subprocess.py:93} INFO - [0m00:45:50  3 of 4 START sql table model twitter_kafka_pyspark_test.my_first_dbt_model ..... [RUN]
[2023-06-21T00:45:53.276+0000] {subprocess.py:93} INFO - [0m00:45:53  3 of 4 OK created sql table model twitter_kafka_pyspark_test.my_first_dbt_model  [[32mCREATE TABLE (2.0 rows, 0 processed)[0m in 3.15s]
[2023-06-21T00:45:53.282+0000] {subprocess.py:93} INFO - [0m00:45:53  4 of 4 START sql view model twitter_kafka_pyspark_test.my_second_dbt_model ..... [RUN]
[2023-06-21T00:45:53.530+0000] {subprocess.py:93} INFO - [0m00:45:53  1 of 4 OK created sql table model twitter_kafka_pyspark_test.distinct_data ..... [[32mCREATE TABLE (1.1k rows, 638.3 KiB processed)[0m in 3.41s]
[2023-06-21T00:45:53.849+0000] {subprocess.py:93} INFO - [0m00:45:53  2 of 4 OK created sql table model twitter_kafka_pyspark_test.dm_events ......... [[32mCREATE TABLE (1.3k rows, 178.2 KiB processed)[0m in 3.72s]
[2023-06-21T00:45:54.304+0000] {subprocess.py:93} INFO - [0m00:45:54  4 of 4 OK created sql view model twitter_kafka_pyspark_test.my_second_dbt_model  [[32mCREATE VIEW (0 processed)[0m in 1.02s]
[2023-06-21T00:45:54.393+0000] {subprocess.py:93} INFO - [0m00:45:54
[2023-06-21T00:45:54.394+0000] {subprocess.py:93} INFO - [0m00:45:54  Finished running 3 table models, 1 view model in 0 hours 0 minutes and 5.15 seconds (5.15s).
[2023-06-21T00:45:54.410+0000] {subprocess.py:93} INFO - [0m00:45:54
[2023-06-21T00:45:54.411+0000] {subprocess.py:93} INFO - [0m00:45:54  [32mCompleted successfully[0m
[2023-06-21T00:45:54.412+0000] {subprocess.py:93} INFO - [0m00:45:54
[2023-06-21T00:45:54.413+0000] {subprocess.py:93} INFO - [0m00:45:54  Done. PASS=4 WARN=0 ERROR=0 SKIP=0 TOTAL=4
[2023-06-21T00:45:54.880+0000] {subprocess.py:97} INFO - Command exited with return code 0
[2023-06-21T00:45:54.902+0000] {taskinstance.py:1332} INFO - Marking task as SUCCESS. dag_id=showpulse_dbt_dag, task_id=dbt_run, execution_date=20230621T004443, start_date=20230621T004547, end_date=20230621T004554
[2023-06-21T00:45:54.923+0000] {local_task_job.py:212} INFO - Task exited with return code 0
[2023-06-21T00:45:54.936+0000] {taskinstance.py:2596} INFO - 0 downstream tasks scheduled from follow-on schedule check
