[2023-06-23T00:41:26.793+0000] {taskinstance.py:1090} INFO - Dependencies all met for dep_context=non-requeueable deps ti=<TaskInstance: showpulse_dbt_dag.dbt_run scheduled__2023-06-23T00:40:22.829752+00:00 [queued]>
[2023-06-23T00:41:26.799+0000] {taskinstance.py:1090} INFO - Dependencies all met for dep_context=requeueable deps ti=<TaskInstance: showpulse_dbt_dag.dbt_run scheduled__2023-06-23T00:40:22.829752+00:00 [queued]>
[2023-06-23T00:41:26.800+0000] {taskinstance.py:1288} INFO - 
--------------------------------------------------------------------------------
[2023-06-23T00:41:26.800+0000] {taskinstance.py:1289} INFO - Starting attempt 1 of 1
[2023-06-23T00:41:26.801+0000] {taskinstance.py:1290} INFO - 
--------------------------------------------------------------------------------
[2023-06-23T00:41:26.809+0000] {taskinstance.py:1309} INFO - Executing <Task(BashOperator): dbt_run> on 2023-06-23 00:40:22.829752+00:00
[2023-06-23T00:41:26.813+0000] {standard_task_runner.py:55} INFO - Started process 20684 to run task
[2023-06-23T00:41:26.816+0000] {standard_task_runner.py:82} INFO - Running: ['***', 'tasks', 'run', 'showpulse_dbt_dag', 'dbt_run', 'scheduled__2023-06-23T00:40:22.829752+00:00', '--job-id', '2354', '--raw', '--subdir', 'DAGS_FOLDER/dbt_run.py', '--cfg-path', '/tmp/tmp8gq556qy']
[2023-06-23T00:41:26.817+0000] {standard_task_runner.py:83} INFO - Job 2354: Subtask dbt_run
[2023-06-23T00:41:26.869+0000] {task_command.py:389} INFO - Running <TaskInstance: showpulse_dbt_dag.dbt_run scheduled__2023-06-23T00:40:22.829752+00:00 [running]> on host 62cfed75eae1
[2023-06-23T00:41:26.919+0000] {taskinstance.py:1518} INFO - Exporting the following env vars:
AIRFLOW_CTX_DAG_OWNER=nburkett
AIRFLOW_CTX_DAG_ID=showpulse_dbt_dag
AIRFLOW_CTX_TASK_ID=dbt_run
AIRFLOW_CTX_EXECUTION_DATE=2023-06-23T00:40:22.829752+00:00
AIRFLOW_CTX_TRY_NUMBER=1
AIRFLOW_CTX_DAG_RUN_ID=scheduled__2023-06-23T00:40:22.829752+00:00
[2023-06-23T00:41:26.921+0000] {subprocess.py:63} INFO - Tmp dir root location: 
 /tmp
[2023-06-23T00:41:26.929+0000] {subprocess.py:75} INFO - Running command: ['/bin/bash', '-c', 'cd /dbt/ticketmaster_transformation && dbt run']
[2023-06-23T00:41:26.937+0000] {subprocess.py:86} INFO - Output:
[2023-06-23T00:41:28.197+0000] {subprocess.py:93} INFO - [0m00:41:28  Running with dbt=1.5.1
[2023-06-23T00:41:28.701+0000] {subprocess.py:93} INFO - [0m00:41:28  Found 4 models, 0 tests, 0 snapshots, 0 analyses, 356 macros, 0 operations, 0 seed files, 3 sources, 0 exposures, 0 metrics, 0 groups
[2023-06-23T00:41:28.704+0000] {subprocess.py:93} INFO - [0m00:41:28
[2023-06-23T00:41:29.524+0000] {subprocess.py:93} INFO - [0m00:41:29  Concurrency: 4 threads (target='dev')
[2023-06-23T00:41:29.528+0000] {subprocess.py:93} INFO - [0m00:41:29
[2023-06-23T00:41:29.545+0000] {subprocess.py:93} INFO - [0m00:41:29  1 of 4 START sql table model twitter_kafka_pyspark_test.distinct_data .......... [RUN]
[2023-06-23T00:41:29.548+0000] {subprocess.py:93} INFO - [0m00:41:29  2 of 4 START sql table model twitter_kafka_pyspark_test.dm_events .............. [RUN]
[2023-06-23T00:41:29.550+0000] {subprocess.py:93} INFO - [0m00:41:29  3 of 4 START sql table model twitter_kafka_pyspark_test.my_first_dbt_model ..... [RUN]
[2023-06-23T00:41:32.386+0000] {subprocess.py:93} INFO - [0m00:41:32  3 of 4 OK created sql table model twitter_kafka_pyspark_test.my_first_dbt_model  [[32mCREATE TABLE (2.0 rows, 0 processed)[0m in 2.83s]
[2023-06-23T00:41:32.401+0000] {subprocess.py:93} INFO - [0m00:41:32  4 of 4 START sql view model twitter_kafka_pyspark_test.my_second_dbt_model ..... [RUN]
[2023-06-23T00:41:32.549+0000] {subprocess.py:93} INFO - [0m00:41:32  1 of 4 OK created sql table model twitter_kafka_pyspark_test.distinct_data ..... [[32mCREATE TABLE (1.1k rows, 638.3 KiB processed)[0m in 3.00s]
[2023-06-23T00:41:32.557+0000] {subprocess.py:93} INFO - [0m00:41:32  2 of 4 OK created sql table model twitter_kafka_pyspark_test.dm_events ......... [[32mCREATE TABLE (1.3k rows, 178.2 KiB processed)[0m in 3.00s]
[2023-06-23T00:41:33.297+0000] {subprocess.py:93} INFO - [0m00:41:33  4 of 4 OK created sql view model twitter_kafka_pyspark_test.my_second_dbt_model  [[32mCREATE VIEW (0 processed)[0m in 0.89s]
[2023-06-23T00:41:33.321+0000] {subprocess.py:93} INFO - [0m00:41:33
[2023-06-23T00:41:33.322+0000] {subprocess.py:93} INFO - [0m00:41:33  Finished running 3 table models, 1 view model in 0 hours 0 minutes and 4.62 seconds (4.62s).
[2023-06-23T00:41:33.340+0000] {subprocess.py:93} INFO - [0m00:41:33
[2023-06-23T00:41:33.341+0000] {subprocess.py:93} INFO - [0m00:41:33  [32mCompleted successfully[0m
[2023-06-23T00:41:33.342+0000] {subprocess.py:93} INFO - [0m00:41:33
[2023-06-23T00:41:33.344+0000] {subprocess.py:93} INFO - [0m00:41:33  Done. PASS=4 WARN=0 ERROR=0 SKIP=0 TOTAL=4
[2023-06-23T00:41:33.795+0000] {subprocess.py:97} INFO - Command exited with return code 0
[2023-06-23T00:41:33.819+0000] {taskinstance.py:1332} INFO - Marking task as SUCCESS. dag_id=showpulse_dbt_dag, task_id=dbt_run, execution_date=20230623T004022, start_date=20230623T004126, end_date=20230623T004133
[2023-06-23T00:41:33.878+0000] {local_task_job.py:212} INFO - Task exited with return code 0
[2023-06-23T00:41:33.892+0000] {taskinstance.py:2596} INFO - 0 downstream tasks scheduled from follow-on schedule check
