[2023-06-13T00:03:39.219+0000] {taskinstance.py:1090} INFO - Dependencies all met for dep_context=non-requeueable deps ti=<TaskInstance: ny_taxi_local.upload_data_to_GCS_Lake.local_to_gcs scheduled__2023-06-12T00:00:00+00:00 [queued]>
[2023-06-13T00:03:39.225+0000] {taskinstance.py:1090} INFO - Dependencies all met for dep_context=requeueable deps ti=<TaskInstance: ny_taxi_local.upload_data_to_GCS_Lake.local_to_gcs scheduled__2023-06-12T00:00:00+00:00 [queued]>
[2023-06-13T00:03:39.226+0000] {taskinstance.py:1288} INFO - 
--------------------------------------------------------------------------------
[2023-06-13T00:03:39.226+0000] {taskinstance.py:1289} INFO - Starting attempt 1 of 1
[2023-06-13T00:03:39.226+0000] {taskinstance.py:1290} INFO - 
--------------------------------------------------------------------------------
[2023-06-13T00:03:39.235+0000] {taskinstance.py:1309} INFO - Executing <Task(_PythonDecoratedOperator): upload_data_to_GCS_Lake.local_to_gcs> on 2023-06-12 00:00:00+00:00
[2023-06-13T00:03:39.239+0000] {standard_task_runner.py:55} INFO - Started process 67 to run task
[2023-06-13T00:03:39.242+0000] {standard_task_runner.py:82} INFO - Running: ['***', 'tasks', 'run', 'ny_taxi_local', 'upload_data_to_GCS_Lake.local_to_gcs', 'scheduled__2023-06-12T00:00:00+00:00', '--job-id', '248', '--raw', '--subdir', 'DAGS_FOLDER/fetch_and_upload.py', '--cfg-path', '/tmp/tmpnnz5jyas']
[2023-06-13T00:03:39.244+0000] {standard_task_runner.py:83} INFO - Job 248: Subtask upload_data_to_GCS_Lake.local_to_gcs
[2023-06-13T00:03:39.295+0000] {task_command.py:389} INFO - Running <TaskInstance: ny_taxi_local.upload_data_to_GCS_Lake.local_to_gcs scheduled__2023-06-12T00:00:00+00:00 [running]> on host 04f5a8a63034
[2023-06-13T00:03:39.358+0000] {taskinstance.py:1518} INFO - Exporting the following env vars:
AIRFLOW_CTX_DAG_OWNER=***
AIRFLOW_CTX_DAG_ID=ny_taxi_local
AIRFLOW_CTX_TASK_ID=upload_data_to_GCS_Lake.local_to_gcs
AIRFLOW_CTX_EXECUTION_DATE=2023-06-12T00:00:00+00:00
AIRFLOW_CTX_TRY_NUMBER=1
AIRFLOW_CTX_DAG_RUN_ID=scheduled__2023-06-12T00:00:00+00:00
[2023-06-13T00:03:43.730+0000] {logging_mixin.py:137} INFO - File yellow_tripdata_2023-06-13-00-03-38.parquet uploaded to Project: global-maxim-338114 and Bucket: <Bucket: dtc_data_lake_global-maxim-338114>.
[2023-06-13T00:03:43.731+0000] {python.py:177} INFO - Done. Returned value was: gs://<Bucket: dtc_data_lake_global-maxim-338114>/raw/yellow/2021/yellow_tripdata_2023-06-13-00-03-38.parquet
[2023-06-13T00:03:43.752+0000] {taskinstance.py:1332} INFO - Marking task as SUCCESS. dag_id=ny_taxi_local, task_id=upload_data_to_GCS_Lake.local_to_gcs, execution_date=20230612T000000, start_date=20230613T000339, end_date=20230613T000343
[2023-06-13T00:03:43.787+0000] {local_task_job.py:212} INFO - Task exited with return code 0
[2023-06-13T00:03:43.806+0000] {taskinstance.py:2596} INFO - 2 downstream tasks scheduled from follow-on schedule check
