[2023-05-27T01:09:39.124+0000] {taskinstance.py:1090} INFO - Dependencies all met for dep_context=non-requeueable deps ti=<TaskInstance: ny_taxi_local.get_data.bash_get_data scheduled__2023-05-26T00:00:00+00:00 [queued]>
[2023-05-27T01:09:39.131+0000] {taskinstance.py:1090} INFO - Dependencies all met for dep_context=requeueable deps ti=<TaskInstance: ny_taxi_local.get_data.bash_get_data scheduled__2023-05-26T00:00:00+00:00 [queued]>
[2023-05-27T01:09:39.132+0000] {taskinstance.py:1288} INFO - 
--------------------------------------------------------------------------------
[2023-05-27T01:09:39.132+0000] {taskinstance.py:1289} INFO - Starting attempt 1 of 1
[2023-05-27T01:09:39.132+0000] {taskinstance.py:1290} INFO - 
--------------------------------------------------------------------------------
[2023-05-27T01:09:39.151+0000] {taskinstance.py:1309} INFO - Executing <Task(_PythonDecoratedOperator): get_data.bash_get_data> on 2023-05-26 00:00:00+00:00
[2023-05-27T01:09:39.155+0000] {standard_task_runner.py:55} INFO - Started process 66 to run task
[2023-05-27T01:09:39.159+0000] {standard_task_runner.py:82} INFO - Running: ['***', 'tasks', 'run', 'ny_taxi_local', 'get_data.bash_get_data', 'scheduled__2023-05-26T00:00:00+00:00', '--job-id', '173', '--raw', '--subdir', 'DAGS_FOLDER/fetch_and_upload.py', '--cfg-path', '/tmp/tmp1j_n5poc']
[2023-05-27T01:09:39.162+0000] {standard_task_runner.py:83} INFO - Job 173: Subtask get_data.bash_get_data
[2023-05-27T01:09:39.260+0000] {task_command.py:389} INFO - Running <TaskInstance: ny_taxi_local.get_data.bash_get_data scheduled__2023-05-26T00:00:00+00:00 [running]> on host fdfc81637e26
[2023-05-27T01:09:39.348+0000] {taskinstance.py:1518} INFO - Exporting the following env vars:
AIRFLOW_CTX_DAG_OWNER=***
AIRFLOW_CTX_DAG_ID=ny_taxi_local
AIRFLOW_CTX_TASK_ID=get_data.bash_get_data
AIRFLOW_CTX_EXECUTION_DATE=2023-05-26T00:00:00+00:00
AIRFLOW_CTX_TRY_NUMBER=1
AIRFLOW_CTX_DAG_RUN_ID=scheduled__2023-05-26T00:00:00+00:00
[2023-05-27T01:09:39.350+0000] {subprocess.py:63} INFO - Tmp dir root location: 
 /tmp
[2023-05-27T01:09:39.352+0000] {subprocess.py:75} INFO - Running command: ['/bin/bash', '-c', 'curl -sSL https://d37ci6vzurychx.cloudfront.net/trip-data/yellow_tripdata_2021-01.parquet > /opt/***/yellow_tripdata_2021-01.parquet']
[2023-05-27T01:09:39.368+0000] {subprocess.py:86} INFO - Output:
[2023-05-27T01:09:45.618+0000] {subprocess.py:97} INFO - Command exited with return code 0
[2023-05-27T01:09:45.620+0000] {taskinstance.py:1776} ERROR - Task failed with exception
Traceback (most recent call last):
  File "/home/airflow/.local/lib/python3.7/site-packages/airflow/decorators/base.py", line 217, in execute
    return_value = super().execute(context)
  File "/home/airflow/.local/lib/python3.7/site-packages/airflow/operators/python.py", line 175, in execute
    return_value = self.execute_callable()
  File "/home/airflow/.local/lib/python3.7/site-packages/airflow/operators/python.py", line 192, in execute_callable
    return self.python_callable(*self.op_args, **self.op_kwargs)
  File "/opt/airflow/dags/fetch_and_upload.py", line 67, in bash_get_data
    os.rename(f'{dataset_file}', new_file_name)
FileNotFoundError: [Errno 2] No such file or directory: 'yellow_tripdata_2021-01.parquet' -> 'yellow_tripdata_2023-05-27-01-09-45.parquet'
[2023-05-27T01:09:45.631+0000] {taskinstance.py:1332} INFO - Marking task as FAILED. dag_id=ny_taxi_local, task_id=get_data.bash_get_data, execution_date=20230526T000000, start_date=20230527T010939, end_date=20230527T010945
[2023-05-27T01:09:45.643+0000] {standard_task_runner.py:105} ERROR - Failed to execute job 173 for task get_data.bash_get_data ([Errno 2] No such file or directory: 'yellow_tripdata_2021-01.parquet' -> 'yellow_tripdata_2023-05-27-01-09-45.parquet'; 66)
[2023-05-27T01:09:45.669+0000] {local_task_job.py:212} INFO - Task exited with return code 1
[2023-05-27T01:09:45.689+0000] {taskinstance.py:2596} INFO - 0 downstream tasks scheduled from follow-on schedule check
