[2023-06-23T00:57:34.202+0000] {taskinstance.py:1090} INFO - Dependencies all met for dep_context=non-requeueable deps ti=<TaskInstance: showpulse_dbt_dag.dbt_run scheduled__2023-06-23T00:56:30.826087+00:00 [queued]>
[2023-06-23T00:57:34.208+0000] {taskinstance.py:1090} INFO - Dependencies all met for dep_context=requeueable deps ti=<TaskInstance: showpulse_dbt_dag.dbt_run scheduled__2023-06-23T00:56:30.826087+00:00 [queued]>
[2023-06-23T00:57:34.208+0000] {taskinstance.py:1288} INFO - 
--------------------------------------------------------------------------------
[2023-06-23T00:57:34.209+0000] {taskinstance.py:1289} INFO - Starting attempt 1 of 1
[2023-06-23T00:57:34.209+0000] {taskinstance.py:1290} INFO - 
--------------------------------------------------------------------------------
[2023-06-23T00:57:34.217+0000] {taskinstance.py:1309} INFO - Executing <Task(BashOperator): dbt_run> on 2023-06-23 00:56:30.826087+00:00
[2023-06-23T00:57:34.221+0000] {standard_task_runner.py:55} INFO - Started process 21489 to run task
[2023-06-23T00:57:34.225+0000] {standard_task_runner.py:82} INFO - Running: ['***', 'tasks', 'run', 'showpulse_dbt_dag', 'dbt_run', 'scheduled__2023-06-23T00:56:30.826087+00:00', '--job-id', '2418', '--raw', '--subdir', 'DAGS_FOLDER/dbt_run.py', '--cfg-path', '/tmp/tmptip917w7']
[2023-06-23T00:57:34.226+0000] {standard_task_runner.py:83} INFO - Job 2418: Subtask dbt_run
[2023-06-23T00:57:34.285+0000] {task_command.py:389} INFO - Running <TaskInstance: showpulse_dbt_dag.dbt_run scheduled__2023-06-23T00:56:30.826087+00:00 [running]> on host 62cfed75eae1
[2023-06-23T00:57:34.341+0000] {taskinstance.py:1518} INFO - Exporting the following env vars:
AIRFLOW_CTX_DAG_OWNER=nburkett
AIRFLOW_CTX_DAG_ID=showpulse_dbt_dag
AIRFLOW_CTX_TASK_ID=dbt_run
AIRFLOW_CTX_EXECUTION_DATE=2023-06-23T00:56:30.826087+00:00
AIRFLOW_CTX_TRY_NUMBER=1
AIRFLOW_CTX_DAG_RUN_ID=scheduled__2023-06-23T00:56:30.826087+00:00
[2023-06-23T00:57:34.343+0000] {subprocess.py:63} INFO - Tmp dir root location: 
 /tmp
[2023-06-23T00:57:34.344+0000] {subprocess.py:75} INFO - Running command: ['/bin/bash', '-c', 'cd /dbt/ticketmaster_transformation && dbt run']
[2023-06-23T00:57:34.352+0000] {subprocess.py:86} INFO - Output:
[2023-06-23T00:57:35.742+0000] {subprocess.py:93} INFO - [0m00:57:35  Running with dbt=1.5.1
[2023-06-23T00:57:36.394+0000] {subprocess.py:93} INFO - [0m00:57:36  Found 4 models, 0 tests, 0 snapshots, 0 analyses, 356 macros, 0 operations, 0 seed files, 3 sources, 0 exposures, 0 metrics, 0 groups
[2023-06-23T00:57:36.398+0000] {subprocess.py:93} INFO - [0m00:57:36
[2023-06-23T00:57:37.293+0000] {subprocess.py:93} INFO - [0m00:57:37  Concurrency: 4 threads (target='dev')
[2023-06-23T00:57:37.295+0000] {subprocess.py:93} INFO - [0m00:57:37
[2023-06-23T00:57:37.304+0000] {subprocess.py:93} INFO - [0m00:57:37  1 of 4 START sql table model twitter_kafka_pyspark_test.distinct_data .......... [RUN]
[2023-06-23T00:57:37.305+0000] {subprocess.py:93} INFO - [0m00:57:37  2 of 4 START sql table model twitter_kafka_pyspark_test.dm_events .............. [RUN]
[2023-06-23T00:57:37.307+0000] {subprocess.py:93} INFO - [0m00:57:37  3 of 4 START sql table model twitter_kafka_pyspark_test.my_first_dbt_model ..... [RUN]
[2023-06-23T00:57:40.329+0000] {subprocess.py:93} INFO - [0m00:57:40  3 of 4 OK created sql table model twitter_kafka_pyspark_test.my_first_dbt_model  [[32mCREATE TABLE (2.0 rows, 0 processed)[0m in 3.01s]
[2023-06-23T00:57:40.331+0000] {subprocess.py:93} INFO - [0m00:57:40  2 of 4 OK created sql table model twitter_kafka_pyspark_test.dm_events ......... [[32mCREATE TABLE (1.4k rows, 185.8 KiB processed)[0m in 3.01s]
[2023-06-23T00:57:40.338+0000] {subprocess.py:93} INFO - [0m00:57:40  1 of 4 OK created sql table model twitter_kafka_pyspark_test.distinct_data ..... [[32mCREATE TABLE (1.1k rows, 662.9 KiB processed)[0m in 3.02s]
[2023-06-23T00:57:40.344+0000] {subprocess.py:93} INFO - [0m00:57:40  4 of 4 START sql view model twitter_kafka_pyspark_test.my_second_dbt_model ..... [RUN]
[2023-06-23T00:57:41.258+0000] {subprocess.py:93} INFO - [0m00:57:41  4 of 4 OK created sql view model twitter_kafka_pyspark_test.my_second_dbt_model  [[32mCREATE VIEW (0 processed)[0m in 0.91s]
[2023-06-23T00:57:41.357+0000] {subprocess.py:93} INFO - [0m00:57:41
[2023-06-23T00:57:41.358+0000] {subprocess.py:93} INFO - [0m00:57:41  Finished running 3 table models, 1 view model in 0 hours 0 minutes and 4.96 seconds (4.96s).
[2023-06-23T00:57:41.378+0000] {subprocess.py:93} INFO - [0m00:57:41
[2023-06-23T00:57:41.380+0000] {subprocess.py:93} INFO - [0m00:57:41  [32mCompleted successfully[0m
[2023-06-23T00:57:41.381+0000] {subprocess.py:93} INFO - [0m00:57:41
[2023-06-23T00:57:41.383+0000] {subprocess.py:93} INFO - [0m00:57:41  Done. PASS=4 WARN=0 ERROR=0 SKIP=0 TOTAL=4
[2023-06-23T00:57:41.826+0000] {subprocess.py:97} INFO - Command exited with return code 0
[2023-06-23T00:57:41.860+0000] {taskinstance.py:1332} INFO - Marking task as SUCCESS. dag_id=showpulse_dbt_dag, task_id=dbt_run, execution_date=20230623T005630, start_date=20230623T005734, end_date=20230623T005741
[2023-06-23T00:57:41.921+0000] {local_task_job.py:212} INFO - Task exited with return code 0
[2023-06-23T00:57:41.940+0000] {taskinstance.py:2596} INFO - 0 downstream tasks scheduled from follow-on schedule check
