[2023-06-22T21:38:37.375+0000] {taskinstance.py:1090} INFO - Dependencies all met for dep_context=non-requeueable deps ti=<TaskInstance: showpulse_dbt_dag.dbt_run scheduled__2023-06-22T21:37:34.178993+00:00 [queued]>
[2023-06-22T21:38:37.381+0000] {taskinstance.py:1090} INFO - Dependencies all met for dep_context=requeueable deps ti=<TaskInstance: showpulse_dbt_dag.dbt_run scheduled__2023-06-22T21:37:34.178993+00:00 [queued]>
[2023-06-22T21:38:37.382+0000] {taskinstance.py:1288} INFO - 
--------------------------------------------------------------------------------
[2023-06-22T21:38:37.382+0000] {taskinstance.py:1289} INFO - Starting attempt 1 of 1
[2023-06-22T21:38:37.383+0000] {taskinstance.py:1290} INFO - 
--------------------------------------------------------------------------------
[2023-06-22T21:38:37.391+0000] {taskinstance.py:1309} INFO - Executing <Task(BashOperator): dbt_run> on 2023-06-22 21:37:34.178993+00:00
[2023-06-22T21:38:37.394+0000] {standard_task_runner.py:55} INFO - Started process 18636 to run task
[2023-06-22T21:38:37.397+0000] {standard_task_runner.py:82} INFO - Running: ['***', 'tasks', 'run', 'showpulse_dbt_dag', 'dbt_run', 'scheduled__2023-06-22T21:37:34.178993+00:00', '--job-id', '2150', '--raw', '--subdir', 'DAGS_FOLDER/dbt_run.py', '--cfg-path', '/tmp/tmp0ff_pw9k']
[2023-06-22T21:38:37.398+0000] {standard_task_runner.py:83} INFO - Job 2150: Subtask dbt_run
[2023-06-22T21:38:37.453+0000] {task_command.py:389} INFO - Running <TaskInstance: showpulse_dbt_dag.dbt_run scheduled__2023-06-22T21:37:34.178993+00:00 [running]> on host 62cfed75eae1
[2023-06-22T21:38:37.503+0000] {taskinstance.py:1518} INFO - Exporting the following env vars:
AIRFLOW_CTX_DAG_OWNER=nburkett
AIRFLOW_CTX_DAG_ID=showpulse_dbt_dag
AIRFLOW_CTX_TASK_ID=dbt_run
AIRFLOW_CTX_EXECUTION_DATE=2023-06-22T21:37:34.178993+00:00
AIRFLOW_CTX_TRY_NUMBER=1
AIRFLOW_CTX_DAG_RUN_ID=scheduled__2023-06-22T21:37:34.178993+00:00
[2023-06-22T21:38:37.505+0000] {subprocess.py:63} INFO - Tmp dir root location: 
 /tmp
[2023-06-22T21:38:37.506+0000] {subprocess.py:75} INFO - Running command: ['/bin/bash', '-c', 'cd /dbt/ticketmaster_transformation && dbt run']
[2023-06-22T21:38:37.515+0000] {subprocess.py:86} INFO - Output:
[2023-06-22T21:38:38.734+0000] {subprocess.py:93} INFO - [0m21:38:38  Running with dbt=1.5.1
[2023-06-22T21:38:39.601+0000] {subprocess.py:93} INFO - [0m21:38:39  Found 4 models, 0 tests, 0 snapshots, 0 analyses, 356 macros, 0 operations, 0 seed files, 3 sources, 0 exposures, 0 metrics, 0 groups
[2023-06-22T21:38:39.604+0000] {subprocess.py:93} INFO - [0m21:38:39
[2023-06-22T21:38:40.458+0000] {subprocess.py:93} INFO - [0m21:38:40  Concurrency: 4 threads (target='dev')
[2023-06-22T21:38:40.462+0000] {subprocess.py:93} INFO - [0m21:38:40
[2023-06-22T21:38:40.480+0000] {subprocess.py:93} INFO - [0m21:38:40  1 of 4 START sql table model twitter_kafka_pyspark_test.distinct_data .......... [RUN]
[2023-06-22T21:38:40.482+0000] {subprocess.py:93} INFO - [0m21:38:40  2 of 4 START sql table model twitter_kafka_pyspark_test.dm_events .............. [RUN]
[2023-06-22T21:38:40.484+0000] {subprocess.py:93} INFO - [0m21:38:40  3 of 4 START sql table model twitter_kafka_pyspark_test.my_first_dbt_model ..... [RUN]
[2023-06-22T21:38:43.119+0000] {subprocess.py:93} INFO - [0m21:38:43  3 of 4 OK created sql table model twitter_kafka_pyspark_test.my_first_dbt_model  [[32mCREATE TABLE (2.0 rows, 0 processed)[0m in 2.62s]
[2023-06-22T21:38:43.126+0000] {subprocess.py:93} INFO - [0m21:38:43  4 of 4 START sql view model twitter_kafka_pyspark_test.my_second_dbt_model ..... [RUN]
[2023-06-22T21:38:43.410+0000] {subprocess.py:93} INFO - [0m21:38:43  2 of 4 OK created sql table model twitter_kafka_pyspark_test.dm_events ......... [[32mCREATE TABLE (1.3k rows, 178.2 KiB processed)[0m in 2.92s]
[2023-06-22T21:38:43.417+0000] {subprocess.py:93} INFO - [0m21:38:43  1 of 4 OK created sql table model twitter_kafka_pyspark_test.distinct_data ..... [[32mCREATE TABLE (1.1k rows, 638.3 KiB processed)[0m in 2.93s]
[2023-06-22T21:38:43.943+0000] {subprocess.py:93} INFO - [0m21:38:43  4 of 4 OK created sql view model twitter_kafka_pyspark_test.my_second_dbt_model  [[32mCREATE VIEW (0 processed)[0m in 0.81s]
[2023-06-22T21:38:44.009+0000] {subprocess.py:93} INFO - [0m21:38:44
[2023-06-22T21:38:44.012+0000] {subprocess.py:93} INFO - [0m21:38:44  Finished running 3 table models, 1 view model in 0 hours 0 minutes and 4.40 seconds (4.40s).
[2023-06-22T21:38:44.043+0000] {subprocess.py:93} INFO - [0m21:38:44
[2023-06-22T21:38:44.045+0000] {subprocess.py:93} INFO - [0m21:38:44  [32mCompleted successfully[0m
[2023-06-22T21:38:44.046+0000] {subprocess.py:93} INFO - [0m21:38:44
[2023-06-22T21:38:44.048+0000] {subprocess.py:93} INFO - [0m21:38:44  Done. PASS=4 WARN=0 ERROR=0 SKIP=0 TOTAL=4
[2023-06-22T21:38:44.563+0000] {subprocess.py:97} INFO - Command exited with return code 0
[2023-06-22T21:38:44.585+0000] {taskinstance.py:1332} INFO - Marking task as SUCCESS. dag_id=showpulse_dbt_dag, task_id=dbt_run, execution_date=20230622T213734, start_date=20230622T213837, end_date=20230622T213844
[2023-06-22T21:38:44.643+0000] {local_task_job.py:212} INFO - Task exited with return code 0
[2023-06-22T21:38:44.656+0000] {taskinstance.py:2596} INFO - 0 downstream tasks scheduled from follow-on schedule check
