[2023-06-22T20:51:17.510+0000] {taskinstance.py:1090} INFO - Dependencies all met for dep_context=non-requeueable deps ti=<TaskInstance: showpulse_dbt_dag.dbt_run scheduled__2023-06-22T20:47:42.865086+00:00 [queued]>
[2023-06-22T20:51:17.516+0000] {taskinstance.py:1090} INFO - Dependencies all met for dep_context=requeueable deps ti=<TaskInstance: showpulse_dbt_dag.dbt_run scheduled__2023-06-22T20:47:42.865086+00:00 [queued]>
[2023-06-22T20:51:17.517+0000] {taskinstance.py:1288} INFO - 
--------------------------------------------------------------------------------
[2023-06-22T20:51:17.517+0000] {taskinstance.py:1289} INFO - Starting attempt 1 of 1
[2023-06-22T20:51:17.518+0000] {taskinstance.py:1290} INFO - 
--------------------------------------------------------------------------------
[2023-06-22T20:51:17.525+0000] {taskinstance.py:1309} INFO - Executing <Task(BashOperator): dbt_run> on 2023-06-22 20:47:42.865086+00:00
[2023-06-22T20:51:17.529+0000] {standard_task_runner.py:55} INFO - Started process 18187 to run task
[2023-06-22T20:51:17.532+0000] {standard_task_runner.py:82} INFO - Running: ['***', 'tasks', 'run', 'showpulse_dbt_dag', 'dbt_run', 'scheduled__2023-06-22T20:47:42.865086+00:00', '--job-id', '2102', '--raw', '--subdir', 'DAGS_FOLDER/dbt_run.py', '--cfg-path', '/tmp/tmpm8ddxiz0']
[2023-06-22T20:51:17.533+0000] {standard_task_runner.py:83} INFO - Job 2102: Subtask dbt_run
[2023-06-22T20:51:17.588+0000] {task_command.py:389} INFO - Running <TaskInstance: showpulse_dbt_dag.dbt_run scheduled__2023-06-22T20:47:42.865086+00:00 [running]> on host 62cfed75eae1
[2023-06-22T20:51:17.640+0000] {taskinstance.py:1518} INFO - Exporting the following env vars:
AIRFLOW_CTX_DAG_OWNER=nburkett
AIRFLOW_CTX_DAG_ID=showpulse_dbt_dag
AIRFLOW_CTX_TASK_ID=dbt_run
AIRFLOW_CTX_EXECUTION_DATE=2023-06-22T20:47:42.865086+00:00
AIRFLOW_CTX_TRY_NUMBER=1
AIRFLOW_CTX_DAG_RUN_ID=scheduled__2023-06-22T20:47:42.865086+00:00
[2023-06-22T20:51:17.642+0000] {subprocess.py:63} INFO - Tmp dir root location: 
 /tmp
[2023-06-22T20:51:17.642+0000] {subprocess.py:75} INFO - Running command: ['/bin/bash', '-c', 'cd /dbt/ticketmaster_transformation && dbt run']
[2023-06-22T20:51:17.651+0000] {subprocess.py:86} INFO - Output:
[2023-06-22T20:51:18.982+0000] {subprocess.py:93} INFO - [0m20:51:18  Running with dbt=1.5.1
[2023-06-22T20:51:19.490+0000] {subprocess.py:93} INFO - [0m20:51:19  Found 4 models, 0 tests, 0 snapshots, 0 analyses, 356 macros, 0 operations, 0 seed files, 3 sources, 0 exposures, 0 metrics, 0 groups
[2023-06-22T20:51:19.493+0000] {subprocess.py:93} INFO - [0m20:51:19
[2023-06-22T20:51:20.320+0000] {subprocess.py:93} INFO - [0m20:51:20  Concurrency: 4 threads (target='dev')
[2023-06-22T20:51:20.323+0000] {subprocess.py:93} INFO - [0m20:51:20
[2023-06-22T20:51:20.341+0000] {subprocess.py:93} INFO - [0m20:51:20  1 of 4 START sql table model twitter_kafka_pyspark_test.distinct_data .......... [RUN]
[2023-06-22T20:51:20.344+0000] {subprocess.py:93} INFO - [0m20:51:20  2 of 4 START sql table model twitter_kafka_pyspark_test.dm_events .............. [RUN]
[2023-06-22T20:51:20.346+0000] {subprocess.py:93} INFO - [0m20:51:20  3 of 4 START sql table model twitter_kafka_pyspark_test.my_first_dbt_model ..... [RUN]
[2023-06-22T20:51:23.034+0000] {subprocess.py:93} INFO - [0m20:51:23  3 of 4 OK created sql table model twitter_kafka_pyspark_test.my_first_dbt_model  [[32mCREATE TABLE (2.0 rows, 0 processed)[0m in 2.68s]
[2023-06-22T20:51:23.045+0000] {subprocess.py:93} INFO - [0m20:51:23  4 of 4 START sql view model twitter_kafka_pyspark_test.my_second_dbt_model ..... [RUN]
[2023-06-22T20:51:23.061+0000] {subprocess.py:93} INFO - [0m20:51:23  2 of 4 OK created sql table model twitter_kafka_pyspark_test.dm_events ......... [[32mCREATE TABLE (1.3k rows, 178.2 KiB processed)[0m in 2.71s]
[2023-06-22T20:51:23.240+0000] {subprocess.py:93} INFO - [0m20:51:23  1 of 4 OK created sql table model twitter_kafka_pyspark_test.distinct_data ..... [[32mCREATE TABLE (1.1k rows, 638.3 KiB processed)[0m in 2.89s]
[2023-06-22T20:51:24.028+0000] {subprocess.py:93} INFO - [0m20:51:24  4 of 4 OK created sql view model twitter_kafka_pyspark_test.my_second_dbt_model  [[32mCREATE VIEW (0 processed)[0m in 0.98s]
[2023-06-22T20:51:24.050+0000] {subprocess.py:93} INFO - [0m20:51:24
[2023-06-22T20:51:24.052+0000] {subprocess.py:93} INFO - [0m20:51:24  Finished running 3 table models, 1 view model in 0 hours 0 minutes and 4.56 seconds (4.56s).
[2023-06-22T20:51:24.076+0000] {subprocess.py:93} INFO - [0m20:51:24
[2023-06-22T20:51:24.078+0000] {subprocess.py:93} INFO - [0m20:51:24  [32mCompleted successfully[0m
[2023-06-22T20:51:24.079+0000] {subprocess.py:93} INFO - [0m20:51:24
[2023-06-22T20:51:24.080+0000] {subprocess.py:93} INFO - [0m20:51:24  Done. PASS=4 WARN=0 ERROR=0 SKIP=0 TOTAL=4
[2023-06-22T20:51:24.556+0000] {subprocess.py:97} INFO - Command exited with return code 0
[2023-06-22T20:51:24.583+0000] {taskinstance.py:1332} INFO - Marking task as SUCCESS. dag_id=showpulse_dbt_dag, task_id=dbt_run, execution_date=20230622T204742, start_date=20230622T205117, end_date=20230622T205124
[2023-06-22T20:51:24.636+0000] {local_task_job.py:212} INFO - Task exited with return code 0
[2023-06-22T20:51:24.651+0000] {taskinstance.py:2596} INFO - 0 downstream tasks scheduled from follow-on schedule check
