[2023-06-22T00:20:22.944+0000] {taskinstance.py:1090} INFO - Dependencies all met for dep_context=non-requeueable deps ti=<TaskInstance: showpulse_dbt_dag.dbt_run scheduled__2023-06-22T00:19:19.542692+00:00 [queued]>
[2023-06-22T00:20:22.950+0000] {taskinstance.py:1090} INFO - Dependencies all met for dep_context=requeueable deps ti=<TaskInstance: showpulse_dbt_dag.dbt_run scheduled__2023-06-22T00:19:19.542692+00:00 [queued]>
[2023-06-22T00:20:22.951+0000] {taskinstance.py:1288} INFO - 
--------------------------------------------------------------------------------
[2023-06-22T00:20:22.951+0000] {taskinstance.py:1289} INFO - Starting attempt 1 of 1
[2023-06-22T00:20:22.952+0000] {taskinstance.py:1290} INFO - 
--------------------------------------------------------------------------------
[2023-06-22T00:20:22.960+0000] {taskinstance.py:1309} INFO - Executing <Task(BashOperator): dbt_run> on 2023-06-22 00:19:19.542692+00:00
[2023-06-22T00:20:22.963+0000] {standard_task_runner.py:55} INFO - Started process 9906 to run task
[2023-06-22T00:20:22.967+0000] {standard_task_runner.py:82} INFO - Running: ['***', 'tasks', 'run', 'showpulse_dbt_dag', 'dbt_run', 'scheduled__2023-06-22T00:19:19.542692+00:00', '--job-id', '1334', '--raw', '--subdir', 'DAGS_FOLDER/dbt_run.py', '--cfg-path', '/tmp/tmp_w5ue5w0']
[2023-06-22T00:20:22.968+0000] {standard_task_runner.py:83} INFO - Job 1334: Subtask dbt_run
[2023-06-22T00:20:23.021+0000] {task_command.py:389} INFO - Running <TaskInstance: showpulse_dbt_dag.dbt_run scheduled__2023-06-22T00:19:19.542692+00:00 [running]> on host 62cfed75eae1
[2023-06-22T00:20:23.073+0000] {taskinstance.py:1518} INFO - Exporting the following env vars:
AIRFLOW_CTX_DAG_OWNER=nburkett
AIRFLOW_CTX_DAG_ID=showpulse_dbt_dag
AIRFLOW_CTX_TASK_ID=dbt_run
AIRFLOW_CTX_EXECUTION_DATE=2023-06-22T00:19:19.542692+00:00
AIRFLOW_CTX_TRY_NUMBER=1
AIRFLOW_CTX_DAG_RUN_ID=scheduled__2023-06-22T00:19:19.542692+00:00
[2023-06-22T00:20:23.075+0000] {subprocess.py:63} INFO - Tmp dir root location: 
 /tmp
[2023-06-22T00:20:23.075+0000] {subprocess.py:75} INFO - Running command: ['/bin/bash', '-c', 'cd /dbt/ticketmaster_transformation && dbt run']
[2023-06-22T00:20:23.086+0000] {subprocess.py:86} INFO - Output:
[2023-06-22T00:20:24.383+0000] {subprocess.py:93} INFO - [0m00:20:24  Running with dbt=1.5.1
[2023-06-22T00:20:24.914+0000] {subprocess.py:93} INFO - [0m00:20:24  Found 4 models, 0 tests, 0 snapshots, 0 analyses, 356 macros, 0 operations, 0 seed files, 3 sources, 0 exposures, 0 metrics, 0 groups
[2023-06-22T00:20:24.916+0000] {subprocess.py:93} INFO - [0m00:20:24
[2023-06-22T00:20:25.820+0000] {subprocess.py:93} INFO - [0m00:20:25  Concurrency: 4 threads (target='dev')
[2023-06-22T00:20:25.829+0000] {subprocess.py:93} INFO - [0m00:20:25
[2023-06-22T00:20:25.849+0000] {subprocess.py:93} INFO - [0m00:20:25  1 of 4 START sql table model twitter_kafka_pyspark_test.distinct_data .......... [RUN]
[2023-06-22T00:20:25.851+0000] {subprocess.py:93} INFO - [0m00:20:25  2 of 4 START sql table model twitter_kafka_pyspark_test.dm_events .............. [RUN]
[2023-06-22T00:20:25.854+0000] {subprocess.py:93} INFO - [0m00:20:25  3 of 4 START sql table model twitter_kafka_pyspark_test.my_first_dbt_model ..... [RUN]
[2023-06-22T00:20:28.794+0000] {subprocess.py:93} INFO - [0m00:20:28  3 of 4 OK created sql table model twitter_kafka_pyspark_test.my_first_dbt_model  [[32mCREATE TABLE (2.0 rows, 0 processed)[0m in 2.93s]
[2023-06-22T00:20:28.803+0000] {subprocess.py:93} INFO - [0m00:20:28  4 of 4 START sql view model twitter_kafka_pyspark_test.my_second_dbt_model ..... [RUN]
[2023-06-22T00:20:28.908+0000] {subprocess.py:93} INFO - [0m00:20:28  2 of 4 OK created sql table model twitter_kafka_pyspark_test.dm_events ......... [[32mCREATE TABLE (1.3k rows, 178.2 KiB processed)[0m in 3.05s]
[2023-06-22T00:20:29.142+0000] {subprocess.py:93} INFO - [0m00:20:29  1 of 4 OK created sql table model twitter_kafka_pyspark_test.distinct_data ..... [[32mCREATE TABLE (1.1k rows, 638.3 KiB processed)[0m in 3.28s]
[2023-06-22T00:20:29.792+0000] {subprocess.py:93} INFO - [0m00:20:29  4 of 4 OK created sql view model twitter_kafka_pyspark_test.my_second_dbt_model  [[32mCREATE VIEW (0 processed)[0m in 0.98s]
[2023-06-22T00:20:29.827+0000] {subprocess.py:93} INFO - [0m00:20:29
[2023-06-22T00:20:29.829+0000] {subprocess.py:93} INFO - [0m00:20:29  Finished running 3 table models, 1 view model in 0 hours 0 minutes and 4.91 seconds (4.91s).
[2023-06-22T00:20:29.856+0000] {subprocess.py:93} INFO - [0m00:20:29
[2023-06-22T00:20:29.858+0000] {subprocess.py:93} INFO - [0m00:20:29  [32mCompleted successfully[0m
[2023-06-22T00:20:29.859+0000] {subprocess.py:93} INFO - [0m00:20:29
[2023-06-22T00:20:29.861+0000] {subprocess.py:93} INFO - [0m00:20:29  Done. PASS=4 WARN=0 ERROR=0 SKIP=0 TOTAL=4
[2023-06-22T00:20:30.282+0000] {subprocess.py:97} INFO - Command exited with return code 0
[2023-06-22T00:20:30.310+0000] {taskinstance.py:1332} INFO - Marking task as SUCCESS. dag_id=showpulse_dbt_dag, task_id=dbt_run, execution_date=20230622T001919, start_date=20230622T002022, end_date=20230622T002030
[2023-06-22T00:20:30.342+0000] {local_task_job.py:212} INFO - Task exited with return code 0
[2023-06-22T00:20:30.358+0000] {taskinstance.py:2596} INFO - 0 downstream tasks scheduled from follow-on schedule check
