[2023-06-21T18:29:03.167+0000] {taskinstance.py:1090} INFO - Dependencies all met for dep_context=non-requeueable deps ti=<TaskInstance: showpulse_dbt_dag.dbt_run scheduled__2023-06-21T18:25:45.292044+00:00 [queued]>
[2023-06-21T18:29:03.174+0000] {taskinstance.py:1090} INFO - Dependencies all met for dep_context=requeueable deps ti=<TaskInstance: showpulse_dbt_dag.dbt_run scheduled__2023-06-21T18:25:45.292044+00:00 [queued]>
[2023-06-21T18:29:03.175+0000] {taskinstance.py:1288} INFO - 
--------------------------------------------------------------------------------
[2023-06-21T18:29:03.175+0000] {taskinstance.py:1289} INFO - Starting attempt 1 of 1
[2023-06-21T18:29:03.176+0000] {taskinstance.py:1290} INFO - 
--------------------------------------------------------------------------------
[2023-06-21T18:29:03.186+0000] {taskinstance.py:1309} INFO - Executing <Task(BashOperator): dbt_run> on 2023-06-21 18:25:45.292044+00:00
[2023-06-21T18:29:03.191+0000] {standard_task_runner.py:55} INFO - Started process 5315 to run task
[2023-06-21T18:29:03.196+0000] {standard_task_runner.py:82} INFO - Running: ['***', 'tasks', 'run', 'showpulse_dbt_dag', 'dbt_run', 'scheduled__2023-06-21T18:25:45.292044+00:00', '--job-id', '906', '--raw', '--subdir', 'DAGS_FOLDER/dbt_run.py', '--cfg-path', '/tmp/tmpmswxs392']
[2023-06-21T18:29:03.197+0000] {standard_task_runner.py:83} INFO - Job 906: Subtask dbt_run
[2023-06-21T18:29:03.258+0000] {task_command.py:389} INFO - Running <TaskInstance: showpulse_dbt_dag.dbt_run scheduled__2023-06-21T18:25:45.292044+00:00 [running]> on host 62cfed75eae1
[2023-06-21T18:29:03.311+0000] {taskinstance.py:1518} INFO - Exporting the following env vars:
AIRFLOW_CTX_DAG_OWNER=nburkett
AIRFLOW_CTX_DAG_ID=showpulse_dbt_dag
AIRFLOW_CTX_TASK_ID=dbt_run
AIRFLOW_CTX_EXECUTION_DATE=2023-06-21T18:25:45.292044+00:00
AIRFLOW_CTX_TRY_NUMBER=1
AIRFLOW_CTX_DAG_RUN_ID=scheduled__2023-06-21T18:25:45.292044+00:00
[2023-06-21T18:29:03.313+0000] {subprocess.py:63} INFO - Tmp dir root location: 
 /tmp
[2023-06-21T18:29:03.315+0000] {subprocess.py:75} INFO - Running command: ['/bin/bash', '-c', 'cd /dbt/ticketmaster_transformation && dbt run']
[2023-06-21T18:29:03.326+0000] {subprocess.py:86} INFO - Output:
[2023-06-21T18:29:04.628+0000] {subprocess.py:93} INFO - [0m18:29:04  Running with dbt=1.5.1
[2023-06-21T18:29:05.131+0000] {subprocess.py:93} INFO - [0m18:29:05  Found 4 models, 0 tests, 0 snapshots, 0 analyses, 356 macros, 0 operations, 0 seed files, 3 sources, 0 exposures, 0 metrics, 0 groups
[2023-06-21T18:29:05.134+0000] {subprocess.py:93} INFO - [0m18:29:05
[2023-06-21T18:29:05.924+0000] {subprocess.py:93} INFO - [0m18:29:05  Concurrency: 4 threads (target='dev')
[2023-06-21T18:29:05.928+0000] {subprocess.py:93} INFO - [0m18:29:05
[2023-06-21T18:29:05.944+0000] {subprocess.py:93} INFO - [0m18:29:05  1 of 4 START sql table model twitter_kafka_pyspark_test.distinct_data .......... [RUN]
[2023-06-21T18:29:05.946+0000] {subprocess.py:93} INFO - [0m18:29:05  2 of 4 START sql table model twitter_kafka_pyspark_test.dm_events .............. [RUN]
[2023-06-21T18:29:05.949+0000] {subprocess.py:93} INFO - [0m18:29:05  3 of 4 START sql table model twitter_kafka_pyspark_test.my_first_dbt_model ..... [RUN]
[2023-06-21T18:29:08.934+0000] {subprocess.py:93} INFO - [0m18:29:08  3 of 4 OK created sql table model twitter_kafka_pyspark_test.my_first_dbt_model  [[32mCREATE TABLE (2.0 rows, 0 processed)[0m in 2.97s]
[2023-06-21T18:29:08.944+0000] {subprocess.py:93} INFO - [0m18:29:08  4 of 4 START sql view model twitter_kafka_pyspark_test.my_second_dbt_model ..... [RUN]
[2023-06-21T18:29:09.107+0000] {subprocess.py:93} INFO - [0m18:29:09  1 of 4 OK created sql table model twitter_kafka_pyspark_test.distinct_data ..... [[32mCREATE TABLE (1.1k rows, 638.3 KiB processed)[0m in 3.15s]
[2023-06-21T18:29:09.116+0000] {subprocess.py:93} INFO - [0m18:29:09  2 of 4 OK created sql table model twitter_kafka_pyspark_test.dm_events ......... [[32mCREATE TABLE (1.3k rows, 178.2 KiB processed)[0m in 3.16s]
[2023-06-21T18:29:09.932+0000] {subprocess.py:93} INFO - [0m18:29:09  4 of 4 OK created sql view model twitter_kafka_pyspark_test.my_second_dbt_model  [[32mCREATE VIEW (0 processed)[0m in 0.98s]
[2023-06-21T18:29:10.009+0000] {subprocess.py:93} INFO - [0m18:29:10
[2023-06-21T18:29:10.011+0000] {subprocess.py:93} INFO - [0m18:29:10  Finished running 3 table models, 1 view model in 0 hours 0 minutes and 4.87 seconds (4.87s).
[2023-06-21T18:29:10.029+0000] {subprocess.py:93} INFO - [0m18:29:10
[2023-06-21T18:29:10.031+0000] {subprocess.py:93} INFO - [0m18:29:10  [32mCompleted successfully[0m
[2023-06-21T18:29:10.032+0000] {subprocess.py:93} INFO - [0m18:29:10
[2023-06-21T18:29:10.034+0000] {subprocess.py:93} INFO - [0m18:29:10  Done. PASS=4 WARN=0 ERROR=0 SKIP=0 TOTAL=4
[2023-06-21T18:29:10.431+0000] {subprocess.py:97} INFO - Command exited with return code 0
[2023-06-21T18:29:10.456+0000] {taskinstance.py:1332} INFO - Marking task as SUCCESS. dag_id=showpulse_dbt_dag, task_id=dbt_run, execution_date=20230621T182545, start_date=20230621T182903, end_date=20230621T182910
[2023-06-21T18:29:10.490+0000] {local_task_job.py:212} INFO - Task exited with return code 0
[2023-06-21T18:29:10.504+0000] {taskinstance.py:2596} INFO - 0 downstream tasks scheduled from follow-on schedule check
