[2023-06-22T19:53:47.901+0000] {taskinstance.py:1090} INFO - Dependencies all met for dep_context=non-requeueable deps ti=<TaskInstance: showpulse_dbt_dag.dbt_run scheduled__2023-06-22T19:52:43.721476+00:00 [queued]>
[2023-06-22T19:53:47.908+0000] {taskinstance.py:1090} INFO - Dependencies all met for dep_context=requeueable deps ti=<TaskInstance: showpulse_dbt_dag.dbt_run scheduled__2023-06-22T19:52:43.721476+00:00 [queued]>
[2023-06-22T19:53:47.909+0000] {taskinstance.py:1288} INFO - 
--------------------------------------------------------------------------------
[2023-06-22T19:53:47.909+0000] {taskinstance.py:1289} INFO - Starting attempt 1 of 1
[2023-06-22T19:53:47.910+0000] {taskinstance.py:1290} INFO - 
--------------------------------------------------------------------------------
[2023-06-22T19:53:47.921+0000] {taskinstance.py:1309} INFO - Executing <Task(BashOperator): dbt_run> on 2023-06-22 19:52:43.721476+00:00
[2023-06-22T19:53:47.924+0000] {standard_task_runner.py:55} INFO - Started process 17801 to run task
[2023-06-22T19:53:47.927+0000] {standard_task_runner.py:82} INFO - Running: ['***', 'tasks', 'run', 'showpulse_dbt_dag', 'dbt_run', 'scheduled__2023-06-22T19:52:43.721476+00:00', '--job-id', '2058', '--raw', '--subdir', 'DAGS_FOLDER/dbt_run.py', '--cfg-path', '/tmp/tmpf95hnp8v']
[2023-06-22T19:53:47.928+0000] {standard_task_runner.py:83} INFO - Job 2058: Subtask dbt_run
[2023-06-22T19:53:47.981+0000] {task_command.py:389} INFO - Running <TaskInstance: showpulse_dbt_dag.dbt_run scheduled__2023-06-22T19:52:43.721476+00:00 [running]> on host 62cfed75eae1
[2023-06-22T19:53:48.030+0000] {taskinstance.py:1518} INFO - Exporting the following env vars:
AIRFLOW_CTX_DAG_OWNER=nburkett
AIRFLOW_CTX_DAG_ID=showpulse_dbt_dag
AIRFLOW_CTX_TASK_ID=dbt_run
AIRFLOW_CTX_EXECUTION_DATE=2023-06-22T19:52:43.721476+00:00
AIRFLOW_CTX_TRY_NUMBER=1
AIRFLOW_CTX_DAG_RUN_ID=scheduled__2023-06-22T19:52:43.721476+00:00
[2023-06-22T19:53:48.031+0000] {subprocess.py:63} INFO - Tmp dir root location: 
 /tmp
[2023-06-22T19:53:48.032+0000] {subprocess.py:75} INFO - Running command: ['/bin/bash', '-c', 'cd /dbt/ticketmaster_transformation && dbt run']
[2023-06-22T19:53:48.040+0000] {subprocess.py:86} INFO - Output:
[2023-06-22T19:53:49.376+0000] {subprocess.py:93} INFO - [0m19:53:49  Running with dbt=1.5.1
[2023-06-22T19:53:49.898+0000] {subprocess.py:93} INFO - [0m19:53:49  Found 4 models, 0 tests, 0 snapshots, 0 analyses, 356 macros, 0 operations, 0 seed files, 3 sources, 0 exposures, 0 metrics, 0 groups
[2023-06-22T19:53:49.901+0000] {subprocess.py:93} INFO - [0m19:53:49
[2023-06-22T19:53:50.936+0000] {subprocess.py:93} INFO - [0m19:53:50  Concurrency: 4 threads (target='dev')
[2023-06-22T19:53:50.938+0000] {subprocess.py:93} INFO - [0m19:53:50
[2023-06-22T19:53:50.947+0000] {subprocess.py:93} INFO - [0m19:53:50  1 of 4 START sql table model twitter_kafka_pyspark_test.distinct_data .......... [RUN]
[2023-06-22T19:53:50.948+0000] {subprocess.py:93} INFO - [0m19:53:50  2 of 4 START sql table model twitter_kafka_pyspark_test.dm_events .............. [RUN]
[2023-06-22T19:53:50.950+0000] {subprocess.py:93} INFO - [0m19:53:50  3 of 4 START sql table model twitter_kafka_pyspark_test.my_first_dbt_model ..... [RUN]
[2023-06-22T19:54:08.413+0000] {subprocess.py:93} INFO - [0m19:54:08  1 of 4 OK created sql table model twitter_kafka_pyspark_test.distinct_data ..... [[32mCREATE TABLE (1.1k rows, 638.3 KiB processed)[0m in 17.46s]
[2023-06-22T19:54:08.415+0000] {subprocess.py:93} INFO - [0m19:54:08  2 of 4 OK created sql table model twitter_kafka_pyspark_test.dm_events ......... [[32mCREATE TABLE (1.3k rows, 178.2 KiB processed)[0m in 17.46s]
[2023-06-22T19:54:08.607+0000] {subprocess.py:93} INFO - [0m19:54:08  3 of 4 OK created sql table model twitter_kafka_pyspark_test.my_first_dbt_model  [[32mCREATE TABLE (2.0 rows, 0 processed)[0m in 17.65s]
[2023-06-22T19:54:08.617+0000] {subprocess.py:93} INFO - [0m19:54:08  4 of 4 START sql view model twitter_kafka_pyspark_test.my_second_dbt_model ..... [RUN]
[2023-06-22T20:12:07.355+0000] {local_task_job.py:277} WARNING - State of this instance has been externally set to failed. Terminating instance.
[2023-06-22T20:12:07.360+0000] {process_utils.py:133} INFO - Sending Signals.SIGTERM to group 17801. PIDs of all processes in the group: [17802, 17801]
[2023-06-22T20:12:07.360+0000] {process_utils.py:84} INFO - Sending the signal Signals.SIGTERM to group 17801
[2023-06-22T20:12:07.361+0000] {taskinstance.py:1488} ERROR - Received SIGTERM. Terminating subprocesses.
[2023-06-22T20:12:07.363+0000] {subprocess.py:104} INFO - Sending SIGTERM signal to process group
[2023-06-22T20:12:07.455+0000] {process_utils.py:79} INFO - Process psutil.Process(pid=17801, status='terminated', exitcode=0, started='19:53:47') (17801) terminated with exit code 0
[2023-06-22T20:12:07.483+0000] {process_utils.py:79} INFO - Process psutil.Process(pid=17802, status='terminated', started='19:53:47') (17802) terminated with exit code None
