[2023-06-22T16:28:08.570+0000] {taskinstance.py:1090} INFO - Dependencies all met for dep_context=non-requeueable deps ti=<TaskInstance: showpulse_dbt_dag.dbt_run scheduled__2023-06-22T16:27:05.230862+00:00 [queued]>
[2023-06-22T16:28:08.577+0000] {taskinstance.py:1090} INFO - Dependencies all met for dep_context=requeueable deps ti=<TaskInstance: showpulse_dbt_dag.dbt_run scheduled__2023-06-22T16:27:05.230862+00:00 [queued]>
[2023-06-22T16:28:08.577+0000] {taskinstance.py:1288} INFO - 
--------------------------------------------------------------------------------
[2023-06-22T16:28:08.578+0000] {taskinstance.py:1289} INFO - Starting attempt 1 of 1
[2023-06-22T16:28:08.578+0000] {taskinstance.py:1290} INFO - 
--------------------------------------------------------------------------------
[2023-06-22T16:28:08.589+0000] {taskinstance.py:1309} INFO - Executing <Task(BashOperator): dbt_run> on 2023-06-22 16:27:05.230862+00:00
[2023-06-22T16:28:08.593+0000] {standard_task_runner.py:55} INFO - Started process 16933 to run task
[2023-06-22T16:28:08.596+0000] {standard_task_runner.py:82} INFO - Running: ['***', 'tasks', 'run', 'showpulse_dbt_dag', 'dbt_run', 'scheduled__2023-06-22T16:27:05.230862+00:00', '--job-id', '1958', '--raw', '--subdir', 'DAGS_FOLDER/dbt_run.py', '--cfg-path', '/tmp/tmpx6lzd6qk']
[2023-06-22T16:28:08.597+0000] {standard_task_runner.py:83} INFO - Job 1958: Subtask dbt_run
[2023-06-22T16:28:08.654+0000] {task_command.py:389} INFO - Running <TaskInstance: showpulse_dbt_dag.dbt_run scheduled__2023-06-22T16:27:05.230862+00:00 [running]> on host 62cfed75eae1
[2023-06-22T16:28:08.708+0000] {taskinstance.py:1518} INFO - Exporting the following env vars:
AIRFLOW_CTX_DAG_OWNER=nburkett
AIRFLOW_CTX_DAG_ID=showpulse_dbt_dag
AIRFLOW_CTX_TASK_ID=dbt_run
AIRFLOW_CTX_EXECUTION_DATE=2023-06-22T16:27:05.230862+00:00
AIRFLOW_CTX_TRY_NUMBER=1
AIRFLOW_CTX_DAG_RUN_ID=scheduled__2023-06-22T16:27:05.230862+00:00
[2023-06-22T16:28:08.710+0000] {subprocess.py:63} INFO - Tmp dir root location: 
 /tmp
[2023-06-22T16:28:08.710+0000] {subprocess.py:75} INFO - Running command: ['/bin/bash', '-c', 'cd /dbt/ticketmaster_transformation && dbt run']
[2023-06-22T16:28:08.718+0000] {subprocess.py:86} INFO - Output:
[2023-06-22T16:28:09.960+0000] {subprocess.py:93} INFO - [0m16:28:09  Running with dbt=1.5.1
[2023-06-22T16:28:10.414+0000] {subprocess.py:93} INFO - [0m16:28:10  Found 4 models, 0 tests, 0 snapshots, 0 analyses, 356 macros, 0 operations, 0 seed files, 3 sources, 0 exposures, 0 metrics, 0 groups
[2023-06-22T16:28:10.417+0000] {subprocess.py:93} INFO - [0m16:28:10
[2023-06-22T16:28:11.297+0000] {subprocess.py:93} INFO - [0m16:28:11  Concurrency: 4 threads (target='dev')
[2023-06-22T16:28:11.300+0000] {subprocess.py:93} INFO - [0m16:28:11
[2023-06-22T16:28:11.316+0000] {subprocess.py:93} INFO - [0m16:28:11  1 of 4 START sql table model twitter_kafka_pyspark_test.distinct_data .......... [RUN]
[2023-06-22T16:28:11.319+0000] {subprocess.py:93} INFO - [0m16:28:11  2 of 4 START sql table model twitter_kafka_pyspark_test.dm_events .............. [RUN]
[2023-06-22T16:28:11.326+0000] {subprocess.py:93} INFO - [0m16:28:11  3 of 4 START sql table model twitter_kafka_pyspark_test.my_first_dbt_model ..... [RUN]
[2023-06-22T16:28:13.438+0000] {subprocess.py:93} INFO - [0m16:28:13  2 of 4 OK created sql table model twitter_kafka_pyspark_test.dm_events ......... [[32mCREATE TABLE (1.3k rows, 178.2 KiB processed)[0m in 2.12s]
[2023-06-22T16:28:13.718+0000] {subprocess.py:93} INFO - [0m16:28:13  3 of 4 OK created sql table model twitter_kafka_pyspark_test.my_first_dbt_model  [[32mCREATE TABLE (2.0 rows, 0 processed)[0m in 2.39s]
[2023-06-22T16:28:13.725+0000] {subprocess.py:93} INFO - [0m16:28:13  4 of 4 START sql view model twitter_kafka_pyspark_test.my_second_dbt_model ..... [RUN]
[2023-06-22T16:28:13.814+0000] {subprocess.py:93} INFO - [0m16:28:13  1 of 4 OK created sql table model twitter_kafka_pyspark_test.distinct_data ..... [[32mCREATE TABLE (1.1k rows, 638.3 KiB processed)[0m in 2.49s]
[2023-06-22T16:28:14.799+0000] {subprocess.py:93} INFO - [0m16:28:14  4 of 4 OK created sql view model twitter_kafka_pyspark_test.my_second_dbt_model  [[32mCREATE VIEW (0 processed)[0m in 1.07s]
[2023-06-22T16:28:14.835+0000] {subprocess.py:93} INFO - [0m16:28:14
[2023-06-22T16:28:14.836+0000] {subprocess.py:93} INFO - [0m16:28:14  Finished running 3 table models, 1 view model in 0 hours 0 minutes and 4.42 seconds (4.42s).
[2023-06-22T16:28:14.852+0000] {subprocess.py:93} INFO - [0m16:28:14
[2023-06-22T16:28:14.853+0000] {subprocess.py:93} INFO - [0m16:28:14  [32mCompleted successfully[0m
[2023-06-22T16:28:14.854+0000] {subprocess.py:93} INFO - [0m16:28:14
[2023-06-22T16:28:14.855+0000] {subprocess.py:93} INFO - [0m16:28:14  Done. PASS=4 WARN=0 ERROR=0 SKIP=0 TOTAL=4
[2023-06-22T16:28:15.347+0000] {subprocess.py:97} INFO - Command exited with return code 0
[2023-06-22T16:28:15.369+0000] {taskinstance.py:1332} INFO - Marking task as SUCCESS. dag_id=showpulse_dbt_dag, task_id=dbt_run, execution_date=20230622T162705, start_date=20230622T162808, end_date=20230622T162815
[2023-06-22T16:28:15.412+0000] {local_task_job.py:212} INFO - Task exited with return code 0
[2023-06-22T16:28:15.426+0000] {taskinstance.py:2596} INFO - 0 downstream tasks scheduled from follow-on schedule check
