[2023-06-12T01:58:04.697+0000] {taskinstance.py:1090} INFO - Dependencies all met for dep_context=non-requeueable deps ti=<TaskInstance: ticketmaster_GCS_to_BQ_dag.move_files_to_bigquery manual__2023-06-12T01:45:47.191323+00:00 [queued]>
[2023-06-12T01:58:04.702+0000] {taskinstance.py:1090} INFO - Dependencies all met for dep_context=requeueable deps ti=<TaskInstance: ticketmaster_GCS_to_BQ_dag.move_files_to_bigquery manual__2023-06-12T01:45:47.191323+00:00 [queued]>
[2023-06-12T01:58:04.703+0000] {taskinstance.py:1288} INFO - 
--------------------------------------------------------------------------------
[2023-06-12T01:58:04.703+0000] {taskinstance.py:1289} INFO - Starting attempt 6 of 6
[2023-06-12T01:58:04.704+0000] {taskinstance.py:1290} INFO - 
--------------------------------------------------------------------------------
[2023-06-12T01:58:04.712+0000] {taskinstance.py:1309} INFO - Executing <Task(GCSToBigQueryOperator): move_files_to_bigquery> on 2023-06-12 01:45:47.191323+00:00
[2023-06-12T01:58:04.718+0000] {standard_task_runner.py:55} INFO - Started process 600 to run task
[2023-06-12T01:58:04.722+0000] {standard_task_runner.py:82} INFO - Running: ['***', 'tasks', 'run', 'ticketmaster_GCS_to_BQ_dag', 'move_files_to_bigquery', 'manual__2023-06-12T01:45:47.191323+00:00', '--job-id', '235', '--raw', '--subdir', 'DAGS_FOLDER/gcs_to_bigquery.py', '--cfg-path', '/tmp/tmps0q83mhq']
[2023-06-12T01:58:04.724+0000] {standard_task_runner.py:83} INFO - Job 235: Subtask move_files_to_bigquery
[2023-06-12T01:58:04.783+0000] {task_command.py:389} INFO - Running <TaskInstance: ticketmaster_GCS_to_BQ_dag.move_files_to_bigquery manual__2023-06-12T01:45:47.191323+00:00 [running]> on host 04f5a8a63034
[2023-06-12T01:58:04.838+0000] {taskinstance.py:1518} INFO - Exporting the following env vars:
AIRFLOW_CTX_DAG_OWNER=nburkett
AIRFLOW_CTX_DAG_ID=ticketmaster_GCS_to_BQ_dag
AIRFLOW_CTX_TASK_ID=move_files_to_bigquery
AIRFLOW_CTX_EXECUTION_DATE=2023-06-12T01:45:47.191323+00:00
AIRFLOW_CTX_TRY_NUMBER=6
AIRFLOW_CTX_DAG_RUN_ID=manual__2023-06-12T01:45:47.191323+00:00
[2023-06-12T01:58:04.840+0000] {crypto.py:83} WARNING - empty cryptography key - values will not be stored encrypted.
[2023-06-12T01:58:04.840+0000] {base.py:73} INFO - Using connection ID 'google_cloud_default' for task execution.
[2023-06-12T01:58:04.841+0000] {gcs_to_bigquery.py:382} INFO - Using existing BigQuery table for storing data...
[2023-06-12T01:58:04.881+0000] {gcs_to_bigquery.py:386} INFO - Executing: {'load': {'autodetect': True, 'createDisposition': 'CREATE_IF_NEEDED', 'destinationTable': {'projectId': 'global-maxim-338114', 'datasetId': 'twitter_kafka_pyspark_test', 'tableId': 'ticketmaster_***_stg'}, 'sourceFormat': 'CSV', 'sourceUris': ['gs://dtc_data_lake_global-maxim-338114/*.parquet'], 'writeDisposition': 'WRITE_APPEND', 'ignoreUnknownValues': False, 'skipLeadingRows': None, 'fieldDelimiter': ',', 'quote': None, 'allowQuotedNewlines': False, 'encoding': 'UTF-8'}}
[2023-06-12T01:58:04.883+0000] {bigquery.py:1546} INFO - Inserting job ***_ticketmaster_GCS_to_BQ_dag_move_files_to_bigquery_2023_06_12T01_45_47_191323_00_00_fea34053c245c5bd4d320d9d2dcd40cc
[2023-06-12T01:58:07.226+0000] {taskinstance.py:1776} ERROR - Task failed with exception
Traceback (most recent call last):
  File "/home/airflow/.local/lib/python3.7/site-packages/airflow/providers/google/cloud/transfers/gcs_to_bigquery.py", line 445, in execute
    job.result(timeout=self.result_timeout, retry=self.result_retry)
  File "/home/airflow/.local/lib/python3.7/site-packages/google/cloud/bigquery/job/base.py", line 728, in result
    return super(_AsyncJob, self).result(timeout=timeout, **kwargs)
  File "/home/airflow/.local/lib/python3.7/site-packages/google/api_core/future/polling.py", line 137, in result
    raise self._exception
google.api_core.exceptions.BadRequest: 400 Provided Schema does not match Table global-maxim-338114:twitter_kafka_pyspark_test.ticketmaster_airflow_stg. Cannot add fields (field: string_field_0)
[2023-06-12T01:58:07.259+0000] {taskinstance.py:1332} INFO - Marking task as FAILED. dag_id=ticketmaster_GCS_to_BQ_dag, task_id=move_files_to_bigquery, execution_date=20230612T014547, start_date=20230612T015804, end_date=20230612T015807
[2023-06-12T01:58:07.280+0000] {standard_task_runner.py:105} ERROR - Failed to execute job 235 for task move_files_to_bigquery (400 Provided Schema does not match Table global-maxim-338114:twitter_kafka_pyspark_test.ticketmaster_airflow_stg. Cannot add fields (field: string_field_0); 600)
[2023-06-12T01:58:07.306+0000] {local_task_job.py:212} INFO - Task exited with return code 1
[2023-06-12T01:58:07.324+0000] {taskinstance.py:2596} INFO - 0 downstream tasks scheduled from follow-on schedule check
