[2023-06-12T02:04:23.382+0000] {taskinstance.py:1090} INFO - Dependencies all met for dep_context=non-requeueable deps ti=<TaskInstance: ticketmaster_GCS_to_BQ_dag.move_files_to_bigquery manual__2023-06-12T01:45:47.191323+00:00 [queued]>
[2023-06-12T02:04:23.390+0000] {taskinstance.py:1090} INFO - Dependencies all met for dep_context=requeueable deps ti=<TaskInstance: ticketmaster_GCS_to_BQ_dag.move_files_to_bigquery manual__2023-06-12T01:45:47.191323+00:00 [queued]>
[2023-06-12T02:04:23.391+0000] {taskinstance.py:1288} INFO - 
--------------------------------------------------------------------------------
[2023-06-12T02:04:23.392+0000] {taskinstance.py:1289} INFO - Starting attempt 7 of 8
[2023-06-12T02:04:23.392+0000] {taskinstance.py:1290} INFO - 
--------------------------------------------------------------------------------
[2023-06-12T02:04:23.401+0000] {taskinstance.py:1309} INFO - Executing <Task(GCSToBigQueryOperator): move_files_to_bigquery> on 2023-06-12 01:45:47.191323+00:00
[2023-06-12T02:04:23.407+0000] {standard_task_runner.py:55} INFO - Started process 749 to run task
[2023-06-12T02:04:23.411+0000] {standard_task_runner.py:82} INFO - Running: ['***', 'tasks', 'run', 'ticketmaster_GCS_to_BQ_dag', 'move_files_to_bigquery', 'manual__2023-06-12T01:45:47.191323+00:00', '--job-id', '236', '--raw', '--subdir', 'DAGS_FOLDER/gcs_to_bigquery.py', '--cfg-path', '/tmp/tmp6wz0cmve']
[2023-06-12T02:04:23.414+0000] {standard_task_runner.py:83} INFO - Job 236: Subtask move_files_to_bigquery
[2023-06-12T02:04:23.476+0000] {task_command.py:389} INFO - Running <TaskInstance: ticketmaster_GCS_to_BQ_dag.move_files_to_bigquery manual__2023-06-12T01:45:47.191323+00:00 [running]> on host 04f5a8a63034
[2023-06-12T02:04:23.536+0000] {taskinstance.py:1518} INFO - Exporting the following env vars:
AIRFLOW_CTX_DAG_OWNER=nburkett
AIRFLOW_CTX_DAG_ID=ticketmaster_GCS_to_BQ_dag
AIRFLOW_CTX_TASK_ID=move_files_to_bigquery
AIRFLOW_CTX_EXECUTION_DATE=2023-06-12T01:45:47.191323+00:00
AIRFLOW_CTX_TRY_NUMBER=7
AIRFLOW_CTX_DAG_RUN_ID=manual__2023-06-12T01:45:47.191323+00:00
[2023-06-12T02:04:23.539+0000] {crypto.py:83} WARNING - empty cryptography key - values will not be stored encrypted.
[2023-06-12T02:04:23.540+0000] {base.py:73} INFO - Using connection ID 'google_cloud_default' for task execution.
[2023-06-12T02:04:23.541+0000] {gcs_to_bigquery.py:382} INFO - Using existing BigQuery table for storing data...
[2023-06-12T02:04:23.584+0000] {gcs_to_bigquery.py:386} INFO - Executing: {'load': {'autodetect': True, 'createDisposition': 'CREATE_IF_NEEDED', 'destinationTable': {'projectId': 'global-maxim-338114', 'datasetId': 'twitter_kafka_pyspark_test', 'tableId': 'ticketmaster_***_stg'}, 'sourceFormat': 'CSV', 'sourceUris': ['gs://dtc_data_lake_global-maxim-338114/*.parquet'], 'writeDisposition': 'WRITE_APPEND', 'ignoreUnknownValues': False, 'schema': {'fields': [SchemaField('event_name', 'STRING', 'NULLABLE', None, (), None), SchemaField('event_type', 'STRING', 'NULLABLE', None, (), None), SchemaField('event_id', 'STRING', 'NULLABLE', None, (), None), SchemaField('event_url', 'STRING', 'NULLABLE', None, (), None), SchemaField('venue_name', 'STRING', 'NULLABLE', None, (), None), SchemaField('venue_id', 'STRING', 'NULLABLE', None, (), None), SchemaField('venue_zipcode', 'INTEGER', 'NULLABLE', None, (), None), SchemaField('venues_timezone', 'STRING', 'NULLABLE', None, (), None), SchemaField('venue_city', 'STRING', 'NULLABLE', None, (), None), SchemaField('venue_state_full', 'STRING', 'NULLABLE', None, (), None), SchemaField('venue_state_short', 'STRING', 'NULLABLE', None, (), None), SchemaField('venue_country_name', 'STRING', 'NULLABLE', None, (), None), SchemaField('venue_country_short', 'STRING', 'NULLABLE', None, (), None), SchemaField('venue_address', 'STRING', 'NULLABLE', None, (), None), SchemaField('venue_longitude', 'FLOAT', 'NULLABLE', None, (), None), SchemaField('venue_latitude', 'FLOAT', 'NULLABLE', None, (), None), SchemaField('attraction_name', 'STRING', 'NULLABLE', None, (), None), SchemaField('attraction_type', 'STRING', 'NULLABLE', None, (), None), SchemaField('attraction_id', 'STRING', 'NULLABLE', None, (), None), SchemaField('attraction_url', 'STRING', 'NULLABLE', None, (), None), SchemaField('attraction_segment_id', 'STRING', 'NULLABLE', None, (), None), SchemaField('attraction_segment_name', 'STRING', 'NULLABLE', None, (), None), SchemaField('attraction_genre_id', 'STRING', 'NULLABLE', None, (), None), SchemaField('attraction_genre_name', 'STRING', 'NULLABLE', None, (), None), SchemaField('attraction_subgenre_id', 'STRING', 'NULLABLE', None, (), None), SchemaField('attraction_subgenre_name', 'STRING', 'NULLABLE', None, (), None), SchemaField('event_start_date', 'DATE', 'NULLABLE', None, (), None), SchemaField('ticket_status', 'STRING', 'NULLABLE', None, (), None), SchemaField('event_start_time', 'STRING', 'NULLABLE', None, (), None), SchemaField('currency', 'STRING', 'NULLABLE', None, (), None), SchemaField('min_price', 'FLOAT', 'NULLABLE', None, (), None), SchemaField('max_price', 'FLOAT', 'NULLABLE', None, (), None)]}, 'skipLeadingRows': None, 'fieldDelimiter': ',', 'quote': None, 'allowQuotedNewlines': False, 'encoding': 'UTF-8'}}
[2023-06-12T02:04:23.586+0000] {bigquery.py:1546} INFO - Inserting job ***_ticketmaster_GCS_to_BQ_dag_move_files_to_bigquery_2023_06_12T01_45_47_191323_00_00_af068b7d7a56524d7479998f74364bc9
[2023-06-12T02:04:23.587+0000] {taskinstance.py:1776} ERROR - Task failed with exception
Traceback (most recent call last):
  File "/home/airflow/.local/lib/python3.7/site-packages/airflow/providers/google/cloud/transfers/gcs_to_bigquery.py", line 387, in execute
    job = self._submit_job(self.hook, job_id)
  File "/home/airflow/.local/lib/python3.7/site-packages/airflow/providers/google/cloud/transfers/gcs_to_bigquery.py", line 314, in _submit_job
    nowait=True,
  File "/home/airflow/.local/lib/python3.7/site-packages/airflow/providers/google/common/hooks/base_google.py", line 468, in inner_wrapper
    return func(self, *args, **kwargs)
  File "/home/airflow/.local/lib/python3.7/site-packages/airflow/providers/google/cloud/hooks/bigquery.py", line 1549, in insert_job
    job._begin()
  File "/home/airflow/.local/lib/python3.7/site-packages/google/cloud/bigquery/job/base.py", line 518, in _begin
    timeout=timeout,
  File "/home/airflow/.local/lib/python3.7/site-packages/google/cloud/bigquery/client.py", line 782, in _call_api
    return call()
  File "/home/airflow/.local/lib/python3.7/site-packages/google/api_core/retry.py", line 288, in retry_wrapped_func
    on_error=on_error,
  File "/home/airflow/.local/lib/python3.7/site-packages/google/api_core/retry.py", line 190, in retry_target
    return target()
  File "/home/airflow/.local/lib/python3.7/site-packages/google/cloud/_http/__init__.py", line 479, in api_request
    data = json.dumps(data)
  File "/usr/local/lib/python3.7/json/__init__.py", line 231, in dumps
    return _default_encoder.encode(obj)
  File "/usr/local/lib/python3.7/json/encoder.py", line 199, in encode
    chunks = self.iterencode(o, _one_shot=True)
  File "/usr/local/lib/python3.7/json/encoder.py", line 257, in iterencode
    return _iterencode(o, 0)
  File "/usr/local/lib/python3.7/json/encoder.py", line 179, in default
    raise TypeError(f'Object of type {o.__class__.__name__} '
TypeError: Object of type SchemaField is not JSON serializable
[2023-06-12T02:04:23.601+0000] {taskinstance.py:1332} INFO - Marking task as UP_FOR_RETRY. dag_id=ticketmaster_GCS_to_BQ_dag, task_id=move_files_to_bigquery, execution_date=20230612T014547, start_date=20230612T020423, end_date=20230612T020423
[2023-06-12T02:04:23.609+0000] {standard_task_runner.py:105} ERROR - Failed to execute job 236 for task move_files_to_bigquery (Object of type SchemaField is not JSON serializable; 749)
[2023-06-12T02:04:23.624+0000] {local_task_job.py:212} INFO - Task exited with return code 1
[2023-06-12T02:04:23.640+0000] {taskinstance.py:2596} INFO - 0 downstream tasks scheduled from follow-on schedule check
