[2023-06-21T03:23:33.724+0000] {taskinstance.py:1090} INFO - Dependencies all met for dep_context=non-requeueable deps ti=<TaskInstance: showpulse_dbt_dag.dbt_run scheduled__2023-06-21T03:22:28.225064+00:00 [queued]>
[2023-06-21T03:23:33.730+0000] {taskinstance.py:1090} INFO - Dependencies all met for dep_context=requeueable deps ti=<TaskInstance: showpulse_dbt_dag.dbt_run scheduled__2023-06-21T03:22:28.225064+00:00 [queued]>
[2023-06-21T03:23:33.731+0000] {taskinstance.py:1288} INFO - 
--------------------------------------------------------------------------------
[2023-06-21T03:23:33.731+0000] {taskinstance.py:1289} INFO - Starting attempt 1 of 1
[2023-06-21T03:23:33.732+0000] {taskinstance.py:1290} INFO - 
--------------------------------------------------------------------------------
[2023-06-21T03:23:33.739+0000] {taskinstance.py:1309} INFO - Executing <Task(BashOperator): dbt_run> on 2023-06-21 03:22:28.225064+00:00
[2023-06-21T03:23:33.743+0000] {standard_task_runner.py:55} INFO - Started process 2593 to run task
[2023-06-21T03:23:33.746+0000] {standard_task_runner.py:82} INFO - Running: ['***', 'tasks', 'run', 'showpulse_dbt_dag', 'dbt_run', 'scheduled__2023-06-21T03:22:28.225064+00:00', '--job-id', '610', '--raw', '--subdir', 'DAGS_FOLDER/dbt_run.py', '--cfg-path', '/tmp/tmppf8s2agz']
[2023-06-21T03:23:33.747+0000] {standard_task_runner.py:83} INFO - Job 610: Subtask dbt_run
[2023-06-21T03:23:33.800+0000] {task_command.py:389} INFO - Running <TaskInstance: showpulse_dbt_dag.dbt_run scheduled__2023-06-21T03:22:28.225064+00:00 [running]> on host 62cfed75eae1
[2023-06-21T03:23:33.850+0000] {taskinstance.py:1518} INFO - Exporting the following env vars:
AIRFLOW_CTX_DAG_OWNER=nburkett
AIRFLOW_CTX_DAG_ID=showpulse_dbt_dag
AIRFLOW_CTX_TASK_ID=dbt_run
AIRFLOW_CTX_EXECUTION_DATE=2023-06-21T03:22:28.225064+00:00
AIRFLOW_CTX_TRY_NUMBER=1
AIRFLOW_CTX_DAG_RUN_ID=scheduled__2023-06-21T03:22:28.225064+00:00
[2023-06-21T03:23:33.851+0000] {subprocess.py:63} INFO - Tmp dir root location: 
 /tmp
[2023-06-21T03:23:33.852+0000] {subprocess.py:75} INFO - Running command: ['/bin/bash', '-c', 'cd /dbt/ticketmaster_transformation && dbt run']
[2023-06-21T03:23:33.860+0000] {subprocess.py:86} INFO - Output:
[2023-06-21T03:23:35.106+0000] {subprocess.py:93} INFO - [0m03:23:35  Running with dbt=1.5.1
[2023-06-21T03:23:35.599+0000] {subprocess.py:93} INFO - [0m03:23:35  Found 4 models, 0 tests, 0 snapshots, 0 analyses, 356 macros, 0 operations, 0 seed files, 3 sources, 0 exposures, 0 metrics, 0 groups
[2023-06-21T03:23:35.602+0000] {subprocess.py:93} INFO - [0m03:23:35
[2023-06-21T03:23:36.358+0000] {subprocess.py:93} INFO - [0m03:23:36  Concurrency: 4 threads (target='dev')
[2023-06-21T03:23:36.359+0000] {subprocess.py:93} INFO - [0m03:23:36
[2023-06-21T03:23:36.368+0000] {subprocess.py:93} INFO - [0m03:23:36  1 of 4 START sql table model twitter_kafka_pyspark_test.distinct_data .......... [RUN]
[2023-06-21T03:23:36.369+0000] {subprocess.py:93} INFO - [0m03:23:36  2 of 4 START sql table model twitter_kafka_pyspark_test.dm_events .............. [RUN]
[2023-06-21T03:23:36.371+0000] {subprocess.py:93} INFO - [0m03:23:36  3 of 4 START sql table model twitter_kafka_pyspark_test.my_first_dbt_model ..... [RUN]
[2023-06-21T03:28:16.635+0000] {subprocess.py:93} INFO - [0m03:28:16  1 of 4 OK created sql table model twitter_kafka_pyspark_test.distinct_data ..... [[32mCREATE TABLE (1.1k rows, 638.3 KiB processed)[0m in 280.26s]
[2023-06-21T03:28:16.637+0000] {subprocess.py:93} INFO - [0m03:28:16  3 of 4 OK created sql table model twitter_kafka_pyspark_test.my_first_dbt_model  [[32mCREATE TABLE (2.0 rows, 0 processed)[0m in 280.26s]
[2023-06-21T03:28:16.644+0000] {subprocess.py:93} INFO - [0m03:28:16  4 of 4 START sql view model twitter_kafka_pyspark_test.my_second_dbt_model ..... [RUN]
[2023-06-21T03:28:17.697+0000] {subprocess.py:93} INFO - [0m03:28:17  4 of 4 OK created sql view model twitter_kafka_pyspark_test.my_second_dbt_model  [[32mCREATE VIEW (0 processed)[0m in 1.05s]
[2023-06-21T03:28:30.617+0000] {subprocess.py:93} INFO - [0m03:28:30  2 of 4 OK created sql table model twitter_kafka_pyspark_test.dm_events ......... [[32mCREATE TABLE (1.3k rows, 178.2 KiB processed)[0m in 294.24s]
[2023-06-21T03:28:30.733+0000] {subprocess.py:93} INFO - [0m03:28:30
[2023-06-21T03:28:30.736+0000] {subprocess.py:93} INFO - [0m03:28:30  Finished running 3 table models, 1 view model in 0 hours 4 minutes and 55.13 seconds (295.13s).
[2023-06-21T03:28:30.777+0000] {subprocess.py:93} INFO - [0m03:28:30
[2023-06-21T03:28:30.778+0000] {subprocess.py:93} INFO - [0m03:28:30  [32mCompleted successfully[0m
[2023-06-21T03:28:30.780+0000] {subprocess.py:93} INFO - [0m03:28:30
[2023-06-21T03:28:30.783+0000] {subprocess.py:93} INFO - [0m03:28:30  Done. PASS=4 WARN=0 ERROR=0 SKIP=0 TOTAL=4
[2023-06-21T03:28:31.325+0000] {subprocess.py:97} INFO - Command exited with return code 0
[2023-06-21T03:28:31.365+0000] {taskinstance.py:1332} INFO - Marking task as SUCCESS. dag_id=showpulse_dbt_dag, task_id=dbt_run, execution_date=20230621T032228, start_date=20230621T032333, end_date=20230621T032831
[2023-06-21T03:28:31.436+0000] {local_task_job.py:212} INFO - Task exited with return code 0
[2023-06-21T03:28:31.464+0000] {taskinstance.py:2596} INFO - 0 downstream tasks scheduled from follow-on schedule check
