[2023-06-04T22:30:24.836+0000] {taskinstance.py:1090} INFO - Dependencies all met for dep_context=non-requeueable deps ti=<TaskInstance: ny_taxi_local.upload_data_to_GCS_Lake.local_to_gcs scheduled__2023-06-03T00:00:00+00:00 [queued]>
[2023-06-04T22:30:24.842+0000] {taskinstance.py:1090} INFO - Dependencies all met for dep_context=requeueable deps ti=<TaskInstance: ny_taxi_local.upload_data_to_GCS_Lake.local_to_gcs scheduled__2023-06-03T00:00:00+00:00 [queued]>
[2023-06-04T22:30:24.843+0000] {taskinstance.py:1288} INFO - 
--------------------------------------------------------------------------------
[2023-06-04T22:30:24.843+0000] {taskinstance.py:1289} INFO - Starting attempt 1 of 1
[2023-06-04T22:30:24.844+0000] {taskinstance.py:1290} INFO - 
--------------------------------------------------------------------------------
[2023-06-04T22:30:24.851+0000] {taskinstance.py:1309} INFO - Executing <Task(_PythonDecoratedOperator): upload_data_to_GCS_Lake.local_to_gcs> on 2023-06-03 00:00:00+00:00
[2023-06-04T22:30:24.856+0000] {standard_task_runner.py:55} INFO - Started process 68 to run task
[2023-06-04T22:30:24.859+0000] {standard_task_runner.py:82} INFO - Running: ['***', 'tasks', 'run', 'ny_taxi_local', 'upload_data_to_GCS_Lake.local_to_gcs', 'scheduled__2023-06-03T00:00:00+00:00', '--job-id', '203', '--raw', '--subdir', 'DAGS_FOLDER/fetch_and_upload.py', '--cfg-path', '/tmp/tmpy1toj3jr']
[2023-06-04T22:30:24.861+0000] {standard_task_runner.py:83} INFO - Job 203: Subtask upload_data_to_GCS_Lake.local_to_gcs
[2023-06-04T22:30:24.914+0000] {task_command.py:389} INFO - Running <TaskInstance: ny_taxi_local.upload_data_to_GCS_Lake.local_to_gcs scheduled__2023-06-03T00:00:00+00:00 [running]> on host fdfc81637e26
[2023-06-04T22:30:24.973+0000] {taskinstance.py:1518} INFO - Exporting the following env vars:
AIRFLOW_CTX_DAG_OWNER=***
AIRFLOW_CTX_DAG_ID=ny_taxi_local
AIRFLOW_CTX_TASK_ID=upload_data_to_GCS_Lake.local_to_gcs
AIRFLOW_CTX_EXECUTION_DATE=2023-06-03T00:00:00+00:00
AIRFLOW_CTX_TRY_NUMBER=1
AIRFLOW_CTX_DAG_RUN_ID=scheduled__2023-06-03T00:00:00+00:00
[2023-06-04T22:30:31.350+0000] {logging_mixin.py:137} INFO - File yellow_tripdata_2023-06-04-22-30-23.parquet uploaded to Project: global-maxim-338114 and Bucket: <Bucket: dtc_data_lake_global-maxim-338114>.
[2023-06-04T22:30:31.354+0000] {python.py:177} INFO - Done. Returned value was: gs://<Bucket: dtc_data_lake_global-maxim-338114>/raw/yellow/2021/yellow_tripdata_2023-06-04-22-30-23.parquet
[2023-06-04T22:30:31.390+0000] {taskinstance.py:1332} INFO - Marking task as SUCCESS. dag_id=ny_taxi_local, task_id=upload_data_to_GCS_Lake.local_to_gcs, execution_date=20230603T000000, start_date=20230604T223024, end_date=20230604T223031
[2023-06-04T22:30:31.429+0000] {local_task_job.py:212} INFO - Task exited with return code 0
[2023-06-04T22:30:31.449+0000] {taskinstance.py:2596} INFO - 2 downstream tasks scheduled from follow-on schedule check
