[2023-06-17T22:01:32.183+0000] {taskinstance.py:1090} INFO - Dependencies all met for dep_context=non-requeueable deps ti=<TaskInstance: showpulse_dbt_dag.install_dbt scheduled__2023-06-17T21:00:00+00:00 [queued]>
[2023-06-17T22:01:32.192+0000] {taskinstance.py:1090} INFO - Dependencies all met for dep_context=requeueable deps ti=<TaskInstance: showpulse_dbt_dag.install_dbt scheduled__2023-06-17T21:00:00+00:00 [queued]>
[2023-06-17T22:01:32.193+0000] {taskinstance.py:1288} INFO - 
--------------------------------------------------------------------------------
[2023-06-17T22:01:32.193+0000] {taskinstance.py:1289} INFO - Starting attempt 1 of 1
[2023-06-17T22:01:32.194+0000] {taskinstance.py:1290} INFO - 
--------------------------------------------------------------------------------
[2023-06-17T22:01:32.205+0000] {taskinstance.py:1309} INFO - Executing <Task(BashOperator): install_dbt> on 2023-06-17 21:00:00+00:00
[2023-06-17T22:01:32.210+0000] {standard_task_runner.py:55} INFO - Started process 58 to run task
[2023-06-17T22:01:32.214+0000] {standard_task_runner.py:82} INFO - Running: ['***', 'tasks', 'run', 'showpulse_dbt_dag', 'install_dbt', 'scheduled__2023-06-17T21:00:00+00:00', '--job-id', '296', '--raw', '--subdir', 'DAGS_FOLDER/dbt_run.py', '--cfg-path', '/tmp/tmpn7rt7yb7']
[2023-06-17T22:01:32.215+0000] {standard_task_runner.py:83} INFO - Job 296: Subtask install_dbt
[2023-06-17T22:01:32.291+0000] {task_command.py:389} INFO - Running <TaskInstance: showpulse_dbt_dag.install_dbt scheduled__2023-06-17T21:00:00+00:00 [running]> on host 1917e6b7052e
[2023-06-17T22:01:32.366+0000] {taskinstance.py:1518} INFO - Exporting the following env vars:
AIRFLOW_CTX_DAG_OWNER=nburkett
AIRFLOW_CTX_DAG_ID=showpulse_dbt_dag
AIRFLOW_CTX_TASK_ID=install_dbt
AIRFLOW_CTX_EXECUTION_DATE=2023-06-17T21:00:00+00:00
AIRFLOW_CTX_TRY_NUMBER=1
AIRFLOW_CTX_DAG_RUN_ID=scheduled__2023-06-17T21:00:00+00:00
[2023-06-17T22:01:32.369+0000] {subprocess.py:63} INFO - Tmp dir root location: 
 /tmp
[2023-06-17T22:01:32.371+0000] {subprocess.py:75} INFO - Running command: ['/bin/bash', '-c', 'pip3 install dbt-bigquery']
[2023-06-17T22:01:32.386+0000] {subprocess.py:86} INFO - Output:
[2023-06-17T22:01:32.780+0000] {subprocess.py:93} INFO - Defaulting to user installation because normal site-packages is not writeable
[2023-06-17T22:01:33.307+0000] {subprocess.py:93} INFO - Collecting dbt-bigquery
[2023-06-17T22:01:33.487+0000] {subprocess.py:93} INFO -   Downloading dbt_bigquery-1.5.2-py3-none-any.whl (55 kB)
[2023-06-17T22:01:33.522+0000] {subprocess.py:93} INFO -      ━━━━━━━━━━━━━━━━━━━━━━━━━━━━━━━━━━━━━━━━ 55.8/55.8 kB 1.6 MB/s eta 0:00:00
[2023-06-17T22:01:33.582+0000] {subprocess.py:93} INFO - Collecting agate~=1.6.3
[2023-06-17T22:01:33.767+0000] {subprocess.py:93} INFO -   Downloading agate-1.6.3-py2.py3-none-any.whl (100 kB)
[2023-06-17T22:01:33.805+0000] {subprocess.py:93} INFO -      ━━━━━━━━━━━━━━━━━━━━━━━━━━━━━━━━━━━━━━━ 100.5/100.5 kB 2.6 MB/s eta 0:00:00
[2023-06-17T22:01:33.895+0000] {subprocess.py:93} INFO - Collecting google-cloud-bigquery~=3.0
[2023-06-17T22:01:33.923+0000] {subprocess.py:93} INFO -   Downloading google_cloud_bigquery-3.11.1-py2.py3-none-any.whl (219 kB)
[2023-06-17T22:01:33.951+0000] {subprocess.py:93} INFO -      ━━━━━━━━━━━━━━━━━━━━━━━━━━━━━━━━━━━━━━━ 219.4/219.4 kB 8.3 MB/s eta 0:00:00
[2023-06-17T22:01:33.952+0000] {subprocess.py:93} INFO - Requirement already satisfied: google-cloud-dataproc~=5.0 in /home/***/.local/lib/python3.7/site-packages (from dbt-bigquery) (5.0.0)
[2023-06-17T22:01:34.037+0000] {subprocess.py:93} INFO - Collecting dbt-core~=1.5.0
[2023-06-17T22:01:34.269+0000] {subprocess.py:93} INFO -   Downloading dbt_core-1.5.1-py3-none-any.whl (947 kB)
[2023-06-17T22:01:34.328+0000] {subprocess.py:93} INFO -      ━━━━━━━━━━━━━━━━━━━━━━━━━━━━━━━━━━━━━━ 947.9/947.9 kB 16.4 MB/s eta 0:00:00
[2023-06-17T22:01:34.332+0000] {subprocess.py:93} INFO - Requirement already satisfied: google-cloud-storage~=2.4 in /home/***/.local/lib/python3.7/site-packages (from dbt-bigquery) (2.7.0)
[2023-06-17T22:01:34.342+0000] {subprocess.py:93} INFO - Requirement already satisfied: Babel>=2.0 in /home/***/.local/lib/python3.7/site-packages (from agate~=1.6.3->dbt-bigquery) (2.12.1)
[2023-06-17T22:01:34.381+0000] {subprocess.py:93} INFO - Collecting parsedatetime!=2.5,!=2.6,>=2.1
[2023-06-17T22:01:34.463+0000] {subprocess.py:93} INFO -   Downloading parsedatetime-2.4.tar.gz (58 kB)
[2023-06-17T22:01:34.468+0000] {subprocess.py:93} INFO -      ━━━━━━━━━━━━━━━━━━━━━━━━━━━━━━━━━━━━━━━━ 58.8/58.8 kB 16.0 MB/s eta 0:00:00
[2023-06-17T22:01:34.478+0000] {subprocess.py:93} INFO -   Preparing metadata (setup.py): started
[2023-06-17T22:01:34.789+0000] {subprocess.py:93} INFO -   Preparing metadata (setup.py): finished with status 'done'
[2023-06-17T22:01:34.791+0000] {subprocess.py:93} INFO - Requirement already satisfied: six>=1.9.0 in /home/***/.local/lib/python3.7/site-packages (from agate~=1.6.3->dbt-bigquery) (1.16.0)
[2023-06-17T22:01:34.858+0000] {subprocess.py:93} INFO - Collecting leather>=0.3.2
[2023-06-17T22:01:34.908+0000] {subprocess.py:93} INFO -   Downloading leather-0.3.4-py2.py3-none-any.whl (31 kB)
[2023-06-17T22:01:34.912+0000] {subprocess.py:93} INFO - Requirement already satisfied: python-slugify>=1.2.1 in /home/***/.local/lib/python3.7/site-packages (from agate~=1.6.3->dbt-bigquery) (8.0.1)
[2023-06-17T22:01:34.913+0000] {subprocess.py:93} INFO - Requirement already satisfied: isodate>=0.5.4 in /home/***/.local/lib/python3.7/site-packages (from agate~=1.6.3->dbt-bigquery) (0.6.1)
[2023-06-17T22:01:34.956+0000] {subprocess.py:93} INFO - Collecting pytimeparse>=1.1.5
[2023-06-17T22:01:34.984+0000] {subprocess.py:93} INFO -   Downloading pytimeparse-1.1.8-py2.py3-none-any.whl (10.0 kB)
[2023-06-17T22:01:34.998+0000] {subprocess.py:93} INFO - Requirement already satisfied: werkzeug<3,>=1 in /home/***/.local/lib/python3.7/site-packages (from dbt-core~=1.5.0->dbt-bigquery) (2.2.3)
[2023-06-17T22:01:34.998+0000] {subprocess.py:93} INFO - Requirement already satisfied: colorama<0.4.7,>=0.3.9 in /home/***/.local/lib/python3.7/site-packages (from dbt-core~=1.5.0->dbt-bigquery) (0.4.6)
[2023-06-17T22:01:35.074+0000] {subprocess.py:93} INFO - Collecting logbook<1.6,>=1.5
[2023-06-17T22:01:35.316+0000] {subprocess.py:93} INFO -   Downloading Logbook-1.5.3.tar.gz (85 kB)
[2023-06-17T22:01:35.321+0000] {subprocess.py:93} INFO -      ━━━━━━━━━━━━━━━━━━━━━━━━━━━━━━━━━━━━━━━━ 85.8/85.8 kB 27.1 MB/s eta 0:00:00
[2023-06-17T22:01:35.332+0000] {subprocess.py:93} INFO -   Preparing metadata (setup.py): started
[2023-06-17T22:01:35.657+0000] {subprocess.py:93} INFO -   Preparing metadata (setup.py): finished with status 'done'
[2023-06-17T22:01:35.660+0000] {subprocess.py:93} INFO - Requirement already satisfied: idna<4,>=2.5 in /home/***/.local/lib/python3.7/site-packages (from dbt-core~=1.5.0->dbt-bigquery) (3.4)
[2023-06-17T22:01:35.660+0000] {subprocess.py:93} INFO - Requirement already satisfied: cffi<2.0.0,>=1.9 in /home/***/.local/lib/python3.7/site-packages (from dbt-core~=1.5.0->dbt-bigquery) (1.15.1)
[2023-06-17T22:01:35.661+0000] {subprocess.py:93} INFO - Requirement already satisfied: typing-extensions>=3.7.4 in /home/***/.local/lib/python3.7/site-packages (from dbt-core~=1.5.0->dbt-bigquery) (4.5.0)
[2023-06-17T22:01:36.072+0000] {subprocess.py:93} INFO - Collecting protobuf>=4.0.0
[2023-06-17T22:01:36.097+0000] {subprocess.py:93} INFO -   Downloading protobuf-4.23.3-cp37-abi3-manylinux2014_aarch64.whl (303 kB)
[2023-06-17T22:01:36.111+0000] {subprocess.py:93} INFO -      ━━━━━━━━━━━━━━━━━━━━━━━━━━━━━━━━━━━━━━ 303.5/303.5 kB 25.5 MB/s eta 0:00:00
[2023-06-17T22:01:36.397+0000] {subprocess.py:93} INFO - Collecting dbt-extractor~=0.4.1
[2023-06-17T22:01:36.426+0000] {subprocess.py:93} INFO -   Downloading dbt_extractor-0.4.1-cp36-abi3-manylinux_2_17_aarch64.manylinux2014_aarch64.whl (1.1 MB)
[2023-06-17T22:01:36.516+0000] {subprocess.py:93} INFO -      ━━━━━━━━━━━━━━━━━━━━━━━━━━━━━━━━━━━━━━━━ 1.1/1.1 MB 13.0 MB/s eta 0:00:00
[2023-06-17T22:01:36.575+0000] {subprocess.py:93} INFO - Collecting hologram<=0.0.16,>=0.0.14
[2023-06-17T22:01:36.624+0000] {subprocess.py:93} INFO -   Downloading hologram-0.0.16-py3-none-any.whl (11 kB)
[2023-06-17T22:01:36.631+0000] {subprocess.py:93} INFO - Requirement already satisfied: pathspec<0.12,>=0.9 in /home/***/.local/lib/python3.7/site-packages (from dbt-core~=1.5.0->dbt-bigquery) (0.9.0)
[2023-06-17T22:01:36.633+0000] {subprocess.py:93} INFO - Requirement already satisfied: packaging>20.9 in /home/***/.local/lib/python3.7/site-packages (from dbt-core~=1.5.0->dbt-bigquery) (21.3)
[2023-06-17T22:01:36.635+0000] {subprocess.py:93} INFO - Requirement already satisfied: pytz>=2015.7 in /home/***/.local/lib/python3.7/site-packages (from dbt-core~=1.5.0->dbt-bigquery) (2023.3)
[2023-06-17T22:01:36.681+0000] {subprocess.py:93} INFO - Collecting minimal-snowplow-tracker==0.0.2
[2023-06-17T22:01:36.717+0000] {subprocess.py:93} INFO -   Downloading minimal-snowplow-tracker-0.0.2.tar.gz (12 kB)
[2023-06-17T22:01:36.724+0000] {subprocess.py:93} INFO -   Preparing metadata (setup.py): started
[2023-06-17T22:01:37.044+0000] {subprocess.py:93} INFO -   Preparing metadata (setup.py): finished with status 'done'
[2023-06-17T22:01:37.046+0000] {subprocess.py:93} INFO - Requirement already satisfied: pyyaml>=6.0 in /home/***/.local/lib/python3.7/site-packages (from dbt-core~=1.5.0->dbt-bigquery) (6.0)
[2023-06-17T22:01:37.133+0000] {subprocess.py:93} INFO - Collecting networkx<2.8.1,>=2.3
[2023-06-17T22:01:37.172+0000] {subprocess.py:93} INFO -   Downloading networkx-2.6.3-py3-none-any.whl (1.9 MB)
[2023-06-17T22:01:37.495+0000] {subprocess.py:93} INFO -      ━━━━━━━━━━━━━━━━━━━━━━━━━━━━━━━━━━━━━━━━ 1.9/1.9 MB 6.0 MB/s eta 0:00:00
[2023-06-17T22:01:37.501+0000] {subprocess.py:93} INFO - Requirement already satisfied: Jinja2==3.1.2 in /home/***/.local/lib/python3.7/site-packages (from dbt-core~=1.5.0->dbt-bigquery) (3.1.2)
[2023-06-17T22:01:37.501+0000] {subprocess.py:93} INFO - Requirement already satisfied: sqlparse<0.4.4,>=0.2.3 in /home/***/.local/lib/python3.7/site-packages (from dbt-core~=1.5.0->dbt-bigquery) (0.4.3)
[2023-06-17T22:01:37.502+0000] {subprocess.py:93} INFO - Requirement already satisfied: requests<3.0.0 in /home/***/.local/lib/python3.7/site-packages (from dbt-core~=1.5.0->dbt-bigquery) (2.28.2)
[2023-06-17T22:01:37.503+0000] {subprocess.py:93} INFO - Requirement already satisfied: click<9,>=7.0 in /home/***/.local/lib/python3.7/site-packages (from dbt-core~=1.5.0->dbt-bigquery) (8.1.3)
[2023-06-17T22:01:37.569+0000] {subprocess.py:93} INFO - Collecting mashumaro[msgpack]==3.6
[2023-06-17T22:01:37.597+0000] {subprocess.py:93} INFO -   Downloading mashumaro-3.6-py3-none-any.whl (66 kB)
[2023-06-17T22:01:37.627+0000] {subprocess.py:93} INFO -      ━━━━━━━━━━━━━━━━━━━━━━━━━━━━━━━━━━━━━━━━ 66.5/66.5 kB 2.0 MB/s eta 0:00:00
[2023-06-17T22:01:37.634+0000] {subprocess.py:93} INFO - Requirement already satisfied: MarkupSafe>=2.0 in /home/***/.local/lib/python3.7/site-packages (from Jinja2==3.1.2->dbt-core~=1.5.0->dbt-bigquery) (2.1.2)
[2023-06-17T22:01:37.641+0000] {subprocess.py:93} INFO - Requirement already satisfied: msgpack>=0.5.6 in /home/***/.local/lib/python3.7/site-packages (from mashumaro[msgpack]==3.6->dbt-core~=1.5.0->dbt-bigquery) (1.0.5)
[2023-06-17T22:01:37.683+0000] {subprocess.py:93} INFO - Requirement already satisfied: google-resumable-media<3.0dev,>=0.6.0 in /home/***/.local/lib/python3.7/site-packages (from google-cloud-bigquery~=3.0->dbt-bigquery) (2.4.1)
[2023-06-17T22:01:37.685+0000] {subprocess.py:93} INFO - Requirement already satisfied: grpcio<2.0dev,>=1.47.0 in /home/***/.local/lib/python3.7/site-packages (from google-cloud-bigquery~=3.0->dbt-bigquery) (1.53.0)
[2023-06-17T22:01:37.686+0000] {subprocess.py:93} INFO - Requirement already satisfied: proto-plus<2.0.0dev,>=1.15.0 in /home/***/.local/lib/python3.7/site-packages (from google-cloud-bigquery~=3.0->dbt-bigquery) (1.19.6)
[2023-06-17T22:01:37.718+0000] {subprocess.py:93} INFO - Requirement already satisfied: google-cloud-core<3.0.0dev,>=1.6.0 in /home/***/.local/lib/python3.7/site-packages (from google-cloud-bigquery~=3.0->dbt-bigquery) (2.3.2)
[2023-06-17T22:01:37.718+0000] {subprocess.py:93} INFO - Requirement already satisfied: python-dateutil<3.0dev,>=2.7.2 in /home/***/.local/lib/python3.7/site-packages (from google-cloud-bigquery~=3.0->dbt-bigquery) (2.8.2)
[2023-06-17T22:01:37.719+0000] {subprocess.py:93} INFO - Requirement already satisfied: google-api-core[grpc]!=2.0.*,!=2.1.*,!=2.2.*,!=2.3.0,<3.0.0dev,>=1.31.5 in /home/***/.local/lib/python3.7/site-packages (from google-cloud-bigquery~=3.0->dbt-bigquery) (2.8.2)
[2023-06-17T22:01:37.956+0000] {subprocess.py:93} INFO - Collecting google-cloud-dataproc~=5.0
[2023-06-17T22:01:37.998+0000] {subprocess.py:93} INFO -   Downloading google_cloud_dataproc-5.4.1-py2.py3-none-any.whl (307 kB)
[2023-06-17T22:01:38.015+0000] {subprocess.py:93} INFO -      ━━━━━━━━━━━━━━━━━━━━━━━━━━━━━━━━━━━━━━ 307.5/307.5 kB 19.2 MB/s eta 0:00:00
[2023-06-17T22:01:38.083+0000] {subprocess.py:93} INFO - Collecting proto-plus<2.0.0dev,>=1.15.0
[2023-06-17T22:01:38.123+0000] {subprocess.py:93} INFO -   Downloading proto_plus-1.22.2-py3-none-any.whl (47 kB)
[2023-06-17T22:01:38.129+0000] {subprocess.py:93} INFO -      ━━━━━━━━━━━━━━━━━━━━━━━━━━━━━━━━━━━━━━━━ 47.9/47.9 kB 8.1 MB/s eta 0:00:00
[2023-06-17T22:01:38.131+0000] {subprocess.py:93} INFO - Requirement already satisfied: grpc-google-iam-v1<1.0.0dev,>=0.12.4 in /home/***/.local/lib/python3.7/site-packages (from google-cloud-dataproc~=5.0->dbt-bigquery) (0.12.4)
[2023-06-17T22:01:38.212+0000] {subprocess.py:93} INFO - Collecting google-api-core[grpc]!=2.0.*,!=2.1.*,!=2.2.*,!=2.3.0,<3.0.0dev,>=1.31.5
[2023-06-17T22:01:38.237+0000] {subprocess.py:93} INFO -   Downloading google_api_core-2.11.1-py3-none-any.whl (120 kB)
[2023-06-17T22:01:38.338+0000] {subprocess.py:93} INFO -      ━━━━━━━━━━━━━━━━━━━━━━━━━━━━━━━━━━━━━━━ 120.5/120.5 kB 1.2 MB/s eta 0:00:00
[2023-06-17T22:01:38.346+0000] {subprocess.py:93} INFO - Requirement already satisfied: google-auth<3.0dev,>=1.25.0 in /home/***/.local/lib/python3.7/site-packages (from google-cloud-storage~=2.4->dbt-bigquery) (2.17.0)
[2023-06-17T22:01:38.350+0000] {subprocess.py:93} INFO - Requirement already satisfied: pycparser in /home/***/.local/lib/python3.7/site-packages (from cffi<2.0.0,>=1.9->dbt-core~=1.5.0->dbt-bigquery) (2.21)
[2023-06-17T22:01:38.353+0000] {subprocess.py:93} INFO - Requirement already satisfied: importlib-metadata in /home/***/.local/lib/python3.7/site-packages (from click<9,>=7.0->dbt-core~=1.5.0->dbt-bigquery) (4.13.0)
[2023-06-17T22:01:38.362+0000] {subprocess.py:93} INFO - Requirement already satisfied: googleapis-common-protos<2.0dev,>=1.56.2 in /home/***/.local/lib/python3.7/site-packages (from google-api-core[grpc]!=2.0.*,!=2.1.*,!=2.2.*,!=2.3.0,<3.0.0dev,>=1.31.5->google-cloud-bigquery~=3.0->dbt-bigquery) (1.56.4)
[2023-06-17T22:01:38.406+0000] {subprocess.py:93} INFO - Requirement already satisfied: grpcio-status<2.0.dev0,>=1.33.2 in /home/***/.local/lib/python3.7/site-packages (from google-api-core[grpc]!=2.0.*,!=2.1.*,!=2.2.*,!=2.3.0,<3.0.0dev,>=1.31.5->google-cloud-bigquery~=3.0->dbt-bigquery) (1.48.2)
[2023-06-17T22:01:38.419+0000] {subprocess.py:93} INFO - Requirement already satisfied: cachetools<6.0,>=2.0.0 in /home/***/.local/lib/python3.7/site-packages (from google-auth<3.0dev,>=1.25.0->google-cloud-storage~=2.4->dbt-bigquery) (5.3.0)
[2023-06-17T22:01:38.419+0000] {subprocess.py:93} INFO - Requirement already satisfied: rsa<5,>=3.1.4 in /home/***/.local/lib/python3.7/site-packages (from google-auth<3.0dev,>=1.25.0->google-cloud-storage~=2.4->dbt-bigquery) (4.9)
[2023-06-17T22:01:38.420+0000] {subprocess.py:93} INFO - Requirement already satisfied: pyasn1-modules>=0.2.1 in /home/***/.local/lib/python3.7/site-packages (from google-auth<3.0dev,>=1.25.0->google-cloud-storage~=2.4->dbt-bigquery) (0.2.8)
[2023-06-17T22:01:38.428+0000] {subprocess.py:93} INFO - Requirement already satisfied: google-crc32c<2.0dev,>=1.0 in /home/***/.local/lib/python3.7/site-packages (from google-resumable-media<3.0dev,>=0.6.0->google-cloud-bigquery~=3.0->dbt-bigquery) (1.5.0)
[2023-06-17T22:01:38.437+0000] {subprocess.py:93} INFO - Requirement already satisfied: jsonschema>=3.0 in /home/***/.local/lib/python3.7/site-packages (from hologram<=0.0.16,>=0.0.14->dbt-core~=1.5.0->dbt-bigquery) (4.17.3)
[2023-06-17T22:01:38.462+0000] {subprocess.py:93} INFO - Requirement already satisfied: pyparsing!=3.0.5,>=2.0.2 in /home/***/.local/lib/python3.7/site-packages (from packaging>20.9->dbt-core~=1.5.0->dbt-bigquery) (3.0.9)
[2023-06-17T22:01:38.465+0000] {subprocess.py:93} INFO - Requirement already satisfied: future in /home/***/.local/lib/python3.7/site-packages (from parsedatetime!=2.5,!=2.6,>=2.1->agate~=1.6.3->dbt-bigquery) (0.18.3)
[2023-06-17T22:01:38.515+0000] {subprocess.py:93} INFO - Requirement already satisfied: text-unidecode>=1.3 in /home/***/.local/lib/python3.7/site-packages (from python-slugify>=1.2.1->agate~=1.6.3->dbt-bigquery) (1.3)
[2023-06-17T22:01:38.529+0000] {subprocess.py:93} INFO - Requirement already satisfied: charset-normalizer<4,>=2 in /home/***/.local/lib/python3.7/site-packages (from requests<3.0.0->dbt-core~=1.5.0->dbt-bigquery) (2.1.1)
[2023-06-17T22:01:38.529+0000] {subprocess.py:93} INFO - Requirement already satisfied: urllib3<1.27,>=1.21.1 in /home/***/.local/lib/python3.7/site-packages (from requests<3.0.0->dbt-core~=1.5.0->dbt-bigquery) (1.26.15)
[2023-06-17T22:01:38.530+0000] {subprocess.py:93} INFO - Requirement already satisfied: certifi>=2017.4.17 in /home/***/.local/lib/python3.7/site-packages (from requests<3.0.0->dbt-core~=1.5.0->dbt-bigquery) (2022.12.7)
[2023-06-17T22:01:38.617+0000] {subprocess.py:93} INFO - Requirement already satisfied: attrs>=17.4.0 in /home/***/.local/lib/python3.7/site-packages (from jsonschema>=3.0->hologram<=0.0.16,>=0.0.14->dbt-core~=1.5.0->dbt-bigquery) (22.2.0)
[2023-06-17T22:01:38.618+0000] {subprocess.py:93} INFO - Requirement already satisfied: pyrsistent!=0.17.0,!=0.17.1,!=0.17.2,>=0.14.0 in /home/***/.local/lib/python3.7/site-packages (from jsonschema>=3.0->hologram<=0.0.16,>=0.0.14->dbt-core~=1.5.0->dbt-bigquery) (0.19.3)
[2023-06-17T22:01:38.618+0000] {subprocess.py:93} INFO - Requirement already satisfied: pkgutil-resolve-name>=1.3.10 in /home/***/.local/lib/python3.7/site-packages (from jsonschema>=3.0->hologram<=0.0.16,>=0.0.14->dbt-core~=1.5.0->dbt-bigquery) (1.3.10)
[2023-06-17T22:01:38.619+0000] {subprocess.py:93} INFO - Requirement already satisfied: importlib-resources>=1.4.0 in /home/***/.local/lib/python3.7/site-packages (from jsonschema>=3.0->hologram<=0.0.16,>=0.0.14->dbt-core~=1.5.0->dbt-bigquery) (5.12.0)
[2023-06-17T22:01:38.630+0000] {subprocess.py:93} INFO - Requirement already satisfied: pyasn1<0.5.0,>=0.4.6 in /home/***/.local/lib/python3.7/site-packages (from pyasn1-modules>=0.2.1->google-auth<3.0dev,>=1.25.0->google-cloud-storage~=2.4->dbt-bigquery) (0.4.8)
[2023-06-17T22:01:38.676+0000] {subprocess.py:93} INFO - Requirement already satisfied: zipp>=0.5 in /home/***/.local/lib/python3.7/site-packages (from importlib-metadata->click<9,>=7.0->dbt-core~=1.5.0->dbt-bigquery) (3.15.0)
[2023-06-17T22:01:38.748+0000] {subprocess.py:93} INFO - Building wheels for collected packages: minimal-snowplow-tracker, logbook, parsedatetime
[2023-06-17T22:01:38.750+0000] {subprocess.py:93} INFO -   Building wheel for minimal-snowplow-tracker (setup.py): started
[2023-06-17T22:01:39.170+0000] {subprocess.py:93} INFO -   Building wheel for minimal-snowplow-tracker (setup.py): finished with status 'done'
[2023-06-17T22:01:39.171+0000] {subprocess.py:93} INFO -   Created wheel for minimal-snowplow-tracker: filename=minimal_snowplow_tracker-0.0.2-py3-none-any.whl size=17800 sha256=2bcf90b2c39dfa81713b90ebbbc15d0af0115174ba1a1316051433a161a9f072
[2023-06-17T22:01:39.172+0000] {subprocess.py:93} INFO -   Stored in directory: /home/***/.cache/pip/wheels/9d/ee/55/8faefee41ca3bccb25152e0159002567575047be7ef1ce8ac1
[2023-06-17T22:01:39.174+0000] {subprocess.py:93} INFO -   Building wheel for logbook (setup.py): started
[2023-06-17T22:01:39.619+0000] {subprocess.py:93} INFO -   Building wheel for logbook (setup.py): finished with status 'done'
[2023-06-17T22:01:39.620+0000] {subprocess.py:93} INFO -   Created wheel for logbook: filename=Logbook-1.5.3-cp37-cp37m-linux_aarch64.whl size=65611 sha256=3e09bc3ddf52879641d60ec594e24f620512d2a59f99c15408078e2683e7a4c0
[2023-06-17T22:01:39.621+0000] {subprocess.py:93} INFO -   Stored in directory: /home/***/.cache/pip/wheels/95/4b/a3/fc9b9d17a06a956767a8dc74058ba64d4306653df2289094cc
[2023-06-17T22:01:39.622+0000] {subprocess.py:93} INFO -   Building wheel for parsedatetime (setup.py): started
[2023-06-17T22:01:40.007+0000] {subprocess.py:93} INFO -   Building wheel for parsedatetime (setup.py): finished with status 'done'
[2023-06-17T22:01:40.008+0000] {subprocess.py:93} INFO -   Created wheel for parsedatetime: filename=parsedatetime-2.4-py3-none-any.whl size=42773 sha256=93d96bb9711b147dc5c7a91b9482cd6035a650dd5ff0387d83f805bf5d2cfd6d
[2023-06-17T22:01:40.009+0000] {subprocess.py:93} INFO -   Stored in directory: /home/***/.cache/pip/wheels/68/0f/b7/539a31a4068565a53913d7f8cfc6c7521cca2ea091b8a72048
[2023-06-17T22:01:40.010+0000] {subprocess.py:93} INFO - Successfully built minimal-snowplow-tracker logbook parsedatetime
[2023-06-17T22:01:42.468+0000] {subprocess.py:93} INFO - Installing collected packages: pytimeparse, logbook, protobuf, parsedatetime, networkx, mashumaro, leather, dbt-extractor, proto-plus, minimal-snowplow-tracker, agate, hologram, google-api-core, dbt-core, google-cloud-dataproc, google-cloud-bigquery, dbt-bigquery
[2023-06-17T22:01:42.500+0000] {subprocess.py:93} INFO -   Attempting uninstall: protobuf
[2023-06-17T22:01:42.501+0000] {subprocess.py:93} INFO -     Found existing installation: protobuf 3.20.0
[2023-06-17T22:01:42.511+0000] {subprocess.py:93} INFO -     Uninstalling protobuf-3.20.0:
[2023-06-17T22:01:42.948+0000] {subprocess.py:93} INFO -       Successfully uninstalled protobuf-3.20.0
[2023-06-17T22:01:43.689+0000] {subprocess.py:93} INFO -   Attempting uninstall: proto-plus
[2023-06-17T22:01:43.690+0000] {subprocess.py:93} INFO -     Found existing installation: proto-plus 1.19.6
[2023-06-17T22:01:43.695+0000] {subprocess.py:93} INFO -     Uninstalling proto-plus-1.19.6:
[2023-06-17T22:01:43.700+0000] {subprocess.py:93} INFO -       Successfully uninstalled proto-plus-1.19.6
[2023-06-17T22:01:43.776+0000] {subprocess.py:93} INFO -   Attempting uninstall: google-api-core
[2023-06-17T22:01:43.776+0000] {subprocess.py:93} INFO -     Found existing installation: google-api-core 2.8.2
[2023-06-17T22:01:43.787+0000] {subprocess.py:93} INFO -     Uninstalling google-api-core-2.8.2:
[2023-06-17T22:01:43.983+0000] {subprocess.py:93} INFO -       Successfully uninstalled google-api-core-2.8.2
[2023-06-17T22:01:44.251+0000] {subprocess.py:93} INFO -   Attempting uninstall: google-cloud-dataproc
[2023-06-17T22:01:44.252+0000] {subprocess.py:93} INFO -     Found existing installation: google-cloud-dataproc 5.0.0
[2023-06-17T22:01:44.276+0000] {subprocess.py:93} INFO -     Uninstalling google-cloud-dataproc-5.0.0:
[2023-06-17T22:01:44.524+0000] {subprocess.py:93} INFO -       Successfully uninstalled google-cloud-dataproc-5.0.0
[2023-06-17T22:01:44.633+0000] {subprocess.py:93} INFO -   Attempting uninstall: google-cloud-bigquery
[2023-06-17T22:01:44.634+0000] {subprocess.py:93} INFO -     Found existing installation: google-cloud-bigquery 2.34.4
[2023-06-17T22:01:44.647+0000] {subprocess.py:93} INFO -     Uninstalling google-cloud-bigquery-2.34.4:
[2023-06-17T22:01:44.898+0000] {subprocess.py:93} INFO -       Successfully uninstalled google-cloud-bigquery-2.34.4
[2023-06-17T22:01:45.048+0000] {subprocess.py:93} INFO - ERROR: pip's dependency resolver does not currently take into account all the packages that are installed. This behaviour is the source of the following dependency conflicts.
[2023-06-17T22:01:45.049+0000] {subprocess.py:93} INFO - mysql-connector-python 8.0.32 requires protobuf<=3.20.3,>=3.11.0, but you have protobuf 4.23.3 which is incompatible.
[2023-06-17T22:01:45.049+0000] {subprocess.py:93} INFO - google-cloud-workflows 1.7.1 requires protobuf<4.0.0dev,>=3.19.0, but you have protobuf 4.23.3 which is incompatible.
[2023-06-17T22:01:45.049+0000] {subprocess.py:93} INFO - google-cloud-vision 1.0.2 requires protobuf<4.0.0dev, but you have protobuf 4.23.3 which is incompatible.
[2023-06-17T22:01:45.050+0000] {subprocess.py:93} INFO - google-cloud-videointelligence 1.16.3 requires protobuf<4.0.0dev, but you have protobuf 4.23.3 which is incompatible.
[2023-06-17T22:01:45.050+0000] {subprocess.py:93} INFO - google-cloud-translate 1.7.2 requires protobuf<4.0.0dev, but you have protobuf 4.23.3 which is incompatible.
[2023-06-17T22:01:45.050+0000] {subprocess.py:93} INFO - google-cloud-texttospeech 1.0.3 requires protobuf<4.0.0dev, but you have protobuf 4.23.3 which is incompatible.
[2023-06-17T22:01:45.062+0000] {subprocess.py:93} INFO - google-cloud-tasks 2.10.1 requires protobuf<4.0.0dev,>=3.19.0, but you have protobuf 4.23.3 which is incompatible.
[2023-06-17T22:01:45.063+0000] {subprocess.py:93} INFO - google-cloud-speech 1.3.4 requires protobuf<4.0.0dev, but you have protobuf 4.23.3 which is incompatible.
[2023-06-17T22:01:45.070+0000] {subprocess.py:93} INFO - google-cloud-spanner 1.19.3 requires protobuf<4.0.0dev, but you have protobuf 4.23.3 which is incompatible.
[2023-06-17T22:01:45.071+0000] {subprocess.py:93} INFO - google-cloud-secret-manager 1.0.2 requires protobuf<4.0.0dev, but you have protobuf 4.23.3 which is incompatible.
[2023-06-17T22:01:45.071+0000] {subprocess.py:93} INFO - google-cloud-resource-manager 1.6.0 requires protobuf<4.0.0dev,>=3.19.0, but you have protobuf 4.23.3 which is incompatible.
[2023-06-17T22:01:45.071+0000] {subprocess.py:93} INFO - google-cloud-redis 2.9.0 requires protobuf<4.0.0dev,>=3.19.0, but you have protobuf 4.23.3 which is incompatible.
[2023-06-17T22:01:45.072+0000] {subprocess.py:93} INFO - google-cloud-pubsub 2.13.5 requires protobuf<4.0.0dev,>=3.19.0, but you have protobuf 4.23.3 which is incompatible.
[2023-06-17T22:01:45.072+0000] {subprocess.py:93} INFO - google-cloud-os-login 2.7.1 requires protobuf<4.0.0dev,>=3.19.0, but you have protobuf 4.23.3 which is incompatible.
[2023-06-17T22:01:45.073+0000] {subprocess.py:93} INFO - google-cloud-orchestration-*** 1.4.1 requires protobuf<4.0.0dev,>=3.19.0, but you have protobuf 4.23.3 which is incompatible.
[2023-06-17T22:01:45.073+0000] {subprocess.py:93} INFO - google-cloud-monitoring 2.11.0 requires protobuf<4.0.0dev,>=3.19.0, but you have protobuf 4.23.3 which is incompatible.
[2023-06-17T22:01:45.074+0000] {subprocess.py:93} INFO - google-cloud-memcache 1.4.1 requires protobuf<4.0.0dev,>=3.19.0, but you have protobuf 4.23.3 which is incompatible.
[2023-06-17T22:01:45.074+0000] {subprocess.py:93} INFO - google-cloud-logging 3.2.1 requires protobuf<4.0.0dev,>=3.19.0, but you have protobuf 4.23.3 which is incompatible.
[2023-06-17T22:01:45.077+0000] {subprocess.py:93} INFO - google-cloud-language 1.3.2 requires protobuf<4.0.0dev, but you have protobuf 4.23.3 which is incompatible.
[2023-06-17T22:01:45.078+0000] {subprocess.py:93} INFO - google-cloud-kms 2.12.0 requires protobuf<4.0.0dev,>=3.19.0, but you have protobuf 4.23.3 which is incompatible.
[2023-06-17T22:01:45.079+0000] {subprocess.py:93} INFO - google-cloud-dlp 3.7.1 requires protobuf<4.0.0dev,>=3.19.0, but you have protobuf 4.23.3 which is incompatible.
[2023-06-17T22:01:45.079+0000] {subprocess.py:93} INFO - google-cloud-dataproc-metastore 1.6.0 requires protobuf<4.0.0dev,>=3.19.0, but you have protobuf 4.23.3 which is incompatible.
[2023-06-17T22:01:45.080+0000] {subprocess.py:93} INFO - google-cloud-dataplex 1.1.0 requires protobuf<4.0.0dev,>=3.19.0, but you have protobuf 4.23.3 which is incompatible.
[2023-06-17T22:01:45.080+0000] {subprocess.py:93} INFO - google-cloud-dataform 0.2.0 requires protobuf<4.0.0dev,>=3.19.0, but you have protobuf 4.23.3 which is incompatible.
[2023-06-17T22:01:45.080+0000] {subprocess.py:93} INFO - google-cloud-dataflow-client 0.5.4 requires protobuf<4.0.0dev,>=3.19.0, but you have protobuf 4.23.3 which is incompatible.
[2023-06-17T22:01:45.081+0000] {subprocess.py:93} INFO - google-cloud-datacatalog 3.9.0 requires protobuf<4.0.0dev,>=3.19.0, but you have protobuf 4.23.3 which is incompatible.
[2023-06-17T22:01:45.081+0000] {subprocess.py:93} INFO - google-cloud-container 2.11.1 requires protobuf<4.0.0dev,>=3.19.0, but you have protobuf 4.23.3 which is incompatible.
[2023-06-17T22:01:45.081+0000] {subprocess.py:93} INFO - google-cloud-build 3.9.0 requires protobuf<4.0.0dev,>=3.19.0, but you have protobuf 4.23.3 which is incompatible.
[2023-06-17T22:01:45.082+0000] {subprocess.py:93} INFO - google-cloud-bigtable 2.11.1 requires protobuf<4.0.0dev,>=3.19.0, but you have protobuf 4.23.3 which is incompatible.
[2023-06-17T22:01:45.082+0000] {subprocess.py:93} INFO - google-cloud-bigquery-storage 2.14.1 requires protobuf<4.0.0dev,>=3.19.0, but you have protobuf 4.23.3 which is incompatible.
[2023-06-17T22:01:45.082+0000] {subprocess.py:93} INFO - google-cloud-bigquery-datatransfer 3.7.0 requires protobuf<4.0.0dev,>=3.19.0, but you have protobuf 4.23.3 which is incompatible.
[2023-06-17T22:01:45.083+0000] {subprocess.py:93} INFO - google-cloud-automl 2.8.0 requires protobuf<4.0.0dev,>=3.19.0, but you have protobuf 4.23.3 which is incompatible.
[2023-06-17T22:01:45.083+0000] {subprocess.py:93} INFO - google-cloud-appengine-logging 1.1.3 requires protobuf<4.0.0dev,>=3.19.0, but you have protobuf 4.23.3 which is incompatible.
[2023-06-17T22:01:45.083+0000] {subprocess.py:93} INFO - google-cloud-aiplatform 1.16.1 requires google-cloud-bigquery<3.0.0dev,>=1.15.0, but you have google-cloud-bigquery 3.11.1 which is incompatible.
[2023-06-17T22:01:45.084+0000] {subprocess.py:93} INFO - google-cloud-aiplatform 1.16.1 requires protobuf<4.0.0dev,>=3.19.0, but you have protobuf 4.23.3 which is incompatible.
[2023-06-17T22:01:45.084+0000] {subprocess.py:93} INFO - google-ads 18.0.0 requires proto-plus==1.19.6, but you have proto-plus 1.22.2 which is incompatible.
[2023-06-17T22:01:45.084+0000] {subprocess.py:93} INFO - google-ads 18.0.0 requires protobuf!=3.18.*,!=3.19.*,<=3.20.0,>=3.12.0, but you have protobuf 4.23.3 which is incompatible.
[2023-06-17T22:01:45.085+0000] {subprocess.py:93} INFO - Successfully installed agate-1.6.3 dbt-bigquery-1.5.2 dbt-core-1.5.1 dbt-extractor-0.4.1 google-api-core-2.11.1 google-cloud-bigquery-3.11.1 google-cloud-dataproc-5.4.1 hologram-0.0.16 leather-0.3.4 logbook-1.5.3 mashumaro-3.6 minimal-snowplow-tracker-0.0.2 networkx-2.6.3 parsedatetime-2.4 proto-plus-1.22.2 protobuf-4.23.3 pytimeparse-1.1.8
[2023-06-17T22:01:45.361+0000] {subprocess.py:93} INFO - 
[2023-06-17T22:01:45.362+0000] {subprocess.py:93} INFO - [notice] A new release of pip is available: 23.0.1 -> 23.1.2
[2023-06-17T22:01:45.363+0000] {subprocess.py:93} INFO - [notice] To update, run: python -m pip install --upgrade pip
[2023-06-17T22:01:45.542+0000] {subprocess.py:97} INFO - Command exited with return code 0
[2023-06-17T22:01:45.579+0000] {taskinstance.py:1332} INFO - Marking task as SUCCESS. dag_id=showpulse_dbt_dag, task_id=install_dbt, execution_date=20230617T210000, start_date=20230617T220132, end_date=20230617T220145
[2023-06-17T22:01:45.638+0000] {local_task_job.py:212} INFO - Task exited with return code 0
[2023-06-17T22:01:45.665+0000] {taskinstance.py:2596} INFO - 1 downstream tasks scheduled from follow-on schedule check
