[2023-06-23T00:32:26.173+0000] {taskinstance.py:1090} INFO - Dependencies all met for dep_context=non-requeueable deps ti=<TaskInstance: showpulse_dbt_dag.dbt_run scheduled__2023-06-23T00:31:22.829752+00:00 [queued]>
[2023-06-23T00:32:26.180+0000] {taskinstance.py:1090} INFO - Dependencies all met for dep_context=requeueable deps ti=<TaskInstance: showpulse_dbt_dag.dbt_run scheduled__2023-06-23T00:31:22.829752+00:00 [queued]>
[2023-06-23T00:32:26.180+0000] {taskinstance.py:1288} INFO - 
--------------------------------------------------------------------------------
[2023-06-23T00:32:26.181+0000] {taskinstance.py:1289} INFO - Starting attempt 1 of 1
[2023-06-23T00:32:26.181+0000] {taskinstance.py:1290} INFO - 
--------------------------------------------------------------------------------
[2023-06-23T00:32:26.189+0000] {taskinstance.py:1309} INFO - Executing <Task(BashOperator): dbt_run> on 2023-06-23 00:31:22.829752+00:00
[2023-06-23T00:32:26.193+0000] {standard_task_runner.py:55} INFO - Started process 20236 to run task
[2023-06-23T00:32:26.196+0000] {standard_task_runner.py:82} INFO - Running: ['***', 'tasks', 'run', 'showpulse_dbt_dag', 'dbt_run', 'scheduled__2023-06-23T00:31:22.829752+00:00', '--job-id', '2318', '--raw', '--subdir', 'DAGS_FOLDER/dbt_run.py', '--cfg-path', '/tmp/tmpgm8i211w']
[2023-06-23T00:32:26.196+0000] {standard_task_runner.py:83} INFO - Job 2318: Subtask dbt_run
[2023-06-23T00:32:26.248+0000] {task_command.py:389} INFO - Running <TaskInstance: showpulse_dbt_dag.dbt_run scheduled__2023-06-23T00:31:22.829752+00:00 [running]> on host 62cfed75eae1
[2023-06-23T00:32:26.300+0000] {taskinstance.py:1518} INFO - Exporting the following env vars:
AIRFLOW_CTX_DAG_OWNER=nburkett
AIRFLOW_CTX_DAG_ID=showpulse_dbt_dag
AIRFLOW_CTX_TASK_ID=dbt_run
AIRFLOW_CTX_EXECUTION_DATE=2023-06-23T00:31:22.829752+00:00
AIRFLOW_CTX_TRY_NUMBER=1
AIRFLOW_CTX_DAG_RUN_ID=scheduled__2023-06-23T00:31:22.829752+00:00
[2023-06-23T00:32:26.301+0000] {subprocess.py:63} INFO - Tmp dir root location: 
 /tmp
[2023-06-23T00:32:26.302+0000] {subprocess.py:75} INFO - Running command: ['/bin/bash', '-c', 'cd /dbt/ticketmaster_transformation && dbt run']
[2023-06-23T00:32:26.310+0000] {subprocess.py:86} INFO - Output:
[2023-06-23T00:32:27.546+0000] {subprocess.py:93} INFO - [0m00:32:27  Running with dbt=1.5.1
[2023-06-23T00:32:28.063+0000] {subprocess.py:93} INFO - [0m00:32:28  Found 4 models, 0 tests, 0 snapshots, 0 analyses, 356 macros, 0 operations, 0 seed files, 3 sources, 0 exposures, 0 metrics, 0 groups
[2023-06-23T00:32:28.066+0000] {subprocess.py:93} INFO - [0m00:32:28
[2023-06-23T00:32:28.939+0000] {subprocess.py:93} INFO - [0m00:32:28  Concurrency: 4 threads (target='dev')
[2023-06-23T00:32:28.943+0000] {subprocess.py:93} INFO - [0m00:32:28
[2023-06-23T00:32:28.960+0000] {subprocess.py:93} INFO - [0m00:32:28  1 of 4 START sql table model twitter_kafka_pyspark_test.distinct_data .......... [RUN]
[2023-06-23T00:32:28.963+0000] {subprocess.py:93} INFO - [0m00:32:28  2 of 4 START sql table model twitter_kafka_pyspark_test.dm_events .............. [RUN]
[2023-06-23T00:32:28.966+0000] {subprocess.py:93} INFO - [0m00:32:28  3 of 4 START sql table model twitter_kafka_pyspark_test.my_first_dbt_model ..... [RUN]
[2023-06-23T00:32:31.754+0000] {subprocess.py:93} INFO - [0m00:32:31  2 of 4 OK created sql table model twitter_kafka_pyspark_test.dm_events ......... [[32mCREATE TABLE (1.3k rows, 178.2 KiB processed)[0m in 2.78s]
[2023-06-23T00:32:31.811+0000] {subprocess.py:93} INFO - [0m00:32:31  3 of 4 OK created sql table model twitter_kafka_pyspark_test.my_first_dbt_model  [[32mCREATE TABLE (2.0 rows, 0 processed)[0m in 2.84s]
[2023-06-23T00:32:31.815+0000] {subprocess.py:93} INFO - [0m00:32:31  4 of 4 START sql view model twitter_kafka_pyspark_test.my_second_dbt_model ..... [RUN]
[2023-06-23T00:32:32.000+0000] {subprocess.py:93} INFO - [0m00:32:32  1 of 4 OK created sql table model twitter_kafka_pyspark_test.distinct_data ..... [[32mCREATE TABLE (1.1k rows, 638.3 KiB processed)[0m in 3.03s]
[2023-06-23T00:32:32.718+0000] {subprocess.py:93} INFO - [0m00:32:32  4 of 4 OK created sql view model twitter_kafka_pyspark_test.my_second_dbt_model  [[32mCREATE VIEW (0 processed)[0m in 0.90s]
[2023-06-23T00:32:32.843+0000] {subprocess.py:93} INFO - [0m00:32:32
[2023-06-23T00:32:32.846+0000] {subprocess.py:93} INFO - [0m00:32:32  Finished running 3 table models, 1 view model in 0 hours 0 minutes and 4.78 seconds (4.78s).
[2023-06-23T00:32:32.881+0000] {subprocess.py:93} INFO - [0m00:32:32
[2023-06-23T00:32:32.883+0000] {subprocess.py:93} INFO - [0m00:32:32  [32mCompleted successfully[0m
[2023-06-23T00:32:32.884+0000] {subprocess.py:93} INFO - [0m00:32:32
[2023-06-23T00:32:32.886+0000] {subprocess.py:93} INFO - [0m00:32:32  Done. PASS=4 WARN=0 ERROR=0 SKIP=0 TOTAL=4
[2023-06-23T00:32:33.393+0000] {subprocess.py:97} INFO - Command exited with return code 0
[2023-06-23T00:32:33.416+0000] {taskinstance.py:1332} INFO - Marking task as SUCCESS. dag_id=showpulse_dbt_dag, task_id=dbt_run, execution_date=20230623T003122, start_date=20230623T003226, end_date=20230623T003233
[2023-06-23T00:32:33.440+0000] {local_task_job.py:212} INFO - Task exited with return code 0
[2023-06-23T00:32:33.453+0000] {taskinstance.py:2596} INFO - 0 downstream tasks scheduled from follow-on schedule check
