[2023-06-21T00:54:46.919+0000] {taskinstance.py:1090} INFO - Dependencies all met for dep_context=non-requeueable deps ti=<TaskInstance: showpulse_dbt_dag.pwd2 scheduled__2023-06-21T00:53:43.539608+00:00 [queued]>
[2023-06-21T00:54:46.927+0000] {taskinstance.py:1090} INFO - Dependencies all met for dep_context=requeueable deps ti=<TaskInstance: showpulse_dbt_dag.pwd2 scheduled__2023-06-21T00:53:43.539608+00:00 [queued]>
[2023-06-21T00:54:46.928+0000] {taskinstance.py:1288} INFO - 
--------------------------------------------------------------------------------
[2023-06-21T00:54:46.929+0000] {taskinstance.py:1289} INFO - Starting attempt 1 of 1
[2023-06-21T00:54:46.929+0000] {taskinstance.py:1290} INFO - 
--------------------------------------------------------------------------------
[2023-06-21T00:54:46.940+0000] {taskinstance.py:1309} INFO - Executing <Task(BashOperator): pwd2> on 2023-06-21 00:53:43.539608+00:00
[2023-06-21T00:54:46.944+0000] {standard_task_runner.py:55} INFO - Started process 1688 to run task
[2023-06-21T00:54:46.948+0000] {standard_task_runner.py:82} INFO - Running: ['***', 'tasks', 'run', 'showpulse_dbt_dag', 'pwd2', 'scheduled__2023-06-21T00:53:43.539608+00:00', '--job-id', '513', '--raw', '--subdir', 'DAGS_FOLDER/dbt_run.py', '--cfg-path', '/tmp/tmpy0q20u35']
[2023-06-21T00:54:46.950+0000] {standard_task_runner.py:83} INFO - Job 513: Subtask pwd2
[2023-06-21T00:54:47.017+0000] {task_command.py:389} INFO - Running <TaskInstance: showpulse_dbt_dag.pwd2 scheduled__2023-06-21T00:53:43.539608+00:00 [running]> on host 62cfed75eae1
[2023-06-21T00:54:47.082+0000] {taskinstance.py:1518} INFO - Exporting the following env vars:
AIRFLOW_CTX_DAG_OWNER=nburkett
AIRFLOW_CTX_DAG_ID=showpulse_dbt_dag
AIRFLOW_CTX_TASK_ID=pwd2
AIRFLOW_CTX_EXECUTION_DATE=2023-06-21T00:53:43.539608+00:00
AIRFLOW_CTX_TRY_NUMBER=1
AIRFLOW_CTX_DAG_RUN_ID=scheduled__2023-06-21T00:53:43.539608+00:00
[2023-06-21T00:54:47.084+0000] {subprocess.py:63} INFO - Tmp dir root location: 
 /tmp
[2023-06-21T00:54:47.085+0000] {subprocess.py:75} INFO - Running command: ['/bin/bash', '-c', 'cd /dbt/ticketmaster_transformation && pwd && ls']
[2023-06-21T00:54:47.096+0000] {subprocess.py:86} INFO - Output:
[2023-06-21T00:54:47.098+0000] {subprocess.py:93} INFO - /dbt/ticketmaster_transformation
[2023-06-21T00:54:47.100+0000] {subprocess.py:93} INFO - README.md
[2023-06-21T00:54:47.100+0000] {subprocess.py:93} INFO - analyses
[2023-06-21T00:54:47.101+0000] {subprocess.py:93} INFO - dbt_packages
[2023-06-21T00:54:47.101+0000] {subprocess.py:93} INFO - dbt_project.yml
[2023-06-21T00:54:47.102+0000] {subprocess.py:93} INFO - logs
[2023-06-21T00:54:47.102+0000] {subprocess.py:93} INFO - macros
[2023-06-21T00:54:47.103+0000] {subprocess.py:93} INFO - models
[2023-06-21T00:54:47.103+0000] {subprocess.py:93} INFO - profiles.yml
[2023-06-21T00:54:47.104+0000] {subprocess.py:93} INFO - seeds
[2023-06-21T00:54:47.104+0000] {subprocess.py:93} INFO - snapshots
[2023-06-21T00:54:47.105+0000] {subprocess.py:93} INFO - target
[2023-06-21T00:54:47.105+0000] {subprocess.py:93} INFO - tests
[2023-06-21T00:54:47.106+0000] {subprocess.py:97} INFO - Command exited with return code 0
[2023-06-21T00:54:47.131+0000] {taskinstance.py:1332} INFO - Marking task as SUCCESS. dag_id=showpulse_dbt_dag, task_id=pwd2, execution_date=20230621T005343, start_date=20230621T005446, end_date=20230621T005447
[2023-06-21T00:54:47.162+0000] {local_task_job.py:212} INFO - Task exited with return code 0
[2023-06-21T00:54:47.181+0000] {taskinstance.py:2596} INFO - 1 downstream tasks scheduled from follow-on schedule check
