[2023-06-22T03:08:32.089+0000] {taskinstance.py:1090} INFO - Dependencies all met for dep_context=non-requeueable deps ti=<TaskInstance: showpulse_dbt_dag.dbt_run scheduled__2023-06-22T03:07:28.440116+00:00 [queued]>
[2023-06-22T03:08:32.095+0000] {taskinstance.py:1090} INFO - Dependencies all met for dep_context=requeueable deps ti=<TaskInstance: showpulse_dbt_dag.dbt_run scheduled__2023-06-22T03:07:28.440116+00:00 [queued]>
[2023-06-22T03:08:32.096+0000] {taskinstance.py:1288} INFO - 
--------------------------------------------------------------------------------
[2023-06-22T03:08:32.096+0000] {taskinstance.py:1289} INFO - Starting attempt 1 of 1
[2023-06-22T03:08:32.097+0000] {taskinstance.py:1290} INFO - 
--------------------------------------------------------------------------------
[2023-06-22T03:08:32.104+0000] {taskinstance.py:1309} INFO - Executing <Task(BashOperator): dbt_run> on 2023-06-22 03:07:28.440116+00:00
[2023-06-22T03:08:32.108+0000] {standard_task_runner.py:55} INFO - Started process 14816 to run task
[2023-06-22T03:08:32.111+0000] {standard_task_runner.py:82} INFO - Running: ['***', 'tasks', 'run', 'showpulse_dbt_dag', 'dbt_run', 'scheduled__2023-06-22T03:07:28.440116+00:00', '--job-id', '1730', '--raw', '--subdir', 'DAGS_FOLDER/dbt_run.py', '--cfg-path', '/tmp/tmp33kj1wye']
[2023-06-22T03:08:32.112+0000] {standard_task_runner.py:83} INFO - Job 1730: Subtask dbt_run
[2023-06-22T03:08:32.165+0000] {task_command.py:389} INFO - Running <TaskInstance: showpulse_dbt_dag.dbt_run scheduled__2023-06-22T03:07:28.440116+00:00 [running]> on host 62cfed75eae1
[2023-06-22T03:08:32.215+0000] {taskinstance.py:1518} INFO - Exporting the following env vars:
AIRFLOW_CTX_DAG_OWNER=nburkett
AIRFLOW_CTX_DAG_ID=showpulse_dbt_dag
AIRFLOW_CTX_TASK_ID=dbt_run
AIRFLOW_CTX_EXECUTION_DATE=2023-06-22T03:07:28.440116+00:00
AIRFLOW_CTX_TRY_NUMBER=1
AIRFLOW_CTX_DAG_RUN_ID=scheduled__2023-06-22T03:07:28.440116+00:00
[2023-06-22T03:08:32.216+0000] {subprocess.py:63} INFO - Tmp dir root location: 
 /tmp
[2023-06-22T03:08:32.217+0000] {subprocess.py:75} INFO - Running command: ['/bin/bash', '-c', 'cd /dbt/ticketmaster_transformation && dbt run']
[2023-06-22T03:08:32.225+0000] {subprocess.py:86} INFO - Output:
[2023-06-22T03:08:33.500+0000] {subprocess.py:93} INFO - [0m03:08:33  Running with dbt=1.5.1
[2023-06-22T03:08:34.001+0000] {subprocess.py:93} INFO - [0m03:08:34  Found 4 models, 0 tests, 0 snapshots, 0 analyses, 356 macros, 0 operations, 0 seed files, 3 sources, 0 exposures, 0 metrics, 0 groups
[2023-06-22T03:08:34.006+0000] {subprocess.py:93} INFO - [0m03:08:34
[2023-06-22T03:08:34.981+0000] {subprocess.py:93} INFO - [0m03:08:34  Concurrency: 4 threads (target='dev')
[2023-06-22T03:08:34.986+0000] {subprocess.py:93} INFO - [0m03:08:34
[2023-06-22T03:08:35.004+0000] {subprocess.py:93} INFO - [0m03:08:35  1 of 4 START sql table model twitter_kafka_pyspark_test.distinct_data .......... [RUN]
[2023-06-22T03:08:35.007+0000] {subprocess.py:93} INFO - [0m03:08:35  2 of 4 START sql table model twitter_kafka_pyspark_test.dm_events .............. [RUN]
[2023-06-22T03:08:35.010+0000] {subprocess.py:93} INFO - [0m03:08:35  3 of 4 START sql table model twitter_kafka_pyspark_test.my_first_dbt_model ..... [RUN]
[2023-06-22T03:08:37.938+0000] {subprocess.py:93} INFO - [0m03:08:37  3 of 4 OK created sql table model twitter_kafka_pyspark_test.my_first_dbt_model  [[32mCREATE TABLE (2.0 rows, 0 processed)[0m in 2.92s]
[2023-06-22T03:08:37.945+0000] {subprocess.py:93} INFO - [0m03:08:37  4 of 4 START sql view model twitter_kafka_pyspark_test.my_second_dbt_model ..... [RUN]
[2023-06-22T03:08:38.139+0000] {subprocess.py:93} INFO - [0m03:08:38  2 of 4 OK created sql table model twitter_kafka_pyspark_test.dm_events ......... [[32mCREATE TABLE (1.3k rows, 178.2 KiB processed)[0m in 3.12s]
[2023-06-22T03:08:38.642+0000] {subprocess.py:93} INFO - [0m03:08:38  1 of 4 OK created sql table model twitter_kafka_pyspark_test.distinct_data ..... [[32mCREATE TABLE (1.1k rows, 638.3 KiB processed)[0m in 3.63s]
[2023-06-22T03:08:38.953+0000] {subprocess.py:93} INFO - [0m03:08:38  4 of 4 OK created sql view model twitter_kafka_pyspark_test.my_second_dbt_model  [[32mCREATE VIEW (0 processed)[0m in 1.00s]
[2023-06-22T03:08:39.074+0000] {subprocess.py:93} INFO - [0m03:08:39
[2023-06-22T03:08:39.077+0000] {subprocess.py:93} INFO - [0m03:08:39  Finished running 3 table models, 1 view model in 0 hours 0 minutes and 5.06 seconds (5.06s).
[2023-06-22T03:08:39.112+0000] {subprocess.py:93} INFO - [0m03:08:39
[2023-06-22T03:08:39.114+0000] {subprocess.py:93} INFO - [0m03:08:39  [32mCompleted successfully[0m
[2023-06-22T03:08:39.115+0000] {subprocess.py:93} INFO - [0m03:08:39
[2023-06-22T03:08:39.116+0000] {subprocess.py:93} INFO - [0m03:08:39  Done. PASS=4 WARN=0 ERROR=0 SKIP=0 TOTAL=4
[2023-06-22T03:08:39.549+0000] {subprocess.py:97} INFO - Command exited with return code 0
[2023-06-22T03:08:39.576+0000] {taskinstance.py:1332} INFO - Marking task as SUCCESS. dag_id=showpulse_dbt_dag, task_id=dbt_run, execution_date=20230622T030728, start_date=20230622T030832, end_date=20230622T030839
[2023-06-22T03:08:39.631+0000] {local_task_job.py:212} INFO - Task exited with return code 0
[2023-06-22T03:08:39.647+0000] {taskinstance.py:2596} INFO - 0 downstream tasks scheduled from follow-on schedule check
