[2023-06-23T00:58:34.904+0000] {taskinstance.py:1090} INFO - Dependencies all met for dep_context=non-requeueable deps ti=<TaskInstance: showpulse_dbt_dag.dbt_run scheduled__2023-06-23T00:57:30.826087+00:00 [queued]>
[2023-06-23T00:58:34.911+0000] {taskinstance.py:1090} INFO - Dependencies all met for dep_context=requeueable deps ti=<TaskInstance: showpulse_dbt_dag.dbt_run scheduled__2023-06-23T00:57:30.826087+00:00 [queued]>
[2023-06-23T00:58:34.911+0000] {taskinstance.py:1288} INFO - 
--------------------------------------------------------------------------------
[2023-06-23T00:58:34.912+0000] {taskinstance.py:1289} INFO - Starting attempt 1 of 1
[2023-06-23T00:58:34.913+0000] {taskinstance.py:1290} INFO - 
--------------------------------------------------------------------------------
[2023-06-23T00:58:34.921+0000] {taskinstance.py:1309} INFO - Executing <Task(BashOperator): dbt_run> on 2023-06-23 00:57:30.826087+00:00
[2023-06-23T00:58:34.925+0000] {standard_task_runner.py:55} INFO - Started process 21540 to run task
[2023-06-23T00:58:34.928+0000] {standard_task_runner.py:82} INFO - Running: ['***', 'tasks', 'run', 'showpulse_dbt_dag', 'dbt_run', 'scheduled__2023-06-23T00:57:30.826087+00:00', '--job-id', '2422', '--raw', '--subdir', 'DAGS_FOLDER/dbt_run.py', '--cfg-path', '/tmp/tmprwpi3an6']
[2023-06-23T00:58:34.929+0000] {standard_task_runner.py:83} INFO - Job 2422: Subtask dbt_run
[2023-06-23T00:58:34.985+0000] {task_command.py:389} INFO - Running <TaskInstance: showpulse_dbt_dag.dbt_run scheduled__2023-06-23T00:57:30.826087+00:00 [running]> on host 62cfed75eae1
[2023-06-23T00:58:35.039+0000] {taskinstance.py:1518} INFO - Exporting the following env vars:
AIRFLOW_CTX_DAG_OWNER=nburkett
AIRFLOW_CTX_DAG_ID=showpulse_dbt_dag
AIRFLOW_CTX_TASK_ID=dbt_run
AIRFLOW_CTX_EXECUTION_DATE=2023-06-23T00:57:30.826087+00:00
AIRFLOW_CTX_TRY_NUMBER=1
AIRFLOW_CTX_DAG_RUN_ID=scheduled__2023-06-23T00:57:30.826087+00:00
[2023-06-23T00:58:35.041+0000] {subprocess.py:63} INFO - Tmp dir root location: 
 /tmp
[2023-06-23T00:58:35.041+0000] {subprocess.py:75} INFO - Running command: ['/bin/bash', '-c', 'cd /dbt/ticketmaster_transformation && dbt run']
[2023-06-23T00:58:35.050+0000] {subprocess.py:86} INFO - Output:
[2023-06-23T00:58:36.341+0000] {subprocess.py:93} INFO - [0m00:58:36  Running with dbt=1.5.1
[2023-06-23T00:58:36.856+0000] {subprocess.py:93} INFO - [0m00:58:36  Found 4 models, 0 tests, 0 snapshots, 0 analyses, 356 macros, 0 operations, 0 seed files, 3 sources, 0 exposures, 0 metrics, 0 groups
[2023-06-23T00:58:36.859+0000] {subprocess.py:93} INFO - [0m00:58:36
[2023-06-23T00:58:37.770+0000] {subprocess.py:93} INFO - [0m00:58:37  Concurrency: 4 threads (target='dev')
[2023-06-23T00:58:37.772+0000] {subprocess.py:93} INFO - [0m00:58:37
[2023-06-23T00:58:37.782+0000] {subprocess.py:93} INFO - [0m00:58:37  1 of 4 START sql table model twitter_kafka_pyspark_test.distinct_data .......... [RUN]
[2023-06-23T00:58:37.783+0000] {subprocess.py:93} INFO - [0m00:58:37  2 of 4 START sql table model twitter_kafka_pyspark_test.dm_events .............. [RUN]
[2023-06-23T00:58:37.785+0000] {subprocess.py:93} INFO - [0m00:58:37  3 of 4 START sql table model twitter_kafka_pyspark_test.my_first_dbt_model ..... [RUN]
[2023-06-23T00:58:40.434+0000] {subprocess.py:93} INFO - [0m00:58:40  3 of 4 OK created sql table model twitter_kafka_pyspark_test.my_first_dbt_model  [[32mCREATE TABLE (2.0 rows, 0 processed)[0m in 2.64s]
[2023-06-23T00:58:40.438+0000] {subprocess.py:93} INFO - [0m00:58:40  4 of 4 START sql view model twitter_kafka_pyspark_test.my_second_dbt_model ..... [RUN]
[2023-06-23T00:58:40.670+0000] {subprocess.py:93} INFO - [0m00:58:40  2 of 4 OK created sql table model twitter_kafka_pyspark_test.dm_events ......... [[32mCREATE TABLE (1.4k rows, 186.0 KiB processed)[0m in 2.88s]
[2023-06-23T00:58:40.700+0000] {subprocess.py:93} INFO - [0m00:58:40  1 of 4 OK created sql table model twitter_kafka_pyspark_test.distinct_data ..... [[32mCREATE TABLE (1.1k rows, 663.4 KiB processed)[0m in 2.91s]
[2023-06-23T00:58:41.400+0000] {subprocess.py:93} INFO - [0m00:58:41  4 of 4 OK created sql view model twitter_kafka_pyspark_test.my_second_dbt_model  [[32mCREATE VIEW (0 processed)[0m in 0.96s]
[2023-06-23T00:58:41.433+0000] {subprocess.py:93} INFO - [0m00:58:41
[2023-06-23T00:58:41.435+0000] {subprocess.py:93} INFO - [0m00:58:41  Finished running 3 table models, 1 view model in 0 hours 0 minutes and 4.57 seconds (4.57s).
[2023-06-23T00:58:41.455+0000] {subprocess.py:93} INFO - [0m00:58:41
[2023-06-23T00:58:41.456+0000] {subprocess.py:93} INFO - [0m00:58:41  [32mCompleted successfully[0m
[2023-06-23T00:58:41.457+0000] {subprocess.py:93} INFO - [0m00:58:41
[2023-06-23T00:58:41.459+0000] {subprocess.py:93} INFO - [0m00:58:41  Done. PASS=4 WARN=0 ERROR=0 SKIP=0 TOTAL=4
[2023-06-23T00:58:41.941+0000] {subprocess.py:97} INFO - Command exited with return code 0
[2023-06-23T00:58:41.968+0000] {taskinstance.py:1332} INFO - Marking task as SUCCESS. dag_id=showpulse_dbt_dag, task_id=dbt_run, execution_date=20230623T005730, start_date=20230623T005834, end_date=20230623T005841
[2023-06-23T00:58:41.994+0000] {local_task_job.py:212} INFO - Task exited with return code 0
[2023-06-23T00:58:42.010+0000] {taskinstance.py:2596} INFO - 0 downstream tasks scheduled from follow-on schedule check
