[2023-05-14T00:51:52.961+0000] {taskinstance.py:1090} INFO - Dependencies all met for dep_context=non-requeueable deps ti=<TaskInstance: ny_taxi_local.delete_local_file.check_for_files scheduled__2023-05-13T00:00:00+00:00 [queued]>
[2023-05-14T00:51:52.973+0000] {taskinstance.py:1090} INFO - Dependencies all met for dep_context=requeueable deps ti=<TaskInstance: ny_taxi_local.delete_local_file.check_for_files scheduled__2023-05-13T00:00:00+00:00 [queued]>
[2023-05-14T00:51:52.974+0000] {taskinstance.py:1288} INFO - 
--------------------------------------------------------------------------------
[2023-05-14T00:51:52.975+0000] {taskinstance.py:1289} INFO - Starting attempt 1 of 1
[2023-05-14T00:51:52.976+0000] {taskinstance.py:1290} INFO - 
--------------------------------------------------------------------------------
[2023-05-14T00:51:52.987+0000] {taskinstance.py:1309} INFO - Executing <Task(_PythonDecoratedOperator): delete_local_file.check_for_files> on 2023-05-13 00:00:00+00:00
[2023-05-14T00:51:53.000+0000] {standard_task_runner.py:55} INFO - Started process 74 to run task
[2023-05-14T00:51:53.005+0000] {standard_task_runner.py:82} INFO - Running: ['***', 'tasks', 'run', 'ny_taxi_local', 'delete_local_file.check_for_files', 'scheduled__2023-05-13T00:00:00+00:00', '--job-id', '106', '--raw', '--subdir', 'DAGS_FOLDER/fetch_and_upload.py', '--cfg-path', '/tmp/tmpj944_1ju']
[2023-05-14T00:51:53.009+0000] {standard_task_runner.py:83} INFO - Job 106: Subtask delete_local_file.check_for_files
[2023-05-14T00:51:53.092+0000] {task_command.py:389} INFO - Running <TaskInstance: ny_taxi_local.delete_local_file.check_for_files scheduled__2023-05-13T00:00:00+00:00 [running]> on host fdfc81637e26
[2023-05-14T00:51:53.184+0000] {taskinstance.py:1518} INFO - Exporting the following env vars:
AIRFLOW_CTX_DAG_OWNER=***
AIRFLOW_CTX_DAG_ID=ny_taxi_local
AIRFLOW_CTX_TASK_ID=delete_local_file.check_for_files
AIRFLOW_CTX_EXECUTION_DATE=2023-05-13T00:00:00+00:00
AIRFLOW_CTX_TRY_NUMBER=1
AIRFLOW_CTX_DAG_RUN_ID=scheduled__2023-05-13T00:00:00+00:00
[2023-05-14T00:51:53.187+0000] {subprocess.py:63} INFO - Tmp dir root location: 
 /tmp
[2023-05-14T00:51:53.189+0000] {subprocess.py:75} INFO - Running command: ['/bin/bash', '-c', 'ls']
[2023-05-14T00:51:53.202+0000] {subprocess.py:86} INFO - Output:
[2023-05-14T00:51:53.210+0000] {subprocess.py:97} INFO - Command exited with return code 0
[2023-05-14T00:51:53.211+0000] {python.py:177} INFO - Done. Returned value was: None
[2023-05-14T00:51:53.226+0000] {taskinstance.py:1332} INFO - Marking task as SUCCESS. dag_id=ny_taxi_local, task_id=delete_local_file.check_for_files, execution_date=20230513T000000, start_date=20230514T005152, end_date=20230514T005153
[2023-05-14T00:51:53.301+0000] {local_task_job.py:212} INFO - Task exited with return code 0
[2023-05-14T00:51:53.320+0000] {taskinstance.py:2596} INFO - 0 downstream tasks scheduled from follow-on schedule check
