[2023-06-23T00:01:31.755+0000] {taskinstance.py:1090} INFO - Dependencies all met for dep_context=non-requeueable deps ti=<TaskInstance: showpulse_dbt_dag.dbt_change_dir scheduled__2023-06-23T00:00:30.588487+00:00 [queued]>
[2023-06-23T00:01:31.762+0000] {taskinstance.py:1090} INFO - Dependencies all met for dep_context=requeueable deps ti=<TaskInstance: showpulse_dbt_dag.dbt_change_dir scheduled__2023-06-23T00:00:30.588487+00:00 [queued]>
[2023-06-23T00:01:31.762+0000] {taskinstance.py:1288} INFO - 
--------------------------------------------------------------------------------
[2023-06-23T00:01:31.763+0000] {taskinstance.py:1289} INFO - Starting attempt 1 of 1
[2023-06-23T00:01:31.763+0000] {taskinstance.py:1290} INFO - 
--------------------------------------------------------------------------------
[2023-06-23T00:01:31.771+0000] {taskinstance.py:1309} INFO - Executing <Task(BashOperator): dbt_change_dir> on 2023-06-23 00:00:30.588487+00:00
[2023-06-23T00:01:31.774+0000] {standard_task_runner.py:55} INFO - Started process 19843 to run task
[2023-06-23T00:01:31.778+0000] {standard_task_runner.py:82} INFO - Running: ['***', 'tasks', 'run', 'showpulse_dbt_dag', 'dbt_change_dir', 'scheduled__2023-06-23T00:00:30.588487+00:00', '--job-id', '2280', '--raw', '--subdir', 'DAGS_FOLDER/dbt_run.py', '--cfg-path', '/tmp/tmp0b9pcv8m']
[2023-06-23T00:01:31.779+0000] {standard_task_runner.py:83} INFO - Job 2280: Subtask dbt_change_dir
[2023-06-23T00:01:31.832+0000] {task_command.py:389} INFO - Running <TaskInstance: showpulse_dbt_dag.dbt_change_dir scheduled__2023-06-23T00:00:30.588487+00:00 [running]> on host 62cfed75eae1
[2023-06-23T00:01:31.883+0000] {taskinstance.py:1518} INFO - Exporting the following env vars:
AIRFLOW_CTX_DAG_OWNER=nburkett
AIRFLOW_CTX_DAG_ID=showpulse_dbt_dag
AIRFLOW_CTX_TASK_ID=dbt_change_dir
AIRFLOW_CTX_EXECUTION_DATE=2023-06-23T00:00:30.588487+00:00
AIRFLOW_CTX_TRY_NUMBER=1
AIRFLOW_CTX_DAG_RUN_ID=scheduled__2023-06-23T00:00:30.588487+00:00
[2023-06-23T00:01:31.884+0000] {subprocess.py:63} INFO - Tmp dir root location: 
 /tmp
[2023-06-23T00:01:31.885+0000] {subprocess.py:75} INFO - Running command: ['/bin/bash', '-c', 'cd /dbt/ticketmaster_transformation']
[2023-06-23T00:01:31.893+0000] {subprocess.py:86} INFO - Output:
[2023-06-23T00:01:31.895+0000] {subprocess.py:97} INFO - Command exited with return code 0
[2023-06-23T00:01:31.916+0000] {taskinstance.py:1332} INFO - Marking task as SUCCESS. dag_id=showpulse_dbt_dag, task_id=dbt_change_dir, execution_date=20230623T000030, start_date=20230623T000131, end_date=20230623T000131
[2023-06-23T00:01:31.952+0000] {local_task_job.py:212} INFO - Task exited with return code 0
[2023-06-23T00:01:31.973+0000] {taskinstance.py:2596} INFO - 1 downstream tasks scheduled from follow-on schedule check
