[2023-06-21T21:23:03.970+0000] {taskinstance.py:1090} INFO - Dependencies all met for dep_context=non-requeueable deps ti=<TaskInstance: showpulse_dbt_dag.dbt_run scheduled__2023-06-21T21:07:40.441034+00:00 [queued]>
[2023-06-21T21:23:03.977+0000] {taskinstance.py:1090} INFO - Dependencies all met for dep_context=requeueable deps ti=<TaskInstance: showpulse_dbt_dag.dbt_run scheduled__2023-06-21T21:07:40.441034+00:00 [queued]>
[2023-06-21T21:23:03.977+0000] {taskinstance.py:1288} INFO - 
--------------------------------------------------------------------------------
[2023-06-21T21:23:03.978+0000] {taskinstance.py:1289} INFO - Starting attempt 1 of 1
[2023-06-21T21:23:03.978+0000] {taskinstance.py:1290} INFO - 
--------------------------------------------------------------------------------
[2023-06-21T21:23:03.986+0000] {taskinstance.py:1309} INFO - Executing <Task(BashOperator): dbt_run> on 2023-06-21 21:07:40.441034+00:00
[2023-06-21T21:23:03.990+0000] {standard_task_runner.py:55} INFO - Started process 6376 to run task
[2023-06-21T21:23:03.994+0000] {standard_task_runner.py:82} INFO - Running: ['***', 'tasks', 'run', 'showpulse_dbt_dag', 'dbt_run', 'scheduled__2023-06-21T21:07:40.441034+00:00', '--job-id', '1022', '--raw', '--subdir', 'DAGS_FOLDER/dbt_run.py', '--cfg-path', '/tmp/tmpfbsxvqgz']
[2023-06-21T21:23:03.994+0000] {standard_task_runner.py:83} INFO - Job 1022: Subtask dbt_run
[2023-06-21T21:23:04.049+0000] {task_command.py:389} INFO - Running <TaskInstance: showpulse_dbt_dag.dbt_run scheduled__2023-06-21T21:07:40.441034+00:00 [running]> on host 62cfed75eae1
[2023-06-21T21:23:04.099+0000] {taskinstance.py:1518} INFO - Exporting the following env vars:
AIRFLOW_CTX_DAG_OWNER=nburkett
AIRFLOW_CTX_DAG_ID=showpulse_dbt_dag
AIRFLOW_CTX_TASK_ID=dbt_run
AIRFLOW_CTX_EXECUTION_DATE=2023-06-21T21:07:40.441034+00:00
AIRFLOW_CTX_TRY_NUMBER=1
AIRFLOW_CTX_DAG_RUN_ID=scheduled__2023-06-21T21:07:40.441034+00:00
[2023-06-21T21:23:04.100+0000] {subprocess.py:63} INFO - Tmp dir root location: 
 /tmp
[2023-06-21T21:23:04.101+0000] {subprocess.py:75} INFO - Running command: ['/bin/bash', '-c', 'cd /dbt/ticketmaster_transformation && dbt run']
[2023-06-21T21:23:04.110+0000] {subprocess.py:86} INFO - Output:
[2023-06-21T21:23:05.372+0000] {subprocess.py:93} INFO - [0m21:23:05  Running with dbt=1.5.1
[2023-06-21T21:23:05.893+0000] {subprocess.py:93} INFO - [0m21:23:05  Found 4 models, 0 tests, 0 snapshots, 0 analyses, 356 macros, 0 operations, 0 seed files, 3 sources, 0 exposures, 0 metrics, 0 groups
[2023-06-21T21:23:05.896+0000] {subprocess.py:93} INFO - [0m21:23:05
[2023-06-21T21:23:07.072+0000] {subprocess.py:93} INFO - [0m21:23:07  Concurrency: 4 threads (target='dev')
[2023-06-21T21:23:07.074+0000] {subprocess.py:93} INFO - [0m21:23:07
[2023-06-21T21:23:07.085+0000] {subprocess.py:93} INFO - [0m21:23:07  1 of 4 START sql table model twitter_kafka_pyspark_test.distinct_data .......... [RUN]
[2023-06-21T21:23:07.087+0000] {subprocess.py:93} INFO - [0m21:23:07  2 of 4 START sql table model twitter_kafka_pyspark_test.dm_events .............. [RUN]
[2023-06-21T21:23:07.089+0000] {subprocess.py:93} INFO - [0m21:23:07  3 of 4 START sql table model twitter_kafka_pyspark_test.my_first_dbt_model ..... [RUN]
[2023-06-21T21:23:10.233+0000] {subprocess.py:93} INFO - [0m21:23:10  2 of 4 OK created sql table model twitter_kafka_pyspark_test.dm_events ......... [[32mCREATE TABLE (1.3k rows, 178.2 KiB processed)[0m in 3.14s]
[2023-06-21T21:23:10.235+0000] {subprocess.py:93} INFO - [0m21:23:10  3 of 4 OK created sql table model twitter_kafka_pyspark_test.my_first_dbt_model  [[32mCREATE TABLE (2.0 rows, 0 processed)[0m in 3.14s]
[2023-06-21T21:23:10.243+0000] {subprocess.py:93} INFO - [0m21:23:10  4 of 4 START sql view model twitter_kafka_pyspark_test.my_second_dbt_model ..... [RUN]
[2023-06-21T21:23:10.503+0000] {subprocess.py:93} INFO - [0m21:23:10  1 of 4 OK created sql table model twitter_kafka_pyspark_test.distinct_data ..... [[32mCREATE TABLE (1.1k rows, 638.3 KiB processed)[0m in 3.41s]
[2023-06-21T21:23:11.304+0000] {subprocess.py:93} INFO - [0m21:23:11  4 of 4 OK created sql view model twitter_kafka_pyspark_test.my_second_dbt_model  [[32mCREATE VIEW (0 processed)[0m in 1.06s]
[2023-06-21T21:23:11.424+0000] {subprocess.py:93} INFO - [0m21:23:11
[2023-06-21T21:23:11.427+0000] {subprocess.py:93} INFO - [0m21:23:11  Finished running 3 table models, 1 view model in 0 hours 0 minutes and 5.53 seconds (5.53s).
[2023-06-21T21:23:11.462+0000] {subprocess.py:93} INFO - [0m21:23:11
[2023-06-21T21:23:11.464+0000] {subprocess.py:93} INFO - [0m21:23:11  [32mCompleted successfully[0m
[2023-06-21T21:23:11.466+0000] {subprocess.py:93} INFO - [0m21:23:11
[2023-06-21T21:23:11.468+0000] {subprocess.py:93} INFO - [0m21:23:11  Done. PASS=4 WARN=0 ERROR=0 SKIP=0 TOTAL=4
[2023-06-21T21:23:11.903+0000] {subprocess.py:97} INFO - Command exited with return code 0
[2023-06-21T21:23:11.929+0000] {taskinstance.py:1332} INFO - Marking task as SUCCESS. dag_id=showpulse_dbt_dag, task_id=dbt_run, execution_date=20230621T210740, start_date=20230621T212303, end_date=20230621T212311
[2023-06-21T21:23:11.975+0000] {local_task_job.py:212} INFO - Task exited with return code 0
[2023-06-21T21:23:11.990+0000] {taskinstance.py:2596} INFO - 0 downstream tasks scheduled from follow-on schedule check
