[2023-06-21T03:12:27.488+0000] {taskinstance.py:1090} INFO - Dependencies all met for dep_context=non-requeueable deps ti=<TaskInstance: showpulse_dbt_dag.dbt_run scheduled__2023-06-21T03:11:24.226634+00:00 [queued]>
[2023-06-21T03:12:27.495+0000] {taskinstance.py:1090} INFO - Dependencies all met for dep_context=requeueable deps ti=<TaskInstance: showpulse_dbt_dag.dbt_run scheduled__2023-06-21T03:11:24.226634+00:00 [queued]>
[2023-06-21T03:12:27.495+0000] {taskinstance.py:1288} INFO - 
--------------------------------------------------------------------------------
[2023-06-21T03:12:27.496+0000] {taskinstance.py:1289} INFO - Starting attempt 1 of 1
[2023-06-21T03:12:27.496+0000] {taskinstance.py:1290} INFO - 
--------------------------------------------------------------------------------
[2023-06-21T03:12:27.505+0000] {taskinstance.py:1309} INFO - Executing <Task(BashOperator): dbt_run> on 2023-06-21 03:11:24.226634+00:00
[2023-06-21T03:12:27.508+0000] {standard_task_runner.py:55} INFO - Started process 2554 to run task
[2023-06-21T03:12:27.512+0000] {standard_task_runner.py:82} INFO - Running: ['***', 'tasks', 'run', 'showpulse_dbt_dag', 'dbt_run', 'scheduled__2023-06-21T03:11:24.226634+00:00', '--job-id', '606', '--raw', '--subdir', 'DAGS_FOLDER/dbt_run.py', '--cfg-path', '/tmp/tmpts3c16vn']
[2023-06-21T03:12:27.513+0000] {standard_task_runner.py:83} INFO - Job 606: Subtask dbt_run
[2023-06-21T03:12:27.566+0000] {task_command.py:389} INFO - Running <TaskInstance: showpulse_dbt_dag.dbt_run scheduled__2023-06-21T03:11:24.226634+00:00 [running]> on host 62cfed75eae1
[2023-06-21T03:12:27.616+0000] {taskinstance.py:1518} INFO - Exporting the following env vars:
AIRFLOW_CTX_DAG_OWNER=nburkett
AIRFLOW_CTX_DAG_ID=showpulse_dbt_dag
AIRFLOW_CTX_TASK_ID=dbt_run
AIRFLOW_CTX_EXECUTION_DATE=2023-06-21T03:11:24.226634+00:00
AIRFLOW_CTX_TRY_NUMBER=1
AIRFLOW_CTX_DAG_RUN_ID=scheduled__2023-06-21T03:11:24.226634+00:00
[2023-06-21T03:12:27.618+0000] {subprocess.py:63} INFO - Tmp dir root location: 
 /tmp
[2023-06-21T03:12:27.619+0000] {subprocess.py:75} INFO - Running command: ['/bin/bash', '-c', 'cd /dbt/ticketmaster_transformation && dbt run']
[2023-06-21T03:12:27.627+0000] {subprocess.py:86} INFO - Output:
[2023-06-21T03:12:28.848+0000] {subprocess.py:93} INFO - [0m03:12:28  Running with dbt=1.5.1
[2023-06-21T03:12:29.309+0000] {subprocess.py:93} INFO - [0m03:12:29  Found 4 models, 0 tests, 0 snapshots, 0 analyses, 356 macros, 0 operations, 0 seed files, 3 sources, 0 exposures, 0 metrics, 0 groups
[2023-06-21T03:12:29.312+0000] {subprocess.py:93} INFO - [0m03:12:29
[2023-06-21T03:12:30.111+0000] {subprocess.py:93} INFO - [0m03:12:30  Concurrency: 4 threads (target='dev')
[2023-06-21T03:12:30.112+0000] {subprocess.py:93} INFO - [0m03:12:30
[2023-06-21T03:12:30.121+0000] {subprocess.py:93} INFO - [0m03:12:30  1 of 4 START sql table model twitter_kafka_pyspark_test.distinct_data .......... [RUN]
[2023-06-21T03:12:30.123+0000] {subprocess.py:93} INFO - [0m03:12:30  2 of 4 START sql table model twitter_kafka_pyspark_test.dm_events .............. [RUN]
[2023-06-21T03:12:30.124+0000] {subprocess.py:93} INFO - [0m03:12:30  3 of 4 START sql table model twitter_kafka_pyspark_test.my_first_dbt_model ..... [RUN]
[2023-06-21T03:12:33.342+0000] {subprocess.py:93} INFO - [0m03:12:33  2 of 4 OK created sql table model twitter_kafka_pyspark_test.dm_events ......... [[32mCREATE TABLE (1.3k rows, 178.2 KiB processed)[0m in 3.21s]
[2023-06-21T03:12:33.479+0000] {subprocess.py:93} INFO - [0m03:12:33  1 of 4 OK created sql table model twitter_kafka_pyspark_test.distinct_data ..... [[32mCREATE TABLE (1.1k rows, 638.3 KiB processed)[0m in 3.35s]
[2023-06-21T03:23:27.174+0000] {subprocess.py:93} INFO - [0m03:23:27  3 of 4 OK created sql table model twitter_kafka_pyspark_test.my_first_dbt_model  [[32mCREATE TABLE (2.0 rows, 0 processed)[0m in 657.04s]
[2023-06-21T03:23:27.182+0000] {subprocess.py:93} INFO - [0m03:23:27  4 of 4 START sql view model twitter_kafka_pyspark_test.my_second_dbt_model ..... [RUN]
[2023-06-21T03:23:28.194+0000] {subprocess.py:93} INFO - [0m03:23:28  4 of 4 OK created sql view model twitter_kafka_pyspark_test.my_second_dbt_model  [[32mCREATE VIEW (0 processed)[0m in 1.01s]
[2023-06-21T03:23:28.310+0000] {subprocess.py:93} INFO - [0m03:23:28
[2023-06-21T03:23:28.312+0000] {subprocess.py:93} INFO - [0m03:23:28  Finished running 3 table models, 1 view model in 0 hours 10 minutes and 59.00 seconds (659.00s).
[2023-06-21T03:23:28.335+0000] {subprocess.py:93} INFO - [0m03:23:28
[2023-06-21T03:23:28.336+0000] {subprocess.py:93} INFO - [0m03:23:28  [32mCompleted successfully[0m
[2023-06-21T03:23:28.337+0000] {subprocess.py:93} INFO - [0m03:23:28
[2023-06-21T03:23:28.338+0000] {subprocess.py:93} INFO - [0m03:23:28  Done. PASS=4 WARN=0 ERROR=0 SKIP=0 TOTAL=4
[2023-06-21T03:23:28.879+0000] {subprocess.py:97} INFO - Command exited with return code 0
[2023-06-21T03:23:28.918+0000] {taskinstance.py:1332} INFO - Marking task as SUCCESS. dag_id=showpulse_dbt_dag, task_id=dbt_run, execution_date=20230621T031124, start_date=20230621T031227, end_date=20230621T032328
[2023-06-21T03:23:28.986+0000] {local_task_job.py:212} INFO - Task exited with return code 0
[2023-06-21T03:23:29.006+0000] {taskinstance.py:2596} INFO - 0 downstream tasks scheduled from follow-on schedule check
