[2023-06-21T14:41:17.506+0000] {taskinstance.py:1090} INFO - Dependencies all met for dep_context=non-requeueable deps ti=<TaskInstance: showpulse_dbt_dag.dbt_run scheduled__2023-06-21T14:40:13.528263+00:00 [queued]>
[2023-06-21T14:41:17.512+0000] {taskinstance.py:1090} INFO - Dependencies all met for dep_context=requeueable deps ti=<TaskInstance: showpulse_dbt_dag.dbt_run scheduled__2023-06-21T14:40:13.528263+00:00 [queued]>
[2023-06-21T14:41:17.513+0000] {taskinstance.py:1288} INFO - 
--------------------------------------------------------------------------------
[2023-06-21T14:41:17.513+0000] {taskinstance.py:1289} INFO - Starting attempt 1 of 1
[2023-06-21T14:41:17.514+0000] {taskinstance.py:1290} INFO - 
--------------------------------------------------------------------------------
[2023-06-21T14:41:17.521+0000] {taskinstance.py:1309} INFO - Executing <Task(BashOperator): dbt_run> on 2023-06-21 14:40:13.528263+00:00
[2023-06-21T14:41:17.525+0000] {standard_task_runner.py:55} INFO - Started process 4315 to run task
[2023-06-21T14:41:17.528+0000] {standard_task_runner.py:82} INFO - Running: ['***', 'tasks', 'run', 'showpulse_dbt_dag', 'dbt_run', 'scheduled__2023-06-21T14:40:13.528263+00:00', '--job-id', '794', '--raw', '--subdir', 'DAGS_FOLDER/dbt_run.py', '--cfg-path', '/tmp/tmpfq9ouc35']
[2023-06-21T14:41:17.529+0000] {standard_task_runner.py:83} INFO - Job 794: Subtask dbt_run
[2023-06-21T14:41:17.582+0000] {task_command.py:389} INFO - Running <TaskInstance: showpulse_dbt_dag.dbt_run scheduled__2023-06-21T14:40:13.528263+00:00 [running]> on host 62cfed75eae1
[2023-06-21T14:41:17.632+0000] {taskinstance.py:1518} INFO - Exporting the following env vars:
AIRFLOW_CTX_DAG_OWNER=nburkett
AIRFLOW_CTX_DAG_ID=showpulse_dbt_dag
AIRFLOW_CTX_TASK_ID=dbt_run
AIRFLOW_CTX_EXECUTION_DATE=2023-06-21T14:40:13.528263+00:00
AIRFLOW_CTX_TRY_NUMBER=1
AIRFLOW_CTX_DAG_RUN_ID=scheduled__2023-06-21T14:40:13.528263+00:00
[2023-06-21T14:41:17.633+0000] {subprocess.py:63} INFO - Tmp dir root location: 
 /tmp
[2023-06-21T14:41:17.634+0000] {subprocess.py:75} INFO - Running command: ['/bin/bash', '-c', 'cd /dbt/ticketmaster_transformation && dbt run']
[2023-06-21T14:41:17.642+0000] {subprocess.py:86} INFO - Output:
[2023-06-21T14:41:18.839+0000] {subprocess.py:93} INFO - [0m14:41:18  Running with dbt=1.5.1
[2023-06-21T14:41:19.304+0000] {subprocess.py:93} INFO - [0m14:41:19  Found 4 models, 0 tests, 0 snapshots, 0 analyses, 356 macros, 0 operations, 0 seed files, 3 sources, 0 exposures, 0 metrics, 0 groups
[2023-06-21T14:41:19.307+0000] {subprocess.py:93} INFO - [0m14:41:19
[2023-06-21T14:41:20.702+0000] {subprocess.py:93} INFO - [0m14:41:20  Concurrency: 4 threads (target='dev')
[2023-06-21T14:41:20.706+0000] {subprocess.py:93} INFO - [0m14:41:20
[2023-06-21T14:41:20.726+0000] {subprocess.py:93} INFO - [0m14:41:20  1 of 4 START sql table model twitter_kafka_pyspark_test.distinct_data .......... [RUN]
[2023-06-21T14:41:20.729+0000] {subprocess.py:93} INFO - [0m14:41:20  2 of 4 START sql table model twitter_kafka_pyspark_test.dm_events .............. [RUN]
[2023-06-21T14:41:20.731+0000] {subprocess.py:93} INFO - [0m14:41:20  3 of 4 START sql table model twitter_kafka_pyspark_test.my_first_dbt_model ..... [RUN]
[2023-06-21T14:41:23.695+0000] {subprocess.py:93} INFO - [0m14:41:23  3 of 4 OK created sql table model twitter_kafka_pyspark_test.my_first_dbt_model  [[32mCREATE TABLE (2.0 rows, 0 processed)[0m in 2.95s]
[2023-06-21T14:41:23.702+0000] {subprocess.py:93} INFO - [0m14:41:23  4 of 4 START sql view model twitter_kafka_pyspark_test.my_second_dbt_model ..... [RUN]
[2023-06-21T14:41:24.652+0000] {subprocess.py:93} INFO - [0m14:41:24  2 of 4 OK created sql table model twitter_kafka_pyspark_test.dm_events ......... [[32mCREATE TABLE (1.3k rows, 178.2 KiB processed)[0m in 3.91s]
[2023-06-21T14:41:24.829+0000] {subprocess.py:93} INFO - [0m14:41:24  1 of 4 OK created sql table model twitter_kafka_pyspark_test.distinct_data ..... [[32mCREATE TABLE (1.1k rows, 638.3 KiB processed)[0m in 4.09s]
[2023-06-21T14:41:26.357+0000] {subprocess.py:93} INFO - [0m14:41:26  4 of 4 OK created sql view model twitter_kafka_pyspark_test.my_second_dbt_model  [[32mCREATE VIEW (0 processed)[0m in 2.65s]
[2023-06-21T14:41:26.448+0000] {subprocess.py:93} INFO - [0m14:41:26
[2023-06-21T14:41:26.451+0000] {subprocess.py:93} INFO - [0m14:41:26  Finished running 3 table models, 1 view model in 0 hours 0 minutes and 7.14 seconds (7.14s).
[2023-06-21T14:41:26.480+0000] {subprocess.py:93} INFO - [0m14:41:26
[2023-06-21T14:41:26.482+0000] {subprocess.py:93} INFO - [0m14:41:26  [32mCompleted successfully[0m
[2023-06-21T14:41:26.483+0000] {subprocess.py:93} INFO - [0m14:41:26
[2023-06-21T14:41:26.484+0000] {subprocess.py:93} INFO - [0m14:41:26  Done. PASS=4 WARN=0 ERROR=0 SKIP=0 TOTAL=4
[2023-06-21T14:41:26.929+0000] {subprocess.py:97} INFO - Command exited with return code 0
[2023-06-21T14:41:26.953+0000] {taskinstance.py:1332} INFO - Marking task as SUCCESS. dag_id=showpulse_dbt_dag, task_id=dbt_run, execution_date=20230621T144013, start_date=20230621T144117, end_date=20230621T144126
[2023-06-21T14:41:26.974+0000] {local_task_job.py:212} INFO - Task exited with return code 0
[2023-06-21T14:41:26.987+0000] {taskinstance.py:2596} INFO - 0 downstream tasks scheduled from follow-on schedule check
