[2023-06-22T00:29:23.802+0000] {taskinstance.py:1090} INFO - Dependencies all met for dep_context=non-requeueable deps ti=<TaskInstance: showpulse_dbt_dag.dbt_run scheduled__2023-06-22T00:28:19.542692+00:00 [queued]>
[2023-06-22T00:29:23.810+0000] {taskinstance.py:1090} INFO - Dependencies all met for dep_context=requeueable deps ti=<TaskInstance: showpulse_dbt_dag.dbt_run scheduled__2023-06-22T00:28:19.542692+00:00 [queued]>
[2023-06-22T00:29:23.810+0000] {taskinstance.py:1288} INFO - 
--------------------------------------------------------------------------------
[2023-06-22T00:29:23.811+0000] {taskinstance.py:1289} INFO - Starting attempt 1 of 1
[2023-06-22T00:29:23.811+0000] {taskinstance.py:1290} INFO - 
--------------------------------------------------------------------------------
[2023-06-22T00:29:23.822+0000] {taskinstance.py:1309} INFO - Executing <Task(BashOperator): dbt_run> on 2023-06-22 00:28:19.542692+00:00
[2023-06-22T00:29:23.826+0000] {standard_task_runner.py:55} INFO - Started process 10354 to run task
[2023-06-22T00:29:23.829+0000] {standard_task_runner.py:82} INFO - Running: ['***', 'tasks', 'run', 'showpulse_dbt_dag', 'dbt_run', 'scheduled__2023-06-22T00:28:19.542692+00:00', '--job-id', '1370', '--raw', '--subdir', 'DAGS_FOLDER/dbt_run.py', '--cfg-path', '/tmp/tmphh3m3kbo']
[2023-06-22T00:29:23.830+0000] {standard_task_runner.py:83} INFO - Job 1370: Subtask dbt_run
[2023-06-22T00:29:23.887+0000] {task_command.py:389} INFO - Running <TaskInstance: showpulse_dbt_dag.dbt_run scheduled__2023-06-22T00:28:19.542692+00:00 [running]> on host 62cfed75eae1
[2023-06-22T00:29:23.941+0000] {taskinstance.py:1518} INFO - Exporting the following env vars:
AIRFLOW_CTX_DAG_OWNER=nburkett
AIRFLOW_CTX_DAG_ID=showpulse_dbt_dag
AIRFLOW_CTX_TASK_ID=dbt_run
AIRFLOW_CTX_EXECUTION_DATE=2023-06-22T00:28:19.542692+00:00
AIRFLOW_CTX_TRY_NUMBER=1
AIRFLOW_CTX_DAG_RUN_ID=scheduled__2023-06-22T00:28:19.542692+00:00
[2023-06-22T00:29:23.942+0000] {subprocess.py:63} INFO - Tmp dir root location: 
 /tmp
[2023-06-22T00:29:23.943+0000] {subprocess.py:75} INFO - Running command: ['/bin/bash', '-c', 'cd /dbt/ticketmaster_transformation && dbt run']
[2023-06-22T00:29:23.953+0000] {subprocess.py:86} INFO - Output:
[2023-06-22T00:29:25.258+0000] {subprocess.py:93} INFO - [0m00:29:25  Running with dbt=1.5.1
[2023-06-22T00:29:25.767+0000] {subprocess.py:93} INFO - [0m00:29:25  Found 4 models, 0 tests, 0 snapshots, 0 analyses, 356 macros, 0 operations, 0 seed files, 3 sources, 0 exposures, 0 metrics, 0 groups
[2023-06-22T00:29:25.771+0000] {subprocess.py:93} INFO - [0m00:29:25
[2023-06-22T00:29:27.695+0000] {subprocess.py:93} INFO - [0m00:29:27  Concurrency: 4 threads (target='dev')
[2023-06-22T00:29:27.699+0000] {subprocess.py:93} INFO - [0m00:29:27
[2023-06-22T00:29:27.709+0000] {subprocess.py:93} INFO - [0m00:29:27  1 of 4 START sql table model twitter_kafka_pyspark_test.distinct_data .......... [RUN]
[2023-06-22T00:29:27.710+0000] {subprocess.py:93} INFO - [0m00:29:27  2 of 4 START sql table model twitter_kafka_pyspark_test.dm_events .............. [RUN]
[2023-06-22T00:29:27.711+0000] {subprocess.py:93} INFO - [0m00:29:27  3 of 4 START sql table model twitter_kafka_pyspark_test.my_first_dbt_model ..... [RUN]
[2023-06-22T00:29:30.861+0000] {subprocess.py:93} INFO - [0m00:29:30  3 of 4 OK created sql table model twitter_kafka_pyspark_test.my_first_dbt_model  [[32mCREATE TABLE (2.0 rows, 0 processed)[0m in 3.14s]
[2023-06-22T00:29:30.866+0000] {subprocess.py:93} INFO - [0m00:29:30  4 of 4 START sql view model twitter_kafka_pyspark_test.my_second_dbt_model ..... [RUN]
[2023-06-22T00:29:31.014+0000] {subprocess.py:93} INFO - [0m00:29:31  1 of 4 OK created sql table model twitter_kafka_pyspark_test.distinct_data ..... [[32mCREATE TABLE (1.1k rows, 638.3 KiB processed)[0m in 3.30s]
[2023-06-22T00:29:31.024+0000] {subprocess.py:93} INFO - [0m00:29:31  2 of 4 OK created sql table model twitter_kafka_pyspark_test.dm_events ......... [[32mCREATE TABLE (1.3k rows, 178.2 KiB processed)[0m in 3.31s]
[2023-06-22T00:29:32.129+0000] {subprocess.py:93} INFO - [0m00:29:32  4 of 4 OK created sql view model twitter_kafka_pyspark_test.my_second_dbt_model  [[32mCREATE VIEW (0 processed)[0m in 1.26s]
[2023-06-22T00:29:32.171+0000] {subprocess.py:93} INFO - [0m00:29:32
[2023-06-22T00:29:32.172+0000] {subprocess.py:93} INFO - [0m00:29:32  Finished running 3 table models, 1 view model in 0 hours 0 minutes and 6.40 seconds (6.40s).
[2023-06-22T00:29:32.194+0000] {subprocess.py:93} INFO - [0m00:29:32
[2023-06-22T00:29:32.196+0000] {subprocess.py:93} INFO - [0m00:29:32  [32mCompleted successfully[0m
[2023-06-22T00:29:32.197+0000] {subprocess.py:93} INFO - [0m00:29:32
[2023-06-22T00:29:32.199+0000] {subprocess.py:93} INFO - [0m00:29:32  Done. PASS=4 WARN=0 ERROR=0 SKIP=0 TOTAL=4
[2023-06-22T00:29:32.849+0000] {subprocess.py:97} INFO - Command exited with return code 0
[2023-06-22T00:29:32.875+0000] {taskinstance.py:1332} INFO - Marking task as SUCCESS. dag_id=showpulse_dbt_dag, task_id=dbt_run, execution_date=20230622T002819, start_date=20230622T002923, end_date=20230622T002932
[2023-06-22T00:29:32.926+0000] {local_task_job.py:212} INFO - Task exited with return code 0
[2023-06-22T00:29:32.941+0000] {taskinstance.py:2596} INFO - 0 downstream tasks scheduled from follow-on schedule check
