[2023-06-21T20:46:25.296+0000] {taskinstance.py:1090} INFO - Dependencies all met for dep_context=non-requeueable deps ti=<TaskInstance: showpulse_dbt_dag.pwd1 scheduled__2023-06-21T20:43:23.584583+00:00 [queued]>
[2023-06-21T20:46:25.303+0000] {taskinstance.py:1090} INFO - Dependencies all met for dep_context=requeueable deps ti=<TaskInstance: showpulse_dbt_dag.pwd1 scheduled__2023-06-21T20:43:23.584583+00:00 [queued]>
[2023-06-21T20:46:25.304+0000] {taskinstance.py:1288} INFO - 
--------------------------------------------------------------------------------
[2023-06-21T20:46:25.304+0000] {taskinstance.py:1289} INFO - Starting attempt 1 of 1
[2023-06-21T20:46:25.305+0000] {taskinstance.py:1290} INFO - 
--------------------------------------------------------------------------------
[2023-06-21T20:46:25.313+0000] {taskinstance.py:1309} INFO - Executing <Task(BashOperator): pwd1> on 2023-06-21 20:43:23.584583+00:00
[2023-06-21T20:46:25.317+0000] {standard_task_runner.py:55} INFO - Started process 6112 to run task
[2023-06-21T20:46:25.320+0000] {standard_task_runner.py:82} INFO - Running: ['***', 'tasks', 'run', 'showpulse_dbt_dag', 'pwd1', 'scheduled__2023-06-21T20:43:23.584583+00:00', '--job-id', '991', '--raw', '--subdir', 'DAGS_FOLDER/dbt_run.py', '--cfg-path', '/tmp/tmpfwfsgibc']
[2023-06-21T20:46:25.321+0000] {standard_task_runner.py:83} INFO - Job 991: Subtask pwd1
[2023-06-21T20:46:25.377+0000] {task_command.py:389} INFO - Running <TaskInstance: showpulse_dbt_dag.pwd1 scheduled__2023-06-21T20:43:23.584583+00:00 [running]> on host 62cfed75eae1
[2023-06-21T20:46:25.430+0000] {taskinstance.py:1518} INFO - Exporting the following env vars:
AIRFLOW_CTX_DAG_OWNER=nburkett
AIRFLOW_CTX_DAG_ID=showpulse_dbt_dag
AIRFLOW_CTX_TASK_ID=pwd1
AIRFLOW_CTX_EXECUTION_DATE=2023-06-21T20:43:23.584583+00:00
AIRFLOW_CTX_TRY_NUMBER=1
AIRFLOW_CTX_DAG_RUN_ID=scheduled__2023-06-21T20:43:23.584583+00:00
[2023-06-21T20:46:25.431+0000] {subprocess.py:63} INFO - Tmp dir root location: 
 /tmp
[2023-06-21T20:46:25.432+0000] {subprocess.py:75} INFO - Running command: ['/bin/bash', '-c', 'pwd && ls']
[2023-06-21T20:46:25.440+0000] {subprocess.py:86} INFO - Output:
[2023-06-21T20:46:25.442+0000] {subprocess.py:93} INFO - /tmp/***tmpc1wfm2fd
[2023-06-21T20:46:25.444+0000] {subprocess.py:97} INFO - Command exited with return code 0
[2023-06-21T20:46:25.465+0000] {taskinstance.py:1332} INFO - Marking task as SUCCESS. dag_id=showpulse_dbt_dag, task_id=pwd1, execution_date=20230621T204323, start_date=20230621T204625, end_date=20230621T204625
[2023-06-21T20:46:25.493+0000] {local_task_job.py:212} INFO - Task exited with return code 0
[2023-06-21T20:46:25.515+0000] {taskinstance.py:2596} INFO - 1 downstream tasks scheduled from follow-on schedule check
