[2023-06-22T00:40:31.023+0000] {taskinstance.py:1090} INFO - Dependencies all met for dep_context=non-requeueable deps ti=<TaskInstance: showpulse_dbt_dag.dbt_run scheduled__2023-06-22T00:39:26.478695+00:00 [queued]>
[2023-06-22T00:40:31.030+0000] {taskinstance.py:1090} INFO - Dependencies all met for dep_context=requeueable deps ti=<TaskInstance: showpulse_dbt_dag.dbt_run scheduled__2023-06-22T00:39:26.478695+00:00 [queued]>
[2023-06-22T00:40:31.031+0000] {taskinstance.py:1288} INFO - 
--------------------------------------------------------------------------------
[2023-06-22T00:40:31.032+0000] {taskinstance.py:1289} INFO - Starting attempt 1 of 1
[2023-06-22T00:40:31.032+0000] {taskinstance.py:1290} INFO - 
--------------------------------------------------------------------------------
[2023-06-22T00:40:31.041+0000] {taskinstance.py:1309} INFO - Executing <Task(BashOperator): dbt_run> on 2023-06-22 00:39:26.478695+00:00
[2023-06-22T00:40:31.044+0000] {standard_task_runner.py:55} INFO - Started process 10822 to run task
[2023-06-22T00:40:31.048+0000] {standard_task_runner.py:82} INFO - Running: ['***', 'tasks', 'run', 'showpulse_dbt_dag', 'dbt_run', 'scheduled__2023-06-22T00:39:26.478695+00:00', '--job-id', '1402', '--raw', '--subdir', 'DAGS_FOLDER/dbt_run.py', '--cfg-path', '/tmp/tmp_h3ht1f0']
[2023-06-22T00:40:31.048+0000] {standard_task_runner.py:83} INFO - Job 1402: Subtask dbt_run
[2023-06-22T00:40:31.106+0000] {task_command.py:389} INFO - Running <TaskInstance: showpulse_dbt_dag.dbt_run scheduled__2023-06-22T00:39:26.478695+00:00 [running]> on host 62cfed75eae1
[2023-06-22T00:40:31.159+0000] {taskinstance.py:1518} INFO - Exporting the following env vars:
AIRFLOW_CTX_DAG_OWNER=nburkett
AIRFLOW_CTX_DAG_ID=showpulse_dbt_dag
AIRFLOW_CTX_TASK_ID=dbt_run
AIRFLOW_CTX_EXECUTION_DATE=2023-06-22T00:39:26.478695+00:00
AIRFLOW_CTX_TRY_NUMBER=1
AIRFLOW_CTX_DAG_RUN_ID=scheduled__2023-06-22T00:39:26.478695+00:00
[2023-06-22T00:40:31.160+0000] {subprocess.py:63} INFO - Tmp dir root location: 
 /tmp
[2023-06-22T00:40:31.161+0000] {subprocess.py:75} INFO - Running command: ['/bin/bash', '-c', 'cd /dbt/ticketmaster_transformation && dbt run']
[2023-06-22T00:40:31.170+0000] {subprocess.py:86} INFO - Output:
[2023-06-22T00:40:32.448+0000] {subprocess.py:93} INFO - [0m00:40:32  Running with dbt=1.5.1
[2023-06-22T00:40:32.935+0000] {subprocess.py:93} INFO - [0m00:40:32  Found 4 models, 0 tests, 0 snapshots, 0 analyses, 356 macros, 0 operations, 0 seed files, 3 sources, 0 exposures, 0 metrics, 0 groups
[2023-06-22T00:40:32.938+0000] {subprocess.py:93} INFO - [0m00:40:32
[2023-06-22T00:40:33.806+0000] {subprocess.py:93} INFO - [0m00:40:33  Concurrency: 4 threads (target='dev')
[2023-06-22T00:40:33.807+0000] {subprocess.py:93} INFO - [0m00:40:33
[2023-06-22T00:40:33.815+0000] {subprocess.py:93} INFO - [0m00:40:33  1 of 4 START sql table model twitter_kafka_pyspark_test.distinct_data .......... [RUN]
[2023-06-22T00:40:33.816+0000] {subprocess.py:93} INFO - [0m00:40:33  3 of 4 START sql table model twitter_kafka_pyspark_test.my_first_dbt_model ..... [RUN]
[2023-06-22T00:40:33.821+0000] {subprocess.py:93} INFO - [0m00:40:33  2 of 4 START sql table model twitter_kafka_pyspark_test.dm_events .............. [RUN]
[2023-06-22T00:40:36.596+0000] {subprocess.py:93} INFO - [0m00:40:36  3 of 4 OK created sql table model twitter_kafka_pyspark_test.my_first_dbt_model  [[32mCREATE TABLE (2.0 rows, 0 processed)[0m in 2.78s]
[2023-06-22T00:40:36.603+0000] {subprocess.py:93} INFO - [0m00:40:36  4 of 4 START sql view model twitter_kafka_pyspark_test.my_second_dbt_model ..... [RUN]
[2023-06-22T00:40:36.755+0000] {subprocess.py:93} INFO - [0m00:40:36  1 of 4 OK created sql table model twitter_kafka_pyspark_test.distinct_data ..... [[32mCREATE TABLE (1.1k rows, 638.3 KiB processed)[0m in 2.93s]
[2023-06-22T00:40:36.990+0000] {subprocess.py:93} INFO - [0m00:40:36  2 of 4 OK created sql table model twitter_kafka_pyspark_test.dm_events ......... [[32mCREATE TABLE (1.3k rows, 178.2 KiB processed)[0m in 3.16s]
[2023-06-22T00:40:37.557+0000] {subprocess.py:93} INFO - [0m00:40:37  4 of 4 OK created sql view model twitter_kafka_pyspark_test.my_second_dbt_model  [[32mCREATE VIEW (0 processed)[0m in 0.95s]
[2023-06-22T00:40:37.590+0000] {subprocess.py:93} INFO - [0m00:40:37
[2023-06-22T00:40:37.592+0000] {subprocess.py:93} INFO - [0m00:40:37  Finished running 3 table models, 1 view model in 0 hours 0 minutes and 4.65 seconds (4.65s).
[2023-06-22T00:40:37.619+0000] {subprocess.py:93} INFO - [0m00:40:37
[2023-06-22T00:40:37.621+0000] {subprocess.py:93} INFO - [0m00:40:37  [32mCompleted successfully[0m
[2023-06-22T00:40:37.622+0000] {subprocess.py:93} INFO - [0m00:40:37
[2023-06-22T00:40:37.624+0000] {subprocess.py:93} INFO - [0m00:40:37  Done. PASS=4 WARN=0 ERROR=0 SKIP=0 TOTAL=4
[2023-06-22T00:40:38.081+0000] {subprocess.py:97} INFO - Command exited with return code 0
[2023-06-22T00:40:38.105+0000] {taskinstance.py:1332} INFO - Marking task as SUCCESS. dag_id=showpulse_dbt_dag, task_id=dbt_run, execution_date=20230622T003926, start_date=20230622T004031, end_date=20230622T004038
[2023-06-22T00:40:38.128+0000] {local_task_job.py:212} INFO - Task exited with return code 0
[2023-06-22T00:40:38.141+0000] {taskinstance.py:2596} INFO - 0 downstream tasks scheduled from follow-on schedule check
