[2023-06-23T00:50:31.187+0000] {taskinstance.py:1090} INFO - Dependencies all met for dep_context=non-requeueable deps ti=<TaskInstance: showpulse_dbt_dag.pwd1 scheduled__2023-06-23T00:49:30.826087+00:00 [queued]>
[2023-06-23T00:50:31.194+0000] {taskinstance.py:1090} INFO - Dependencies all met for dep_context=requeueable deps ti=<TaskInstance: showpulse_dbt_dag.pwd1 scheduled__2023-06-23T00:49:30.826087+00:00 [queued]>
[2023-06-23T00:50:31.194+0000] {taskinstance.py:1288} INFO - 
--------------------------------------------------------------------------------
[2023-06-23T00:50:31.195+0000] {taskinstance.py:1289} INFO - Starting attempt 1 of 1
[2023-06-23T00:50:31.195+0000] {taskinstance.py:1290} INFO - 
--------------------------------------------------------------------------------
[2023-06-23T00:50:31.203+0000] {taskinstance.py:1309} INFO - Executing <Task(BashOperator): pwd1> on 2023-06-23 00:49:30.826087+00:00
[2023-06-23T00:50:31.207+0000] {standard_task_runner.py:55} INFO - Started process 21134 to run task
[2023-06-23T00:50:31.211+0000] {standard_task_runner.py:82} INFO - Running: ['***', 'tasks', 'run', 'showpulse_dbt_dag', 'pwd1', 'scheduled__2023-06-23T00:49:30.826087+00:00', '--job-id', '2387', '--raw', '--subdir', 'DAGS_FOLDER/dbt_run.py', '--cfg-path', '/tmp/tmpixtro8cu']
[2023-06-23T00:50:31.212+0000] {standard_task_runner.py:83} INFO - Job 2387: Subtask pwd1
[2023-06-23T00:50:31.265+0000] {task_command.py:389} INFO - Running <TaskInstance: showpulse_dbt_dag.pwd1 scheduled__2023-06-23T00:49:30.826087+00:00 [running]> on host 62cfed75eae1
[2023-06-23T00:50:31.316+0000] {taskinstance.py:1518} INFO - Exporting the following env vars:
AIRFLOW_CTX_DAG_OWNER=nburkett
AIRFLOW_CTX_DAG_ID=showpulse_dbt_dag
AIRFLOW_CTX_TASK_ID=pwd1
AIRFLOW_CTX_EXECUTION_DATE=2023-06-23T00:49:30.826087+00:00
AIRFLOW_CTX_TRY_NUMBER=1
AIRFLOW_CTX_DAG_RUN_ID=scheduled__2023-06-23T00:49:30.826087+00:00
[2023-06-23T00:50:31.317+0000] {subprocess.py:63} INFO - Tmp dir root location: 
 /tmp
[2023-06-23T00:50:31.318+0000] {subprocess.py:75} INFO - Running command: ['/bin/bash', '-c', 'pwd && ls']
[2023-06-23T00:50:31.327+0000] {subprocess.py:86} INFO - Output:
[2023-06-23T00:50:31.329+0000] {subprocess.py:93} INFO - /tmp/***tmpvf8zcoal
[2023-06-23T00:50:31.331+0000] {subprocess.py:97} INFO - Command exited with return code 0
[2023-06-23T00:50:31.352+0000] {taskinstance.py:1332} INFO - Marking task as SUCCESS. dag_id=showpulse_dbt_dag, task_id=pwd1, execution_date=20230623T004930, start_date=20230623T005031, end_date=20230623T005031
[2023-06-23T00:50:31.383+0000] {local_task_job.py:212} INFO - Task exited with return code 0
[2023-06-23T00:50:31.405+0000] {taskinstance.py:2596} INFO - 1 downstream tasks scheduled from follow-on schedule check
