[2023-06-22T23:39:55.645+0000] {taskinstance.py:1090} INFO - Dependencies all met for dep_context=non-requeueable deps ti=<TaskInstance: showpulse_dbt_dag.dbt_run scheduled__2023-06-22T23:19:08.440263+00:00 [queued]>
[2023-06-22T23:39:55.651+0000] {taskinstance.py:1090} INFO - Dependencies all met for dep_context=requeueable deps ti=<TaskInstance: showpulse_dbt_dag.dbt_run scheduled__2023-06-22T23:19:08.440263+00:00 [queued]>
[2023-06-22T23:39:55.651+0000] {taskinstance.py:1288} INFO - 
--------------------------------------------------------------------------------
[2023-06-22T23:39:55.652+0000] {taskinstance.py:1289} INFO - Starting attempt 1 of 1
[2023-06-22T23:39:55.652+0000] {taskinstance.py:1290} INFO - 
--------------------------------------------------------------------------------
[2023-06-22T23:39:55.660+0000] {taskinstance.py:1309} INFO - Executing <Task(BashOperator): dbt_run> on 2023-06-22 23:19:08.440263+00:00
[2023-06-22T23:39:55.663+0000] {standard_task_runner.py:55} INFO - Started process 19138 to run task
[2023-06-22T23:39:55.666+0000] {standard_task_runner.py:82} INFO - Running: ['***', 'tasks', 'run', 'showpulse_dbt_dag', 'dbt_run', 'scheduled__2023-06-22T23:19:08.440263+00:00', '--job-id', '2206', '--raw', '--subdir', 'DAGS_FOLDER/dbt_run.py', '--cfg-path', '/tmp/tmphk9c9ie8']
[2023-06-22T23:39:55.667+0000] {standard_task_runner.py:83} INFO - Job 2206: Subtask dbt_run
[2023-06-22T23:39:55.720+0000] {task_command.py:389} INFO - Running <TaskInstance: showpulse_dbt_dag.dbt_run scheduled__2023-06-22T23:19:08.440263+00:00 [running]> on host 62cfed75eae1
[2023-06-22T23:39:55.779+0000] {taskinstance.py:1518} INFO - Exporting the following env vars:
AIRFLOW_CTX_DAG_OWNER=nburkett
AIRFLOW_CTX_DAG_ID=showpulse_dbt_dag
AIRFLOW_CTX_TASK_ID=dbt_run
AIRFLOW_CTX_EXECUTION_DATE=2023-06-22T23:19:08.440263+00:00
AIRFLOW_CTX_TRY_NUMBER=1
AIRFLOW_CTX_DAG_RUN_ID=scheduled__2023-06-22T23:19:08.440263+00:00
[2023-06-22T23:39:55.781+0000] {subprocess.py:63} INFO - Tmp dir root location: 
 /tmp
[2023-06-22T23:39:55.782+0000] {subprocess.py:75} INFO - Running command: ['/bin/bash', '-c', 'cd /dbt/ticketmaster_transformation && dbt run']
[2023-06-22T23:39:55.791+0000] {subprocess.py:86} INFO - Output:
[2023-06-22T23:39:57.147+0000] {subprocess.py:93} INFO - [0m23:39:57  Running with dbt=1.5.1
[2023-06-22T23:39:57.688+0000] {subprocess.py:93} INFO - [0m23:39:57  Found 4 models, 0 tests, 0 snapshots, 0 analyses, 356 macros, 0 operations, 0 seed files, 3 sources, 0 exposures, 0 metrics, 0 groups
[2023-06-22T23:39:57.691+0000] {subprocess.py:93} INFO - [0m23:39:57
[2023-06-22T23:40:00.461+0000] {subprocess.py:93} INFO - [0m23:40:00  Concurrency: 4 threads (target='dev')
[2023-06-22T23:40:00.465+0000] {subprocess.py:93} INFO - [0m23:40:00
[2023-06-22T23:40:00.483+0000] {subprocess.py:93} INFO - [0m23:40:00  1 of 4 START sql table model twitter_kafka_pyspark_test.distinct_data .......... [RUN]
[2023-06-22T23:40:00.486+0000] {subprocess.py:93} INFO - [0m23:40:00  2 of 4 START sql table model twitter_kafka_pyspark_test.dm_events .............. [RUN]
[2023-06-22T23:40:00.489+0000] {subprocess.py:93} INFO - [0m23:40:00  3 of 4 START sql table model twitter_kafka_pyspark_test.my_first_dbt_model ..... [RUN]
[2023-06-22T23:40:03.572+0000] {subprocess.py:93} INFO - [0m23:40:03  3 of 4 OK created sql table model twitter_kafka_pyspark_test.my_first_dbt_model  [[32mCREATE TABLE (2.0 rows, 0 processed)[0m in 3.07s]
[2023-06-22T23:40:03.579+0000] {subprocess.py:93} INFO - [0m23:40:03  4 of 4 START sql view model twitter_kafka_pyspark_test.my_second_dbt_model ..... [RUN]
[2023-06-22T23:40:03.615+0000] {subprocess.py:93} INFO - [0m23:40:03  1 of 4 OK created sql table model twitter_kafka_pyspark_test.distinct_data ..... [[32mCREATE TABLE (1.1k rows, 638.3 KiB processed)[0m in 3.12s]
[2023-06-22T23:40:03.850+0000] {subprocess.py:93} INFO - [0m23:40:03  2 of 4 OK created sql table model twitter_kafka_pyspark_test.dm_events ......... [[32mCREATE TABLE (1.3k rows, 178.2 KiB processed)[0m in 3.36s]
[2023-06-22T23:40:04.751+0000] {subprocess.py:93} INFO - [0m23:40:04  4 of 4 OK created sql view model twitter_kafka_pyspark_test.my_second_dbt_model  [[32mCREATE VIEW (0 processed)[0m in 1.17s]
[2023-06-22T23:40:04.798+0000] {subprocess.py:93} INFO - [0m23:40:04
[2023-06-22T23:40:04.800+0000] {subprocess.py:93} INFO - [0m23:40:04  Finished running 3 table models, 1 view model in 0 hours 0 minutes and 7.11 seconds (7.11s).
[2023-06-22T23:40:04.822+0000] {subprocess.py:93} INFO - [0m23:40:04
[2023-06-22T23:40:04.823+0000] {subprocess.py:93} INFO - [0m23:40:04  [32mCompleted successfully[0m
[2023-06-22T23:40:04.824+0000] {subprocess.py:93} INFO - [0m23:40:04
[2023-06-22T23:40:04.825+0000] {subprocess.py:93} INFO - [0m23:40:04  Done. PASS=4 WARN=0 ERROR=0 SKIP=0 TOTAL=4
[2023-06-22T23:40:05.325+0000] {subprocess.py:97} INFO - Command exited with return code 0
[2023-06-22T23:40:05.356+0000] {taskinstance.py:1332} INFO - Marking task as SUCCESS. dag_id=showpulse_dbt_dag, task_id=dbt_run, execution_date=20230622T231908, start_date=20230622T233955, end_date=20230622T234005
[2023-06-22T23:40:05.387+0000] {local_task_job.py:212} INFO - Task exited with return code 0
[2023-06-22T23:40:05.403+0000] {taskinstance.py:2596} INFO - 0 downstream tasks scheduled from follow-on schedule check
