May-29-23 14:44:30: INFO - *****Beginning Log*****
May-29-23 14:44:30: INFO - Function setup started.
May-29-23 14:44:30: INFO - Function setup took 0.06617049999840674 seconds.
May-29-23 14:44:30: INFO - Function scrape started.
May-29-23 14:44:40: WARNING - HTTPS ERROR: API link for https://www.redfin.com/zipcode/78718 could not be found.
May-29-23 14:44:40: WARNING - HTTPS ERROR: API link for https://www.redfin.com/zipcode/78765 could not be found.
May-29-23 14:44:40: WARNING - HTTPS ERROR: API link for https://www.redfin.com/zipcode/78728 could not be found.
May-29-23 14:44:40: WARNING - HTTPS ERROR: API link for https://www.redfin.com/zipcode/78742 could not be found.
May-29-23 14:44:40: WARNING - HTTPS ERROR: API link for https://www.redfin.com/zipcode/78781 could not be found.
May-29-23 14:44:40: WARNING - HTTPS ERROR: API link for https://www.redfin.com/zipcode/78736 could not be found.
May-29-23 14:44:40: WARNING - HTTPS ERROR: API link for https://www.redfin.com/zipcode/78720 could not be found.
May-29-23 14:44:40: WARNING - HTTPS ERROR: API link for https://www.redfin.com/zipcode/78703 could not be found.
May-29-23 14:44:40: WARNING - HTTPS ERROR: API link for https://www.redfin.com/zipcode/78749 could not be found.
May-29-23 14:44:40: WARNING - HTTPS ERROR: API link for https://www.redfin.com/zipcode/89310 could not be found.
May-29-23 14:44:40: WARNING - HTTPS ERROR: API link for https://www.redfin.com/zipcode/78746 could not be found.
May-29-23 14:44:40: WARNING - HTTPS ERROR: API link for https://www.redfin.com/zipcode/78798 could not be found.
May-29-23 14:44:40: WARNING - HTTPS ERROR: API link for https://www.redfin.com/zipcode/73344 could not be found.
May-29-23 14:44:40: WARNING - HTTPS ERROR: API link for https://www.redfin.com/zipcode/78764 could not be found.
May-29-23 14:44:40: WARNING - HTTPS ERROR: API link for https://www.redfin.com/zipcode/78732 could not be found.
May-29-23 14:44:40: WARNING - HTTPS ERROR: API link for https://www.redfin.com/zipcode/78753 could not be found.
May-29-23 14:44:40: WARNING - HTTPS ERROR: API link for https://www.redfin.com/zipcode/78756 could not be found.
May-29-23 14:44:40: WARNING - HTTPS ERROR: API link for https://www.redfin.com/zipcode/78783 could not be found.
May-29-23 14:44:40: WARNING - HTTPS ERROR: API link for https://www.redfin.com/zipcode/78760 could not be found.
May-29-23 14:44:40: WARNING - HTTPS ERROR: API link for https://www.redfin.com/zipcode/78717 could not be found.
May-29-23 14:44:40: WARNING - HTTPS ERROR: API link for https://www.redfin.com/zipcode/78737 could not be found.
May-29-23 14:44:40: WARNING - HTTPS ERROR: API link for https://www.redfin.com/zipcode/78725 could not be found.
May-29-23 14:44:40: WARNING - HTTPS ERROR: API link for https://www.redfin.com/zipcode/78729 could not be found.
May-29-23 14:44:40: WARNING - HTTPS ERROR: API link for https://www.redfin.com/zipcode/78724 could not be found.
May-29-23 14:44:40: WARNING - HTTPS ERROR: API link for https://www.redfin.com/zipcode/78786 could not be found.
May-29-23 14:44:40: WARNING - HTTPS ERROR: API link for https://www.redfin.com/zipcode/78701 could not be found.
May-29-23 14:44:40: WARNING - HTTPS ERROR: API link for https://www.redfin.com/zipcode/78778 could not be found.
May-29-23 14:44:40: WARNING - HTTPS ERROR: API link for https://www.redfin.com/zipcode/78731 could not be found.
May-29-23 14:44:40: WARNING - HTTPS ERROR: API link for https://www.redfin.com/zipcode/78752 could not be found.
May-29-23 14:44:40: WARNING - HTTPS ERROR: API link for https://www.redfin.com/zipcode/78716 could not be found.
May-29-23 14:44:40: WARNING - HTTPS ERROR: API link for https://www.redfin.com/zipcode/78785 could not be found.
May-29-23 14:44:40: WARNING - HTTPS ERROR: API link for https://www.redfin.com/zipcode/78750 could not be found.
May-29-23 14:44:40: WARNING - HTTPS ERROR: API link for https://www.redfin.com/zipcode/78754 could not be found.
May-29-23 14:44:40: WARNING - HTTPS ERROR: API link for https://www.redfin.com/zipcode/78714 could not be found.
May-29-23 14:44:40: WARNING - HTTPS ERROR: API link for https://www.redfin.com/zipcode/78779 could not be found.
May-29-23 14:44:40: WARNING - HTTPS ERROR: API link for https://www.redfin.com/zipcode/78708 could not be found.
May-29-23 14:44:40: WARNING - HTTPS ERROR: API link for https://www.redfin.com/zipcode/78766 could not be found.
May-29-23 14:44:40: WARNING - HTTPS ERROR: API link for https://www.redfin.com/zipcode/78719 could not be found.
May-29-23 14:44:40: WARNING - HTTPS ERROR: API link for https://www.redfin.com/zipcode/78757 could not be found.
May-29-23 14:44:40: WARNING - HTTPS ERROR: API link for https://www.redfin.com/zipcode/78733 could not be found.
May-29-23 14:44:40: WARNING - HTTPS ERROR: API link for https://www.redfin.com/zipcode/78735 could not be found.
May-29-23 14:44:40: WARNING - HTTPS ERROR: API link for https://www.redfin.com/zipcode/78723 could not be found.
May-29-23 14:44:40: WARNING - HTTPS ERROR: API link for https://www.redfin.com/zipcode/78704 could not be found.
May-29-23 14:44:40: WARNING - HTTPS ERROR: API link for https://www.redfin.com/zipcode/78745 could not be found.
May-29-23 14:44:40: WARNING - HTTPS ERROR: API link for https://www.redfin.com/zipcode/78738 could not be found.
May-29-23 14:44:40: WARNING - HTTPS ERROR: API link for https://www.redfin.com/zipcode/78788 could not be found.
May-29-23 14:44:40: WARNING - HTTPS ERROR: API link for https://www.redfin.com/zipcode/78780 could not be found.
May-29-23 14:44:40: WARNING - HTTPS ERROR: API link for https://www.redfin.com/zipcode/78712 could not be found.
May-29-23 14:44:40: WARNING - HTTPS ERROR: API link for https://www.redfin.com/zipcode/78741 could not be found.
May-29-23 14:44:40: WARNING - HTTPS ERROR: API link for https://www.redfin.com/zipcode/78702 could not be found.
May-29-23 14:44:40: WARNING - HTTPS ERROR: API link for https://www.redfin.com/zipcode/78747 could not be found.
May-29-23 14:44:40: WARNING - HTTPS ERROR: API link for https://www.redfin.com/zipcode/78758 could not be found.
May-29-23 14:44:40: WARNING - HTTPS ERROR: API link for https://www.redfin.com/zipcode/78799 could not be found.
May-29-23 14:44:40: WARNING - HTTPS ERROR: API link for https://www.redfin.com/zipcode/78734 could not be found.
May-29-23 14:44:40: WARNING - HTTPS ERROR: API link for https://www.redfin.com/zipcode/73301 could not be found.
May-29-23 14:44:40: WARNING - HTTPS ERROR: API link for https://www.redfin.com/zipcode/78762 could not be found.
May-29-23 14:44:40: WARNING - HTTPS ERROR: API link for https://www.redfin.com/zipcode/78727 could not be found.
May-29-23 14:44:40: WARNING - HTTPS ERROR: API link for https://www.redfin.com/zipcode/78772 could not be found.
May-29-23 14:44:40: WARNING - HTTPS ERROR: API link for https://www.redfin.com/zipcode/78755 could not be found.
May-29-23 14:44:40: WARNING - HTTPS ERROR: API link for https://www.redfin.com/zipcode/78768 could not be found.
May-29-23 14:44:40: WARNING - HTTPS ERROR: API link for https://www.redfin.com/zipcode/81410 could not be found.
May-29-23 14:44:40: WARNING - HTTPS ERROR: API link for https://www.redfin.com/zipcode/78739 could not be found.
May-29-23 14:44:40: WARNING - HTTPS ERROR: API link for https://www.redfin.com/zipcode/78748 could not be found.
May-29-23 14:44:40: WARNING - HTTPS ERROR: API link for https://www.redfin.com/zipcode/78722 could not be found.
May-29-23 14:44:40: WARNING - HTTPS ERROR: API link for https://www.redfin.com/zipcode/78713 could not be found.
May-29-23 14:44:40: WARNING - HTTPS ERROR: API link for https://www.redfin.com/zipcode/78710 could not be found.
May-29-23 14:44:40: WARNING - HTTPS ERROR: API link for https://www.redfin.com/zipcode/78763 could not be found.
May-29-23 14:44:40: WARNING - HTTPS ERROR: API link for https://www.redfin.com/zipcode/78773 could not be found.
May-29-23 14:44:40: WARNING - HTTPS ERROR: API link for https://www.redfin.com/zipcode/78774 could not be found.
May-29-23 14:44:40: WARNING - HTTPS ERROR: API link for https://www.redfin.com/zipcode/78715 could not be found.
May-29-23 14:44:40: WARNING - HTTPS ERROR: API link for https://www.redfin.com/zipcode/78759 could not be found.
May-29-23 14:44:40: WARNING - HTTPS ERROR: API link for https://www.redfin.com/zipcode/78709 could not be found.
May-29-23 14:44:40: WARNING - HTTPS ERROR: API link for https://www.redfin.com/zipcode/78751 could not be found.
May-29-23 14:44:40: WARNING - HTTPS ERROR: API link for https://www.redfin.com/zipcode/78721 could not be found.
May-29-23 14:44:40: WARNING - HTTPS ERROR: API link for https://www.redfin.com/zipcode/78711 could not be found.
May-29-23 14:44:40: WARNING - HTTPS ERROR: API link for https://www.redfin.com/zipcode/78789 could not be found.
May-29-23 14:44:40: WARNING - HTTPS ERROR: API link for https://www.redfin.com/zipcode/16720 could not be found.
May-29-23 14:44:40: WARNING - HTTPS ERROR: API link for https://www.redfin.com/zipcode/78744 could not be found.
May-29-23 14:44:40: WARNING - HTTPS ERROR: API link for https://www.redfin.com/zipcode/78761 could not be found.
May-29-23 14:44:40: WARNING - HTTPS ERROR: API link for https://www.redfin.com/zipcode/78726 could not be found.
May-29-23 14:44:40: WARNING - HTTPS ERROR: API link for https://www.redfin.com/zipcode/78705 could not be found.
May-29-23 14:44:40: WARNING - HTTPS ERROR: API link for https://www.redfin.com/zipcode/78769 could not be found.
May-29-23 14:44:40: WARNING - HTTPS ERROR: API link for https://www.redfin.com/zipcode/78767 could not be found.
May-29-23 14:44:40: WARNING - HTTPS ERROR: API link for https://www.redfin.com/zipcode/78730 could not be found.
May-29-23 14:44:41: INFO - Function scrape took 11.358977833999234 seconds.
