[2023-06-22T03:45:53.802+0000] {taskinstance.py:1090} INFO - Dependencies all met for dep_context=non-requeueable deps ti=<TaskInstance: showpulse_dbt_dag.dbt_change_dir scheduled__2023-06-22T03:39:47.531582+00:00 [queued]>
[2023-06-22T03:45:53.809+0000] {taskinstance.py:1090} INFO - Dependencies all met for dep_context=requeueable deps ti=<TaskInstance: showpulse_dbt_dag.dbt_change_dir scheduled__2023-06-22T03:39:47.531582+00:00 [queued]>
[2023-06-22T03:45:53.809+0000] {taskinstance.py:1288} INFO - 
--------------------------------------------------------------------------------
[2023-06-22T03:45:53.811+0000] {taskinstance.py:1289} INFO - Starting attempt 1 of 1
[2023-06-22T03:45:53.812+0000] {taskinstance.py:1290} INFO - 
--------------------------------------------------------------------------------
[2023-06-22T03:45:53.825+0000] {taskinstance.py:1309} INFO - Executing <Task(BashOperator): dbt_change_dir> on 2023-06-22 03:39:47.531582+00:00
[2023-06-22T03:45:53.830+0000] {standard_task_runner.py:55} INFO - Started process 15397 to run task
[2023-06-22T03:45:53.836+0000] {standard_task_runner.py:82} INFO - Running: ['***', 'tasks', 'run', 'showpulse_dbt_dag', 'dbt_change_dir', 'scheduled__2023-06-22T03:39:47.531582+00:00', '--job-id', '1788', '--raw', '--subdir', 'DAGS_FOLDER/dbt_run.py', '--cfg-path', '/tmp/tmps7j9vzbb']
[2023-06-22T03:45:53.837+0000] {standard_task_runner.py:83} INFO - Job 1788: Subtask dbt_change_dir
[2023-06-22T03:45:53.899+0000] {task_command.py:389} INFO - Running <TaskInstance: showpulse_dbt_dag.dbt_change_dir scheduled__2023-06-22T03:39:47.531582+00:00 [running]> on host 62cfed75eae1
[2023-06-22T03:45:53.968+0000] {taskinstance.py:1518} INFO - Exporting the following env vars:
AIRFLOW_CTX_DAG_OWNER=nburkett
AIRFLOW_CTX_DAG_ID=showpulse_dbt_dag
AIRFLOW_CTX_TASK_ID=dbt_change_dir
AIRFLOW_CTX_EXECUTION_DATE=2023-06-22T03:39:47.531582+00:00
AIRFLOW_CTX_TRY_NUMBER=1
AIRFLOW_CTX_DAG_RUN_ID=scheduled__2023-06-22T03:39:47.531582+00:00
[2023-06-22T03:45:53.970+0000] {subprocess.py:63} INFO - Tmp dir root location: 
 /tmp
[2023-06-22T03:45:53.971+0000] {subprocess.py:75} INFO - Running command: ['/bin/bash', '-c', 'cd /dbt/ticketmaster_transformation']
[2023-06-22T03:45:53.981+0000] {subprocess.py:86} INFO - Output:
[2023-06-22T03:45:53.984+0000] {subprocess.py:97} INFO - Command exited with return code 0
[2023-06-22T03:45:54.016+0000] {taskinstance.py:1332} INFO - Marking task as SUCCESS. dag_id=showpulse_dbt_dag, task_id=dbt_change_dir, execution_date=20230622T033947, start_date=20230622T034553, end_date=20230622T034554
[2023-06-22T03:45:54.049+0000] {local_task_job.py:212} INFO - Task exited with return code 0
[2023-06-22T03:45:54.070+0000] {taskinstance.py:2596} INFO - 1 downstream tasks scheduled from follow-on schedule check
