[2023-06-21T16:19:50.145+0000] {taskinstance.py:1090} INFO - Dependencies all met for dep_context=non-requeueable deps ti=<TaskInstance: showpulse_dbt_dag.pwd1 scheduled__2023-06-21T16:08:48.869074+00:00 [queued]>
[2023-06-21T16:19:50.154+0000] {taskinstance.py:1090} INFO - Dependencies all met for dep_context=requeueable deps ti=<TaskInstance: showpulse_dbt_dag.pwd1 scheduled__2023-06-21T16:08:48.869074+00:00 [queued]>
[2023-06-21T16:19:50.155+0000] {taskinstance.py:1288} INFO - 
--------------------------------------------------------------------------------
[2023-06-21T16:19:50.155+0000] {taskinstance.py:1289} INFO - Starting attempt 1 of 1
[2023-06-21T16:19:50.156+0000] {taskinstance.py:1290} INFO - 
--------------------------------------------------------------------------------
[2023-06-21T16:19:50.171+0000] {taskinstance.py:1309} INFO - Executing <Task(BashOperator): pwd1> on 2023-06-21 16:08:48.869074+00:00
[2023-06-21T16:19:50.185+0000] {standard_task_runner.py:55} INFO - Started process 4712 to run task
[2023-06-21T16:19:50.212+0000] {standard_task_runner.py:82} INFO - Running: ['***', 'tasks', 'run', 'showpulse_dbt_dag', 'pwd1', 'scheduled__2023-06-21T16:08:48.869074+00:00', '--job-id', '835', '--raw', '--subdir', 'DAGS_FOLDER/dbt_run.py', '--cfg-path', '/tmp/tmpmlbyl_ax']
[2023-06-21T16:19:50.214+0000] {standard_task_runner.py:83} INFO - Job 835: Subtask pwd1
[2023-06-21T16:19:50.378+0000] {task_command.py:389} INFO - Running <TaskInstance: showpulse_dbt_dag.pwd1 scheduled__2023-06-21T16:08:48.869074+00:00 [running]> on host 62cfed75eae1
[2023-06-21T16:19:50.493+0000] {taskinstance.py:1518} INFO - Exporting the following env vars:
AIRFLOW_CTX_DAG_OWNER=nburkett
AIRFLOW_CTX_DAG_ID=showpulse_dbt_dag
AIRFLOW_CTX_TASK_ID=pwd1
AIRFLOW_CTX_EXECUTION_DATE=2023-06-21T16:08:48.869074+00:00
AIRFLOW_CTX_TRY_NUMBER=1
AIRFLOW_CTX_DAG_RUN_ID=scheduled__2023-06-21T16:08:48.869074+00:00
[2023-06-21T16:19:50.494+0000] {subprocess.py:63} INFO - Tmp dir root location: 
 /tmp
[2023-06-21T16:19:50.495+0000] {subprocess.py:75} INFO - Running command: ['/bin/bash', '-c', 'pwd && ls']
[2023-06-21T16:19:50.506+0000] {subprocess.py:86} INFO - Output:
[2023-06-21T16:19:50.510+0000] {subprocess.py:93} INFO - /tmp/***tmpiyi2ixk5
[2023-06-21T16:19:50.513+0000] {subprocess.py:97} INFO - Command exited with return code 0
[2023-06-21T16:19:50.543+0000] {taskinstance.py:1332} INFO - Marking task as SUCCESS. dag_id=showpulse_dbt_dag, task_id=pwd1, execution_date=20230621T160848, start_date=20230621T161950, end_date=20230621T161950
[2023-06-21T16:19:50.583+0000] {local_task_job.py:212} INFO - Task exited with return code 0
[2023-06-21T16:19:50.607+0000] {taskinstance.py:2596} INFO - 1 downstream tasks scheduled from follow-on schedule check
