[2023-06-22T19:26:48.921+0000] {taskinstance.py:1090} INFO - Dependencies all met for dep_context=non-requeueable deps ti=<TaskInstance: showpulse_dbt_dag.dbt_run scheduled__2023-06-22T19:25:44.248748+00:00 [queued]>
[2023-06-22T19:26:48.927+0000] {taskinstance.py:1090} INFO - Dependencies all met for dep_context=requeueable deps ti=<TaskInstance: showpulse_dbt_dag.dbt_run scheduled__2023-06-22T19:25:44.248748+00:00 [queued]>
[2023-06-22T19:26:48.927+0000] {taskinstance.py:1288} INFO - 
--------------------------------------------------------------------------------
[2023-06-22T19:26:48.928+0000] {taskinstance.py:1289} INFO - Starting attempt 1 of 1
[2023-06-22T19:26:48.928+0000] {taskinstance.py:1290} INFO - 
--------------------------------------------------------------------------------
[2023-06-22T19:26:48.936+0000] {taskinstance.py:1309} INFO - Executing <Task(BashOperator): dbt_run> on 2023-06-22 19:25:44.248748+00:00
[2023-06-22T19:26:48.939+0000] {standard_task_runner.py:55} INFO - Started process 17656 to run task
[2023-06-22T19:26:48.942+0000] {standard_task_runner.py:82} INFO - Running: ['***', 'tasks', 'run', 'showpulse_dbt_dag', 'dbt_run', 'scheduled__2023-06-22T19:25:44.248748+00:00', '--job-id', '2042', '--raw', '--subdir', 'DAGS_FOLDER/dbt_run.py', '--cfg-path', '/tmp/tmp_2r43r1d']
[2023-06-22T19:26:48.943+0000] {standard_task_runner.py:83} INFO - Job 2042: Subtask dbt_run
[2023-06-22T19:26:48.995+0000] {task_command.py:389} INFO - Running <TaskInstance: showpulse_dbt_dag.dbt_run scheduled__2023-06-22T19:25:44.248748+00:00 [running]> on host 62cfed75eae1
[2023-06-22T19:26:49.045+0000] {taskinstance.py:1518} INFO - Exporting the following env vars:
AIRFLOW_CTX_DAG_OWNER=nburkett
AIRFLOW_CTX_DAG_ID=showpulse_dbt_dag
AIRFLOW_CTX_TASK_ID=dbt_run
AIRFLOW_CTX_EXECUTION_DATE=2023-06-22T19:25:44.248748+00:00
AIRFLOW_CTX_TRY_NUMBER=1
AIRFLOW_CTX_DAG_RUN_ID=scheduled__2023-06-22T19:25:44.248748+00:00
[2023-06-22T19:26:49.046+0000] {subprocess.py:63} INFO - Tmp dir root location: 
 /tmp
[2023-06-22T19:26:49.047+0000] {subprocess.py:75} INFO - Running command: ['/bin/bash', '-c', 'cd /dbt/ticketmaster_transformation && dbt run']
[2023-06-22T19:26:49.054+0000] {subprocess.py:86} INFO - Output:
[2023-06-22T19:26:50.359+0000] {subprocess.py:93} INFO - [0m19:26:50  Running with dbt=1.5.1
[2023-06-22T19:26:50.849+0000] {subprocess.py:93} INFO - [0m19:26:50  Found 4 models, 0 tests, 0 snapshots, 0 analyses, 356 macros, 0 operations, 0 seed files, 3 sources, 0 exposures, 0 metrics, 0 groups
[2023-06-22T19:26:50.853+0000] {subprocess.py:93} INFO - [0m19:26:50
[2023-06-22T19:26:51.573+0000] {subprocess.py:93} INFO - [0m19:26:51  Concurrency: 4 threads (target='dev')
[2023-06-22T19:26:51.576+0000] {subprocess.py:93} INFO - [0m19:26:51
[2023-06-22T19:26:51.592+0000] {subprocess.py:93} INFO - [0m19:26:51  1 of 4 START sql table model twitter_kafka_pyspark_test.distinct_data .......... [RUN]
[2023-06-22T19:26:51.594+0000] {subprocess.py:93} INFO - [0m19:26:51  2 of 4 START sql table model twitter_kafka_pyspark_test.dm_events .............. [RUN]
[2023-06-22T19:26:51.597+0000] {subprocess.py:93} INFO - [0m19:26:51  3 of 4 START sql table model twitter_kafka_pyspark_test.my_first_dbt_model ..... [RUN]
[2023-06-22T19:26:53.461+0000] {subprocess.py:93} INFO - [0m19:26:53  3 of 4 OK created sql table model twitter_kafka_pyspark_test.my_first_dbt_model  [[32mCREATE TABLE (2.0 rows, 0 processed)[0m in 1.85s]
[2023-06-22T19:26:53.468+0000] {subprocess.py:93} INFO - [0m19:26:53  4 of 4 START sql view model twitter_kafka_pyspark_test.my_second_dbt_model ..... [RUN]
[2023-06-22T19:26:54.417+0000] {subprocess.py:93} INFO - [0m19:26:54  4 of 4 OK created sql view model twitter_kafka_pyspark_test.my_second_dbt_model  [[32mCREATE VIEW (0 processed)[0m in 0.94s]
[2023-06-22T19:27:07.927+0000] {subprocess.py:93} INFO - [0m19:27:07  2 of 4 OK created sql table model twitter_kafka_pyspark_test.dm_events ......... [[32mCREATE TABLE (1.3k rows, 178.2 KiB processed)[0m in 16.32s]
[2023-06-22T19:36:56.301+0000] {subprocess.py:93} INFO - [0m19:36:56  1 of 4 OK created sql table model twitter_kafka_pyspark_test.distinct_data ..... [[32mCREATE TABLE (1.1k rows, 638.3 KiB processed)[0m in 604.70s]
[2023-06-22T19:36:56.323+0000] {subprocess.py:93} INFO - [0m19:36:56
[2023-06-22T19:36:56.325+0000] {subprocess.py:93} INFO - [0m19:36:56  Finished running 3 table models, 1 view model in 0 hours 10 minutes and 5.47 seconds (605.47s).
[2023-06-22T19:36:56.351+0000] {subprocess.py:93} INFO - [0m19:36:56
[2023-06-22T19:36:56.354+0000] {subprocess.py:93} INFO - [0m19:36:56  [32mCompleted successfully[0m
[2023-06-22T19:36:56.356+0000] {subprocess.py:93} INFO - [0m19:36:56
[2023-06-22T19:36:56.358+0000] {subprocess.py:93} INFO - [0m19:36:56  Done. PASS=4 WARN=0 ERROR=0 SKIP=0 TOTAL=4
[2023-06-22T19:36:57.015+0000] {subprocess.py:97} INFO - Command exited with return code 0
[2023-06-22T19:36:57.052+0000] {taskinstance.py:1332} INFO - Marking task as SUCCESS. dag_id=showpulse_dbt_dag, task_id=dbt_run, execution_date=20230622T192544, start_date=20230622T192648, end_date=20230622T193657
[2023-06-22T19:36:57.111+0000] {local_task_job.py:212} INFO - Task exited with return code 0
[2023-06-22T19:36:57.132+0000] {taskinstance.py:2596} INFO - 0 downstream tasks scheduled from follow-on schedule check
