[2023-06-23T02:42:22.806+0000] {taskinstance.py:1090} INFO - Dependencies all met for dep_context=non-requeueable deps ti=<TaskInstance: showpulse_dbt_dag.dbt_run scheduled__2023-06-23T02:41:17.887791+00:00 [queued]>
[2023-06-23T02:42:22.813+0000] {taskinstance.py:1090} INFO - Dependencies all met for dep_context=requeueable deps ti=<TaskInstance: showpulse_dbt_dag.dbt_run scheduled__2023-06-23T02:41:17.887791+00:00 [queued]>
[2023-06-23T02:42:22.814+0000] {taskinstance.py:1288} INFO - 
--------------------------------------------------------------------------------
[2023-06-23T02:42:22.814+0000] {taskinstance.py:1289} INFO - Starting attempt 1 of 1
[2023-06-23T02:42:22.815+0000] {taskinstance.py:1290} INFO - 
--------------------------------------------------------------------------------
[2023-06-23T02:42:22.823+0000] {taskinstance.py:1309} INFO - Executing <Task(BashOperator): dbt_run> on 2023-06-23 02:41:17.887791+00:00
[2023-06-23T02:42:22.827+0000] {standard_task_runner.py:55} INFO - Started process 26848 to run task
[2023-06-23T02:42:22.831+0000] {standard_task_runner.py:82} INFO - Running: ['***', 'tasks', 'run', 'showpulse_dbt_dag', 'dbt_run', 'scheduled__2023-06-23T02:41:17.887791+00:00', '--job-id', '2847', '--raw', '--subdir', 'DAGS_FOLDER/dbt_run.py', '--cfg-path', '/tmp/tmp6qx1glp7']
[2023-06-23T02:42:22.832+0000] {standard_task_runner.py:83} INFO - Job 2847: Subtask dbt_run
[2023-06-23T02:42:22.896+0000] {task_command.py:389} INFO - Running <TaskInstance: showpulse_dbt_dag.dbt_run scheduled__2023-06-23T02:41:17.887791+00:00 [running]> on host 62cfed75eae1
[2023-06-23T02:42:22.950+0000] {taskinstance.py:1518} INFO - Exporting the following env vars:
AIRFLOW_CTX_DAG_OWNER=nburkett
AIRFLOW_CTX_DAG_ID=showpulse_dbt_dag
AIRFLOW_CTX_TASK_ID=dbt_run
AIRFLOW_CTX_EXECUTION_DATE=2023-06-23T02:41:17.887791+00:00
AIRFLOW_CTX_TRY_NUMBER=1
AIRFLOW_CTX_DAG_RUN_ID=scheduled__2023-06-23T02:41:17.887791+00:00
[2023-06-23T02:42:22.951+0000] {subprocess.py:63} INFO - Tmp dir root location: 
 /tmp
[2023-06-23T02:42:22.952+0000] {subprocess.py:75} INFO - Running command: ['/bin/bash', '-c', 'cd /dbt/ticketmaster_transformation && dbt run']
[2023-06-23T02:42:22.961+0000] {subprocess.py:86} INFO - Output:
[2023-06-23T02:42:24.407+0000] {subprocess.py:93} INFO - [0m02:42:24  Running with dbt=1.5.1
[2023-06-23T02:42:25.036+0000] {subprocess.py:93} INFO - [0m02:42:25  Found 4 models, 0 tests, 0 snapshots, 0 analyses, 356 macros, 0 operations, 0 seed files, 3 sources, 0 exposures, 0 metrics, 0 groups
[2023-06-23T02:42:25.040+0000] {subprocess.py:93} INFO - [0m02:42:25
[2023-06-23T02:42:26.017+0000] {subprocess.py:93} INFO - [0m02:42:26  Concurrency: 4 threads (target='dev')
[2023-06-23T02:42:26.018+0000] {subprocess.py:93} INFO - [0m02:42:26
[2023-06-23T02:42:26.026+0000] {subprocess.py:93} INFO - [0m02:42:26  1 of 4 START sql table model twitter_kafka_pyspark_test.distinct_data .......... [RUN]
[2023-06-23T02:42:26.027+0000] {subprocess.py:93} INFO - [0m02:42:26  2 of 4 START sql table model twitter_kafka_pyspark_test.dm_events .............. [RUN]
[2023-06-23T02:42:26.029+0000] {subprocess.py:93} INFO - [0m02:42:26  3 of 4 START sql table model twitter_kafka_pyspark_test.my_first_dbt_model ..... [RUN]
[2023-06-23T02:42:28.732+0000] {subprocess.py:93} INFO - [0m02:42:28  3 of 4 OK created sql table model twitter_kafka_pyspark_test.my_first_dbt_model  [[32mCREATE TABLE (2.0 rows, 0 processed)[0m in 2.70s]
[2023-06-23T02:42:28.738+0000] {subprocess.py:93} INFO - [0m02:42:28  4 of 4 START sql view model twitter_kafka_pyspark_test.my_second_dbt_model ..... [RUN]
[2023-06-23T02:42:28.944+0000] {subprocess.py:93} INFO - [0m02:42:28  2 of 4 OK created sql table model twitter_kafka_pyspark_test.dm_events ......... [[32mCREATE TABLE (1.0k rows, 135.9 KiB processed)[0m in 2.91s]
[2023-06-23T02:42:28.998+0000] {subprocess.py:93} INFO - [0m02:42:28  1 of 4 OK created sql table model twitter_kafka_pyspark_test.distinct_data ..... [[32mCREATE TABLE (786.0 rows, 514.8 KiB processed)[0m in 2.97s]
[2023-06-23T02:42:29.658+0000] {subprocess.py:93} INFO - [0m02:42:29  4 of 4 OK created sql view model twitter_kafka_pyspark_test.my_second_dbt_model  [[32mCREATE VIEW (0 processed)[0m in 0.92s]
[2023-06-23T02:42:29.690+0000] {subprocess.py:93} INFO - [0m02:42:29
[2023-06-23T02:42:29.692+0000] {subprocess.py:93} INFO - [0m02:42:29  Finished running 3 table models, 1 view model in 0 hours 0 minutes and 4.65 seconds (4.65s).
[2023-06-23T02:42:29.715+0000] {subprocess.py:93} INFO - [0m02:42:29
[2023-06-23T02:42:29.716+0000] {subprocess.py:93} INFO - [0m02:42:29  [32mCompleted successfully[0m
[2023-06-23T02:42:29.717+0000] {subprocess.py:93} INFO - [0m02:42:29
[2023-06-23T02:42:29.719+0000] {subprocess.py:93} INFO - [0m02:42:29  Done. PASS=4 WARN=0 ERROR=0 SKIP=0 TOTAL=4
[2023-06-23T02:42:30.210+0000] {subprocess.py:97} INFO - Command exited with return code 0
[2023-06-23T02:42:30.244+0000] {taskinstance.py:1332} INFO - Marking task as SUCCESS. dag_id=showpulse_dbt_dag, task_id=dbt_run, execution_date=20230623T024117, start_date=20230623T024222, end_date=20230623T024230
[2023-06-23T02:42:30.276+0000] {local_task_job.py:212} INFO - Task exited with return code 0
[2023-06-23T02:42:30.294+0000] {taskinstance.py:2596} INFO - 0 downstream tasks scheduled from follow-on schedule check
