[2023-06-21T02:20:47.357+0000] {taskinstance.py:1090} INFO - Dependencies all met for dep_context=non-requeueable deps ti=<TaskInstance: showpulse_dbt_dag.dbt_run scheduled__2023-06-21T02:19:44.160406+00:00 [queued]>
[2023-06-21T02:20:47.364+0000] {taskinstance.py:1090} INFO - Dependencies all met for dep_context=requeueable deps ti=<TaskInstance: showpulse_dbt_dag.dbt_run scheduled__2023-06-21T02:19:44.160406+00:00 [queued]>
[2023-06-21T02:20:47.364+0000] {taskinstance.py:1288} INFO - 
--------------------------------------------------------------------------------
[2023-06-21T02:20:47.365+0000] {taskinstance.py:1289} INFO - Starting attempt 1 of 1
[2023-06-21T02:20:47.365+0000] {taskinstance.py:1290} INFO - 
--------------------------------------------------------------------------------
[2023-06-21T02:20:47.373+0000] {taskinstance.py:1309} INFO - Executing <Task(BashOperator): dbt_run> on 2023-06-21 02:19:44.160406+00:00
[2023-06-21T02:20:47.376+0000] {standard_task_runner.py:55} INFO - Started process 2236 to run task
[2023-06-21T02:20:47.380+0000] {standard_task_runner.py:82} INFO - Running: ['***', 'tasks', 'run', 'showpulse_dbt_dag', 'dbt_run', 'scheduled__2023-06-21T02:19:44.160406+00:00', '--job-id', '570', '--raw', '--subdir', 'DAGS_FOLDER/dbt_run.py', '--cfg-path', '/tmp/tmpeszsfezd']
[2023-06-21T02:20:47.381+0000] {standard_task_runner.py:83} INFO - Job 570: Subtask dbt_run
[2023-06-21T02:20:47.435+0000] {task_command.py:389} INFO - Running <TaskInstance: showpulse_dbt_dag.dbt_run scheduled__2023-06-21T02:19:44.160406+00:00 [running]> on host 62cfed75eae1
[2023-06-21T02:20:47.485+0000] {taskinstance.py:1518} INFO - Exporting the following env vars:
AIRFLOW_CTX_DAG_OWNER=nburkett
AIRFLOW_CTX_DAG_ID=showpulse_dbt_dag
AIRFLOW_CTX_TASK_ID=dbt_run
AIRFLOW_CTX_EXECUTION_DATE=2023-06-21T02:19:44.160406+00:00
AIRFLOW_CTX_TRY_NUMBER=1
AIRFLOW_CTX_DAG_RUN_ID=scheduled__2023-06-21T02:19:44.160406+00:00
[2023-06-21T02:20:47.486+0000] {subprocess.py:63} INFO - Tmp dir root location: 
 /tmp
[2023-06-21T02:20:47.487+0000] {subprocess.py:75} INFO - Running command: ['/bin/bash', '-c', 'cd /dbt/ticketmaster_transformation && dbt run']
[2023-06-21T02:20:47.495+0000] {subprocess.py:86} INFO - Output:
[2023-06-21T02:20:48.724+0000] {subprocess.py:93} INFO - [0m02:20:48  Running with dbt=1.5.1
[2023-06-21T02:20:49.194+0000] {subprocess.py:93} INFO - [0m02:20:49  Found 4 models, 0 tests, 0 snapshots, 0 analyses, 356 macros, 0 operations, 0 seed files, 3 sources, 0 exposures, 0 metrics, 0 groups
[2023-06-21T02:20:49.197+0000] {subprocess.py:93} INFO - [0m02:20:49
[2023-06-21T02:20:49.913+0000] {subprocess.py:93} INFO - [0m02:20:49  Concurrency: 4 threads (target='dev')
[2023-06-21T02:20:49.917+0000] {subprocess.py:93} INFO - [0m02:20:49
[2023-06-21T02:20:49.935+0000] {subprocess.py:93} INFO - [0m02:20:49  1 of 4 START sql table model twitter_kafka_pyspark_test.distinct_data .......... [RUN]
[2023-06-21T02:20:49.938+0000] {subprocess.py:93} INFO - [0m02:20:49  2 of 4 START sql table model twitter_kafka_pyspark_test.dm_events .............. [RUN]
[2023-06-21T02:20:49.940+0000] {subprocess.py:93} INFO - [0m02:20:49  3 of 4 START sql table model twitter_kafka_pyspark_test.my_first_dbt_model ..... [RUN]
[2023-06-21T02:20:52.592+0000] {subprocess.py:93} INFO - [0m02:20:52  3 of 4 OK created sql table model twitter_kafka_pyspark_test.my_first_dbt_model  [[32mCREATE TABLE (2.0 rows, 0 processed)[0m in 2.64s]
[2023-06-21T02:20:52.598+0000] {subprocess.py:93} INFO - [0m02:20:52  4 of 4 START sql view model twitter_kafka_pyspark_test.my_second_dbt_model ..... [RUN]
[2023-06-21T02:20:52.963+0000] {subprocess.py:93} INFO - [0m02:20:52  1 of 4 OK created sql table model twitter_kafka_pyspark_test.distinct_data ..... [[32mCREATE TABLE (1.1k rows, 638.3 KiB processed)[0m in 3.02s]
[2023-06-21T02:20:53.168+0000] {subprocess.py:93} INFO - [0m02:20:53  2 of 4 OK created sql table model twitter_kafka_pyspark_test.dm_events ......... [[32mCREATE TABLE (1.3k rows, 178.2 KiB processed)[0m in 3.22s]
[2023-06-21T02:20:53.866+0000] {subprocess.py:93} INFO - [0m02:20:53  4 of 4 OK created sql view model twitter_kafka_pyspark_test.my_second_dbt_model  [[32mCREATE VIEW (0 processed)[0m in 1.26s]
[2023-06-21T02:20:54.001+0000] {subprocess.py:93} INFO - [0m02:20:54
[2023-06-21T02:20:54.005+0000] {subprocess.py:93} INFO - [0m02:20:54  Finished running 3 table models, 1 view model in 0 hours 0 minutes and 4.80 seconds (4.80s).
[2023-06-21T02:20:54.045+0000] {subprocess.py:93} INFO - [0m02:20:54
[2023-06-21T02:20:54.046+0000] {subprocess.py:93} INFO - [0m02:20:54  [32mCompleted successfully[0m
[2023-06-21T02:20:54.048+0000] {subprocess.py:93} INFO - [0m02:20:54
[2023-06-21T02:20:54.049+0000] {subprocess.py:93} INFO - [0m02:20:54  Done. PASS=4 WARN=0 ERROR=0 SKIP=0 TOTAL=4
[2023-06-21T02:20:54.496+0000] {subprocess.py:97} INFO - Command exited with return code 0
[2023-06-21T02:20:54.519+0000] {taskinstance.py:1332} INFO - Marking task as SUCCESS. dag_id=showpulse_dbt_dag, task_id=dbt_run, execution_date=20230621T021944, start_date=20230621T022047, end_date=20230621T022054
[2023-06-21T02:20:54.569+0000] {local_task_job.py:212} INFO - Task exited with return code 0
[2023-06-21T02:20:54.584+0000] {taskinstance.py:2596} INFO - 0 downstream tasks scheduled from follow-on schedule check
