[2023-06-23T00:40:26.133+0000] {taskinstance.py:1090} INFO - Dependencies all met for dep_context=non-requeueable deps ti=<TaskInstance: showpulse_dbt_dag.dbt_run scheduled__2023-06-23T00:39:22.829752+00:00 [queued]>
[2023-06-23T00:40:26.140+0000] {taskinstance.py:1090} INFO - Dependencies all met for dep_context=requeueable deps ti=<TaskInstance: showpulse_dbt_dag.dbt_run scheduled__2023-06-23T00:39:22.829752+00:00 [queued]>
[2023-06-23T00:40:26.141+0000] {taskinstance.py:1288} INFO - 
--------------------------------------------------------------------------------
[2023-06-23T00:40:26.141+0000] {taskinstance.py:1289} INFO - Starting attempt 1 of 1
[2023-06-23T00:40:26.142+0000] {taskinstance.py:1290} INFO - 
--------------------------------------------------------------------------------
[2023-06-23T00:40:26.150+0000] {taskinstance.py:1309} INFO - Executing <Task(BashOperator): dbt_run> on 2023-06-23 00:39:22.829752+00:00
[2023-06-23T00:40:26.153+0000] {standard_task_runner.py:55} INFO - Started process 20633 to run task
[2023-06-23T00:40:26.156+0000] {standard_task_runner.py:82} INFO - Running: ['***', 'tasks', 'run', 'showpulse_dbt_dag', 'dbt_run', 'scheduled__2023-06-23T00:39:22.829752+00:00', '--job-id', '2350', '--raw', '--subdir', 'DAGS_FOLDER/dbt_run.py', '--cfg-path', '/tmp/tmp8arxmh0w']
[2023-06-23T00:40:26.157+0000] {standard_task_runner.py:83} INFO - Job 2350: Subtask dbt_run
[2023-06-23T00:40:26.213+0000] {task_command.py:389} INFO - Running <TaskInstance: showpulse_dbt_dag.dbt_run scheduled__2023-06-23T00:39:22.829752+00:00 [running]> on host 62cfed75eae1
[2023-06-23T00:40:26.265+0000] {taskinstance.py:1518} INFO - Exporting the following env vars:
AIRFLOW_CTX_DAG_OWNER=nburkett
AIRFLOW_CTX_DAG_ID=showpulse_dbt_dag
AIRFLOW_CTX_TASK_ID=dbt_run
AIRFLOW_CTX_EXECUTION_DATE=2023-06-23T00:39:22.829752+00:00
AIRFLOW_CTX_TRY_NUMBER=1
AIRFLOW_CTX_DAG_RUN_ID=scheduled__2023-06-23T00:39:22.829752+00:00
[2023-06-23T00:40:26.266+0000] {subprocess.py:63} INFO - Tmp dir root location: 
 /tmp
[2023-06-23T00:40:26.267+0000] {subprocess.py:75} INFO - Running command: ['/bin/bash', '-c', 'cd /dbt/ticketmaster_transformation && dbt run']
[2023-06-23T00:40:26.275+0000] {subprocess.py:86} INFO - Output:
[2023-06-23T00:40:27.640+0000] {subprocess.py:93} INFO - [0m00:40:27  Running with dbt=1.5.1
[2023-06-23T00:40:28.190+0000] {subprocess.py:93} INFO - [0m00:40:28  Found 4 models, 0 tests, 0 snapshots, 0 analyses, 356 macros, 0 operations, 0 seed files, 3 sources, 0 exposures, 0 metrics, 0 groups
[2023-06-23T00:40:28.193+0000] {subprocess.py:93} INFO - [0m00:40:28
[2023-06-23T00:40:29.108+0000] {subprocess.py:93} INFO - [0m00:40:29  Concurrency: 4 threads (target='dev')
[2023-06-23T00:40:29.112+0000] {subprocess.py:93} INFO - [0m00:40:29
[2023-06-23T00:40:29.131+0000] {subprocess.py:93} INFO - [0m00:40:29  1 of 4 START sql table model twitter_kafka_pyspark_test.distinct_data .......... [RUN]
[2023-06-23T00:40:29.134+0000] {subprocess.py:93} INFO - [0m00:40:29  2 of 4 START sql table model twitter_kafka_pyspark_test.dm_events .............. [RUN]
[2023-06-23T00:40:29.136+0000] {subprocess.py:93} INFO - [0m00:40:29  3 of 4 START sql table model twitter_kafka_pyspark_test.my_first_dbt_model ..... [RUN]
[2023-06-23T00:40:31.887+0000] {subprocess.py:93} INFO - [0m00:40:31  3 of 4 OK created sql table model twitter_kafka_pyspark_test.my_first_dbt_model  [[32mCREATE TABLE (2.0 rows, 0 processed)[0m in 2.74s]
[2023-06-23T00:40:31.893+0000] {subprocess.py:93} INFO - [0m00:40:31  4 of 4 START sql view model twitter_kafka_pyspark_test.my_second_dbt_model ..... [RUN]
[2023-06-23T00:40:32.319+0000] {subprocess.py:93} INFO - [0m00:40:32  2 of 4 OK created sql table model twitter_kafka_pyspark_test.dm_events ......... [[32mCREATE TABLE (1.3k rows, 178.2 KiB processed)[0m in 3.18s]
[2023-06-23T00:40:32.390+0000] {subprocess.py:93} INFO - [0m00:40:32  1 of 4 OK created sql table model twitter_kafka_pyspark_test.distinct_data ..... [[32mCREATE TABLE (1.1k rows, 638.3 KiB processed)[0m in 3.25s]
[2023-06-23T00:40:32.801+0000] {subprocess.py:93} INFO - [0m00:40:32  4 of 4 OK created sql view model twitter_kafka_pyspark_test.my_second_dbt_model  [[32mCREATE VIEW (0 processed)[0m in 0.90s]
[2023-06-23T00:40:32.906+0000] {subprocess.py:93} INFO - [0m00:40:32
[2023-06-23T00:40:32.908+0000] {subprocess.py:93} INFO - [0m00:40:32  Finished running 3 table models, 1 view model in 0 hours 0 minutes and 4.71 seconds (4.71s).
[2023-06-23T00:40:32.926+0000] {subprocess.py:93} INFO - [0m00:40:32
[2023-06-23T00:40:32.928+0000] {subprocess.py:93} INFO - [0m00:40:32  [32mCompleted successfully[0m
[2023-06-23T00:40:32.929+0000] {subprocess.py:93} INFO - [0m00:40:32
[2023-06-23T00:40:32.930+0000] {subprocess.py:93} INFO - [0m00:40:32  Done. PASS=4 WARN=0 ERROR=0 SKIP=0 TOTAL=4
[2023-06-23T00:40:33.354+0000] {subprocess.py:97} INFO - Command exited with return code 0
[2023-06-23T00:40:33.386+0000] {taskinstance.py:1332} INFO - Marking task as SUCCESS. dag_id=showpulse_dbt_dag, task_id=dbt_run, execution_date=20230623T003922, start_date=20230623T004026, end_date=20230623T004033
[2023-06-23T00:40:33.410+0000] {local_task_job.py:212} INFO - Task exited with return code 0
[2023-06-23T00:40:33.425+0000] {taskinstance.py:2596} INFO - 0 downstream tasks scheduled from follow-on schedule check
