[2023-06-21T19:37:53.576+0000] {taskinstance.py:1090} INFO - Dependencies all met for dep_context=non-requeueable deps ti=<TaskInstance: showpulse_dbt_dag.dbt_run scheduled__2023-06-21T19:36:49.516797+00:00 [queued]>
[2023-06-21T19:37:53.582+0000] {taskinstance.py:1090} INFO - Dependencies all met for dep_context=requeueable deps ti=<TaskInstance: showpulse_dbt_dag.dbt_run scheduled__2023-06-21T19:36:49.516797+00:00 [queued]>
[2023-06-21T19:37:53.582+0000] {taskinstance.py:1288} INFO - 
--------------------------------------------------------------------------------
[2023-06-21T19:37:53.583+0000] {taskinstance.py:1289} INFO - Starting attempt 1 of 1
[2023-06-21T19:37:53.583+0000] {taskinstance.py:1290} INFO - 
--------------------------------------------------------------------------------
[2023-06-21T19:37:53.590+0000] {taskinstance.py:1309} INFO - Executing <Task(BashOperator): dbt_run> on 2023-06-21 19:36:49.516797+00:00
[2023-06-21T19:37:53.594+0000] {standard_task_runner.py:55} INFO - Started process 5673 to run task
[2023-06-21T19:37:53.597+0000] {standard_task_runner.py:82} INFO - Running: ['***', 'tasks', 'run', 'showpulse_dbt_dag', 'dbt_run', 'scheduled__2023-06-21T19:36:49.516797+00:00', '--job-id', '946', '--raw', '--subdir', 'DAGS_FOLDER/dbt_run.py', '--cfg-path', '/tmp/tmpxopjgbhs']
[2023-06-21T19:37:53.598+0000] {standard_task_runner.py:83} INFO - Job 946: Subtask dbt_run
[2023-06-21T19:37:53.651+0000] {task_command.py:389} INFO - Running <TaskInstance: showpulse_dbt_dag.dbt_run scheduled__2023-06-21T19:36:49.516797+00:00 [running]> on host 62cfed75eae1
[2023-06-21T19:37:53.701+0000] {taskinstance.py:1518} INFO - Exporting the following env vars:
AIRFLOW_CTX_DAG_OWNER=nburkett
AIRFLOW_CTX_DAG_ID=showpulse_dbt_dag
AIRFLOW_CTX_TASK_ID=dbt_run
AIRFLOW_CTX_EXECUTION_DATE=2023-06-21T19:36:49.516797+00:00
AIRFLOW_CTX_TRY_NUMBER=1
AIRFLOW_CTX_DAG_RUN_ID=scheduled__2023-06-21T19:36:49.516797+00:00
[2023-06-21T19:37:53.703+0000] {subprocess.py:63} INFO - Tmp dir root location: 
 /tmp
[2023-06-21T19:37:53.703+0000] {subprocess.py:75} INFO - Running command: ['/bin/bash', '-c', 'cd /dbt/ticketmaster_transformation && dbt run']
[2023-06-21T19:37:53.712+0000] {subprocess.py:86} INFO - Output:
[2023-06-21T19:37:55.049+0000] {subprocess.py:93} INFO - [0m19:37:55  Running with dbt=1.5.1
[2023-06-21T19:37:55.555+0000] {subprocess.py:93} INFO - [0m19:37:55  Found 4 models, 0 tests, 0 snapshots, 0 analyses, 356 macros, 0 operations, 0 seed files, 3 sources, 0 exposures, 0 metrics, 0 groups
[2023-06-21T19:37:55.557+0000] {subprocess.py:93} INFO - [0m19:37:55
[2023-06-21T19:37:56.342+0000] {subprocess.py:93} INFO - [0m19:37:56  Concurrency: 4 threads (target='dev')
[2023-06-21T19:37:56.344+0000] {subprocess.py:93} INFO - [0m19:37:56
[2023-06-21T19:37:56.352+0000] {subprocess.py:93} INFO - [0m19:37:56  1 of 4 START sql table model twitter_kafka_pyspark_test.distinct_data .......... [RUN]
[2023-06-21T19:37:56.353+0000] {subprocess.py:93} INFO - [0m19:37:56  2 of 4 START sql table model twitter_kafka_pyspark_test.dm_events .............. [RUN]
[2023-06-21T19:37:56.354+0000] {subprocess.py:93} INFO - [0m19:37:56  3 of 4 START sql table model twitter_kafka_pyspark_test.my_first_dbt_model ..... [RUN]
[2023-06-21T19:37:59.914+0000] {subprocess.py:93} INFO - [0m19:37:59  3 of 4 OK created sql table model twitter_kafka_pyspark_test.my_first_dbt_model  [[32mCREATE TABLE (2.0 rows, 0 processed)[0m in 3.56s]
[2023-06-21T19:37:59.919+0000] {subprocess.py:93} INFO - [0m19:37:59  4 of 4 START sql view model twitter_kafka_pyspark_test.my_second_dbt_model ..... [RUN]
[2023-06-21T19:38:00.247+0000] {subprocess.py:93} INFO - [0m19:38:00  2 of 4 OK created sql table model twitter_kafka_pyspark_test.dm_events ......... [[32mCREATE TABLE (1.3k rows, 178.2 KiB processed)[0m in 3.89s]
[2023-06-21T19:38:00.370+0000] {subprocess.py:93} INFO - [0m19:38:00  1 of 4 OK created sql table model twitter_kafka_pyspark_test.distinct_data ..... [[32mCREATE TABLE (1.1k rows, 638.3 KiB processed)[0m in 4.01s]
[2023-06-21T19:38:00.837+0000] {subprocess.py:93} INFO - [0m19:38:00  4 of 4 OK created sql view model twitter_kafka_pyspark_test.my_second_dbt_model  [[32mCREATE VIEW (0 processed)[0m in 0.91s]
[2023-06-21T19:38:00.857+0000] {subprocess.py:93} INFO - [0m19:38:00
[2023-06-21T19:38:00.857+0000] {subprocess.py:93} INFO - [0m19:38:00  Finished running 3 table models, 1 view model in 0 hours 0 minutes and 5.30 seconds (5.30s).
[2023-06-21T19:38:00.876+0000] {subprocess.py:93} INFO - [0m19:38:00
[2023-06-21T19:38:00.879+0000] {subprocess.py:93} INFO - [0m19:38:00  [32mCompleted successfully[0m
[2023-06-21T19:38:00.880+0000] {subprocess.py:93} INFO - [0m19:38:00
[2023-06-21T19:38:00.882+0000] {subprocess.py:93} INFO - [0m19:38:00  Done. PASS=4 WARN=0 ERROR=0 SKIP=0 TOTAL=4
[2023-06-21T19:38:01.261+0000] {subprocess.py:97} INFO - Command exited with return code 0
[2023-06-21T19:38:01.284+0000] {taskinstance.py:1332} INFO - Marking task as SUCCESS. dag_id=showpulse_dbt_dag, task_id=dbt_run, execution_date=20230621T193649, start_date=20230621T193753, end_date=20230621T193801
[2023-06-21T19:38:01.314+0000] {local_task_job.py:212} INFO - Task exited with return code 0
[2023-06-21T19:38:01.328+0000] {taskinstance.py:2596} INFO - 0 downstream tasks scheduled from follow-on schedule check
