[2023-06-22T01:06:36.700+0000] {taskinstance.py:1090} INFO - Dependencies all met for dep_context=non-requeueable deps ti=<TaskInstance: showpulse_dbt_dag.dbt_run scheduled__2023-06-22T01:05:32.741297+00:00 [queued]>
[2023-06-22T01:06:36.706+0000] {taskinstance.py:1090} INFO - Dependencies all met for dep_context=requeueable deps ti=<TaskInstance: showpulse_dbt_dag.dbt_run scheduled__2023-06-22T01:05:32.741297+00:00 [queued]>
[2023-06-22T01:06:36.706+0000] {taskinstance.py:1288} INFO - 
--------------------------------------------------------------------------------
[2023-06-22T01:06:36.707+0000] {taskinstance.py:1289} INFO - Starting attempt 1 of 1
[2023-06-22T01:06:36.707+0000] {taskinstance.py:1290} INFO - 
--------------------------------------------------------------------------------
[2023-06-22T01:06:36.715+0000] {taskinstance.py:1309} INFO - Executing <Task(BashOperator): dbt_run> on 2023-06-22 01:05:32.741297+00:00
[2023-06-22T01:06:36.719+0000] {standard_task_runner.py:55} INFO - Started process 12124 to run task
[2023-06-22T01:06:36.722+0000] {standard_task_runner.py:82} INFO - Running: ['***', 'tasks', 'run', 'showpulse_dbt_dag', 'dbt_run', 'scheduled__2023-06-22T01:05:32.741297+00:00', '--job-id', '1506', '--raw', '--subdir', 'DAGS_FOLDER/dbt_run.py', '--cfg-path', '/tmp/tmp55pkt5fu']
[2023-06-22T01:06:36.723+0000] {standard_task_runner.py:83} INFO - Job 1506: Subtask dbt_run
[2023-06-22T01:06:36.774+0000] {task_command.py:389} INFO - Running <TaskInstance: showpulse_dbt_dag.dbt_run scheduled__2023-06-22T01:05:32.741297+00:00 [running]> on host 62cfed75eae1
[2023-06-22T01:06:36.823+0000] {taskinstance.py:1518} INFO - Exporting the following env vars:
AIRFLOW_CTX_DAG_OWNER=nburkett
AIRFLOW_CTX_DAG_ID=showpulse_dbt_dag
AIRFLOW_CTX_TASK_ID=dbt_run
AIRFLOW_CTX_EXECUTION_DATE=2023-06-22T01:05:32.741297+00:00
AIRFLOW_CTX_TRY_NUMBER=1
AIRFLOW_CTX_DAG_RUN_ID=scheduled__2023-06-22T01:05:32.741297+00:00
[2023-06-22T01:06:36.825+0000] {subprocess.py:63} INFO - Tmp dir root location: 
 /tmp
[2023-06-22T01:06:36.825+0000] {subprocess.py:75} INFO - Running command: ['/bin/bash', '-c', 'cd /dbt/ticketmaster_transformation && dbt run']
[2023-06-22T01:06:36.834+0000] {subprocess.py:86} INFO - Output:
[2023-06-22T01:06:38.088+0000] {subprocess.py:93} INFO - [0m01:06:38  Running with dbt=1.5.1
[2023-06-22T01:06:38.540+0000] {subprocess.py:93} INFO - [0m01:06:38  Found 4 models, 0 tests, 0 snapshots, 0 analyses, 356 macros, 0 operations, 0 seed files, 3 sources, 0 exposures, 0 metrics, 0 groups
[2023-06-22T01:06:38.543+0000] {subprocess.py:93} INFO - [0m01:06:38
[2023-06-22T01:06:39.282+0000] {subprocess.py:93} INFO - [0m01:06:39  Concurrency: 4 threads (target='dev')
[2023-06-22T01:06:39.283+0000] {subprocess.py:93} INFO - [0m01:06:39
[2023-06-22T01:06:39.292+0000] {subprocess.py:93} INFO - [0m01:06:39  1 of 4 START sql table model twitter_kafka_pyspark_test.distinct_data .......... [RUN]
[2023-06-22T01:06:39.294+0000] {subprocess.py:93} INFO - [0m01:06:39  3 of 4 START sql table model twitter_kafka_pyspark_test.my_first_dbt_model ..... [RUN]
[2023-06-22T01:06:39.295+0000] {subprocess.py:93} INFO - [0m01:06:39  2 of 4 START sql table model twitter_kafka_pyspark_test.dm_events .............. [RUN]
[2023-06-22T01:06:42.870+0000] {subprocess.py:93} INFO - [0m01:06:42  2 of 4 OK created sql table model twitter_kafka_pyspark_test.dm_events ......... [[32mCREATE TABLE (1.3k rows, 178.2 KiB processed)[0m in 3.57s]
[2023-06-22T01:06:43.140+0000] {subprocess.py:93} INFO - [0m01:06:43  3 of 4 OK created sql table model twitter_kafka_pyspark_test.my_first_dbt_model  [[32mCREATE TABLE (2.0 rows, 0 processed)[0m in 3.84s]
[2023-06-22T01:06:43.149+0000] {subprocess.py:93} INFO - [0m01:06:43  4 of 4 START sql view model twitter_kafka_pyspark_test.my_second_dbt_model ..... [RUN]
[2023-06-22T01:06:43.226+0000] {subprocess.py:93} INFO - [0m01:06:43  1 of 4 OK created sql table model twitter_kafka_pyspark_test.distinct_data ..... [[32mCREATE TABLE (1.1k rows, 638.3 KiB processed)[0m in 3.93s]
[2023-06-22T01:06:44.012+0000] {subprocess.py:93} INFO - [0m01:06:44  4 of 4 OK created sql view model twitter_kafka_pyspark_test.my_second_dbt_model  [[32mCREATE VIEW (0 processed)[0m in 0.86s]
[2023-06-22T01:06:44.031+0000] {subprocess.py:93} INFO - [0m01:06:44
[2023-06-22T01:06:44.033+0000] {subprocess.py:93} INFO - [0m01:06:44  Finished running 3 table models, 1 view model in 0 hours 0 minutes and 5.49 seconds (5.49s).
[2023-06-22T01:06:44.048+0000] {subprocess.py:93} INFO - [0m01:06:44
[2023-06-22T01:06:44.049+0000] {subprocess.py:93} INFO - [0m01:06:44  [32mCompleted successfully[0m
[2023-06-22T01:06:44.050+0000] {subprocess.py:93} INFO - [0m01:06:44
[2023-06-22T01:06:44.051+0000] {subprocess.py:93} INFO - [0m01:06:44  Done. PASS=4 WARN=0 ERROR=0 SKIP=0 TOTAL=4
[2023-06-22T01:06:44.471+0000] {subprocess.py:97} INFO - Command exited with return code 0
[2023-06-22T01:06:44.495+0000] {taskinstance.py:1332} INFO - Marking task as SUCCESS. dag_id=showpulse_dbt_dag, task_id=dbt_run, execution_date=20230622T010532, start_date=20230622T010636, end_date=20230622T010644
[2023-06-22T01:06:44.554+0000] {local_task_job.py:212} INFO - Task exited with return code 0
[2023-06-22T01:06:44.569+0000] {taskinstance.py:2596} INFO - 0 downstream tasks scheduled from follow-on schedule check
