[2023-06-23T00:52:34.872+0000] {taskinstance.py:1090} INFO - Dependencies all met for dep_context=non-requeueable deps ti=<TaskInstance: showpulse_dbt_dag.dbt_run scheduled__2023-06-23T00:51:30.826087+00:00 [queued]>
[2023-06-23T00:52:34.879+0000] {taskinstance.py:1090} INFO - Dependencies all met for dep_context=requeueable deps ti=<TaskInstance: showpulse_dbt_dag.dbt_run scheduled__2023-06-23T00:51:30.826087+00:00 [queued]>
[2023-06-23T00:52:34.880+0000] {taskinstance.py:1288} INFO - 
--------------------------------------------------------------------------------
[2023-06-23T00:52:34.880+0000] {taskinstance.py:1289} INFO - Starting attempt 1 of 1
[2023-06-23T00:52:34.881+0000] {taskinstance.py:1290} INFO - 
--------------------------------------------------------------------------------
[2023-06-23T00:52:34.889+0000] {taskinstance.py:1309} INFO - Executing <Task(BashOperator): dbt_run> on 2023-06-23 00:51:30.826087+00:00
[2023-06-23T00:52:34.892+0000] {standard_task_runner.py:55} INFO - Started process 21245 to run task
[2023-06-23T00:52:34.896+0000] {standard_task_runner.py:82} INFO - Running: ['***', 'tasks', 'run', 'showpulse_dbt_dag', 'dbt_run', 'scheduled__2023-06-23T00:51:30.826087+00:00', '--job-id', '2398', '--raw', '--subdir', 'DAGS_FOLDER/dbt_run.py', '--cfg-path', '/tmp/tmptxf7bjb9']
[2023-06-23T00:52:34.896+0000] {standard_task_runner.py:83} INFO - Job 2398: Subtask dbt_run
[2023-06-23T00:52:34.950+0000] {task_command.py:389} INFO - Running <TaskInstance: showpulse_dbt_dag.dbt_run scheduled__2023-06-23T00:51:30.826087+00:00 [running]> on host 62cfed75eae1
[2023-06-23T00:52:35.002+0000] {taskinstance.py:1518} INFO - Exporting the following env vars:
AIRFLOW_CTX_DAG_OWNER=nburkett
AIRFLOW_CTX_DAG_ID=showpulse_dbt_dag
AIRFLOW_CTX_TASK_ID=dbt_run
AIRFLOW_CTX_EXECUTION_DATE=2023-06-23T00:51:30.826087+00:00
AIRFLOW_CTX_TRY_NUMBER=1
AIRFLOW_CTX_DAG_RUN_ID=scheduled__2023-06-23T00:51:30.826087+00:00
[2023-06-23T00:52:35.003+0000] {subprocess.py:63} INFO - Tmp dir root location: 
 /tmp
[2023-06-23T00:52:35.004+0000] {subprocess.py:75} INFO - Running command: ['/bin/bash', '-c', 'cd /dbt/ticketmaster_transformation && dbt run']
[2023-06-23T00:52:35.013+0000] {subprocess.py:86} INFO - Output:
[2023-06-23T00:52:36.288+0000] {subprocess.py:93} INFO - [0m00:52:36  Running with dbt=1.5.1
[2023-06-23T00:52:36.770+0000] {subprocess.py:93} INFO - [0m00:52:36  Found 4 models, 0 tests, 0 snapshots, 0 analyses, 356 macros, 0 operations, 0 seed files, 3 sources, 0 exposures, 0 metrics, 0 groups
[2023-06-23T00:52:36.773+0000] {subprocess.py:93} INFO - [0m00:52:36
[2023-06-23T00:52:37.399+0000] {subprocess.py:93} INFO - [0m00:52:37  Concurrency: 4 threads (target='dev')
[2023-06-23T00:52:37.401+0000] {subprocess.py:93} INFO - [0m00:52:37
[2023-06-23T00:52:37.409+0000] {subprocess.py:93} INFO - [0m00:52:37  1 of 4 START sql table model twitter_kafka_pyspark_test.distinct_data .......... [RUN]
[2023-06-23T00:52:37.410+0000] {subprocess.py:93} INFO - [0m00:52:37  2 of 4 START sql table model twitter_kafka_pyspark_test.dm_events .............. [RUN]
[2023-06-23T00:52:37.414+0000] {subprocess.py:93} INFO - [0m00:52:37  3 of 4 START sql table model twitter_kafka_pyspark_test.my_first_dbt_model ..... [RUN]
[2023-06-23T00:52:40.036+0000] {subprocess.py:93} INFO - [0m00:52:40  3 of 4 OK created sql table model twitter_kafka_pyspark_test.my_first_dbt_model  [[32mCREATE TABLE (2.0 rows, 0 processed)[0m in 2.61s]
[2023-06-23T00:52:40.040+0000] {subprocess.py:93} INFO - [0m00:52:40  2 of 4 OK created sql table model twitter_kafka_pyspark_test.dm_events ......... [[32mCREATE TABLE (1.3k rows, 178.2 KiB processed)[0m in 2.63s]
[2023-06-23T00:52:40.043+0000] {subprocess.py:93} INFO - [0m00:52:40  4 of 4 START sql view model twitter_kafka_pyspark_test.my_second_dbt_model ..... [RUN]
[2023-06-23T00:52:40.324+0000] {subprocess.py:93} INFO - [0m00:52:40  1 of 4 OK created sql table model twitter_kafka_pyspark_test.distinct_data ..... [[32mCREATE TABLE (1.1k rows, 638.3 KiB processed)[0m in 2.91s]
[2023-06-23T00:52:40.782+0000] {subprocess.py:93} INFO - [0m00:52:40  4 of 4 OK created sql view model twitter_kafka_pyspark_test.my_second_dbt_model  [[32mCREATE VIEW (0 processed)[0m in 0.74s]
[2023-06-23T00:52:40.815+0000] {subprocess.py:93} INFO - [0m00:52:40
[2023-06-23T00:52:40.816+0000] {subprocess.py:93} INFO - [0m00:52:40  Finished running 3 table models, 1 view model in 0 hours 0 minutes and 4.04 seconds (4.04s).
[2023-06-23T00:52:40.834+0000] {subprocess.py:93} INFO - [0m00:52:40
[2023-06-23T00:52:40.835+0000] {subprocess.py:93} INFO - [0m00:52:40  [32mCompleted successfully[0m
[2023-06-23T00:52:40.837+0000] {subprocess.py:93} INFO - [0m00:52:40
[2023-06-23T00:52:40.843+0000] {subprocess.py:93} INFO - [0m00:52:40  Done. PASS=4 WARN=0 ERROR=0 SKIP=0 TOTAL=4
[2023-06-23T00:52:41.272+0000] {subprocess.py:97} INFO - Command exited with return code 0
[2023-06-23T00:52:41.336+0000] {taskinstance.py:1332} INFO - Marking task as SUCCESS. dag_id=showpulse_dbt_dag, task_id=dbt_run, execution_date=20230623T005130, start_date=20230623T005234, end_date=20230623T005241
[2023-06-23T00:52:41.396+0000] {local_task_job.py:212} INFO - Task exited with return code 0
[2023-06-23T00:52:41.417+0000] {taskinstance.py:2596} INFO - 0 downstream tasks scheduled from follow-on schedule check
