[2023-06-22T21:37:32.854+0000] {taskinstance.py:1090} INFO - Dependencies all met for dep_context=non-requeueable deps ti=<TaskInstance: showpulse_dbt_dag.dbt_run scheduled__2023-06-22T21:36:28.141414+00:00 [queued]>
[2023-06-22T21:37:32.860+0000] {taskinstance.py:1090} INFO - Dependencies all met for dep_context=requeueable deps ti=<TaskInstance: showpulse_dbt_dag.dbt_run scheduled__2023-06-22T21:36:28.141414+00:00 [queued]>
[2023-06-22T21:37:32.860+0000] {taskinstance.py:1288} INFO - 
--------------------------------------------------------------------------------
[2023-06-22T21:37:32.861+0000] {taskinstance.py:1289} INFO - Starting attempt 1 of 1
[2023-06-22T21:37:32.861+0000] {taskinstance.py:1290} INFO - 
--------------------------------------------------------------------------------
[2023-06-22T21:37:32.869+0000] {taskinstance.py:1309} INFO - Executing <Task(BashOperator): dbt_run> on 2023-06-22 21:36:28.141414+00:00
[2023-06-22T21:37:32.873+0000] {standard_task_runner.py:55} INFO - Started process 18597 to run task
[2023-06-22T21:37:32.876+0000] {standard_task_runner.py:82} INFO - Running: ['***', 'tasks', 'run', 'showpulse_dbt_dag', 'dbt_run', 'scheduled__2023-06-22T21:36:28.141414+00:00', '--job-id', '2146', '--raw', '--subdir', 'DAGS_FOLDER/dbt_run.py', '--cfg-path', '/tmp/tmpq0yxyomg']
[2023-06-22T21:37:32.877+0000] {standard_task_runner.py:83} INFO - Job 2146: Subtask dbt_run
[2023-06-22T21:37:32.929+0000] {task_command.py:389} INFO - Running <TaskInstance: showpulse_dbt_dag.dbt_run scheduled__2023-06-22T21:36:28.141414+00:00 [running]> on host 62cfed75eae1
[2023-06-22T21:37:32.982+0000] {taskinstance.py:1518} INFO - Exporting the following env vars:
AIRFLOW_CTX_DAG_OWNER=nburkett
AIRFLOW_CTX_DAG_ID=showpulse_dbt_dag
AIRFLOW_CTX_TASK_ID=dbt_run
AIRFLOW_CTX_EXECUTION_DATE=2023-06-22T21:36:28.141414+00:00
AIRFLOW_CTX_TRY_NUMBER=1
AIRFLOW_CTX_DAG_RUN_ID=scheduled__2023-06-22T21:36:28.141414+00:00
[2023-06-22T21:37:32.983+0000] {subprocess.py:63} INFO - Tmp dir root location: 
 /tmp
[2023-06-22T21:37:32.984+0000] {subprocess.py:75} INFO - Running command: ['/bin/bash', '-c', 'cd /dbt/ticketmaster_transformation && dbt run']
[2023-06-22T21:37:32.994+0000] {subprocess.py:86} INFO - Output:
[2023-06-22T21:37:34.313+0000] {subprocess.py:93} INFO - [0m21:37:34  Running with dbt=1.5.1
[2023-06-22T21:37:34.827+0000] {subprocess.py:93} INFO - [0m21:37:34  Found 4 models, 0 tests, 0 snapshots, 0 analyses, 356 macros, 0 operations, 0 seed files, 3 sources, 0 exposures, 0 metrics, 0 groups
[2023-06-22T21:37:34.829+0000] {subprocess.py:93} INFO - [0m21:37:34
[2023-06-22T21:37:35.547+0000] {subprocess.py:93} INFO - [0m21:37:35  Concurrency: 4 threads (target='dev')
[2023-06-22T21:37:35.551+0000] {subprocess.py:93} INFO - [0m21:37:35
[2023-06-22T21:37:35.564+0000] {subprocess.py:93} INFO - [0m21:37:35  1 of 4 START sql table model twitter_kafka_pyspark_test.distinct_data .......... [RUN]
[2023-06-22T21:37:35.567+0000] {subprocess.py:93} INFO - [0m21:37:35  2 of 4 START sql table model twitter_kafka_pyspark_test.dm_events .............. [RUN]
[2023-06-22T21:37:35.574+0000] {subprocess.py:93} INFO - [0m21:37:35  3 of 4 START sql table model twitter_kafka_pyspark_test.my_first_dbt_model ..... [RUN]
[2023-06-22T21:37:43.428+0000] {subprocess.py:93} INFO - [0m21:37:43  3 of 4 OK created sql table model twitter_kafka_pyspark_test.my_first_dbt_model  [[32mCREATE TABLE (2.0 rows, 0 processed)[0m in 7.84s]
[2023-06-22T21:37:43.436+0000] {subprocess.py:93} INFO - [0m21:37:43  4 of 4 START sql view model twitter_kafka_pyspark_test.my_second_dbt_model ..... [RUN]
[2023-06-22T21:37:44.051+0000] {subprocess.py:93} INFO - [0m21:37:44  2 of 4 OK created sql table model twitter_kafka_pyspark_test.dm_events ......... [[32mCREATE TABLE (1.3k rows, 178.2 KiB processed)[0m in 8.48s]
[2023-06-22T21:37:44.091+0000] {subprocess.py:93} INFO - [0m21:37:44  1 of 4 OK created sql table model twitter_kafka_pyspark_test.distinct_data ..... [[32mCREATE TABLE (1.1k rows, 638.3 KiB processed)[0m in 8.52s]
[2023-06-22T21:37:44.730+0000] {subprocess.py:93} INFO - [0m21:37:44  4 of 4 OK created sql view model twitter_kafka_pyspark_test.my_second_dbt_model  [[32mCREATE VIEW (0 processed)[0m in 1.29s]
[2023-06-22T21:37:44.819+0000] {subprocess.py:93} INFO - [0m21:37:44
[2023-06-22T21:37:44.821+0000] {subprocess.py:93} INFO - [0m21:37:44  Finished running 3 table models, 1 view model in 0 hours 0 minutes and 9.99 seconds (9.99s).
[2023-06-22T21:37:44.839+0000] {subprocess.py:93} INFO - [0m21:37:44
[2023-06-22T21:37:44.840+0000] {subprocess.py:93} INFO - [0m21:37:44  [32mCompleted successfully[0m
[2023-06-22T21:37:44.841+0000] {subprocess.py:93} INFO - [0m21:37:44
[2023-06-22T21:37:44.843+0000] {subprocess.py:93} INFO - [0m21:37:44  Done. PASS=4 WARN=0 ERROR=0 SKIP=0 TOTAL=4
[2023-06-22T21:37:45.270+0000] {subprocess.py:97} INFO - Command exited with return code 0
[2023-06-22T21:37:45.294+0000] {taskinstance.py:1332} INFO - Marking task as SUCCESS. dag_id=showpulse_dbt_dag, task_id=dbt_run, execution_date=20230622T213628, start_date=20230622T213732, end_date=20230622T213745
[2023-06-22T21:37:45.314+0000] {local_task_job.py:212} INFO - Task exited with return code 0
[2023-06-22T21:37:45.329+0000] {taskinstance.py:2596} INFO - 0 downstream tasks scheduled from follow-on schedule check
