[2023-06-23T02:36:18.394+0000] {taskinstance.py:1090} INFO - Dependencies all met for dep_context=non-requeueable deps ti=<TaskInstance: showpulse_dbt_dag.dbt_change_dir scheduled__2023-06-23T02:35:15.976678+00:00 [queued]>
[2023-06-23T02:36:18.400+0000] {taskinstance.py:1090} INFO - Dependencies all met for dep_context=requeueable deps ti=<TaskInstance: showpulse_dbt_dag.dbt_change_dir scheduled__2023-06-23T02:35:15.976678+00:00 [queued]>
[2023-06-23T02:36:18.400+0000] {taskinstance.py:1288} INFO - 
--------------------------------------------------------------------------------
[2023-06-23T02:36:18.401+0000] {taskinstance.py:1289} INFO - Starting attempt 1 of 1
[2023-06-23T02:36:18.402+0000] {taskinstance.py:1290} INFO - 
--------------------------------------------------------------------------------
[2023-06-23T02:36:18.409+0000] {taskinstance.py:1309} INFO - Executing <Task(BashOperator): dbt_change_dir> on 2023-06-23 02:35:15.976678+00:00
[2023-06-23T02:36:18.413+0000] {standard_task_runner.py:55} INFO - Started process 26526 to run task
[2023-06-23T02:36:18.418+0000] {standard_task_runner.py:82} INFO - Running: ['***', 'tasks', 'run', 'showpulse_dbt_dag', 'dbt_change_dir', 'scheduled__2023-06-23T02:35:15.976678+00:00', '--job-id', '2820', '--raw', '--subdir', 'DAGS_FOLDER/dbt_run.py', '--cfg-path', '/tmp/tmpccjjh55f']
[2023-06-23T02:36:18.419+0000] {standard_task_runner.py:83} INFO - Job 2820: Subtask dbt_change_dir
[2023-06-23T02:36:18.480+0000] {task_command.py:389} INFO - Running <TaskInstance: showpulse_dbt_dag.dbt_change_dir scheduled__2023-06-23T02:35:15.976678+00:00 [running]> on host 62cfed75eae1
[2023-06-23T02:36:18.559+0000] {taskinstance.py:1518} INFO - Exporting the following env vars:
AIRFLOW_CTX_DAG_OWNER=nburkett
AIRFLOW_CTX_DAG_ID=showpulse_dbt_dag
AIRFLOW_CTX_TASK_ID=dbt_change_dir
AIRFLOW_CTX_EXECUTION_DATE=2023-06-23T02:35:15.976678+00:00
AIRFLOW_CTX_TRY_NUMBER=1
AIRFLOW_CTX_DAG_RUN_ID=scheduled__2023-06-23T02:35:15.976678+00:00
[2023-06-23T02:36:18.561+0000] {subprocess.py:63} INFO - Tmp dir root location: 
 /tmp
[2023-06-23T02:36:18.563+0000] {subprocess.py:75} INFO - Running command: ['/bin/bash', '-c', 'cd /dbt/ticketmaster_transformation']
[2023-06-23T02:36:18.579+0000] {subprocess.py:86} INFO - Output:
[2023-06-23T02:36:18.583+0000] {subprocess.py:97} INFO - Command exited with return code 0
[2023-06-23T02:36:18.610+0000] {taskinstance.py:1332} INFO - Marking task as SUCCESS. dag_id=showpulse_dbt_dag, task_id=dbt_change_dir, execution_date=20230623T023515, start_date=20230623T023618, end_date=20230623T023618
[2023-06-23T02:36:18.629+0000] {local_task_job.py:212} INFO - Task exited with return code 0
[2023-06-23T02:36:18.650+0000] {taskinstance.py:2596} INFO - 1 downstream tasks scheduled from follow-on schedule check
