[2023-06-21T00:23:46.042+0000] {taskinstance.py:1090} INFO - Dependencies all met for dep_context=non-requeueable deps ti=<TaskInstance: showpulse_dbt_dag.dbt_run scheduled__2023-06-21T00:22:42.645289+00:00 [queued]>
[2023-06-21T00:23:46.049+0000] {taskinstance.py:1090} INFO - Dependencies all met for dep_context=requeueable deps ti=<TaskInstance: showpulse_dbt_dag.dbt_run scheduled__2023-06-21T00:22:42.645289+00:00 [queued]>
[2023-06-21T00:23:46.050+0000] {taskinstance.py:1288} INFO - 
--------------------------------------------------------------------------------
[2023-06-21T00:23:46.050+0000] {taskinstance.py:1289} INFO - Starting attempt 1 of 1
[2023-06-21T00:23:46.051+0000] {taskinstance.py:1290} INFO - 
--------------------------------------------------------------------------------
[2023-06-21T00:23:46.062+0000] {taskinstance.py:1309} INFO - Executing <Task(BashOperator): dbt_run> on 2023-06-21 00:22:42.645289+00:00
[2023-06-21T00:23:46.066+0000] {standard_task_runner.py:55} INFO - Started process 145 to run task
[2023-06-21T00:23:46.069+0000] {standard_task_runner.py:82} INFO - Running: ['***', 'tasks', 'run', 'showpulse_dbt_dag', 'dbt_run', 'scheduled__2023-06-21T00:22:42.645289+00:00', '--job-id', '390', '--raw', '--subdir', 'DAGS_FOLDER/dbt_run.py', '--cfg-path', '/tmp/tmpdnf5ku4z']
[2023-06-21T00:23:46.070+0000] {standard_task_runner.py:83} INFO - Job 390: Subtask dbt_run
[2023-06-21T00:23:46.128+0000] {task_command.py:389} INFO - Running <TaskInstance: showpulse_dbt_dag.dbt_run scheduled__2023-06-21T00:22:42.645289+00:00 [running]> on host 62cfed75eae1
[2023-06-21T00:23:46.185+0000] {taskinstance.py:1518} INFO - Exporting the following env vars:
AIRFLOW_CTX_DAG_OWNER=nburkett
AIRFLOW_CTX_DAG_ID=showpulse_dbt_dag
AIRFLOW_CTX_TASK_ID=dbt_run
AIRFLOW_CTX_EXECUTION_DATE=2023-06-21T00:22:42.645289+00:00
AIRFLOW_CTX_TRY_NUMBER=1
AIRFLOW_CTX_DAG_RUN_ID=scheduled__2023-06-21T00:22:42.645289+00:00
[2023-06-21T00:23:46.187+0000] {subprocess.py:63} INFO - Tmp dir root location: 
 /tmp
[2023-06-21T00:23:46.188+0000] {subprocess.py:75} INFO - Running command: ['/bin/bash', '-c', 'cd /dbt/ticketmaster_transformation && dbt run']
[2023-06-21T00:23:46.196+0000] {subprocess.py:86} INFO - Output:
[2023-06-21T00:23:47.436+0000] {subprocess.py:93} INFO - [0m00:23:47  Running with dbt=1.5.1
[2023-06-21T00:23:47.904+0000] {subprocess.py:93} INFO - [0m00:23:47  Found 4 models, 0 tests, 0 snapshots, 0 analyses, 356 macros, 0 operations, 0 seed files, 3 sources, 0 exposures, 0 metrics, 0 groups
[2023-06-21T00:23:47.907+0000] {subprocess.py:93} INFO - [0m00:23:47
[2023-06-21T00:23:48.543+0000] {subprocess.py:93} INFO - [0m00:23:48  Concurrency: 4 threads (target='dev')
[2023-06-21T00:23:48.546+0000] {subprocess.py:93} INFO - [0m00:23:48
[2023-06-21T00:23:48.562+0000] {subprocess.py:93} INFO - [0m00:23:48  1 of 4 START sql table model twitter_kafka_pyspark_test.distinct_data .......... [RUN]
[2023-06-21T00:23:48.564+0000] {subprocess.py:93} INFO - [0m00:23:48  2 of 4 START sql table model twitter_kafka_pyspark_test.dm_events .............. [RUN]
[2023-06-21T00:23:48.567+0000] {subprocess.py:93} INFO - [0m00:23:48  3 of 4 START sql table model twitter_kafka_pyspark_test.my_first_dbt_model ..... [RUN]
[2023-06-21T00:23:51.611+0000] {subprocess.py:93} INFO - [0m00:23:51  3 of 4 OK created sql table model twitter_kafka_pyspark_test.my_first_dbt_model  [[32mCREATE TABLE (2.0 rows, 0 processed)[0m in 3.04s]
[2023-06-21T00:23:51.616+0000] {subprocess.py:93} INFO - [0m00:23:51  4 of 4 START sql view model twitter_kafka_pyspark_test.my_second_dbt_model ..... [RUN]
[2023-06-21T00:23:51.820+0000] {subprocess.py:93} INFO - [0m00:23:51  2 of 4 OK created sql table model twitter_kafka_pyspark_test.dm_events ......... [[32mCREATE TABLE (1.3k rows, 178.2 KiB processed)[0m in 3.25s]
[2023-06-21T00:23:51.827+0000] {subprocess.py:93} INFO - [0m00:23:51  1 of 4 OK created sql table model twitter_kafka_pyspark_test.distinct_data ..... [[32mCREATE TABLE (1.1k rows, 638.3 KiB processed)[0m in 3.26s]
[2023-06-21T00:23:52.754+0000] {subprocess.py:93} INFO - [0m00:23:52  4 of 4 OK created sql view model twitter_kafka_pyspark_test.my_second_dbt_model  [[32mCREATE VIEW (0 processed)[0m in 1.13s]
[2023-06-21T00:23:52.818+0000] {subprocess.py:93} INFO - [0m00:23:52
[2023-06-21T00:23:52.819+0000] {subprocess.py:93} INFO - [0m00:23:52  Finished running 3 table models, 1 view model in 0 hours 0 minutes and 4.91 seconds (4.91s).
[2023-06-21T00:23:52.837+0000] {subprocess.py:93} INFO - [0m00:23:52
[2023-06-21T00:23:52.838+0000] {subprocess.py:93} INFO - [0m00:23:52  [32mCompleted successfully[0m
[2023-06-21T00:23:52.839+0000] {subprocess.py:93} INFO - [0m00:23:52
[2023-06-21T00:23:52.840+0000] {subprocess.py:93} INFO - [0m00:23:52  Done. PASS=4 WARN=0 ERROR=0 SKIP=0 TOTAL=4
[2023-06-21T00:23:53.283+0000] {subprocess.py:97} INFO - Command exited with return code 0
[2023-06-21T00:23:53.309+0000] {taskinstance.py:1332} INFO - Marking task as SUCCESS. dag_id=showpulse_dbt_dag, task_id=dbt_run, execution_date=20230621T002242, start_date=20230621T002346, end_date=20230621T002353
[2023-06-21T00:23:53.340+0000] {local_task_job.py:212} INFO - Task exited with return code 0
[2023-06-21T00:23:53.355+0000] {taskinstance.py:2596} INFO - 0 downstream tasks scheduled from follow-on schedule check
