[2023-06-22T08:01:39.428+0000] {taskinstance.py:1090} INFO - Dependencies all met for dep_context=non-requeueable deps ti=<TaskInstance: showpulse_dbt_dag.dbt_run scheduled__2023-06-22T08:00:34.279371+00:00 [queued]>
[2023-06-22T08:01:39.435+0000] {taskinstance.py:1090} INFO - Dependencies all met for dep_context=requeueable deps ti=<TaskInstance: showpulse_dbt_dag.dbt_run scheduled__2023-06-22T08:00:34.279371+00:00 [queued]>
[2023-06-22T08:01:39.436+0000] {taskinstance.py:1288} INFO - 
--------------------------------------------------------------------------------
[2023-06-22T08:01:39.437+0000] {taskinstance.py:1289} INFO - Starting attempt 1 of 1
[2023-06-22T08:01:39.437+0000] {taskinstance.py:1290} INFO - 
--------------------------------------------------------------------------------
[2023-06-22T08:01:39.446+0000] {taskinstance.py:1309} INFO - Executing <Task(BashOperator): dbt_run> on 2023-06-22 08:00:34.279371+00:00
[2023-06-22T08:01:39.450+0000] {standard_task_runner.py:55} INFO - Started process 15883 to run task
[2023-06-22T08:01:39.454+0000] {standard_task_runner.py:82} INFO - Running: ['***', 'tasks', 'run', 'showpulse_dbt_dag', 'dbt_run', 'scheduled__2023-06-22T08:00:34.279371+00:00', '--job-id', '1842', '--raw', '--subdir', 'DAGS_FOLDER/dbt_run.py', '--cfg-path', '/tmp/tmpq43wdmwp']
[2023-06-22T08:01:39.455+0000] {standard_task_runner.py:83} INFO - Job 1842: Subtask dbt_run
[2023-06-22T08:01:39.534+0000] {task_command.py:389} INFO - Running <TaskInstance: showpulse_dbt_dag.dbt_run scheduled__2023-06-22T08:00:34.279371+00:00 [running]> on host 62cfed75eae1
[2023-06-22T08:01:39.592+0000] {taskinstance.py:1518} INFO - Exporting the following env vars:
AIRFLOW_CTX_DAG_OWNER=nburkett
AIRFLOW_CTX_DAG_ID=showpulse_dbt_dag
AIRFLOW_CTX_TASK_ID=dbt_run
AIRFLOW_CTX_EXECUTION_DATE=2023-06-22T08:00:34.279371+00:00
AIRFLOW_CTX_TRY_NUMBER=1
AIRFLOW_CTX_DAG_RUN_ID=scheduled__2023-06-22T08:00:34.279371+00:00
[2023-06-22T08:01:39.594+0000] {subprocess.py:63} INFO - Tmp dir root location: 
 /tmp
[2023-06-22T08:01:39.595+0000] {subprocess.py:75} INFO - Running command: ['/bin/bash', '-c', 'cd /dbt/ticketmaster_transformation && dbt run']
[2023-06-22T08:01:39.605+0000] {subprocess.py:86} INFO - Output:
[2023-06-22T08:01:40.846+0000] {subprocess.py:93} INFO - [0m08:01:40  Running with dbt=1.5.1
[2023-06-22T08:01:41.309+0000] {subprocess.py:93} INFO - [0m08:01:41  Found 4 models, 0 tests, 0 snapshots, 0 analyses, 356 macros, 0 operations, 0 seed files, 3 sources, 0 exposures, 0 metrics, 0 groups
[2023-06-22T08:01:41.312+0000] {subprocess.py:93} INFO - [0m08:01:41
[2023-06-22T08:01:41.514+0000] {subprocess.py:93} INFO - [0m08:01:41
[2023-06-22T08:01:41.516+0000] {subprocess.py:93} INFO - [0m08:01:41  Finished running  in 0 hours 0 minutes and 0.20 seconds (0.20s).
[2023-06-22T08:01:41.518+0000] {subprocess.py:93} INFO - [0m08:01:41  Encountered an error:
[2023-06-22T08:01:41.518+0000] {subprocess.py:93} INFO - Runtime Error
[2023-06-22T08:01:41.519+0000] {subprocess.py:93} INFO -   Unable to generate access token, if you're using impersonate_service_account, make sure your initial account has the "roles/iam.serviceAccountTokenCreator" role on the account you are trying to impersonate.
[2023-06-22T08:01:41.520+0000] {subprocess.py:93} INFO - 
[2023-06-22T08:01:41.521+0000] {subprocess.py:93} INFO -   ('invalid_grant: Invalid JWT: Token must be a short-lived token (60 minutes) and in a reasonable timeframe. Check your iat and exp values in the JWT claim.', {'error': 'invalid_grant', 'error_description': 'Invalid JWT: Token must be a short-lived token (60 minutes) and in a reasonable timeframe. Check your iat and exp values in the JWT claim.'})
[2023-06-22T08:01:42.005+0000] {subprocess.py:97} INFO - Command exited with return code 2
[2023-06-22T08:01:42.017+0000] {taskinstance.py:1776} ERROR - Task failed with exception
Traceback (most recent call last):
  File "/home/airflow/.local/lib/python3.7/site-packages/airflow/operators/bash.py", line 197, in execute
    f"Bash command failed. The command returned a non-zero exit code {result.exit_code}."
airflow.exceptions.AirflowException: Bash command failed. The command returned a non-zero exit code 2.
[2023-06-22T08:01:42.021+0000] {taskinstance.py:1332} INFO - Marking task as FAILED. dag_id=showpulse_dbt_dag, task_id=dbt_run, execution_date=20230622T080034, start_date=20230622T080139, end_date=20230622T080142
[2023-06-22T08:01:42.031+0000] {standard_task_runner.py:105} ERROR - Failed to execute job 1842 for task dbt_run (Bash command failed. The command returned a non-zero exit code 2.; 15883)
[2023-06-22T08:01:42.077+0000] {local_task_job.py:212} INFO - Task exited with return code 1
[2023-06-22T08:01:42.094+0000] {taskinstance.py:2596} INFO - 0 downstream tasks scheduled from follow-on schedule check
