[2023-06-22T03:09:31.738+0000] {taskinstance.py:1090} INFO - Dependencies all met for dep_context=non-requeueable deps ti=<TaskInstance: showpulse_dbt_dag.dbt_run scheduled__2023-06-22T03:08:28.440116+00:00 [queued]>
[2023-06-22T03:09:31.745+0000] {taskinstance.py:1090} INFO - Dependencies all met for dep_context=requeueable deps ti=<TaskInstance: showpulse_dbt_dag.dbt_run scheduled__2023-06-22T03:08:28.440116+00:00 [queued]>
[2023-06-22T03:09:31.745+0000] {taskinstance.py:1288} INFO - 
--------------------------------------------------------------------------------
[2023-06-22T03:09:31.746+0000] {taskinstance.py:1289} INFO - Starting attempt 1 of 1
[2023-06-22T03:09:31.746+0000] {taskinstance.py:1290} INFO - 
--------------------------------------------------------------------------------
[2023-06-22T03:09:31.755+0000] {taskinstance.py:1309} INFO - Executing <Task(BashOperator): dbt_run> on 2023-06-22 03:08:28.440116+00:00
[2023-06-22T03:09:31.758+0000] {standard_task_runner.py:55} INFO - Started process 14864 to run task
[2023-06-22T03:09:31.761+0000] {standard_task_runner.py:82} INFO - Running: ['***', 'tasks', 'run', 'showpulse_dbt_dag', 'dbt_run', 'scheduled__2023-06-22T03:08:28.440116+00:00', '--job-id', '1734', '--raw', '--subdir', 'DAGS_FOLDER/dbt_run.py', '--cfg-path', '/tmp/tmpdc2ovgv8']
[2023-06-22T03:09:31.762+0000] {standard_task_runner.py:83} INFO - Job 1734: Subtask dbt_run
[2023-06-22T03:09:31.816+0000] {task_command.py:389} INFO - Running <TaskInstance: showpulse_dbt_dag.dbt_run scheduled__2023-06-22T03:08:28.440116+00:00 [running]> on host 62cfed75eae1
[2023-06-22T03:09:31.869+0000] {taskinstance.py:1518} INFO - Exporting the following env vars:
AIRFLOW_CTX_DAG_OWNER=nburkett
AIRFLOW_CTX_DAG_ID=showpulse_dbt_dag
AIRFLOW_CTX_TASK_ID=dbt_run
AIRFLOW_CTX_EXECUTION_DATE=2023-06-22T03:08:28.440116+00:00
AIRFLOW_CTX_TRY_NUMBER=1
AIRFLOW_CTX_DAG_RUN_ID=scheduled__2023-06-22T03:08:28.440116+00:00
[2023-06-22T03:09:31.870+0000] {subprocess.py:63} INFO - Tmp dir root location: 
 /tmp
[2023-06-22T03:09:31.871+0000] {subprocess.py:75} INFO - Running command: ['/bin/bash', '-c', 'cd /dbt/ticketmaster_transformation && dbt run']
[2023-06-22T03:09:31.879+0000] {subprocess.py:86} INFO - Output:
[2023-06-22T03:09:33.247+0000] {subprocess.py:93} INFO - [0m03:09:33  Running with dbt=1.5.1
[2023-06-22T03:09:33.724+0000] {subprocess.py:93} INFO - [0m03:09:33  Found 4 models, 0 tests, 0 snapshots, 0 analyses, 356 macros, 0 operations, 0 seed files, 3 sources, 0 exposures, 0 metrics, 0 groups
[2023-06-22T03:09:33.726+0000] {subprocess.py:93} INFO - [0m03:09:33
[2023-06-22T03:09:34.711+0000] {subprocess.py:93} INFO - [0m03:09:34  Concurrency: 4 threads (target='dev')
[2023-06-22T03:09:34.723+0000] {subprocess.py:93} INFO - [0m03:09:34
[2023-06-22T03:09:34.736+0000] {subprocess.py:93} INFO - [0m03:09:34  1 of 4 START sql table model twitter_kafka_pyspark_test.distinct_data .......... [RUN]
[2023-06-22T03:09:34.739+0000] {subprocess.py:93} INFO - [0m03:09:34  2 of 4 START sql table model twitter_kafka_pyspark_test.dm_events .............. [RUN]
[2023-06-22T03:09:34.741+0000] {subprocess.py:93} INFO - [0m03:09:34  3 of 4 START sql table model twitter_kafka_pyspark_test.my_first_dbt_model ..... [RUN]
[2023-06-22T03:09:37.543+0000] {subprocess.py:93} INFO - [0m03:09:37  3 of 4 OK created sql table model twitter_kafka_pyspark_test.my_first_dbt_model  [[32mCREATE TABLE (2.0 rows, 0 processed)[0m in 2.79s]
[2023-06-22T03:09:37.554+0000] {subprocess.py:93} INFO - [0m03:09:37  4 of 4 START sql view model twitter_kafka_pyspark_test.my_second_dbt_model ..... [RUN]
[2023-06-22T03:09:37.859+0000] {subprocess.py:93} INFO - [0m03:09:37  2 of 4 OK created sql table model twitter_kafka_pyspark_test.dm_events ......... [[32mCREATE TABLE (1.3k rows, 178.2 KiB processed)[0m in 3.11s]
[2023-06-22T03:09:37.872+0000] {subprocess.py:93} INFO - [0m03:09:37  1 of 4 OK created sql table model twitter_kafka_pyspark_test.distinct_data ..... [[32mCREATE TABLE (1.1k rows, 638.3 KiB processed)[0m in 3.13s]
[2023-06-22T03:09:38.609+0000] {subprocess.py:93} INFO - [0m03:09:38  4 of 4 OK created sql view model twitter_kafka_pyspark_test.my_second_dbt_model  [[32mCREATE VIEW (0 processed)[0m in 1.05s]
[2023-06-22T03:09:38.716+0000] {subprocess.py:93} INFO - [0m03:09:38
[2023-06-22T03:09:38.717+0000] {subprocess.py:93} INFO - [0m03:09:38  Finished running 3 table models, 1 view model in 0 hours 0 minutes and 4.99 seconds (4.99s).
[2023-06-22T03:09:38.737+0000] {subprocess.py:93} INFO - [0m03:09:38
[2023-06-22T03:09:38.738+0000] {subprocess.py:93} INFO - [0m03:09:38  [32mCompleted successfully[0m
[2023-06-22T03:09:38.739+0000] {subprocess.py:93} INFO - [0m03:09:38
[2023-06-22T03:09:38.740+0000] {subprocess.py:93} INFO - [0m03:09:38  Done. PASS=4 WARN=0 ERROR=0 SKIP=0 TOTAL=4
[2023-06-22T03:09:39.201+0000] {subprocess.py:97} INFO - Command exited with return code 0
[2023-06-22T03:09:39.226+0000] {taskinstance.py:1332} INFO - Marking task as SUCCESS. dag_id=showpulse_dbt_dag, task_id=dbt_run, execution_date=20230622T030828, start_date=20230622T030931, end_date=20230622T030939
[2023-06-22T03:09:39.264+0000] {local_task_job.py:212} INFO - Task exited with return code 0
[2023-06-22T03:09:39.278+0000] {taskinstance.py:2596} INFO - 0 downstream tasks scheduled from follow-on schedule check
