[2023-06-22T00:17:23.284+0000] {taskinstance.py:1090} INFO - Dependencies all met for dep_context=non-requeueable deps ti=<TaskInstance: showpulse_dbt_dag.dbt_run scheduled__2023-06-22T00:16:19.542692+00:00 [queued]>
[2023-06-22T00:17:23.290+0000] {taskinstance.py:1090} INFO - Dependencies all met for dep_context=requeueable deps ti=<TaskInstance: showpulse_dbt_dag.dbt_run scheduled__2023-06-22T00:16:19.542692+00:00 [queued]>
[2023-06-22T00:17:23.291+0000] {taskinstance.py:1288} INFO - 
--------------------------------------------------------------------------------
[2023-06-22T00:17:23.291+0000] {taskinstance.py:1289} INFO - Starting attempt 1 of 1
[2023-06-22T00:17:23.292+0000] {taskinstance.py:1290} INFO - 
--------------------------------------------------------------------------------
[2023-06-22T00:17:23.300+0000] {taskinstance.py:1309} INFO - Executing <Task(BashOperator): dbt_run> on 2023-06-22 00:16:19.542692+00:00
[2023-06-22T00:17:23.304+0000] {standard_task_runner.py:55} INFO - Started process 9752 to run task
[2023-06-22T00:17:23.307+0000] {standard_task_runner.py:82} INFO - Running: ['***', 'tasks', 'run', 'showpulse_dbt_dag', 'dbt_run', 'scheduled__2023-06-22T00:16:19.542692+00:00', '--job-id', '1322', '--raw', '--subdir', 'DAGS_FOLDER/dbt_run.py', '--cfg-path', '/tmp/tmp1w099rp8']
[2023-06-22T00:17:23.308+0000] {standard_task_runner.py:83} INFO - Job 1322: Subtask dbt_run
[2023-06-22T00:17:23.360+0000] {task_command.py:389} INFO - Running <TaskInstance: showpulse_dbt_dag.dbt_run scheduled__2023-06-22T00:16:19.542692+00:00 [running]> on host 62cfed75eae1
[2023-06-22T00:17:23.410+0000] {taskinstance.py:1518} INFO - Exporting the following env vars:
AIRFLOW_CTX_DAG_OWNER=nburkett
AIRFLOW_CTX_DAG_ID=showpulse_dbt_dag
AIRFLOW_CTX_TASK_ID=dbt_run
AIRFLOW_CTX_EXECUTION_DATE=2023-06-22T00:16:19.542692+00:00
AIRFLOW_CTX_TRY_NUMBER=1
AIRFLOW_CTX_DAG_RUN_ID=scheduled__2023-06-22T00:16:19.542692+00:00
[2023-06-22T00:17:23.412+0000] {subprocess.py:63} INFO - Tmp dir root location: 
 /tmp
[2023-06-22T00:17:23.413+0000] {subprocess.py:75} INFO - Running command: ['/bin/bash', '-c', 'cd /dbt/ticketmaster_transformation && dbt run']
[2023-06-22T00:17:23.420+0000] {subprocess.py:86} INFO - Output:
[2023-06-22T00:17:24.698+0000] {subprocess.py:93} INFO - [0m00:17:24  Running with dbt=1.5.1
[2023-06-22T00:17:25.182+0000] {subprocess.py:93} INFO - [0m00:17:25  Found 4 models, 0 tests, 0 snapshots, 0 analyses, 356 macros, 0 operations, 0 seed files, 3 sources, 0 exposures, 0 metrics, 0 groups
[2023-06-22T00:17:25.184+0000] {subprocess.py:93} INFO - [0m00:17:25
[2023-06-22T00:17:26.171+0000] {subprocess.py:93} INFO - [0m00:17:26  Concurrency: 4 threads (target='dev')
[2023-06-22T00:17:26.174+0000] {subprocess.py:93} INFO - [0m00:17:26
[2023-06-22T00:17:26.189+0000] {subprocess.py:93} INFO - [0m00:17:26  1 of 4 START sql table model twitter_kafka_pyspark_test.distinct_data .......... [RUN]
[2023-06-22T00:17:26.192+0000] {subprocess.py:93} INFO - [0m00:17:26  2 of 4 START sql table model twitter_kafka_pyspark_test.dm_events .............. [RUN]
[2023-06-22T00:17:26.194+0000] {subprocess.py:93} INFO - [0m00:17:26  3 of 4 START sql table model twitter_kafka_pyspark_test.my_first_dbt_model ..... [RUN]
[2023-06-22T00:17:29.144+0000] {subprocess.py:93} INFO - [0m00:17:29  3 of 4 OK created sql table model twitter_kafka_pyspark_test.my_first_dbt_model  [[32mCREATE TABLE (2.0 rows, 0 processed)[0m in 2.94s]
[2023-06-22T00:17:29.149+0000] {subprocess.py:93} INFO - [0m00:17:29  4 of 4 START sql view model twitter_kafka_pyspark_test.my_second_dbt_model ..... [RUN]
[2023-06-22T00:17:29.207+0000] {subprocess.py:93} INFO - [0m00:17:29  1 of 4 OK created sql table model twitter_kafka_pyspark_test.distinct_data ..... [[32mCREATE TABLE (1.1k rows, 638.3 KiB processed)[0m in 3.01s]
[2023-06-22T00:17:29.225+0000] {subprocess.py:93} INFO - [0m00:17:29  2 of 4 OK created sql table model twitter_kafka_pyspark_test.dm_events ......... [[32mCREATE TABLE (1.3k rows, 178.2 KiB processed)[0m in 3.03s]
[2023-06-22T00:17:30.089+0000] {subprocess.py:93} INFO - [0m00:17:30  4 of 4 OK created sql view model twitter_kafka_pyspark_test.my_second_dbt_model  [[32mCREATE VIEW (0 processed)[0m in 0.93s]
[2023-06-22T00:17:30.206+0000] {subprocess.py:93} INFO - [0m00:17:30
[2023-06-22T00:17:30.208+0000] {subprocess.py:93} INFO - [0m00:17:30  Finished running 3 table models, 1 view model in 0 hours 0 minutes and 5.02 seconds (5.02s).
[2023-06-22T00:17:30.229+0000] {subprocess.py:93} INFO - [0m00:17:30
[2023-06-22T00:17:30.231+0000] {subprocess.py:93} INFO - [0m00:17:30  [32mCompleted successfully[0m
[2023-06-22T00:17:30.232+0000] {subprocess.py:93} INFO - [0m00:17:30
[2023-06-22T00:17:30.233+0000] {subprocess.py:93} INFO - [0m00:17:30  Done. PASS=4 WARN=0 ERROR=0 SKIP=0 TOTAL=4
[2023-06-22T00:17:30.674+0000] {subprocess.py:97} INFO - Command exited with return code 0
[2023-06-22T00:17:30.698+0000] {taskinstance.py:1332} INFO - Marking task as SUCCESS. dag_id=showpulse_dbt_dag, task_id=dbt_run, execution_date=20230622T001619, start_date=20230622T001723, end_date=20230622T001730
[2023-06-22T00:17:30.751+0000] {local_task_job.py:212} INFO - Task exited with return code 0
[2023-06-22T00:17:30.766+0000] {taskinstance.py:2596} INFO - 0 downstream tasks scheduled from follow-on schedule check
