[2023-06-22T02:56:32.523+0000] {taskinstance.py:1090} INFO - Dependencies all met for dep_context=non-requeueable deps ti=<TaskInstance: showpulse_dbt_dag.dbt_run scheduled__2023-06-22T02:55:28.440116+00:00 [queued]>
[2023-06-22T02:56:32.531+0000] {taskinstance.py:1090} INFO - Dependencies all met for dep_context=requeueable deps ti=<TaskInstance: showpulse_dbt_dag.dbt_run scheduled__2023-06-22T02:55:28.440116+00:00 [queued]>
[2023-06-22T02:56:32.532+0000] {taskinstance.py:1288} INFO - 
--------------------------------------------------------------------------------
[2023-06-22T02:56:32.532+0000] {taskinstance.py:1289} INFO - Starting attempt 1 of 1
[2023-06-22T02:56:32.533+0000] {taskinstance.py:1290} INFO - 
--------------------------------------------------------------------------------
[2023-06-22T02:56:32.543+0000] {taskinstance.py:1309} INFO - Executing <Task(BashOperator): dbt_run> on 2023-06-22 02:55:28.440116+00:00
[2023-06-22T02:56:32.547+0000] {standard_task_runner.py:55} INFO - Started process 14214 to run task
[2023-06-22T02:56:32.551+0000] {standard_task_runner.py:82} INFO - Running: ['***', 'tasks', 'run', 'showpulse_dbt_dag', 'dbt_run', 'scheduled__2023-06-22T02:55:28.440116+00:00', '--job-id', '1682', '--raw', '--subdir', 'DAGS_FOLDER/dbt_run.py', '--cfg-path', '/tmp/tmp6c6c81sa']
[2023-06-22T02:56:32.552+0000] {standard_task_runner.py:83} INFO - Job 1682: Subtask dbt_run
[2023-06-22T02:56:32.615+0000] {task_command.py:389} INFO - Running <TaskInstance: showpulse_dbt_dag.dbt_run scheduled__2023-06-22T02:55:28.440116+00:00 [running]> on host 62cfed75eae1
[2023-06-22T02:56:32.677+0000] {taskinstance.py:1518} INFO - Exporting the following env vars:
AIRFLOW_CTX_DAG_OWNER=nburkett
AIRFLOW_CTX_DAG_ID=showpulse_dbt_dag
AIRFLOW_CTX_TASK_ID=dbt_run
AIRFLOW_CTX_EXECUTION_DATE=2023-06-22T02:55:28.440116+00:00
AIRFLOW_CTX_TRY_NUMBER=1
AIRFLOW_CTX_DAG_RUN_ID=scheduled__2023-06-22T02:55:28.440116+00:00
[2023-06-22T02:56:32.679+0000] {subprocess.py:63} INFO - Tmp dir root location: 
 /tmp
[2023-06-22T02:56:32.680+0000] {subprocess.py:75} INFO - Running command: ['/bin/bash', '-c', 'cd /dbt/ticketmaster_transformation && dbt run']
[2023-06-22T02:56:32.690+0000] {subprocess.py:86} INFO - Output:
[2023-06-22T02:56:34.032+0000] {subprocess.py:93} INFO - [0m02:56:34  Running with dbt=1.5.1
[2023-06-22T02:56:34.545+0000] {subprocess.py:93} INFO - [0m02:56:34  Found 4 models, 0 tests, 0 snapshots, 0 analyses, 356 macros, 0 operations, 0 seed files, 3 sources, 0 exposures, 0 metrics, 0 groups
[2023-06-22T02:56:34.548+0000] {subprocess.py:93} INFO - [0m02:56:34
[2023-06-22T02:56:35.401+0000] {subprocess.py:93} INFO - [0m02:56:35  Concurrency: 4 threads (target='dev')
[2023-06-22T02:56:35.402+0000] {subprocess.py:93} INFO - [0m02:56:35
[2023-06-22T02:56:35.413+0000] {subprocess.py:93} INFO - [0m02:56:35  1 of 4 START sql table model twitter_kafka_pyspark_test.distinct_data .......... [RUN]
[2023-06-22T02:56:35.414+0000] {subprocess.py:93} INFO - [0m02:56:35  2 of 4 START sql table model twitter_kafka_pyspark_test.dm_events .............. [RUN]
[2023-06-22T02:56:35.416+0000] {subprocess.py:93} INFO - [0m02:56:35  3 of 4 START sql table model twitter_kafka_pyspark_test.my_first_dbt_model ..... [RUN]
[2023-06-22T02:56:37.959+0000] {subprocess.py:93} INFO - [0m02:56:37  3 of 4 OK created sql table model twitter_kafka_pyspark_test.my_first_dbt_model  [[32mCREATE TABLE (2.0 rows, 0 processed)[0m in 2.54s]
[2023-06-22T02:56:37.987+0000] {subprocess.py:93} INFO - [0m02:56:37  4 of 4 START sql view model twitter_kafka_pyspark_test.my_second_dbt_model ..... [RUN]
[2023-06-22T02:56:38.000+0000] {subprocess.py:93} INFO - [0m02:56:38  1 of 4 OK created sql table model twitter_kafka_pyspark_test.distinct_data ..... [[32mCREATE TABLE (1.1k rows, 638.3 KiB processed)[0m in 2.57s]
[2023-06-22T02:56:38.004+0000] {subprocess.py:93} INFO - [0m02:56:38  2 of 4 OK created sql table model twitter_kafka_pyspark_test.dm_events ......... [[32mCREATE TABLE (1.3k rows, 178.2 KiB processed)[0m in 2.57s]
[2023-06-22T02:56:38.986+0000] {subprocess.py:93} INFO - [0m02:56:38  4 of 4 OK created sql view model twitter_kafka_pyspark_test.my_second_dbt_model  [[32mCREATE VIEW (0 processed)[0m in 0.99s]
[2023-06-22T02:56:39.073+0000] {subprocess.py:93} INFO - [0m02:56:39
[2023-06-22T02:56:39.075+0000] {subprocess.py:93} INFO - [0m02:56:39  Finished running 3 table models, 1 view model in 0 hours 0 minutes and 4.52 seconds (4.52s).
[2023-06-22T02:56:39.095+0000] {subprocess.py:93} INFO - [0m02:56:39
[2023-06-22T02:56:39.097+0000] {subprocess.py:93} INFO - [0m02:56:39  [32mCompleted successfully[0m
[2023-06-22T02:56:39.098+0000] {subprocess.py:93} INFO - [0m02:56:39
[2023-06-22T02:56:39.100+0000] {subprocess.py:93} INFO - [0m02:56:39  Done. PASS=4 WARN=0 ERROR=0 SKIP=0 TOTAL=4
[2023-06-22T02:56:39.517+0000] {subprocess.py:97} INFO - Command exited with return code 0
[2023-06-22T02:56:39.544+0000] {taskinstance.py:1332} INFO - Marking task as SUCCESS. dag_id=showpulse_dbt_dag, task_id=dbt_run, execution_date=20230622T025528, start_date=20230622T025632, end_date=20230622T025639
[2023-06-22T02:56:39.605+0000] {local_task_job.py:212} INFO - Task exited with return code 0
[2023-06-22T02:56:39.627+0000] {taskinstance.py:2596} INFO - 0 downstream tasks scheduled from follow-on schedule check
