[2023-06-21T19:38:52.803+0000] {taskinstance.py:1090} INFO - Dependencies all met for dep_context=non-requeueable deps ti=<TaskInstance: showpulse_dbt_dag.dbt_run scheduled__2023-06-21T19:37:49.516797+00:00 [queued]>
[2023-06-21T19:38:52.810+0000] {taskinstance.py:1090} INFO - Dependencies all met for dep_context=requeueable deps ti=<TaskInstance: showpulse_dbt_dag.dbt_run scheduled__2023-06-21T19:37:49.516797+00:00 [queued]>
[2023-06-21T19:38:52.810+0000] {taskinstance.py:1288} INFO - 
--------------------------------------------------------------------------------
[2023-06-21T19:38:52.811+0000] {taskinstance.py:1289} INFO - Starting attempt 1 of 1
[2023-06-21T19:38:52.811+0000] {taskinstance.py:1290} INFO - 
--------------------------------------------------------------------------------
[2023-06-21T19:38:52.819+0000] {taskinstance.py:1309} INFO - Executing <Task(BashOperator): dbt_run> on 2023-06-21 19:37:49.516797+00:00
[2023-06-21T19:38:52.823+0000] {standard_task_runner.py:55} INFO - Started process 5712 to run task
[2023-06-21T19:38:52.826+0000] {standard_task_runner.py:82} INFO - Running: ['***', 'tasks', 'run', 'showpulse_dbt_dag', 'dbt_run', 'scheduled__2023-06-21T19:37:49.516797+00:00', '--job-id', '950', '--raw', '--subdir', 'DAGS_FOLDER/dbt_run.py', '--cfg-path', '/tmp/tmpl9e8n_xs']
[2023-06-21T19:38:52.827+0000] {standard_task_runner.py:83} INFO - Job 950: Subtask dbt_run
[2023-06-21T19:38:52.879+0000] {task_command.py:389} INFO - Running <TaskInstance: showpulse_dbt_dag.dbt_run scheduled__2023-06-21T19:37:49.516797+00:00 [running]> on host 62cfed75eae1
[2023-06-21T19:38:52.928+0000] {taskinstance.py:1518} INFO - Exporting the following env vars:
AIRFLOW_CTX_DAG_OWNER=nburkett
AIRFLOW_CTX_DAG_ID=showpulse_dbt_dag
AIRFLOW_CTX_TASK_ID=dbt_run
AIRFLOW_CTX_EXECUTION_DATE=2023-06-21T19:37:49.516797+00:00
AIRFLOW_CTX_TRY_NUMBER=1
AIRFLOW_CTX_DAG_RUN_ID=scheduled__2023-06-21T19:37:49.516797+00:00
[2023-06-21T19:38:52.929+0000] {subprocess.py:63} INFO - Tmp dir root location: 
 /tmp
[2023-06-21T19:38:52.930+0000] {subprocess.py:75} INFO - Running command: ['/bin/bash', '-c', 'cd /dbt/ticketmaster_transformation && dbt run']
[2023-06-21T19:38:52.938+0000] {subprocess.py:86} INFO - Output:
[2023-06-21T19:38:54.218+0000] {subprocess.py:93} INFO - [0m19:38:54  Running with dbt=1.5.1
[2023-06-21T19:38:54.714+0000] {subprocess.py:93} INFO - [0m19:38:54  Found 4 models, 0 tests, 0 snapshots, 0 analyses, 356 macros, 0 operations, 0 seed files, 3 sources, 0 exposures, 0 metrics, 0 groups
[2023-06-21T19:38:54.717+0000] {subprocess.py:93} INFO - [0m19:38:54
[2023-06-21T19:38:55.503+0000] {subprocess.py:93} INFO - [0m19:38:55  Concurrency: 4 threads (target='dev')
[2023-06-21T19:38:55.506+0000] {subprocess.py:93} INFO - [0m19:38:55
[2023-06-21T19:38:55.521+0000] {subprocess.py:93} INFO - [0m19:38:55  1 of 4 START sql table model twitter_kafka_pyspark_test.distinct_data .......... [RUN]
[2023-06-21T19:38:55.523+0000] {subprocess.py:93} INFO - [0m19:38:55  2 of 4 START sql table model twitter_kafka_pyspark_test.dm_events .............. [RUN]
[2023-06-21T19:38:55.526+0000] {subprocess.py:93} INFO - [0m19:38:55  3 of 4 START sql table model twitter_kafka_pyspark_test.my_first_dbt_model ..... [RUN]
[2023-06-21T19:39:45.951+0000] {subprocess.py:93} INFO - [0m19:39:45  2 of 4 OK created sql table model twitter_kafka_pyspark_test.dm_events ......... [[32mCREATE TABLE (1.3k rows, 178.2 KiB processed)[0m in 50.42s]
[2023-06-21T19:39:46.584+0000] {subprocess.py:93} INFO - [0m19:39:46  3 of 4 OK created sql table model twitter_kafka_pyspark_test.my_first_dbt_model  [[32mCREATE TABLE (2.0 rows, 0 processed)[0m in 51.05s]
[2023-06-21T19:39:46.595+0000] {subprocess.py:93} INFO - [0m19:39:46  4 of 4 START sql view model twitter_kafka_pyspark_test.my_second_dbt_model ..... [RUN]
[2023-06-21T19:39:47.245+0000] {subprocess.py:93} INFO - [0m19:39:47  1 of 4 OK created sql table model twitter_kafka_pyspark_test.distinct_data ..... [[32mCREATE TABLE (1.1k rows, 638.3 KiB processed)[0m in 51.71s]
[2023-06-21T19:39:47.554+0000] {subprocess.py:93} INFO - [0m19:39:47  4 of 4 OK created sql view model twitter_kafka_pyspark_test.my_second_dbt_model  [[32mCREATE VIEW (0 processed)[0m in 0.95s]
[2023-06-21T19:39:47.630+0000] {subprocess.py:93} INFO - [0m19:39:47
[2023-06-21T19:39:47.631+0000] {subprocess.py:93} INFO - [0m19:39:47  Finished running 3 table models, 1 view model in 0 hours 0 minutes and 52.91 seconds (52.91s).
[2023-06-21T19:39:47.657+0000] {subprocess.py:93} INFO - [0m19:39:47
[2023-06-21T19:39:47.658+0000] {subprocess.py:93} INFO - [0m19:39:47  [32mCompleted successfully[0m
[2023-06-21T19:39:47.659+0000] {subprocess.py:93} INFO - [0m19:39:47
[2023-06-21T19:39:47.661+0000] {subprocess.py:93} INFO - [0m19:39:47  Done. PASS=4 WARN=0 ERROR=0 SKIP=0 TOTAL=4
[2023-06-21T19:39:48.178+0000] {subprocess.py:97} INFO - Command exited with return code 0
[2023-06-21T19:39:48.217+0000] {taskinstance.py:1332} INFO - Marking task as SUCCESS. dag_id=showpulse_dbt_dag, task_id=dbt_run, execution_date=20230621T193749, start_date=20230621T193852, end_date=20230621T193948
[2023-06-21T19:39:48.274+0000] {local_task_job.py:212} INFO - Task exited with return code 0
[2023-06-21T19:39:48.298+0000] {taskinstance.py:2596} INFO - 0 downstream tasks scheduled from follow-on schedule check
