[2023-06-23T01:50:35.945+0000] {taskinstance.py:1090} INFO - Dependencies all met for dep_context=non-requeueable deps ti=<TaskInstance: showpulse_dbt_dag.dbt_run scheduled__2023-06-23T01:49:31.696804+00:00 [queued]>
[2023-06-23T01:50:35.952+0000] {taskinstance.py:1090} INFO - Dependencies all met for dep_context=requeueable deps ti=<TaskInstance: showpulse_dbt_dag.dbt_run scheduled__2023-06-23T01:49:31.696804+00:00 [queued]>
[2023-06-23T01:50:35.952+0000] {taskinstance.py:1288} INFO - 
--------------------------------------------------------------------------------
[2023-06-23T01:50:35.953+0000] {taskinstance.py:1289} INFO - Starting attempt 1 of 1
[2023-06-23T01:50:35.954+0000] {taskinstance.py:1290} INFO - 
--------------------------------------------------------------------------------
[2023-06-23T01:50:35.962+0000] {taskinstance.py:1309} INFO - Executing <Task(BashOperator): dbt_run> on 2023-06-23 01:49:31.696804+00:00
[2023-06-23T01:50:35.966+0000] {standard_task_runner.py:55} INFO - Started process 24143 to run task
[2023-06-23T01:50:35.969+0000] {standard_task_runner.py:82} INFO - Running: ['***', 'tasks', 'run', 'showpulse_dbt_dag', 'dbt_run', 'scheduled__2023-06-23T01:49:31.696804+00:00', '--job-id', '2630', '--raw', '--subdir', 'DAGS_FOLDER/dbt_run.py', '--cfg-path', '/tmp/tmpinv91zat']
[2023-06-23T01:50:35.970+0000] {standard_task_runner.py:83} INFO - Job 2630: Subtask dbt_run
[2023-06-23T01:50:36.023+0000] {task_command.py:389} INFO - Running <TaskInstance: showpulse_dbt_dag.dbt_run scheduled__2023-06-23T01:49:31.696804+00:00 [running]> on host 62cfed75eae1
[2023-06-23T01:50:36.073+0000] {taskinstance.py:1518} INFO - Exporting the following env vars:
AIRFLOW_CTX_DAG_OWNER=nburkett
AIRFLOW_CTX_DAG_ID=showpulse_dbt_dag
AIRFLOW_CTX_TASK_ID=dbt_run
AIRFLOW_CTX_EXECUTION_DATE=2023-06-23T01:49:31.696804+00:00
AIRFLOW_CTX_TRY_NUMBER=1
AIRFLOW_CTX_DAG_RUN_ID=scheduled__2023-06-23T01:49:31.696804+00:00
[2023-06-23T01:50:36.075+0000] {subprocess.py:63} INFO - Tmp dir root location: 
 /tmp
[2023-06-23T01:50:36.076+0000] {subprocess.py:75} INFO - Running command: ['/bin/bash', '-c', 'cd /dbt/ticketmaster_transformation && dbt run']
[2023-06-23T01:50:36.085+0000] {subprocess.py:86} INFO - Output:
[2023-06-23T01:50:37.439+0000] {subprocess.py:93} INFO - [0m01:50:37  Running with dbt=1.5.1
[2023-06-23T01:50:37.995+0000] {subprocess.py:93} INFO - [0m01:50:37  Found 4 models, 0 tests, 0 snapshots, 0 analyses, 356 macros, 0 operations, 0 seed files, 3 sources, 0 exposures, 0 metrics, 0 groups
[2023-06-23T01:50:37.997+0000] {subprocess.py:93} INFO - [0m01:50:37
[2023-06-23T01:50:38.804+0000] {subprocess.py:93} INFO - [0m01:50:38  Concurrency: 4 threads (target='dev')
[2023-06-23T01:50:38.811+0000] {subprocess.py:93} INFO - [0m01:50:38
[2023-06-23T01:50:38.823+0000] {subprocess.py:93} INFO - [0m01:50:38  1 of 4 START sql table model twitter_kafka_pyspark_test.distinct_data .......... [RUN]
[2023-06-23T01:50:38.825+0000] {subprocess.py:93} INFO - [0m01:50:38  2 of 4 START sql table model twitter_kafka_pyspark_test.dm_events .............. [RUN]
[2023-06-23T01:50:38.826+0000] {subprocess.py:93} INFO - [0m01:50:38  3 of 4 START sql table model twitter_kafka_pyspark_test.my_first_dbt_model ..... [RUN]
[2023-06-23T01:50:41.557+0000] {subprocess.py:93} INFO - [0m01:50:41  3 of 4 OK created sql table model twitter_kafka_pyspark_test.my_first_dbt_model  [[32mCREATE TABLE (2.0 rows, 0 processed)[0m in 2.72s]
[2023-06-23T01:50:41.572+0000] {subprocess.py:93} INFO - [0m01:50:41  4 of 4 START sql view model twitter_kafka_pyspark_test.my_second_dbt_model ..... [RUN]
[2023-06-23T01:50:41.574+0000] {subprocess.py:93} INFO - [0m01:50:41  2 of 4 OK created sql table model twitter_kafka_pyspark_test.dm_events ......... [[32mCREATE TABLE (0.0 rows, 0 processed)[0m in 2.74s]
[2023-06-23T01:50:41.714+0000] {subprocess.py:93} INFO - [0m01:50:41  1 of 4 OK created sql table model twitter_kafka_pyspark_test.distinct_data ..... [[32mCREATE TABLE (0.0 rows, 0 processed)[0m in 2.88s]
[2023-06-23T01:50:42.550+0000] {subprocess.py:93} INFO - [0m01:50:42  4 of 4 OK created sql view model twitter_kafka_pyspark_test.my_second_dbt_model  [[32mCREATE VIEW (0 processed)[0m in 0.97s]
[2023-06-23T01:50:42.587+0000] {subprocess.py:93} INFO - [0m01:50:42
[2023-06-23T01:50:42.588+0000] {subprocess.py:93} INFO - [0m01:50:42  Finished running 3 table models, 1 view model in 0 hours 0 minutes and 4.59 seconds (4.59s).
[2023-06-23T01:50:42.606+0000] {subprocess.py:93} INFO - [0m01:50:42
[2023-06-23T01:50:42.608+0000] {subprocess.py:93} INFO - [0m01:50:42  [32mCompleted successfully[0m
[2023-06-23T01:50:42.609+0000] {subprocess.py:93} INFO - [0m01:50:42
[2023-06-23T01:50:42.611+0000] {subprocess.py:93} INFO - [0m01:50:42  Done. PASS=4 WARN=0 ERROR=0 SKIP=0 TOTAL=4
[2023-06-23T01:50:43.087+0000] {subprocess.py:97} INFO - Command exited with return code 0
[2023-06-23T01:50:43.113+0000] {taskinstance.py:1332} INFO - Marking task as SUCCESS. dag_id=showpulse_dbt_dag, task_id=dbt_run, execution_date=20230623T014931, start_date=20230623T015035, end_date=20230623T015043
[2023-06-23T01:50:43.153+0000] {local_task_job.py:212} INFO - Task exited with return code 0
[2023-06-23T01:50:43.169+0000] {taskinstance.py:2596} INFO - 0 downstream tasks scheduled from follow-on schedule check
