[2023-06-22T00:27:22.893+0000] {taskinstance.py:1090} INFO - Dependencies all met for dep_context=non-requeueable deps ti=<TaskInstance: showpulse_dbt_dag.dbt_run scheduled__2023-06-22T00:26:19.542692+00:00 [queued]>
[2023-06-22T00:27:22.899+0000] {taskinstance.py:1090} INFO - Dependencies all met for dep_context=requeueable deps ti=<TaskInstance: showpulse_dbt_dag.dbt_run scheduled__2023-06-22T00:26:19.542692+00:00 [queued]>
[2023-06-22T00:27:22.900+0000] {taskinstance.py:1288} INFO - 
--------------------------------------------------------------------------------
[2023-06-22T00:27:22.901+0000] {taskinstance.py:1289} INFO - Starting attempt 1 of 1
[2023-06-22T00:27:22.901+0000] {taskinstance.py:1290} INFO - 
--------------------------------------------------------------------------------
[2023-06-22T00:27:22.909+0000] {taskinstance.py:1309} INFO - Executing <Task(BashOperator): dbt_run> on 2023-06-22 00:26:19.542692+00:00
[2023-06-22T00:27:22.912+0000] {standard_task_runner.py:55} INFO - Started process 10252 to run task
[2023-06-22T00:27:22.916+0000] {standard_task_runner.py:82} INFO - Running: ['***', 'tasks', 'run', 'showpulse_dbt_dag', 'dbt_run', 'scheduled__2023-06-22T00:26:19.542692+00:00', '--job-id', '1362', '--raw', '--subdir', 'DAGS_FOLDER/dbt_run.py', '--cfg-path', '/tmp/tmpx40cuwsy']
[2023-06-22T00:27:22.916+0000] {standard_task_runner.py:83} INFO - Job 1362: Subtask dbt_run
[2023-06-22T00:27:22.970+0000] {task_command.py:389} INFO - Running <TaskInstance: showpulse_dbt_dag.dbt_run scheduled__2023-06-22T00:26:19.542692+00:00 [running]> on host 62cfed75eae1
[2023-06-22T00:27:23.020+0000] {taskinstance.py:1518} INFO - Exporting the following env vars:
AIRFLOW_CTX_DAG_OWNER=nburkett
AIRFLOW_CTX_DAG_ID=showpulse_dbt_dag
AIRFLOW_CTX_TASK_ID=dbt_run
AIRFLOW_CTX_EXECUTION_DATE=2023-06-22T00:26:19.542692+00:00
AIRFLOW_CTX_TRY_NUMBER=1
AIRFLOW_CTX_DAG_RUN_ID=scheduled__2023-06-22T00:26:19.542692+00:00
[2023-06-22T00:27:23.022+0000] {subprocess.py:63} INFO - Tmp dir root location: 
 /tmp
[2023-06-22T00:27:23.023+0000] {subprocess.py:75} INFO - Running command: ['/bin/bash', '-c', 'cd /dbt/ticketmaster_transformation && dbt run']
[2023-06-22T00:27:23.031+0000] {subprocess.py:86} INFO - Output:
[2023-06-22T00:27:24.410+0000] {subprocess.py:93} INFO - [0m00:27:24  Running with dbt=1.5.1
[2023-06-22T00:27:24.994+0000] {subprocess.py:93} INFO - [0m00:27:24  Found 4 models, 0 tests, 0 snapshots, 0 analyses, 356 macros, 0 operations, 0 seed files, 3 sources, 0 exposures, 0 metrics, 0 groups
[2023-06-22T00:27:24.997+0000] {subprocess.py:93} INFO - [0m00:27:24
[2023-06-22T00:27:27.098+0000] {subprocess.py:93} INFO - [0m00:27:27  Concurrency: 4 threads (target='dev')
[2023-06-22T00:27:27.102+0000] {subprocess.py:93} INFO - [0m00:27:27
[2023-06-22T00:27:27.116+0000] {subprocess.py:93} INFO - [0m00:27:27  1 of 4 START sql table model twitter_kafka_pyspark_test.distinct_data .......... [RUN]
[2023-06-22T00:27:27.119+0000] {subprocess.py:93} INFO - [0m00:27:27  2 of 4 START sql table model twitter_kafka_pyspark_test.dm_events .............. [RUN]
[2023-06-22T00:27:27.121+0000] {subprocess.py:93} INFO - [0m00:27:27  3 of 4 START sql table model twitter_kafka_pyspark_test.my_first_dbt_model ..... [RUN]
[2023-06-22T00:27:30.458+0000] {subprocess.py:93} INFO - [0m00:27:30  1 of 4 OK created sql table model twitter_kafka_pyspark_test.distinct_data ..... [[32mCREATE TABLE (1.1k rows, 638.3 KiB processed)[0m in 3.33s]
[2023-06-22T00:27:30.464+0000] {subprocess.py:93} INFO - [0m00:27:30  3 of 4 OK created sql table model twitter_kafka_pyspark_test.my_first_dbt_model  [[32mCREATE TABLE (2.0 rows, 0 processed)[0m in 3.33s]
[2023-06-22T00:27:30.471+0000] {subprocess.py:93} INFO - [0m00:27:30  4 of 4 START sql view model twitter_kafka_pyspark_test.my_second_dbt_model ..... [RUN]
[2023-06-22T00:27:30.630+0000] {subprocess.py:93} INFO - [0m00:27:30  2 of 4 OK created sql table model twitter_kafka_pyspark_test.dm_events ......... [[32mCREATE TABLE (1.3k rows, 178.2 KiB processed)[0m in 3.50s]
[2023-06-22T00:27:31.692+0000] {subprocess.py:93} INFO - [0m00:27:31  4 of 4 OK created sql view model twitter_kafka_pyspark_test.my_second_dbt_model  [[32mCREATE VIEW (0 processed)[0m in 1.22s]
[2023-06-22T00:27:31.826+0000] {subprocess.py:93} INFO - [0m00:27:31
[2023-06-22T00:27:31.829+0000] {subprocess.py:93} INFO - [0m00:27:31  Finished running 3 table models, 1 view model in 0 hours 0 minutes and 6.83 seconds (6.83s).
[2023-06-22T00:27:31.867+0000] {subprocess.py:93} INFO - [0m00:27:31
[2023-06-22T00:27:31.869+0000] {subprocess.py:93} INFO - [0m00:27:31  [32mCompleted successfully[0m
[2023-06-22T00:27:31.870+0000] {subprocess.py:93} INFO - [0m00:27:31
[2023-06-22T00:27:31.872+0000] {subprocess.py:93} INFO - [0m00:27:31  Done. PASS=4 WARN=0 ERROR=0 SKIP=0 TOTAL=4
[2023-06-22T00:27:32.586+0000] {subprocess.py:97} INFO - Command exited with return code 0
[2023-06-22T00:27:32.624+0000] {taskinstance.py:1332} INFO - Marking task as SUCCESS. dag_id=showpulse_dbt_dag, task_id=dbt_run, execution_date=20230622T002619, start_date=20230622T002722, end_date=20230622T002732
[2023-06-22T00:27:32.686+0000] {local_task_job.py:212} INFO - Task exited with return code 0
[2023-06-22T00:27:32.705+0000] {taskinstance.py:2596} INFO - 0 downstream tasks scheduled from follow-on schedule check
