[2023-06-22T00:59:33.237+0000] {taskinstance.py:1090} INFO - Dependencies all met for dep_context=non-requeueable deps ti=<TaskInstance: showpulse_dbt_dag.pwd1 scheduled__2023-06-22T00:58:32.430820+00:00 [queued]>
[2023-06-22T00:59:33.243+0000] {taskinstance.py:1090} INFO - Dependencies all met for dep_context=requeueable deps ti=<TaskInstance: showpulse_dbt_dag.pwd1 scheduled__2023-06-22T00:58:32.430820+00:00 [queued]>
[2023-06-22T00:59:33.244+0000] {taskinstance.py:1288} INFO - 
--------------------------------------------------------------------------------
[2023-06-22T00:59:33.244+0000] {taskinstance.py:1289} INFO - Starting attempt 1 of 1
[2023-06-22T00:59:33.245+0000] {taskinstance.py:1290} INFO - 
--------------------------------------------------------------------------------
[2023-06-22T00:59:33.253+0000] {taskinstance.py:1309} INFO - Executing <Task(BashOperator): pwd1> on 2023-06-22 00:58:32.430820+00:00
[2023-06-22T00:59:33.256+0000] {standard_task_runner.py:55} INFO - Started process 11769 to run task
[2023-06-22T00:59:33.260+0000] {standard_task_runner.py:82} INFO - Running: ['***', 'tasks', 'run', 'showpulse_dbt_dag', 'pwd1', 'scheduled__2023-06-22T00:58:32.430820+00:00', '--job-id', '1475', '--raw', '--subdir', 'DAGS_FOLDER/dbt_run.py', '--cfg-path', '/tmp/tmpccnot2sa']
[2023-06-22T00:59:33.261+0000] {standard_task_runner.py:83} INFO - Job 1475: Subtask pwd1
[2023-06-22T00:59:33.316+0000] {task_command.py:389} INFO - Running <TaskInstance: showpulse_dbt_dag.pwd1 scheduled__2023-06-22T00:58:32.430820+00:00 [running]> on host 62cfed75eae1
[2023-06-22T00:59:33.368+0000] {taskinstance.py:1518} INFO - Exporting the following env vars:
AIRFLOW_CTX_DAG_OWNER=nburkett
AIRFLOW_CTX_DAG_ID=showpulse_dbt_dag
AIRFLOW_CTX_TASK_ID=pwd1
AIRFLOW_CTX_EXECUTION_DATE=2023-06-22T00:58:32.430820+00:00
AIRFLOW_CTX_TRY_NUMBER=1
AIRFLOW_CTX_DAG_RUN_ID=scheduled__2023-06-22T00:58:32.430820+00:00
[2023-06-22T00:59:33.369+0000] {subprocess.py:63} INFO - Tmp dir root location: 
 /tmp
[2023-06-22T00:59:33.370+0000] {subprocess.py:75} INFO - Running command: ['/bin/bash', '-c', 'pwd && ls']
[2023-06-22T00:59:33.379+0000] {subprocess.py:86} INFO - Output:
[2023-06-22T00:59:33.381+0000] {subprocess.py:93} INFO - /tmp/***tmpr4i8h9_6
[2023-06-22T00:59:33.383+0000] {subprocess.py:97} INFO - Command exited with return code 0
[2023-06-22T00:59:33.405+0000] {taskinstance.py:1332} INFO - Marking task as SUCCESS. dag_id=showpulse_dbt_dag, task_id=pwd1, execution_date=20230622T005832, start_date=20230622T005933, end_date=20230622T005933
[2023-06-22T00:59:33.432+0000] {local_task_job.py:212} INFO - Task exited with return code 0
[2023-06-22T00:59:33.452+0000] {taskinstance.py:2596} INFO - 1 downstream tasks scheduled from follow-on schedule check
