[2023-06-21T14:21:17.255+0000] {taskinstance.py:1090} INFO - Dependencies all met for dep_context=non-requeueable deps ti=<TaskInstance: showpulse_dbt_dag.dbt_run scheduled__2023-06-21T14:20:13.235659+00:00 [queued]>
[2023-06-21T14:21:17.262+0000] {taskinstance.py:1090} INFO - Dependencies all met for dep_context=requeueable deps ti=<TaskInstance: showpulse_dbt_dag.dbt_run scheduled__2023-06-21T14:20:13.235659+00:00 [queued]>
[2023-06-21T14:21:17.262+0000] {taskinstance.py:1288} INFO - 
--------------------------------------------------------------------------------
[2023-06-21T14:21:17.263+0000] {taskinstance.py:1289} INFO - Starting attempt 1 of 1
[2023-06-21T14:21:17.263+0000] {taskinstance.py:1290} INFO - 
--------------------------------------------------------------------------------
[2023-06-21T14:21:17.272+0000] {taskinstance.py:1309} INFO - Executing <Task(BashOperator): dbt_run> on 2023-06-21 14:20:13.235659+00:00
[2023-06-21T14:21:17.276+0000] {standard_task_runner.py:55} INFO - Started process 4184 to run task
[2023-06-21T14:21:17.279+0000] {standard_task_runner.py:82} INFO - Running: ['***', 'tasks', 'run', 'showpulse_dbt_dag', 'dbt_run', 'scheduled__2023-06-21T14:20:13.235659+00:00', '--job-id', '782', '--raw', '--subdir', 'DAGS_FOLDER/dbt_run.py', '--cfg-path', '/tmp/tmpy8brn9h2']
[2023-06-21T14:21:17.280+0000] {standard_task_runner.py:83} INFO - Job 782: Subtask dbt_run
[2023-06-21T14:21:17.335+0000] {task_command.py:389} INFO - Running <TaskInstance: showpulse_dbt_dag.dbt_run scheduled__2023-06-21T14:20:13.235659+00:00 [running]> on host 62cfed75eae1
[2023-06-21T14:21:17.386+0000] {taskinstance.py:1518} INFO - Exporting the following env vars:
AIRFLOW_CTX_DAG_OWNER=nburkett
AIRFLOW_CTX_DAG_ID=showpulse_dbt_dag
AIRFLOW_CTX_TASK_ID=dbt_run
AIRFLOW_CTX_EXECUTION_DATE=2023-06-21T14:20:13.235659+00:00
AIRFLOW_CTX_TRY_NUMBER=1
AIRFLOW_CTX_DAG_RUN_ID=scheduled__2023-06-21T14:20:13.235659+00:00
[2023-06-21T14:21:17.387+0000] {subprocess.py:63} INFO - Tmp dir root location: 
 /tmp
[2023-06-21T14:21:17.388+0000] {subprocess.py:75} INFO - Running command: ['/bin/bash', '-c', 'cd /dbt/ticketmaster_transformation && dbt run']
[2023-06-21T14:21:17.398+0000] {subprocess.py:86} INFO - Output:
[2023-06-21T14:21:18.705+0000] {subprocess.py:93} INFO - [0m14:21:18  Running with dbt=1.5.1
[2023-06-21T14:21:19.212+0000] {subprocess.py:93} INFO - [0m14:21:19  Found 4 models, 0 tests, 0 snapshots, 0 analyses, 356 macros, 0 operations, 0 seed files, 3 sources, 0 exposures, 0 metrics, 0 groups
[2023-06-21T14:21:19.215+0000] {subprocess.py:93} INFO - [0m14:21:19
[2023-06-21T14:21:20.089+0000] {subprocess.py:93} INFO - [0m14:21:20  Concurrency: 4 threads (target='dev')
[2023-06-21T14:21:20.093+0000] {subprocess.py:93} INFO - [0m14:21:20
[2023-06-21T14:21:20.111+0000] {subprocess.py:93} INFO - [0m14:21:20  1 of 4 START sql table model twitter_kafka_pyspark_test.distinct_data .......... [RUN]
[2023-06-21T14:21:20.114+0000] {subprocess.py:93} INFO - [0m14:21:20  2 of 4 START sql table model twitter_kafka_pyspark_test.dm_events .............. [RUN]
[2023-06-21T14:21:20.116+0000] {subprocess.py:93} INFO - [0m14:21:20  3 of 4 START sql table model twitter_kafka_pyspark_test.my_first_dbt_model ..... [RUN]
[2023-06-21T14:21:26.161+0000] {subprocess.py:93} INFO - [0m14:21:26  2 of 4 OK created sql table model twitter_kafka_pyspark_test.dm_events ......... [[32mCREATE TABLE (1.3k rows, 178.2 KiB processed)[0m in 6.04s]
[2023-06-21T14:21:26.233+0000] {subprocess.py:93} INFO - [0m14:21:26  3 of 4 OK created sql table model twitter_kafka_pyspark_test.my_first_dbt_model  [[32mCREATE TABLE (2.0 rows, 0 processed)[0m in 6.11s]
[2023-06-21T14:21:26.239+0000] {subprocess.py:93} INFO - [0m14:21:26  4 of 4 START sql view model twitter_kafka_pyspark_test.my_second_dbt_model ..... [RUN]
[2023-06-21T14:21:26.485+0000] {subprocess.py:93} INFO - [0m14:21:26  1 of 4 OK created sql table model twitter_kafka_pyspark_test.distinct_data ..... [[32mCREATE TABLE (1.1k rows, 638.3 KiB processed)[0m in 6.36s]
[2023-06-21T14:21:27.360+0000] {subprocess.py:93} INFO - [0m14:21:27  4 of 4 OK created sql view model twitter_kafka_pyspark_test.my_second_dbt_model  [[32mCREATE VIEW (0 processed)[0m in 1.12s]
[2023-06-21T14:21:27.447+0000] {subprocess.py:93} INFO - [0m14:21:27
[2023-06-21T14:21:27.449+0000] {subprocess.py:93} INFO - [0m14:21:27  Finished running 3 table models, 1 view model in 0 hours 0 minutes and 8.23 seconds (8.23s).
[2023-06-21T14:21:27.470+0000] {subprocess.py:93} INFO - [0m14:21:27
[2023-06-21T14:21:27.471+0000] {subprocess.py:93} INFO - [0m14:21:27  [32mCompleted successfully[0m
[2023-06-21T14:21:27.472+0000] {subprocess.py:93} INFO - [0m14:21:27
[2023-06-21T14:21:27.474+0000] {subprocess.py:93} INFO - [0m14:21:27  Done. PASS=4 WARN=0 ERROR=0 SKIP=0 TOTAL=4
[2023-06-21T14:21:27.995+0000] {subprocess.py:97} INFO - Command exited with return code 0
[2023-06-21T14:21:28.039+0000] {taskinstance.py:1332} INFO - Marking task as SUCCESS. dag_id=showpulse_dbt_dag, task_id=dbt_run, execution_date=20230621T142013, start_date=20230621T142117, end_date=20230621T142128
[2023-06-21T14:21:28.097+0000] {local_task_job.py:212} INFO - Task exited with return code 0
[2023-06-21T14:21:28.116+0000] {taskinstance.py:2596} INFO - 0 downstream tasks scheduled from follow-on schedule check
