[2023-06-22T05:54:27.883+0000] {taskinstance.py:1090} INFO - Dependencies all met for dep_context=non-requeueable deps ti=<TaskInstance: showpulse_dbt_dag.dbt_run scheduled__2023-06-22T05:45:15.999001+00:00 [queued]>
[2023-06-22T05:54:27.890+0000] {taskinstance.py:1090} INFO - Dependencies all met for dep_context=requeueable deps ti=<TaskInstance: showpulse_dbt_dag.dbt_run scheduled__2023-06-22T05:45:15.999001+00:00 [queued]>
[2023-06-22T05:54:27.891+0000] {taskinstance.py:1288} INFO - 
--------------------------------------------------------------------------------
[2023-06-22T05:54:27.892+0000] {taskinstance.py:1289} INFO - Starting attempt 1 of 1
[2023-06-22T05:54:27.892+0000] {taskinstance.py:1290} INFO - 
--------------------------------------------------------------------------------
[2023-06-22T05:54:27.900+0000] {taskinstance.py:1309} INFO - Executing <Task(BashOperator): dbt_run> on 2023-06-22 05:45:15.999001+00:00
[2023-06-22T05:54:27.904+0000] {standard_task_runner.py:55} INFO - Started process 15686 to run task
[2023-06-22T05:54:27.907+0000] {standard_task_runner.py:82} INFO - Running: ['***', 'tasks', 'run', 'showpulse_dbt_dag', 'dbt_run', 'scheduled__2023-06-22T05:45:15.999001+00:00', '--job-id', '1822', '--raw', '--subdir', 'DAGS_FOLDER/dbt_run.py', '--cfg-path', '/tmp/tmpuy6e4knj']
[2023-06-22T05:54:27.908+0000] {standard_task_runner.py:83} INFO - Job 1822: Subtask dbt_run
[2023-06-22T05:54:27.970+0000] {task_command.py:389} INFO - Running <TaskInstance: showpulse_dbt_dag.dbt_run scheduled__2023-06-22T05:45:15.999001+00:00 [running]> on host 62cfed75eae1
[2023-06-22T05:54:28.024+0000] {taskinstance.py:1518} INFO - Exporting the following env vars:
AIRFLOW_CTX_DAG_OWNER=nburkett
AIRFLOW_CTX_DAG_ID=showpulse_dbt_dag
AIRFLOW_CTX_TASK_ID=dbt_run
AIRFLOW_CTX_EXECUTION_DATE=2023-06-22T05:45:15.999001+00:00
AIRFLOW_CTX_TRY_NUMBER=1
AIRFLOW_CTX_DAG_RUN_ID=scheduled__2023-06-22T05:45:15.999001+00:00
[2023-06-22T05:54:28.025+0000] {subprocess.py:63} INFO - Tmp dir root location: 
 /tmp
[2023-06-22T05:54:28.026+0000] {subprocess.py:75} INFO - Running command: ['/bin/bash', '-c', 'cd /dbt/ticketmaster_transformation && dbt run']
[2023-06-22T05:54:28.035+0000] {subprocess.py:86} INFO - Output:
[2023-06-22T05:54:29.404+0000] {subprocess.py:93} INFO - [0m05:54:29  Running with dbt=1.5.1
[2023-06-22T05:54:29.962+0000] {subprocess.py:93} INFO - [0m05:54:29  Found 4 models, 0 tests, 0 snapshots, 0 analyses, 356 macros, 0 operations, 0 seed files, 3 sources, 0 exposures, 0 metrics, 0 groups
[2023-06-22T05:54:29.966+0000] {subprocess.py:93} INFO - [0m05:54:29
[2023-06-22T05:54:30.700+0000] {subprocess.py:93} INFO - [0m05:54:30  Concurrency: 4 threads (target='dev')
[2023-06-22T05:54:30.701+0000] {subprocess.py:93} INFO - [0m05:54:30
[2023-06-22T05:54:30.711+0000] {subprocess.py:93} INFO - [0m05:54:30  1 of 4 START sql table model twitter_kafka_pyspark_test.distinct_data .......... [RUN]
[2023-06-22T05:54:30.713+0000] {subprocess.py:93} INFO - [0m05:54:30  2 of 4 START sql table model twitter_kafka_pyspark_test.dm_events .............. [RUN]
[2023-06-22T05:54:30.715+0000] {subprocess.py:93} INFO - [0m05:54:30  3 of 4 START sql table model twitter_kafka_pyspark_test.my_first_dbt_model ..... [RUN]
[2023-06-22T05:54:33.369+0000] {subprocess.py:93} INFO - [0m05:54:33  3 of 4 OK created sql table model twitter_kafka_pyspark_test.my_first_dbt_model  [[32mCREATE TABLE (2.0 rows, 0 processed)[0m in 2.65s]
[2023-06-22T05:54:33.375+0000] {subprocess.py:93} INFO - [0m05:54:33  4 of 4 START sql view model twitter_kafka_pyspark_test.my_second_dbt_model ..... [RUN]
[2023-06-22T05:54:34.502+0000] {subprocess.py:93} INFO - [0m05:54:34  1 of 4 OK created sql table model twitter_kafka_pyspark_test.distinct_data ..... [[32mCREATE TABLE (1.1k rows, 638.3 KiB processed)[0m in 3.78s]
[2023-06-22T05:54:34.510+0000] {subprocess.py:93} INFO - [0m05:54:34  2 of 4 OK created sql table model twitter_kafka_pyspark_test.dm_events ......... [[32mCREATE TABLE (1.3k rows, 178.2 KiB processed)[0m in 3.79s]
[2023-06-22T05:54:34.771+0000] {subprocess.py:93} INFO - [0m05:54:34  4 of 4 OK created sql view model twitter_kafka_pyspark_test.my_second_dbt_model  [[32mCREATE VIEW (0 processed)[0m in 1.39s]
[2023-06-22T05:54:34.869+0000] {subprocess.py:93} INFO - [0m05:54:34
[2023-06-22T05:54:34.872+0000] {subprocess.py:93} INFO - [0m05:54:34  Finished running 3 table models, 1 view model in 0 hours 0 minutes and 4.90 seconds (4.90s).
[2023-06-22T05:54:34.888+0000] {subprocess.py:93} INFO - [0m05:54:34
[2023-06-22T05:54:34.889+0000] {subprocess.py:93} INFO - [0m05:54:34  [32mCompleted successfully[0m
[2023-06-22T05:54:34.890+0000] {subprocess.py:93} INFO - [0m05:54:34
[2023-06-22T05:54:34.891+0000] {subprocess.py:93} INFO - [0m05:54:34  Done. PASS=4 WARN=0 ERROR=0 SKIP=0 TOTAL=4
[2023-06-22T05:54:35.323+0000] {subprocess.py:97} INFO - Command exited with return code 0
[2023-06-22T05:54:35.353+0000] {taskinstance.py:1332} INFO - Marking task as SUCCESS. dag_id=showpulse_dbt_dag, task_id=dbt_run, execution_date=20230622T054515, start_date=20230622T055427, end_date=20230622T055435
[2023-06-22T05:54:35.388+0000] {local_task_job.py:212} INFO - Task exited with return code 0
[2023-06-22T05:54:35.403+0000] {taskinstance.py:2596} INFO - 0 downstream tasks scheduled from follow-on schedule check
