[2023-06-23T01:24:35.158+0000] {taskinstance.py:1090} INFO - Dependencies all met for dep_context=non-requeueable deps ti=<TaskInstance: showpulse_dbt_dag.pwd2 scheduled__2023-06-23T01:23:31.696804+00:00 [queued]>
[2023-06-23T01:24:35.165+0000] {taskinstance.py:1090} INFO - Dependencies all met for dep_context=requeueable deps ti=<TaskInstance: showpulse_dbt_dag.pwd2 scheduled__2023-06-23T01:23:31.696804+00:00 [queued]>
[2023-06-23T01:24:35.166+0000] {taskinstance.py:1288} INFO - 
--------------------------------------------------------------------------------
[2023-06-23T01:24:35.167+0000] {taskinstance.py:1289} INFO - Starting attempt 1 of 1
[2023-06-23T01:24:35.167+0000] {taskinstance.py:1290} INFO - 
--------------------------------------------------------------------------------
[2023-06-23T01:24:35.176+0000] {taskinstance.py:1309} INFO - Executing <Task(BashOperator): pwd2> on 2023-06-23 01:23:31.696804+00:00
[2023-06-23T01:24:35.181+0000] {standard_task_runner.py:55} INFO - Started process 22838 to run task
[2023-06-23T01:24:35.184+0000] {standard_task_runner.py:82} INFO - Running: ['***', 'tasks', 'run', 'showpulse_dbt_dag', 'pwd2', 'scheduled__2023-06-23T01:23:31.696804+00:00', '--job-id', '2525', '--raw', '--subdir', 'DAGS_FOLDER/dbt_run.py', '--cfg-path', '/tmp/tmpxmjw_n3q']
[2023-06-23T01:24:35.185+0000] {standard_task_runner.py:83} INFO - Job 2525: Subtask pwd2
[2023-06-23T01:24:35.241+0000] {task_command.py:389} INFO - Running <TaskInstance: showpulse_dbt_dag.pwd2 scheduled__2023-06-23T01:23:31.696804+00:00 [running]> on host 62cfed75eae1
[2023-06-23T01:24:35.295+0000] {taskinstance.py:1518} INFO - Exporting the following env vars:
AIRFLOW_CTX_DAG_OWNER=nburkett
AIRFLOW_CTX_DAG_ID=showpulse_dbt_dag
AIRFLOW_CTX_TASK_ID=pwd2
AIRFLOW_CTX_EXECUTION_DATE=2023-06-23T01:23:31.696804+00:00
AIRFLOW_CTX_TRY_NUMBER=1
AIRFLOW_CTX_DAG_RUN_ID=scheduled__2023-06-23T01:23:31.696804+00:00
[2023-06-23T01:24:35.296+0000] {subprocess.py:63} INFO - Tmp dir root location: 
 /tmp
[2023-06-23T01:24:35.297+0000] {subprocess.py:75} INFO - Running command: ['/bin/bash', '-c', 'cd /dbt/ticketmaster_transformation && pwd && ls']
[2023-06-23T01:24:35.307+0000] {subprocess.py:86} INFO - Output:
[2023-06-23T01:24:35.309+0000] {subprocess.py:93} INFO - /dbt/ticketmaster_transformation
[2023-06-23T01:24:35.311+0000] {subprocess.py:93} INFO - README.md
[2023-06-23T01:24:35.312+0000] {subprocess.py:93} INFO - analyses
[2023-06-23T01:24:35.313+0000] {subprocess.py:93} INFO - dbt_packages
[2023-06-23T01:24:35.314+0000] {subprocess.py:93} INFO - dbt_project.yml
[2023-06-23T01:24:35.315+0000] {subprocess.py:93} INFO - logs
[2023-06-23T01:24:35.316+0000] {subprocess.py:93} INFO - macros
[2023-06-23T01:24:35.317+0000] {subprocess.py:93} INFO - models
[2023-06-23T01:24:35.317+0000] {subprocess.py:93} INFO - profiles.yml
[2023-06-23T01:24:35.318+0000] {subprocess.py:93} INFO - seeds
[2023-06-23T01:24:35.318+0000] {subprocess.py:93} INFO - snapshots
[2023-06-23T01:24:35.319+0000] {subprocess.py:93} INFO - target
[2023-06-23T01:24:35.319+0000] {subprocess.py:93} INFO - tests
[2023-06-23T01:24:35.320+0000] {subprocess.py:97} INFO - Command exited with return code 0
[2023-06-23T01:24:35.343+0000] {taskinstance.py:1332} INFO - Marking task as SUCCESS. dag_id=showpulse_dbt_dag, task_id=pwd2, execution_date=20230623T012331, start_date=20230623T012435, end_date=20230623T012435
[2023-06-23T01:24:35.398+0000] {local_task_job.py:212} INFO - Task exited with return code 0
[2023-06-23T01:24:35.417+0000] {taskinstance.py:2596} INFO - 1 downstream tasks scheduled from follow-on schedule check
