[2023-06-22T16:55:24.050+0000] {taskinstance.py:1090} INFO - Dependencies all met for dep_context=non-requeueable deps ti=<TaskInstance: showpulse_dbt_dag.dbt_run scheduled__2023-06-22T16:28:05.230862+00:00 [queued]>
[2023-06-22T16:55:24.056+0000] {taskinstance.py:1090} INFO - Dependencies all met for dep_context=requeueable deps ti=<TaskInstance: showpulse_dbt_dag.dbt_run scheduled__2023-06-22T16:28:05.230862+00:00 [queued]>
[2023-06-22T16:55:24.057+0000] {taskinstance.py:1288} INFO - 
--------------------------------------------------------------------------------
[2023-06-22T16:55:24.057+0000] {taskinstance.py:1289} INFO - Starting attempt 1 of 1
[2023-06-22T16:55:24.058+0000] {taskinstance.py:1290} INFO - 
--------------------------------------------------------------------------------
[2023-06-22T16:55:24.066+0000] {taskinstance.py:1309} INFO - Executing <Task(BashOperator): dbt_run> on 2023-06-22 16:28:05.230862+00:00
[2023-06-22T16:55:24.070+0000] {standard_task_runner.py:55} INFO - Started process 16960 to run task
[2023-06-22T16:55:24.073+0000] {standard_task_runner.py:82} INFO - Running: ['***', 'tasks', 'run', 'showpulse_dbt_dag', 'dbt_run', 'scheduled__2023-06-22T16:28:05.230862+00:00', '--job-id', '1962', '--raw', '--subdir', 'DAGS_FOLDER/dbt_run.py', '--cfg-path', '/tmp/tmpnwe5t0lr']
[2023-06-22T16:55:24.074+0000] {standard_task_runner.py:83} INFO - Job 1962: Subtask dbt_run
[2023-06-22T16:55:24.129+0000] {task_command.py:389} INFO - Running <TaskInstance: showpulse_dbt_dag.dbt_run scheduled__2023-06-22T16:28:05.230862+00:00 [running]> on host 62cfed75eae1
[2023-06-22T16:55:24.180+0000] {taskinstance.py:1518} INFO - Exporting the following env vars:
AIRFLOW_CTX_DAG_OWNER=nburkett
AIRFLOW_CTX_DAG_ID=showpulse_dbt_dag
AIRFLOW_CTX_TASK_ID=dbt_run
AIRFLOW_CTX_EXECUTION_DATE=2023-06-22T16:28:05.230862+00:00
AIRFLOW_CTX_TRY_NUMBER=1
AIRFLOW_CTX_DAG_RUN_ID=scheduled__2023-06-22T16:28:05.230862+00:00
[2023-06-22T16:55:24.181+0000] {subprocess.py:63} INFO - Tmp dir root location: 
 /tmp
[2023-06-22T16:55:24.182+0000] {subprocess.py:75} INFO - Running command: ['/bin/bash', '-c', 'cd /dbt/ticketmaster_transformation && dbt run']
[2023-06-22T16:55:24.192+0000] {subprocess.py:86} INFO - Output:
[2023-06-22T16:55:25.537+0000] {subprocess.py:93} INFO - [0m16:55:25  Running with dbt=1.5.1
[2023-06-22T16:55:26.051+0000] {subprocess.py:93} INFO - [0m16:55:26  Found 4 models, 0 tests, 0 snapshots, 0 analyses, 356 macros, 0 operations, 0 seed files, 3 sources, 0 exposures, 0 metrics, 0 groups
[2023-06-22T16:55:26.053+0000] {subprocess.py:93} INFO - [0m16:55:26
[2023-06-22T16:55:26.922+0000] {subprocess.py:93} INFO - [0m16:55:26  Concurrency: 4 threads (target='dev')
[2023-06-22T16:55:26.925+0000] {subprocess.py:93} INFO - [0m16:55:26
[2023-06-22T16:55:26.941+0000] {subprocess.py:93} INFO - [0m16:55:26  1 of 4 START sql table model twitter_kafka_pyspark_test.distinct_data .......... [RUN]
[2023-06-22T16:55:26.944+0000] {subprocess.py:93} INFO - [0m16:55:26  2 of 4 START sql table model twitter_kafka_pyspark_test.dm_events .............. [RUN]
[2023-06-22T16:55:26.946+0000] {subprocess.py:93} INFO - [0m16:55:26  3 of 4 START sql table model twitter_kafka_pyspark_test.my_first_dbt_model ..... [RUN]
[2023-06-22T16:55:30.291+0000] {subprocess.py:93} INFO - [0m16:55:30  2 of 4 OK created sql table model twitter_kafka_pyspark_test.dm_events ......... [[32mCREATE TABLE (1.3k rows, 178.2 KiB processed)[0m in 3.34s]
[2023-06-22T16:55:30.310+0000] {subprocess.py:93} INFO - [0m16:55:30  3 of 4 OK created sql table model twitter_kafka_pyspark_test.my_first_dbt_model  [[32mCREATE TABLE (2.0 rows, 0 processed)[0m in 3.35s]
[2023-06-22T16:55:30.316+0000] {subprocess.py:93} INFO - [0m16:55:30  4 of 4 START sql view model twitter_kafka_pyspark_test.my_second_dbt_model ..... [RUN]
[2023-06-22T16:55:31.263+0000] {subprocess.py:93} INFO - [0m16:55:31  1 of 4 OK created sql table model twitter_kafka_pyspark_test.distinct_data ..... [[32mCREATE TABLE (1.1k rows, 638.3 KiB processed)[0m in 4.31s]
[2023-06-22T16:55:31.971+0000] {subprocess.py:93} INFO - [0m16:55:31  4 of 4 OK created sql view model twitter_kafka_pyspark_test.my_second_dbt_model  [[32mCREATE VIEW (0 processed)[0m in 1.65s]
[2023-06-22T16:55:32.019+0000] {subprocess.py:93} INFO - [0m16:55:32
[2023-06-22T16:55:32.021+0000] {subprocess.py:93} INFO - [0m16:55:32  Finished running 3 table models, 1 view model in 0 hours 0 minutes and 5.96 seconds (5.96s).
[2023-06-22T16:55:32.041+0000] {subprocess.py:93} INFO - [0m16:55:32
[2023-06-22T16:55:32.043+0000] {subprocess.py:93} INFO - [0m16:55:32  [32mCompleted successfully[0m
[2023-06-22T16:55:32.044+0000] {subprocess.py:93} INFO - [0m16:55:32
[2023-06-22T16:55:32.045+0000] {subprocess.py:93} INFO - [0m16:55:32  Done. PASS=4 WARN=0 ERROR=0 SKIP=0 TOTAL=4
[2023-06-22T16:55:32.537+0000] {subprocess.py:97} INFO - Command exited with return code 0
[2023-06-22T16:55:32.563+0000] {taskinstance.py:1332} INFO - Marking task as SUCCESS. dag_id=showpulse_dbt_dag, task_id=dbt_run, execution_date=20230622T162805, start_date=20230622T165524, end_date=20230622T165532
[2023-06-22T16:55:32.597+0000] {local_task_job.py:212} INFO - Task exited with return code 0
[2023-06-22T16:55:32.611+0000] {taskinstance.py:2596} INFO - 0 downstream tasks scheduled from follow-on schedule check
