[2023-06-21T16:58:42.479+0000] {taskinstance.py:1090} INFO - Dependencies all met for dep_context=non-requeueable deps ti=<TaskInstance: showpulse_dbt_dag.dbt_run scheduled__2023-06-21T16:40:38.908356+00:00 [queued]>
[2023-06-21T16:58:42.484+0000] {taskinstance.py:1090} INFO - Dependencies all met for dep_context=requeueable deps ti=<TaskInstance: showpulse_dbt_dag.dbt_run scheduled__2023-06-21T16:40:38.908356+00:00 [queued]>
[2023-06-21T16:58:42.485+0000] {taskinstance.py:1288} INFO - 
--------------------------------------------------------------------------------
[2023-06-21T16:58:42.485+0000] {taskinstance.py:1289} INFO - Starting attempt 1 of 1
[2023-06-21T16:58:42.486+0000] {taskinstance.py:1290} INFO - 
--------------------------------------------------------------------------------
[2023-06-21T16:58:42.494+0000] {taskinstance.py:1309} INFO - Executing <Task(BashOperator): dbt_run> on 2023-06-21 16:40:38.908356+00:00
[2023-06-21T16:58:42.498+0000] {standard_task_runner.py:55} INFO - Started process 4960 to run task
[2023-06-21T16:58:42.501+0000] {standard_task_runner.py:82} INFO - Running: ['***', 'tasks', 'run', 'showpulse_dbt_dag', 'dbt_run', 'scheduled__2023-06-21T16:40:38.908356+00:00', '--job-id', '866', '--raw', '--subdir', 'DAGS_FOLDER/dbt_run.py', '--cfg-path', '/tmp/tmprw41fuy4']
[2023-06-21T16:58:42.502+0000] {standard_task_runner.py:83} INFO - Job 866: Subtask dbt_run
[2023-06-21T16:58:42.560+0000] {task_command.py:389} INFO - Running <TaskInstance: showpulse_dbt_dag.dbt_run scheduled__2023-06-21T16:40:38.908356+00:00 [running]> on host 62cfed75eae1
[2023-06-21T16:58:42.621+0000] {taskinstance.py:1518} INFO - Exporting the following env vars:
AIRFLOW_CTX_DAG_OWNER=nburkett
AIRFLOW_CTX_DAG_ID=showpulse_dbt_dag
AIRFLOW_CTX_TASK_ID=dbt_run
AIRFLOW_CTX_EXECUTION_DATE=2023-06-21T16:40:38.908356+00:00
AIRFLOW_CTX_TRY_NUMBER=1
AIRFLOW_CTX_DAG_RUN_ID=scheduled__2023-06-21T16:40:38.908356+00:00
[2023-06-21T16:58:42.622+0000] {subprocess.py:63} INFO - Tmp dir root location: 
 /tmp
[2023-06-21T16:58:42.623+0000] {subprocess.py:75} INFO - Running command: ['/bin/bash', '-c', 'cd /dbt/ticketmaster_transformation && dbt run']
[2023-06-21T16:58:42.631+0000] {subprocess.py:86} INFO - Output:
[2023-06-21T16:58:43.916+0000] {subprocess.py:93} INFO - [0m16:58:43  Running with dbt=1.5.1
[2023-06-21T16:58:44.552+0000] {subprocess.py:93} INFO - [0m16:58:44  Found 4 models, 0 tests, 0 snapshots, 0 analyses, 356 macros, 0 operations, 0 seed files, 3 sources, 0 exposures, 0 metrics, 0 groups
[2023-06-21T16:58:44.555+0000] {subprocess.py:93} INFO - [0m16:58:44
[2023-06-21T16:58:45.486+0000] {subprocess.py:93} INFO - [0m16:58:45  Concurrency: 4 threads (target='dev')
[2023-06-21T16:58:45.490+0000] {subprocess.py:93} INFO - [0m16:58:45
[2023-06-21T16:58:45.508+0000] {subprocess.py:93} INFO - [0m16:58:45  1 of 4 START sql table model twitter_kafka_pyspark_test.distinct_data .......... [RUN]
[2023-06-21T16:58:45.510+0000] {subprocess.py:93} INFO - [0m16:58:45  2 of 4 START sql table model twitter_kafka_pyspark_test.dm_events .............. [RUN]
[2023-06-21T16:58:45.513+0000] {subprocess.py:93} INFO - [0m16:58:45  3 of 4 START sql table model twitter_kafka_pyspark_test.my_first_dbt_model ..... [RUN]
[2023-06-21T16:59:03.173+0000] {subprocess.py:93} INFO - [0m16:59:03  3 of 4 OK created sql table model twitter_kafka_pyspark_test.my_first_dbt_model  [[32mCREATE TABLE (2.0 rows, 0 processed)[0m in 17.65s]
[2023-06-21T16:59:03.175+0000] {subprocess.py:93} INFO - [0m16:59:03  2 of 4 OK created sql table model twitter_kafka_pyspark_test.dm_events ......... [[32mCREATE TABLE (1.3k rows, 178.2 KiB processed)[0m in 17.65s]
[2023-06-21T16:59:03.180+0000] {subprocess.py:93} INFO - [0m16:59:03  4 of 4 START sql view model twitter_kafka_pyspark_test.my_second_dbt_model ..... [RUN]
[2023-06-21T16:59:04.098+0000] {subprocess.py:93} INFO - [0m16:59:04  1 of 4 OK created sql table model twitter_kafka_pyspark_test.distinct_data ..... [[32mCREATE TABLE (1.1k rows, 638.3 KiB processed)[0m in 18.58s]
[2023-06-21T17:51:15.185+0000] {local_task_job.py:277} WARNING - State of this instance has been externally set to failed. Terminating instance.
[2023-06-21T17:51:15.191+0000] {process_utils.py:133} INFO - Sending Signals.SIGTERM to group 4960. PIDs of all processes in the group: [4961, 4960]
[2023-06-21T17:51:15.191+0000] {process_utils.py:84} INFO - Sending the signal Signals.SIGTERM to group 4960
[2023-06-21T17:51:15.193+0000] {taskinstance.py:1488} ERROR - Received SIGTERM. Terminating subprocesses.
[2023-06-21T17:51:15.194+0000] {subprocess.py:104} INFO - Sending SIGTERM signal to process group
[2023-06-21T17:51:15.326+0000] {process_utils.py:79} INFO - Process psutil.Process(pid=4960, status='terminated', exitcode=0, started='16:58:41') (4960) terminated with exit code 0
[2023-06-21T17:51:15.383+0000] {process_utils.py:79} INFO - Process psutil.Process(pid=4961, status='terminated', started='16:58:41') (4961) terminated with exit code None
