[2023-06-23T02:40:21.475+0000] {taskinstance.py:1090} INFO - Dependencies all met for dep_context=non-requeueable deps ti=<TaskInstance: showpulse_dbt_dag.dbt_run scheduled__2023-06-23T02:39:17.887791+00:00 [queued]>
[2023-06-23T02:40:21.482+0000] {taskinstance.py:1090} INFO - Dependencies all met for dep_context=requeueable deps ti=<TaskInstance: showpulse_dbt_dag.dbt_run scheduled__2023-06-23T02:39:17.887791+00:00 [queued]>
[2023-06-23T02:40:21.483+0000] {taskinstance.py:1288} INFO - 
--------------------------------------------------------------------------------
[2023-06-23T02:40:21.483+0000] {taskinstance.py:1289} INFO - Starting attempt 1 of 1
[2023-06-23T02:40:21.484+0000] {taskinstance.py:1290} INFO - 
--------------------------------------------------------------------------------
[2023-06-23T02:40:21.492+0000] {taskinstance.py:1309} INFO - Executing <Task(BashOperator): dbt_run> on 2023-06-23 02:39:17.887791+00:00
[2023-06-23T02:40:21.496+0000] {standard_task_runner.py:55} INFO - Started process 26757 to run task
[2023-06-23T02:40:21.499+0000] {standard_task_runner.py:82} INFO - Running: ['***', 'tasks', 'run', 'showpulse_dbt_dag', 'dbt_run', 'scheduled__2023-06-23T02:39:17.887791+00:00', '--job-id', '2839', '--raw', '--subdir', 'DAGS_FOLDER/dbt_run.py', '--cfg-path', '/tmp/tmpqnj8xce9']
[2023-06-23T02:40:21.500+0000] {standard_task_runner.py:83} INFO - Job 2839: Subtask dbt_run
[2023-06-23T02:40:21.553+0000] {task_command.py:389} INFO - Running <TaskInstance: showpulse_dbt_dag.dbt_run scheduled__2023-06-23T02:39:17.887791+00:00 [running]> on host 62cfed75eae1
[2023-06-23T02:40:21.605+0000] {taskinstance.py:1518} INFO - Exporting the following env vars:
AIRFLOW_CTX_DAG_OWNER=nburkett
AIRFLOW_CTX_DAG_ID=showpulse_dbt_dag
AIRFLOW_CTX_TASK_ID=dbt_run
AIRFLOW_CTX_EXECUTION_DATE=2023-06-23T02:39:17.887791+00:00
AIRFLOW_CTX_TRY_NUMBER=1
AIRFLOW_CTX_DAG_RUN_ID=scheduled__2023-06-23T02:39:17.887791+00:00
[2023-06-23T02:40:21.607+0000] {subprocess.py:63} INFO - Tmp dir root location: 
 /tmp
[2023-06-23T02:40:21.607+0000] {subprocess.py:75} INFO - Running command: ['/bin/bash', '-c', 'cd /dbt/ticketmaster_transformation && dbt run']
[2023-06-23T02:40:21.616+0000] {subprocess.py:86} INFO - Output:
[2023-06-23T02:40:22.959+0000] {subprocess.py:93} INFO - [0m02:40:22  Running with dbt=1.5.1
[2023-06-23T02:40:23.551+0000] {subprocess.py:93} INFO - [0m02:40:23  Found 4 models, 0 tests, 0 snapshots, 0 analyses, 356 macros, 0 operations, 0 seed files, 3 sources, 0 exposures, 0 metrics, 0 groups
[2023-06-23T02:40:23.553+0000] {subprocess.py:93} INFO - [0m02:40:23
[2023-06-23T02:40:26.396+0000] {subprocess.py:93} INFO - [0m02:40:26  Concurrency: 4 threads (target='dev')
[2023-06-23T02:40:26.397+0000] {subprocess.py:93} INFO - [0m02:40:26
[2023-06-23T02:40:26.410+0000] {subprocess.py:93} INFO - [0m02:40:26  1 of 4 START sql table model twitter_kafka_pyspark_test.distinct_data .......... [RUN]
[2023-06-23T02:40:26.412+0000] {subprocess.py:93} INFO - [0m02:40:26  2 of 4 START sql table model twitter_kafka_pyspark_test.dm_events .............. [RUN]
[2023-06-23T02:40:26.414+0000] {subprocess.py:93} INFO - [0m02:40:26  3 of 4 START sql table model twitter_kafka_pyspark_test.my_first_dbt_model ..... [RUN]
[2023-06-23T02:40:28.865+0000] {subprocess.py:93} INFO - [0m02:40:28  3 of 4 OK created sql table model twitter_kafka_pyspark_test.my_first_dbt_model  [[32mCREATE TABLE (2.0 rows, 0 processed)[0m in 2.44s]
[2023-06-23T02:40:28.871+0000] {subprocess.py:93} INFO - [0m02:40:28  4 of 4 START sql view model twitter_kafka_pyspark_test.my_second_dbt_model ..... [RUN]
[2023-06-23T02:40:29.108+0000] {subprocess.py:93} INFO - [0m02:40:29  2 of 4 OK created sql table model twitter_kafka_pyspark_test.dm_events ......... [[32mCREATE TABLE (534.0 rows, 78.7 KiB processed)[0m in 2.69s]
[2023-06-23T02:40:29.178+0000] {subprocess.py:93} INFO - [0m02:40:29  1 of 4 OK created sql table model twitter_kafka_pyspark_test.distinct_data ..... [[32mCREATE TABLE (317.0 rows, 281.2 KiB processed)[0m in 2.76s]
[2023-06-23T02:40:29.611+0000] {subprocess.py:93} INFO - [0m02:40:29  4 of 4 OK created sql view model twitter_kafka_pyspark_test.my_second_dbt_model  [[32mCREATE VIEW (0 processed)[0m in 0.74s]
[2023-06-23T02:40:29.673+0000] {subprocess.py:93} INFO - [0m02:40:29
[2023-06-23T02:40:29.675+0000] {subprocess.py:93} INFO - [0m02:40:29  Finished running 3 table models, 1 view model in 0 hours 0 minutes and 6.12 seconds (6.12s).
[2023-06-23T02:40:29.698+0000] {subprocess.py:93} INFO - [0m02:40:29
[2023-06-23T02:40:29.701+0000] {subprocess.py:93} INFO - [0m02:40:29  [32mCompleted successfully[0m
[2023-06-23T02:40:29.702+0000] {subprocess.py:93} INFO - [0m02:40:29
[2023-06-23T02:40:29.704+0000] {subprocess.py:93} INFO - [0m02:40:29  Done. PASS=4 WARN=0 ERROR=0 SKIP=0 TOTAL=4
[2023-06-23T02:40:30.216+0000] {subprocess.py:97} INFO - Command exited with return code 0
[2023-06-23T02:40:30.246+0000] {taskinstance.py:1332} INFO - Marking task as SUCCESS. dag_id=showpulse_dbt_dag, task_id=dbt_run, execution_date=20230623T023917, start_date=20230623T024021, end_date=20230623T024030
[2023-06-23T02:40:30.296+0000] {local_task_job.py:212} INFO - Task exited with return code 0
[2023-06-23T02:40:30.337+0000] {taskinstance.py:2596} INFO - 0 downstream tasks scheduled from follow-on schedule check
