[2023-06-17T21:13:06.405+0000] {taskinstance.py:1090} INFO - Dependencies all met for dep_context=non-requeueable deps ti=<TaskInstance: showpulse_dbt_dag.ls manual__2023-06-17T21:11:58.487136+00:00 [queued]>
[2023-06-17T21:13:06.411+0000] {taskinstance.py:1090} INFO - Dependencies all met for dep_context=requeueable deps ti=<TaskInstance: showpulse_dbt_dag.ls manual__2023-06-17T21:11:58.487136+00:00 [queued]>
[2023-06-17T21:13:06.411+0000] {taskinstance.py:1288} INFO - 
--------------------------------------------------------------------------------
[2023-06-17T21:13:06.412+0000] {taskinstance.py:1289} INFO - Starting attempt 1 of 1
[2023-06-17T21:13:06.412+0000] {taskinstance.py:1290} INFO - 
--------------------------------------------------------------------------------
[2023-06-17T21:13:06.420+0000] {taskinstance.py:1309} INFO - Executing <Task(BashOperator): ls> on 2023-06-17 21:11:58.487136+00:00
[2023-06-17T21:13:06.424+0000] {standard_task_runner.py:55} INFO - Started process 123 to run task
[2023-06-17T21:13:06.427+0000] {standard_task_runner.py:82} INFO - Running: ['***', 'tasks', 'run', 'showpulse_dbt_dag', 'ls', 'manual__2023-06-17T21:11:58.487136+00:00', '--job-id', '267', '--raw', '--subdir', 'DAGS_FOLDER/dbt_run.py', '--cfg-path', '/tmp/tmpg9cc1n0d']
[2023-06-17T21:13:06.428+0000] {standard_task_runner.py:83} INFO - Job 267: Subtask ls
[2023-06-17T21:13:06.481+0000] {task_command.py:389} INFO - Running <TaskInstance: showpulse_dbt_dag.ls manual__2023-06-17T21:11:58.487136+00:00 [running]> on host 455b88ed834e
[2023-06-17T21:13:06.529+0000] {taskinstance.py:1518} INFO - Exporting the following env vars:
AIRFLOW_CTX_DAG_OWNER=nburkett
AIRFLOW_CTX_DAG_ID=showpulse_dbt_dag
AIRFLOW_CTX_TASK_ID=ls
AIRFLOW_CTX_EXECUTION_DATE=2023-06-17T21:11:58.487136+00:00
AIRFLOW_CTX_TRY_NUMBER=1
AIRFLOW_CTX_DAG_RUN_ID=manual__2023-06-17T21:11:58.487136+00:00
[2023-06-17T21:13:06.530+0000] {subprocess.py:63} INFO - Tmp dir root location: 
 /tmp
[2023-06-17T21:13:06.531+0000] {subprocess.py:75} INFO - Running command: ['/bin/bash', '-c', 'ls']
[2023-06-17T21:13:06.540+0000] {subprocess.py:86} INFO - Output:
[2023-06-17T21:13:06.544+0000] {subprocess.py:97} INFO - Command exited with return code 0
[2023-06-17T21:13:06.566+0000] {taskinstance.py:1332} INFO - Marking task as SUCCESS. dag_id=showpulse_dbt_dag, task_id=ls, execution_date=20230617T211158, start_date=20230617T211306, end_date=20230617T211306
[2023-06-17T21:13:06.599+0000] {local_task_job.py:212} INFO - Task exited with return code 0
[2023-06-17T21:13:06.618+0000] {taskinstance.py:2596} INFO - 0 downstream tasks scheduled from follow-on schedule check
