[2023-06-22T12:36:17.414+0000] {taskinstance.py:1090} INFO - Dependencies all met for dep_context=non-requeueable deps ti=<TaskInstance: showpulse_dbt_dag.dbt_run scheduled__2023-06-22T12:25:50.161695+00:00 [queued]>
[2023-06-22T12:36:17.421+0000] {taskinstance.py:1090} INFO - Dependencies all met for dep_context=requeueable deps ti=<TaskInstance: showpulse_dbt_dag.dbt_run scheduled__2023-06-22T12:25:50.161695+00:00 [queued]>
[2023-06-22T12:36:17.421+0000] {taskinstance.py:1288} INFO - 
--------------------------------------------------------------------------------
[2023-06-22T12:36:17.422+0000] {taskinstance.py:1289} INFO - Starting attempt 1 of 1
[2023-06-22T12:36:17.422+0000] {taskinstance.py:1290} INFO - 
--------------------------------------------------------------------------------
[2023-06-22T12:36:17.430+0000] {taskinstance.py:1309} INFO - Executing <Task(BashOperator): dbt_run> on 2023-06-22 12:25:50.161695+00:00
[2023-06-22T12:36:17.434+0000] {standard_task_runner.py:55} INFO - Started process 16206 to run task
[2023-06-22T12:36:17.437+0000] {standard_task_runner.py:82} INFO - Running: ['***', 'tasks', 'run', 'showpulse_dbt_dag', 'dbt_run', 'scheduled__2023-06-22T12:25:50.161695+00:00', '--job-id', '1878', '--raw', '--subdir', 'DAGS_FOLDER/dbt_run.py', '--cfg-path', '/tmp/tmp3936r_wm']
[2023-06-22T12:36:17.438+0000] {standard_task_runner.py:83} INFO - Job 1878: Subtask dbt_run
[2023-06-22T12:36:17.490+0000] {task_command.py:389} INFO - Running <TaskInstance: showpulse_dbt_dag.dbt_run scheduled__2023-06-22T12:25:50.161695+00:00 [running]> on host 62cfed75eae1
[2023-06-22T12:36:17.540+0000] {taskinstance.py:1518} INFO - Exporting the following env vars:
AIRFLOW_CTX_DAG_OWNER=nburkett
AIRFLOW_CTX_DAG_ID=showpulse_dbt_dag
AIRFLOW_CTX_TASK_ID=dbt_run
AIRFLOW_CTX_EXECUTION_DATE=2023-06-22T12:25:50.161695+00:00
AIRFLOW_CTX_TRY_NUMBER=1
AIRFLOW_CTX_DAG_RUN_ID=scheduled__2023-06-22T12:25:50.161695+00:00
[2023-06-22T12:36:17.541+0000] {subprocess.py:63} INFO - Tmp dir root location: 
 /tmp
[2023-06-22T12:36:17.542+0000] {subprocess.py:75} INFO - Running command: ['/bin/bash', '-c', 'cd /dbt/ticketmaster_transformation && dbt run']
[2023-06-22T12:36:17.551+0000] {subprocess.py:86} INFO - Output:
[2023-06-22T12:36:18.879+0000] {subprocess.py:93} INFO - [0m12:36:18  Running with dbt=1.5.1
[2023-06-22T12:36:19.372+0000] {subprocess.py:93} INFO - [0m12:36:19  Found 4 models, 0 tests, 0 snapshots, 0 analyses, 356 macros, 0 operations, 0 seed files, 3 sources, 0 exposures, 0 metrics, 0 groups
[2023-06-22T12:36:19.375+0000] {subprocess.py:93} INFO - [0m12:36:19
[2023-06-22T12:36:20.173+0000] {subprocess.py:93} INFO - [0m12:36:20  Concurrency: 4 threads (target='dev')
[2023-06-22T12:36:20.179+0000] {subprocess.py:93} INFO - [0m12:36:20
[2023-06-22T12:36:20.196+0000] {subprocess.py:93} INFO - [0m12:36:20  1 of 4 START sql table model twitter_kafka_pyspark_test.distinct_data .......... [RUN]
[2023-06-22T12:36:20.198+0000] {subprocess.py:93} INFO - [0m12:36:20  2 of 4 START sql table model twitter_kafka_pyspark_test.dm_events .............. [RUN]
[2023-06-22T12:36:20.200+0000] {subprocess.py:93} INFO - [0m12:36:20  3 of 4 START sql table model twitter_kafka_pyspark_test.my_first_dbt_model ..... [RUN]
[2023-06-22T12:36:23.004+0000] {subprocess.py:93} INFO - [0m12:36:23  3 of 4 OK created sql table model twitter_kafka_pyspark_test.my_first_dbt_model  [[32mCREATE TABLE (2.0 rows, 0 processed)[0m in 2.79s]
[2023-06-22T12:36:23.012+0000] {subprocess.py:93} INFO - [0m12:36:23  4 of 4 START sql view model twitter_kafka_pyspark_test.my_second_dbt_model ..... [RUN]
[2023-06-22T12:36:23.698+0000] {subprocess.py:93} INFO - [0m12:36:23  2 of 4 OK created sql table model twitter_kafka_pyspark_test.dm_events ......... [[32mCREATE TABLE (1.3k rows, 178.2 KiB processed)[0m in 3.49s]
[2023-06-22T12:36:24.210+0000] {subprocess.py:93} INFO - [0m12:36:24  4 of 4 OK created sql view model twitter_kafka_pyspark_test.my_second_dbt_model  [[32mCREATE VIEW (0 processed)[0m in 1.19s]
[2023-06-22T12:36:41.217+0000] {subprocess.py:93} INFO - [0m12:36:41  1 of 4 OK created sql table model twitter_kafka_pyspark_test.distinct_data ..... [[32mCREATE TABLE (1.1k rows, 638.3 KiB processed)[0m in 21.01s]
[2023-06-22T12:36:41.246+0000] {subprocess.py:93} INFO - [0m12:36:41
[2023-06-22T12:36:41.248+0000] {subprocess.py:93} INFO - [0m12:36:41  Finished running 3 table models, 1 view model in 0 hours 0 minutes and 21.87 seconds (21.87s).
[2023-06-22T12:36:41.284+0000] {subprocess.py:93} INFO - [0m12:36:41
[2023-06-22T12:36:41.285+0000] {subprocess.py:93} INFO - [0m12:36:41  [32mCompleted successfully[0m
[2023-06-22T12:36:41.286+0000] {subprocess.py:93} INFO - [0m12:36:41
[2023-06-22T12:36:41.287+0000] {subprocess.py:93} INFO - [0m12:36:41  Done. PASS=4 WARN=0 ERROR=0 SKIP=0 TOTAL=4
[2023-06-22T12:36:41.836+0000] {subprocess.py:97} INFO - Command exited with return code 0
[2023-06-22T12:36:41.879+0000] {taskinstance.py:1332} INFO - Marking task as SUCCESS. dag_id=showpulse_dbt_dag, task_id=dbt_run, execution_date=20230622T122550, start_date=20230622T123617, end_date=20230622T123641
[2023-06-22T12:36:41.923+0000] {local_task_job.py:212} INFO - Task exited with return code 0
[2023-06-22T12:36:41.952+0000] {taskinstance.py:2596} INFO - 0 downstream tasks scheduled from follow-on schedule check
