[2023-06-22T03:13:41.808+0000] {taskinstance.py:1090} INFO - Dependencies all met for dep_context=non-requeueable deps ti=<TaskInstance: showpulse_dbt_dag.pwd1 scheduled__2023-06-22T03:12:40.166554+00:00 [queued]>
[2023-06-22T03:13:41.814+0000] {taskinstance.py:1090} INFO - Dependencies all met for dep_context=requeueable deps ti=<TaskInstance: showpulse_dbt_dag.pwd1 scheduled__2023-06-22T03:12:40.166554+00:00 [queued]>
[2023-06-22T03:13:41.815+0000] {taskinstance.py:1288} INFO - 
--------------------------------------------------------------------------------
[2023-06-22T03:13:41.815+0000] {taskinstance.py:1289} INFO - Starting attempt 1 of 1
[2023-06-22T03:13:41.816+0000] {taskinstance.py:1290} INFO - 
--------------------------------------------------------------------------------
[2023-06-22T03:13:41.824+0000] {taskinstance.py:1309} INFO - Executing <Task(BashOperator): pwd1> on 2023-06-22 03:12:40.166554+00:00
[2023-06-22T03:13:41.827+0000] {standard_task_runner.py:55} INFO - Started process 15006 to run task
[2023-06-22T03:13:41.830+0000] {standard_task_runner.py:82} INFO - Running: ['***', 'tasks', 'run', 'showpulse_dbt_dag', 'pwd1', 'scheduled__2023-06-22T03:12:40.166554+00:00', '--job-id', '1747', '--raw', '--subdir', 'DAGS_FOLDER/dbt_run.py', '--cfg-path', '/tmp/tmpo2r_sboj']
[2023-06-22T03:13:41.831+0000] {standard_task_runner.py:83} INFO - Job 1747: Subtask pwd1
[2023-06-22T03:13:41.885+0000] {task_command.py:389} INFO - Running <TaskInstance: showpulse_dbt_dag.pwd1 scheduled__2023-06-22T03:12:40.166554+00:00 [running]> on host 62cfed75eae1
[2023-06-22T03:13:41.945+0000] {taskinstance.py:1518} INFO - Exporting the following env vars:
AIRFLOW_CTX_DAG_OWNER=nburkett
AIRFLOW_CTX_DAG_ID=showpulse_dbt_dag
AIRFLOW_CTX_TASK_ID=pwd1
AIRFLOW_CTX_EXECUTION_DATE=2023-06-22T03:12:40.166554+00:00
AIRFLOW_CTX_TRY_NUMBER=1
AIRFLOW_CTX_DAG_RUN_ID=scheduled__2023-06-22T03:12:40.166554+00:00
[2023-06-22T03:13:41.947+0000] {subprocess.py:63} INFO - Tmp dir root location: 
 /tmp
[2023-06-22T03:13:41.948+0000] {subprocess.py:75} INFO - Running command: ['/bin/bash', '-c', 'pwd && ls']
[2023-06-22T03:13:41.957+0000] {subprocess.py:86} INFO - Output:
[2023-06-22T03:13:41.963+0000] {subprocess.py:93} INFO - /tmp/***tmpwloslpfb
[2023-06-22T03:13:41.964+0000] {subprocess.py:97} INFO - Command exited with return code 0
[2023-06-22T03:13:41.990+0000] {taskinstance.py:1332} INFO - Marking task as SUCCESS. dag_id=showpulse_dbt_dag, task_id=pwd1, execution_date=20230622T031240, start_date=20230622T031341, end_date=20230622T031341
[2023-06-22T03:13:42.045+0000] {local_task_job.py:212} INFO - Task exited with return code 0
[2023-06-22T03:13:42.068+0000] {taskinstance.py:2596} INFO - 1 downstream tasks scheduled from follow-on schedule check
