[2023-06-21T04:19:01.997+0000] {taskinstance.py:1090} INFO - Dependencies all met for dep_context=non-requeueable deps ti=<TaskInstance: showpulse_dbt_dag.dbt_run scheduled__2023-06-21T04:17:58.119094+00:00 [queued]>
[2023-06-21T04:19:02.003+0000] {taskinstance.py:1090} INFO - Dependencies all met for dep_context=requeueable deps ti=<TaskInstance: showpulse_dbt_dag.dbt_run scheduled__2023-06-21T04:17:58.119094+00:00 [queued]>
[2023-06-21T04:19:02.004+0000] {taskinstance.py:1288} INFO - 
--------------------------------------------------------------------------------
[2023-06-21T04:19:02.004+0000] {taskinstance.py:1289} INFO - Starting attempt 1 of 1
[2023-06-21T04:19:02.005+0000] {taskinstance.py:1290} INFO - 
--------------------------------------------------------------------------------
[2023-06-21T04:19:02.012+0000] {taskinstance.py:1309} INFO - Executing <Task(BashOperator): dbt_run> on 2023-06-21 04:17:58.119094+00:00
[2023-06-21T04:19:02.016+0000] {standard_task_runner.py:55} INFO - Started process 2822 to run task
[2023-06-21T04:19:02.019+0000] {standard_task_runner.py:82} INFO - Running: ['***', 'tasks', 'run', 'showpulse_dbt_dag', 'dbt_run', 'scheduled__2023-06-21T04:17:58.119094+00:00', '--job-id', '634', '--raw', '--subdir', 'DAGS_FOLDER/dbt_run.py', '--cfg-path', '/tmp/tmpa29t4fpb']
[2023-06-21T04:19:02.020+0000] {standard_task_runner.py:83} INFO - Job 634: Subtask dbt_run
[2023-06-21T04:19:02.074+0000] {task_command.py:389} INFO - Running <TaskInstance: showpulse_dbt_dag.dbt_run scheduled__2023-06-21T04:17:58.119094+00:00 [running]> on host 62cfed75eae1
[2023-06-21T04:19:02.124+0000] {taskinstance.py:1518} INFO - Exporting the following env vars:
AIRFLOW_CTX_DAG_OWNER=nburkett
AIRFLOW_CTX_DAG_ID=showpulse_dbt_dag
AIRFLOW_CTX_TASK_ID=dbt_run
AIRFLOW_CTX_EXECUTION_DATE=2023-06-21T04:17:58.119094+00:00
AIRFLOW_CTX_TRY_NUMBER=1
AIRFLOW_CTX_DAG_RUN_ID=scheduled__2023-06-21T04:17:58.119094+00:00
[2023-06-21T04:19:02.125+0000] {subprocess.py:63} INFO - Tmp dir root location: 
 /tmp
[2023-06-21T04:19:02.126+0000] {subprocess.py:75} INFO - Running command: ['/bin/bash', '-c', 'cd /dbt/ticketmaster_transformation && dbt run']
[2023-06-21T04:19:02.134+0000] {subprocess.py:86} INFO - Output:
[2023-06-21T04:19:03.424+0000] {subprocess.py:93} INFO - [0m04:19:03  Running with dbt=1.5.1
[2023-06-21T04:19:03.927+0000] {subprocess.py:93} INFO - [0m04:19:03  Found 4 models, 0 tests, 0 snapshots, 0 analyses, 356 macros, 0 operations, 0 seed files, 3 sources, 0 exposures, 0 metrics, 0 groups
[2023-06-21T04:19:03.931+0000] {subprocess.py:93} INFO - [0m04:19:03
[2023-06-21T04:19:05.222+0000] {subprocess.py:93} INFO - [0m04:19:05  Concurrency: 4 threads (target='dev')
[2023-06-21T04:19:05.227+0000] {subprocess.py:93} INFO - [0m04:19:05
[2023-06-21T04:19:05.244+0000] {subprocess.py:93} INFO - [0m04:19:05  1 of 4 START sql table model twitter_kafka_pyspark_test.distinct_data .......... [RUN]
[2023-06-21T04:19:05.247+0000] {subprocess.py:93} INFO - [0m04:19:05  2 of 4 START sql table model twitter_kafka_pyspark_test.dm_events .............. [RUN]
[2023-06-21T04:19:05.250+0000] {subprocess.py:93} INFO - [0m04:19:05  3 of 4 START sql table model twitter_kafka_pyspark_test.my_first_dbt_model ..... [RUN]
[2023-06-21T04:19:08.702+0000] {subprocess.py:93} INFO - [0m04:19:08  3 of 4 OK created sql table model twitter_kafka_pyspark_test.my_first_dbt_model  [[32mCREATE TABLE (2.0 rows, 0 processed)[0m in 3.44s]
[2023-06-21T04:19:08.711+0000] {subprocess.py:93} INFO - [0m04:19:08  4 of 4 START sql view model twitter_kafka_pyspark_test.my_second_dbt_model ..... [RUN]
[2023-06-21T04:19:08.785+0000] {subprocess.py:93} INFO - [0m04:19:08  2 of 4 OK created sql table model twitter_kafka_pyspark_test.dm_events ......... [[32mCREATE TABLE (1.3k rows, 178.2 KiB processed)[0m in 3.52s]
[2023-06-21T04:35:15.584+0000] {local_task_job.py:277} WARNING - State of this instance has been externally set to failed. Terminating instance.
[2023-06-21T04:35:15.588+0000] {process_utils.py:133} INFO - Sending Signals.SIGTERM to group 2822. PIDs of all processes in the group: [2823, 2822]
[2023-06-21T04:35:15.589+0000] {process_utils.py:84} INFO - Sending the signal Signals.SIGTERM to group 2822
[2023-06-21T04:35:15.591+0000] {taskinstance.py:1488} ERROR - Received SIGTERM. Terminating subprocesses.
[2023-06-21T04:35:15.593+0000] {subprocess.py:104} INFO - Sending SIGTERM signal to process group
[2023-06-21T04:35:15.763+0000] {process_utils.py:79} INFO - Process psutil.Process(pid=2823, status='terminated', started='04:19:01') (2823) terminated with exit code None
[2023-06-21T04:35:15.765+0000] {process_utils.py:79} INFO - Process psutil.Process(pid=2822, status='terminated', exitcode=0, started='04:19:01') (2822) terminated with exit code 0
