[2023-06-21T19:11:59.298+0000] {taskinstance.py:1090} INFO - Dependencies all met for dep_context=non-requeueable deps ti=<TaskInstance: showpulse_dbt_dag.dbt_run scheduled__2023-06-21T19:10:55.189249+00:00 [queued]>
[2023-06-21T19:11:59.304+0000] {taskinstance.py:1090} INFO - Dependencies all met for dep_context=requeueable deps ti=<TaskInstance: showpulse_dbt_dag.dbt_run scheduled__2023-06-21T19:10:55.189249+00:00 [queued]>
[2023-06-21T19:11:59.305+0000] {taskinstance.py:1288} INFO - 
--------------------------------------------------------------------------------
[2023-06-21T19:11:59.306+0000] {taskinstance.py:1289} INFO - Starting attempt 1 of 1
[2023-06-21T19:11:59.306+0000] {taskinstance.py:1290} INFO - 
--------------------------------------------------------------------------------
[2023-06-21T19:11:59.314+0000] {taskinstance.py:1309} INFO - Executing <Task(BashOperator): dbt_run> on 2023-06-21 19:10:55.189249+00:00
[2023-06-21T19:11:59.318+0000] {standard_task_runner.py:55} INFO - Started process 5566 to run task
[2023-06-21T19:11:59.321+0000] {standard_task_runner.py:82} INFO - Running: ['***', 'tasks', 'run', 'showpulse_dbt_dag', 'dbt_run', 'scheduled__2023-06-21T19:10:55.189249+00:00', '--job-id', '934', '--raw', '--subdir', 'DAGS_FOLDER/dbt_run.py', '--cfg-path', '/tmp/tmp4464dnvs']
[2023-06-21T19:11:59.322+0000] {standard_task_runner.py:83} INFO - Job 934: Subtask dbt_run
[2023-06-21T19:11:59.372+0000] {task_command.py:389} INFO - Running <TaskInstance: showpulse_dbt_dag.dbt_run scheduled__2023-06-21T19:10:55.189249+00:00 [running]> on host 62cfed75eae1
[2023-06-21T19:11:59.422+0000] {taskinstance.py:1518} INFO - Exporting the following env vars:
AIRFLOW_CTX_DAG_OWNER=nburkett
AIRFLOW_CTX_DAG_ID=showpulse_dbt_dag
AIRFLOW_CTX_TASK_ID=dbt_run
AIRFLOW_CTX_EXECUTION_DATE=2023-06-21T19:10:55.189249+00:00
AIRFLOW_CTX_TRY_NUMBER=1
AIRFLOW_CTX_DAG_RUN_ID=scheduled__2023-06-21T19:10:55.189249+00:00
[2023-06-21T19:11:59.423+0000] {subprocess.py:63} INFO - Tmp dir root location: 
 /tmp
[2023-06-21T19:11:59.424+0000] {subprocess.py:75} INFO - Running command: ['/bin/bash', '-c', 'cd /dbt/ticketmaster_transformation && dbt run']
[2023-06-21T19:11:59.431+0000] {subprocess.py:86} INFO - Output:
[2023-06-21T19:12:00.715+0000] {subprocess.py:93} INFO - [0m19:12:00  Running with dbt=1.5.1
[2023-06-21T19:12:01.227+0000] {subprocess.py:93} INFO - [0m19:12:01  Found 4 models, 0 tests, 0 snapshots, 0 analyses, 356 macros, 0 operations, 0 seed files, 3 sources, 0 exposures, 0 metrics, 0 groups
[2023-06-21T19:12:01.229+0000] {subprocess.py:93} INFO - [0m19:12:01
[2023-06-21T19:12:01.969+0000] {subprocess.py:93} INFO - [0m19:12:01  Concurrency: 4 threads (target='dev')
[2023-06-21T19:12:01.972+0000] {subprocess.py:93} INFO - [0m19:12:01
[2023-06-21T19:12:01.990+0000] {subprocess.py:93} INFO - [0m19:12:01  1 of 4 START sql table model twitter_kafka_pyspark_test.distinct_data .......... [RUN]
[2023-06-21T19:12:01.993+0000] {subprocess.py:93} INFO - [0m19:12:01  2 of 4 START sql table model twitter_kafka_pyspark_test.dm_events .............. [RUN]
[2023-06-21T19:12:01.996+0000] {subprocess.py:93} INFO - [0m19:12:01  3 of 4 START sql table model twitter_kafka_pyspark_test.my_first_dbt_model ..... [RUN]
[2023-06-21T19:12:04.208+0000] {subprocess.py:93} INFO - [0m19:12:04  3 of 4 OK created sql table model twitter_kafka_pyspark_test.my_first_dbt_model  [[32mCREATE TABLE (2.0 rows, 0 processed)[0m in 2.20s]
[2023-06-21T19:12:04.209+0000] {subprocess.py:93} INFO - [0m19:12:04  2 of 4 OK created sql table model twitter_kafka_pyspark_test.dm_events ......... [[32mCREATE TABLE (1.3k rows, 178.2 KiB processed)[0m in 2.21s]
[2023-06-21T19:12:04.217+0000] {subprocess.py:93} INFO - [0m19:12:04  4 of 4 START sql view model twitter_kafka_pyspark_test.my_second_dbt_model ..... [RUN]
[2023-06-21T19:12:04.427+0000] {subprocess.py:93} INFO - [0m19:12:04  1 of 4 OK created sql table model twitter_kafka_pyspark_test.distinct_data ..... [[32mCREATE TABLE (1.1k rows, 638.3 KiB processed)[0m in 2.43s]
[2023-06-21T19:12:05.007+0000] {subprocess.py:93} INFO - [0m19:12:05  4 of 4 OK created sql view model twitter_kafka_pyspark_test.my_second_dbt_model  [[32mCREATE VIEW (0 processed)[0m in 0.79s]
[2023-06-21T19:12:05.029+0000] {subprocess.py:93} INFO - [0m19:12:05
[2023-06-21T19:12:05.030+0000] {subprocess.py:93} INFO - [0m19:12:05  Finished running 3 table models, 1 view model in 0 hours 0 minutes and 3.80 seconds (3.80s).
[2023-06-21T19:12:05.049+0000] {subprocess.py:93} INFO - [0m19:12:05
[2023-06-21T19:12:05.050+0000] {subprocess.py:93} INFO - [0m19:12:05  [32mCompleted successfully[0m
[2023-06-21T19:12:05.051+0000] {subprocess.py:93} INFO - [0m19:12:05
[2023-06-21T19:12:05.052+0000] {subprocess.py:93} INFO - [0m19:12:05  Done. PASS=4 WARN=0 ERROR=0 SKIP=0 TOTAL=4
[2023-06-21T19:12:05.452+0000] {subprocess.py:97} INFO - Command exited with return code 0
[2023-06-21T19:12:05.475+0000] {taskinstance.py:1332} INFO - Marking task as SUCCESS. dag_id=showpulse_dbt_dag, task_id=dbt_run, execution_date=20230621T191055, start_date=20230621T191159, end_date=20230621T191205
[2023-06-21T19:12:05.506+0000] {local_task_job.py:212} INFO - Task exited with return code 0
[2023-06-21T19:12:05.519+0000] {taskinstance.py:2596} INFO - 0 downstream tasks scheduled from follow-on schedule check
