[2023-06-22T19:10:35.805+0000] {taskinstance.py:1090} INFO - Dependencies all met for dep_context=non-requeueable deps ti=<TaskInstance: showpulse_dbt_dag.dbt_run scheduled__2023-06-22T19:09:31.781412+00:00 [queued]>
[2023-06-22T19:10:35.811+0000] {taskinstance.py:1090} INFO - Dependencies all met for dep_context=requeueable deps ti=<TaskInstance: showpulse_dbt_dag.dbt_run scheduled__2023-06-22T19:09:31.781412+00:00 [queued]>
[2023-06-22T19:10:35.812+0000] {taskinstance.py:1288} INFO - 
--------------------------------------------------------------------------------
[2023-06-22T19:10:35.812+0000] {taskinstance.py:1289} INFO - Starting attempt 1 of 1
[2023-06-22T19:10:35.813+0000] {taskinstance.py:1290} INFO - 
--------------------------------------------------------------------------------
[2023-06-22T19:10:35.821+0000] {taskinstance.py:1309} INFO - Executing <Task(BashOperator): dbt_run> on 2023-06-22 19:09:31.781412+00:00
[2023-06-22T19:10:35.824+0000] {standard_task_runner.py:55} INFO - Started process 17616 to run task
[2023-06-22T19:10:35.827+0000] {standard_task_runner.py:82} INFO - Running: ['***', 'tasks', 'run', 'showpulse_dbt_dag', 'dbt_run', 'scheduled__2023-06-22T19:09:31.781412+00:00', '--job-id', '2038', '--raw', '--subdir', 'DAGS_FOLDER/dbt_run.py', '--cfg-path', '/tmp/tmpqz9lblgm']
[2023-06-22T19:10:35.828+0000] {standard_task_runner.py:83} INFO - Job 2038: Subtask dbt_run
[2023-06-22T19:10:35.884+0000] {task_command.py:389} INFO - Running <TaskInstance: showpulse_dbt_dag.dbt_run scheduled__2023-06-22T19:09:31.781412+00:00 [running]> on host 62cfed75eae1
[2023-06-22T19:10:35.936+0000] {taskinstance.py:1518} INFO - Exporting the following env vars:
AIRFLOW_CTX_DAG_OWNER=nburkett
AIRFLOW_CTX_DAG_ID=showpulse_dbt_dag
AIRFLOW_CTX_TASK_ID=dbt_run
AIRFLOW_CTX_EXECUTION_DATE=2023-06-22T19:09:31.781412+00:00
AIRFLOW_CTX_TRY_NUMBER=1
AIRFLOW_CTX_DAG_RUN_ID=scheduled__2023-06-22T19:09:31.781412+00:00
[2023-06-22T19:10:35.938+0000] {subprocess.py:63} INFO - Tmp dir root location: 
 /tmp
[2023-06-22T19:10:35.939+0000] {subprocess.py:75} INFO - Running command: ['/bin/bash', '-c', 'cd /dbt/ticketmaster_transformation && dbt run']
[2023-06-22T19:10:35.947+0000] {subprocess.py:86} INFO - Output:
[2023-06-22T19:10:37.222+0000] {subprocess.py:93} INFO - [0m19:10:37  Running with dbt=1.5.1
[2023-06-22T19:10:37.745+0000] {subprocess.py:93} INFO - [0m19:10:37  Found 4 models, 0 tests, 0 snapshots, 0 analyses, 356 macros, 0 operations, 0 seed files, 3 sources, 0 exposures, 0 metrics, 0 groups
[2023-06-22T19:10:37.748+0000] {subprocess.py:93} INFO - [0m19:10:37
[2023-06-22T19:10:38.704+0000] {subprocess.py:93} INFO - [0m19:10:38  Concurrency: 4 threads (target='dev')
[2023-06-22T19:10:38.707+0000] {subprocess.py:93} INFO - [0m19:10:38
[2023-06-22T19:10:38.718+0000] {subprocess.py:93} INFO - [0m19:10:38  1 of 4 START sql table model twitter_kafka_pyspark_test.distinct_data .......... [RUN]
[2023-06-22T19:10:38.719+0000] {subprocess.py:93} INFO - [0m19:10:38  2 of 4 START sql table model twitter_kafka_pyspark_test.dm_events .............. [RUN]
[2023-06-22T19:10:38.721+0000] {subprocess.py:93} INFO - [0m19:10:38  3 of 4 START sql table model twitter_kafka_pyspark_test.my_first_dbt_model ..... [RUN]
[2023-06-22T19:26:42.950+0000] {subprocess.py:93} INFO - [0m19:26:42  3 of 4 ERROR creating sql table model twitter_kafka_pyspark_test.my_first_dbt_model  [[31mERROR[0m in 964.22s]
[2023-06-22T19:26:42.956+0000] {subprocess.py:93} INFO - [0m19:26:42  4 of 4 SKIP relation twitter_kafka_pyspark_test.my_second_dbt_model ............ [[33mSKIP[0m]
[2023-06-22T19:26:49.859+0000] {local_task_job.py:277} WARNING - State of this instance has been externally set to failed. Terminating instance.
[2023-06-22T19:26:49.863+0000] {process_utils.py:133} INFO - Sending Signals.SIGTERM to group 17616. PIDs of all processes in the group: [17617, 17616]
[2023-06-22T19:26:49.863+0000] {process_utils.py:84} INFO - Sending the signal Signals.SIGTERM to group 17616
[2023-06-22T19:26:49.864+0000] {taskinstance.py:1488} ERROR - Received SIGTERM. Terminating subprocesses.
[2023-06-22T19:26:49.865+0000] {subprocess.py:104} INFO - Sending SIGTERM signal to process group
[2023-06-22T19:26:49.965+0000] {process_utils.py:79} INFO - Process psutil.Process(pid=17616, status='terminated', exitcode=0, started='19:10:35') (17616) terminated with exit code 0
[2023-06-22T19:26:49.966+0000] {process_utils.py:79} INFO - Process psutil.Process(pid=17617, status='terminated', started='19:10:35') (17617) terminated with exit code None
