[2023-06-23T02:31:54.373+0000] {taskinstance.py:1090} INFO - Dependencies all met for dep_context=non-requeueable deps ti=<TaskInstance: showpulse_dbt_dag.dbt_change_dir scheduled__2023-06-23T02:30:52.899435+00:00 [queued]>
[2023-06-23T02:31:54.380+0000] {taskinstance.py:1090} INFO - Dependencies all met for dep_context=requeueable deps ti=<TaskInstance: showpulse_dbt_dag.dbt_change_dir scheduled__2023-06-23T02:30:52.899435+00:00 [queued]>
[2023-06-23T02:31:54.380+0000] {taskinstance.py:1288} INFO - 
--------------------------------------------------------------------------------
[2023-06-23T02:31:54.381+0000] {taskinstance.py:1289} INFO - Starting attempt 1 of 1
[2023-06-23T02:31:54.381+0000] {taskinstance.py:1290} INFO - 
--------------------------------------------------------------------------------
[2023-06-23T02:31:54.389+0000] {taskinstance.py:1309} INFO - Executing <Task(BashOperator): dbt_change_dir> on 2023-06-23 02:30:52.899435+00:00
[2023-06-23T02:31:54.393+0000] {standard_task_runner.py:55} INFO - Started process 26236 to run task
[2023-06-23T02:31:54.396+0000] {standard_task_runner.py:82} INFO - Running: ['***', 'tasks', 'run', 'showpulse_dbt_dag', 'dbt_change_dir', 'scheduled__2023-06-23T02:30:52.899435+00:00', '--job-id', '2796', '--raw', '--subdir', 'DAGS_FOLDER/dbt_run.py', '--cfg-path', '/tmp/tmprxhkkrzk']
[2023-06-23T02:31:54.397+0000] {standard_task_runner.py:83} INFO - Job 2796: Subtask dbt_change_dir
[2023-06-23T02:31:54.449+0000] {task_command.py:389} INFO - Running <TaskInstance: showpulse_dbt_dag.dbt_change_dir scheduled__2023-06-23T02:30:52.899435+00:00 [running]> on host 62cfed75eae1
[2023-06-23T02:31:54.507+0000] {taskinstance.py:1518} INFO - Exporting the following env vars:
AIRFLOW_CTX_DAG_OWNER=nburkett
AIRFLOW_CTX_DAG_ID=showpulse_dbt_dag
AIRFLOW_CTX_TASK_ID=dbt_change_dir
AIRFLOW_CTX_EXECUTION_DATE=2023-06-23T02:30:52.899435+00:00
AIRFLOW_CTX_TRY_NUMBER=1
AIRFLOW_CTX_DAG_RUN_ID=scheduled__2023-06-23T02:30:52.899435+00:00
[2023-06-23T02:31:54.509+0000] {subprocess.py:63} INFO - Tmp dir root location: 
 /tmp
[2023-06-23T02:31:54.511+0000] {subprocess.py:75} INFO - Running command: ['/bin/bash', '-c', 'cd /dbt/ticketmaster_transformation']
[2023-06-23T02:31:54.522+0000] {subprocess.py:86} INFO - Output:
[2023-06-23T02:31:54.525+0000] {subprocess.py:97} INFO - Command exited with return code 0
[2023-06-23T02:31:54.556+0000] {taskinstance.py:1332} INFO - Marking task as SUCCESS. dag_id=showpulse_dbt_dag, task_id=dbt_change_dir, execution_date=20230623T023052, start_date=20230623T023154, end_date=20230623T023154
[2023-06-23T02:31:54.608+0000] {local_task_job.py:212} INFO - Task exited with return code 0
[2023-06-23T02:31:54.635+0000] {taskinstance.py:2596} INFO - 1 downstream tasks scheduled from follow-on schedule check
