[2023-06-22T10:16:53.283+0000] {taskinstance.py:1090} INFO - Dependencies all met for dep_context=non-requeueable deps ti=<TaskInstance: showpulse_dbt_dag.dbt_run scheduled__2023-06-22T10:15:48.914716+00:00 [queued]>
[2023-06-22T10:16:53.290+0000] {taskinstance.py:1090} INFO - Dependencies all met for dep_context=requeueable deps ti=<TaskInstance: showpulse_dbt_dag.dbt_run scheduled__2023-06-22T10:15:48.914716+00:00 [queued]>
[2023-06-22T10:16:53.291+0000] {taskinstance.py:1288} INFO - 
--------------------------------------------------------------------------------
[2023-06-22T10:16:53.291+0000] {taskinstance.py:1289} INFO - Starting attempt 1 of 1
[2023-06-22T10:16:53.292+0000] {taskinstance.py:1290} INFO - 
--------------------------------------------------------------------------------
[2023-06-22T10:16:53.300+0000] {taskinstance.py:1309} INFO - Executing <Task(BashOperator): dbt_run> on 2023-06-22 10:15:48.914716+00:00
[2023-06-22T10:16:53.304+0000] {standard_task_runner.py:55} INFO - Started process 15943 to run task
[2023-06-22T10:16:53.308+0000] {standard_task_runner.py:82} INFO - Running: ['***', 'tasks', 'run', 'showpulse_dbt_dag', 'dbt_run', 'scheduled__2023-06-22T10:15:48.914716+00:00', '--job-id', '1850', '--raw', '--subdir', 'DAGS_FOLDER/dbt_run.py', '--cfg-path', '/tmp/tmpjnc105hb']
[2023-06-22T10:16:53.309+0000] {standard_task_runner.py:83} INFO - Job 1850: Subtask dbt_run
[2023-06-22T10:16:53.385+0000] {task_command.py:389} INFO - Running <TaskInstance: showpulse_dbt_dag.dbt_run scheduled__2023-06-22T10:15:48.914716+00:00 [running]> on host 62cfed75eae1
[2023-06-22T10:16:53.443+0000] {taskinstance.py:1518} INFO - Exporting the following env vars:
AIRFLOW_CTX_DAG_OWNER=nburkett
AIRFLOW_CTX_DAG_ID=showpulse_dbt_dag
AIRFLOW_CTX_TASK_ID=dbt_run
AIRFLOW_CTX_EXECUTION_DATE=2023-06-22T10:15:48.914716+00:00
AIRFLOW_CTX_TRY_NUMBER=1
AIRFLOW_CTX_DAG_RUN_ID=scheduled__2023-06-22T10:15:48.914716+00:00
[2023-06-22T10:16:53.445+0000] {subprocess.py:63} INFO - Tmp dir root location: 
 /tmp
[2023-06-22T10:16:53.446+0000] {subprocess.py:75} INFO - Running command: ['/bin/bash', '-c', 'cd /dbt/ticketmaster_transformation && dbt run']
[2023-06-22T10:16:53.455+0000] {subprocess.py:86} INFO - Output:
[2023-06-22T10:16:54.930+0000] {subprocess.py:93} INFO - [0m10:16:54  Running with dbt=1.5.1
[2023-06-22T10:16:55.539+0000] {subprocess.py:93} INFO - [0m10:16:55  Found 4 models, 0 tests, 0 snapshots, 0 analyses, 356 macros, 0 operations, 0 seed files, 3 sources, 0 exposures, 0 metrics, 0 groups
[2023-06-22T10:16:55.542+0000] {subprocess.py:93} INFO - [0m10:16:55
[2023-06-22T10:16:56.304+0000] {subprocess.py:93} INFO - [0m10:16:56  Concurrency: 4 threads (target='dev')
[2023-06-22T10:16:56.306+0000] {subprocess.py:93} INFO - [0m10:16:56
[2023-06-22T10:16:56.313+0000] {subprocess.py:93} INFO - [0m10:16:56  1 of 4 START sql table model twitter_kafka_pyspark_test.distinct_data .......... [RUN]
[2023-06-22T10:16:56.315+0000] {subprocess.py:93} INFO - [0m10:16:56  3 of 4 START sql table model twitter_kafka_pyspark_test.my_first_dbt_model ..... [RUN]
[2023-06-22T10:16:56.316+0000] {subprocess.py:93} INFO - [0m10:16:56  2 of 4 START sql table model twitter_kafka_pyspark_test.dm_events .............. [RUN]
[2023-06-22T10:17:00.312+0000] {subprocess.py:93} INFO - [0m10:17:00  2 of 4 OK created sql table model twitter_kafka_pyspark_test.dm_events ......... [[32mCREATE TABLE (1.3k rows, 178.2 KiB processed)[0m in 3.99s]
[2023-06-22T10:17:00.566+0000] {subprocess.py:93} INFO - [0m10:17:00  1 of 4 OK created sql table model twitter_kafka_pyspark_test.distinct_data ..... [[32mCREATE TABLE (1.1k rows, 638.3 KiB processed)[0m in 4.25s]
[2023-06-22T10:17:00.583+0000] {subprocess.py:93} INFO - [0m10:17:00  3 of 4 OK created sql table model twitter_kafka_pyspark_test.my_first_dbt_model  [[32mCREATE TABLE (2.0 rows, 0 processed)[0m in 4.26s]
[2023-06-22T10:17:00.590+0000] {subprocess.py:93} INFO - [0m10:17:00  4 of 4 START sql view model twitter_kafka_pyspark_test.my_second_dbt_model ..... [RUN]
[2023-06-22T10:17:01.528+0000] {subprocess.py:93} INFO - [0m10:17:01  4 of 4 OK created sql view model twitter_kafka_pyspark_test.my_second_dbt_model  [[32mCREATE VIEW (0 processed)[0m in 0.93s]
[2023-06-22T10:17:01.581+0000] {subprocess.py:93} INFO - [0m10:17:01
[2023-06-22T10:17:01.583+0000] {subprocess.py:93} INFO - [0m10:17:01  Finished running 3 table models, 1 view model in 0 hours 0 minutes and 6.04 seconds (6.04s).
[2023-06-22T10:17:01.610+0000] {subprocess.py:93} INFO - [0m10:17:01
[2023-06-22T10:17:01.611+0000] {subprocess.py:93} INFO - [0m10:17:01  [32mCompleted successfully[0m
[2023-06-22T10:17:01.613+0000] {subprocess.py:93} INFO - [0m10:17:01
[2023-06-22T10:17:01.614+0000] {subprocess.py:93} INFO - [0m10:17:01  Done. PASS=4 WARN=0 ERROR=0 SKIP=0 TOTAL=4
[2023-06-22T10:17:02.142+0000] {subprocess.py:97} INFO - Command exited with return code 0
[2023-06-22T10:17:02.166+0000] {taskinstance.py:1332} INFO - Marking task as SUCCESS. dag_id=showpulse_dbt_dag, task_id=dbt_run, execution_date=20230622T101548, start_date=20230622T101653, end_date=20230622T101702
[2023-06-22T10:17:02.210+0000] {local_task_job.py:212} INFO - Task exited with return code 0
[2023-06-22T10:17:02.225+0000] {taskinstance.py:2596} INFO - 0 downstream tasks scheduled from follow-on schedule check
