[2023-06-21T22:42:53.379+0000] {taskinstance.py:1090} INFO - Dependencies all met for dep_context=non-requeueable deps ti=<TaskInstance: showpulse_dbt_dag.dbt_run scheduled__2023-06-21T22:41:48.970543+00:00 [queued]>
[2023-06-21T22:42:53.385+0000] {taskinstance.py:1090} INFO - Dependencies all met for dep_context=requeueable deps ti=<TaskInstance: showpulse_dbt_dag.dbt_run scheduled__2023-06-21T22:41:48.970543+00:00 [queued]>
[2023-06-21T22:42:53.385+0000] {taskinstance.py:1288} INFO - 
--------------------------------------------------------------------------------
[2023-06-21T22:42:53.386+0000] {taskinstance.py:1289} INFO - Starting attempt 1 of 1
[2023-06-21T22:42:53.386+0000] {taskinstance.py:1290} INFO - 
--------------------------------------------------------------------------------
[2023-06-21T22:42:53.394+0000] {taskinstance.py:1309} INFO - Executing <Task(BashOperator): dbt_run> on 2023-06-21 22:41:48.970543+00:00
[2023-06-21T22:42:53.397+0000] {standard_task_runner.py:55} INFO - Started process 7074 to run task
[2023-06-21T22:42:53.401+0000] {standard_task_runner.py:82} INFO - Running: ['***', 'tasks', 'run', 'showpulse_dbt_dag', 'dbt_run', 'scheduled__2023-06-21T22:41:48.970543+00:00', '--job-id', '1098', '--raw', '--subdir', 'DAGS_FOLDER/dbt_run.py', '--cfg-path', '/tmp/tmpbdg52_sd']
[2023-06-21T22:42:53.401+0000] {standard_task_runner.py:83} INFO - Job 1098: Subtask dbt_run
[2023-06-21T22:42:53.455+0000] {task_command.py:389} INFO - Running <TaskInstance: showpulse_dbt_dag.dbt_run scheduled__2023-06-21T22:41:48.970543+00:00 [running]> on host 62cfed75eae1
[2023-06-21T22:42:53.505+0000] {taskinstance.py:1518} INFO - Exporting the following env vars:
AIRFLOW_CTX_DAG_OWNER=nburkett
AIRFLOW_CTX_DAG_ID=showpulse_dbt_dag
AIRFLOW_CTX_TASK_ID=dbt_run
AIRFLOW_CTX_EXECUTION_DATE=2023-06-21T22:41:48.970543+00:00
AIRFLOW_CTX_TRY_NUMBER=1
AIRFLOW_CTX_DAG_RUN_ID=scheduled__2023-06-21T22:41:48.970543+00:00
[2023-06-21T22:42:53.506+0000] {subprocess.py:63} INFO - Tmp dir root location: 
 /tmp
[2023-06-21T22:42:53.507+0000] {subprocess.py:75} INFO - Running command: ['/bin/bash', '-c', 'cd /dbt/ticketmaster_transformation && dbt run']
[2023-06-21T22:42:53.515+0000] {subprocess.py:86} INFO - Output:
[2023-06-21T22:42:54.737+0000] {subprocess.py:93} INFO - [0m22:42:54  Running with dbt=1.5.1
[2023-06-21T22:42:55.201+0000] {subprocess.py:93} INFO - [0m22:42:55  Found 4 models, 0 tests, 0 snapshots, 0 analyses, 356 macros, 0 operations, 0 seed files, 3 sources, 0 exposures, 0 metrics, 0 groups
[2023-06-21T22:42:55.203+0000] {subprocess.py:93} INFO - [0m22:42:55
[2023-06-21T22:42:56.118+0000] {subprocess.py:93} INFO - [0m22:42:56  Concurrency: 4 threads (target='dev')
[2023-06-21T22:42:56.121+0000] {subprocess.py:93} INFO - [0m22:42:56
[2023-06-21T22:42:56.137+0000] {subprocess.py:93} INFO - [0m22:42:56  1 of 4 START sql table model twitter_kafka_pyspark_test.distinct_data .......... [RUN]
[2023-06-21T22:42:56.139+0000] {subprocess.py:93} INFO - [0m22:42:56  2 of 4 START sql table model twitter_kafka_pyspark_test.dm_events .............. [RUN]
[2023-06-21T22:42:56.142+0000] {subprocess.py:93} INFO - [0m22:42:56  3 of 4 START sql table model twitter_kafka_pyspark_test.my_first_dbt_model ..... [RUN]
[2023-06-21T22:42:59.504+0000] {subprocess.py:93} INFO - [0m22:42:59  1 of 4 OK created sql table model twitter_kafka_pyspark_test.distinct_data ..... [[32mCREATE TABLE (1.1k rows, 638.3 KiB processed)[0m in 3.36s]
[2023-06-21T22:42:59.533+0000] {subprocess.py:93} INFO - [0m22:42:59  2 of 4 OK created sql table model twitter_kafka_pyspark_test.dm_events ......... [[32mCREATE TABLE (1.3k rows, 178.2 KiB processed)[0m in 3.39s]
[2023-06-21T22:42:59.598+0000] {subprocess.py:93} INFO - [0m22:42:59  3 of 4 OK created sql table model twitter_kafka_pyspark_test.my_first_dbt_model  [[32mCREATE TABLE (2.0 rows, 0 processed)[0m in 3.45s]
[2023-06-21T22:42:59.602+0000] {subprocess.py:93} INFO - [0m22:42:59  4 of 4 START sql view model twitter_kafka_pyspark_test.my_second_dbt_model ..... [RUN]
[2023-06-21T22:43:00.503+0000] {subprocess.py:93} INFO - [0m22:43:00  4 of 4 OK created sql view model twitter_kafka_pyspark_test.my_second_dbt_model  [[32mCREATE VIEW (0 processed)[0m in 0.89s]
[2023-06-21T22:43:00.582+0000] {subprocess.py:93} INFO - [0m22:43:00
[2023-06-21T22:43:00.585+0000] {subprocess.py:93} INFO - [0m22:43:00  Finished running 3 table models, 1 view model in 0 hours 0 minutes and 5.38 seconds (5.38s).
[2023-06-21T22:43:00.614+0000] {subprocess.py:93} INFO - [0m22:43:00
[2023-06-21T22:43:00.616+0000] {subprocess.py:93} INFO - [0m22:43:00  [32mCompleted successfully[0m
[2023-06-21T22:43:00.618+0000] {subprocess.py:93} INFO - [0m22:43:00
[2023-06-21T22:43:00.619+0000] {subprocess.py:93} INFO - [0m22:43:00  Done. PASS=4 WARN=0 ERROR=0 SKIP=0 TOTAL=4
[2023-06-21T22:43:01.071+0000] {subprocess.py:97} INFO - Command exited with return code 0
[2023-06-21T22:43:01.099+0000] {taskinstance.py:1332} INFO - Marking task as SUCCESS. dag_id=showpulse_dbt_dag, task_id=dbt_run, execution_date=20230621T224148, start_date=20230621T224253, end_date=20230621T224301
[2023-06-21T22:43:01.128+0000] {local_task_job.py:212} INFO - Task exited with return code 0
[2023-06-21T22:43:01.142+0000] {taskinstance.py:2596} INFO - 0 downstream tasks scheduled from follow-on schedule check
