[2023-06-21T19:27:02.565+0000] {taskinstance.py:1090} INFO - Dependencies all met for dep_context=non-requeueable deps ti=<TaskInstance: showpulse_dbt_dag.dbt_run scheduled__2023-06-21T19:16:46.622901+00:00 [queued]>
[2023-06-21T19:27:02.573+0000] {taskinstance.py:1090} INFO - Dependencies all met for dep_context=requeueable deps ti=<TaskInstance: showpulse_dbt_dag.dbt_run scheduled__2023-06-21T19:16:46.622901+00:00 [queued]>
[2023-06-21T19:27:02.573+0000] {taskinstance.py:1288} INFO - 
--------------------------------------------------------------------------------
[2023-06-21T19:27:02.574+0000] {taskinstance.py:1289} INFO - Starting attempt 1 of 1
[2023-06-21T19:27:02.575+0000] {taskinstance.py:1290} INFO - 
--------------------------------------------------------------------------------
[2023-06-21T19:27:02.584+0000] {taskinstance.py:1309} INFO - Executing <Task(BashOperator): dbt_run> on 2023-06-21 19:16:46.622901+00:00
[2023-06-21T19:27:02.589+0000] {standard_task_runner.py:55} INFO - Started process 5632 to run task
[2023-06-21T19:27:02.593+0000] {standard_task_runner.py:82} INFO - Running: ['***', 'tasks', 'run', 'showpulse_dbt_dag', 'dbt_run', 'scheduled__2023-06-21T19:16:46.622901+00:00', '--job-id', '942', '--raw', '--subdir', 'DAGS_FOLDER/dbt_run.py', '--cfg-path', '/tmp/tmpj6pcevw_']
[2023-06-21T19:27:02.594+0000] {standard_task_runner.py:83} INFO - Job 942: Subtask dbt_run
[2023-06-21T19:27:02.655+0000] {task_command.py:389} INFO - Running <TaskInstance: showpulse_dbt_dag.dbt_run scheduled__2023-06-21T19:16:46.622901+00:00 [running]> on host 62cfed75eae1
[2023-06-21T19:27:02.711+0000] {taskinstance.py:1518} INFO - Exporting the following env vars:
AIRFLOW_CTX_DAG_OWNER=nburkett
AIRFLOW_CTX_DAG_ID=showpulse_dbt_dag
AIRFLOW_CTX_TASK_ID=dbt_run
AIRFLOW_CTX_EXECUTION_DATE=2023-06-21T19:16:46.622901+00:00
AIRFLOW_CTX_TRY_NUMBER=1
AIRFLOW_CTX_DAG_RUN_ID=scheduled__2023-06-21T19:16:46.622901+00:00
[2023-06-21T19:27:02.712+0000] {subprocess.py:63} INFO - Tmp dir root location: 
 /tmp
[2023-06-21T19:27:02.713+0000] {subprocess.py:75} INFO - Running command: ['/bin/bash', '-c', 'cd /dbt/ticketmaster_transformation && dbt run']
[2023-06-21T19:27:02.721+0000] {subprocess.py:86} INFO - Output:
[2023-06-21T19:27:04.046+0000] {subprocess.py:93} INFO - [0m19:27:04  Running with dbt=1.5.1
[2023-06-21T19:27:04.527+0000] {subprocess.py:93} INFO - [0m19:27:04  Found 4 models, 0 tests, 0 snapshots, 0 analyses, 356 macros, 0 operations, 0 seed files, 3 sources, 0 exposures, 0 metrics, 0 groups
[2023-06-21T19:27:04.530+0000] {subprocess.py:93} INFO - [0m19:27:04
[2023-06-21T19:27:05.365+0000] {subprocess.py:93} INFO - [0m19:27:05  Concurrency: 4 threads (target='dev')
[2023-06-21T19:27:05.370+0000] {subprocess.py:93} INFO - [0m19:27:05
[2023-06-21T19:27:05.387+0000] {subprocess.py:93} INFO - [0m19:27:05  1 of 4 START sql table model twitter_kafka_pyspark_test.distinct_data .......... [RUN]
[2023-06-21T19:27:05.396+0000] {subprocess.py:93} INFO - [0m19:27:05  2 of 4 START sql table model twitter_kafka_pyspark_test.dm_events .............. [RUN]
[2023-06-21T19:27:05.399+0000] {subprocess.py:93} INFO - [0m19:27:05  3 of 4 START sql table model twitter_kafka_pyspark_test.my_first_dbt_model ..... [RUN]
[2023-06-21T19:27:22.686+0000] {subprocess.py:93} INFO - [0m19:27:22  1 of 4 OK created sql table model twitter_kafka_pyspark_test.distinct_data ..... [[32mCREATE TABLE (1.1k rows, 638.3 KiB processed)[0m in 17.28s]
[2023-06-21T19:27:24.212+0000] {subprocess.py:93} INFO - [0m19:27:24  2 of 4 OK created sql table model twitter_kafka_pyspark_test.dm_events ......... [[32mCREATE TABLE (1.3k rows, 178.2 KiB processed)[0m in 18.80s]
[2023-06-21T19:37:42.499+0000] {subprocess.py:93} INFO - [0m19:37:42  3 of 4 OK created sql table model twitter_kafka_pyspark_test.my_first_dbt_model  [[32mCREATE TABLE (2.0 rows, 0 processed)[0m in 637.09s]
[2023-06-21T19:37:42.508+0000] {subprocess.py:93} INFO - [0m19:37:42  4 of 4 START sql view model twitter_kafka_pyspark_test.my_second_dbt_model ..... [RUN]
[2023-06-21T19:37:50.623+0000] {subprocess.py:93} INFO - [0m19:37:50  4 of 4 OK created sql view model twitter_kafka_pyspark_test.my_second_dbt_model  [[32mCREATE VIEW (0 processed)[0m in 8.11s]
[2023-06-21T19:37:50.657+0000] {subprocess.py:93} INFO - [0m19:37:50
[2023-06-21T19:37:50.659+0000] {subprocess.py:93} INFO - [0m19:37:50  Finished running 3 table models, 1 view model in 0 hours 10 minutes and 46.13 seconds (646.13s).
[2023-06-21T19:37:50.677+0000] {subprocess.py:93} INFO - [0m19:37:50
[2023-06-21T19:37:50.681+0000] {subprocess.py:93} INFO - [0m19:37:50  [32mCompleted successfully[0m
[2023-06-21T19:37:50.683+0000] {subprocess.py:93} INFO - [0m19:37:50
[2023-06-21T19:37:50.685+0000] {subprocess.py:93} INFO - [0m19:37:50  Done. PASS=4 WARN=0 ERROR=0 SKIP=0 TOTAL=4
[2023-06-21T19:37:51.224+0000] {subprocess.py:97} INFO - Command exited with return code 0
[2023-06-21T19:37:51.258+0000] {taskinstance.py:1332} INFO - Marking task as SUCCESS. dag_id=showpulse_dbt_dag, task_id=dbt_run, execution_date=20230621T191646, start_date=20230621T192702, end_date=20230621T193751
[2023-06-21T19:37:51.318+0000] {local_task_job.py:212} INFO - Task exited with return code 0
[2023-06-21T19:37:51.345+0000] {taskinstance.py:2596} INFO - 0 downstream tasks scheduled from follow-on schedule check
