[2023-06-22T03:04:32.748+0000] {taskinstance.py:1090} INFO - Dependencies all met for dep_context=non-requeueable deps ti=<TaskInstance: showpulse_dbt_dag.dbt_run scheduled__2023-06-22T03:03:28.440116+00:00 [queued]>
[2023-06-22T03:04:32.754+0000] {taskinstance.py:1090} INFO - Dependencies all met for dep_context=requeueable deps ti=<TaskInstance: showpulse_dbt_dag.dbt_run scheduled__2023-06-22T03:03:28.440116+00:00 [queued]>
[2023-06-22T03:04:32.754+0000] {taskinstance.py:1288} INFO - 
--------------------------------------------------------------------------------
[2023-06-22T03:04:32.755+0000] {taskinstance.py:1289} INFO - Starting attempt 1 of 1
[2023-06-22T03:04:32.755+0000] {taskinstance.py:1290} INFO - 
--------------------------------------------------------------------------------
[2023-06-22T03:04:32.763+0000] {taskinstance.py:1309} INFO - Executing <Task(BashOperator): dbt_run> on 2023-06-22 03:03:28.440116+00:00
[2023-06-22T03:04:32.766+0000] {standard_task_runner.py:55} INFO - Started process 14611 to run task
[2023-06-22T03:04:32.770+0000] {standard_task_runner.py:82} INFO - Running: ['***', 'tasks', 'run', 'showpulse_dbt_dag', 'dbt_run', 'scheduled__2023-06-22T03:03:28.440116+00:00', '--job-id', '1714', '--raw', '--subdir', 'DAGS_FOLDER/dbt_run.py', '--cfg-path', '/tmp/tmpyg32ndqu']
[2023-06-22T03:04:32.771+0000] {standard_task_runner.py:83} INFO - Job 1714: Subtask dbt_run
[2023-06-22T03:04:32.824+0000] {task_command.py:389} INFO - Running <TaskInstance: showpulse_dbt_dag.dbt_run scheduled__2023-06-22T03:03:28.440116+00:00 [running]> on host 62cfed75eae1
[2023-06-22T03:04:32.874+0000] {taskinstance.py:1518} INFO - Exporting the following env vars:
AIRFLOW_CTX_DAG_OWNER=nburkett
AIRFLOW_CTX_DAG_ID=showpulse_dbt_dag
AIRFLOW_CTX_TASK_ID=dbt_run
AIRFLOW_CTX_EXECUTION_DATE=2023-06-22T03:03:28.440116+00:00
AIRFLOW_CTX_TRY_NUMBER=1
AIRFLOW_CTX_DAG_RUN_ID=scheduled__2023-06-22T03:03:28.440116+00:00
[2023-06-22T03:04:32.876+0000] {subprocess.py:63} INFO - Tmp dir root location: 
 /tmp
[2023-06-22T03:04:32.877+0000] {subprocess.py:75} INFO - Running command: ['/bin/bash', '-c', 'cd /dbt/ticketmaster_transformation && dbt run']
[2023-06-22T03:04:32.885+0000] {subprocess.py:86} INFO - Output:
[2023-06-22T03:04:34.114+0000] {subprocess.py:93} INFO - [0m03:04:34  Running with dbt=1.5.1
[2023-06-22T03:04:34.600+0000] {subprocess.py:93} INFO - [0m03:04:34  Found 4 models, 0 tests, 0 snapshots, 0 analyses, 356 macros, 0 operations, 0 seed files, 3 sources, 0 exposures, 0 metrics, 0 groups
[2023-06-22T03:04:34.603+0000] {subprocess.py:93} INFO - [0m03:04:34
[2023-06-22T03:04:35.192+0000] {subprocess.py:93} INFO - [0m03:04:35  Concurrency: 4 threads (target='dev')
[2023-06-22T03:04:35.194+0000] {subprocess.py:93} INFO - [0m03:04:35
[2023-06-22T03:04:35.204+0000] {subprocess.py:93} INFO - [0m03:04:35  1 of 4 START sql table model twitter_kafka_pyspark_test.distinct_data .......... [RUN]
[2023-06-22T03:04:35.205+0000] {subprocess.py:93} INFO - [0m03:04:35  3 of 4 START sql table model twitter_kafka_pyspark_test.my_first_dbt_model ..... [RUN]
[2023-06-22T03:04:35.206+0000] {subprocess.py:93} INFO - [0m03:04:35  2 of 4 START sql table model twitter_kafka_pyspark_test.dm_events .............. [RUN]
[2023-06-22T03:04:38.155+0000] {subprocess.py:93} INFO - [0m03:04:38  2 of 4 OK created sql table model twitter_kafka_pyspark_test.dm_events ......... [[32mCREATE TABLE (1.3k rows, 178.2 KiB processed)[0m in 2.94s]
[2023-06-22T03:04:38.157+0000] {subprocess.py:93} INFO - [0m03:04:38  3 of 4 OK created sql table model twitter_kafka_pyspark_test.my_first_dbt_model  [[32mCREATE TABLE (2.0 rows, 0 processed)[0m in 2.94s]
[2023-06-22T03:04:38.165+0000] {subprocess.py:93} INFO - [0m03:04:38  4 of 4 START sql view model twitter_kafka_pyspark_test.my_second_dbt_model ..... [RUN]
[2023-06-22T03:04:38.204+0000] {subprocess.py:93} INFO - [0m03:04:38  1 of 4 OK created sql table model twitter_kafka_pyspark_test.distinct_data ..... [[32mCREATE TABLE (1.1k rows, 638.3 KiB processed)[0m in 3.00s]
[2023-06-22T03:04:39.025+0000] {subprocess.py:93} INFO - [0m03:04:39  4 of 4 OK created sql view model twitter_kafka_pyspark_test.my_second_dbt_model  [[32mCREATE VIEW (0 processed)[0m in 0.85s]
[2023-06-22T03:04:39.063+0000] {subprocess.py:93} INFO - [0m03:04:39
[2023-06-22T03:04:39.066+0000] {subprocess.py:93} INFO - [0m03:04:39  Finished running 3 table models, 1 view model in 0 hours 0 minutes and 4.46 seconds (4.46s).
[2023-06-22T03:04:39.091+0000] {subprocess.py:93} INFO - [0m03:04:39
[2023-06-22T03:04:39.093+0000] {subprocess.py:93} INFO - [0m03:04:39  [32mCompleted successfully[0m
[2023-06-22T03:04:39.094+0000] {subprocess.py:93} INFO - [0m03:04:39
[2023-06-22T03:04:39.096+0000] {subprocess.py:93} INFO - [0m03:04:39  Done. PASS=4 WARN=0 ERROR=0 SKIP=0 TOTAL=4
[2023-06-22T03:04:39.510+0000] {subprocess.py:97} INFO - Command exited with return code 0
[2023-06-22T03:04:39.536+0000] {taskinstance.py:1332} INFO - Marking task as SUCCESS. dag_id=showpulse_dbt_dag, task_id=dbt_run, execution_date=20230622T030328, start_date=20230622T030432, end_date=20230622T030439
[2023-06-22T03:04:39.594+0000] {local_task_job.py:212} INFO - Task exited with return code 0
[2023-06-22T03:04:39.609+0000] {taskinstance.py:2596} INFO - 0 downstream tasks scheduled from follow-on schedule check
