[2023-06-22T00:33:23.382+0000] {taskinstance.py:1090} INFO - Dependencies all met for dep_context=non-requeueable deps ti=<TaskInstance: showpulse_dbt_dag.dbt_run scheduled__2023-06-22T00:32:19.542692+00:00 [queued]>
[2023-06-22T00:33:23.390+0000] {taskinstance.py:1090} INFO - Dependencies all met for dep_context=requeueable deps ti=<TaskInstance: showpulse_dbt_dag.dbt_run scheduled__2023-06-22T00:32:19.542692+00:00 [queued]>
[2023-06-22T00:33:23.390+0000] {taskinstance.py:1288} INFO - 
--------------------------------------------------------------------------------
[2023-06-22T00:33:23.391+0000] {taskinstance.py:1289} INFO - Starting attempt 1 of 1
[2023-06-22T00:33:23.391+0000] {taskinstance.py:1290} INFO - 
--------------------------------------------------------------------------------
[2023-06-22T00:33:23.400+0000] {taskinstance.py:1309} INFO - Executing <Task(BashOperator): dbt_run> on 2023-06-22 00:32:19.542692+00:00
[2023-06-22T00:33:23.404+0000] {standard_task_runner.py:55} INFO - Started process 10559 to run task
[2023-06-22T00:33:23.408+0000] {standard_task_runner.py:82} INFO - Running: ['***', 'tasks', 'run', 'showpulse_dbt_dag', 'dbt_run', 'scheduled__2023-06-22T00:32:19.542692+00:00', '--job-id', '1386', '--raw', '--subdir', 'DAGS_FOLDER/dbt_run.py', '--cfg-path', '/tmp/tmp8gb03kwr']
[2023-06-22T00:33:23.409+0000] {standard_task_runner.py:83} INFO - Job 1386: Subtask dbt_run
[2023-06-22T00:33:23.467+0000] {task_command.py:389} INFO - Running <TaskInstance: showpulse_dbt_dag.dbt_run scheduled__2023-06-22T00:32:19.542692+00:00 [running]> on host 62cfed75eae1
[2023-06-22T00:33:23.526+0000] {taskinstance.py:1518} INFO - Exporting the following env vars:
AIRFLOW_CTX_DAG_OWNER=nburkett
AIRFLOW_CTX_DAG_ID=showpulse_dbt_dag
AIRFLOW_CTX_TASK_ID=dbt_run
AIRFLOW_CTX_EXECUTION_DATE=2023-06-22T00:32:19.542692+00:00
AIRFLOW_CTX_TRY_NUMBER=1
AIRFLOW_CTX_DAG_RUN_ID=scheduled__2023-06-22T00:32:19.542692+00:00
[2023-06-22T00:33:23.527+0000] {subprocess.py:63} INFO - Tmp dir root location: 
 /tmp
[2023-06-22T00:33:23.528+0000] {subprocess.py:75} INFO - Running command: ['/bin/bash', '-c', 'cd /dbt/ticketmaster_transformation && dbt run']
[2023-06-22T00:33:23.537+0000] {subprocess.py:86} INFO - Output:
[2023-06-22T00:33:24.781+0000] {subprocess.py:93} INFO - [0m00:33:24  Running with dbt=1.5.1
[2023-06-22T00:33:25.313+0000] {subprocess.py:93} INFO - [0m00:33:25  Found 4 models, 0 tests, 0 snapshots, 0 analyses, 356 macros, 0 operations, 0 seed files, 3 sources, 0 exposures, 0 metrics, 0 groups
[2023-06-22T00:33:25.316+0000] {subprocess.py:93} INFO - [0m00:33:25
[2023-06-22T00:33:26.130+0000] {subprocess.py:93} INFO - [0m00:33:26  Concurrency: 4 threads (target='dev')
[2023-06-22T00:33:26.133+0000] {subprocess.py:93} INFO - [0m00:33:26
[2023-06-22T00:33:26.148+0000] {subprocess.py:93} INFO - [0m00:33:26  1 of 4 START sql table model twitter_kafka_pyspark_test.distinct_data .......... [RUN]
[2023-06-22T00:33:26.151+0000] {subprocess.py:93} INFO - [0m00:33:26  2 of 4 START sql table model twitter_kafka_pyspark_test.dm_events .............. [RUN]
[2023-06-22T00:33:26.153+0000] {subprocess.py:93} INFO - [0m00:33:26  3 of 4 START sql table model twitter_kafka_pyspark_test.my_first_dbt_model ..... [RUN]
[2023-06-22T00:33:29.138+0000] {subprocess.py:93} INFO - [0m00:33:29  1 of 4 OK created sql table model twitter_kafka_pyspark_test.distinct_data ..... [[32mCREATE TABLE (1.1k rows, 638.3 KiB processed)[0m in 2.97s]
[2023-06-22T00:33:29.143+0000] {subprocess.py:93} INFO - [0m00:33:29  2 of 4 OK created sql table model twitter_kafka_pyspark_test.dm_events ......... [[32mCREATE TABLE (1.3k rows, 178.2 KiB processed)[0m in 2.98s]
[2023-06-22T00:37:24.495+0000] {subprocess.py:93} INFO - [0m00:37:24  3 of 4 OK created sql table model twitter_kafka_pyspark_test.my_first_dbt_model  [[32mCREATE TABLE (2.0 rows, 0 processed)[0m in 238.33s]
[2023-06-22T00:37:24.502+0000] {subprocess.py:93} INFO - [0m00:37:24  4 of 4 START sql view model twitter_kafka_pyspark_test.my_second_dbt_model ..... [RUN]
[2023-06-22T00:37:25.711+0000] {subprocess.py:93} INFO - [0m00:37:25  4 of 4 OK created sql view model twitter_kafka_pyspark_test.my_second_dbt_model  [[32mCREATE VIEW (0 processed)[0m in 1.20s]
[2023-06-22T00:37:25.760+0000] {subprocess.py:93} INFO - [0m00:37:25
[2023-06-22T00:37:25.763+0000] {subprocess.py:93} INFO - [0m00:37:25  Finished running 3 table models, 1 view model in 0 hours 4 minutes and 0.44 seconds (240.44s).
[2023-06-22T00:37:25.792+0000] {subprocess.py:93} INFO - [0m00:37:25
[2023-06-22T00:37:25.794+0000] {subprocess.py:93} INFO - [0m00:37:25  [32mCompleted successfully[0m
[2023-06-22T00:37:25.795+0000] {subprocess.py:93} INFO - [0m00:37:25
[2023-06-22T00:37:25.797+0000] {subprocess.py:93} INFO - [0m00:37:25  Done. PASS=4 WARN=0 ERROR=0 SKIP=0 TOTAL=4
[2023-06-22T00:37:26.308+0000] {subprocess.py:97} INFO - Command exited with return code 0
[2023-06-22T00:37:26.341+0000] {taskinstance.py:1332} INFO - Marking task as SUCCESS. dag_id=showpulse_dbt_dag, task_id=dbt_run, execution_date=20230622T003219, start_date=20230622T003323, end_date=20230622T003726
[2023-06-22T00:37:26.381+0000] {local_task_job.py:212} INFO - Task exited with return code 0
[2023-06-22T00:37:26.400+0000] {taskinstance.py:2596} INFO - 0 downstream tasks scheduled from follow-on schedule check
