[2023-06-23T01:37:34.884+0000] {taskinstance.py:1090} INFO - Dependencies all met for dep_context=non-requeueable deps ti=<TaskInstance: showpulse_dbt_dag.dbt_run scheduled__2023-06-23T01:36:31.696804+00:00 [queued]>
[2023-06-23T01:37:34.891+0000] {taskinstance.py:1090} INFO - Dependencies all met for dep_context=requeueable deps ti=<TaskInstance: showpulse_dbt_dag.dbt_run scheduled__2023-06-23T01:36:31.696804+00:00 [queued]>
[2023-06-23T01:37:34.891+0000] {taskinstance.py:1288} INFO - 
--------------------------------------------------------------------------------
[2023-06-23T01:37:34.892+0000] {taskinstance.py:1289} INFO - Starting attempt 1 of 1
[2023-06-23T01:37:34.892+0000] {taskinstance.py:1290} INFO - 
--------------------------------------------------------------------------------
[2023-06-23T01:37:34.900+0000] {taskinstance.py:1309} INFO - Executing <Task(BashOperator): dbt_run> on 2023-06-23 01:36:31.696804+00:00
[2023-06-23T01:37:34.904+0000] {standard_task_runner.py:55} INFO - Started process 23492 to run task
[2023-06-23T01:37:34.907+0000] {standard_task_runner.py:82} INFO - Running: ['***', 'tasks', 'run', 'showpulse_dbt_dag', 'dbt_run', 'scheduled__2023-06-23T01:36:31.696804+00:00', '--job-id', '2578', '--raw', '--subdir', 'DAGS_FOLDER/dbt_run.py', '--cfg-path', '/tmp/tmptff6_b29']
[2023-06-23T01:37:34.908+0000] {standard_task_runner.py:83} INFO - Job 2578: Subtask dbt_run
[2023-06-23T01:37:34.961+0000] {task_command.py:389} INFO - Running <TaskInstance: showpulse_dbt_dag.dbt_run scheduled__2023-06-23T01:36:31.696804+00:00 [running]> on host 62cfed75eae1
[2023-06-23T01:37:35.010+0000] {taskinstance.py:1518} INFO - Exporting the following env vars:
AIRFLOW_CTX_DAG_OWNER=nburkett
AIRFLOW_CTX_DAG_ID=showpulse_dbt_dag
AIRFLOW_CTX_TASK_ID=dbt_run
AIRFLOW_CTX_EXECUTION_DATE=2023-06-23T01:36:31.696804+00:00
AIRFLOW_CTX_TRY_NUMBER=1
AIRFLOW_CTX_DAG_RUN_ID=scheduled__2023-06-23T01:36:31.696804+00:00
[2023-06-23T01:37:35.011+0000] {subprocess.py:63} INFO - Tmp dir root location: 
 /tmp
[2023-06-23T01:37:35.012+0000] {subprocess.py:75} INFO - Running command: ['/bin/bash', '-c', 'cd /dbt/ticketmaster_transformation && dbt run']
[2023-06-23T01:37:35.022+0000] {subprocess.py:86} INFO - Output:
[2023-06-23T01:37:36.442+0000] {subprocess.py:93} INFO - [0m01:37:36  Running with dbt=1.5.1
[2023-06-23T01:37:36.984+0000] {subprocess.py:93} INFO - [0m01:37:36  Found 4 models, 0 tests, 0 snapshots, 0 analyses, 356 macros, 0 operations, 0 seed files, 3 sources, 0 exposures, 0 metrics, 0 groups
[2023-06-23T01:37:36.987+0000] {subprocess.py:93} INFO - [0m01:37:36
[2023-06-23T01:37:37.877+0000] {subprocess.py:93} INFO - [0m01:37:37  Concurrency: 4 threads (target='dev')
[2023-06-23T01:37:37.879+0000] {subprocess.py:93} INFO - [0m01:37:37
[2023-06-23T01:37:37.886+0000] {subprocess.py:93} INFO - [0m01:37:37  1 of 4 START sql table model twitter_kafka_pyspark_test.distinct_data .......... [RUN]
[2023-06-23T01:37:37.888+0000] {subprocess.py:93} INFO - [0m01:37:37  2 of 4 START sql table model twitter_kafka_pyspark_test.dm_events .............. [RUN]
[2023-06-23T01:37:37.889+0000] {subprocess.py:93} INFO - [0m01:37:37  3 of 4 START sql table model twitter_kafka_pyspark_test.my_first_dbt_model ..... [RUN]
[2023-06-23T01:37:40.442+0000] {subprocess.py:93} INFO - [0m01:37:40  3 of 4 OK created sql table model twitter_kafka_pyspark_test.my_first_dbt_model  [[32mCREATE TABLE (2.0 rows, 0 processed)[0m in 2.55s]
[2023-06-23T01:37:40.447+0000] {subprocess.py:93} INFO - [0m01:37:40  4 of 4 START sql view model twitter_kafka_pyspark_test.my_second_dbt_model ..... [RUN]
[2023-06-23T01:37:40.856+0000] {subprocess.py:93} INFO - [0m01:37:40  2 of 4 OK created sql table model twitter_kafka_pyspark_test.dm_events ......... [[32mCREATE TABLE (0.0 rows, 0 processed)[0m in 2.96s]
[2023-06-23T01:37:40.883+0000] {subprocess.py:93} INFO - [0m01:37:40  1 of 4 OK created sql table model twitter_kafka_pyspark_test.distinct_data ..... [[32mCREATE TABLE (0.0 rows, 0 processed)[0m in 2.99s]
[2023-06-23T01:37:41.288+0000] {subprocess.py:93} INFO - [0m01:37:41  4 of 4 OK created sql view model twitter_kafka_pyspark_test.my_second_dbt_model  [[32mCREATE VIEW (0 processed)[0m in 0.84s]
[2023-06-23T01:37:41.375+0000] {subprocess.py:93} INFO - [0m01:37:41
[2023-06-23T01:37:41.377+0000] {subprocess.py:93} INFO - [0m01:37:41  Finished running 3 table models, 1 view model in 0 hours 0 minutes and 4.39 seconds (4.39s).
[2023-06-23T01:37:41.398+0000] {subprocess.py:93} INFO - [0m01:37:41
[2023-06-23T01:37:41.400+0000] {subprocess.py:93} INFO - [0m01:37:41  [32mCompleted successfully[0m
[2023-06-23T01:37:41.401+0000] {subprocess.py:93} INFO - [0m01:37:41
[2023-06-23T01:37:41.403+0000] {subprocess.py:93} INFO - [0m01:37:41  Done. PASS=4 WARN=0 ERROR=0 SKIP=0 TOTAL=4
[2023-06-23T01:37:41.897+0000] {subprocess.py:97} INFO - Command exited with return code 0
[2023-06-23T01:37:41.923+0000] {taskinstance.py:1332} INFO - Marking task as SUCCESS. dag_id=showpulse_dbt_dag, task_id=dbt_run, execution_date=20230623T013631, start_date=20230623T013734, end_date=20230623T013741
[2023-06-23T01:37:41.952+0000] {local_task_job.py:212} INFO - Task exited with return code 0
[2023-06-23T01:37:41.966+0000] {taskinstance.py:2596} INFO - 0 downstream tasks scheduled from follow-on schedule check
