[2023-06-23T01:42:35.454+0000] {taskinstance.py:1090} INFO - Dependencies all met for dep_context=non-requeueable deps ti=<TaskInstance: showpulse_dbt_dag.dbt_run scheduled__2023-06-23T01:41:31.696804+00:00 [queued]>
[2023-06-23T01:42:35.461+0000] {taskinstance.py:1090} INFO - Dependencies all met for dep_context=requeueable deps ti=<TaskInstance: showpulse_dbt_dag.dbt_run scheduled__2023-06-23T01:41:31.696804+00:00 [queued]>
[2023-06-23T01:42:35.462+0000] {taskinstance.py:1288} INFO - 
--------------------------------------------------------------------------------
[2023-06-23T01:42:35.462+0000] {taskinstance.py:1289} INFO - Starting attempt 1 of 1
[2023-06-23T01:42:35.463+0000] {taskinstance.py:1290} INFO - 
--------------------------------------------------------------------------------
[2023-06-23T01:42:35.472+0000] {taskinstance.py:1309} INFO - Executing <Task(BashOperator): dbt_run> on 2023-06-23 01:41:31.696804+00:00
[2023-06-23T01:42:35.476+0000] {standard_task_runner.py:55} INFO - Started process 23736 to run task
[2023-06-23T01:42:35.479+0000] {standard_task_runner.py:82} INFO - Running: ['***', 'tasks', 'run', 'showpulse_dbt_dag', 'dbt_run', 'scheduled__2023-06-23T01:41:31.696804+00:00', '--job-id', '2598', '--raw', '--subdir', 'DAGS_FOLDER/dbt_run.py', '--cfg-path', '/tmp/tmplv47g_b_']
[2023-06-23T01:42:35.480+0000] {standard_task_runner.py:83} INFO - Job 2598: Subtask dbt_run
[2023-06-23T01:42:35.539+0000] {task_command.py:389} INFO - Running <TaskInstance: showpulse_dbt_dag.dbt_run scheduled__2023-06-23T01:41:31.696804+00:00 [running]> on host 62cfed75eae1
[2023-06-23T01:42:35.604+0000] {taskinstance.py:1518} INFO - Exporting the following env vars:
AIRFLOW_CTX_DAG_OWNER=nburkett
AIRFLOW_CTX_DAG_ID=showpulse_dbt_dag
AIRFLOW_CTX_TASK_ID=dbt_run
AIRFLOW_CTX_EXECUTION_DATE=2023-06-23T01:41:31.696804+00:00
AIRFLOW_CTX_TRY_NUMBER=1
AIRFLOW_CTX_DAG_RUN_ID=scheduled__2023-06-23T01:41:31.696804+00:00
[2023-06-23T01:42:35.606+0000] {subprocess.py:63} INFO - Tmp dir root location: 
 /tmp
[2023-06-23T01:42:35.607+0000] {subprocess.py:75} INFO - Running command: ['/bin/bash', '-c', 'cd /dbt/ticketmaster_transformation && dbt run']
[2023-06-23T01:42:35.624+0000] {subprocess.py:86} INFO - Output:
[2023-06-23T01:42:37.315+0000] {subprocess.py:93} INFO - [0m01:42:37  Running with dbt=1.5.1
[2023-06-23T01:42:37.848+0000] {subprocess.py:93} INFO - [0m01:42:37  Found 4 models, 0 tests, 0 snapshots, 0 analyses, 356 macros, 0 operations, 0 seed files, 3 sources, 0 exposures, 0 metrics, 0 groups
[2023-06-23T01:42:37.851+0000] {subprocess.py:93} INFO - [0m01:42:37
[2023-06-23T01:42:38.628+0000] {subprocess.py:93} INFO - [0m01:42:38  Concurrency: 4 threads (target='dev')
[2023-06-23T01:42:38.631+0000] {subprocess.py:93} INFO - [0m01:42:38
[2023-06-23T01:42:38.646+0000] {subprocess.py:93} INFO - [0m01:42:38  1 of 4 START sql table model twitter_kafka_pyspark_test.distinct_data .......... [RUN]
[2023-06-23T01:42:38.648+0000] {subprocess.py:93} INFO - [0m01:42:38  2 of 4 START sql table model twitter_kafka_pyspark_test.dm_events .............. [RUN]
[2023-06-23T01:42:38.651+0000] {subprocess.py:93} INFO - [0m01:42:38  3 of 4 START sql table model twitter_kafka_pyspark_test.my_first_dbt_model ..... [RUN]
[2023-06-23T01:42:41.038+0000] {subprocess.py:93} INFO - [0m01:42:41  3 of 4 OK created sql table model twitter_kafka_pyspark_test.my_first_dbt_model  [[32mCREATE TABLE (2.0 rows, 0 processed)[0m in 2.37s]
[2023-06-23T01:42:41.044+0000] {subprocess.py:93} INFO - [0m01:42:41  4 of 4 START sql view model twitter_kafka_pyspark_test.my_second_dbt_model ..... [RUN]
[2023-06-23T01:42:41.223+0000] {subprocess.py:93} INFO - [0m01:42:41  1 of 4 OK created sql table model twitter_kafka_pyspark_test.distinct_data ..... [[32mCREATE TABLE (0.0 rows, 0 processed)[0m in 2.57s]
[2023-06-23T01:42:41.290+0000] {subprocess.py:93} INFO - [0m01:42:41  2 of 4 OK created sql table model twitter_kafka_pyspark_test.dm_events ......... [[32mCREATE TABLE (0.0 rows, 0 processed)[0m in 2.63s]
[2023-06-23T01:42:42.075+0000] {subprocess.py:93} INFO - [0m01:42:42  4 of 4 OK created sql view model twitter_kafka_pyspark_test.my_second_dbt_model  [[32mCREATE VIEW (0 processed)[0m in 1.02s]
[2023-06-23T01:42:42.092+0000] {subprocess.py:93} INFO - [0m01:42:42
[2023-06-23T01:42:42.094+0000] {subprocess.py:93} INFO - [0m01:42:42  Finished running 3 table models, 1 view model in 0 hours 0 minutes and 4.24 seconds (4.24s).
[2023-06-23T01:42:42.121+0000] {subprocess.py:93} INFO - [0m01:42:42
[2023-06-23T01:42:42.122+0000] {subprocess.py:93} INFO - [0m01:42:42  [32mCompleted successfully[0m
[2023-06-23T01:42:42.124+0000] {subprocess.py:93} INFO - [0m01:42:42
[2023-06-23T01:42:42.125+0000] {subprocess.py:93} INFO - [0m01:42:42  Done. PASS=4 WARN=0 ERROR=0 SKIP=0 TOTAL=4
[2023-06-23T01:42:42.584+0000] {subprocess.py:97} INFO - Command exited with return code 0
[2023-06-23T01:42:42.611+0000] {taskinstance.py:1332} INFO - Marking task as SUCCESS. dag_id=showpulse_dbt_dag, task_id=dbt_run, execution_date=20230623T014131, start_date=20230623T014235, end_date=20230623T014242
[2023-06-23T01:42:42.646+0000] {local_task_job.py:212} INFO - Task exited with return code 0
[2023-06-23T01:42:42.661+0000] {taskinstance.py:2596} INFO - 0 downstream tasks scheduled from follow-on schedule check
