[2023-06-22T23:10:25.810+0000] {taskinstance.py:1090} INFO - Dependencies all met for dep_context=non-requeueable deps ti=<TaskInstance: showpulse_dbt_dag.pwd1 scheduled__2023-06-22T23:07:00.837647+00:00 [queued]>
[2023-06-22T23:10:25.820+0000] {taskinstance.py:1090} INFO - Dependencies all met for dep_context=requeueable deps ti=<TaskInstance: showpulse_dbt_dag.pwd1 scheduled__2023-06-22T23:07:00.837647+00:00 [queued]>
[2023-06-22T23:10:25.821+0000] {taskinstance.py:1288} INFO - 
--------------------------------------------------------------------------------
[2023-06-22T23:10:25.824+0000] {taskinstance.py:1289} INFO - Starting attempt 1 of 1
[2023-06-22T23:10:25.824+0000] {taskinstance.py:1290} INFO - 
--------------------------------------------------------------------------------
[2023-06-22T23:10:25.837+0000] {taskinstance.py:1309} INFO - Executing <Task(BashOperator): pwd1> on 2023-06-22 23:07:00.837647+00:00
[2023-06-22T23:10:25.842+0000] {standard_task_runner.py:55} INFO - Started process 19024 to run task
[2023-06-22T23:10:25.849+0000] {standard_task_runner.py:82} INFO - Running: ['***', 'tasks', 'run', 'showpulse_dbt_dag', 'pwd1', 'scheduled__2023-06-22T23:07:00.837647+00:00', '--job-id', '2191', '--raw', '--subdir', 'DAGS_FOLDER/dbt_run.py', '--cfg-path', '/tmp/tmp_fcmd5qk']
[2023-06-22T23:10:25.856+0000] {standard_task_runner.py:83} INFO - Job 2191: Subtask pwd1
[2023-06-22T23:10:26.031+0000] {task_command.py:389} INFO - Running <TaskInstance: showpulse_dbt_dag.pwd1 scheduled__2023-06-22T23:07:00.837647+00:00 [running]> on host 62cfed75eae1
[2023-06-22T23:10:26.123+0000] {taskinstance.py:1518} INFO - Exporting the following env vars:
AIRFLOW_CTX_DAG_OWNER=nburkett
AIRFLOW_CTX_DAG_ID=showpulse_dbt_dag
AIRFLOW_CTX_TASK_ID=pwd1
AIRFLOW_CTX_EXECUTION_DATE=2023-06-22T23:07:00.837647+00:00
AIRFLOW_CTX_TRY_NUMBER=1
AIRFLOW_CTX_DAG_RUN_ID=scheduled__2023-06-22T23:07:00.837647+00:00
[2023-06-22T23:10:26.125+0000] {subprocess.py:63} INFO - Tmp dir root location: 
 /tmp
[2023-06-22T23:10:26.126+0000] {subprocess.py:75} INFO - Running command: ['/bin/bash', '-c', 'pwd && ls']
[2023-06-22T23:10:26.139+0000] {subprocess.py:86} INFO - Output:
[2023-06-22T23:10:26.143+0000] {subprocess.py:93} INFO - /tmp/***tmppatd79m5
[2023-06-22T23:10:26.146+0000] {subprocess.py:97} INFO - Command exited with return code 0
[2023-06-22T23:10:26.175+0000] {taskinstance.py:1332} INFO - Marking task as SUCCESS. dag_id=showpulse_dbt_dag, task_id=pwd1, execution_date=20230622T230700, start_date=20230622T231025, end_date=20230622T231026
[2023-06-22T23:10:26.228+0000] {local_task_job.py:212} INFO - Task exited with return code 0
[2023-06-22T23:10:26.254+0000] {taskinstance.py:2596} INFO - 1 downstream tasks scheduled from follow-on schedule check
