[2023-06-23T02:17:32.474+0000] {taskinstance.py:1090} INFO - Dependencies all met for dep_context=non-requeueable deps ti=<TaskInstance: showpulse_dbt_dag.pwd1 scheduled__2023-06-23T02:16:31.696804+00:00 [queued]>
[2023-06-23T02:17:32.482+0000] {taskinstance.py:1090} INFO - Dependencies all met for dep_context=requeueable deps ti=<TaskInstance: showpulse_dbt_dag.pwd1 scheduled__2023-06-23T02:16:31.696804+00:00 [queued]>
[2023-06-23T02:17:32.483+0000] {taskinstance.py:1288} INFO - 
--------------------------------------------------------------------------------
[2023-06-23T02:17:32.483+0000] {taskinstance.py:1289} INFO - Starting attempt 1 of 1
[2023-06-23T02:17:32.484+0000] {taskinstance.py:1290} INFO - 
--------------------------------------------------------------------------------
[2023-06-23T02:17:32.495+0000] {taskinstance.py:1309} INFO - Executing <Task(BashOperator): pwd1> on 2023-06-23 02:16:31.696804+00:00
[2023-06-23T02:17:32.501+0000] {standard_task_runner.py:55} INFO - Started process 25481 to run task
[2023-06-23T02:17:32.504+0000] {standard_task_runner.py:82} INFO - Running: ['***', 'tasks', 'run', 'showpulse_dbt_dag', 'pwd1', 'scheduled__2023-06-23T02:16:31.696804+00:00', '--job-id', '2735', '--raw', '--subdir', 'DAGS_FOLDER/dbt_run.py', '--cfg-path', '/tmp/tmp8p3dk5y9']
[2023-06-23T02:17:32.505+0000] {standard_task_runner.py:83} INFO - Job 2735: Subtask pwd1
[2023-06-23T02:17:32.605+0000] {task_command.py:389} INFO - Running <TaskInstance: showpulse_dbt_dag.pwd1 scheduled__2023-06-23T02:16:31.696804+00:00 [running]> on host 62cfed75eae1
[2023-06-23T02:17:32.670+0000] {taskinstance.py:1518} INFO - Exporting the following env vars:
AIRFLOW_CTX_DAG_OWNER=nburkett
AIRFLOW_CTX_DAG_ID=showpulse_dbt_dag
AIRFLOW_CTX_TASK_ID=pwd1
AIRFLOW_CTX_EXECUTION_DATE=2023-06-23T02:16:31.696804+00:00
AIRFLOW_CTX_TRY_NUMBER=1
AIRFLOW_CTX_DAG_RUN_ID=scheduled__2023-06-23T02:16:31.696804+00:00
[2023-06-23T02:17:32.672+0000] {subprocess.py:63} INFO - Tmp dir root location: 
 /tmp
[2023-06-23T02:17:32.673+0000] {subprocess.py:75} INFO - Running command: ['/bin/bash', '-c', 'pwd && ls']
[2023-06-23T02:17:32.685+0000] {subprocess.py:86} INFO - Output:
[2023-06-23T02:17:32.688+0000] {subprocess.py:93} INFO - /tmp/***tmpcti5ulo8
[2023-06-23T02:17:32.691+0000] {subprocess.py:97} INFO - Command exited with return code 0
[2023-06-23T02:17:32.717+0000] {taskinstance.py:1332} INFO - Marking task as SUCCESS. dag_id=showpulse_dbt_dag, task_id=pwd1, execution_date=20230623T021631, start_date=20230623T021732, end_date=20230623T021732
[2023-06-23T02:17:32.763+0000] {local_task_job.py:212} INFO - Task exited with return code 0
[2023-06-23T02:17:32.791+0000] {taskinstance.py:2596} INFO - 0 downstream tasks scheduled from follow-on schedule check
