[2023-06-22T18:10:16.350+0000] {taskinstance.py:1090} INFO - Dependencies all met for dep_context=non-requeueable deps ti=<TaskInstance: showpulse_dbt_dag.dbt_run scheduled__2023-06-22T18:09:11.215161+00:00 [queued]>
[2023-06-22T18:10:16.357+0000] {taskinstance.py:1090} INFO - Dependencies all met for dep_context=requeueable deps ti=<TaskInstance: showpulse_dbt_dag.dbt_run scheduled__2023-06-22T18:09:11.215161+00:00 [queued]>
[2023-06-22T18:10:16.357+0000] {taskinstance.py:1288} INFO - 
--------------------------------------------------------------------------------
[2023-06-22T18:10:16.358+0000] {taskinstance.py:1289} INFO - Starting attempt 1 of 1
[2023-06-22T18:10:16.358+0000] {taskinstance.py:1290} INFO - 
--------------------------------------------------------------------------------
[2023-06-22T18:10:16.367+0000] {taskinstance.py:1309} INFO - Executing <Task(BashOperator): dbt_run> on 2023-06-22 18:09:11.215161+00:00
[2023-06-22T18:10:16.370+0000] {standard_task_runner.py:55} INFO - Started process 17268 to run task
[2023-06-22T18:10:16.374+0000] {standard_task_runner.py:82} INFO - Running: ['***', 'tasks', 'run', 'showpulse_dbt_dag', 'dbt_run', 'scheduled__2023-06-22T18:09:11.215161+00:00', '--job-id', '1998', '--raw', '--subdir', 'DAGS_FOLDER/dbt_run.py', '--cfg-path', '/tmp/tmpxtyp6qt_']
[2023-06-22T18:10:16.375+0000] {standard_task_runner.py:83} INFO - Job 1998: Subtask dbt_run
[2023-06-22T18:10:16.431+0000] {task_command.py:389} INFO - Running <TaskInstance: showpulse_dbt_dag.dbt_run scheduled__2023-06-22T18:09:11.215161+00:00 [running]> on host 62cfed75eae1
[2023-06-22T18:10:16.483+0000] {taskinstance.py:1518} INFO - Exporting the following env vars:
AIRFLOW_CTX_DAG_OWNER=nburkett
AIRFLOW_CTX_DAG_ID=showpulse_dbt_dag
AIRFLOW_CTX_TASK_ID=dbt_run
AIRFLOW_CTX_EXECUTION_DATE=2023-06-22T18:09:11.215161+00:00
AIRFLOW_CTX_TRY_NUMBER=1
AIRFLOW_CTX_DAG_RUN_ID=scheduled__2023-06-22T18:09:11.215161+00:00
[2023-06-22T18:10:16.484+0000] {subprocess.py:63} INFO - Tmp dir root location: 
 /tmp
[2023-06-22T18:10:16.485+0000] {subprocess.py:75} INFO - Running command: ['/bin/bash', '-c', 'cd /dbt/ticketmaster_transformation && dbt run']
[2023-06-22T18:10:16.495+0000] {subprocess.py:86} INFO - Output:
[2023-06-22T18:10:18.113+0000] {subprocess.py:93} INFO - [0m18:10:18  Running with dbt=1.5.1
[2023-06-22T18:10:18.584+0000] {subprocess.py:93} INFO - [0m18:10:18  Found 4 models, 0 tests, 0 snapshots, 0 analyses, 356 macros, 0 operations, 0 seed files, 3 sources, 0 exposures, 0 metrics, 0 groups
[2023-06-22T18:10:18.587+0000] {subprocess.py:93} INFO - [0m18:10:18
[2023-06-22T18:10:19.361+0000] {subprocess.py:93} INFO - [0m18:10:19  Concurrency: 4 threads (target='dev')
[2023-06-22T18:10:19.363+0000] {subprocess.py:93} INFO - [0m18:10:19
[2023-06-22T18:10:19.370+0000] {subprocess.py:93} INFO - [0m18:10:19  1 of 4 START sql table model twitter_kafka_pyspark_test.distinct_data .......... [RUN]
[2023-06-22T18:10:19.372+0000] {subprocess.py:93} INFO - [0m18:10:19  2 of 4 START sql table model twitter_kafka_pyspark_test.dm_events .............. [RUN]
[2023-06-22T18:10:19.375+0000] {subprocess.py:93} INFO - [0m18:10:19  3 of 4 START sql table model twitter_kafka_pyspark_test.my_first_dbt_model ..... [RUN]
[2023-06-22T18:10:22.252+0000] {subprocess.py:93} INFO - [0m18:10:22  3 of 4 OK created sql table model twitter_kafka_pyspark_test.my_first_dbt_model  [[32mCREATE TABLE (2.0 rows, 0 processed)[0m in 2.87s]
[2023-06-22T18:10:22.256+0000] {subprocess.py:93} INFO - [0m18:10:22  4 of 4 START sql view model twitter_kafka_pyspark_test.my_second_dbt_model ..... [RUN]
[2023-06-22T18:10:22.660+0000] {subprocess.py:93} INFO - [0m18:10:22  2 of 4 OK created sql table model twitter_kafka_pyspark_test.dm_events ......... [[32mCREATE TABLE (1.3k rows, 178.2 KiB processed)[0m in 3.28s]
[2023-06-22T18:10:22.663+0000] {subprocess.py:93} INFO - [0m18:10:22  1 of 4 OK created sql table model twitter_kafka_pyspark_test.distinct_data ..... [[32mCREATE TABLE (1.1k rows, 638.3 KiB processed)[0m in 3.28s]
[2023-06-22T18:10:23.385+0000] {subprocess.py:93} INFO - [0m18:10:23  4 of 4 OK created sql view model twitter_kafka_pyspark_test.my_second_dbt_model  [[32mCREATE VIEW (0 processed)[0m in 1.13s]
[2023-06-22T18:10:23.422+0000] {subprocess.py:93} INFO - [0m18:10:23
[2023-06-22T18:10:23.423+0000] {subprocess.py:93} INFO - [0m18:10:23  Finished running 3 table models, 1 view model in 0 hours 0 minutes and 4.83 seconds (4.83s).
[2023-06-22T18:10:23.443+0000] {subprocess.py:93} INFO - [0m18:10:23
[2023-06-22T18:10:23.444+0000] {subprocess.py:93} INFO - [0m18:10:23  [32mCompleted successfully[0m
[2023-06-22T18:10:23.446+0000] {subprocess.py:93} INFO - [0m18:10:23
[2023-06-22T18:10:23.447+0000] {subprocess.py:93} INFO - [0m18:10:23  Done. PASS=4 WARN=0 ERROR=0 SKIP=0 TOTAL=4
[2023-06-22T18:10:23.895+0000] {subprocess.py:97} INFO - Command exited with return code 0
[2023-06-22T18:10:23.921+0000] {taskinstance.py:1332} INFO - Marking task as SUCCESS. dag_id=showpulse_dbt_dag, task_id=dbt_run, execution_date=20230622T180911, start_date=20230622T181016, end_date=20230622T181023
[2023-06-22T18:10:23.954+0000] {local_task_job.py:212} INFO - Task exited with return code 0
[2023-06-22T18:10:23.969+0000] {taskinstance.py:2596} INFO - 0 downstream tasks scheduled from follow-on schedule check
