[2023-06-20T01:14:02.081+0000] {taskinstance.py:1090} INFO - Dependencies all met for dep_context=non-requeueable deps ti=<TaskInstance: showpulse_dbt_dag.pwd2 scheduled__2023-06-20T01:12:59.130209+00:00 [queued]>
[2023-06-20T01:14:02.087+0000] {taskinstance.py:1090} INFO - Dependencies all met for dep_context=requeueable deps ti=<TaskInstance: showpulse_dbt_dag.pwd2 scheduled__2023-06-20T01:12:59.130209+00:00 [queued]>
[2023-06-20T01:14:02.088+0000] {taskinstance.py:1288} INFO - 
--------------------------------------------------------------------------------
[2023-06-20T01:14:02.088+0000] {taskinstance.py:1289} INFO - Starting attempt 1 of 1
[2023-06-20T01:14:02.089+0000] {taskinstance.py:1290} INFO - 
--------------------------------------------------------------------------------
[2023-06-20T01:14:02.096+0000] {taskinstance.py:1309} INFO - Executing <Task(BashOperator): pwd2> on 2023-06-20 01:12:59.130209+00:00
[2023-06-20T01:14:02.100+0000] {standard_task_runner.py:55} INFO - Started process 392 to run task
[2023-06-20T01:14:02.104+0000] {standard_task_runner.py:82} INFO - Running: ['***', 'tasks', 'run', 'showpulse_dbt_dag', 'pwd2', 'scheduled__2023-06-20T01:12:59.130209+00:00', '--job-id', '351', '--raw', '--subdir', 'DAGS_FOLDER/dbt_run.py', '--cfg-path', '/tmp/tmpwurjv6gl']
[2023-06-20T01:14:02.105+0000] {standard_task_runner.py:83} INFO - Job 351: Subtask pwd2
[2023-06-20T01:14:02.159+0000] {task_command.py:389} INFO - Running <TaskInstance: showpulse_dbt_dag.pwd2 scheduled__2023-06-20T01:12:59.130209+00:00 [running]> on host 62cfed75eae1
[2023-06-20T01:14:02.211+0000] {taskinstance.py:1518} INFO - Exporting the following env vars:
AIRFLOW_CTX_DAG_OWNER=nburkett
AIRFLOW_CTX_DAG_ID=showpulse_dbt_dag
AIRFLOW_CTX_TASK_ID=pwd2
AIRFLOW_CTX_EXECUTION_DATE=2023-06-20T01:12:59.130209+00:00
AIRFLOW_CTX_TRY_NUMBER=1
AIRFLOW_CTX_DAG_RUN_ID=scheduled__2023-06-20T01:12:59.130209+00:00
[2023-06-20T01:14:02.213+0000] {subprocess.py:63} INFO - Tmp dir root location: 
 /tmp
[2023-06-20T01:14:02.214+0000] {subprocess.py:75} INFO - Running command: ['/bin/bash', '-c', 'cd /dbt/ticketmaster_transformation && pwd && ls']
[2023-06-20T01:14:02.223+0000] {subprocess.py:86} INFO - Output:
[2023-06-20T01:14:02.225+0000] {subprocess.py:93} INFO - /dbt/ticketmaster_transformation
[2023-06-20T01:14:02.227+0000] {subprocess.py:93} INFO - README.md
[2023-06-20T01:14:02.227+0000] {subprocess.py:93} INFO - analyses
[2023-06-20T01:14:02.228+0000] {subprocess.py:93} INFO - dbt_packages
[2023-06-20T01:14:02.228+0000] {subprocess.py:93} INFO - dbt_project.yml
[2023-06-20T01:14:02.229+0000] {subprocess.py:93} INFO - logs
[2023-06-20T01:14:02.229+0000] {subprocess.py:93} INFO - macros
[2023-06-20T01:14:02.230+0000] {subprocess.py:93} INFO - models
[2023-06-20T01:14:02.230+0000] {subprocess.py:93} INFO - profiles.yml
[2023-06-20T01:14:02.231+0000] {subprocess.py:93} INFO - seeds
[2023-06-20T01:14:02.231+0000] {subprocess.py:93} INFO - snapshots
[2023-06-20T01:14:02.232+0000] {subprocess.py:93} INFO - target
[2023-06-20T01:14:02.232+0000] {subprocess.py:93} INFO - tests
[2023-06-20T01:14:02.233+0000] {subprocess.py:97} INFO - Command exited with return code 0
[2023-06-20T01:14:02.256+0000] {taskinstance.py:1332} INFO - Marking task as SUCCESS. dag_id=showpulse_dbt_dag, task_id=pwd2, execution_date=20230620T011259, start_date=20230620T011402, end_date=20230620T011402
[2023-06-20T01:14:02.277+0000] {local_task_job.py:212} INFO - Task exited with return code 0
[2023-06-20T01:14:02.295+0000] {taskinstance.py:2596} INFO - 1 downstream tasks scheduled from follow-on schedule check
