[2023-05-25T00:50:43.185+0000] {processor.py:153} INFO - Started process (PID=48) to work on /opt/airflow/dags/gcs-connector-hadoop3-2.2.5.jar
[2023-05-25T00:50:43.188+0000] {processor.py:743} INFO - Processing file /opt/airflow/dags/gcs-connector-hadoop3-2.2.5.jar for tasks to queue
[2023-05-25T00:50:43.190+0000] {logging_mixin.py:137} INFO - [2023-05-25T00:50:43.190+0000] {dagbag.py:532} INFO - Filling up the DagBag from /opt/airflow/dags/gcs-connector-hadoop3-2.2.5.jar
[2023-05-25T00:50:43.334+0000] {processor.py:755} WARNING - No viable dags retrieved from /opt/airflow/dags/gcs-connector-hadoop3-2.2.5.jar
[2023-05-25T00:50:43.367+0000] {processor.py:175} INFO - Processing /opt/airflow/dags/gcs-connector-hadoop3-2.2.5.jar took 0.188 seconds
[2023-05-25T00:51:13.428+0000] {processor.py:153} INFO - Started process (PID=61) to work on /opt/airflow/dags/gcs-connector-hadoop3-2.2.5.jar
[2023-05-25T00:51:13.430+0000] {processor.py:743} INFO - Processing file /opt/airflow/dags/gcs-connector-hadoop3-2.2.5.jar for tasks to queue
[2023-05-25T00:51:13.432+0000] {logging_mixin.py:137} INFO - [2023-05-25T00:51:13.431+0000] {dagbag.py:532} INFO - Filling up the DagBag from /opt/airflow/dags/gcs-connector-hadoop3-2.2.5.jar
[2023-05-25T00:51:13.502+0000] {processor.py:755} WARNING - No viable dags retrieved from /opt/airflow/dags/gcs-connector-hadoop3-2.2.5.jar
[2023-05-25T00:51:13.516+0000] {processor.py:175} INFO - Processing /opt/airflow/dags/gcs-connector-hadoop3-2.2.5.jar took 0.092 seconds
[2023-05-25T00:51:43.956+0000] {processor.py:153} INFO - Started process (PID=71) to work on /opt/airflow/dags/gcs-connector-hadoop3-2.2.5.jar
[2023-05-25T00:51:43.960+0000] {processor.py:743} INFO - Processing file /opt/airflow/dags/gcs-connector-hadoop3-2.2.5.jar for tasks to queue
[2023-05-25T00:51:43.962+0000] {logging_mixin.py:137} INFO - [2023-05-25T00:51:43.962+0000] {dagbag.py:532} INFO - Filling up the DagBag from /opt/airflow/dags/gcs-connector-hadoop3-2.2.5.jar
[2023-05-25T00:51:44.040+0000] {processor.py:755} WARNING - No viable dags retrieved from /opt/airflow/dags/gcs-connector-hadoop3-2.2.5.jar
[2023-05-25T00:51:44.053+0000] {processor.py:175} INFO - Processing /opt/airflow/dags/gcs-connector-hadoop3-2.2.5.jar took 0.105 seconds
[2023-05-25T00:52:14.433+0000] {processor.py:153} INFO - Started process (PID=81) to work on /opt/airflow/dags/gcs-connector-hadoop3-2.2.5.jar
[2023-05-25T00:52:14.435+0000] {processor.py:743} INFO - Processing file /opt/airflow/dags/gcs-connector-hadoop3-2.2.5.jar for tasks to queue
[2023-05-25T00:52:14.437+0000] {logging_mixin.py:137} INFO - [2023-05-25T00:52:14.437+0000] {dagbag.py:532} INFO - Filling up the DagBag from /opt/airflow/dags/gcs-connector-hadoop3-2.2.5.jar
[2023-05-25T00:52:14.512+0000] {processor.py:755} WARNING - No viable dags retrieved from /opt/airflow/dags/gcs-connector-hadoop3-2.2.5.jar
[2023-05-25T00:52:14.525+0000] {processor.py:175} INFO - Processing /opt/airflow/dags/gcs-connector-hadoop3-2.2.5.jar took 0.099 seconds
[2023-05-25T00:52:44.796+0000] {processor.py:153} INFO - Started process (PID=91) to work on /opt/airflow/dags/gcs-connector-hadoop3-2.2.5.jar
[2023-05-25T00:52:44.798+0000] {processor.py:743} INFO - Processing file /opt/airflow/dags/gcs-connector-hadoop3-2.2.5.jar for tasks to queue
[2023-05-25T00:52:44.799+0000] {logging_mixin.py:137} INFO - [2023-05-25T00:52:44.799+0000] {dagbag.py:532} INFO - Filling up the DagBag from /opt/airflow/dags/gcs-connector-hadoop3-2.2.5.jar
[2023-05-25T00:52:44.880+0000] {processor.py:755} WARNING - No viable dags retrieved from /opt/airflow/dags/gcs-connector-hadoop3-2.2.5.jar
[2023-05-25T00:52:44.898+0000] {processor.py:175} INFO - Processing /opt/airflow/dags/gcs-connector-hadoop3-2.2.5.jar took 0.107 seconds
[2023-05-25T00:53:15.100+0000] {processor.py:153} INFO - Started process (PID=101) to work on /opt/airflow/dags/gcs-connector-hadoop3-2.2.5.jar
[2023-05-25T00:53:15.102+0000] {processor.py:743} INFO - Processing file /opt/airflow/dags/gcs-connector-hadoop3-2.2.5.jar for tasks to queue
[2023-05-25T00:53:15.103+0000] {logging_mixin.py:137} INFO - [2023-05-25T00:53:15.102+0000] {dagbag.py:532} INFO - Filling up the DagBag from /opt/airflow/dags/gcs-connector-hadoop3-2.2.5.jar
[2023-05-25T00:53:15.182+0000] {processor.py:755} WARNING - No viable dags retrieved from /opt/airflow/dags/gcs-connector-hadoop3-2.2.5.jar
[2023-05-25T00:53:15.200+0000] {processor.py:175} INFO - Processing /opt/airflow/dags/gcs-connector-hadoop3-2.2.5.jar took 0.105 seconds
[2023-05-25T00:53:45.401+0000] {processor.py:153} INFO - Started process (PID=112) to work on /opt/airflow/dags/gcs-connector-hadoop3-2.2.5.jar
[2023-05-25T00:53:45.403+0000] {processor.py:743} INFO - Processing file /opt/airflow/dags/gcs-connector-hadoop3-2.2.5.jar for tasks to queue
[2023-05-25T00:53:45.405+0000] {logging_mixin.py:137} INFO - [2023-05-25T00:53:45.405+0000] {dagbag.py:532} INFO - Filling up the DagBag from /opt/airflow/dags/gcs-connector-hadoop3-2.2.5.jar
[2023-05-25T00:53:45.490+0000] {processor.py:755} WARNING - No viable dags retrieved from /opt/airflow/dags/gcs-connector-hadoop3-2.2.5.jar
[2023-05-25T00:53:45.506+0000] {processor.py:175} INFO - Processing /opt/airflow/dags/gcs-connector-hadoop3-2.2.5.jar took 0.109 seconds
[2023-05-25T00:54:15.727+0000] {processor.py:153} INFO - Started process (PID=122) to work on /opt/airflow/dags/gcs-connector-hadoop3-2.2.5.jar
[2023-05-25T00:54:15.729+0000] {processor.py:743} INFO - Processing file /opt/airflow/dags/gcs-connector-hadoop3-2.2.5.jar for tasks to queue
[2023-05-25T00:54:15.731+0000] {logging_mixin.py:137} INFO - [2023-05-25T00:54:15.731+0000] {dagbag.py:532} INFO - Filling up the DagBag from /opt/airflow/dags/gcs-connector-hadoop3-2.2.5.jar
[2023-05-25T00:54:15.824+0000] {processor.py:755} WARNING - No viable dags retrieved from /opt/airflow/dags/gcs-connector-hadoop3-2.2.5.jar
[2023-05-25T00:54:15.848+0000] {processor.py:175} INFO - Processing /opt/airflow/dags/gcs-connector-hadoop3-2.2.5.jar took 0.126 seconds
[2023-05-25T00:54:46.058+0000] {processor.py:153} INFO - Started process (PID=132) to work on /opt/airflow/dags/gcs-connector-hadoop3-2.2.5.jar
[2023-05-25T00:54:46.060+0000] {processor.py:743} INFO - Processing file /opt/airflow/dags/gcs-connector-hadoop3-2.2.5.jar for tasks to queue
[2023-05-25T00:54:46.061+0000] {logging_mixin.py:137} INFO - [2023-05-25T00:54:46.061+0000] {dagbag.py:532} INFO - Filling up the DagBag from /opt/airflow/dags/gcs-connector-hadoop3-2.2.5.jar
[2023-05-25T00:54:46.151+0000] {processor.py:755} WARNING - No viable dags retrieved from /opt/airflow/dags/gcs-connector-hadoop3-2.2.5.jar
[2023-05-25T00:54:46.169+0000] {processor.py:175} INFO - Processing /opt/airflow/dags/gcs-connector-hadoop3-2.2.5.jar took 0.117 seconds
[2023-05-25T00:55:16.394+0000] {processor.py:153} INFO - Started process (PID=142) to work on /opt/airflow/dags/gcs-connector-hadoop3-2.2.5.jar
[2023-05-25T00:55:16.395+0000] {processor.py:743} INFO - Processing file /opt/airflow/dags/gcs-connector-hadoop3-2.2.5.jar for tasks to queue
[2023-05-25T00:55:16.397+0000] {logging_mixin.py:137} INFO - [2023-05-25T00:55:16.397+0000] {dagbag.py:532} INFO - Filling up the DagBag from /opt/airflow/dags/gcs-connector-hadoop3-2.2.5.jar
[2023-05-25T00:55:16.493+0000] {processor.py:755} WARNING - No viable dags retrieved from /opt/airflow/dags/gcs-connector-hadoop3-2.2.5.jar
[2023-05-25T00:55:16.510+0000] {processor.py:175} INFO - Processing /opt/airflow/dags/gcs-connector-hadoop3-2.2.5.jar took 0.121 seconds
[2023-05-25T00:55:46.794+0000] {processor.py:153} INFO - Started process (PID=151) to work on /opt/airflow/dags/gcs-connector-hadoop3-2.2.5.jar
[2023-05-25T00:55:46.797+0000] {processor.py:743} INFO - Processing file /opt/airflow/dags/gcs-connector-hadoop3-2.2.5.jar for tasks to queue
[2023-05-25T00:55:46.798+0000] {logging_mixin.py:137} INFO - [2023-05-25T00:55:46.798+0000] {dagbag.py:532} INFO - Filling up the DagBag from /opt/airflow/dags/gcs-connector-hadoop3-2.2.5.jar
[2023-05-25T00:55:47.085+0000] {processor.py:755} WARNING - No viable dags retrieved from /opt/airflow/dags/gcs-connector-hadoop3-2.2.5.jar
[2023-05-25T00:55:47.096+0000] {processor.py:175} INFO - Processing /opt/airflow/dags/gcs-connector-hadoop3-2.2.5.jar took 0.305 seconds
[2023-05-25T00:56:17.480+0000] {processor.py:153} INFO - Started process (PID=161) to work on /opt/airflow/dags/gcs-connector-hadoop3-2.2.5.jar
[2023-05-25T00:56:17.483+0000] {processor.py:743} INFO - Processing file /opt/airflow/dags/gcs-connector-hadoop3-2.2.5.jar for tasks to queue
[2023-05-25T00:56:17.484+0000] {logging_mixin.py:137} INFO - [2023-05-25T00:56:17.484+0000] {dagbag.py:532} INFO - Filling up the DagBag from /opt/airflow/dags/gcs-connector-hadoop3-2.2.5.jar
[2023-05-25T00:56:17.667+0000] {processor.py:755} WARNING - No viable dags retrieved from /opt/airflow/dags/gcs-connector-hadoop3-2.2.5.jar
[2023-05-25T00:56:17.679+0000] {processor.py:175} INFO - Processing /opt/airflow/dags/gcs-connector-hadoop3-2.2.5.jar took 0.202 seconds
[2023-05-25T00:56:48.116+0000] {processor.py:153} INFO - Started process (PID=172) to work on /opt/airflow/dags/gcs-connector-hadoop3-2.2.5.jar
[2023-05-25T00:56:48.117+0000] {processor.py:743} INFO - Processing file /opt/airflow/dags/gcs-connector-hadoop3-2.2.5.jar for tasks to queue
[2023-05-25T00:56:48.118+0000] {logging_mixin.py:137} INFO - [2023-05-25T00:56:48.118+0000] {dagbag.py:532} INFO - Filling up the DagBag from /opt/airflow/dags/gcs-connector-hadoop3-2.2.5.jar
[2023-05-25T00:56:48.343+0000] {processor.py:755} WARNING - No viable dags retrieved from /opt/airflow/dags/gcs-connector-hadoop3-2.2.5.jar
[2023-05-25T00:56:48.356+0000] {processor.py:175} INFO - Processing /opt/airflow/dags/gcs-connector-hadoop3-2.2.5.jar took 0.243 seconds
[2023-05-25T00:57:18.786+0000] {processor.py:153} INFO - Started process (PID=182) to work on /opt/airflow/dags/gcs-connector-hadoop3-2.2.5.jar
[2023-05-25T00:57:18.790+0000] {processor.py:743} INFO - Processing file /opt/airflow/dags/gcs-connector-hadoop3-2.2.5.jar for tasks to queue
[2023-05-25T00:57:18.792+0000] {logging_mixin.py:137} INFO - [2023-05-25T00:57:18.792+0000] {dagbag.py:532} INFO - Filling up the DagBag from /opt/airflow/dags/gcs-connector-hadoop3-2.2.5.jar
[2023-05-25T00:57:19.006+0000] {processor.py:755} WARNING - No viable dags retrieved from /opt/airflow/dags/gcs-connector-hadoop3-2.2.5.jar
[2023-05-25T00:57:19.016+0000] {processor.py:175} INFO - Processing /opt/airflow/dags/gcs-connector-hadoop3-2.2.5.jar took 0.240 seconds
[2023-05-25T00:57:49.439+0000] {processor.py:153} INFO - Started process (PID=192) to work on /opt/airflow/dags/gcs-connector-hadoop3-2.2.5.jar
[2023-05-25T00:57:49.443+0000] {processor.py:743} INFO - Processing file /opt/airflow/dags/gcs-connector-hadoop3-2.2.5.jar for tasks to queue
[2023-05-25T00:57:49.445+0000] {logging_mixin.py:137} INFO - [2023-05-25T00:57:49.445+0000] {dagbag.py:532} INFO - Filling up the DagBag from /opt/airflow/dags/gcs-connector-hadoop3-2.2.5.jar
[2023-05-25T00:57:49.636+0000] {processor.py:755} WARNING - No viable dags retrieved from /opt/airflow/dags/gcs-connector-hadoop3-2.2.5.jar
[2023-05-25T00:57:49.648+0000] {processor.py:175} INFO - Processing /opt/airflow/dags/gcs-connector-hadoop3-2.2.5.jar took 0.219 seconds
[2023-05-25T00:58:20.050+0000] {processor.py:153} INFO - Started process (PID=201) to work on /opt/airflow/dags/gcs-connector-hadoop3-2.2.5.jar
[2023-05-25T00:58:20.052+0000] {processor.py:743} INFO - Processing file /opt/airflow/dags/gcs-connector-hadoop3-2.2.5.jar for tasks to queue
[2023-05-25T00:58:20.053+0000] {logging_mixin.py:137} INFO - [2023-05-25T00:58:20.053+0000] {dagbag.py:532} INFO - Filling up the DagBag from /opt/airflow/dags/gcs-connector-hadoop3-2.2.5.jar
[2023-05-25T00:58:20.306+0000] {processor.py:755} WARNING - No viable dags retrieved from /opt/airflow/dags/gcs-connector-hadoop3-2.2.5.jar
[2023-05-25T00:58:20.318+0000] {processor.py:175} INFO - Processing /opt/airflow/dags/gcs-connector-hadoop3-2.2.5.jar took 0.274 seconds
[2023-05-25T00:58:50.777+0000] {processor.py:153} INFO - Started process (PID=211) to work on /opt/airflow/dags/gcs-connector-hadoop3-2.2.5.jar
[2023-05-25T00:58:50.779+0000] {processor.py:743} INFO - Processing file /opt/airflow/dags/gcs-connector-hadoop3-2.2.5.jar for tasks to queue
[2023-05-25T00:58:50.782+0000] {logging_mixin.py:137} INFO - [2023-05-25T00:58:50.782+0000] {dagbag.py:532} INFO - Filling up the DagBag from /opt/airflow/dags/gcs-connector-hadoop3-2.2.5.jar
[2023-05-25T00:58:50.973+0000] {processor.py:755} WARNING - No viable dags retrieved from /opt/airflow/dags/gcs-connector-hadoop3-2.2.5.jar
[2023-05-25T00:58:50.984+0000] {processor.py:175} INFO - Processing /opt/airflow/dags/gcs-connector-hadoop3-2.2.5.jar took 0.215 seconds
[2023-05-25T00:59:21.405+0000] {processor.py:153} INFO - Started process (PID=221) to work on /opt/airflow/dags/gcs-connector-hadoop3-2.2.5.jar
[2023-05-25T00:59:21.410+0000] {processor.py:743} INFO - Processing file /opt/airflow/dags/gcs-connector-hadoop3-2.2.5.jar for tasks to queue
[2023-05-25T00:59:21.411+0000] {logging_mixin.py:137} INFO - [2023-05-25T00:59:21.411+0000] {dagbag.py:532} INFO - Filling up the DagBag from /opt/airflow/dags/gcs-connector-hadoop3-2.2.5.jar
[2023-05-25T00:59:21.622+0000] {processor.py:755} WARNING - No viable dags retrieved from /opt/airflow/dags/gcs-connector-hadoop3-2.2.5.jar
[2023-05-25T00:59:21.633+0000] {processor.py:175} INFO - Processing /opt/airflow/dags/gcs-connector-hadoop3-2.2.5.jar took 0.235 seconds
[2023-05-25T00:59:52.110+0000] {processor.py:153} INFO - Started process (PID=231) to work on /opt/airflow/dags/gcs-connector-hadoop3-2.2.5.jar
[2023-05-25T00:59:52.114+0000] {processor.py:743} INFO - Processing file /opt/airflow/dags/gcs-connector-hadoop3-2.2.5.jar for tasks to queue
[2023-05-25T00:59:52.116+0000] {logging_mixin.py:137} INFO - [2023-05-25T00:59:52.116+0000] {dagbag.py:532} INFO - Filling up the DagBag from /opt/airflow/dags/gcs-connector-hadoop3-2.2.5.jar
[2023-05-25T00:59:52.330+0000] {processor.py:755} WARNING - No viable dags retrieved from /opt/airflow/dags/gcs-connector-hadoop3-2.2.5.jar
[2023-05-25T00:59:52.341+0000] {processor.py:175} INFO - Processing /opt/airflow/dags/gcs-connector-hadoop3-2.2.5.jar took 0.237 seconds
[2023-05-25T01:00:22.728+0000] {processor.py:153} INFO - Started process (PID=241) to work on /opt/airflow/dags/gcs-connector-hadoop3-2.2.5.jar
[2023-05-25T01:00:22.729+0000] {processor.py:743} INFO - Processing file /opt/airflow/dags/gcs-connector-hadoop3-2.2.5.jar for tasks to queue
[2023-05-25T01:00:22.730+0000] {logging_mixin.py:137} INFO - [2023-05-25T01:00:22.730+0000] {dagbag.py:532} INFO - Filling up the DagBag from /opt/airflow/dags/gcs-connector-hadoop3-2.2.5.jar
[2023-05-25T01:00:22.898+0000] {processor.py:755} WARNING - No viable dags retrieved from /opt/airflow/dags/gcs-connector-hadoop3-2.2.5.jar
[2023-05-25T01:00:22.908+0000] {processor.py:175} INFO - Processing /opt/airflow/dags/gcs-connector-hadoop3-2.2.5.jar took 0.184 seconds
[2023-05-25T01:00:53.536+0000] {processor.py:153} INFO - Started process (PID=251) to work on /opt/airflow/dags/gcs-connector-hadoop3-2.2.5.jar
[2023-05-25T01:00:53.538+0000] {processor.py:743} INFO - Processing file /opt/airflow/dags/gcs-connector-hadoop3-2.2.5.jar for tasks to queue
[2023-05-25T01:00:53.540+0000] {logging_mixin.py:137} INFO - [2023-05-25T01:00:53.540+0000] {dagbag.py:532} INFO - Filling up the DagBag from /opt/airflow/dags/gcs-connector-hadoop3-2.2.5.jar
[2023-05-25T01:00:53.613+0000] {processor.py:755} WARNING - No viable dags retrieved from /opt/airflow/dags/gcs-connector-hadoop3-2.2.5.jar
[2023-05-25T01:00:53.627+0000] {processor.py:175} INFO - Processing /opt/airflow/dags/gcs-connector-hadoop3-2.2.5.jar took 0.096 seconds
[2023-05-25T01:01:24.060+0000] {processor.py:153} INFO - Started process (PID=261) to work on /opt/airflow/dags/gcs-connector-hadoop3-2.2.5.jar
[2023-05-25T01:01:24.062+0000] {processor.py:743} INFO - Processing file /opt/airflow/dags/gcs-connector-hadoop3-2.2.5.jar for tasks to queue
[2023-05-25T01:01:24.064+0000] {logging_mixin.py:137} INFO - [2023-05-25T01:01:24.064+0000] {dagbag.py:532} INFO - Filling up the DagBag from /opt/airflow/dags/gcs-connector-hadoop3-2.2.5.jar
[2023-05-25T01:01:24.138+0000] {processor.py:755} WARNING - No viable dags retrieved from /opt/airflow/dags/gcs-connector-hadoop3-2.2.5.jar
[2023-05-25T01:01:24.151+0000] {processor.py:175} INFO - Processing /opt/airflow/dags/gcs-connector-hadoop3-2.2.5.jar took 0.098 seconds
[2023-05-25T01:01:54.518+0000] {processor.py:153} INFO - Started process (PID=270) to work on /opt/airflow/dags/gcs-connector-hadoop3-2.2.5.jar
[2023-05-25T01:01:54.520+0000] {processor.py:743} INFO - Processing file /opt/airflow/dags/gcs-connector-hadoop3-2.2.5.jar for tasks to queue
[2023-05-25T01:01:54.522+0000] {logging_mixin.py:137} INFO - [2023-05-25T01:01:54.522+0000] {dagbag.py:532} INFO - Filling up the DagBag from /opt/airflow/dags/gcs-connector-hadoop3-2.2.5.jar
[2023-05-25T01:01:54.595+0000] {processor.py:755} WARNING - No viable dags retrieved from /opt/airflow/dags/gcs-connector-hadoop3-2.2.5.jar
[2023-05-25T01:01:54.609+0000] {processor.py:175} INFO - Processing /opt/airflow/dags/gcs-connector-hadoop3-2.2.5.jar took 0.096 seconds
[2023-05-25T01:02:25.000+0000] {processor.py:153} INFO - Started process (PID=279) to work on /opt/airflow/dags/gcs-connector-hadoop3-2.2.5.jar
[2023-05-25T01:02:25.003+0000] {processor.py:743} INFO - Processing file /opt/airflow/dags/gcs-connector-hadoop3-2.2.5.jar for tasks to queue
[2023-05-25T01:02:25.005+0000] {logging_mixin.py:137} INFO - [2023-05-25T01:02:25.005+0000] {dagbag.py:532} INFO - Filling up the DagBag from /opt/airflow/dags/gcs-connector-hadoop3-2.2.5.jar
[2023-05-25T01:02:25.080+0000] {processor.py:755} WARNING - No viable dags retrieved from /opt/airflow/dags/gcs-connector-hadoop3-2.2.5.jar
[2023-05-25T01:02:25.094+0000] {processor.py:175} INFO - Processing /opt/airflow/dags/gcs-connector-hadoop3-2.2.5.jar took 0.101 seconds
[2023-05-25T01:02:55.513+0000] {processor.py:153} INFO - Started process (PID=289) to work on /opt/airflow/dags/gcs-connector-hadoop3-2.2.5.jar
[2023-05-25T01:02:55.516+0000] {processor.py:743} INFO - Processing file /opt/airflow/dags/gcs-connector-hadoop3-2.2.5.jar for tasks to queue
[2023-05-25T01:02:55.517+0000] {logging_mixin.py:137} INFO - [2023-05-25T01:02:55.517+0000] {dagbag.py:532} INFO - Filling up the DagBag from /opt/airflow/dags/gcs-connector-hadoop3-2.2.5.jar
[2023-05-25T01:02:55.595+0000] {processor.py:755} WARNING - No viable dags retrieved from /opt/airflow/dags/gcs-connector-hadoop3-2.2.5.jar
[2023-05-25T01:02:55.608+0000] {processor.py:175} INFO - Processing /opt/airflow/dags/gcs-connector-hadoop3-2.2.5.jar took 0.100 seconds
[2023-05-25T01:03:26.047+0000] {processor.py:153} INFO - Started process (PID=299) to work on /opt/airflow/dags/gcs-connector-hadoop3-2.2.5.jar
[2023-05-25T01:03:26.051+0000] {processor.py:743} INFO - Processing file /opt/airflow/dags/gcs-connector-hadoop3-2.2.5.jar for tasks to queue
[2023-05-25T01:03:26.053+0000] {logging_mixin.py:137} INFO - [2023-05-25T01:03:26.053+0000] {dagbag.py:532} INFO - Filling up the DagBag from /opt/airflow/dags/gcs-connector-hadoop3-2.2.5.jar
[2023-05-25T01:03:26.133+0000] {processor.py:755} WARNING - No viable dags retrieved from /opt/airflow/dags/gcs-connector-hadoop3-2.2.5.jar
[2023-05-25T01:03:26.147+0000] {processor.py:175} INFO - Processing /opt/airflow/dags/gcs-connector-hadoop3-2.2.5.jar took 0.109 seconds
[2023-05-25T01:03:56.595+0000] {processor.py:153} INFO - Started process (PID=309) to work on /opt/airflow/dags/gcs-connector-hadoop3-2.2.5.jar
[2023-05-25T01:03:56.598+0000] {processor.py:743} INFO - Processing file /opt/airflow/dags/gcs-connector-hadoop3-2.2.5.jar for tasks to queue
[2023-05-25T01:03:56.600+0000] {logging_mixin.py:137} INFO - [2023-05-25T01:03:56.600+0000] {dagbag.py:532} INFO - Filling up the DagBag from /opt/airflow/dags/gcs-connector-hadoop3-2.2.5.jar
[2023-05-25T01:03:56.683+0000] {processor.py:755} WARNING - No viable dags retrieved from /opt/airflow/dags/gcs-connector-hadoop3-2.2.5.jar
[2023-05-25T01:03:56.697+0000] {processor.py:175} INFO - Processing /opt/airflow/dags/gcs-connector-hadoop3-2.2.5.jar took 0.109 seconds
[2023-05-25T01:04:27.158+0000] {processor.py:153} INFO - Started process (PID=320) to work on /opt/airflow/dags/gcs-connector-hadoop3-2.2.5.jar
[2023-05-25T01:04:27.164+0000] {processor.py:743} INFO - Processing file /opt/airflow/dags/gcs-connector-hadoop3-2.2.5.jar for tasks to queue
[2023-05-25T01:04:27.166+0000] {logging_mixin.py:137} INFO - [2023-05-25T01:04:27.166+0000] {dagbag.py:532} INFO - Filling up the DagBag from /opt/airflow/dags/gcs-connector-hadoop3-2.2.5.jar
[2023-05-25T01:04:27.242+0000] {processor.py:755} WARNING - No viable dags retrieved from /opt/airflow/dags/gcs-connector-hadoop3-2.2.5.jar
[2023-05-25T01:04:27.257+0000] {processor.py:175} INFO - Processing /opt/airflow/dags/gcs-connector-hadoop3-2.2.5.jar took 0.107 seconds
[2023-05-25T01:04:57.623+0000] {processor.py:153} INFO - Started process (PID=330) to work on /opt/airflow/dags/gcs-connector-hadoop3-2.2.5.jar
[2023-05-25T01:04:57.626+0000] {processor.py:743} INFO - Processing file /opt/airflow/dags/gcs-connector-hadoop3-2.2.5.jar for tasks to queue
[2023-05-25T01:04:57.628+0000] {logging_mixin.py:137} INFO - [2023-05-25T01:04:57.628+0000] {dagbag.py:532} INFO - Filling up the DagBag from /opt/airflow/dags/gcs-connector-hadoop3-2.2.5.jar
[2023-05-25T01:04:57.706+0000] {processor.py:755} WARNING - No viable dags retrieved from /opt/airflow/dags/gcs-connector-hadoop3-2.2.5.jar
[2023-05-25T01:04:57.720+0000] {processor.py:175} INFO - Processing /opt/airflow/dags/gcs-connector-hadoop3-2.2.5.jar took 0.103 seconds
[2023-05-25T01:05:28.069+0000] {processor.py:153} INFO - Started process (PID=341) to work on /opt/airflow/dags/gcs-connector-hadoop3-2.2.5.jar
[2023-05-25T01:05:28.072+0000] {processor.py:743} INFO - Processing file /opt/airflow/dags/gcs-connector-hadoop3-2.2.5.jar for tasks to queue
[2023-05-25T01:05:28.073+0000] {logging_mixin.py:137} INFO - [2023-05-25T01:05:28.073+0000] {dagbag.py:532} INFO - Filling up the DagBag from /opt/airflow/dags/gcs-connector-hadoop3-2.2.5.jar
[2023-05-25T01:05:28.147+0000] {processor.py:755} WARNING - No viable dags retrieved from /opt/airflow/dags/gcs-connector-hadoop3-2.2.5.jar
[2023-05-25T01:05:28.164+0000] {processor.py:175} INFO - Processing /opt/airflow/dags/gcs-connector-hadoop3-2.2.5.jar took 0.099 seconds
[2023-05-25T02:26:02.327+0000] {processor.py:153} INFO - Started process (PID=39) to work on /opt/airflow/dags/gcs-connector-hadoop3-2.2.5.jar
[2023-05-25T02:26:02.330+0000] {processor.py:743} INFO - Processing file /opt/airflow/dags/gcs-connector-hadoop3-2.2.5.jar for tasks to queue
[2023-05-25T02:26:02.331+0000] {logging_mixin.py:137} INFO - [2023-05-25T02:26:02.331+0000] {dagbag.py:532} INFO - Filling up the DagBag from /opt/airflow/dags/gcs-connector-hadoop3-2.2.5.jar
[2023-05-25T02:26:02.457+0000] {processor.py:755} WARNING - No viable dags retrieved from /opt/airflow/dags/gcs-connector-hadoop3-2.2.5.jar
[2023-05-25T02:26:02.477+0000] {processor.py:175} INFO - Processing /opt/airflow/dags/gcs-connector-hadoop3-2.2.5.jar took 0.153 seconds
[2023-05-25T02:26:32.645+0000] {processor.py:153} INFO - Started process (PID=48) to work on /opt/airflow/dags/gcs-connector-hadoop3-2.2.5.jar
[2023-05-25T02:26:32.649+0000] {processor.py:743} INFO - Processing file /opt/airflow/dags/gcs-connector-hadoop3-2.2.5.jar for tasks to queue
[2023-05-25T02:26:32.651+0000] {logging_mixin.py:137} INFO - [2023-05-25T02:26:32.651+0000] {dagbag.py:532} INFO - Filling up the DagBag from /opt/airflow/dags/gcs-connector-hadoop3-2.2.5.jar
[2023-05-25T02:26:32.725+0000] {processor.py:755} WARNING - No viable dags retrieved from /opt/airflow/dags/gcs-connector-hadoop3-2.2.5.jar
[2023-05-25T02:26:32.737+0000] {processor.py:175} INFO - Processing /opt/airflow/dags/gcs-connector-hadoop3-2.2.5.jar took 0.098 seconds
[2023-05-25T02:27:03.104+0000] {processor.py:153} INFO - Started process (PID=57) to work on /opt/airflow/dags/gcs-connector-hadoop3-2.2.5.jar
[2023-05-25T02:27:03.107+0000] {processor.py:743} INFO - Processing file /opt/airflow/dags/gcs-connector-hadoop3-2.2.5.jar for tasks to queue
[2023-05-25T02:27:03.108+0000] {logging_mixin.py:137} INFO - [2023-05-25T02:27:03.108+0000] {dagbag.py:532} INFO - Filling up the DagBag from /opt/airflow/dags/gcs-connector-hadoop3-2.2.5.jar
[2023-05-25T02:27:03.182+0000] {processor.py:755} WARNING - No viable dags retrieved from /opt/airflow/dags/gcs-connector-hadoop3-2.2.5.jar
[2023-05-25T02:27:03.194+0000] {processor.py:175} INFO - Processing /opt/airflow/dags/gcs-connector-hadoop3-2.2.5.jar took 0.097 seconds
[2023-05-25T02:27:33.621+0000] {processor.py:153} INFO - Started process (PID=67) to work on /opt/airflow/dags/gcs-connector-hadoop3-2.2.5.jar
[2023-05-25T02:27:33.623+0000] {processor.py:743} INFO - Processing file /opt/airflow/dags/gcs-connector-hadoop3-2.2.5.jar for tasks to queue
[2023-05-25T02:27:33.625+0000] {logging_mixin.py:137} INFO - [2023-05-25T02:27:33.625+0000] {dagbag.py:532} INFO - Filling up the DagBag from /opt/airflow/dags/gcs-connector-hadoop3-2.2.5.jar
[2023-05-25T02:27:33.700+0000] {processor.py:755} WARNING - No viable dags retrieved from /opt/airflow/dags/gcs-connector-hadoop3-2.2.5.jar
[2023-05-25T02:27:33.713+0000] {processor.py:175} INFO - Processing /opt/airflow/dags/gcs-connector-hadoop3-2.2.5.jar took 0.098 seconds
[2023-05-25T02:28:04.024+0000] {processor.py:153} INFO - Started process (PID=77) to work on /opt/airflow/dags/gcs-connector-hadoop3-2.2.5.jar
[2023-05-25T02:28:04.026+0000] {processor.py:743} INFO - Processing file /opt/airflow/dags/gcs-connector-hadoop3-2.2.5.jar for tasks to queue
[2023-05-25T02:28:04.027+0000] {logging_mixin.py:137} INFO - [2023-05-25T02:28:04.027+0000] {dagbag.py:532} INFO - Filling up the DagBag from /opt/airflow/dags/gcs-connector-hadoop3-2.2.5.jar
[2023-05-25T02:28:04.140+0000] {processor.py:755} WARNING - No viable dags retrieved from /opt/airflow/dags/gcs-connector-hadoop3-2.2.5.jar
[2023-05-25T02:28:04.172+0000] {processor.py:175} INFO - Processing /opt/airflow/dags/gcs-connector-hadoop3-2.2.5.jar took 0.154 seconds
