[2023-06-22T03:15:44.055+0000] {taskinstance.py:1090} INFO - Dependencies all met for dep_context=non-requeueable deps ti=<TaskInstance: showpulse_dbt_dag.dbt_run scheduled__2023-06-22T03:14:40.166554+00:00 [queued]>
[2023-06-22T03:15:44.062+0000] {taskinstance.py:1090} INFO - Dependencies all met for dep_context=requeueable deps ti=<TaskInstance: showpulse_dbt_dag.dbt_run scheduled__2023-06-22T03:14:40.166554+00:00 [queued]>
[2023-06-22T03:15:44.063+0000] {taskinstance.py:1288} INFO - 
--------------------------------------------------------------------------------
[2023-06-22T03:15:44.064+0000] {taskinstance.py:1289} INFO - Starting attempt 1 of 1
[2023-06-22T03:15:44.064+0000] {taskinstance.py:1290} INFO - 
--------------------------------------------------------------------------------
[2023-06-22T03:15:44.075+0000] {taskinstance.py:1309} INFO - Executing <Task(BashOperator): dbt_run> on 2023-06-22 03:14:40.166554+00:00
[2023-06-22T03:15:44.079+0000] {standard_task_runner.py:55} INFO - Started process 15081 to run task
[2023-06-22T03:15:44.088+0000] {standard_task_runner.py:82} INFO - Running: ['***', 'tasks', 'run', 'showpulse_dbt_dag', 'dbt_run', 'scheduled__2023-06-22T03:14:40.166554+00:00', '--job-id', '1758', '--raw', '--subdir', 'DAGS_FOLDER/dbt_run.py', '--cfg-path', '/tmp/tmpfso_fbmn']
[2023-06-22T03:15:44.089+0000] {standard_task_runner.py:83} INFO - Job 1758: Subtask dbt_run
[2023-06-22T03:15:44.152+0000] {task_command.py:389} INFO - Running <TaskInstance: showpulse_dbt_dag.dbt_run scheduled__2023-06-22T03:14:40.166554+00:00 [running]> on host 62cfed75eae1
[2023-06-22T03:15:44.210+0000] {taskinstance.py:1518} INFO - Exporting the following env vars:
AIRFLOW_CTX_DAG_OWNER=nburkett
AIRFLOW_CTX_DAG_ID=showpulse_dbt_dag
AIRFLOW_CTX_TASK_ID=dbt_run
AIRFLOW_CTX_EXECUTION_DATE=2023-06-22T03:14:40.166554+00:00
AIRFLOW_CTX_TRY_NUMBER=1
AIRFLOW_CTX_DAG_RUN_ID=scheduled__2023-06-22T03:14:40.166554+00:00
[2023-06-22T03:15:44.212+0000] {subprocess.py:63} INFO - Tmp dir root location: 
 /tmp
[2023-06-22T03:15:44.213+0000] {subprocess.py:75} INFO - Running command: ['/bin/bash', '-c', 'cd /dbt/ticketmaster_transformation && dbt run']
[2023-06-22T03:15:44.222+0000] {subprocess.py:86} INFO - Output:
[2023-06-22T03:15:45.550+0000] {subprocess.py:93} INFO - [0m03:15:45  Running with dbt=1.5.1
[2023-06-22T03:15:46.022+0000] {subprocess.py:93} INFO - [0m03:15:46  Found 4 models, 0 tests, 0 snapshots, 0 analyses, 356 macros, 0 operations, 0 seed files, 3 sources, 0 exposures, 0 metrics, 0 groups
[2023-06-22T03:15:46.024+0000] {subprocess.py:93} INFO - [0m03:15:46
[2023-06-22T03:15:46.655+0000] {subprocess.py:93} INFO - [0m03:15:46  Concurrency: 4 threads (target='dev')
[2023-06-22T03:15:46.657+0000] {subprocess.py:93} INFO - [0m03:15:46
[2023-06-22T03:15:46.674+0000] {subprocess.py:93} INFO - [0m03:15:46  1 of 4 START sql table model twitter_kafka_pyspark_test.distinct_data .......... [RUN]
[2023-06-22T03:15:46.677+0000] {subprocess.py:93} INFO - [0m03:15:46  2 of 4 START sql table model twitter_kafka_pyspark_test.dm_events .............. [RUN]
[2023-06-22T03:15:46.684+0000] {subprocess.py:93} INFO - [0m03:15:46  3 of 4 START sql table model twitter_kafka_pyspark_test.my_first_dbt_model ..... [RUN]
[2023-06-22T03:15:49.487+0000] {subprocess.py:93} INFO - [0m03:15:49  1 of 4 OK created sql table model twitter_kafka_pyspark_test.distinct_data ..... [[32mCREATE TABLE (1.1k rows, 638.3 KiB processed)[0m in 2.80s]
[2023-06-22T03:15:49.491+0000] {subprocess.py:93} INFO - [0m03:15:49  3 of 4 OK created sql table model twitter_kafka_pyspark_test.my_first_dbt_model  [[32mCREATE TABLE (2.0 rows, 0 processed)[0m in 2.79s]
[2023-06-22T03:15:49.497+0000] {subprocess.py:93} INFO - [0m03:15:49  4 of 4 START sql view model twitter_kafka_pyspark_test.my_second_dbt_model ..... [RUN]
[2023-06-22T03:15:49.767+0000] {subprocess.py:93} INFO - [0m03:15:49  2 of 4 OK created sql table model twitter_kafka_pyspark_test.dm_events ......... [[32mCREATE TABLE (1.3k rows, 178.2 KiB processed)[0m in 3.08s]
[2023-06-22T03:15:50.710+0000] {subprocess.py:93} INFO - [0m03:15:50  4 of 4 OK created sql view model twitter_kafka_pyspark_test.my_second_dbt_model  [[32mCREATE VIEW (0 processed)[0m in 1.21s]
[2023-06-22T03:15:50.807+0000] {subprocess.py:93} INFO - [0m03:15:50
[2023-06-22T03:15:50.810+0000] {subprocess.py:93} INFO - [0m03:15:50  Finished running 3 table models, 1 view model in 0 hours 0 minutes and 4.78 seconds (4.78s).
[2023-06-22T03:15:50.846+0000] {subprocess.py:93} INFO - [0m03:15:50
[2023-06-22T03:15:50.848+0000] {subprocess.py:93} INFO - [0m03:15:50  [32mCompleted successfully[0m
[2023-06-22T03:15:50.851+0000] {subprocess.py:93} INFO - [0m03:15:50
[2023-06-22T03:15:50.852+0000] {subprocess.py:93} INFO - [0m03:15:50  Done. PASS=4 WARN=0 ERROR=0 SKIP=0 TOTAL=4
[2023-06-22T03:15:51.780+0000] {subprocess.py:97} INFO - Command exited with return code 0
[2023-06-22T03:15:51.804+0000] {taskinstance.py:1332} INFO - Marking task as SUCCESS. dag_id=showpulse_dbt_dag, task_id=dbt_run, execution_date=20230622T031440, start_date=20230622T031544, end_date=20230622T031551
[2023-06-22T03:15:51.847+0000] {local_task_job.py:212} INFO - Task exited with return code 0
[2023-06-22T03:15:51.861+0000] {taskinstance.py:2596} INFO - 0 downstream tasks scheduled from follow-on schedule check
