[2023-06-23T02:13:32.347+0000] {taskinstance.py:1090} INFO - Dependencies all met for dep_context=non-requeueable deps ti=<TaskInstance: showpulse_dbt_dag.pwd1 scheduled__2023-06-23T02:12:31.696804+00:00 [queued]>
[2023-06-23T02:13:32.355+0000] {taskinstance.py:1090} INFO - Dependencies all met for dep_context=requeueable deps ti=<TaskInstance: showpulse_dbt_dag.pwd1 scheduled__2023-06-23T02:12:31.696804+00:00 [queued]>
[2023-06-23T02:13:32.356+0000] {taskinstance.py:1288} INFO - 
--------------------------------------------------------------------------------
[2023-06-23T02:13:32.357+0000] {taskinstance.py:1289} INFO - Starting attempt 1 of 1
[2023-06-23T02:13:32.357+0000] {taskinstance.py:1290} INFO - 
--------------------------------------------------------------------------------
[2023-06-23T02:13:32.366+0000] {taskinstance.py:1309} INFO - Executing <Task(BashOperator): pwd1> on 2023-06-23 02:12:31.696804+00:00
[2023-06-23T02:13:32.370+0000] {standard_task_runner.py:55} INFO - Started process 25290 to run task
[2023-06-23T02:13:32.374+0000] {standard_task_runner.py:82} INFO - Running: ['***', 'tasks', 'run', 'showpulse_dbt_dag', 'pwd1', 'scheduled__2023-06-23T02:12:31.696804+00:00', '--job-id', '2719', '--raw', '--subdir', 'DAGS_FOLDER/dbt_run.py', '--cfg-path', '/tmp/tmp_oxf0cwh']
[2023-06-23T02:13:32.375+0000] {standard_task_runner.py:83} INFO - Job 2719: Subtask pwd1
[2023-06-23T02:13:32.436+0000] {task_command.py:389} INFO - Running <TaskInstance: showpulse_dbt_dag.pwd1 scheduled__2023-06-23T02:12:31.696804+00:00 [running]> on host 62cfed75eae1
[2023-06-23T02:13:32.493+0000] {taskinstance.py:1518} INFO - Exporting the following env vars:
AIRFLOW_CTX_DAG_OWNER=nburkett
AIRFLOW_CTX_DAG_ID=showpulse_dbt_dag
AIRFLOW_CTX_TASK_ID=pwd1
AIRFLOW_CTX_EXECUTION_DATE=2023-06-23T02:12:31.696804+00:00
AIRFLOW_CTX_TRY_NUMBER=1
AIRFLOW_CTX_DAG_RUN_ID=scheduled__2023-06-23T02:12:31.696804+00:00
[2023-06-23T02:13:32.494+0000] {subprocess.py:63} INFO - Tmp dir root location: 
 /tmp
[2023-06-23T02:13:32.496+0000] {subprocess.py:75} INFO - Running command: ['/bin/bash', '-c', 'pwd && ls']
[2023-06-23T02:13:32.507+0000] {subprocess.py:86} INFO - Output:
[2023-06-23T02:13:32.512+0000] {subprocess.py:93} INFO - /tmp/***tmpeozj4abp
[2023-06-23T02:13:32.516+0000] {subprocess.py:97} INFO - Command exited with return code 0
[2023-06-23T02:13:32.542+0000] {taskinstance.py:1332} INFO - Marking task as SUCCESS. dag_id=showpulse_dbt_dag, task_id=pwd1, execution_date=20230623T021231, start_date=20230623T021332, end_date=20230623T021332
[2023-06-23T02:13:32.591+0000] {local_task_job.py:212} INFO - Task exited with return code 0
[2023-06-23T02:13:32.614+0000] {taskinstance.py:2596} INFO - 1 downstream tasks scheduled from follow-on schedule check
