[2023-06-20T00:40:02.787+0000] {taskinstance.py:1090} INFO - Dependencies all met for dep_context=non-requeueable deps ti=<TaskInstance: showpulse_dbt_dag.dbt_run scheduled__2023-06-19T23:00:00+00:00 [queued]>
[2023-06-20T00:40:02.793+0000] {taskinstance.py:1090} INFO - Dependencies all met for dep_context=requeueable deps ti=<TaskInstance: showpulse_dbt_dag.dbt_run scheduled__2023-06-19T23:00:00+00:00 [queued]>
[2023-06-20T00:40:02.794+0000] {taskinstance.py:1288} INFO - 
--------------------------------------------------------------------------------
[2023-06-20T00:40:02.794+0000] {taskinstance.py:1289} INFO - Starting attempt 1 of 1
[2023-06-20T00:40:02.795+0000] {taskinstance.py:1290} INFO - 
--------------------------------------------------------------------------------
[2023-06-20T00:40:02.803+0000] {taskinstance.py:1309} INFO - Executing <Task(BashOperator): dbt_run> on 2023-06-19 23:00:00+00:00
[2023-06-20T00:40:02.807+0000] {standard_task_runner.py:55} INFO - Started process 123 to run task
[2023-06-20T00:40:02.810+0000] {standard_task_runner.py:82} INFO - Running: ['***', 'tasks', 'run', 'showpulse_dbt_dag', 'dbt_run', 'scheduled__2023-06-19T23:00:00+00:00', '--job-id', '322', '--raw', '--subdir', 'DAGS_FOLDER/dbt_run.py', '--cfg-path', '/tmp/tmpt_m4ks5q']
[2023-06-20T00:40:02.811+0000] {standard_task_runner.py:83} INFO - Job 322: Subtask dbt_run
[2023-06-20T00:40:02.862+0000] {task_command.py:389} INFO - Running <TaskInstance: showpulse_dbt_dag.dbt_run scheduled__2023-06-19T23:00:00+00:00 [running]> on host 62cfed75eae1
[2023-06-20T00:40:02.913+0000] {taskinstance.py:1518} INFO - Exporting the following env vars:
AIRFLOW_CTX_DAG_OWNER=nburkett
AIRFLOW_CTX_DAG_ID=showpulse_dbt_dag
AIRFLOW_CTX_TASK_ID=dbt_run
AIRFLOW_CTX_EXECUTION_DATE=2023-06-19T23:00:00+00:00
AIRFLOW_CTX_TRY_NUMBER=1
AIRFLOW_CTX_DAG_RUN_ID=scheduled__2023-06-19T23:00:00+00:00
[2023-06-20T00:40:02.914+0000] {subprocess.py:63} INFO - Tmp dir root location: 
 /tmp
[2023-06-20T00:40:02.915+0000] {subprocess.py:75} INFO - Running command: ['/bin/bash', '-c', 'cd /dbt/ticketmaster_transformation && dbt run']
[2023-06-20T00:40:02.924+0000] {subprocess.py:86} INFO - Output:
[2023-06-20T00:40:04.141+0000] {subprocess.py:93} INFO - [0m00:40:04  Running with dbt=1.5.1
[2023-06-20T00:40:04.604+0000] {subprocess.py:93} INFO - [0m00:40:04  Found 4 models, 0 tests, 0 snapshots, 0 analyses, 356 macros, 0 operations, 0 seed files, 3 sources, 0 exposures, 0 metrics, 0 groups
[2023-06-20T00:40:04.607+0000] {subprocess.py:93} INFO - [0m00:40:04
[2023-06-20T00:40:05.256+0000] {subprocess.py:93} INFO - [0m00:40:05  Concurrency: 4 threads (target='dev')
[2023-06-20T00:40:05.259+0000] {subprocess.py:93} INFO - [0m00:40:05
[2023-06-20T00:40:05.272+0000] {subprocess.py:93} INFO - [0m00:40:05  1 of 4 START sql table model twitter_kafka_pyspark_test.distinct_data .......... [RUN]
[2023-06-20T00:40:05.275+0000] {subprocess.py:93} INFO - [0m00:40:05  2 of 4 START sql table model twitter_kafka_pyspark_test.dm_events .............. [RUN]
[2023-06-20T00:40:05.277+0000] {subprocess.py:93} INFO - [0m00:40:05  3 of 4 START sql table model twitter_kafka_pyspark_test.my_first_dbt_model ..... [RUN]
[2023-06-20T00:40:08.242+0000] {subprocess.py:93} INFO - [0m00:40:08  3 of 4 OK created sql table model twitter_kafka_pyspark_test.my_first_dbt_model  [[32mCREATE TABLE (2.0 rows, 0 processed)[0m in 2.95s]
[2023-06-20T00:40:08.243+0000] {subprocess.py:93} INFO - [0m00:40:08  2 of 4 OK created sql table model twitter_kafka_pyspark_test.dm_events ......... [[32mCREATE TABLE (21.0 rows, 3.4 KiB processed)[0m in 2.95s]
[2023-06-20T00:40:08.250+0000] {subprocess.py:93} INFO - [0m00:40:08  1 of 4 OK created sql table model twitter_kafka_pyspark_test.distinct_data ..... [[32mCREATE TABLE (21.0 rows, 10.8 KiB processed)[0m in 2.95s]
[2023-06-20T00:40:08.255+0000] {subprocess.py:93} INFO - [0m00:40:08  4 of 4 START sql view model twitter_kafka_pyspark_test.my_second_dbt_model ..... [RUN]
[2023-06-20T00:40:09.143+0000] {subprocess.py:93} INFO - [0m00:40:09  4 of 4 OK created sql view model twitter_kafka_pyspark_test.my_second_dbt_model  [[32mCREATE VIEW (0 processed)[0m in 0.88s]
[2023-06-20T00:40:09.252+0000] {subprocess.py:93} INFO - [0m00:40:09
[2023-06-20T00:40:09.255+0000] {subprocess.py:93} INFO - [0m00:40:09  Finished running 3 table models, 1 view model in 0 hours 0 minutes and 4.64 seconds (4.64s).
[2023-06-20T00:40:09.288+0000] {subprocess.py:93} INFO - [0m00:40:09
[2023-06-20T00:40:09.290+0000] {subprocess.py:93} INFO - [0m00:40:09  [32mCompleted successfully[0m
[2023-06-20T00:40:09.291+0000] {subprocess.py:93} INFO - [0m00:40:09
[2023-06-20T00:40:09.293+0000] {subprocess.py:93} INFO - [0m00:40:09  Done. PASS=4 WARN=0 ERROR=0 SKIP=0 TOTAL=4
[2023-06-20T00:40:09.708+0000] {subprocess.py:97} INFO - Command exited with return code 0
[2023-06-20T00:40:09.729+0000] {taskinstance.py:1332} INFO - Marking task as SUCCESS. dag_id=showpulse_dbt_dag, task_id=dbt_run, execution_date=20230619T230000, start_date=20230620T004002, end_date=20230620T004009
[2023-06-20T00:40:09.765+0000] {local_task_job.py:212} INFO - Task exited with return code 0
[2023-06-20T00:40:09.777+0000] {taskinstance.py:2596} INFO - 0 downstream tasks scheduled from follow-on schedule check
