[2023-06-22T20:51:29.845+0000] {taskinstance.py:1090} INFO - Dependencies all met for dep_context=non-requeueable deps ti=<TaskInstance: showpulse_dbt_dag.dbt_run scheduled__2023-06-22T20:50:25.498870+00:00 [queued]>
[2023-06-22T20:51:29.852+0000] {taskinstance.py:1090} INFO - Dependencies all met for dep_context=requeueable deps ti=<TaskInstance: showpulse_dbt_dag.dbt_run scheduled__2023-06-22T20:50:25.498870+00:00 [queued]>
[2023-06-22T20:51:29.852+0000] {taskinstance.py:1288} INFO - 
--------------------------------------------------------------------------------
[2023-06-22T20:51:29.853+0000] {taskinstance.py:1289} INFO - Starting attempt 1 of 1
[2023-06-22T20:51:29.853+0000] {taskinstance.py:1290} INFO - 
--------------------------------------------------------------------------------
[2023-06-22T20:51:29.861+0000] {taskinstance.py:1309} INFO - Executing <Task(BashOperator): dbt_run> on 2023-06-22 20:50:25.498870+00:00
[2023-06-22T20:51:29.865+0000] {standard_task_runner.py:55} INFO - Started process 18226 to run task
[2023-06-22T20:51:29.868+0000] {standard_task_runner.py:82} INFO - Running: ['***', 'tasks', 'run', 'showpulse_dbt_dag', 'dbt_run', 'scheduled__2023-06-22T20:50:25.498870+00:00', '--job-id', '2106', '--raw', '--subdir', 'DAGS_FOLDER/dbt_run.py', '--cfg-path', '/tmp/tmp2suy7f34']
[2023-06-22T20:51:29.869+0000] {standard_task_runner.py:83} INFO - Job 2106: Subtask dbt_run
[2023-06-22T20:51:29.923+0000] {task_command.py:389} INFO - Running <TaskInstance: showpulse_dbt_dag.dbt_run scheduled__2023-06-22T20:50:25.498870+00:00 [running]> on host 62cfed75eae1
[2023-06-22T20:51:29.973+0000] {taskinstance.py:1518} INFO - Exporting the following env vars:
AIRFLOW_CTX_DAG_OWNER=nburkett
AIRFLOW_CTX_DAG_ID=showpulse_dbt_dag
AIRFLOW_CTX_TASK_ID=dbt_run
AIRFLOW_CTX_EXECUTION_DATE=2023-06-22T20:50:25.498870+00:00
AIRFLOW_CTX_TRY_NUMBER=1
AIRFLOW_CTX_DAG_RUN_ID=scheduled__2023-06-22T20:50:25.498870+00:00
[2023-06-22T20:51:29.974+0000] {subprocess.py:63} INFO - Tmp dir root location: 
 /tmp
[2023-06-22T20:51:29.975+0000] {subprocess.py:75} INFO - Running command: ['/bin/bash', '-c', 'cd /dbt/ticketmaster_transformation && dbt run']
[2023-06-22T20:51:29.984+0000] {subprocess.py:86} INFO - Output:
[2023-06-22T20:51:31.264+0000] {subprocess.py:93} INFO - [0m20:51:31  Running with dbt=1.5.1
[2023-06-22T20:51:31.827+0000] {subprocess.py:93} INFO - [0m20:51:31  Found 4 models, 0 tests, 0 snapshots, 0 analyses, 356 macros, 0 operations, 0 seed files, 3 sources, 0 exposures, 0 metrics, 0 groups
[2023-06-22T20:51:31.830+0000] {subprocess.py:93} INFO - [0m20:51:31
[2023-06-22T20:51:32.567+0000] {subprocess.py:93} INFO - [0m20:51:32  Concurrency: 4 threads (target='dev')
[2023-06-22T20:51:32.568+0000] {subprocess.py:93} INFO - [0m20:51:32
[2023-06-22T20:51:32.575+0000] {subprocess.py:93} INFO - [0m20:51:32  1 of 4 START sql table model twitter_kafka_pyspark_test.distinct_data .......... [RUN]
[2023-06-22T20:51:32.577+0000] {subprocess.py:93} INFO - [0m20:51:32  2 of 4 START sql table model twitter_kafka_pyspark_test.dm_events .............. [RUN]
[2023-06-22T20:51:32.578+0000] {subprocess.py:93} INFO - [0m20:51:32  3 of 4 START sql table model twitter_kafka_pyspark_test.my_first_dbt_model ..... [RUN]
[2023-06-22T20:51:35.356+0000] {subprocess.py:93} INFO - [0m20:51:35  3 of 4 OK created sql table model twitter_kafka_pyspark_test.my_first_dbt_model  [[32mCREATE TABLE (2.0 rows, 0 processed)[0m in 2.77s]
[2023-06-22T20:51:35.364+0000] {subprocess.py:93} INFO - [0m20:51:35  2 of 4 OK created sql table model twitter_kafka_pyspark_test.dm_events ......... [[32mCREATE TABLE (1.3k rows, 178.2 KiB processed)[0m in 2.78s]
[2023-06-22T20:51:35.369+0000] {subprocess.py:93} INFO - [0m20:51:35  4 of 4 START sql view model twitter_kafka_pyspark_test.my_second_dbt_model ..... [RUN]
[2023-06-22T20:51:35.586+0000] {subprocess.py:93} INFO - [0m20:51:35  1 of 4 OK created sql table model twitter_kafka_pyspark_test.distinct_data ..... [[32mCREATE TABLE (1.1k rows, 638.3 KiB processed)[0m in 3.01s]
[2023-06-22T20:51:36.232+0000] {subprocess.py:93} INFO - [0m20:51:36  4 of 4 OK created sql view model twitter_kafka_pyspark_test.my_second_dbt_model  [[32mCREATE VIEW (0 processed)[0m in 0.86s]
[2023-06-22T20:51:36.307+0000] {subprocess.py:93} INFO - [0m20:51:36
[2023-06-22T20:51:36.310+0000] {subprocess.py:93} INFO - [0m20:51:36  Finished running 3 table models, 1 view model in 0 hours 0 minutes and 4.48 seconds (4.48s).
[2023-06-22T20:51:36.343+0000] {subprocess.py:93} INFO - [0m20:51:36
[2023-06-22T20:51:36.345+0000] {subprocess.py:93} INFO - [0m20:51:36  [32mCompleted successfully[0m
[2023-06-22T20:51:36.346+0000] {subprocess.py:93} INFO - [0m20:51:36
[2023-06-22T20:51:36.348+0000] {subprocess.py:93} INFO - [0m20:51:36  Done. PASS=4 WARN=0 ERROR=0 SKIP=0 TOTAL=4
[2023-06-22T20:51:36.813+0000] {subprocess.py:97} INFO - Command exited with return code 0
[2023-06-22T20:51:36.839+0000] {taskinstance.py:1332} INFO - Marking task as SUCCESS. dag_id=showpulse_dbt_dag, task_id=dbt_run, execution_date=20230622T205025, start_date=20230622T205129, end_date=20230622T205136
[2023-06-22T20:51:36.866+0000] {local_task_job.py:212} INFO - Task exited with return code 0
[2023-06-22T20:51:36.881+0000] {taskinstance.py:2596} INFO - 0 downstream tasks scheduled from follow-on schedule check
