[2023-06-22T00:12:23.368+0000] {taskinstance.py:1090} INFO - Dependencies all met for dep_context=non-requeueable deps ti=<TaskInstance: showpulse_dbt_dag.dbt_run scheduled__2023-06-22T00:11:19.542692+00:00 [queued]>
[2023-06-22T00:12:23.375+0000] {taskinstance.py:1090} INFO - Dependencies all met for dep_context=requeueable deps ti=<TaskInstance: showpulse_dbt_dag.dbt_run scheduled__2023-06-22T00:11:19.542692+00:00 [queued]>
[2023-06-22T00:12:23.376+0000] {taskinstance.py:1288} INFO - 
--------------------------------------------------------------------------------
[2023-06-22T00:12:23.376+0000] {taskinstance.py:1289} INFO - Starting attempt 1 of 1
[2023-06-22T00:12:23.377+0000] {taskinstance.py:1290} INFO - 
--------------------------------------------------------------------------------
[2023-06-22T00:12:23.384+0000] {taskinstance.py:1309} INFO - Executing <Task(BashOperator): dbt_run> on 2023-06-22 00:11:19.542692+00:00
[2023-06-22T00:12:23.388+0000] {standard_task_runner.py:55} INFO - Started process 9496 to run task
[2023-06-22T00:12:23.391+0000] {standard_task_runner.py:82} INFO - Running: ['***', 'tasks', 'run', 'showpulse_dbt_dag', 'dbt_run', 'scheduled__2023-06-22T00:11:19.542692+00:00', '--job-id', '1302', '--raw', '--subdir', 'DAGS_FOLDER/dbt_run.py', '--cfg-path', '/tmp/tmpjuvgmd35']
[2023-06-22T00:12:23.392+0000] {standard_task_runner.py:83} INFO - Job 1302: Subtask dbt_run
[2023-06-22T00:12:23.447+0000] {task_command.py:389} INFO - Running <TaskInstance: showpulse_dbt_dag.dbt_run scheduled__2023-06-22T00:11:19.542692+00:00 [running]> on host 62cfed75eae1
[2023-06-22T00:12:23.498+0000] {taskinstance.py:1518} INFO - Exporting the following env vars:
AIRFLOW_CTX_DAG_OWNER=nburkett
AIRFLOW_CTX_DAG_ID=showpulse_dbt_dag
AIRFLOW_CTX_TASK_ID=dbt_run
AIRFLOW_CTX_EXECUTION_DATE=2023-06-22T00:11:19.542692+00:00
AIRFLOW_CTX_TRY_NUMBER=1
AIRFLOW_CTX_DAG_RUN_ID=scheduled__2023-06-22T00:11:19.542692+00:00
[2023-06-22T00:12:23.499+0000] {subprocess.py:63} INFO - Tmp dir root location: 
 /tmp
[2023-06-22T00:12:23.500+0000] {subprocess.py:75} INFO - Running command: ['/bin/bash', '-c', 'cd /dbt/ticketmaster_transformation && dbt run']
[2023-06-22T00:12:23.508+0000] {subprocess.py:86} INFO - Output:
[2023-06-22T00:12:24.935+0000] {subprocess.py:93} INFO - [0m00:12:24  Running with dbt=1.5.1
[2023-06-22T00:12:25.594+0000] {subprocess.py:93} INFO - [0m00:12:25  Found 4 models, 0 tests, 0 snapshots, 0 analyses, 356 macros, 0 operations, 0 seed files, 3 sources, 0 exposures, 0 metrics, 0 groups
[2023-06-22T00:12:25.598+0000] {subprocess.py:93} INFO - [0m00:12:25
[2023-06-22T00:12:26.374+0000] {subprocess.py:93} INFO - [0m00:12:26  Concurrency: 4 threads (target='dev')
[2023-06-22T00:12:26.375+0000] {subprocess.py:93} INFO - [0m00:12:26
[2023-06-22T00:12:26.383+0000] {subprocess.py:93} INFO - [0m00:12:26  1 of 4 START sql table model twitter_kafka_pyspark_test.distinct_data .......... [RUN]
[2023-06-22T00:12:26.386+0000] {subprocess.py:93} INFO - [0m00:12:26  3 of 4 START sql table model twitter_kafka_pyspark_test.my_first_dbt_model ..... [RUN]
[2023-06-22T00:12:26.387+0000] {subprocess.py:93} INFO - [0m00:12:26  2 of 4 START sql table model twitter_kafka_pyspark_test.dm_events .............. [RUN]
[2023-06-22T00:12:29.581+0000] {subprocess.py:93} INFO - [0m00:12:29  2 of 4 OK created sql table model twitter_kafka_pyspark_test.dm_events ......... [[32mCREATE TABLE (1.3k rows, 178.2 KiB processed)[0m in 3.18s]
[2023-06-22T00:12:29.583+0000] {subprocess.py:93} INFO - [0m00:12:29  3 of 4 OK created sql table model twitter_kafka_pyspark_test.my_first_dbt_model  [[32mCREATE TABLE (2.0 rows, 0 processed)[0m in 3.18s]
[2023-06-22T00:12:29.591+0000] {subprocess.py:93} INFO - [0m00:12:29  4 of 4 START sql view model twitter_kafka_pyspark_test.my_second_dbt_model ..... [RUN]
[2023-06-22T00:12:29.769+0000] {subprocess.py:93} INFO - [0m00:12:29  1 of 4 OK created sql table model twitter_kafka_pyspark_test.distinct_data ..... [[32mCREATE TABLE (1.1k rows, 638.3 KiB processed)[0m in 3.38s]
[2023-06-22T00:12:30.508+0000] {subprocess.py:93} INFO - [0m00:12:30  4 of 4 OK created sql view model twitter_kafka_pyspark_test.my_second_dbt_model  [[32mCREATE VIEW (0 processed)[0m in 0.91s]
[2023-06-22T00:12:30.549+0000] {subprocess.py:93} INFO - [0m00:12:30
[2023-06-22T00:12:30.550+0000] {subprocess.py:93} INFO - [0m00:12:30  Finished running 3 table models, 1 view model in 0 hours 0 minutes and 4.95 seconds (4.95s).
[2023-06-22T00:12:30.568+0000] {subprocess.py:93} INFO - [0m00:12:30
[2023-06-22T00:12:30.570+0000] {subprocess.py:93} INFO - [0m00:12:30  [32mCompleted successfully[0m
[2023-06-22T00:12:30.571+0000] {subprocess.py:93} INFO - [0m00:12:30
[2023-06-22T00:12:30.572+0000] {subprocess.py:93} INFO - [0m00:12:30  Done. PASS=4 WARN=0 ERROR=0 SKIP=0 TOTAL=4
[2023-06-22T00:12:31.206+0000] {subprocess.py:97} INFO - Command exited with return code 0
[2023-06-22T00:12:31.238+0000] {taskinstance.py:1332} INFO - Marking task as SUCCESS. dag_id=showpulse_dbt_dag, task_id=dbt_run, execution_date=20230622T001119, start_date=20230622T001223, end_date=20230622T001231
[2023-06-22T00:12:31.303+0000] {local_task_job.py:212} INFO - Task exited with return code 0
[2023-06-22T00:12:31.319+0000] {taskinstance.py:2596} INFO - 0 downstream tasks scheduled from follow-on schedule check
