[2023-06-17T21:43:37.593+0000] {taskinstance.py:1090} INFO - Dependencies all met for dep_context=non-requeueable deps ti=<TaskInstance: showpulse_dbt_dag.install_dbt manual__2023-06-17T21:11:58.487136+00:00 [queued]>
[2023-06-17T21:43:37.599+0000] {taskinstance.py:1090} INFO - Dependencies all met for dep_context=requeueable deps ti=<TaskInstance: showpulse_dbt_dag.install_dbt manual__2023-06-17T21:11:58.487136+00:00 [queued]>
[2023-06-17T21:43:37.600+0000] {taskinstance.py:1288} INFO - 
--------------------------------------------------------------------------------
[2023-06-17T21:43:37.600+0000] {taskinstance.py:1289} INFO - Starting attempt 2 of 2
[2023-06-17T21:43:37.601+0000] {taskinstance.py:1290} INFO - 
--------------------------------------------------------------------------------
[2023-06-17T21:43:37.609+0000] {taskinstance.py:1309} INFO - Executing <Task(BashOperator): install_dbt> on 2023-06-17 21:11:58.487136+00:00
[2023-06-17T21:43:37.613+0000] {standard_task_runner.py:55} INFO - Started process 78 to run task
[2023-06-17T21:43:37.616+0000] {standard_task_runner.py:82} INFO - Running: ['***', 'tasks', 'run', 'showpulse_dbt_dag', 'install_dbt', 'manual__2023-06-17T21:11:58.487136+00:00', '--job-id', '284', '--raw', '--subdir', 'DAGS_FOLDER/dbt_run.py', '--cfg-path', '/tmp/tmpak1zylck']
[2023-06-17T21:43:37.617+0000] {standard_task_runner.py:83} INFO - Job 284: Subtask install_dbt
[2023-06-17T21:43:37.670+0000] {task_command.py:389} INFO - Running <TaskInstance: showpulse_dbt_dag.install_dbt manual__2023-06-17T21:11:58.487136+00:00 [running]> on host e60c8c77cdf9
[2023-06-17T21:43:37.717+0000] {taskinstance.py:1518} INFO - Exporting the following env vars:
AIRFLOW_CTX_DAG_OWNER=nburkett
AIRFLOW_CTX_DAG_ID=showpulse_dbt_dag
AIRFLOW_CTX_TASK_ID=install_dbt
AIRFLOW_CTX_EXECUTION_DATE=2023-06-17T21:11:58.487136+00:00
AIRFLOW_CTX_TRY_NUMBER=2
AIRFLOW_CTX_DAG_RUN_ID=manual__2023-06-17T21:11:58.487136+00:00
[2023-06-17T21:43:37.719+0000] {subprocess.py:63} INFO - Tmp dir root location: 
 /tmp
[2023-06-17T21:43:37.720+0000] {subprocess.py:75} INFO - Running command: ['/bin/bash', '-c', 'pip3 install dbt-bigquery']
[2023-06-17T21:43:37.730+0000] {subprocess.py:86} INFO - Output:
[2023-06-17T21:43:38.012+0000] {subprocess.py:93} INFO - Defaulting to user installation because normal site-packages is not writeable
[2023-06-17T21:43:38.280+0000] {subprocess.py:93} INFO - Collecting dbt-bigquery
[2023-06-17T21:43:38.451+0000] {subprocess.py:93} INFO -   Downloading dbt_bigquery-1.5.2-py3-none-any.whl (55 kB)
[2023-06-17T21:43:38.483+0000] {subprocess.py:93} INFO -      ━━━━━━━━━━━━━━━━━━━━━━━━━━━━━━━━━━━━━━━━ 55.8/55.8 kB 1.6 MB/s eta 0:00:00
[2023-06-17T21:43:38.600+0000] {subprocess.py:93} INFO - Collecting dbt-core~=1.5.0
[2023-06-17T21:43:38.634+0000] {subprocess.py:93} INFO -   Downloading dbt_core-1.5.1-py3-none-any.whl (947 kB)
[2023-06-17T21:43:38.737+0000] {subprocess.py:93} INFO -      ━━━━━━━━━━━━━━━━━━━━━━━━━━━━━━━━━━━━━━━ 947.9/947.9 kB 9.3 MB/s eta 0:00:00
[2023-06-17T21:43:38.845+0000] {subprocess.py:93} INFO - Collecting google-cloud-bigquery~=3.0
[2023-06-17T21:43:38.871+0000] {subprocess.py:93} INFO -   Downloading google_cloud_bigquery-3.11.1-py2.py3-none-any.whl (219 kB)
[2023-06-17T21:43:38.886+0000] {subprocess.py:93} INFO -      ━━━━━━━━━━━━━━━━━━━━━━━━━━━━━━━━━━━━━━ 219.4/219.4 kB 16.0 MB/s eta 0:00:00
[2023-06-17T21:43:38.888+0000] {subprocess.py:93} INFO - Requirement already satisfied: google-cloud-storage~=2.4 in /home/***/.local/lib/python3.7/site-packages (from dbt-bigquery) (2.7.0)
[2023-06-17T21:43:38.951+0000] {subprocess.py:93} INFO - Collecting agate~=1.6.3
[2023-06-17T21:43:38.977+0000] {subprocess.py:93} INFO -   Downloading agate-1.6.3-py2.py3-none-any.whl (100 kB)
[2023-06-17T21:43:38.985+0000] {subprocess.py:93} INFO -      ━━━━━━━━━━━━━━━━━━━━━━━━━━━━━━━━━━━━━━ 100.5/100.5 kB 14.7 MB/s eta 0:00:00
[2023-06-17T21:43:38.987+0000] {subprocess.py:93} INFO - Requirement already satisfied: google-cloud-dataproc~=5.0 in /home/***/.local/lib/python3.7/site-packages (from dbt-bigquery) (5.0.0)
[2023-06-17T21:43:38.997+0000] {subprocess.py:93} INFO - Requirement already satisfied: python-slugify>=1.2.1 in /home/***/.local/lib/python3.7/site-packages (from agate~=1.6.3->dbt-bigquery) (8.0.1)
[2023-06-17T21:43:39.065+0000] {subprocess.py:93} INFO - Collecting parsedatetime!=2.5,!=2.6,>=2.1
[2023-06-17T21:43:39.097+0000] {subprocess.py:93} INFO -   Downloading parsedatetime-2.4.tar.gz (58 kB)
[2023-06-17T21:43:39.102+0000] {subprocess.py:93} INFO -      ━━━━━━━━━━━━━━━━━━━━━━━━━━━━━━━━━━━━━━━━ 58.8/58.8 kB 12.6 MB/s eta 0:00:00
[2023-06-17T21:43:39.113+0000] {subprocess.py:93} INFO -   Preparing metadata (setup.py): started
[2023-06-17T21:43:39.390+0000] {subprocess.py:93} INFO -   Preparing metadata (setup.py): finished with status 'done'
[2023-06-17T21:43:39.392+0000] {subprocess.py:93} INFO - Requirement already satisfied: six>=1.9.0 in /home/***/.local/lib/python3.7/site-packages (from agate~=1.6.3->dbt-bigquery) (1.16.0)
[2023-06-17T21:43:39.453+0000] {subprocess.py:93} INFO - Collecting pytimeparse>=1.1.5
[2023-06-17T21:43:39.479+0000] {subprocess.py:93} INFO -   Downloading pytimeparse-1.1.8-py2.py3-none-any.whl (10.0 kB)
[2023-06-17T21:43:39.549+0000] {subprocess.py:93} INFO - Collecting leather>=0.3.2
[2023-06-17T21:43:39.583+0000] {subprocess.py:93} INFO -   Downloading leather-0.3.4-py2.py3-none-any.whl (31 kB)
[2023-06-17T21:43:39.587+0000] {subprocess.py:93} INFO - Requirement already satisfied: isodate>=0.5.4 in /home/***/.local/lib/python3.7/site-packages (from agate~=1.6.3->dbt-bigquery) (0.6.1)
[2023-06-17T21:43:39.588+0000] {subprocess.py:93} INFO - Requirement already satisfied: Babel>=2.0 in /home/***/.local/lib/python3.7/site-packages (from agate~=1.6.3->dbt-bigquery) (2.12.1)
[2023-06-17T21:43:39.602+0000] {subprocess.py:93} INFO - Requirement already satisfied: idna<4,>=2.5 in /home/***/.local/lib/python3.7/site-packages (from dbt-core~=1.5.0->dbt-bigquery) (3.4)
[2023-06-17T21:43:39.682+0000] {subprocess.py:93} INFO - Collecting logbook<1.6,>=1.5
[2023-06-17T21:43:39.715+0000] {subprocess.py:93} INFO -   Downloading Logbook-1.5.3.tar.gz (85 kB)
[2023-06-17T21:43:39.724+0000] {subprocess.py:93} INFO -      ━━━━━━━━━━━━━━━━━━━━━━━━━━━━━━━━━━━━━━━━ 85.8/85.8 kB 16.2 MB/s eta 0:00:00
[2023-06-17T21:43:39.735+0000] {subprocess.py:93} INFO -   Preparing metadata (setup.py): started
[2023-06-17T21:43:40.052+0000] {subprocess.py:93} INFO -   Preparing metadata (setup.py): finished with status 'done'
[2023-06-17T21:43:40.298+0000] {subprocess.py:93} INFO - Collecting protobuf>=4.0.0
[2023-06-17T21:43:40.328+0000] {subprocess.py:93} INFO -   Downloading protobuf-4.23.3-cp37-abi3-manylinux2014_aarch64.whl (303 kB)
[2023-06-17T21:43:40.342+0000] {subprocess.py:93} INFO -      ━━━━━━━━━━━━━━━━━━━━━━━━━━━━━━━━━━━━━━ 303.5/303.5 kB 23.1 MB/s eta 0:00:00
[2023-06-17T21:43:40.344+0000] {subprocess.py:93} INFO - Requirement already satisfied: Jinja2==3.1.2 in /home/***/.local/lib/python3.7/site-packages (from dbt-core~=1.5.0->dbt-bigquery) (3.1.2)
[2023-06-17T21:43:40.344+0000] {subprocess.py:93} INFO - Requirement already satisfied: click<9,>=7.0 in /home/***/.local/lib/python3.7/site-packages (from dbt-core~=1.5.0->dbt-bigquery) (8.1.3)
[2023-06-17T21:43:40.405+0000] {subprocess.py:93} INFO - Collecting hologram<=0.0.16,>=0.0.14
[2023-06-17T21:43:40.432+0000] {subprocess.py:93} INFO -   Downloading hologram-0.0.16-py3-none-any.whl (11 kB)
[2023-06-17T21:43:40.517+0000] {subprocess.py:93} INFO - Collecting mashumaro[msgpack]==3.6
[2023-06-17T21:43:40.544+0000] {subprocess.py:93} INFO -   Downloading mashumaro-3.6-py3-none-any.whl (66 kB)
[2023-06-17T21:43:40.553+0000] {subprocess.py:93} INFO -      ━━━━━━━━━━━━━━━━━━━━━━━━━━━━━━━━━━━━━━━━ 66.5/66.5 kB 10.7 MB/s eta 0:00:00
[2023-06-17T21:43:40.555+0000] {subprocess.py:93} INFO - Requirement already satisfied: packaging>20.9 in /home/***/.local/lib/python3.7/site-packages (from dbt-core~=1.5.0->dbt-bigquery) (21.3)
[2023-06-17T21:43:40.556+0000] {subprocess.py:93} INFO - Requirement already satisfied: sqlparse<0.4.4,>=0.2.3 in /home/***/.local/lib/python3.7/site-packages (from dbt-core~=1.5.0->dbt-bigquery) (0.4.3)
[2023-06-17T21:43:40.620+0000] {subprocess.py:93} INFO - Collecting minimal-snowplow-tracker==0.0.2
[2023-06-17T21:43:40.646+0000] {subprocess.py:93} INFO -   Downloading minimal-snowplow-tracker-0.0.2.tar.gz (12 kB)
[2023-06-17T21:43:40.654+0000] {subprocess.py:93} INFO -   Preparing metadata (setup.py): started
[2023-06-17T21:43:40.914+0000] {subprocess.py:93} INFO -   Preparing metadata (setup.py): finished with status 'done'
[2023-06-17T21:43:40.916+0000] {subprocess.py:93} INFO - Requirement already satisfied: werkzeug<3,>=1 in /home/***/.local/lib/python3.7/site-packages (from dbt-core~=1.5.0->dbt-bigquery) (2.2.3)
[2023-06-17T21:43:40.968+0000] {subprocess.py:93} INFO - Collecting networkx<2.8.1,>=2.3
[2023-06-17T21:43:41.002+0000] {subprocess.py:93} INFO -   Downloading networkx-2.6.3-py3-none-any.whl (1.9 MB)
[2023-06-17T21:43:41.136+0000] {subprocess.py:93} INFO -      ━━━━━━━━━━━━━━━━━━━━━━━━━━━━━━━━━━━━━━━━ 1.9/1.9 MB 14.7 MB/s eta 0:00:00
[2023-06-17T21:43:41.142+0000] {subprocess.py:93} INFO - Requirement already satisfied: typing-extensions>=3.7.4 in /home/***/.local/lib/python3.7/site-packages (from dbt-core~=1.5.0->dbt-bigquery) (4.5.0)
[2023-06-17T21:43:41.143+0000] {subprocess.py:93} INFO - Requirement already satisfied: pyyaml>=6.0 in /home/***/.local/lib/python3.7/site-packages (from dbt-core~=1.5.0->dbt-bigquery) (6.0)
[2023-06-17T21:43:41.143+0000] {subprocess.py:93} INFO - Requirement already satisfied: pathspec<0.12,>=0.9 in /home/***/.local/lib/python3.7/site-packages (from dbt-core~=1.5.0->dbt-bigquery) (0.9.0)
[2023-06-17T21:43:41.144+0000] {subprocess.py:93} INFO - Requirement already satisfied: cffi<2.0.0,>=1.9 in /home/***/.local/lib/python3.7/site-packages (from dbt-core~=1.5.0->dbt-bigquery) (1.15.1)
[2023-06-17T21:43:41.145+0000] {subprocess.py:93} INFO - Requirement already satisfied: requests<3.0.0 in /home/***/.local/lib/python3.7/site-packages (from dbt-core~=1.5.0->dbt-bigquery) (2.28.2)
[2023-06-17T21:43:41.145+0000] {subprocess.py:93} INFO - Requirement already satisfied: colorama<0.4.7,>=0.3.9 in /home/***/.local/lib/python3.7/site-packages (from dbt-core~=1.5.0->dbt-bigquery) (0.4.6)
[2023-06-17T21:43:41.235+0000] {subprocess.py:93} INFO - Collecting dbt-extractor~=0.4.1
[2023-06-17T21:43:41.271+0000] {subprocess.py:93} INFO -   Downloading dbt_extractor-0.4.1-cp36-abi3-manylinux_2_17_aarch64.manylinux2014_aarch64.whl (1.1 MB)
[2023-06-17T21:43:41.326+0000] {subprocess.py:93} INFO -      ━━━━━━━━━━━━━━━━━━━━━━━━━━━━━━━━━━━━━━━━ 1.1/1.1 MB 20.0 MB/s eta 0:00:00
[2023-06-17T21:43:41.328+0000] {subprocess.py:93} INFO - Requirement already satisfied: pytz>=2015.7 in /home/***/.local/lib/python3.7/site-packages (from dbt-core~=1.5.0->dbt-bigquery) (2023.3)
[2023-06-17T21:43:41.330+0000] {subprocess.py:93} INFO - Requirement already satisfied: MarkupSafe>=2.0 in /home/***/.local/lib/python3.7/site-packages (from Jinja2==3.1.2->dbt-core~=1.5.0->dbt-bigquery) (2.1.2)
[2023-06-17T21:43:41.337+0000] {subprocess.py:93} INFO - Requirement already satisfied: msgpack>=0.5.6 in /home/***/.local/lib/python3.7/site-packages (from mashumaro[msgpack]==3.6->dbt-core~=1.5.0->dbt-bigquery) (1.0.5)
[2023-06-17T21:43:41.376+0000] {subprocess.py:93} INFO - Requirement already satisfied: grpcio<2.0dev,>=1.47.0 in /home/***/.local/lib/python3.7/site-packages (from google-cloud-bigquery~=3.0->dbt-bigquery) (1.53.0)
[2023-06-17T21:43:41.377+0000] {subprocess.py:93} INFO - Requirement already satisfied: google-api-core[grpc]!=2.0.*,!=2.1.*,!=2.2.*,!=2.3.0,<3.0.0dev,>=1.31.5 in /home/***/.local/lib/python3.7/site-packages (from google-cloud-bigquery~=3.0->dbt-bigquery) (2.8.2)
[2023-06-17T21:43:41.377+0000] {subprocess.py:93} INFO - Requirement already satisfied: proto-plus<2.0.0dev,>=1.15.0 in /home/***/.local/lib/python3.7/site-packages (from google-cloud-bigquery~=3.0->dbt-bigquery) (1.19.6)
[2023-06-17T21:43:41.378+0000] {subprocess.py:93} INFO - Requirement already satisfied: google-cloud-core<3.0.0dev,>=1.6.0 in /home/***/.local/lib/python3.7/site-packages (from google-cloud-bigquery~=3.0->dbt-bigquery) (2.3.2)
[2023-06-17T21:43:41.395+0000] {subprocess.py:93} INFO - Requirement already satisfied: python-dateutil<3.0dev,>=2.7.2 in /home/***/.local/lib/python3.7/site-packages (from google-cloud-bigquery~=3.0->dbt-bigquery) (2.8.2)
[2023-06-17T21:43:41.395+0000] {subprocess.py:93} INFO - Requirement already satisfied: google-resumable-media<3.0dev,>=0.6.0 in /home/***/.local/lib/python3.7/site-packages (from google-cloud-bigquery~=3.0->dbt-bigquery) (2.4.1)
[2023-06-17T21:43:41.482+0000] {subprocess.py:93} INFO - Collecting google-cloud-dataproc~=5.0
[2023-06-17T21:43:41.519+0000] {subprocess.py:93} INFO -   Downloading google_cloud_dataproc-5.4.1-py2.py3-none-any.whl (307 kB)
[2023-06-17T21:43:41.534+0000] {subprocess.py:93} INFO -      ━━━━━━━━━━━━━━━━━━━━━━━━━━━━━━━━━━━━━━ 307.5/307.5 kB 22.5 MB/s eta 0:00:00
[2023-06-17T21:43:41.611+0000] {subprocess.py:93} INFO - Collecting google-api-core[grpc]!=2.0.*,!=2.1.*,!=2.2.*,!=2.3.0,<3.0.0dev,>=1.31.5
[2023-06-17T21:43:41.650+0000] {subprocess.py:93} INFO -   Downloading google_api_core-2.11.1-py3-none-any.whl (120 kB)
[2023-06-17T21:43:41.659+0000] {subprocess.py:93} INFO -      ━━━━━━━━━━━━━━━━━━━━━━━━━━━━━━━━━━━━━━ 120.5/120.5 kB 17.9 MB/s eta 0:00:00
[2023-06-17T21:43:41.661+0000] {subprocess.py:93} INFO - Requirement already satisfied: grpc-google-iam-v1<1.0.0dev,>=0.12.4 in /home/***/.local/lib/python3.7/site-packages (from google-cloud-dataproc~=5.0->dbt-bigquery) (0.12.4)
[2023-06-17T21:43:41.743+0000] {subprocess.py:93} INFO - Collecting proto-plus<2.0.0dev,>=1.15.0
[2023-06-17T21:43:41.773+0000] {subprocess.py:93} INFO -   Downloading proto_plus-1.22.2-py3-none-any.whl (47 kB)
[2023-06-17T21:43:41.776+0000] {subprocess.py:93} INFO -      ━━━━━━━━━━━━━━━━━━━━━━━━━━━━━━━━━━━━━━━━ 47.9/47.9 kB 18.5 MB/s eta 0:00:00
[2023-06-17T21:43:41.784+0000] {subprocess.py:93} INFO - Requirement already satisfied: google-auth<3.0dev,>=1.25.0 in /home/***/.local/lib/python3.7/site-packages (from google-cloud-storage~=2.4->dbt-bigquery) (2.17.0)
[2023-06-17T21:43:41.787+0000] {subprocess.py:93} INFO - Requirement already satisfied: pycparser in /home/***/.local/lib/python3.7/site-packages (from cffi<2.0.0,>=1.9->dbt-core~=1.5.0->dbt-bigquery) (2.21)
[2023-06-17T21:43:41.790+0000] {subprocess.py:93} INFO - Requirement already satisfied: importlib-metadata in /home/***/.local/lib/python3.7/site-packages (from click<9,>=7.0->dbt-core~=1.5.0->dbt-bigquery) (4.13.0)
[2023-06-17T21:43:41.814+0000] {subprocess.py:93} INFO - Requirement already satisfied: googleapis-common-protos<2.0dev,>=1.56.2 in /home/***/.local/lib/python3.7/site-packages (from google-api-core[grpc]!=2.0.*,!=2.1.*,!=2.2.*,!=2.3.0,<3.0.0dev,>=1.31.5->google-cloud-bigquery~=3.0->dbt-bigquery) (1.56.4)
[2023-06-17T21:43:41.824+0000] {subprocess.py:93} INFO - Requirement already satisfied: grpcio-status<2.0.dev0,>=1.33.2 in /home/***/.local/lib/python3.7/site-packages (from google-api-core[grpc]!=2.0.*,!=2.1.*,!=2.2.*,!=2.3.0,<3.0.0dev,>=1.31.5->google-cloud-bigquery~=3.0->dbt-bigquery) (1.48.2)
[2023-06-17T21:43:41.836+0000] {subprocess.py:93} INFO - Requirement already satisfied: pyasn1-modules>=0.2.1 in /home/***/.local/lib/python3.7/site-packages (from google-auth<3.0dev,>=1.25.0->google-cloud-storage~=2.4->dbt-bigquery) (0.2.8)
[2023-06-17T21:43:41.837+0000] {subprocess.py:93} INFO - Requirement already satisfied: rsa<5,>=3.1.4 in /home/***/.local/lib/python3.7/site-packages (from google-auth<3.0dev,>=1.25.0->google-cloud-storage~=2.4->dbt-bigquery) (4.9)
[2023-06-17T21:43:41.838+0000] {subprocess.py:93} INFO - Requirement already satisfied: cachetools<6.0,>=2.0.0 in /home/***/.local/lib/python3.7/site-packages (from google-auth<3.0dev,>=1.25.0->google-cloud-storage~=2.4->dbt-bigquery) (5.3.0)
[2023-06-17T21:43:41.845+0000] {subprocess.py:93} INFO - Requirement already satisfied: google-crc32c<2.0dev,>=1.0 in /home/***/.local/lib/python3.7/site-packages (from google-resumable-media<3.0dev,>=0.6.0->google-cloud-bigquery~=3.0->dbt-bigquery) (1.5.0)
[2023-06-17T21:43:41.853+0000] {subprocess.py:93} INFO - Requirement already satisfied: jsonschema>=3.0 in /home/***/.local/lib/python3.7/site-packages (from hologram<=0.0.16,>=0.0.14->dbt-core~=1.5.0->dbt-bigquery) (4.17.3)
[2023-06-17T21:43:41.877+0000] {subprocess.py:93} INFO - Requirement already satisfied: pyparsing!=3.0.5,>=2.0.2 in /home/***/.local/lib/python3.7/site-packages (from packaging>20.9->dbt-core~=1.5.0->dbt-bigquery) (3.0.9)
[2023-06-17T21:43:41.880+0000] {subprocess.py:93} INFO - Requirement already satisfied: future in /home/***/.local/lib/python3.7/site-packages (from parsedatetime!=2.5,!=2.6,>=2.1->agate~=1.6.3->dbt-bigquery) (0.18.3)
[2023-06-17T21:43:41.913+0000] {subprocess.py:93} INFO - Requirement already satisfied: text-unidecode>=1.3 in /home/***/.local/lib/python3.7/site-packages (from python-slugify>=1.2.1->agate~=1.6.3->dbt-bigquery) (1.3)
[2023-06-17T21:43:41.926+0000] {subprocess.py:93} INFO - Requirement already satisfied: certifi>=2017.4.17 in /home/***/.local/lib/python3.7/site-packages (from requests<3.0.0->dbt-core~=1.5.0->dbt-bigquery) (2022.12.7)
[2023-06-17T21:43:41.927+0000] {subprocess.py:93} INFO - Requirement already satisfied: charset-normalizer<4,>=2 in /home/***/.local/lib/python3.7/site-packages (from requests<3.0.0->dbt-core~=1.5.0->dbt-bigquery) (2.1.1)
[2023-06-17T21:43:41.927+0000] {subprocess.py:93} INFO - Requirement already satisfied: urllib3<1.27,>=1.21.1 in /home/***/.local/lib/python3.7/site-packages (from requests<3.0.0->dbt-core~=1.5.0->dbt-bigquery) (1.26.15)
[2023-06-17T21:43:41.997+0000] {subprocess.py:93} INFO - Requirement already satisfied: importlib-resources>=1.4.0 in /home/***/.local/lib/python3.7/site-packages (from jsonschema>=3.0->hologram<=0.0.16,>=0.0.14->dbt-core~=1.5.0->dbt-bigquery) (5.12.0)
[2023-06-17T21:43:41.998+0000] {subprocess.py:93} INFO - Requirement already satisfied: pyrsistent!=0.17.0,!=0.17.1,!=0.17.2,>=0.14.0 in /home/***/.local/lib/python3.7/site-packages (from jsonschema>=3.0->hologram<=0.0.16,>=0.0.14->dbt-core~=1.5.0->dbt-bigquery) (0.19.3)
[2023-06-17T21:43:41.999+0000] {subprocess.py:93} INFO - Requirement already satisfied: pkgutil-resolve-name>=1.3.10 in /home/***/.local/lib/python3.7/site-packages (from jsonschema>=3.0->hologram<=0.0.16,>=0.0.14->dbt-core~=1.5.0->dbt-bigquery) (1.3.10)
[2023-06-17T21:43:42.003+0000] {subprocess.py:93} INFO - Requirement already satisfied: attrs>=17.4.0 in /home/***/.local/lib/python3.7/site-packages (from jsonschema>=3.0->hologram<=0.0.16,>=0.0.14->dbt-core~=1.5.0->dbt-bigquery) (22.2.0)
[2023-06-17T21:43:42.010+0000] {subprocess.py:93} INFO - Requirement already satisfied: pyasn1<0.5.0,>=0.4.6 in /home/***/.local/lib/python3.7/site-packages (from pyasn1-modules>=0.2.1->google-auth<3.0dev,>=1.25.0->google-cloud-storage~=2.4->dbt-bigquery) (0.4.8)
[2023-06-17T21:43:42.050+0000] {subprocess.py:93} INFO - Requirement already satisfied: zipp>=0.5 in /home/***/.local/lib/python3.7/site-packages (from importlib-metadata->click<9,>=7.0->dbt-core~=1.5.0->dbt-bigquery) (3.15.0)
[2023-06-17T21:43:42.117+0000] {subprocess.py:93} INFO - Building wheels for collected packages: minimal-snowplow-tracker, logbook, parsedatetime
[2023-06-17T21:43:42.118+0000] {subprocess.py:93} INFO -   Building wheel for minimal-snowplow-tracker (setup.py): started
[2023-06-17T21:43:42.511+0000] {subprocess.py:93} INFO -   Building wheel for minimal-snowplow-tracker (setup.py): finished with status 'done'
[2023-06-17T21:43:42.512+0000] {subprocess.py:93} INFO -   Created wheel for minimal-snowplow-tracker: filename=minimal_snowplow_tracker-0.0.2-py3-none-any.whl size=17800 sha256=8a37c3b0ab93892c1e1231d156cb2a44424d01afb6eac775f92a026098c60ef6
[2023-06-17T21:43:42.513+0000] {subprocess.py:93} INFO -   Stored in directory: /home/***/.cache/pip/wheels/9d/ee/55/8faefee41ca3bccb25152e0159002567575047be7ef1ce8ac1
[2023-06-17T21:43:42.515+0000] {subprocess.py:93} INFO -   Building wheel for logbook (setup.py): started
[2023-06-17T21:43:42.973+0000] {subprocess.py:93} INFO -   Building wheel for logbook (setup.py): finished with status 'done'
[2023-06-17T21:43:42.974+0000] {subprocess.py:93} INFO -   Created wheel for logbook: filename=Logbook-1.5.3-cp37-cp37m-linux_aarch64.whl size=65614 sha256=d904d29fe2bb1e265e804f5ef771aaa15022983321792cb8350b7fd2b8f2825e
[2023-06-17T21:43:42.975+0000] {subprocess.py:93} INFO -   Stored in directory: /home/***/.cache/pip/wheels/95/4b/a3/fc9b9d17a06a956767a8dc74058ba64d4306653df2289094cc
[2023-06-17T21:43:42.977+0000] {subprocess.py:93} INFO -   Building wheel for parsedatetime (setup.py): started
[2023-06-17T21:43:43.371+0000] {subprocess.py:93} INFO -   Building wheel for parsedatetime (setup.py): finished with status 'done'
[2023-06-17T21:43:43.372+0000] {subprocess.py:93} INFO -   Created wheel for parsedatetime: filename=parsedatetime-2.4-py3-none-any.whl size=42773 sha256=08bfb60f75f7bf9e204f52bb0a9133db0c9a7dbb4c1bb6ae79783f6b0e910724
[2023-06-17T21:43:43.373+0000] {subprocess.py:93} INFO -   Stored in directory: /home/***/.cache/pip/wheels/68/0f/b7/539a31a4068565a53913d7f8cfc6c7521cca2ea091b8a72048
[2023-06-17T21:43:43.374+0000] {subprocess.py:93} INFO - Successfully built minimal-snowplow-tracker logbook parsedatetime
[2023-06-17T21:43:45.651+0000] {subprocess.py:93} INFO - Installing collected packages: pytimeparse, logbook, protobuf, parsedatetime, networkx, mashumaro, leather, dbt-extractor, proto-plus, minimal-snowplow-tracker, agate, hologram, google-api-core, dbt-core, google-cloud-dataproc, google-cloud-bigquery, dbt-bigquery
[2023-06-17T21:43:45.690+0000] {subprocess.py:93} INFO -   Attempting uninstall: protobuf
[2023-06-17T21:43:45.691+0000] {subprocess.py:93} INFO -     Found existing installation: protobuf 3.20.0
[2023-06-17T21:43:45.701+0000] {subprocess.py:93} INFO -     Uninstalling protobuf-3.20.0:
[2023-06-17T21:43:46.028+0000] {subprocess.py:93} INFO -       Successfully uninstalled protobuf-3.20.0
[2023-06-17T21:43:46.671+0000] {subprocess.py:93} INFO -   Attempting uninstall: proto-plus
[2023-06-17T21:43:46.672+0000] {subprocess.py:93} INFO -     Found existing installation: proto-plus 1.19.6
[2023-06-17T21:43:46.677+0000] {subprocess.py:93} INFO -     Uninstalling proto-plus-1.19.6:
[2023-06-17T21:43:46.682+0000] {subprocess.py:93} INFO -       Successfully uninstalled proto-plus-1.19.6
[2023-06-17T21:43:46.749+0000] {subprocess.py:93} INFO -   Attempting uninstall: google-api-core
[2023-06-17T21:43:46.750+0000] {subprocess.py:93} INFO -     Found existing installation: google-api-core 2.8.2
[2023-06-17T21:43:46.759+0000] {subprocess.py:93} INFO -     Uninstalling google-api-core-2.8.2:
[2023-06-17T21:43:46.928+0000] {subprocess.py:93} INFO -       Successfully uninstalled google-api-core-2.8.2
[2023-06-17T21:43:47.134+0000] {subprocess.py:93} INFO -   Attempting uninstall: google-cloud-dataproc
[2023-06-17T21:43:47.135+0000] {subprocess.py:93} INFO -     Found existing installation: google-cloud-dataproc 5.0.0
[2023-06-17T21:43:47.149+0000] {subprocess.py:93} INFO -     Uninstalling google-cloud-dataproc-5.0.0:
[2023-06-17T21:43:47.319+0000] {subprocess.py:93} INFO -       Successfully uninstalled google-cloud-dataproc-5.0.0
[2023-06-17T21:43:47.412+0000] {subprocess.py:93} INFO -   Attempting uninstall: google-cloud-bigquery
[2023-06-17T21:43:47.413+0000] {subprocess.py:93} INFO -     Found existing installation: google-cloud-bigquery 2.34.4
[2023-06-17T21:43:47.424+0000] {subprocess.py:93} INFO -     Uninstalling google-cloud-bigquery-2.34.4:
[2023-06-17T21:43:47.590+0000] {subprocess.py:93} INFO -       Successfully uninstalled google-cloud-bigquery-2.34.4
[2023-06-17T21:43:47.706+0000] {subprocess.py:93} INFO - ERROR: pip's dependency resolver does not currently take into account all the packages that are installed. This behaviour is the source of the following dependency conflicts.
[2023-06-17T21:43:47.707+0000] {subprocess.py:93} INFO - mysql-connector-python 8.0.32 requires protobuf<=3.20.3,>=3.11.0, but you have protobuf 4.23.3 which is incompatible.
[2023-06-17T21:43:47.707+0000] {subprocess.py:93} INFO - google-cloud-workflows 1.7.1 requires protobuf<4.0.0dev,>=3.19.0, but you have protobuf 4.23.3 which is incompatible.
[2023-06-17T21:43:47.708+0000] {subprocess.py:93} INFO - google-cloud-vision 1.0.2 requires protobuf<4.0.0dev, but you have protobuf 4.23.3 which is incompatible.
[2023-06-17T21:43:47.708+0000] {subprocess.py:93} INFO - google-cloud-videointelligence 1.16.3 requires protobuf<4.0.0dev, but you have protobuf 4.23.3 which is incompatible.
[2023-06-17T21:43:47.709+0000] {subprocess.py:93} INFO - google-cloud-translate 1.7.2 requires protobuf<4.0.0dev, but you have protobuf 4.23.3 which is incompatible.
[2023-06-17T21:43:47.709+0000] {subprocess.py:93} INFO - google-cloud-texttospeech 1.0.3 requires protobuf<4.0.0dev, but you have protobuf 4.23.3 which is incompatible.
[2023-06-17T21:43:47.710+0000] {subprocess.py:93} INFO - google-cloud-tasks 2.10.1 requires protobuf<4.0.0dev,>=3.19.0, but you have protobuf 4.23.3 which is incompatible.
[2023-06-17T21:43:47.710+0000] {subprocess.py:93} INFO - google-cloud-speech 1.3.4 requires protobuf<4.0.0dev, but you have protobuf 4.23.3 which is incompatible.
[2023-06-17T21:43:47.710+0000] {subprocess.py:93} INFO - google-cloud-spanner 1.19.3 requires protobuf<4.0.0dev, but you have protobuf 4.23.3 which is incompatible.
[2023-06-17T21:43:47.711+0000] {subprocess.py:93} INFO - google-cloud-secret-manager 1.0.2 requires protobuf<4.0.0dev, but you have protobuf 4.23.3 which is incompatible.
[2023-06-17T21:43:47.711+0000] {subprocess.py:93} INFO - google-cloud-resource-manager 1.6.0 requires protobuf<4.0.0dev,>=3.19.0, but you have protobuf 4.23.3 which is incompatible.
[2023-06-17T21:43:47.712+0000] {subprocess.py:93} INFO - google-cloud-redis 2.9.0 requires protobuf<4.0.0dev,>=3.19.0, but you have protobuf 4.23.3 which is incompatible.
[2023-06-17T21:43:47.712+0000] {subprocess.py:93} INFO - google-cloud-pubsub 2.13.5 requires protobuf<4.0.0dev,>=3.19.0, but you have protobuf 4.23.3 which is incompatible.
[2023-06-17T21:43:47.713+0000] {subprocess.py:93} INFO - google-cloud-os-login 2.7.1 requires protobuf<4.0.0dev,>=3.19.0, but you have protobuf 4.23.3 which is incompatible.
[2023-06-17T21:43:47.713+0000] {subprocess.py:93} INFO - google-cloud-orchestration-*** 1.4.1 requires protobuf<4.0.0dev,>=3.19.0, but you have protobuf 4.23.3 which is incompatible.
[2023-06-17T21:43:47.714+0000] {subprocess.py:93} INFO - google-cloud-monitoring 2.11.0 requires protobuf<4.0.0dev,>=3.19.0, but you have protobuf 4.23.3 which is incompatible.
[2023-06-17T21:43:47.714+0000] {subprocess.py:93} INFO - google-cloud-memcache 1.4.1 requires protobuf<4.0.0dev,>=3.19.0, but you have protobuf 4.23.3 which is incompatible.
[2023-06-17T21:43:47.715+0000] {subprocess.py:93} INFO - google-cloud-logging 3.2.1 requires protobuf<4.0.0dev,>=3.19.0, but you have protobuf 4.23.3 which is incompatible.
[2023-06-17T21:43:47.715+0000] {subprocess.py:93} INFO - google-cloud-language 1.3.2 requires protobuf<4.0.0dev, but you have protobuf 4.23.3 which is incompatible.
[2023-06-17T21:43:47.715+0000] {subprocess.py:93} INFO - google-cloud-kms 2.12.0 requires protobuf<4.0.0dev,>=3.19.0, but you have protobuf 4.23.3 which is incompatible.
[2023-06-17T21:43:47.716+0000] {subprocess.py:93} INFO - google-cloud-dlp 3.7.1 requires protobuf<4.0.0dev,>=3.19.0, but you have protobuf 4.23.3 which is incompatible.
[2023-06-17T21:43:47.717+0000] {subprocess.py:93} INFO - google-cloud-dataproc-metastore 1.6.0 requires protobuf<4.0.0dev,>=3.19.0, but you have protobuf 4.23.3 which is incompatible.
[2023-06-17T21:43:47.717+0000] {subprocess.py:93} INFO - google-cloud-dataplex 1.1.0 requires protobuf<4.0.0dev,>=3.19.0, but you have protobuf 4.23.3 which is incompatible.
[2023-06-17T21:43:47.718+0000] {subprocess.py:93} INFO - google-cloud-dataform 0.2.0 requires protobuf<4.0.0dev,>=3.19.0, but you have protobuf 4.23.3 which is incompatible.
[2023-06-17T21:43:47.718+0000] {subprocess.py:93} INFO - google-cloud-dataflow-client 0.5.4 requires protobuf<4.0.0dev,>=3.19.0, but you have protobuf 4.23.3 which is incompatible.
[2023-06-17T21:43:47.719+0000] {subprocess.py:93} INFO - google-cloud-datacatalog 3.9.0 requires protobuf<4.0.0dev,>=3.19.0, but you have protobuf 4.23.3 which is incompatible.
[2023-06-17T21:43:47.719+0000] {subprocess.py:93} INFO - google-cloud-container 2.11.1 requires protobuf<4.0.0dev,>=3.19.0, but you have protobuf 4.23.3 which is incompatible.
[2023-06-17T21:43:47.720+0000] {subprocess.py:93} INFO - google-cloud-build 3.9.0 requires protobuf<4.0.0dev,>=3.19.0, but you have protobuf 4.23.3 which is incompatible.
[2023-06-17T21:43:47.720+0000] {subprocess.py:93} INFO - google-cloud-bigtable 2.11.1 requires protobuf<4.0.0dev,>=3.19.0, but you have protobuf 4.23.3 which is incompatible.
[2023-06-17T21:43:47.721+0000] {subprocess.py:93} INFO - google-cloud-bigquery-storage 2.14.1 requires protobuf<4.0.0dev,>=3.19.0, but you have protobuf 4.23.3 which is incompatible.
[2023-06-17T21:43:47.721+0000] {subprocess.py:93} INFO - google-cloud-bigquery-datatransfer 3.7.0 requires protobuf<4.0.0dev,>=3.19.0, but you have protobuf 4.23.3 which is incompatible.
[2023-06-17T21:43:47.721+0000] {subprocess.py:93} INFO - google-cloud-automl 2.8.0 requires protobuf<4.0.0dev,>=3.19.0, but you have protobuf 4.23.3 which is incompatible.
[2023-06-17T21:43:47.722+0000] {subprocess.py:93} INFO - google-cloud-appengine-logging 1.1.3 requires protobuf<4.0.0dev,>=3.19.0, but you have protobuf 4.23.3 which is incompatible.
[2023-06-17T21:43:47.723+0000] {subprocess.py:93} INFO - google-cloud-aiplatform 1.16.1 requires google-cloud-bigquery<3.0.0dev,>=1.15.0, but you have google-cloud-bigquery 3.11.1 which is incompatible.
[2023-06-17T21:43:47.724+0000] {subprocess.py:93} INFO - google-cloud-aiplatform 1.16.1 requires protobuf<4.0.0dev,>=3.19.0, but you have protobuf 4.23.3 which is incompatible.
[2023-06-17T21:43:47.724+0000] {subprocess.py:93} INFO - google-ads 18.0.0 requires proto-plus==1.19.6, but you have proto-plus 1.22.2 which is incompatible.
[2023-06-17T21:43:47.725+0000] {subprocess.py:93} INFO - google-ads 18.0.0 requires protobuf!=3.18.*,!=3.19.*,<=3.20.0,>=3.12.0, but you have protobuf 4.23.3 which is incompatible.
[2023-06-17T21:43:47.726+0000] {subprocess.py:93} INFO - Successfully installed agate-1.6.3 dbt-bigquery-1.5.2 dbt-core-1.5.1 dbt-extractor-0.4.1 google-api-core-2.11.1 google-cloud-bigquery-3.11.1 google-cloud-dataproc-5.4.1 hologram-0.0.16 leather-0.3.4 logbook-1.5.3 mashumaro-3.6 minimal-snowplow-tracker-0.0.2 networkx-2.6.3 parsedatetime-2.4 proto-plus-1.22.2 protobuf-4.23.3 pytimeparse-1.1.8
[2023-06-17T21:43:47.726+0000] {subprocess.py:93} INFO - 
[2023-06-17T21:43:47.727+0000] {subprocess.py:93} INFO - [notice] A new release of pip is available: 23.0.1 -> 23.1.2
[2023-06-17T21:43:47.727+0000] {subprocess.py:93} INFO - [notice] To update, run: python -m pip install --upgrade pip
[2023-06-17T21:43:47.829+0000] {subprocess.py:97} INFO - Command exited with return code 0
[2023-06-17T21:43:47.853+0000] {taskinstance.py:1332} INFO - Marking task as SUCCESS. dag_id=showpulse_dbt_dag, task_id=install_dbt, execution_date=20230617T211158, start_date=20230617T214337, end_date=20230617T214347
[2023-06-17T21:43:47.875+0000] {local_task_job.py:212} INFO - Task exited with return code 0
[2023-06-17T21:43:47.896+0000] {taskinstance.py:2596} INFO - 1 downstream tasks scheduled from follow-on schedule check
