[2023-06-17T22:02:00.457+0000] {taskinstance.py:1090} INFO - Dependencies all met for dep_context=non-requeueable deps ti=<TaskInstance: showpulse_dbt_dag.install_dbt manual__2023-06-17T21:11:58.487136+00:00 [queued]>
[2023-06-17T22:02:00.464+0000] {taskinstance.py:1090} INFO - Dependencies all met for dep_context=requeueable deps ti=<TaskInstance: showpulse_dbt_dag.install_dbt manual__2023-06-17T21:11:58.487136+00:00 [queued]>
[2023-06-17T22:02:00.465+0000] {taskinstance.py:1288} INFO - 
--------------------------------------------------------------------------------
[2023-06-17T22:02:00.465+0000] {taskinstance.py:1289} INFO - Starting attempt 4 of 4
[2023-06-17T22:02:00.466+0000] {taskinstance.py:1290} INFO - 
--------------------------------------------------------------------------------
[2023-06-17T22:02:00.474+0000] {taskinstance.py:1309} INFO - Executing <Task(BashOperator): install_dbt> on 2023-06-17 21:11:58.487136+00:00
[2023-06-17T22:02:00.478+0000] {standard_task_runner.py:55} INFO - Started process 140 to run task
[2023-06-17T22:02:00.481+0000] {standard_task_runner.py:82} INFO - Running: ['***', 'tasks', 'run', 'showpulse_dbt_dag', 'install_dbt', 'manual__2023-06-17T21:11:58.487136+00:00', '--job-id', '301', '--raw', '--subdir', 'DAGS_FOLDER/dbt_run.py', '--cfg-path', '/tmp/tmphamjcrrx']
[2023-06-17T22:02:00.482+0000] {standard_task_runner.py:83} INFO - Job 301: Subtask install_dbt
[2023-06-17T22:02:00.536+0000] {task_command.py:389} INFO - Running <TaskInstance: showpulse_dbt_dag.install_dbt manual__2023-06-17T21:11:58.487136+00:00 [running]> on host 1917e6b7052e
[2023-06-17T22:02:00.587+0000] {taskinstance.py:1518} INFO - Exporting the following env vars:
AIRFLOW_CTX_DAG_OWNER=nburkett
AIRFLOW_CTX_DAG_ID=showpulse_dbt_dag
AIRFLOW_CTX_TASK_ID=install_dbt
AIRFLOW_CTX_EXECUTION_DATE=2023-06-17T21:11:58.487136+00:00
AIRFLOW_CTX_TRY_NUMBER=4
AIRFLOW_CTX_DAG_RUN_ID=manual__2023-06-17T21:11:58.487136+00:00
[2023-06-17T22:02:00.590+0000] {subprocess.py:63} INFO - Tmp dir root location: 
 /tmp
[2023-06-17T22:02:00.591+0000] {subprocess.py:75} INFO - Running command: ['/bin/bash', '-c', 'pip3 install dbt-bigquery']
[2023-06-17T22:02:00.600+0000] {subprocess.py:86} INFO - Output:
[2023-06-17T22:02:00.898+0000] {subprocess.py:93} INFO - Defaulting to user installation because normal site-packages is not writeable
[2023-06-17T22:02:01.021+0000] {subprocess.py:93} INFO - Requirement already satisfied: dbt-bigquery in /home/***/.local/lib/python3.7/site-packages (1.5.2)
[2023-06-17T22:02:01.025+0000] {subprocess.py:93} INFO - Requirement already satisfied: dbt-core~=1.5.0 in /home/***/.local/lib/python3.7/site-packages (from dbt-bigquery) (1.5.1)
[2023-06-17T22:02:01.025+0000] {subprocess.py:93} INFO - Requirement already satisfied: google-cloud-bigquery~=3.0 in /home/***/.local/lib/python3.7/site-packages (from dbt-bigquery) (3.11.1)
[2023-06-17T22:02:01.026+0000] {subprocess.py:93} INFO - Requirement already satisfied: google-cloud-storage~=2.4 in /home/***/.local/lib/python3.7/site-packages (from dbt-bigquery) (2.7.0)
[2023-06-17T22:02:01.026+0000] {subprocess.py:93} INFO - Requirement already satisfied: agate~=1.6.3 in /home/***/.local/lib/python3.7/site-packages (from dbt-bigquery) (1.6.3)
[2023-06-17T22:02:01.027+0000] {subprocess.py:93} INFO - Requirement already satisfied: google-cloud-dataproc~=5.0 in /home/***/.local/lib/python3.7/site-packages (from dbt-bigquery) (5.4.1)
[2023-06-17T22:02:01.037+0000] {subprocess.py:93} INFO - Requirement already satisfied: parsedatetime!=2.5,!=2.6,>=2.1 in /home/***/.local/lib/python3.7/site-packages (from agate~=1.6.3->dbt-bigquery) (2.4)
[2023-06-17T22:02:01.037+0000] {subprocess.py:93} INFO - Requirement already satisfied: python-slugify>=1.2.1 in /home/***/.local/lib/python3.7/site-packages (from agate~=1.6.3->dbt-bigquery) (8.0.1)
[2023-06-17T22:02:01.038+0000] {subprocess.py:93} INFO - Requirement already satisfied: leather>=0.3.2 in /home/***/.local/lib/python3.7/site-packages (from agate~=1.6.3->dbt-bigquery) (0.3.4)
[2023-06-17T22:02:01.038+0000] {subprocess.py:93} INFO - Requirement already satisfied: isodate>=0.5.4 in /home/***/.local/lib/python3.7/site-packages (from agate~=1.6.3->dbt-bigquery) (0.6.1)
[2023-06-17T22:02:01.039+0000] {subprocess.py:93} INFO - Requirement already satisfied: pytimeparse>=1.1.5 in /home/***/.local/lib/python3.7/site-packages (from agate~=1.6.3->dbt-bigquery) (1.1.8)
[2023-06-17T22:02:01.040+0000] {subprocess.py:93} INFO - Requirement already satisfied: Babel>=2.0 in /home/***/.local/lib/python3.7/site-packages (from agate~=1.6.3->dbt-bigquery) (2.12.1)
[2023-06-17T22:02:01.040+0000] {subprocess.py:93} INFO - Requirement already satisfied: six>=1.9.0 in /home/***/.local/lib/python3.7/site-packages (from agate~=1.6.3->dbt-bigquery) (1.16.0)
[2023-06-17T22:02:01.050+0000] {subprocess.py:93} INFO - Requirement already satisfied: logbook<1.6,>=1.5 in /home/***/.local/lib/python3.7/site-packages (from dbt-core~=1.5.0->dbt-bigquery) (1.5.3)
[2023-06-17T22:02:01.051+0000] {subprocess.py:93} INFO - Requirement already satisfied: pytz>=2015.7 in /home/***/.local/lib/python3.7/site-packages (from dbt-core~=1.5.0->dbt-bigquery) (2023.3)
[2023-06-17T22:02:01.051+0000] {subprocess.py:93} INFO - Requirement already satisfied: mashumaro[msgpack]==3.6 in /home/***/.local/lib/python3.7/site-packages (from dbt-core~=1.5.0->dbt-bigquery) (3.6)
[2023-06-17T22:02:01.052+0000] {subprocess.py:93} INFO - Requirement already satisfied: dbt-extractor~=0.4.1 in /home/***/.local/lib/python3.7/site-packages (from dbt-core~=1.5.0->dbt-bigquery) (0.4.1)
[2023-06-17T22:02:01.052+0000] {subprocess.py:93} INFO - Requirement already satisfied: pathspec<0.12,>=0.9 in /home/***/.local/lib/python3.7/site-packages (from dbt-core~=1.5.0->dbt-bigquery) (0.9.0)
[2023-06-17T22:02:01.053+0000] {subprocess.py:93} INFO - Requirement already satisfied: sqlparse<0.4.4,>=0.2.3 in /home/***/.local/lib/python3.7/site-packages (from dbt-core~=1.5.0->dbt-bigquery) (0.4.3)
[2023-06-17T22:02:01.053+0000] {subprocess.py:93} INFO - Requirement already satisfied: protobuf>=4.0.0 in /home/***/.local/lib/python3.7/site-packages (from dbt-core~=1.5.0->dbt-bigquery) (4.23.3)
[2023-06-17T22:02:01.053+0000] {subprocess.py:93} INFO - Requirement already satisfied: pyyaml>=6.0 in /home/***/.local/lib/python3.7/site-packages (from dbt-core~=1.5.0->dbt-bigquery) (6.0)
[2023-06-17T22:02:01.054+0000] {subprocess.py:93} INFO - Requirement already satisfied: click<9,>=7.0 in /home/***/.local/lib/python3.7/site-packages (from dbt-core~=1.5.0->dbt-bigquery) (8.1.3)
[2023-06-17T22:02:01.054+0000] {subprocess.py:93} INFO - Requirement already satisfied: requests<3.0.0 in /home/***/.local/lib/python3.7/site-packages (from dbt-core~=1.5.0->dbt-bigquery) (2.28.2)
[2023-06-17T22:02:01.055+0000] {subprocess.py:93} INFO - Requirement already satisfied: minimal-snowplow-tracker==0.0.2 in /home/***/.local/lib/python3.7/site-packages (from dbt-core~=1.5.0->dbt-bigquery) (0.0.2)
[2023-06-17T22:02:01.055+0000] {subprocess.py:93} INFO - Requirement already satisfied: networkx<2.8.1,>=2.3 in /home/***/.local/lib/python3.7/site-packages (from dbt-core~=1.5.0->dbt-bigquery) (2.6.3)
[2023-06-17T22:02:01.056+0000] {subprocess.py:93} INFO - Requirement already satisfied: typing-extensions>=3.7.4 in /home/***/.local/lib/python3.7/site-packages (from dbt-core~=1.5.0->dbt-bigquery) (4.5.0)
[2023-06-17T22:02:01.056+0000] {subprocess.py:93} INFO - Requirement already satisfied: Jinja2==3.1.2 in /home/***/.local/lib/python3.7/site-packages (from dbt-core~=1.5.0->dbt-bigquery) (3.1.2)
[2023-06-17T22:02:01.057+0000] {subprocess.py:93} INFO - Requirement already satisfied: hologram<=0.0.16,>=0.0.14 in /home/***/.local/lib/python3.7/site-packages (from dbt-core~=1.5.0->dbt-bigquery) (0.0.16)
[2023-06-17T22:02:01.057+0000] {subprocess.py:93} INFO - Requirement already satisfied: packaging>20.9 in /home/***/.local/lib/python3.7/site-packages (from dbt-core~=1.5.0->dbt-bigquery) (21.3)
[2023-06-17T22:02:01.058+0000] {subprocess.py:93} INFO - Requirement already satisfied: idna<4,>=2.5 in /home/***/.local/lib/python3.7/site-packages (from dbt-core~=1.5.0->dbt-bigquery) (3.4)
[2023-06-17T22:02:01.058+0000] {subprocess.py:93} INFO - Requirement already satisfied: colorama<0.4.7,>=0.3.9 in /home/***/.local/lib/python3.7/site-packages (from dbt-core~=1.5.0->dbt-bigquery) (0.4.6)
[2023-06-17T22:02:01.059+0000] {subprocess.py:93} INFO - Requirement already satisfied: werkzeug<3,>=1 in /home/***/.local/lib/python3.7/site-packages (from dbt-core~=1.5.0->dbt-bigquery) (2.2.3)
[2023-06-17T22:02:01.059+0000] {subprocess.py:93} INFO - Requirement already satisfied: cffi<2.0.0,>=1.9 in /home/***/.local/lib/python3.7/site-packages (from dbt-core~=1.5.0->dbt-bigquery) (1.15.1)
[2023-06-17T22:02:01.060+0000] {subprocess.py:93} INFO - Requirement already satisfied: MarkupSafe>=2.0 in /home/***/.local/lib/python3.7/site-packages (from Jinja2==3.1.2->dbt-core~=1.5.0->dbt-bigquery) (2.1.2)
[2023-06-17T22:02:01.067+0000] {subprocess.py:93} INFO - Requirement already satisfied: msgpack>=0.5.6 in /home/***/.local/lib/python3.7/site-packages (from mashumaro[msgpack]==3.6->dbt-core~=1.5.0->dbt-bigquery) (1.0.5)
[2023-06-17T22:02:01.094+0000] {subprocess.py:93} INFO - Requirement already satisfied: google-resumable-media<3.0dev,>=0.6.0 in /home/***/.local/lib/python3.7/site-packages (from google-cloud-bigquery~=3.0->dbt-bigquery) (2.4.1)
[2023-06-17T22:02:01.095+0000] {subprocess.py:93} INFO - Requirement already satisfied: google-api-core[grpc]!=2.0.*,!=2.1.*,!=2.2.*,!=2.3.0,<3.0.0dev,>=1.31.5 in /home/***/.local/lib/python3.7/site-packages (from google-cloud-bigquery~=3.0->dbt-bigquery) (2.11.1)
[2023-06-17T22:02:01.095+0000] {subprocess.py:93} INFO - Requirement already satisfied: grpcio<2.0dev,>=1.47.0 in /home/***/.local/lib/python3.7/site-packages (from google-cloud-bigquery~=3.0->dbt-bigquery) (1.53.0)
[2023-06-17T22:02:01.096+0000] {subprocess.py:93} INFO - Requirement already satisfied: python-dateutil<3.0dev,>=2.7.2 in /home/***/.local/lib/python3.7/site-packages (from google-cloud-bigquery~=3.0->dbt-bigquery) (2.8.2)
[2023-06-17T22:02:01.096+0000] {subprocess.py:93} INFO - Requirement already satisfied: proto-plus<2.0.0dev,>=1.15.0 in /home/***/.local/lib/python3.7/site-packages (from google-cloud-bigquery~=3.0->dbt-bigquery) (1.22.2)
[2023-06-17T22:02:01.097+0000] {subprocess.py:93} INFO - Requirement already satisfied: google-cloud-core<3.0.0dev,>=1.6.0 in /home/***/.local/lib/python3.7/site-packages (from google-cloud-bigquery~=3.0->dbt-bigquery) (2.3.2)
[2023-06-17T22:02:01.103+0000] {subprocess.py:93} INFO - Requirement already satisfied: grpc-google-iam-v1<1.0.0dev,>=0.12.4 in /home/***/.local/lib/python3.7/site-packages (from google-cloud-dataproc~=5.0->dbt-bigquery) (0.12.4)
[2023-06-17T22:02:01.108+0000] {subprocess.py:93} INFO - Requirement already satisfied: google-auth<3.0dev,>=1.25.0 in /home/***/.local/lib/python3.7/site-packages (from google-cloud-storage~=2.4->dbt-bigquery) (2.17.0)
[2023-06-17T22:02:01.111+0000] {subprocess.py:93} INFO - Requirement already satisfied: pycparser in /home/***/.local/lib/python3.7/site-packages (from cffi<2.0.0,>=1.9->dbt-core~=1.5.0->dbt-bigquery) (2.21)
[2023-06-17T22:02:01.114+0000] {subprocess.py:93} INFO - Requirement already satisfied: importlib-metadata in /home/***/.local/lib/python3.7/site-packages (from click<9,>=7.0->dbt-core~=1.5.0->dbt-bigquery) (4.13.0)
[2023-06-17T22:02:01.124+0000] {subprocess.py:93} INFO - Requirement already satisfied: googleapis-common-protos<2.0.dev0,>=1.56.2 in /home/***/.local/lib/python3.7/site-packages (from google-api-core[grpc]!=2.0.*,!=2.1.*,!=2.2.*,!=2.3.0,<3.0.0dev,>=1.31.5->google-cloud-bigquery~=3.0->dbt-bigquery) (1.56.4)
[2023-06-17T22:02:01.129+0000] {subprocess.py:93} INFO - Requirement already satisfied: grpcio-status<2.0.dev0,>=1.33.2 in /home/***/.local/lib/python3.7/site-packages (from google-api-core[grpc]!=2.0.*,!=2.1.*,!=2.2.*,!=2.3.0,<3.0.0dev,>=1.31.5->google-cloud-bigquery~=3.0->dbt-bigquery) (1.48.2)
[2023-06-17T22:02:01.139+0000] {subprocess.py:93} INFO - Requirement already satisfied: cachetools<6.0,>=2.0.0 in /home/***/.local/lib/python3.7/site-packages (from google-auth<3.0dev,>=1.25.0->google-cloud-storage~=2.4->dbt-bigquery) (5.3.0)
[2023-06-17T22:02:01.140+0000] {subprocess.py:93} INFO - Requirement already satisfied: rsa<5,>=3.1.4 in /home/***/.local/lib/python3.7/site-packages (from google-auth<3.0dev,>=1.25.0->google-cloud-storage~=2.4->dbt-bigquery) (4.9)
[2023-06-17T22:02:01.140+0000] {subprocess.py:93} INFO - Requirement already satisfied: pyasn1-modules>=0.2.1 in /home/***/.local/lib/python3.7/site-packages (from google-auth<3.0dev,>=1.25.0->google-cloud-storage~=2.4->dbt-bigquery) (0.2.8)
[2023-06-17T22:02:01.148+0000] {subprocess.py:93} INFO - Requirement already satisfied: google-crc32c<2.0dev,>=1.0 in /home/***/.local/lib/python3.7/site-packages (from google-resumable-media<3.0dev,>=0.6.0->google-cloud-bigquery~=3.0->dbt-bigquery) (1.5.0)
[2023-06-17T22:02:01.156+0000] {subprocess.py:93} INFO - Requirement already satisfied: jsonschema>=3.0 in /home/***/.local/lib/python3.7/site-packages (from hologram<=0.0.16,>=0.0.14->dbt-core~=1.5.0->dbt-bigquery) (4.17.3)
[2023-06-17T22:02:01.187+0000] {subprocess.py:93} INFO - Requirement already satisfied: pyparsing!=3.0.5,>=2.0.2 in /home/***/.local/lib/python3.7/site-packages (from packaging>20.9->dbt-core~=1.5.0->dbt-bigquery) (3.0.9)
[2023-06-17T22:02:01.190+0000] {subprocess.py:93} INFO - Requirement already satisfied: future in /home/***/.local/lib/python3.7/site-packages (from parsedatetime!=2.5,!=2.6,>=2.1->agate~=1.6.3->dbt-bigquery) (0.18.3)
[2023-06-17T22:02:01.204+0000] {subprocess.py:93} INFO - Requirement already satisfied: text-unidecode>=1.3 in /home/***/.local/lib/python3.7/site-packages (from python-slugify>=1.2.1->agate~=1.6.3->dbt-bigquery) (1.3)
[2023-06-17T22:02:01.217+0000] {subprocess.py:93} INFO - Requirement already satisfied: urllib3<1.27,>=1.21.1 in /home/***/.local/lib/python3.7/site-packages (from requests<3.0.0->dbt-core~=1.5.0->dbt-bigquery) (1.26.15)
[2023-06-17T22:02:01.218+0000] {subprocess.py:93} INFO - Requirement already satisfied: charset-normalizer<4,>=2 in /home/***/.local/lib/python3.7/site-packages (from requests<3.0.0->dbt-core~=1.5.0->dbt-bigquery) (2.1.1)
[2023-06-17T22:02:01.218+0000] {subprocess.py:93} INFO - Requirement already satisfied: certifi>=2017.4.17 in /home/***/.local/lib/python3.7/site-packages (from requests<3.0.0->dbt-core~=1.5.0->dbt-bigquery) (2022.12.7)
[2023-06-17T22:02:01.285+0000] {subprocess.py:93} INFO - Requirement already satisfied: importlib-resources>=1.4.0 in /home/***/.local/lib/python3.7/site-packages (from jsonschema>=3.0->hologram<=0.0.16,>=0.0.14->dbt-core~=1.5.0->dbt-bigquery) (5.12.0)
[2023-06-17T22:02:01.285+0000] {subprocess.py:93} INFO - Requirement already satisfied: pyrsistent!=0.17.0,!=0.17.1,!=0.17.2,>=0.14.0 in /home/***/.local/lib/python3.7/site-packages (from jsonschema>=3.0->hologram<=0.0.16,>=0.0.14->dbt-core~=1.5.0->dbt-bigquery) (0.19.3)
[2023-06-17T22:02:01.286+0000] {subprocess.py:93} INFO - Requirement already satisfied: pkgutil-resolve-name>=1.3.10 in /home/***/.local/lib/python3.7/site-packages (from jsonschema>=3.0->hologram<=0.0.16,>=0.0.14->dbt-core~=1.5.0->dbt-bigquery) (1.3.10)
[2023-06-17T22:02:01.287+0000] {subprocess.py:93} INFO - Requirement already satisfied: attrs>=17.4.0 in /home/***/.local/lib/python3.7/site-packages (from jsonschema>=3.0->hologram<=0.0.16,>=0.0.14->dbt-core~=1.5.0->dbt-bigquery) (22.2.0)
[2023-06-17T22:02:01.297+0000] {subprocess.py:93} INFO - Requirement already satisfied: pyasn1<0.5.0,>=0.4.6 in /home/***/.local/lib/python3.7/site-packages (from pyasn1-modules>=0.2.1->google-auth<3.0dev,>=1.25.0->google-cloud-storage~=2.4->dbt-bigquery) (0.4.8)
[2023-06-17T22:02:01.341+0000] {subprocess.py:93} INFO - Requirement already satisfied: zipp>=0.5 in /home/***/.local/lib/python3.7/site-packages (from importlib-metadata->click<9,>=7.0->dbt-core~=1.5.0->dbt-bigquery) (3.15.0)
[2023-06-17T22:02:03.980+0000] {subprocess.py:93} INFO - 
[2023-06-17T22:02:03.982+0000] {subprocess.py:93} INFO - [notice] A new release of pip is available: 23.0.1 -> 23.1.2
[2023-06-17T22:02:03.982+0000] {subprocess.py:93} INFO - [notice] To update, run: python -m pip install --upgrade pip
[2023-06-17T22:02:04.083+0000] {subprocess.py:97} INFO - Command exited with return code 0
[2023-06-17T22:02:04.114+0000] {taskinstance.py:1332} INFO - Marking task as SUCCESS. dag_id=showpulse_dbt_dag, task_id=install_dbt, execution_date=20230617T211158, start_date=20230617T220200, end_date=20230617T220204
[2023-06-17T22:02:04.164+0000] {local_task_job.py:212} INFO - Task exited with return code 0
[2023-06-17T22:02:04.250+0000] {taskinstance.py:2596} INFO - 0 downstream tasks scheduled from follow-on schedule check
