[2023-06-23T02:20:33.429+0000] {taskinstance.py:1090} INFO - Dependencies all met for dep_context=non-requeueable deps ti=<TaskInstance: showpulse_dbt_dag.dbt_change_dir scheduled__2023-06-23T02:19:31.696804+00:00 [queued]>
[2023-06-23T02:20:33.437+0000] {taskinstance.py:1090} INFO - Dependencies all met for dep_context=requeueable deps ti=<TaskInstance: showpulse_dbt_dag.dbt_change_dir scheduled__2023-06-23T02:19:31.696804+00:00 [queued]>
[2023-06-23T02:20:33.437+0000] {taskinstance.py:1288} INFO - 
--------------------------------------------------------------------------------
[2023-06-23T02:20:33.438+0000] {taskinstance.py:1289} INFO - Starting attempt 1 of 1
[2023-06-23T02:20:33.438+0000] {taskinstance.py:1290} INFO - 
--------------------------------------------------------------------------------
[2023-06-23T02:20:33.446+0000] {taskinstance.py:1309} INFO - Executing <Task(BashOperator): dbt_change_dir> on 2023-06-23 02:19:31.696804+00:00
[2023-06-23T02:20:33.450+0000] {standard_task_runner.py:55} INFO - Started process 25636 to run task
[2023-06-23T02:20:33.454+0000] {standard_task_runner.py:82} INFO - Running: ['***', 'tasks', 'run', 'showpulse_dbt_dag', 'dbt_change_dir', 'scheduled__2023-06-23T02:19:31.696804+00:00', '--job-id', '2748', '--raw', '--subdir', 'DAGS_FOLDER/dbt_run.py', '--cfg-path', '/tmp/tmpfwudweyu']
[2023-06-23T02:20:33.455+0000] {standard_task_runner.py:83} INFO - Job 2748: Subtask dbt_change_dir
[2023-06-23T02:20:33.514+0000] {task_command.py:389} INFO - Running <TaskInstance: showpulse_dbt_dag.dbt_change_dir scheduled__2023-06-23T02:19:31.696804+00:00 [running]> on host 62cfed75eae1
[2023-06-23T02:20:33.566+0000] {taskinstance.py:1518} INFO - Exporting the following env vars:
AIRFLOW_CTX_DAG_OWNER=nburkett
AIRFLOW_CTX_DAG_ID=showpulse_dbt_dag
AIRFLOW_CTX_TASK_ID=dbt_change_dir
AIRFLOW_CTX_EXECUTION_DATE=2023-06-23T02:19:31.696804+00:00
AIRFLOW_CTX_TRY_NUMBER=1
AIRFLOW_CTX_DAG_RUN_ID=scheduled__2023-06-23T02:19:31.696804+00:00
[2023-06-23T02:20:33.568+0000] {subprocess.py:63} INFO - Tmp dir root location: 
 /tmp
[2023-06-23T02:20:33.569+0000] {subprocess.py:75} INFO - Running command: ['/bin/bash', '-c', 'cd /dbt/ticketmaster_transformation']
[2023-06-23T02:20:33.579+0000] {subprocess.py:86} INFO - Output:
[2023-06-23T02:20:33.581+0000] {subprocess.py:97} INFO - Command exited with return code 0
[2023-06-23T02:20:33.604+0000] {taskinstance.py:1332} INFO - Marking task as SUCCESS. dag_id=showpulse_dbt_dag, task_id=dbt_change_dir, execution_date=20230623T021931, start_date=20230623T022033, end_date=20230623T022033
[2023-06-23T02:20:33.627+0000] {local_task_job.py:212} INFO - Task exited with return code 0
[2023-06-23T02:20:33.653+0000] {taskinstance.py:2596} INFO - 1 downstream tasks scheduled from follow-on schedule check
