[2023-06-22T02:51:30.629+0000] {taskinstance.py:1090} INFO - Dependencies all met for dep_context=non-requeueable deps ti=<TaskInstance: showpulse_dbt_dag.dbt_change_dir scheduled__2023-06-22T02:50:28.440116+00:00 [queued]>
[2023-06-22T02:51:30.636+0000] {taskinstance.py:1090} INFO - Dependencies all met for dep_context=requeueable deps ti=<TaskInstance: showpulse_dbt_dag.dbt_change_dir scheduled__2023-06-22T02:50:28.440116+00:00 [queued]>
[2023-06-22T02:51:30.636+0000] {taskinstance.py:1288} INFO - 
--------------------------------------------------------------------------------
[2023-06-22T02:51:30.637+0000] {taskinstance.py:1289} INFO - Starting attempt 1 of 1
[2023-06-22T02:51:30.637+0000] {taskinstance.py:1290} INFO - 
--------------------------------------------------------------------------------
[2023-06-22T02:51:30.645+0000] {taskinstance.py:1309} INFO - Executing <Task(BashOperator): dbt_change_dir> on 2023-06-22 02:50:28.440116+00:00
[2023-06-22T02:51:30.648+0000] {standard_task_runner.py:55} INFO - Started process 13953 to run task
[2023-06-22T02:51:30.652+0000] {standard_task_runner.py:82} INFO - Running: ['***', 'tasks', 'run', 'showpulse_dbt_dag', 'dbt_change_dir', 'scheduled__2023-06-22T02:50:28.440116+00:00', '--job-id', '1660', '--raw', '--subdir', 'DAGS_FOLDER/dbt_run.py', '--cfg-path', '/tmp/tmp01b1lq7m']
[2023-06-22T02:51:30.653+0000] {standard_task_runner.py:83} INFO - Job 1660: Subtask dbt_change_dir
[2023-06-22T02:51:30.706+0000] {task_command.py:389} INFO - Running <TaskInstance: showpulse_dbt_dag.dbt_change_dir scheduled__2023-06-22T02:50:28.440116+00:00 [running]> on host 62cfed75eae1
[2023-06-22T02:51:30.756+0000] {taskinstance.py:1518} INFO - Exporting the following env vars:
AIRFLOW_CTX_DAG_OWNER=nburkett
AIRFLOW_CTX_DAG_ID=showpulse_dbt_dag
AIRFLOW_CTX_TASK_ID=dbt_change_dir
AIRFLOW_CTX_EXECUTION_DATE=2023-06-22T02:50:28.440116+00:00
AIRFLOW_CTX_TRY_NUMBER=1
AIRFLOW_CTX_DAG_RUN_ID=scheduled__2023-06-22T02:50:28.440116+00:00
[2023-06-22T02:51:30.757+0000] {subprocess.py:63} INFO - Tmp dir root location: 
 /tmp
[2023-06-22T02:51:30.758+0000] {subprocess.py:75} INFO - Running command: ['/bin/bash', '-c', 'cd /dbt/ticketmaster_transformation']
[2023-06-22T02:51:30.766+0000] {subprocess.py:86} INFO - Output:
[2023-06-22T02:51:30.768+0000] {subprocess.py:97} INFO - Command exited with return code 0
[2023-06-22T02:51:30.790+0000] {taskinstance.py:1332} INFO - Marking task as SUCCESS. dag_id=showpulse_dbt_dag, task_id=dbt_change_dir, execution_date=20230622T025028, start_date=20230622T025130, end_date=20230622T025130
[2023-06-22T02:51:30.824+0000] {local_task_job.py:212} INFO - Task exited with return code 0
[2023-06-22T02:51:30.845+0000] {taskinstance.py:2596} INFO - 1 downstream tasks scheduled from follow-on schedule check
