[2023-06-23T02:16:32.332+0000] {taskinstance.py:1090} INFO - Dependencies all met for dep_context=non-requeueable deps ti=<TaskInstance: showpulse_dbt_dag.pwd1 scheduled__2023-06-23T02:15:31.696804+00:00 [queued]>
[2023-06-23T02:16:32.344+0000] {taskinstance.py:1090} INFO - Dependencies all met for dep_context=requeueable deps ti=<TaskInstance: showpulse_dbt_dag.pwd1 scheduled__2023-06-23T02:15:31.696804+00:00 [queued]>
[2023-06-23T02:16:32.345+0000] {taskinstance.py:1288} INFO - 
--------------------------------------------------------------------------------
[2023-06-23T02:16:32.345+0000] {taskinstance.py:1289} INFO - Starting attempt 1 of 1
[2023-06-23T02:16:32.346+0000] {taskinstance.py:1290} INFO - 
--------------------------------------------------------------------------------
[2023-06-23T02:16:32.358+0000] {taskinstance.py:1309} INFO - Executing <Task(BashOperator): pwd1> on 2023-06-23 02:15:31.696804+00:00
[2023-06-23T02:16:32.364+0000] {standard_task_runner.py:55} INFO - Started process 25430 to run task
[2023-06-23T02:16:32.370+0000] {standard_task_runner.py:82} INFO - Running: ['***', 'tasks', 'run', 'showpulse_dbt_dag', 'pwd1', 'scheduled__2023-06-23T02:15:31.696804+00:00', '--job-id', '2731', '--raw', '--subdir', 'DAGS_FOLDER/dbt_run.py', '--cfg-path', '/tmp/tmpqv4ndx9b']
[2023-06-23T02:16:32.371+0000] {standard_task_runner.py:83} INFO - Job 2731: Subtask pwd1
[2023-06-23T02:16:32.452+0000] {task_command.py:389} INFO - Running <TaskInstance: showpulse_dbt_dag.pwd1 scheduled__2023-06-23T02:15:31.696804+00:00 [running]> on host 62cfed75eae1
[2023-06-23T02:16:32.507+0000] {taskinstance.py:1518} INFO - Exporting the following env vars:
AIRFLOW_CTX_DAG_OWNER=nburkett
AIRFLOW_CTX_DAG_ID=showpulse_dbt_dag
AIRFLOW_CTX_TASK_ID=pwd1
AIRFLOW_CTX_EXECUTION_DATE=2023-06-23T02:15:31.696804+00:00
AIRFLOW_CTX_TRY_NUMBER=1
AIRFLOW_CTX_DAG_RUN_ID=scheduled__2023-06-23T02:15:31.696804+00:00
[2023-06-23T02:16:32.509+0000] {subprocess.py:63} INFO - Tmp dir root location: 
 /tmp
[2023-06-23T02:16:32.510+0000] {subprocess.py:75} INFO - Running command: ['/bin/bash', '-c', 'pwd && ls']
[2023-06-23T02:16:32.519+0000] {subprocess.py:86} INFO - Output:
[2023-06-23T02:16:32.522+0000] {subprocess.py:93} INFO - /tmp/***tmpmvczbbag
[2023-06-23T02:16:32.525+0000] {subprocess.py:97} INFO - Command exited with return code 0
[2023-06-23T02:16:32.551+0000] {taskinstance.py:1332} INFO - Marking task as SUCCESS. dag_id=showpulse_dbt_dag, task_id=pwd1, execution_date=20230623T021531, start_date=20230623T021632, end_date=20230623T021632
[2023-06-23T02:16:32.584+0000] {local_task_job.py:212} INFO - Task exited with return code 0
[2023-06-23T02:16:32.609+0000] {taskinstance.py:2596} INFO - 1 downstream tasks scheduled from follow-on schedule check
