[2023-06-22T17:02:23.265+0000] {taskinstance.py:1090} INFO - Dependencies all met for dep_context=non-requeueable deps ti=<TaskInstance: showpulse_dbt_dag.dbt_run scheduled__2023-06-22T16:55:32.767264+00:00 [queued]>
[2023-06-22T17:02:23.486+0000] {taskinstance.py:1090} INFO - Dependencies all met for dep_context=requeueable deps ti=<TaskInstance: showpulse_dbt_dag.dbt_run scheduled__2023-06-22T16:55:32.767264+00:00 [queued]>
[2023-06-22T17:02:23.488+0000] {taskinstance.py:1288} INFO - 
--------------------------------------------------------------------------------
[2023-06-22T17:02:23.489+0000] {taskinstance.py:1289} INFO - Starting attempt 1 of 1
[2023-06-22T17:02:23.490+0000] {taskinstance.py:1290} INFO - 
--------------------------------------------------------------------------------
[2023-06-22T17:02:23.589+0000] {taskinstance.py:1309} INFO - Executing <Task(BashOperator): dbt_run> on 2023-06-22 16:55:32.767264+00:00
[2023-06-22T17:02:23.598+0000] {standard_task_runner.py:55} INFO - Started process 17027 to run task
[2023-06-22T17:02:23.603+0000] {standard_task_runner.py:82} INFO - Running: ['***', 'tasks', 'run', 'showpulse_dbt_dag', 'dbt_run', 'scheduled__2023-06-22T16:55:32.767264+00:00', '--job-id', '1970', '--raw', '--subdir', 'DAGS_FOLDER/dbt_run.py', '--cfg-path', '/tmp/tmpt5si0lqt']
[2023-06-22T17:02:23.605+0000] {standard_task_runner.py:83} INFO - Job 1970: Subtask dbt_run
[2023-06-22T17:02:23.682+0000] {task_command.py:389} INFO - Running <TaskInstance: showpulse_dbt_dag.dbt_run scheduled__2023-06-22T16:55:32.767264+00:00 [running]> on host 62cfed75eae1
[2023-06-22T17:02:23.753+0000] {taskinstance.py:1518} INFO - Exporting the following env vars:
AIRFLOW_CTX_DAG_OWNER=nburkett
AIRFLOW_CTX_DAG_ID=showpulse_dbt_dag
AIRFLOW_CTX_TASK_ID=dbt_run
AIRFLOW_CTX_EXECUTION_DATE=2023-06-22T16:55:32.767264+00:00
AIRFLOW_CTX_TRY_NUMBER=1
AIRFLOW_CTX_DAG_RUN_ID=scheduled__2023-06-22T16:55:32.767264+00:00
[2023-06-22T17:02:23.756+0000] {subprocess.py:63} INFO - Tmp dir root location: 
 /tmp
[2023-06-22T17:02:23.757+0000] {subprocess.py:75} INFO - Running command: ['/bin/bash', '-c', 'cd /dbt/ticketmaster_transformation && dbt run']
[2023-06-22T17:02:23.768+0000] {subprocess.py:86} INFO - Output:
[2023-06-22T17:02:25.123+0000] {subprocess.py:93} INFO - [0m17:02:25  Running with dbt=1.5.1
[2023-06-22T17:02:25.686+0000] {subprocess.py:93} INFO - [0m17:02:25  Found 4 models, 0 tests, 0 snapshots, 0 analyses, 356 macros, 0 operations, 0 seed files, 3 sources, 0 exposures, 0 metrics, 0 groups
[2023-06-22T17:02:25.690+0000] {subprocess.py:93} INFO - [0m17:02:25
[2023-06-22T17:02:26.800+0000] {subprocess.py:93} INFO - [0m17:02:26  Concurrency: 4 threads (target='dev')
[2023-06-22T17:02:26.804+0000] {subprocess.py:93} INFO - [0m17:02:26
[2023-06-22T17:02:26.822+0000] {subprocess.py:93} INFO - [0m17:02:26  1 of 4 START sql table model twitter_kafka_pyspark_test.distinct_data .......... [RUN]
[2023-06-22T17:02:26.825+0000] {subprocess.py:93} INFO - [0m17:02:26  2 of 4 START sql table model twitter_kafka_pyspark_test.dm_events .............. [RUN]
[2023-06-22T17:02:26.832+0000] {subprocess.py:93} INFO - [0m17:02:26  3 of 4 START sql table model twitter_kafka_pyspark_test.my_first_dbt_model ..... [RUN]
[2023-06-22T17:02:29.926+0000] {subprocess.py:93} INFO - [0m17:02:29  3 of 4 OK created sql table model twitter_kafka_pyspark_test.my_first_dbt_model  [[32mCREATE TABLE (2.0 rows, 0 processed)[0m in 3.08s]
[2023-06-22T17:02:29.931+0000] {subprocess.py:93} INFO - [0m17:02:29  2 of 4 OK created sql table model twitter_kafka_pyspark_test.dm_events ......... [[32mCREATE TABLE (1.3k rows, 178.2 KiB processed)[0m in 3.10s]
[2023-06-22T17:02:29.935+0000] {subprocess.py:93} INFO - [0m17:02:29  4 of 4 START sql view model twitter_kafka_pyspark_test.my_second_dbt_model ..... [RUN]
[2023-06-22T17:02:29.970+0000] {subprocess.py:93} INFO - [0m17:02:29  1 of 4 OK created sql table model twitter_kafka_pyspark_test.distinct_data ..... [[32mCREATE TABLE (1.1k rows, 638.3 KiB processed)[0m in 3.14s]
[2023-06-22T17:02:30.911+0000] {subprocess.py:93} INFO - [0m17:02:30  4 of 4 OK created sql view model twitter_kafka_pyspark_test.my_second_dbt_model  [[32mCREATE VIEW (0 processed)[0m in 0.97s]
[2023-06-22T17:02:30.926+0000] {subprocess.py:93} INFO - [0m17:02:30
[2023-06-22T17:02:30.928+0000] {subprocess.py:93} INFO - [0m17:02:30  Finished running 3 table models, 1 view model in 0 hours 0 minutes and 5.24 seconds (5.24s).
[2023-06-22T17:02:30.950+0000] {subprocess.py:93} INFO - [0m17:02:30
[2023-06-22T17:02:30.952+0000] {subprocess.py:93} INFO - [0m17:02:30  [32mCompleted successfully[0m
[2023-06-22T17:02:30.953+0000] {subprocess.py:93} INFO - [0m17:02:30
[2023-06-22T17:02:30.954+0000] {subprocess.py:93} INFO - [0m17:02:30  Done. PASS=4 WARN=0 ERROR=0 SKIP=0 TOTAL=4
[2023-06-22T17:02:31.405+0000] {subprocess.py:97} INFO - Command exited with return code 0
[2023-06-22T17:02:31.432+0000] {taskinstance.py:1332} INFO - Marking task as SUCCESS. dag_id=showpulse_dbt_dag, task_id=dbt_run, execution_date=20230622T165532, start_date=20230622T170223, end_date=20230622T170231
[2023-06-22T17:02:31.454+0000] {local_task_job.py:212} INFO - Task exited with return code 0
[2023-06-22T17:02:31.468+0000] {taskinstance.py:2596} INFO - 0 downstream tasks scheduled from follow-on schedule check
