[2023-06-23T01:01:33.023+0000] {taskinstance.py:1090} INFO - Dependencies all met for dep_context=non-requeueable deps ti=<TaskInstance: showpulse_dbt_dag.dbt_change_dir scheduled__2023-06-23T01:00:30.826087+00:00 [queued]>
[2023-06-23T01:01:33.030+0000] {taskinstance.py:1090} INFO - Dependencies all met for dep_context=requeueable deps ti=<TaskInstance: showpulse_dbt_dag.dbt_change_dir scheduled__2023-06-23T01:00:30.826087+00:00 [queued]>
[2023-06-23T01:01:33.031+0000] {taskinstance.py:1288} INFO - 
--------------------------------------------------------------------------------
[2023-06-23T01:01:33.031+0000] {taskinstance.py:1289} INFO - Starting attempt 1 of 1
[2023-06-23T01:01:33.032+0000] {taskinstance.py:1290} INFO - 
--------------------------------------------------------------------------------
[2023-06-23T01:01:33.042+0000] {taskinstance.py:1309} INFO - Executing <Task(BashOperator): dbt_change_dir> on 2023-06-23 01:00:30.826087+00:00
[2023-06-23T01:01:33.045+0000] {standard_task_runner.py:55} INFO - Started process 21687 to run task
[2023-06-23T01:01:33.049+0000] {standard_task_runner.py:82} INFO - Running: ['***', 'tasks', 'run', 'showpulse_dbt_dag', 'dbt_change_dir', 'scheduled__2023-06-23T01:00:30.826087+00:00', '--job-id', '2432', '--raw', '--subdir', 'DAGS_FOLDER/dbt_run.py', '--cfg-path', '/tmp/tmpksjuv7ak']
[2023-06-23T01:01:33.050+0000] {standard_task_runner.py:83} INFO - Job 2432: Subtask dbt_change_dir
[2023-06-23T01:01:33.104+0000] {task_command.py:389} INFO - Running <TaskInstance: showpulse_dbt_dag.dbt_change_dir scheduled__2023-06-23T01:00:30.826087+00:00 [running]> on host 62cfed75eae1
[2023-06-23T01:01:33.155+0000] {taskinstance.py:1518} INFO - Exporting the following env vars:
AIRFLOW_CTX_DAG_OWNER=nburkett
AIRFLOW_CTX_DAG_ID=showpulse_dbt_dag
AIRFLOW_CTX_TASK_ID=dbt_change_dir
AIRFLOW_CTX_EXECUTION_DATE=2023-06-23T01:00:30.826087+00:00
AIRFLOW_CTX_TRY_NUMBER=1
AIRFLOW_CTX_DAG_RUN_ID=scheduled__2023-06-23T01:00:30.826087+00:00
[2023-06-23T01:01:33.156+0000] {subprocess.py:63} INFO - Tmp dir root location: 
 /tmp
[2023-06-23T01:01:33.157+0000] {subprocess.py:75} INFO - Running command: ['/bin/bash', '-c', 'cd /dbt/ticketmaster_transformation']
[2023-06-23T01:01:33.166+0000] {subprocess.py:86} INFO - Output:
[2023-06-23T01:01:33.169+0000] {subprocess.py:97} INFO - Command exited with return code 0
[2023-06-23T01:01:33.191+0000] {taskinstance.py:1332} INFO - Marking task as SUCCESS. dag_id=showpulse_dbt_dag, task_id=dbt_change_dir, execution_date=20230623T010030, start_date=20230623T010133, end_date=20230623T010133
[2023-06-23T01:01:33.221+0000] {local_task_job.py:212} INFO - Task exited with return code 0
[2023-06-23T01:01:33.242+0000] {taskinstance.py:2596} INFO - 1 downstream tasks scheduled from follow-on schedule check
