[2023-06-22T22:12:27.349+0000] {taskinstance.py:1090} INFO - Dependencies all met for dep_context=non-requeueable deps ti=<TaskInstance: showpulse_dbt_dag.dbt_run scheduled__2023-06-22T22:11:22.609927+00:00 [queued]>
[2023-06-22T22:12:27.355+0000] {taskinstance.py:1090} INFO - Dependencies all met for dep_context=requeueable deps ti=<TaskInstance: showpulse_dbt_dag.dbt_run scheduled__2023-06-22T22:11:22.609927+00:00 [queued]>
[2023-06-22T22:12:27.356+0000] {taskinstance.py:1288} INFO - 
--------------------------------------------------------------------------------
[2023-06-22T22:12:27.357+0000] {taskinstance.py:1289} INFO - Starting attempt 1 of 1
[2023-06-22T22:12:27.357+0000] {taskinstance.py:1290} INFO - 
--------------------------------------------------------------------------------
[2023-06-22T22:12:27.365+0000] {taskinstance.py:1309} INFO - Executing <Task(BashOperator): dbt_run> on 2023-06-22 22:11:22.609927+00:00
[2023-06-22T22:12:27.368+0000] {standard_task_runner.py:55} INFO - Started process 18780 to run task
[2023-06-22T22:12:27.372+0000] {standard_task_runner.py:82} INFO - Running: ['***', 'tasks', 'run', 'showpulse_dbt_dag', 'dbt_run', 'scheduled__2023-06-22T22:11:22.609927+00:00', '--job-id', '2166', '--raw', '--subdir', 'DAGS_FOLDER/dbt_run.py', '--cfg-path', '/tmp/tmp627u1fug']
[2023-06-22T22:12:27.373+0000] {standard_task_runner.py:83} INFO - Job 2166: Subtask dbt_run
[2023-06-22T22:12:27.427+0000] {task_command.py:389} INFO - Running <TaskInstance: showpulse_dbt_dag.dbt_run scheduled__2023-06-22T22:11:22.609927+00:00 [running]> on host 62cfed75eae1
[2023-06-22T22:12:27.478+0000] {taskinstance.py:1518} INFO - Exporting the following env vars:
AIRFLOW_CTX_DAG_OWNER=nburkett
AIRFLOW_CTX_DAG_ID=showpulse_dbt_dag
AIRFLOW_CTX_TASK_ID=dbt_run
AIRFLOW_CTX_EXECUTION_DATE=2023-06-22T22:11:22.609927+00:00
AIRFLOW_CTX_TRY_NUMBER=1
AIRFLOW_CTX_DAG_RUN_ID=scheduled__2023-06-22T22:11:22.609927+00:00
[2023-06-22T22:12:27.479+0000] {subprocess.py:63} INFO - Tmp dir root location: 
 /tmp
[2023-06-22T22:12:27.480+0000] {subprocess.py:75} INFO - Running command: ['/bin/bash', '-c', 'cd /dbt/ticketmaster_transformation && dbt run']
[2023-06-22T22:12:27.488+0000] {subprocess.py:86} INFO - Output:
[2023-06-22T22:12:28.766+0000] {subprocess.py:93} INFO - [0m22:12:28  Running with dbt=1.5.1
[2023-06-22T22:12:29.242+0000] {subprocess.py:93} INFO - [0m22:12:29  Found 4 models, 0 tests, 0 snapshots, 0 analyses, 356 macros, 0 operations, 0 seed files, 3 sources, 0 exposures, 0 metrics, 0 groups
[2023-06-22T22:12:29.245+0000] {subprocess.py:93} INFO - [0m22:12:29
[2023-06-22T22:12:30.016+0000] {subprocess.py:93} INFO - [0m22:12:30  Concurrency: 4 threads (target='dev')
[2023-06-22T22:12:30.019+0000] {subprocess.py:93} INFO - [0m22:12:30
[2023-06-22T22:12:30.035+0000] {subprocess.py:93} INFO - [0m22:12:30  1 of 4 START sql table model twitter_kafka_pyspark_test.distinct_data .......... [RUN]
[2023-06-22T22:12:30.037+0000] {subprocess.py:93} INFO - [0m22:12:30  2 of 4 START sql table model twitter_kafka_pyspark_test.dm_events .............. [RUN]
[2023-06-22T22:12:30.040+0000] {subprocess.py:93} INFO - [0m22:12:30  3 of 4 START sql table model twitter_kafka_pyspark_test.my_first_dbt_model ..... [RUN]
[2023-06-22T22:12:32.840+0000] {subprocess.py:93} INFO - [0m22:12:32  2 of 4 OK created sql table model twitter_kafka_pyspark_test.dm_events ......... [[32mCREATE TABLE (1.3k rows, 178.2 KiB processed)[0m in 2.79s]
[2023-06-22T22:12:32.841+0000] {subprocess.py:93} INFO - [0m22:12:32  3 of 4 OK created sql table model twitter_kafka_pyspark_test.my_first_dbt_model  [[32mCREATE TABLE (2.0 rows, 0 processed)[0m in 2.79s]
[2023-06-22T22:12:32.847+0000] {subprocess.py:93} INFO - [0m22:12:32  4 of 4 START sql view model twitter_kafka_pyspark_test.my_second_dbt_model ..... [RUN]
[2023-06-22T22:12:33.295+0000] {subprocess.py:93} INFO - [0m22:12:33  1 of 4 OK created sql table model twitter_kafka_pyspark_test.distinct_data ..... [[32mCREATE TABLE (1.1k rows, 638.3 KiB processed)[0m in 3.25s]
[2023-06-22T22:12:33.695+0000] {subprocess.py:93} INFO - [0m22:12:33  4 of 4 OK created sql view model twitter_kafka_pyspark_test.my_second_dbt_model  [[32mCREATE VIEW (0 processed)[0m in 0.84s]
[2023-06-22T22:12:33.734+0000] {subprocess.py:93} INFO - [0m22:12:33
[2023-06-22T22:12:33.737+0000] {subprocess.py:93} INFO - [0m22:12:33  Finished running 3 table models, 1 view model in 0 hours 0 minutes and 4.49 seconds (4.49s).
[2023-06-22T22:12:33.758+0000] {subprocess.py:93} INFO - [0m22:12:33
[2023-06-22T22:12:33.760+0000] {subprocess.py:93} INFO - [0m22:12:33  [32mCompleted successfully[0m
[2023-06-22T22:12:33.761+0000] {subprocess.py:93} INFO - [0m22:12:33
[2023-06-22T22:12:33.762+0000] {subprocess.py:93} INFO - [0m22:12:33  Done. PASS=4 WARN=0 ERROR=0 SKIP=0 TOTAL=4
[2023-06-22T22:12:34.168+0000] {subprocess.py:97} INFO - Command exited with return code 0
[2023-06-22T22:12:34.191+0000] {taskinstance.py:1332} INFO - Marking task as SUCCESS. dag_id=showpulse_dbt_dag, task_id=dbt_run, execution_date=20230622T221122, start_date=20230622T221227, end_date=20230622T221234
[2023-06-22T22:12:34.252+0000] {local_task_job.py:212} INFO - Task exited with return code 0
[2023-06-22T22:12:34.266+0000] {taskinstance.py:2596} INFO - 0 downstream tasks scheduled from follow-on schedule check
