[2023-06-21T23:31:22.937+0000] {taskinstance.py:1090} INFO - Dependencies all met for dep_context=non-requeueable deps ti=<TaskInstance: showpulse_dbt_dag.dbt_run scheduled__2023-06-21T23:30:19.110563+00:00 [queued]>
[2023-06-21T23:31:22.943+0000] {taskinstance.py:1090} INFO - Dependencies all met for dep_context=requeueable deps ti=<TaskInstance: showpulse_dbt_dag.dbt_run scheduled__2023-06-21T23:30:19.110563+00:00 [queued]>
[2023-06-21T23:31:22.944+0000] {taskinstance.py:1288} INFO - 
--------------------------------------------------------------------------------
[2023-06-21T23:31:22.944+0000] {taskinstance.py:1289} INFO - Starting attempt 1 of 1
[2023-06-21T23:31:22.945+0000] {taskinstance.py:1290} INFO - 
--------------------------------------------------------------------------------
[2023-06-21T23:31:22.952+0000] {taskinstance.py:1309} INFO - Executing <Task(BashOperator): dbt_run> on 2023-06-21 23:30:19.110563+00:00
[2023-06-21T23:31:22.956+0000] {standard_task_runner.py:55} INFO - Started process 7441 to run task
[2023-06-21T23:31:22.959+0000] {standard_task_runner.py:82} INFO - Running: ['***', 'tasks', 'run', 'showpulse_dbt_dag', 'dbt_run', 'scheduled__2023-06-21T23:30:19.110563+00:00', '--job-id', '1138', '--raw', '--subdir', 'DAGS_FOLDER/dbt_run.py', '--cfg-path', '/tmp/tmp960p2m8p']
[2023-06-21T23:31:22.960+0000] {standard_task_runner.py:83} INFO - Job 1138: Subtask dbt_run
[2023-06-21T23:31:23.012+0000] {task_command.py:389} INFO - Running <TaskInstance: showpulse_dbt_dag.dbt_run scheduled__2023-06-21T23:30:19.110563+00:00 [running]> on host 62cfed75eae1
[2023-06-21T23:31:23.076+0000] {taskinstance.py:1518} INFO - Exporting the following env vars:
AIRFLOW_CTX_DAG_OWNER=nburkett
AIRFLOW_CTX_DAG_ID=showpulse_dbt_dag
AIRFLOW_CTX_TASK_ID=dbt_run
AIRFLOW_CTX_EXECUTION_DATE=2023-06-21T23:30:19.110563+00:00
AIRFLOW_CTX_TRY_NUMBER=1
AIRFLOW_CTX_DAG_RUN_ID=scheduled__2023-06-21T23:30:19.110563+00:00
[2023-06-21T23:31:23.077+0000] {subprocess.py:63} INFO - Tmp dir root location: 
 /tmp
[2023-06-21T23:31:23.078+0000] {subprocess.py:75} INFO - Running command: ['/bin/bash', '-c', 'cd /dbt/ticketmaster_transformation && dbt run']
[2023-06-21T23:31:23.086+0000] {subprocess.py:86} INFO - Output:
[2023-06-21T23:31:24.289+0000] {subprocess.py:93} INFO - [0m23:31:24  Running with dbt=1.5.1
[2023-06-21T23:31:24.750+0000] {subprocess.py:93} INFO - [0m23:31:24  Found 4 models, 0 tests, 0 snapshots, 0 analyses, 356 macros, 0 operations, 0 seed files, 3 sources, 0 exposures, 0 metrics, 0 groups
[2023-06-21T23:31:24.753+0000] {subprocess.py:93} INFO - [0m23:31:24
[2023-06-21T23:31:25.536+0000] {subprocess.py:93} INFO - [0m23:31:25  Concurrency: 4 threads (target='dev')
[2023-06-21T23:31:25.539+0000] {subprocess.py:93} INFO - [0m23:31:25
[2023-06-21T23:31:25.557+0000] {subprocess.py:93} INFO - [0m23:31:25  1 of 4 START sql table model twitter_kafka_pyspark_test.distinct_data .......... [RUN]
[2023-06-21T23:31:25.560+0000] {subprocess.py:93} INFO - [0m23:31:25  2 of 4 START sql table model twitter_kafka_pyspark_test.dm_events .............. [RUN]
[2023-06-21T23:31:25.568+0000] {subprocess.py:93} INFO - [0m23:31:25  3 of 4 START sql table model twitter_kafka_pyspark_test.my_first_dbt_model ..... [RUN]
[2023-06-21T23:31:28.070+0000] {subprocess.py:93} INFO - [0m23:31:28  3 of 4 OK created sql table model twitter_kafka_pyspark_test.my_first_dbt_model  [[32mCREATE TABLE (2.0 rows, 0 processed)[0m in 2.49s]
[2023-06-21T23:31:28.074+0000] {subprocess.py:93} INFO - [0m23:31:28  4 of 4 START sql view model twitter_kafka_pyspark_test.my_second_dbt_model ..... [RUN]
[2023-06-21T23:31:28.316+0000] {subprocess.py:93} INFO - [0m23:31:28  2 of 4 OK created sql table model twitter_kafka_pyspark_test.dm_events ......... [[32mCREATE TABLE (1.3k rows, 178.2 KiB processed)[0m in 2.75s]
[2023-06-21T23:31:28.569+0000] {subprocess.py:93} INFO - [0m23:31:28  1 of 4 OK created sql table model twitter_kafka_pyspark_test.distinct_data ..... [[32mCREATE TABLE (1.1k rows, 638.3 KiB processed)[0m in 3.00s]
[2023-06-21T23:31:28.829+0000] {subprocess.py:93} INFO - [0m23:31:28  4 of 4 OK created sql view model twitter_kafka_pyspark_test.my_second_dbt_model  [[32mCREATE VIEW (0 processed)[0m in 0.75s]
[2023-06-21T23:31:28.895+0000] {subprocess.py:93} INFO - [0m23:31:28
[2023-06-21T23:31:28.896+0000] {subprocess.py:93} INFO - [0m23:31:28  Finished running 3 table models, 1 view model in 0 hours 0 minutes and 4.14 seconds (4.14s).
[2023-06-21T23:31:28.913+0000] {subprocess.py:93} INFO - [0m23:31:28
[2023-06-21T23:31:28.914+0000] {subprocess.py:93} INFO - [0m23:31:28  [32mCompleted successfully[0m
[2023-06-21T23:31:28.916+0000] {subprocess.py:93} INFO - [0m23:31:28
[2023-06-21T23:31:28.917+0000] {subprocess.py:93} INFO - [0m23:31:28  Done. PASS=4 WARN=0 ERROR=0 SKIP=0 TOTAL=4
[2023-06-21T23:31:29.345+0000] {subprocess.py:97} INFO - Command exited with return code 0
[2023-06-21T23:31:29.369+0000] {taskinstance.py:1332} INFO - Marking task as SUCCESS. dag_id=showpulse_dbt_dag, task_id=dbt_run, execution_date=20230621T233019, start_date=20230621T233122, end_date=20230621T233129
[2023-06-21T23:31:29.419+0000] {local_task_job.py:212} INFO - Task exited with return code 0
[2023-06-21T23:31:29.432+0000] {taskinstance.py:2596} INFO - 0 downstream tasks scheduled from follow-on schedule check
