[2023-06-23T01:46:35.240+0000] {taskinstance.py:1090} INFO - Dependencies all met for dep_context=non-requeueable deps ti=<TaskInstance: showpulse_dbt_dag.dbt_run scheduled__2023-06-23T01:45:31.696804+00:00 [queued]>
[2023-06-23T01:46:35.247+0000] {taskinstance.py:1090} INFO - Dependencies all met for dep_context=requeueable deps ti=<TaskInstance: showpulse_dbt_dag.dbt_run scheduled__2023-06-23T01:45:31.696804+00:00 [queued]>
[2023-06-23T01:46:35.248+0000] {taskinstance.py:1288} INFO - 
--------------------------------------------------------------------------------
[2023-06-23T01:46:35.249+0000] {taskinstance.py:1289} INFO - Starting attempt 1 of 1
[2023-06-23T01:46:35.250+0000] {taskinstance.py:1290} INFO - 
--------------------------------------------------------------------------------
[2023-06-23T01:46:35.258+0000] {taskinstance.py:1309} INFO - Executing <Task(BashOperator): dbt_run> on 2023-06-23 01:45:31.696804+00:00
[2023-06-23T01:46:35.262+0000] {standard_task_runner.py:55} INFO - Started process 23940 to run task
[2023-06-23T01:46:35.265+0000] {standard_task_runner.py:82} INFO - Running: ['***', 'tasks', 'run', 'showpulse_dbt_dag', 'dbt_run', 'scheduled__2023-06-23T01:45:31.696804+00:00', '--job-id', '2614', '--raw', '--subdir', 'DAGS_FOLDER/dbt_run.py', '--cfg-path', '/tmp/tmp_sxnxlqw']
[2023-06-23T01:46:35.266+0000] {standard_task_runner.py:83} INFO - Job 2614: Subtask dbt_run
[2023-06-23T01:46:35.323+0000] {task_command.py:389} INFO - Running <TaskInstance: showpulse_dbt_dag.dbt_run scheduled__2023-06-23T01:45:31.696804+00:00 [running]> on host 62cfed75eae1
[2023-06-23T01:46:35.378+0000] {taskinstance.py:1518} INFO - Exporting the following env vars:
AIRFLOW_CTX_DAG_OWNER=nburkett
AIRFLOW_CTX_DAG_ID=showpulse_dbt_dag
AIRFLOW_CTX_TASK_ID=dbt_run
AIRFLOW_CTX_EXECUTION_DATE=2023-06-23T01:45:31.696804+00:00
AIRFLOW_CTX_TRY_NUMBER=1
AIRFLOW_CTX_DAG_RUN_ID=scheduled__2023-06-23T01:45:31.696804+00:00
[2023-06-23T01:46:35.380+0000] {subprocess.py:63} INFO - Tmp dir root location: 
 /tmp
[2023-06-23T01:46:35.380+0000] {subprocess.py:75} INFO - Running command: ['/bin/bash', '-c', 'cd /dbt/ticketmaster_transformation && dbt run']
[2023-06-23T01:46:35.389+0000] {subprocess.py:86} INFO - Output:
[2023-06-23T01:46:36.825+0000] {subprocess.py:93} INFO - [0m01:46:36  Running with dbt=1.5.1
[2023-06-23T01:46:37.593+0000] {subprocess.py:93} INFO - [0m01:46:37  Found 4 models, 0 tests, 0 snapshots, 0 analyses, 356 macros, 0 operations, 0 seed files, 3 sources, 0 exposures, 0 metrics, 0 groups
[2023-06-23T01:46:37.597+0000] {subprocess.py:93} INFO - [0m01:46:37
[2023-06-23T01:46:38.416+0000] {subprocess.py:93} INFO - [0m01:46:38  Concurrency: 4 threads (target='dev')
[2023-06-23T01:46:38.419+0000] {subprocess.py:93} INFO - [0m01:46:38
[2023-06-23T01:46:38.430+0000] {subprocess.py:93} INFO - [0m01:46:38  1 of 4 START sql table model twitter_kafka_pyspark_test.distinct_data .......... [RUN]
[2023-06-23T01:46:38.432+0000] {subprocess.py:93} INFO - [0m01:46:38  2 of 4 START sql table model twitter_kafka_pyspark_test.dm_events .............. [RUN]
[2023-06-23T01:46:38.434+0000] {subprocess.py:93} INFO - [0m01:46:38  3 of 4 START sql table model twitter_kafka_pyspark_test.my_first_dbt_model ..... [RUN]
[2023-06-23T01:46:41.172+0000] {subprocess.py:93} INFO - [0m01:46:41  3 of 4 OK created sql table model twitter_kafka_pyspark_test.my_first_dbt_model  [[32mCREATE TABLE (2.0 rows, 0 processed)[0m in 2.73s]
[2023-06-23T01:46:41.176+0000] {subprocess.py:93} INFO - [0m01:46:41  2 of 4 OK created sql table model twitter_kafka_pyspark_test.dm_events ......... [[32mCREATE TABLE (0.0 rows, 0 processed)[0m in 2.74s]
[2023-06-23T01:46:41.181+0000] {subprocess.py:93} INFO - [0m01:46:41  4 of 4 START sql view model twitter_kafka_pyspark_test.my_second_dbt_model ..... [RUN]
[2023-06-23T01:46:41.401+0000] {subprocess.py:93} INFO - [0m01:46:41  1 of 4 OK created sql table model twitter_kafka_pyspark_test.distinct_data ..... [[32mCREATE TABLE (0.0 rows, 0 processed)[0m in 2.96s]
[2023-06-23T01:46:42.029+0000] {subprocess.py:93} INFO - [0m01:46:42  4 of 4 OK created sql view model twitter_kafka_pyspark_test.my_second_dbt_model  [[32mCREATE VIEW (0 processed)[0m in 0.84s]
[2023-06-23T01:46:42.069+0000] {subprocess.py:93} INFO - [0m01:46:42
[2023-06-23T01:46:42.071+0000] {subprocess.py:93} INFO - [0m01:46:42  Finished running 3 table models, 1 view model in 0 hours 0 minutes and 4.47 seconds (4.47s).
[2023-06-23T01:46:42.098+0000] {subprocess.py:93} INFO - [0m01:46:42
[2023-06-23T01:46:42.099+0000] {subprocess.py:93} INFO - [0m01:46:42  [32mCompleted successfully[0m
[2023-06-23T01:46:42.101+0000] {subprocess.py:93} INFO - [0m01:46:42
[2023-06-23T01:46:42.105+0000] {subprocess.py:93} INFO - [0m01:46:42  Done. PASS=4 WARN=0 ERROR=0 SKIP=0 TOTAL=4
[2023-06-23T01:46:42.556+0000] {subprocess.py:97} INFO - Command exited with return code 0
[2023-06-23T01:46:42.618+0000] {taskinstance.py:1332} INFO - Marking task as SUCCESS. dag_id=showpulse_dbt_dag, task_id=dbt_run, execution_date=20230623T014531, start_date=20230623T014635, end_date=20230623T014642
[2023-06-23T01:46:42.677+0000] {local_task_job.py:212} INFO - Task exited with return code 0
[2023-06-23T01:46:42.700+0000] {taskinstance.py:2596} INFO - 0 downstream tasks scheduled from follow-on schedule check
