[2023-06-23T01:44:35.751+0000] {taskinstance.py:1090} INFO - Dependencies all met for dep_context=non-requeueable deps ti=<TaskInstance: showpulse_dbt_dag.dbt_run scheduled__2023-06-23T01:43:31.696804+00:00 [queued]>
[2023-06-23T01:44:35.758+0000] {taskinstance.py:1090} INFO - Dependencies all met for dep_context=requeueable deps ti=<TaskInstance: showpulse_dbt_dag.dbt_run scheduled__2023-06-23T01:43:31.696804+00:00 [queued]>
[2023-06-23T01:44:35.759+0000] {taskinstance.py:1288} INFO - 
--------------------------------------------------------------------------------
[2023-06-23T01:44:35.760+0000] {taskinstance.py:1289} INFO - Starting attempt 1 of 1
[2023-06-23T01:44:35.760+0000] {taskinstance.py:1290} INFO - 
--------------------------------------------------------------------------------
[2023-06-23T01:44:35.770+0000] {taskinstance.py:1309} INFO - Executing <Task(BashOperator): dbt_run> on 2023-06-23 01:43:31.696804+00:00
[2023-06-23T01:44:35.774+0000] {standard_task_runner.py:55} INFO - Started process 23837 to run task
[2023-06-23T01:44:35.777+0000] {standard_task_runner.py:82} INFO - Running: ['***', 'tasks', 'run', 'showpulse_dbt_dag', 'dbt_run', 'scheduled__2023-06-23T01:43:31.696804+00:00', '--job-id', '2606', '--raw', '--subdir', 'DAGS_FOLDER/dbt_run.py', '--cfg-path', '/tmp/tmpswmtbcj8']
[2023-06-23T01:44:35.779+0000] {standard_task_runner.py:83} INFO - Job 2606: Subtask dbt_run
[2023-06-23T01:44:35.841+0000] {task_command.py:389} INFO - Running <TaskInstance: showpulse_dbt_dag.dbt_run scheduled__2023-06-23T01:43:31.696804+00:00 [running]> on host 62cfed75eae1
[2023-06-23T01:44:35.896+0000] {taskinstance.py:1518} INFO - Exporting the following env vars:
AIRFLOW_CTX_DAG_OWNER=nburkett
AIRFLOW_CTX_DAG_ID=showpulse_dbt_dag
AIRFLOW_CTX_TASK_ID=dbt_run
AIRFLOW_CTX_EXECUTION_DATE=2023-06-23T01:43:31.696804+00:00
AIRFLOW_CTX_TRY_NUMBER=1
AIRFLOW_CTX_DAG_RUN_ID=scheduled__2023-06-23T01:43:31.696804+00:00
[2023-06-23T01:44:35.898+0000] {subprocess.py:63} INFO - Tmp dir root location: 
 /tmp
[2023-06-23T01:44:35.899+0000] {subprocess.py:75} INFO - Running command: ['/bin/bash', '-c', 'cd /dbt/ticketmaster_transformation && dbt run']
[2023-06-23T01:44:35.907+0000] {subprocess.py:86} INFO - Output:
[2023-06-23T01:44:37.221+0000] {subprocess.py:93} INFO - [0m01:44:37  Running with dbt=1.5.1
[2023-06-23T01:44:37.720+0000] {subprocess.py:93} INFO - [0m01:44:37  Found 4 models, 0 tests, 0 snapshots, 0 analyses, 356 macros, 0 operations, 0 seed files, 3 sources, 0 exposures, 0 metrics, 0 groups
[2023-06-23T01:44:37.723+0000] {subprocess.py:93} INFO - [0m01:44:37
[2023-06-23T01:44:38.522+0000] {subprocess.py:93} INFO - [0m01:44:38  Concurrency: 4 threads (target='dev')
[2023-06-23T01:44:38.525+0000] {subprocess.py:93} INFO - [0m01:44:38
[2023-06-23T01:44:38.541+0000] {subprocess.py:93} INFO - [0m01:44:38  1 of 4 START sql table model twitter_kafka_pyspark_test.distinct_data .......... [RUN]
[2023-06-23T01:44:38.544+0000] {subprocess.py:93} INFO - [0m01:44:38  2 of 4 START sql table model twitter_kafka_pyspark_test.dm_events .............. [RUN]
[2023-06-23T01:44:38.547+0000] {subprocess.py:93} INFO - [0m01:44:38  3 of 4 START sql table model twitter_kafka_pyspark_test.my_first_dbt_model ..... [RUN]
[2023-06-23T01:44:40.859+0000] {subprocess.py:93} INFO - [0m01:44:40  3 of 4 OK created sql table model twitter_kafka_pyspark_test.my_first_dbt_model  [[32mCREATE TABLE (2.0 rows, 0 processed)[0m in 2.30s]
[2023-06-23T01:44:40.864+0000] {subprocess.py:93} INFO - [0m01:44:40  4 of 4 START sql view model twitter_kafka_pyspark_test.my_second_dbt_model ..... [RUN]
[2023-06-23T01:44:41.179+0000] {subprocess.py:93} INFO - [0m01:44:41  2 of 4 OK created sql table model twitter_kafka_pyspark_test.dm_events ......... [[32mCREATE TABLE (0.0 rows, 0 processed)[0m in 2.62s]
[2023-06-23T01:44:41.536+0000] {subprocess.py:93} INFO - [0m01:44:41  1 of 4 OK created sql table model twitter_kafka_pyspark_test.distinct_data ..... [[32mCREATE TABLE (0.0 rows, 0 processed)[0m in 2.98s]
[2023-06-23T01:44:42.085+0000] {subprocess.py:93} INFO - [0m01:44:42  4 of 4 OK created sql view model twitter_kafka_pyspark_test.my_second_dbt_model  [[32mCREATE VIEW (0 processed)[0m in 1.22s]
[2023-06-23T01:44:42.179+0000] {subprocess.py:93} INFO - [0m01:44:42
[2023-06-23T01:44:42.180+0000] {subprocess.py:93} INFO - [0m01:44:42  Finished running 3 table models, 1 view model in 0 hours 0 minutes and 4.45 seconds (4.45s).
[2023-06-23T01:44:42.203+0000] {subprocess.py:93} INFO - [0m01:44:42
[2023-06-23T01:44:42.205+0000] {subprocess.py:93} INFO - [0m01:44:42  [32mCompleted successfully[0m
[2023-06-23T01:44:42.206+0000] {subprocess.py:93} INFO - [0m01:44:42
[2023-06-23T01:44:42.207+0000] {subprocess.py:93} INFO - [0m01:44:42  Done. PASS=4 WARN=0 ERROR=0 SKIP=0 TOTAL=4
[2023-06-23T01:44:42.653+0000] {subprocess.py:97} INFO - Command exited with return code 0
[2023-06-23T01:44:42.685+0000] {taskinstance.py:1332} INFO - Marking task as SUCCESS. dag_id=showpulse_dbt_dag, task_id=dbt_run, execution_date=20230623T014331, start_date=20230623T014435, end_date=20230623T014442
[2023-06-23T01:44:42.720+0000] {local_task_job.py:212} INFO - Task exited with return code 0
[2023-06-23T01:44:42.742+0000] {taskinstance.py:2596} INFO - 0 downstream tasks scheduled from follow-on schedule check
