[2023-06-21T23:55:21.386+0000] {taskinstance.py:1090} INFO - Dependencies all met for dep_context=non-requeueable deps ti=<TaskInstance: showpulse_dbt_dag.dbt_change_dir scheduled__2023-06-21T23:54:19.542692+00:00 [queued]>
[2023-06-21T23:55:21.392+0000] {taskinstance.py:1090} INFO - Dependencies all met for dep_context=requeueable deps ti=<TaskInstance: showpulse_dbt_dag.dbt_change_dir scheduled__2023-06-21T23:54:19.542692+00:00 [queued]>
[2023-06-21T23:55:21.393+0000] {taskinstance.py:1288} INFO - 
--------------------------------------------------------------------------------
[2023-06-21T23:55:21.393+0000] {taskinstance.py:1289} INFO - Starting attempt 1 of 1
[2023-06-21T23:55:21.394+0000] {taskinstance.py:1290} INFO - 
--------------------------------------------------------------------------------
[2023-06-21T23:55:21.401+0000] {taskinstance.py:1309} INFO - Executing <Task(BashOperator): dbt_change_dir> on 2023-06-21 23:54:19.542692+00:00
[2023-06-21T23:55:21.405+0000] {standard_task_runner.py:55} INFO - Started process 8647 to run task
[2023-06-21T23:55:21.408+0000] {standard_task_runner.py:82} INFO - Running: ['***', 'tasks', 'run', 'showpulse_dbt_dag', 'dbt_change_dir', 'scheduled__2023-06-21T23:54:19.542692+00:00', '--job-id', '1232', '--raw', '--subdir', 'DAGS_FOLDER/dbt_run.py', '--cfg-path', '/tmp/tmpsn3q7_hx']
[2023-06-21T23:55:21.409+0000] {standard_task_runner.py:83} INFO - Job 1232: Subtask dbt_change_dir
[2023-06-21T23:55:21.460+0000] {task_command.py:389} INFO - Running <TaskInstance: showpulse_dbt_dag.dbt_change_dir scheduled__2023-06-21T23:54:19.542692+00:00 [running]> on host 62cfed75eae1
[2023-06-21T23:55:21.514+0000] {taskinstance.py:1518} INFO - Exporting the following env vars:
AIRFLOW_CTX_DAG_OWNER=nburkett
AIRFLOW_CTX_DAG_ID=showpulse_dbt_dag
AIRFLOW_CTX_TASK_ID=dbt_change_dir
AIRFLOW_CTX_EXECUTION_DATE=2023-06-21T23:54:19.542692+00:00
AIRFLOW_CTX_TRY_NUMBER=1
AIRFLOW_CTX_DAG_RUN_ID=scheduled__2023-06-21T23:54:19.542692+00:00
[2023-06-21T23:55:21.515+0000] {subprocess.py:63} INFO - Tmp dir root location: 
 /tmp
[2023-06-21T23:55:21.516+0000] {subprocess.py:75} INFO - Running command: ['/bin/bash', '-c', 'cd /dbt/ticketmaster_transformation']
[2023-06-21T23:55:21.524+0000] {subprocess.py:86} INFO - Output:
[2023-06-21T23:55:21.526+0000] {subprocess.py:97} INFO - Command exited with return code 0
[2023-06-21T23:55:21.547+0000] {taskinstance.py:1332} INFO - Marking task as SUCCESS. dag_id=showpulse_dbt_dag, task_id=dbt_change_dir, execution_date=20230621T235419, start_date=20230621T235521, end_date=20230621T235521
[2023-06-21T23:55:21.582+0000] {local_task_job.py:212} INFO - Task exited with return code 0
[2023-06-21T23:55:21.604+0000] {taskinstance.py:2596} INFO - 1 downstream tasks scheduled from follow-on schedule check
