[2023-06-21T03:12:16.229+0000] {taskinstance.py:1090} INFO - Dependencies all met for dep_context=non-requeueable deps ti=<TaskInstance: showpulse_dbt_dag.dbt_run scheduled__2023-06-21T03:00:03.102075+00:00 [queued]>
[2023-06-21T03:12:16.235+0000] {taskinstance.py:1090} INFO - Dependencies all met for dep_context=requeueable deps ti=<TaskInstance: showpulse_dbt_dag.dbt_run scheduled__2023-06-21T03:00:03.102075+00:00 [queued]>
[2023-06-21T03:12:16.236+0000] {taskinstance.py:1288} INFO - 
--------------------------------------------------------------------------------
[2023-06-21T03:12:16.237+0000] {taskinstance.py:1289} INFO - Starting attempt 1 of 1
[2023-06-21T03:12:16.237+0000] {taskinstance.py:1290} INFO - 
--------------------------------------------------------------------------------
[2023-06-21T03:12:16.245+0000] {taskinstance.py:1309} INFO - Executing <Task(BashOperator): dbt_run> on 2023-06-21 03:00:03.102075+00:00
[2023-06-21T03:12:16.249+0000] {standard_task_runner.py:55} INFO - Started process 2527 to run task
[2023-06-21T03:12:16.252+0000] {standard_task_runner.py:82} INFO - Running: ['***', 'tasks', 'run', 'showpulse_dbt_dag', 'dbt_run', 'scheduled__2023-06-21T03:00:03.102075+00:00', '--job-id', '602', '--raw', '--subdir', 'DAGS_FOLDER/dbt_run.py', '--cfg-path', '/tmp/tmpvkpw08e3']
[2023-06-21T03:12:16.253+0000] {standard_task_runner.py:83} INFO - Job 602: Subtask dbt_run
[2023-06-21T03:12:16.308+0000] {task_command.py:389} INFO - Running <TaskInstance: showpulse_dbt_dag.dbt_run scheduled__2023-06-21T03:00:03.102075+00:00 [running]> on host 62cfed75eae1
[2023-06-21T03:12:16.359+0000] {taskinstance.py:1518} INFO - Exporting the following env vars:
AIRFLOW_CTX_DAG_OWNER=nburkett
AIRFLOW_CTX_DAG_ID=showpulse_dbt_dag
AIRFLOW_CTX_TASK_ID=dbt_run
AIRFLOW_CTX_EXECUTION_DATE=2023-06-21T03:00:03.102075+00:00
AIRFLOW_CTX_TRY_NUMBER=1
AIRFLOW_CTX_DAG_RUN_ID=scheduled__2023-06-21T03:00:03.102075+00:00
[2023-06-21T03:12:16.360+0000] {subprocess.py:63} INFO - Tmp dir root location: 
 /tmp
[2023-06-21T03:12:16.361+0000] {subprocess.py:75} INFO - Running command: ['/bin/bash', '-c', 'cd /dbt/ticketmaster_transformation && dbt run']
[2023-06-21T03:12:16.369+0000] {subprocess.py:86} INFO - Output:
[2023-06-21T03:12:18.206+0000] {subprocess.py:93} INFO - [0m03:12:18  Running with dbt=1.5.1
[2023-06-21T03:12:18.760+0000] {subprocess.py:93} INFO - [0m03:12:18  Found 4 models, 0 tests, 0 snapshots, 0 analyses, 356 macros, 0 operations, 0 seed files, 3 sources, 0 exposures, 0 metrics, 0 groups
[2023-06-21T03:12:18.763+0000] {subprocess.py:93} INFO - [0m03:12:18
[2023-06-21T03:12:19.456+0000] {subprocess.py:93} INFO - [0m03:12:19  Concurrency: 4 threads (target='dev')
[2023-06-21T03:12:19.459+0000] {subprocess.py:93} INFO - [0m03:12:19
[2023-06-21T03:12:19.475+0000] {subprocess.py:93} INFO - [0m03:12:19  1 of 4 START sql table model twitter_kafka_pyspark_test.distinct_data .......... [RUN]
[2023-06-21T03:12:19.477+0000] {subprocess.py:93} INFO - [0m03:12:19  2 of 4 START sql table model twitter_kafka_pyspark_test.dm_events .............. [RUN]
[2023-06-21T03:12:19.480+0000] {subprocess.py:93} INFO - [0m03:12:19  3 of 4 START sql table model twitter_kafka_pyspark_test.my_first_dbt_model ..... [RUN]
[2023-06-21T03:12:22.533+0000] {subprocess.py:93} INFO - [0m03:12:22  3 of 4 OK created sql table model twitter_kafka_pyspark_test.my_first_dbt_model  [[32mCREATE TABLE (2.0 rows, 0 processed)[0m in 3.05s]
[2023-06-21T03:12:22.540+0000] {subprocess.py:93} INFO - [0m03:12:22  4 of 4 START sql view model twitter_kafka_pyspark_test.my_second_dbt_model ..... [RUN]
[2023-06-21T03:12:22.719+0000] {subprocess.py:93} INFO - [0m03:12:22  2 of 4 OK created sql table model twitter_kafka_pyspark_test.dm_events ......... [[32mCREATE TABLE (1.3k rows, 178.2 KiB processed)[0m in 3.23s]
[2023-06-21T03:12:22.741+0000] {subprocess.py:93} INFO - [0m03:12:22  1 of 4 OK created sql table model twitter_kafka_pyspark_test.distinct_data ..... [[32mCREATE TABLE (1.1k rows, 638.3 KiB processed)[0m in 3.25s]
[2023-06-21T03:12:23.502+0000] {subprocess.py:93} INFO - [0m03:12:23  4 of 4 OK created sql view model twitter_kafka_pyspark_test.my_second_dbt_model  [[32mCREATE VIEW (0 processed)[0m in 0.96s]
[2023-06-21T03:12:23.554+0000] {subprocess.py:93} INFO - [0m03:12:23
[2023-06-21T03:12:23.556+0000] {subprocess.py:93} INFO - [0m03:12:23  Finished running 3 table models, 1 view model in 0 hours 0 minutes and 4.79 seconds (4.79s).
[2023-06-21T03:12:23.585+0000] {subprocess.py:93} INFO - [0m03:12:23
[2023-06-21T03:12:23.587+0000] {subprocess.py:93} INFO - [0m03:12:23  [32mCompleted successfully[0m
[2023-06-21T03:12:23.588+0000] {subprocess.py:93} INFO - [0m03:12:23
[2023-06-21T03:12:23.590+0000] {subprocess.py:93} INFO - [0m03:12:23  Done. PASS=4 WARN=0 ERROR=0 SKIP=0 TOTAL=4
[2023-06-21T03:12:24.074+0000] {subprocess.py:97} INFO - Command exited with return code 0
[2023-06-21T03:12:24.099+0000] {taskinstance.py:1332} INFO - Marking task as SUCCESS. dag_id=showpulse_dbt_dag, task_id=dbt_run, execution_date=20230621T030003, start_date=20230621T031216, end_date=20230621T031224
[2023-06-21T03:12:24.129+0000] {local_task_job.py:212} INFO - Task exited with return code 0
[2023-06-21T03:12:24.143+0000] {taskinstance.py:2596} INFO - 0 downstream tasks scheduled from follow-on schedule check
