[2023-06-23T02:08:35.016+0000] {taskinstance.py:1090} INFO - Dependencies all met for dep_context=non-requeueable deps ti=<TaskInstance: showpulse_dbt_dag.dbt_run scheduled__2023-06-23T02:07:31.696804+00:00 [queued]>
[2023-06-23T02:08:35.023+0000] {taskinstance.py:1090} INFO - Dependencies all met for dep_context=requeueable deps ti=<TaskInstance: showpulse_dbt_dag.dbt_run scheduled__2023-06-23T02:07:31.696804+00:00 [queued]>
[2023-06-23T02:08:35.024+0000] {taskinstance.py:1288} INFO - 
--------------------------------------------------------------------------------
[2023-06-23T02:08:35.025+0000] {taskinstance.py:1289} INFO - Starting attempt 1 of 1
[2023-06-23T02:08:35.025+0000] {taskinstance.py:1290} INFO - 
--------------------------------------------------------------------------------
[2023-06-23T02:08:35.034+0000] {taskinstance.py:1309} INFO - Executing <Task(BashOperator): dbt_run> on 2023-06-23 02:07:31.696804+00:00
[2023-06-23T02:08:35.038+0000] {standard_task_runner.py:55} INFO - Started process 25042 to run task
[2023-06-23T02:08:35.041+0000] {standard_task_runner.py:82} INFO - Running: ['***', 'tasks', 'run', 'showpulse_dbt_dag', 'dbt_run', 'scheduled__2023-06-23T02:07:31.696804+00:00', '--job-id', '2702', '--raw', '--subdir', 'DAGS_FOLDER/dbt_run.py', '--cfg-path', '/tmp/tmpqw229r3p']
[2023-06-23T02:08:35.042+0000] {standard_task_runner.py:83} INFO - Job 2702: Subtask dbt_run
[2023-06-23T02:08:35.099+0000] {task_command.py:389} INFO - Running <TaskInstance: showpulse_dbt_dag.dbt_run scheduled__2023-06-23T02:07:31.696804+00:00 [running]> on host 62cfed75eae1
[2023-06-23T02:08:35.157+0000] {taskinstance.py:1518} INFO - Exporting the following env vars:
AIRFLOW_CTX_DAG_OWNER=nburkett
AIRFLOW_CTX_DAG_ID=showpulse_dbt_dag
AIRFLOW_CTX_TASK_ID=dbt_run
AIRFLOW_CTX_EXECUTION_DATE=2023-06-23T02:07:31.696804+00:00
AIRFLOW_CTX_TRY_NUMBER=1
AIRFLOW_CTX_DAG_RUN_ID=scheduled__2023-06-23T02:07:31.696804+00:00
[2023-06-23T02:08:35.158+0000] {subprocess.py:63} INFO - Tmp dir root location: 
 /tmp
[2023-06-23T02:08:35.159+0000] {subprocess.py:75} INFO - Running command: ['/bin/bash', '-c', 'cd /dbt/ticketmaster_transformation && dbt run']
[2023-06-23T02:08:35.170+0000] {subprocess.py:86} INFO - Output:
[2023-06-23T02:08:36.639+0000] {subprocess.py:93} INFO - [0m02:08:36  Running with dbt=1.5.1
[2023-06-23T02:08:37.213+0000] {subprocess.py:93} INFO - [0m02:08:37  Found 4 models, 0 tests, 0 snapshots, 0 analyses, 356 macros, 0 operations, 0 seed files, 3 sources, 0 exposures, 0 metrics, 0 groups
[2023-06-23T02:08:37.216+0000] {subprocess.py:93} INFO - [0m02:08:37
[2023-06-23T02:08:38.074+0000] {subprocess.py:93} INFO - [0m02:08:38  Concurrency: 4 threads (target='dev')
[2023-06-23T02:08:38.077+0000] {subprocess.py:93} INFO - [0m02:08:38
[2023-06-23T02:08:38.090+0000] {subprocess.py:93} INFO - [0m02:08:38  1 of 4 START sql table model twitter_kafka_pyspark_test.distinct_data .......... [RUN]
[2023-06-23T02:08:38.092+0000] {subprocess.py:93} INFO - [0m02:08:38  2 of 4 START sql table model twitter_kafka_pyspark_test.dm_events .............. [RUN]
[2023-06-23T02:08:38.094+0000] {subprocess.py:93} INFO - [0m02:08:38  3 of 4 START sql table model twitter_kafka_pyspark_test.my_first_dbt_model ..... [RUN]
[2023-06-23T02:08:40.742+0000] {subprocess.py:93} INFO - [0m02:08:40  3 of 4 OK created sql table model twitter_kafka_pyspark_test.my_first_dbt_model  [[32mCREATE TABLE (2.0 rows, 0 processed)[0m in 2.64s]
[2023-06-23T02:08:40.748+0000] {subprocess.py:93} INFO - [0m02:08:40  4 of 4 START sql view model twitter_kafka_pyspark_test.my_second_dbt_model ..... [RUN]
[2023-06-23T02:08:41.033+0000] {subprocess.py:93} INFO - [0m02:08:41  2 of 4 OK created sql table model twitter_kafka_pyspark_test.dm_events ......... [[32mCREATE TABLE (34.0 rows, 4.9 KiB processed)[0m in 2.93s]
[2023-06-23T02:08:41.078+0000] {subprocess.py:93} INFO - [0m02:08:41  1 of 4 OK created sql table model twitter_kafka_pyspark_test.distinct_data ..... [[32mCREATE TABLE (34.0 rows, 17.2 KiB processed)[0m in 2.98s]
[2023-06-23T02:08:41.687+0000] {subprocess.py:93} INFO - [0m02:08:41  4 of 4 OK created sql view model twitter_kafka_pyspark_test.my_second_dbt_model  [[32mCREATE VIEW (0 processed)[0m in 0.93s]
[2023-06-23T02:08:41.762+0000] {subprocess.py:93} INFO - [0m02:08:41
[2023-06-23T02:08:41.764+0000] {subprocess.py:93} INFO - [0m02:08:41  Finished running 3 table models, 1 view model in 0 hours 0 minutes and 4.54 seconds (4.54s).
[2023-06-23T02:08:41.785+0000] {subprocess.py:93} INFO - [0m02:08:41
[2023-06-23T02:08:41.787+0000] {subprocess.py:93} INFO - [0m02:08:41  [32mCompleted successfully[0m
[2023-06-23T02:08:41.788+0000] {subprocess.py:93} INFO - [0m02:08:41
[2023-06-23T02:08:41.790+0000] {subprocess.py:93} INFO - [0m02:08:41  Done. PASS=4 WARN=0 ERROR=0 SKIP=0 TOTAL=4
[2023-06-23T02:08:42.269+0000] {subprocess.py:97} INFO - Command exited with return code 0
[2023-06-23T02:08:42.317+0000] {taskinstance.py:1332} INFO - Marking task as SUCCESS. dag_id=showpulse_dbt_dag, task_id=dbt_run, execution_date=20230623T020731, start_date=20230623T020835, end_date=20230623T020842
[2023-06-23T02:08:42.387+0000] {local_task_job.py:212} INFO - Task exited with return code 0
[2023-06-23T02:08:42.424+0000] {taskinstance.py:2596} INFO - 0 downstream tasks scheduled from follow-on schedule check
