[2023-06-22T01:36:26.631+0000] {taskinstance.py:1090} INFO - Dependencies all met for dep_context=non-requeueable deps ti=<TaskInstance: showpulse_dbt_dag.dbt_run scheduled__2023-06-22T01:26:43.856004+00:00 [queued]>
[2023-06-22T01:36:26.638+0000] {taskinstance.py:1090} INFO - Dependencies all met for dep_context=requeueable deps ti=<TaskInstance: showpulse_dbt_dag.dbt_run scheduled__2023-06-22T01:26:43.856004+00:00 [queued]>
[2023-06-22T01:36:26.638+0000] {taskinstance.py:1288} INFO - 
--------------------------------------------------------------------------------
[2023-06-22T01:36:26.639+0000] {taskinstance.py:1289} INFO - Starting attempt 1 of 1
[2023-06-22T01:36:26.639+0000] {taskinstance.py:1290} INFO - 
--------------------------------------------------------------------------------
[2023-06-22T01:36:26.648+0000] {taskinstance.py:1309} INFO - Executing <Task(BashOperator): dbt_run> on 2023-06-22 01:26:43.856004+00:00
[2023-06-22T01:36:26.652+0000] {standard_task_runner.py:55} INFO - Started process 12473 to run task
[2023-06-22T01:36:26.655+0000] {standard_task_runner.py:82} INFO - Running: ['***', 'tasks', 'run', 'showpulse_dbt_dag', 'dbt_run', 'scheduled__2023-06-22T01:26:43.856004+00:00', '--job-id', '1534', '--raw', '--subdir', 'DAGS_FOLDER/dbt_run.py', '--cfg-path', '/tmp/tmp2dbzvc92']
[2023-06-22T01:36:26.656+0000] {standard_task_runner.py:83} INFO - Job 1534: Subtask dbt_run
[2023-06-22T01:36:26.712+0000] {task_command.py:389} INFO - Running <TaskInstance: showpulse_dbt_dag.dbt_run scheduled__2023-06-22T01:26:43.856004+00:00 [running]> on host 62cfed75eae1
[2023-06-22T01:36:26.797+0000] {taskinstance.py:1518} INFO - Exporting the following env vars:
AIRFLOW_CTX_DAG_OWNER=nburkett
AIRFLOW_CTX_DAG_ID=showpulse_dbt_dag
AIRFLOW_CTX_TASK_ID=dbt_run
AIRFLOW_CTX_EXECUTION_DATE=2023-06-22T01:26:43.856004+00:00
AIRFLOW_CTX_TRY_NUMBER=1
AIRFLOW_CTX_DAG_RUN_ID=scheduled__2023-06-22T01:26:43.856004+00:00
[2023-06-22T01:36:26.799+0000] {subprocess.py:63} INFO - Tmp dir root location: 
 /tmp
[2023-06-22T01:36:26.800+0000] {subprocess.py:75} INFO - Running command: ['/bin/bash', '-c', 'cd /dbt/ticketmaster_transformation && dbt run']
[2023-06-22T01:36:26.812+0000] {subprocess.py:86} INFO - Output:
[2023-06-22T01:36:28.212+0000] {subprocess.py:93} INFO - [0m01:36:28  Running with dbt=1.5.1
[2023-06-22T01:36:28.717+0000] {subprocess.py:93} INFO - [0m01:36:28  Found 4 models, 0 tests, 0 snapshots, 0 analyses, 356 macros, 0 operations, 0 seed files, 3 sources, 0 exposures, 0 metrics, 0 groups
[2023-06-22T01:36:28.720+0000] {subprocess.py:93} INFO - [0m01:36:28
[2023-06-22T01:36:30.000+0000] {subprocess.py:93} INFO - [0m01:36:30  Concurrency: 4 threads (target='dev')
[2023-06-22T01:36:30.004+0000] {subprocess.py:93} INFO - [0m01:36:30
[2023-06-22T01:36:30.022+0000] {subprocess.py:93} INFO - [0m01:36:30  1 of 4 START sql table model twitter_kafka_pyspark_test.distinct_data .......... [RUN]
[2023-06-22T01:36:30.024+0000] {subprocess.py:93} INFO - [0m01:36:30  2 of 4 START sql table model twitter_kafka_pyspark_test.dm_events .............. [RUN]
[2023-06-22T01:36:30.027+0000] {subprocess.py:93} INFO - [0m01:36:30  3 of 4 START sql table model twitter_kafka_pyspark_test.my_first_dbt_model ..... [RUN]
[2023-06-22T01:36:32.964+0000] {subprocess.py:93} INFO - [0m01:36:32  3 of 4 OK created sql table model twitter_kafka_pyspark_test.my_first_dbt_model  [[32mCREATE TABLE (2.0 rows, 0 processed)[0m in 2.93s]
[2023-06-22T01:36:32.972+0000] {subprocess.py:93} INFO - [0m01:36:32  4 of 4 START sql view model twitter_kafka_pyspark_test.my_second_dbt_model ..... [RUN]
[2023-06-22T01:36:33.397+0000] {subprocess.py:93} INFO - [0m01:36:33  2 of 4 OK created sql table model twitter_kafka_pyspark_test.dm_events ......... [[32mCREATE TABLE (1.3k rows, 178.2 KiB processed)[0m in 3.36s]
[2023-06-22T01:36:33.414+0000] {subprocess.py:93} INFO - [0m01:36:33  1 of 4 OK created sql table model twitter_kafka_pyspark_test.distinct_data ..... [[32mCREATE TABLE (1.1k rows, 638.3 KiB processed)[0m in 3.38s]
[2023-06-22T01:36:34.060+0000] {subprocess.py:93} INFO - [0m01:36:34  4 of 4 OK created sql view model twitter_kafka_pyspark_test.my_second_dbt_model  [[32mCREATE VIEW (0 processed)[0m in 1.08s]
[2023-06-22T01:36:34.303+0000] {subprocess.py:93} INFO - [0m01:36:34
[2023-06-22T01:36:34.306+0000] {subprocess.py:93} INFO - [0m01:36:34  Finished running 3 table models, 1 view model in 0 hours 0 minutes and 5.58 seconds (5.58s).
[2023-06-22T01:36:34.411+0000] {subprocess.py:93} INFO - [0m01:36:34
[2023-06-22T01:36:34.414+0000] {subprocess.py:93} INFO - [0m01:36:34  [32mCompleted successfully[0m
[2023-06-22T01:36:34.416+0000] {subprocess.py:93} INFO - [0m01:36:34
[2023-06-22T01:36:34.417+0000] {subprocess.py:93} INFO - [0m01:36:34  Done. PASS=4 WARN=0 ERROR=0 SKIP=0 TOTAL=4
[2023-06-22T01:36:35.126+0000] {subprocess.py:97} INFO - Command exited with return code 0
[2023-06-22T01:36:35.155+0000] {taskinstance.py:1332} INFO - Marking task as SUCCESS. dag_id=showpulse_dbt_dag, task_id=dbt_run, execution_date=20230622T012643, start_date=20230622T013626, end_date=20230622T013635
[2023-06-22T01:36:35.208+0000] {local_task_job.py:212} INFO - Task exited with return code 0
[2023-06-22T01:36:35.224+0000] {taskinstance.py:2596} INFO - 0 downstream tasks scheduled from follow-on schedule check
