[2023-06-13T00:03:44.293+0000] {taskinstance.py:1090} INFO - Dependencies all met for dep_context=non-requeueable deps ti=<TaskInstance: ny_taxi_local.delete_local_file.check_for_files scheduled__2023-06-12T00:00:00+00:00 [queued]>
[2023-06-13T00:03:44.300+0000] {taskinstance.py:1090} INFO - Dependencies all met for dep_context=requeueable deps ti=<TaskInstance: ny_taxi_local.delete_local_file.check_for_files scheduled__2023-06-12T00:00:00+00:00 [queued]>
[2023-06-13T00:03:44.301+0000] {taskinstance.py:1288} INFO - 
--------------------------------------------------------------------------------
[2023-06-13T00:03:44.302+0000] {taskinstance.py:1289} INFO - Starting attempt 1 of 1
[2023-06-13T00:03:44.302+0000] {taskinstance.py:1290} INFO - 
--------------------------------------------------------------------------------
[2023-06-13T00:03:44.311+0000] {taskinstance.py:1309} INFO - Executing <Task(_PythonDecoratedOperator): delete_local_file.check_for_files> on 2023-06-12 00:00:00+00:00
[2023-06-13T00:03:44.315+0000] {standard_task_runner.py:55} INFO - Started process 72 to run task
[2023-06-13T00:03:44.319+0000] {standard_task_runner.py:82} INFO - Running: ['***', 'tasks', 'run', 'ny_taxi_local', 'delete_local_file.check_for_files', 'scheduled__2023-06-12T00:00:00+00:00', '--job-id', '250', '--raw', '--subdir', 'DAGS_FOLDER/fetch_and_upload.py', '--cfg-path', '/tmp/tmplml00j5o']
[2023-06-13T00:03:44.321+0000] {standard_task_runner.py:83} INFO - Job 250: Subtask delete_local_file.check_for_files
[2023-06-13T00:03:44.382+0000] {task_command.py:389} INFO - Running <TaskInstance: ny_taxi_local.delete_local_file.check_for_files scheduled__2023-06-12T00:00:00+00:00 [running]> on host 04f5a8a63034
[2023-06-13T00:03:44.437+0000] {taskinstance.py:1518} INFO - Exporting the following env vars:
AIRFLOW_CTX_DAG_OWNER=***
AIRFLOW_CTX_DAG_ID=ny_taxi_local
AIRFLOW_CTX_TASK_ID=delete_local_file.check_for_files
AIRFLOW_CTX_EXECUTION_DATE=2023-06-12T00:00:00+00:00
AIRFLOW_CTX_TRY_NUMBER=1
AIRFLOW_CTX_DAG_RUN_ID=scheduled__2023-06-12T00:00:00+00:00
[2023-06-13T00:03:44.440+0000] {subprocess.py:63} INFO - Tmp dir root location: 
 /tmp
[2023-06-13T00:03:44.441+0000] {subprocess.py:75} INFO - Running command: ['/bin/bash', '-c', 'ls']
[2023-06-13T00:03:44.450+0000] {subprocess.py:86} INFO - Output:
[2023-06-13T00:03:44.455+0000] {subprocess.py:97} INFO - Command exited with return code 0
[2023-06-13T00:03:44.456+0000] {python.py:177} INFO - Done. Returned value was: None
[2023-06-13T00:03:44.467+0000] {taskinstance.py:1332} INFO - Marking task as SUCCESS. dag_id=ny_taxi_local, task_id=delete_local_file.check_for_files, execution_date=20230612T000000, start_date=20230613T000344, end_date=20230613T000344
[2023-06-13T00:03:44.491+0000] {local_task_job.py:212} INFO - Task exited with return code 0
[2023-06-13T00:03:44.514+0000] {taskinstance.py:2596} INFO - 0 downstream tasks scheduled from follow-on schedule check
