[2023-06-20T01:13:02.757+0000] {taskinstance.py:1090} INFO - Dependencies all met for dep_context=non-requeueable deps ti=<TaskInstance: showpulse_dbt_dag.dbt_run scheduled__2023-06-20T01:11:59.130209+00:00 [queued]>
[2023-06-20T01:13:02.763+0000] {taskinstance.py:1090} INFO - Dependencies all met for dep_context=requeueable deps ti=<TaskInstance: showpulse_dbt_dag.dbt_run scheduled__2023-06-20T01:11:59.130209+00:00 [queued]>
[2023-06-20T01:13:02.764+0000] {taskinstance.py:1288} INFO - 
--------------------------------------------------------------------------------
[2023-06-20T01:13:02.764+0000] {taskinstance.py:1289} INFO - Starting attempt 1 of 1
[2023-06-20T01:13:02.765+0000] {taskinstance.py:1290} INFO - 
--------------------------------------------------------------------------------
[2023-06-20T01:13:02.772+0000] {taskinstance.py:1309} INFO - Executing <Task(BashOperator): dbt_run> on 2023-06-20 01:11:59.130209+00:00
[2023-06-20T01:13:02.776+0000] {standard_task_runner.py:55} INFO - Started process 344 to run task
[2023-06-20T01:13:02.780+0000] {standard_task_runner.py:82} INFO - Running: ['***', 'tasks', 'run', 'showpulse_dbt_dag', 'dbt_run', 'scheduled__2023-06-20T01:11:59.130209+00:00', '--job-id', '348', '--raw', '--subdir', 'DAGS_FOLDER/dbt_run.py', '--cfg-path', '/tmp/tmpjkzz4m9r']
[2023-06-20T01:13:02.781+0000] {standard_task_runner.py:83} INFO - Job 348: Subtask dbt_run
[2023-06-20T01:13:02.836+0000] {task_command.py:389} INFO - Running <TaskInstance: showpulse_dbt_dag.dbt_run scheduled__2023-06-20T01:11:59.130209+00:00 [running]> on host 62cfed75eae1
[2023-06-20T01:13:02.886+0000] {taskinstance.py:1518} INFO - Exporting the following env vars:
AIRFLOW_CTX_DAG_OWNER=nburkett
AIRFLOW_CTX_DAG_ID=showpulse_dbt_dag
AIRFLOW_CTX_TASK_ID=dbt_run
AIRFLOW_CTX_EXECUTION_DATE=2023-06-20T01:11:59.130209+00:00
AIRFLOW_CTX_TRY_NUMBER=1
AIRFLOW_CTX_DAG_RUN_ID=scheduled__2023-06-20T01:11:59.130209+00:00
[2023-06-20T01:13:02.887+0000] {subprocess.py:63} INFO - Tmp dir root location: 
 /tmp
[2023-06-20T01:13:02.888+0000] {subprocess.py:75} INFO - Running command: ['/bin/bash', '-c', 'cd /dbt/ticketmaster_transformation && dbt run']
[2023-06-20T01:13:02.896+0000] {subprocess.py:86} INFO - Output:
[2023-06-20T01:13:04.371+0000] {subprocess.py:93} INFO - [0m01:13:04  Running with dbt=1.5.1
[2023-06-20T01:13:04.949+0000] {subprocess.py:93} INFO - [0m01:13:04  Found 4 models, 0 tests, 0 snapshots, 0 analyses, 356 macros, 0 operations, 0 seed files, 3 sources, 0 exposures, 0 metrics, 0 groups
[2023-06-20T01:13:04.952+0000] {subprocess.py:93} INFO - [0m01:13:04
[2023-06-20T01:13:06.182+0000] {subprocess.py:93} INFO - [0m01:13:06  Concurrency: 4 threads (target='dev')
[2023-06-20T01:13:06.184+0000] {subprocess.py:93} INFO - [0m01:13:06
[2023-06-20T01:13:06.197+0000] {subprocess.py:93} INFO - [0m01:13:06  1 of 4 START sql table model twitter_kafka_pyspark_test.distinct_data .......... [RUN]
[2023-06-20T01:13:06.200+0000] {subprocess.py:93} INFO - [0m01:13:06  2 of 4 START sql table model twitter_kafka_pyspark_test.dm_events .............. [RUN]
[2023-06-20T01:13:06.208+0000] {subprocess.py:93} INFO - [0m01:13:06  3 of 4 START sql table model twitter_kafka_pyspark_test.my_first_dbt_model ..... [RUN]
[2023-06-20T01:13:10.203+0000] {subprocess.py:93} INFO - [0m01:13:10  3 of 4 OK created sql table model twitter_kafka_pyspark_test.my_first_dbt_model  [[32mCREATE TABLE (2.0 rows, 0 processed)[0m in 3.98s]
[2023-06-20T01:13:10.208+0000] {subprocess.py:93} INFO - [0m01:13:10  1 of 4 OK created sql table model twitter_kafka_pyspark_test.distinct_data ..... [[32mCREATE TABLE (327.0 rows, 178.1 KiB processed)[0m in 3.99s]
[2023-06-20T01:13:10.218+0000] {subprocess.py:93} INFO - [0m01:13:10  4 of 4 START sql view model twitter_kafka_pyspark_test.my_second_dbt_model ..... [RUN]
[2023-06-20T01:13:11.481+0000] {subprocess.py:93} INFO - [0m01:13:11  4 of 4 OK created sql view model twitter_kafka_pyspark_test.my_second_dbt_model  [[32mCREATE VIEW (0 processed)[0m in 1.26s]
[2023-06-20T01:13:11.635+0000] {subprocess.py:93} INFO - [0m01:13:11  2 of 4 OK created sql table model twitter_kafka_pyspark_test.dm_events ......... [[32mCREATE TABLE (348.0 rows, 56.1 KiB processed)[0m in 5.43s]
[2023-06-20T01:13:11.674+0000] {subprocess.py:93} INFO - [0m01:13:11
[2023-06-20T01:13:11.676+0000] {subprocess.py:93} INFO - [0m01:13:11  Finished running 3 table models, 1 view model in 0 hours 0 minutes and 6.72 seconds (6.72s).
[2023-06-20T01:13:11.700+0000] {subprocess.py:93} INFO - [0m01:13:11
[2023-06-20T01:13:11.701+0000] {subprocess.py:93} INFO - [0m01:13:11  [32mCompleted successfully[0m
[2023-06-20T01:13:11.702+0000] {subprocess.py:93} INFO - [0m01:13:11
[2023-06-20T01:13:11.703+0000] {subprocess.py:93} INFO - [0m01:13:11  Done. PASS=4 WARN=0 ERROR=0 SKIP=0 TOTAL=4
[2023-06-20T01:13:12.473+0000] {subprocess.py:97} INFO - Command exited with return code 0
[2023-06-20T01:13:12.518+0000] {taskinstance.py:1332} INFO - Marking task as SUCCESS. dag_id=showpulse_dbt_dag, task_id=dbt_run, execution_date=20230620T011159, start_date=20230620T011302, end_date=20230620T011312
[2023-06-20T01:13:12.609+0000] {local_task_job.py:212} INFO - Task exited with return code 0
[2023-06-20T01:13:12.632+0000] {taskinstance.py:2596} INFO - 0 downstream tasks scheduled from follow-on schedule check
