[2023-06-21T23:44:23.274+0000] {taskinstance.py:1090} INFO - Dependencies all met for dep_context=non-requeueable deps ti=<TaskInstance: showpulse_dbt_dag.dbt_run scheduled__2023-06-21T23:43:19.110563+00:00 [queued]>
[2023-06-21T23:44:23.280+0000] {taskinstance.py:1090} INFO - Dependencies all met for dep_context=requeueable deps ti=<TaskInstance: showpulse_dbt_dag.dbt_run scheduled__2023-06-21T23:43:19.110563+00:00 [queued]>
[2023-06-21T23:44:23.280+0000] {taskinstance.py:1288} INFO - 
--------------------------------------------------------------------------------
[2023-06-21T23:44:23.281+0000] {taskinstance.py:1289} INFO - Starting attempt 1 of 1
[2023-06-21T23:44:23.281+0000] {taskinstance.py:1290} INFO - 
--------------------------------------------------------------------------------
[2023-06-21T23:44:23.289+0000] {taskinstance.py:1309} INFO - Executing <Task(BashOperator): dbt_run> on 2023-06-21 23:43:19.110563+00:00
[2023-06-21T23:44:23.292+0000] {standard_task_runner.py:55} INFO - Started process 8091 to run task
[2023-06-21T23:44:23.295+0000] {standard_task_runner.py:82} INFO - Running: ['***', 'tasks', 'run', 'showpulse_dbt_dag', 'dbt_run', 'scheduled__2023-06-21T23:43:19.110563+00:00', '--job-id', '1190', '--raw', '--subdir', 'DAGS_FOLDER/dbt_run.py', '--cfg-path', '/tmp/tmpgoqirk7k']
[2023-06-21T23:44:23.296+0000] {standard_task_runner.py:83} INFO - Job 1190: Subtask dbt_run
[2023-06-21T23:44:23.346+0000] {task_command.py:389} INFO - Running <TaskInstance: showpulse_dbt_dag.dbt_run scheduled__2023-06-21T23:43:19.110563+00:00 [running]> on host 62cfed75eae1
[2023-06-21T23:44:23.394+0000] {taskinstance.py:1518} INFO - Exporting the following env vars:
AIRFLOW_CTX_DAG_OWNER=nburkett
AIRFLOW_CTX_DAG_ID=showpulse_dbt_dag
AIRFLOW_CTX_TASK_ID=dbt_run
AIRFLOW_CTX_EXECUTION_DATE=2023-06-21T23:43:19.110563+00:00
AIRFLOW_CTX_TRY_NUMBER=1
AIRFLOW_CTX_DAG_RUN_ID=scheduled__2023-06-21T23:43:19.110563+00:00
[2023-06-21T23:44:23.395+0000] {subprocess.py:63} INFO - Tmp dir root location: 
 /tmp
[2023-06-21T23:44:23.396+0000] {subprocess.py:75} INFO - Running command: ['/bin/bash', '-c', 'cd /dbt/ticketmaster_transformation && dbt run']
[2023-06-21T23:44:23.405+0000] {subprocess.py:86} INFO - Output:
[2023-06-21T23:44:24.593+0000] {subprocess.py:93} INFO - [0m23:44:24  Running with dbt=1.5.1
[2023-06-21T23:44:25.059+0000] {subprocess.py:93} INFO - [0m23:44:25  Found 4 models, 0 tests, 0 snapshots, 0 analyses, 356 macros, 0 operations, 0 seed files, 3 sources, 0 exposures, 0 metrics, 0 groups
[2023-06-21T23:44:25.062+0000] {subprocess.py:93} INFO - [0m23:44:25
[2023-06-21T23:44:25.865+0000] {subprocess.py:93} INFO - [0m23:44:25  Concurrency: 4 threads (target='dev')
[2023-06-21T23:44:25.868+0000] {subprocess.py:93} INFO - [0m23:44:25
[2023-06-21T23:44:25.884+0000] {subprocess.py:93} INFO - [0m23:44:25  1 of 4 START sql table model twitter_kafka_pyspark_test.distinct_data .......... [RUN]
[2023-06-21T23:44:25.887+0000] {subprocess.py:93} INFO - [0m23:44:25  2 of 4 START sql table model twitter_kafka_pyspark_test.dm_events .............. [RUN]
[2023-06-21T23:44:25.889+0000] {subprocess.py:93} INFO - [0m23:44:25  3 of 4 START sql table model twitter_kafka_pyspark_test.my_first_dbt_model ..... [RUN]
[2023-06-21T23:44:28.661+0000] {subprocess.py:93} INFO - [0m23:44:28  3 of 4 OK created sql table model twitter_kafka_pyspark_test.my_first_dbt_model  [[32mCREATE TABLE (2.0 rows, 0 processed)[0m in 2.76s]
[2023-06-21T23:44:28.666+0000] {subprocess.py:93} INFO - [0m23:44:28  4 of 4 START sql view model twitter_kafka_pyspark_test.my_second_dbt_model ..... [RUN]
[2023-06-21T23:44:28.828+0000] {subprocess.py:93} INFO - [0m23:44:28  1 of 4 OK created sql table model twitter_kafka_pyspark_test.distinct_data ..... [[32mCREATE TABLE (1.1k rows, 638.3 KiB processed)[0m in 2.94s]
[2023-06-21T23:44:28.843+0000] {subprocess.py:93} INFO - [0m23:44:28  2 of 4 OK created sql table model twitter_kafka_pyspark_test.dm_events ......... [[32mCREATE TABLE (1.3k rows, 178.2 KiB processed)[0m in 2.95s]
[2023-06-21T23:44:29.667+0000] {subprocess.py:93} INFO - [0m23:44:29  4 of 4 OK created sql view model twitter_kafka_pyspark_test.my_second_dbt_model  [[32mCREATE VIEW (0 processed)[0m in 1.00s]
[2023-06-21T23:44:29.700+0000] {subprocess.py:93} INFO - [0m23:44:29
[2023-06-21T23:44:29.702+0000] {subprocess.py:93} INFO - [0m23:44:29  Finished running 3 table models, 1 view model in 0 hours 0 minutes and 4.64 seconds (4.64s).
[2023-06-21T23:44:29.723+0000] {subprocess.py:93} INFO - [0m23:44:29
[2023-06-21T23:44:29.724+0000] {subprocess.py:93} INFO - [0m23:44:29  [32mCompleted successfully[0m
[2023-06-21T23:44:29.725+0000] {subprocess.py:93} INFO - [0m23:44:29
[2023-06-21T23:44:29.726+0000] {subprocess.py:93} INFO - [0m23:44:29  Done. PASS=4 WARN=0 ERROR=0 SKIP=0 TOTAL=4
[2023-06-21T23:44:30.143+0000] {subprocess.py:97} INFO - Command exited with return code 0
[2023-06-21T23:44:30.167+0000] {taskinstance.py:1332} INFO - Marking task as SUCCESS. dag_id=showpulse_dbt_dag, task_id=dbt_run, execution_date=20230621T234319, start_date=20230621T234423, end_date=20230621T234430
[2023-06-21T23:44:30.194+0000] {local_task_job.py:212} INFO - Task exited with return code 0
[2023-06-21T23:44:30.208+0000] {taskinstance.py:2596} INFO - 0 downstream tasks scheduled from follow-on schedule check
