[2023-06-23T01:45:36.099+0000] {taskinstance.py:1090} INFO - Dependencies all met for dep_context=non-requeueable deps ti=<TaskInstance: showpulse_dbt_dag.dbt_run scheduled__2023-06-23T01:44:31.696804+00:00 [queued]>
[2023-06-23T01:45:36.105+0000] {taskinstance.py:1090} INFO - Dependencies all met for dep_context=requeueable deps ti=<TaskInstance: showpulse_dbt_dag.dbt_run scheduled__2023-06-23T01:44:31.696804+00:00 [queued]>
[2023-06-23T01:45:36.106+0000] {taskinstance.py:1288} INFO - 
--------------------------------------------------------------------------------
[2023-06-23T01:45:36.106+0000] {taskinstance.py:1289} INFO - Starting attempt 1 of 1
[2023-06-23T01:45:36.107+0000] {taskinstance.py:1290} INFO - 
--------------------------------------------------------------------------------
[2023-06-23T01:45:36.115+0000] {taskinstance.py:1309} INFO - Executing <Task(BashOperator): dbt_run> on 2023-06-23 01:44:31.696804+00:00
[2023-06-23T01:45:36.118+0000] {standard_task_runner.py:55} INFO - Started process 23889 to run task
[2023-06-23T01:45:36.121+0000] {standard_task_runner.py:82} INFO - Running: ['***', 'tasks', 'run', 'showpulse_dbt_dag', 'dbt_run', 'scheduled__2023-06-23T01:44:31.696804+00:00', '--job-id', '2610', '--raw', '--subdir', 'DAGS_FOLDER/dbt_run.py', '--cfg-path', '/tmp/tmpuql_21_j']
[2023-06-23T01:45:36.122+0000] {standard_task_runner.py:83} INFO - Job 2610: Subtask dbt_run
[2023-06-23T01:45:36.174+0000] {task_command.py:389} INFO - Running <TaskInstance: showpulse_dbt_dag.dbt_run scheduled__2023-06-23T01:44:31.696804+00:00 [running]> on host 62cfed75eae1
[2023-06-23T01:45:36.226+0000] {taskinstance.py:1518} INFO - Exporting the following env vars:
AIRFLOW_CTX_DAG_OWNER=nburkett
AIRFLOW_CTX_DAG_ID=showpulse_dbt_dag
AIRFLOW_CTX_TASK_ID=dbt_run
AIRFLOW_CTX_EXECUTION_DATE=2023-06-23T01:44:31.696804+00:00
AIRFLOW_CTX_TRY_NUMBER=1
AIRFLOW_CTX_DAG_RUN_ID=scheduled__2023-06-23T01:44:31.696804+00:00
[2023-06-23T01:45:36.227+0000] {subprocess.py:63} INFO - Tmp dir root location: 
 /tmp
[2023-06-23T01:45:36.228+0000] {subprocess.py:75} INFO - Running command: ['/bin/bash', '-c', 'cd /dbt/ticketmaster_transformation && dbt run']
[2023-06-23T01:45:36.237+0000] {subprocess.py:86} INFO - Output:
[2023-06-23T01:45:37.656+0000] {subprocess.py:93} INFO - [0m01:45:37  Running with dbt=1.5.1
[2023-06-23T01:45:38.423+0000] {subprocess.py:93} INFO - [0m01:45:38  Found 4 models, 0 tests, 0 snapshots, 0 analyses, 356 macros, 0 operations, 0 seed files, 3 sources, 0 exposures, 0 metrics, 0 groups
[2023-06-23T01:45:38.426+0000] {subprocess.py:93} INFO - [0m01:45:38
[2023-06-23T01:45:39.226+0000] {subprocess.py:93} INFO - [0m01:45:39  Concurrency: 4 threads (target='dev')
[2023-06-23T01:45:39.230+0000] {subprocess.py:93} INFO - [0m01:45:39
[2023-06-23T01:45:39.248+0000] {subprocess.py:93} INFO - [0m01:45:39  1 of 4 START sql table model twitter_kafka_pyspark_test.distinct_data .......... [RUN]
[2023-06-23T01:45:39.251+0000] {subprocess.py:93} INFO - [0m01:45:39  2 of 4 START sql table model twitter_kafka_pyspark_test.dm_events .............. [RUN]
[2023-06-23T01:45:39.253+0000] {subprocess.py:93} INFO - [0m01:45:39  3 of 4 START sql table model twitter_kafka_pyspark_test.my_first_dbt_model ..... [RUN]
[2023-06-23T01:45:42.119+0000] {subprocess.py:93} INFO - [0m01:45:42  3 of 4 OK created sql table model twitter_kafka_pyspark_test.my_first_dbt_model  [[32mCREATE TABLE (2.0 rows, 0 processed)[0m in 2.85s]
[2023-06-23T01:45:42.121+0000] {subprocess.py:93} INFO - [0m01:45:42  2 of 4 OK created sql table model twitter_kafka_pyspark_test.dm_events ......... [[32mCREATE TABLE (0.0 rows, 0 processed)[0m in 2.86s]
[2023-06-23T01:45:42.128+0000] {subprocess.py:93} INFO - [0m01:45:42  4 of 4 START sql view model twitter_kafka_pyspark_test.my_second_dbt_model ..... [RUN]
[2023-06-23T01:45:42.511+0000] {subprocess.py:93} INFO - [0m01:45:42  1 of 4 OK created sql table model twitter_kafka_pyspark_test.distinct_data ..... [[32mCREATE TABLE (0.0 rows, 0 processed)[0m in 3.25s]
[2023-06-23T01:45:42.931+0000] {subprocess.py:93} INFO - [0m01:45:42  4 of 4 OK created sql view model twitter_kafka_pyspark_test.my_second_dbt_model  [[32mCREATE VIEW (0 processed)[0m in 0.80s]
[2023-06-23T01:45:43.004+0000] {subprocess.py:93} INFO - [0m01:45:43
[2023-06-23T01:45:43.006+0000] {subprocess.py:93} INFO - [0m01:45:43  Finished running 3 table models, 1 view model in 0 hours 0 minutes and 4.58 seconds (4.58s).
[2023-06-23T01:45:43.029+0000] {subprocess.py:93} INFO - [0m01:45:43
[2023-06-23T01:45:43.031+0000] {subprocess.py:93} INFO - [0m01:45:43  [32mCompleted successfully[0m
[2023-06-23T01:45:43.032+0000] {subprocess.py:93} INFO - [0m01:45:43
[2023-06-23T01:45:43.033+0000] {subprocess.py:93} INFO - [0m01:45:43  Done. PASS=4 WARN=0 ERROR=0 SKIP=0 TOTAL=4
[2023-06-23T01:45:43.498+0000] {subprocess.py:97} INFO - Command exited with return code 0
[2023-06-23T01:45:43.533+0000] {taskinstance.py:1332} INFO - Marking task as SUCCESS. dag_id=showpulse_dbt_dag, task_id=dbt_run, execution_date=20230623T014431, start_date=20230623T014536, end_date=20230623T014543
[2023-06-23T01:45:43.559+0000] {local_task_job.py:212} INFO - Task exited with return code 0
[2023-06-23T01:45:43.574+0000] {taskinstance.py:2596} INFO - 0 downstream tasks scheduled from follow-on schedule check
