[2023-06-21T20:23:58.128+0000] {taskinstance.py:1090} INFO - Dependencies all met for dep_context=non-requeueable deps ti=<TaskInstance: showpulse_dbt_dag.dbt_run scheduled__2023-06-21T20:22:54.561634+00:00 [queued]>
[2023-06-21T20:23:58.134+0000] {taskinstance.py:1090} INFO - Dependencies all met for dep_context=requeueable deps ti=<TaskInstance: showpulse_dbt_dag.dbt_run scheduled__2023-06-21T20:22:54.561634+00:00 [queued]>
[2023-06-21T20:23:58.135+0000] {taskinstance.py:1288} INFO - 
--------------------------------------------------------------------------------
[2023-06-21T20:23:58.135+0000] {taskinstance.py:1289} INFO - Starting attempt 1 of 1
[2023-06-21T20:23:58.136+0000] {taskinstance.py:1290} INFO - 
--------------------------------------------------------------------------------
[2023-06-21T20:23:58.143+0000] {taskinstance.py:1309} INFO - Executing <Task(BashOperator): dbt_run> on 2023-06-21 20:22:54.561634+00:00
[2023-06-21T20:23:58.147+0000] {standard_task_runner.py:55} INFO - Started process 5989 to run task
[2023-06-21T20:23:58.150+0000] {standard_task_runner.py:82} INFO - Running: ['***', 'tasks', 'run', 'showpulse_dbt_dag', 'dbt_run', 'scheduled__2023-06-21T20:22:54.561634+00:00', '--job-id', '978', '--raw', '--subdir', 'DAGS_FOLDER/dbt_run.py', '--cfg-path', '/tmp/tmpc205w4_9']
[2023-06-21T20:23:58.151+0000] {standard_task_runner.py:83} INFO - Job 978: Subtask dbt_run
[2023-06-21T20:23:58.202+0000] {task_command.py:389} INFO - Running <TaskInstance: showpulse_dbt_dag.dbt_run scheduled__2023-06-21T20:22:54.561634+00:00 [running]> on host 62cfed75eae1
[2023-06-21T20:23:58.252+0000] {taskinstance.py:1518} INFO - Exporting the following env vars:
AIRFLOW_CTX_DAG_OWNER=nburkett
AIRFLOW_CTX_DAG_ID=showpulse_dbt_dag
AIRFLOW_CTX_TASK_ID=dbt_run
AIRFLOW_CTX_EXECUTION_DATE=2023-06-21T20:22:54.561634+00:00
AIRFLOW_CTX_TRY_NUMBER=1
AIRFLOW_CTX_DAG_RUN_ID=scheduled__2023-06-21T20:22:54.561634+00:00
[2023-06-21T20:23:58.253+0000] {subprocess.py:63} INFO - Tmp dir root location: 
 /tmp
[2023-06-21T20:23:58.254+0000] {subprocess.py:75} INFO - Running command: ['/bin/bash', '-c', 'cd /dbt/ticketmaster_transformation && dbt run']
[2023-06-21T20:23:58.264+0000] {subprocess.py:86} INFO - Output:
[2023-06-21T20:23:59.481+0000] {subprocess.py:93} INFO - [0m20:23:59  Running with dbt=1.5.1
[2023-06-21T20:23:59.945+0000] {subprocess.py:93} INFO - [0m20:23:59  Found 4 models, 0 tests, 0 snapshots, 0 analyses, 356 macros, 0 operations, 0 seed files, 3 sources, 0 exposures, 0 metrics, 0 groups
[2023-06-21T20:23:59.947+0000] {subprocess.py:93} INFO - [0m20:23:59
[2023-06-21T20:24:00.585+0000] {subprocess.py:93} INFO - [0m20:24:00  Concurrency: 4 threads (target='dev')
[2023-06-21T20:24:00.588+0000] {subprocess.py:93} INFO - [0m20:24:00
[2023-06-21T20:24:00.603+0000] {subprocess.py:93} INFO - [0m20:24:00  1 of 4 START sql table model twitter_kafka_pyspark_test.distinct_data .......... [RUN]
[2023-06-21T20:24:00.608+0000] {subprocess.py:93} INFO - [0m20:24:00  3 of 4 START sql table model twitter_kafka_pyspark_test.my_first_dbt_model ..... [RUN]
[2023-06-21T20:24:00.611+0000] {subprocess.py:93} INFO - [0m20:24:00  2 of 4 START sql table model twitter_kafka_pyspark_test.dm_events .............. [RUN]
[2023-06-21T20:24:03.483+0000] {subprocess.py:93} INFO - [0m20:24:03  3 of 4 OK created sql table model twitter_kafka_pyspark_test.my_first_dbt_model  [[32mCREATE TABLE (2.0 rows, 0 processed)[0m in 2.86s]
[2023-06-21T20:24:03.490+0000] {subprocess.py:93} INFO - [0m20:24:03  2 of 4 OK created sql table model twitter_kafka_pyspark_test.dm_events ......... [[32mCREATE TABLE (1.3k rows, 178.2 KiB processed)[0m in 2.87s]
[2023-06-21T20:24:03.497+0000] {subprocess.py:93} INFO - [0m20:24:03  4 of 4 START sql view model twitter_kafka_pyspark_test.my_second_dbt_model ..... [RUN]
[2023-06-21T20:24:04.105+0000] {subprocess.py:93} INFO - [0m20:24:04  1 of 4 OK created sql table model twitter_kafka_pyspark_test.distinct_data ..... [[32mCREATE TABLE (1.1k rows, 638.3 KiB processed)[0m in 3.50s]
[2023-06-21T20:24:05.053+0000] {subprocess.py:93} INFO - [0m20:24:05  4 of 4 OK created sql view model twitter_kafka_pyspark_test.my_second_dbt_model  [[32mCREATE VIEW (0 processed)[0m in 1.55s]
[2023-06-21T20:24:05.147+0000] {subprocess.py:93} INFO - [0m20:24:05
[2023-06-21T20:24:05.150+0000] {subprocess.py:93} INFO - [0m20:24:05  Finished running 3 table models, 1 view model in 0 hours 0 minutes and 5.20 seconds (5.20s).
[2023-06-21T20:24:05.173+0000] {subprocess.py:93} INFO - [0m20:24:05
[2023-06-21T20:24:05.175+0000] {subprocess.py:93} INFO - [0m20:24:05  [32mCompleted successfully[0m
[2023-06-21T20:24:05.176+0000] {subprocess.py:93} INFO - [0m20:24:05
[2023-06-21T20:24:05.177+0000] {subprocess.py:93} INFO - [0m20:24:05  Done. PASS=4 WARN=0 ERROR=0 SKIP=0 TOTAL=4
[2023-06-21T20:24:05.630+0000] {subprocess.py:97} INFO - Command exited with return code 0
[2023-06-21T20:24:05.655+0000] {taskinstance.py:1332} INFO - Marking task as SUCCESS. dag_id=showpulse_dbt_dag, task_id=dbt_run, execution_date=20230621T202254, start_date=20230621T202358, end_date=20230621T202405
[2023-06-21T20:24:05.684+0000] {local_task_job.py:212} INFO - Task exited with return code 0
[2023-06-21T20:24:05.698+0000] {taskinstance.py:2596} INFO - 0 downstream tasks scheduled from follow-on schedule check
