[2023-06-23T00:39:26.474+0000] {taskinstance.py:1090} INFO - Dependencies all met for dep_context=non-requeueable deps ti=<TaskInstance: showpulse_dbt_dag.dbt_run scheduled__2023-06-23T00:38:22.829752+00:00 [queued]>
[2023-06-23T00:39:26.481+0000] {taskinstance.py:1090} INFO - Dependencies all met for dep_context=requeueable deps ti=<TaskInstance: showpulse_dbt_dag.dbt_run scheduled__2023-06-23T00:38:22.829752+00:00 [queued]>
[2023-06-23T00:39:26.482+0000] {taskinstance.py:1288} INFO - 
--------------------------------------------------------------------------------
[2023-06-23T00:39:26.482+0000] {taskinstance.py:1289} INFO - Starting attempt 1 of 1
[2023-06-23T00:39:26.483+0000] {taskinstance.py:1290} INFO - 
--------------------------------------------------------------------------------
[2023-06-23T00:39:26.491+0000] {taskinstance.py:1309} INFO - Executing <Task(BashOperator): dbt_run> on 2023-06-23 00:38:22.829752+00:00
[2023-06-23T00:39:26.494+0000] {standard_task_runner.py:55} INFO - Started process 20583 to run task
[2023-06-23T00:39:26.498+0000] {standard_task_runner.py:82} INFO - Running: ['***', 'tasks', 'run', 'showpulse_dbt_dag', 'dbt_run', 'scheduled__2023-06-23T00:38:22.829752+00:00', '--job-id', '2346', '--raw', '--subdir', 'DAGS_FOLDER/dbt_run.py', '--cfg-path', '/tmp/tmpfsvbqqpc']
[2023-06-23T00:39:26.499+0000] {standard_task_runner.py:83} INFO - Job 2346: Subtask dbt_run
[2023-06-23T00:39:26.571+0000] {task_command.py:389} INFO - Running <TaskInstance: showpulse_dbt_dag.dbt_run scheduled__2023-06-23T00:38:22.829752+00:00 [running]> on host 62cfed75eae1
[2023-06-23T00:39:26.627+0000] {taskinstance.py:1518} INFO - Exporting the following env vars:
AIRFLOW_CTX_DAG_OWNER=nburkett
AIRFLOW_CTX_DAG_ID=showpulse_dbt_dag
AIRFLOW_CTX_TASK_ID=dbt_run
AIRFLOW_CTX_EXECUTION_DATE=2023-06-23T00:38:22.829752+00:00
AIRFLOW_CTX_TRY_NUMBER=1
AIRFLOW_CTX_DAG_RUN_ID=scheduled__2023-06-23T00:38:22.829752+00:00
[2023-06-23T00:39:26.628+0000] {subprocess.py:63} INFO - Tmp dir root location: 
 /tmp
[2023-06-23T00:39:26.629+0000] {subprocess.py:75} INFO - Running command: ['/bin/bash', '-c', 'cd /dbt/ticketmaster_transformation && dbt run']
[2023-06-23T00:39:26.638+0000] {subprocess.py:86} INFO - Output:
[2023-06-23T00:39:27.932+0000] {subprocess.py:93} INFO - [0m00:39:27  Running with dbt=1.5.1
[2023-06-23T00:39:28.432+0000] {subprocess.py:93} INFO - [0m00:39:28  Found 4 models, 0 tests, 0 snapshots, 0 analyses, 356 macros, 0 operations, 0 seed files, 3 sources, 0 exposures, 0 metrics, 0 groups
[2023-06-23T00:39:28.435+0000] {subprocess.py:93} INFO - [0m00:39:28
[2023-06-23T00:39:29.330+0000] {subprocess.py:93} INFO - [0m00:39:29  Concurrency: 4 threads (target='dev')
[2023-06-23T00:39:29.346+0000] {subprocess.py:93} INFO - [0m00:39:29
[2023-06-23T00:39:29.423+0000] {subprocess.py:93} INFO - [0m00:39:29  1 of 4 START sql table model twitter_kafka_pyspark_test.distinct_data .......... [RUN]
[2023-06-23T00:39:29.425+0000] {subprocess.py:93} INFO - [0m00:39:29  2 of 4 START sql table model twitter_kafka_pyspark_test.dm_events .............. [RUN]
[2023-06-23T00:39:29.430+0000] {subprocess.py:93} INFO - [0m00:39:29  3 of 4 START sql table model twitter_kafka_pyspark_test.my_first_dbt_model ..... [RUN]
[2023-06-23T00:39:32.264+0000] {subprocess.py:93} INFO - [0m00:39:32  3 of 4 OK created sql table model twitter_kafka_pyspark_test.my_first_dbt_model  [[32mCREATE TABLE (2.0 rows, 0 processed)[0m in 2.83s]
[2023-06-23T00:39:32.271+0000] {subprocess.py:93} INFO - [0m00:39:32  4 of 4 START sql view model twitter_kafka_pyspark_test.my_second_dbt_model ..... [RUN]
[2023-06-23T00:39:32.485+0000] {subprocess.py:93} INFO - [0m00:39:32  2 of 4 OK created sql table model twitter_kafka_pyspark_test.dm_events ......... [[32mCREATE TABLE (1.3k rows, 178.2 KiB processed)[0m in 3.06s]
[2023-06-23T00:39:32.685+0000] {subprocess.py:93} INFO - [0m00:39:32  1 of 4 OK created sql table model twitter_kafka_pyspark_test.distinct_data ..... [[32mCREATE TABLE (1.1k rows, 638.3 KiB processed)[0m in 3.25s]
[2023-06-23T00:39:33.256+0000] {subprocess.py:93} INFO - [0m00:39:33  4 of 4 OK created sql view model twitter_kafka_pyspark_test.my_second_dbt_model  [[32mCREATE VIEW (0 processed)[0m in 0.98s]
[2023-06-23T00:39:33.357+0000] {subprocess.py:93} INFO - [0m00:39:33
[2023-06-23T00:39:33.359+0000] {subprocess.py:93} INFO - [0m00:39:33  Finished running 3 table models, 1 view model in 0 hours 0 minutes and 4.92 seconds (4.92s).
[2023-06-23T00:39:33.385+0000] {subprocess.py:93} INFO - [0m00:39:33
[2023-06-23T00:39:33.387+0000] {subprocess.py:93} INFO - [0m00:39:33  [32mCompleted successfully[0m
[2023-06-23T00:39:33.388+0000] {subprocess.py:93} INFO - [0m00:39:33
[2023-06-23T00:39:33.389+0000] {subprocess.py:93} INFO - [0m00:39:33  Done. PASS=4 WARN=0 ERROR=0 SKIP=0 TOTAL=4
[2023-06-23T00:39:33.829+0000] {subprocess.py:97} INFO - Command exited with return code 0
[2023-06-23T00:39:33.855+0000] {taskinstance.py:1332} INFO - Marking task as SUCCESS. dag_id=showpulse_dbt_dag, task_id=dbt_run, execution_date=20230623T003822, start_date=20230623T003926, end_date=20230623T003933
[2023-06-23T00:39:33.880+0000] {local_task_job.py:212} INFO - Task exited with return code 0
[2023-06-23T00:39:33.894+0000] {taskinstance.py:2596} INFO - 0 downstream tasks scheduled from follow-on schedule check
