[2023-06-21T22:47:05.010+0000] {taskinstance.py:1090} INFO - Dependencies all met for dep_context=non-requeueable deps ti=<TaskInstance: showpulse_dbt_dag.dbt_run scheduled__2023-06-21T22:46:00.727636+00:00 [queued]>
[2023-06-21T22:47:05.016+0000] {taskinstance.py:1090} INFO - Dependencies all met for dep_context=requeueable deps ti=<TaskInstance: showpulse_dbt_dag.dbt_run scheduled__2023-06-21T22:46:00.727636+00:00 [queued]>
[2023-06-21T22:47:05.016+0000] {taskinstance.py:1288} INFO - 
--------------------------------------------------------------------------------
[2023-06-21T22:47:05.017+0000] {taskinstance.py:1289} INFO - Starting attempt 1 of 1
[2023-06-21T22:47:05.017+0000] {taskinstance.py:1290} INFO - 
--------------------------------------------------------------------------------
[2023-06-21T22:47:05.025+0000] {taskinstance.py:1309} INFO - Executing <Task(BashOperator): dbt_run> on 2023-06-21 22:46:00.727636+00:00
[2023-06-21T22:47:05.029+0000] {standard_task_runner.py:55} INFO - Started process 7219 to run task
[2023-06-21T22:47:05.032+0000] {standard_task_runner.py:82} INFO - Running: ['***', 'tasks', 'run', 'showpulse_dbt_dag', 'dbt_run', 'scheduled__2023-06-21T22:46:00.727636+00:00', '--job-id', '1114', '--raw', '--subdir', 'DAGS_FOLDER/dbt_run.py', '--cfg-path', '/tmp/tmpigud396k']
[2023-06-21T22:47:05.033+0000] {standard_task_runner.py:83} INFO - Job 1114: Subtask dbt_run
[2023-06-21T22:47:05.085+0000] {task_command.py:389} INFO - Running <TaskInstance: showpulse_dbt_dag.dbt_run scheduled__2023-06-21T22:46:00.727636+00:00 [running]> on host 62cfed75eae1
[2023-06-21T22:47:05.133+0000] {taskinstance.py:1518} INFO - Exporting the following env vars:
AIRFLOW_CTX_DAG_OWNER=nburkett
AIRFLOW_CTX_DAG_ID=showpulse_dbt_dag
AIRFLOW_CTX_TASK_ID=dbt_run
AIRFLOW_CTX_EXECUTION_DATE=2023-06-21T22:46:00.727636+00:00
AIRFLOW_CTX_TRY_NUMBER=1
AIRFLOW_CTX_DAG_RUN_ID=scheduled__2023-06-21T22:46:00.727636+00:00
[2023-06-21T22:47:05.135+0000] {subprocess.py:63} INFO - Tmp dir root location: 
 /tmp
[2023-06-21T22:47:05.136+0000] {subprocess.py:75} INFO - Running command: ['/bin/bash', '-c', 'cd /dbt/ticketmaster_transformation && dbt run']
[2023-06-21T22:47:05.143+0000] {subprocess.py:86} INFO - Output:
[2023-06-21T22:47:06.336+0000] {subprocess.py:93} INFO - [0m22:47:06  Running with dbt=1.5.1
[2023-06-21T22:47:06.800+0000] {subprocess.py:93} INFO - [0m22:47:06  Found 4 models, 0 tests, 0 snapshots, 0 analyses, 356 macros, 0 operations, 0 seed files, 3 sources, 0 exposures, 0 metrics, 0 groups
[2023-06-21T22:47:06.803+0000] {subprocess.py:93} INFO - [0m22:47:06
[2023-06-21T22:47:07.557+0000] {subprocess.py:93} INFO - [0m22:47:07  Concurrency: 4 threads (target='dev')
[2023-06-21T22:47:07.560+0000] {subprocess.py:93} INFO - [0m22:47:07
[2023-06-21T22:47:07.578+0000] {subprocess.py:93} INFO - [0m22:47:07  1 of 4 START sql table model twitter_kafka_pyspark_test.distinct_data .......... [RUN]
[2023-06-21T22:47:07.581+0000] {subprocess.py:93} INFO - [0m22:47:07  2 of 4 START sql table model twitter_kafka_pyspark_test.dm_events .............. [RUN]
[2023-06-21T22:47:07.583+0000] {subprocess.py:93} INFO - [0m22:47:07  3 of 4 START sql table model twitter_kafka_pyspark_test.my_first_dbt_model ..... [RUN]
[2023-06-21T22:47:24.736+0000] {subprocess.py:93} INFO - [0m22:47:24  3 of 4 OK created sql table model twitter_kafka_pyspark_test.my_first_dbt_model  [[32mCREATE TABLE (2.0 rows, 0 processed)[0m in 17.14s]
[2023-06-21T22:47:24.742+0000] {subprocess.py:93} INFO - [0m22:47:24  4 of 4 START sql view model twitter_kafka_pyspark_test.my_second_dbt_model ..... [RUN]
[2023-06-21T22:47:25.319+0000] {subprocess.py:93} INFO - [0m22:47:25  2 of 4 OK created sql table model twitter_kafka_pyspark_test.dm_events ......... [[32mCREATE TABLE (1.3k rows, 178.2 KiB processed)[0m in 17.73s]
[2023-06-21T22:47:25.663+0000] {subprocess.py:93} INFO - [0m22:47:25  1 of 4 OK created sql table model twitter_kafka_pyspark_test.distinct_data ..... [[32mCREATE TABLE (1.1k rows, 638.3 KiB processed)[0m in 18.07s]
[2023-06-21T22:47:25.782+0000] {subprocess.py:93} INFO - [0m22:47:25  4 of 4 OK created sql view model twitter_kafka_pyspark_test.my_second_dbt_model  [[32mCREATE VIEW (0 processed)[0m in 1.03s]
[2023-06-21T22:47:25.899+0000] {subprocess.py:93} INFO - [0m22:47:25
[2023-06-21T22:47:25.902+0000] {subprocess.py:93} INFO - [0m22:47:25  Finished running 3 table models, 1 view model in 0 hours 0 minutes and 19.09 seconds (19.09s).
[2023-06-21T22:47:25.929+0000] {subprocess.py:93} INFO - [0m22:47:25
[2023-06-21T22:47:25.931+0000] {subprocess.py:93} INFO - [0m22:47:25  [32mCompleted successfully[0m
[2023-06-21T22:47:25.933+0000] {subprocess.py:93} INFO - [0m22:47:25
[2023-06-21T22:47:25.934+0000] {subprocess.py:93} INFO - [0m22:47:25  Done. PASS=4 WARN=0 ERROR=0 SKIP=0 TOTAL=4
[2023-06-21T22:47:26.412+0000] {subprocess.py:97} INFO - Command exited with return code 0
[2023-06-21T22:47:26.438+0000] {taskinstance.py:1332} INFO - Marking task as SUCCESS. dag_id=showpulse_dbt_dag, task_id=dbt_run, execution_date=20230621T224600, start_date=20230621T224705, end_date=20230621T224726
[2023-06-21T22:47:26.485+0000] {local_task_job.py:212} INFO - Task exited with return code 0
[2023-06-21T22:47:26.499+0000] {taskinstance.py:2596} INFO - 0 downstream tasks scheduled from follow-on schedule check
