[2023-06-22T11:18:07.149+0000] {taskinstance.py:1090} INFO - Dependencies all met for dep_context=non-requeueable deps ti=<TaskInstance: showpulse_dbt_dag.dbt_run scheduled__2023-06-22T10:16:48.914716+00:00 [queued]>
[2023-06-22T11:18:07.156+0000] {taskinstance.py:1090} INFO - Dependencies all met for dep_context=requeueable deps ti=<TaskInstance: showpulse_dbt_dag.dbt_run scheduled__2023-06-22T10:16:48.914716+00:00 [queued]>
[2023-06-22T11:18:07.157+0000] {taskinstance.py:1288} INFO - 
--------------------------------------------------------------------------------
[2023-06-22T11:18:07.157+0000] {taskinstance.py:1289} INFO - Starting attempt 1 of 1
[2023-06-22T11:18:07.158+0000] {taskinstance.py:1290} INFO - 
--------------------------------------------------------------------------------
[2023-06-22T11:18:07.166+0000] {taskinstance.py:1309} INFO - Executing <Task(BashOperator): dbt_run> on 2023-06-22 10:16:48.914716+00:00
[2023-06-22T11:18:07.169+0000] {standard_task_runner.py:55} INFO - Started process 15982 to run task
[2023-06-22T11:18:07.172+0000] {standard_task_runner.py:82} INFO - Running: ['***', 'tasks', 'run', 'showpulse_dbt_dag', 'dbt_run', 'scheduled__2023-06-22T10:16:48.914716+00:00', '--job-id', '1854', '--raw', '--subdir', 'DAGS_FOLDER/dbt_run.py', '--cfg-path', '/tmp/tmptlaesm6v']
[2023-06-22T11:18:07.173+0000] {standard_task_runner.py:83} INFO - Job 1854: Subtask dbt_run
[2023-06-22T11:18:07.227+0000] {task_command.py:389} INFO - Running <TaskInstance: showpulse_dbt_dag.dbt_run scheduled__2023-06-22T10:16:48.914716+00:00 [running]> on host 62cfed75eae1
[2023-06-22T11:18:07.277+0000] {taskinstance.py:1518} INFO - Exporting the following env vars:
AIRFLOW_CTX_DAG_OWNER=nburkett
AIRFLOW_CTX_DAG_ID=showpulse_dbt_dag
AIRFLOW_CTX_TASK_ID=dbt_run
AIRFLOW_CTX_EXECUTION_DATE=2023-06-22T10:16:48.914716+00:00
AIRFLOW_CTX_TRY_NUMBER=1
AIRFLOW_CTX_DAG_RUN_ID=scheduled__2023-06-22T10:16:48.914716+00:00
[2023-06-22T11:18:07.278+0000] {subprocess.py:63} INFO - Tmp dir root location: 
 /tmp
[2023-06-22T11:18:07.279+0000] {subprocess.py:75} INFO - Running command: ['/bin/bash', '-c', 'cd /dbt/ticketmaster_transformation && dbt run']
[2023-06-22T11:18:07.288+0000] {subprocess.py:86} INFO - Output:
[2023-06-22T11:18:08.600+0000] {subprocess.py:93} INFO - [0m11:18:08  Running with dbt=1.5.1
[2023-06-22T11:18:09.108+0000] {subprocess.py:93} INFO - [0m11:18:09  Found 4 models, 0 tests, 0 snapshots, 0 analyses, 356 macros, 0 operations, 0 seed files, 3 sources, 0 exposures, 0 metrics, 0 groups
[2023-06-22T11:18:09.112+0000] {subprocess.py:93} INFO - [0m11:18:09
[2023-06-22T11:18:09.943+0000] {subprocess.py:93} INFO - [0m11:18:09  Concurrency: 4 threads (target='dev')
[2023-06-22T11:18:09.946+0000] {subprocess.py:93} INFO - [0m11:18:09
[2023-06-22T11:18:09.961+0000] {subprocess.py:93} INFO - [0m11:18:09  1 of 4 START sql table model twitter_kafka_pyspark_test.distinct_data .......... [RUN]
[2023-06-22T11:18:09.963+0000] {subprocess.py:93} INFO - [0m11:18:09  2 of 4 START sql table model twitter_kafka_pyspark_test.dm_events .............. [RUN]
[2023-06-22T11:18:09.967+0000] {subprocess.py:93} INFO - [0m11:18:09  3 of 4 START sql table model twitter_kafka_pyspark_test.my_first_dbt_model ..... [RUN]
[2023-06-22T11:18:14.398+0000] {subprocess.py:93} INFO - [0m11:18:14  1 of 4 OK created sql table model twitter_kafka_pyspark_test.distinct_data ..... [[32mCREATE TABLE (1.1k rows, 638.3 KiB processed)[0m in 4.42s]
[2023-06-22T11:18:14.401+0000] {subprocess.py:93} INFO - [0m11:18:14  3 of 4 OK created sql table model twitter_kafka_pyspark_test.my_first_dbt_model  [[32mCREATE TABLE (2.0 rows, 0 processed)[0m in 4.42s]
[2023-06-22T11:18:14.402+0000] {subprocess.py:93} INFO - [0m11:18:14  2 of 4 OK created sql table model twitter_kafka_pyspark_test.dm_events ......... [[32mCREATE TABLE (1.3k rows, 178.2 KiB processed)[0m in 4.42s]
[2023-06-22T11:18:14.412+0000] {subprocess.py:93} INFO - [0m11:18:14  4 of 4 START sql view model twitter_kafka_pyspark_test.my_second_dbt_model ..... [RUN]
[2023-06-22T11:18:15.334+0000] {subprocess.py:93} INFO - [0m11:18:15  4 of 4 OK created sql view model twitter_kafka_pyspark_test.my_second_dbt_model  [[32mCREATE VIEW (0 processed)[0m in 0.92s]
[2023-06-22T11:18:15.407+0000] {subprocess.py:93} INFO - [0m11:18:15
[2023-06-22T11:18:15.409+0000] {subprocess.py:93} INFO - [0m11:18:15  Finished running 3 table models, 1 view model in 0 hours 0 minutes and 6.29 seconds (6.29s).
[2023-06-22T11:18:15.440+0000] {subprocess.py:93} INFO - [0m11:18:15
[2023-06-22T11:18:15.442+0000] {subprocess.py:93} INFO - [0m11:18:15  [32mCompleted successfully[0m
[2023-06-22T11:18:15.443+0000] {subprocess.py:93} INFO - [0m11:18:15
[2023-06-22T11:18:15.444+0000] {subprocess.py:93} INFO - [0m11:18:15  Done. PASS=4 WARN=0 ERROR=0 SKIP=0 TOTAL=4
[2023-06-22T11:18:15.949+0000] {subprocess.py:97} INFO - Command exited with return code 0
[2023-06-22T11:18:15.973+0000] {taskinstance.py:1332} INFO - Marking task as SUCCESS. dag_id=showpulse_dbt_dag, task_id=dbt_run, execution_date=20230622T101648, start_date=20230622T111807, end_date=20230622T111815
[2023-06-22T11:18:16.000+0000] {local_task_job.py:212} INFO - Task exited with return code 0
[2023-06-22T11:18:16.014+0000] {taskinstance.py:2596} INFO - 0 downstream tasks scheduled from follow-on schedule check
