[2023-06-20T01:15:02.729+0000] {taskinstance.py:1090} INFO - Dependencies all met for dep_context=non-requeueable deps ti=<TaskInstance: showpulse_dbt_dag.dbt_run scheduled__2023-06-20T01:13:59.130209+00:00 [queued]>
[2023-06-20T01:15:02.735+0000] {taskinstance.py:1090} INFO - Dependencies all met for dep_context=requeueable deps ti=<TaskInstance: showpulse_dbt_dag.dbt_run scheduled__2023-06-20T01:13:59.130209+00:00 [queued]>
[2023-06-20T01:15:02.736+0000] {taskinstance.py:1288} INFO - 
--------------------------------------------------------------------------------
[2023-06-20T01:15:02.737+0000] {taskinstance.py:1289} INFO - Starting attempt 1 of 1
[2023-06-20T01:15:02.737+0000] {taskinstance.py:1290} INFO - 
--------------------------------------------------------------------------------
[2023-06-20T01:15:02.746+0000] {taskinstance.py:1309} INFO - Executing <Task(BashOperator): dbt_run> on 2023-06-20 01:13:59.130209+00:00
[2023-06-20T01:15:02.750+0000] {standard_task_runner.py:55} INFO - Started process 446 to run task
[2023-06-20T01:15:02.753+0000] {standard_task_runner.py:82} INFO - Running: ['***', 'tasks', 'run', 'showpulse_dbt_dag', 'dbt_run', 'scheduled__2023-06-20T01:13:59.130209+00:00', '--job-id', '356', '--raw', '--subdir', 'DAGS_FOLDER/dbt_run.py', '--cfg-path', '/tmp/tmpotjkm3_s']
[2023-06-20T01:15:02.754+0000] {standard_task_runner.py:83} INFO - Job 356: Subtask dbt_run
[2023-06-20T01:15:02.811+0000] {task_command.py:389} INFO - Running <TaskInstance: showpulse_dbt_dag.dbt_run scheduled__2023-06-20T01:13:59.130209+00:00 [running]> on host 62cfed75eae1
[2023-06-20T01:15:02.863+0000] {taskinstance.py:1518} INFO - Exporting the following env vars:
AIRFLOW_CTX_DAG_OWNER=nburkett
AIRFLOW_CTX_DAG_ID=showpulse_dbt_dag
AIRFLOW_CTX_TASK_ID=dbt_run
AIRFLOW_CTX_EXECUTION_DATE=2023-06-20T01:13:59.130209+00:00
AIRFLOW_CTX_TRY_NUMBER=1
AIRFLOW_CTX_DAG_RUN_ID=scheduled__2023-06-20T01:13:59.130209+00:00
[2023-06-20T01:15:02.865+0000] {subprocess.py:63} INFO - Tmp dir root location: 
 /tmp
[2023-06-20T01:15:02.866+0000] {subprocess.py:75} INFO - Running command: ['/bin/bash', '-c', 'cd /dbt/ticketmaster_transformation && dbt run']
[2023-06-20T01:15:02.876+0000] {subprocess.py:86} INFO - Output:
[2023-06-20T01:15:04.267+0000] {subprocess.py:93} INFO - [0m01:15:04  Running with dbt=1.5.1
[2023-06-20T01:15:04.880+0000] {subprocess.py:93} INFO - [0m01:15:04  Found 4 models, 0 tests, 0 snapshots, 0 analyses, 356 macros, 0 operations, 0 seed files, 3 sources, 0 exposures, 0 metrics, 0 groups
[2023-06-20T01:15:04.884+0000] {subprocess.py:93} INFO - [0m01:15:04
[2023-06-20T01:15:05.655+0000] {subprocess.py:93} INFO - [0m01:15:05  Concurrency: 4 threads (target='dev')
[2023-06-20T01:15:05.657+0000] {subprocess.py:93} INFO - [0m01:15:05
[2023-06-20T01:15:05.665+0000] {subprocess.py:93} INFO - [0m01:15:05  1 of 4 START sql table model twitter_kafka_pyspark_test.distinct_data .......... [RUN]
[2023-06-20T01:15:05.667+0000] {subprocess.py:93} INFO - [0m01:15:05  2 of 4 START sql table model twitter_kafka_pyspark_test.dm_events .............. [RUN]
[2023-06-20T01:15:05.670+0000] {subprocess.py:93} INFO - [0m01:15:05  3 of 4 START sql table model twitter_kafka_pyspark_test.my_first_dbt_model ..... [RUN]
[2023-06-20T01:15:08.492+0000] {subprocess.py:93} INFO - [0m01:15:08  3 of 4 OK created sql table model twitter_kafka_pyspark_test.my_first_dbt_model  [[32mCREATE TABLE (2.0 rows, 0 processed)[0m in 2.82s]
[2023-06-20T01:15:08.497+0000] {subprocess.py:93} INFO - [0m01:15:08  4 of 4 START sql view model twitter_kafka_pyspark_test.my_second_dbt_model ..... [RUN]
[2023-06-20T01:15:08.760+0000] {subprocess.py:93} INFO - [0m01:15:08  2 of 4 OK created sql table model twitter_kafka_pyspark_test.dm_events ......... [[32mCREATE TABLE (723.0 rows, 101.1 KiB processed)[0m in 3.09s]
[2023-06-20T01:15:08.931+0000] {subprocess.py:93} INFO - [0m01:15:08  1 of 4 OK created sql table model twitter_kafka_pyspark_test.distinct_data ..... [[32mCREATE TABLE (702.0 rows, 351.2 KiB processed)[0m in 3.26s]
[2023-06-20T01:15:09.507+0000] {subprocess.py:93} INFO - [0m01:15:09  4 of 4 OK created sql view model twitter_kafka_pyspark_test.my_second_dbt_model  [[32mCREATE VIEW (0 processed)[0m in 1.01s]
[2023-06-20T01:15:09.645+0000] {subprocess.py:93} INFO - [0m01:15:09
[2023-06-20T01:15:09.649+0000] {subprocess.py:93} INFO - [0m01:15:09  Finished running 3 table models, 1 view model in 0 hours 0 minutes and 4.76 seconds (4.76s).
[2023-06-20T01:15:09.678+0000] {subprocess.py:93} INFO - [0m01:15:09
[2023-06-20T01:15:09.680+0000] {subprocess.py:93} INFO - [0m01:15:09  [32mCompleted successfully[0m
[2023-06-20T01:15:09.682+0000] {subprocess.py:93} INFO - [0m01:15:09
[2023-06-20T01:15:09.683+0000] {subprocess.py:93} INFO - [0m01:15:09  Done. PASS=4 WARN=0 ERROR=0 SKIP=0 TOTAL=4
[2023-06-20T01:15:10.198+0000] {subprocess.py:97} INFO - Command exited with return code 0
[2023-06-20T01:15:10.226+0000] {taskinstance.py:1332} INFO - Marking task as SUCCESS. dag_id=showpulse_dbt_dag, task_id=dbt_run, execution_date=20230620T011359, start_date=20230620T011502, end_date=20230620T011510
[2023-06-20T01:15:10.252+0000] {local_task_job.py:212} INFO - Task exited with return code 0
[2023-06-20T01:15:10.267+0000] {taskinstance.py:2596} INFO - 0 downstream tasks scheduled from follow-on schedule check
