[2023-06-22T01:04:36.298+0000] {taskinstance.py:1090} INFO - Dependencies all met for dep_context=non-requeueable deps ti=<TaskInstance: showpulse_dbt_dag.dbt_run scheduled__2023-06-22T01:03:32.430820+00:00 [queued]>
[2023-06-22T01:04:36.305+0000] {taskinstance.py:1090} INFO - Dependencies all met for dep_context=requeueable deps ti=<TaskInstance: showpulse_dbt_dag.dbt_run scheduled__2023-06-22T01:03:32.430820+00:00 [queued]>
[2023-06-22T01:04:36.305+0000] {taskinstance.py:1288} INFO - 
--------------------------------------------------------------------------------
[2023-06-22T01:04:36.306+0000] {taskinstance.py:1289} INFO - Starting attempt 1 of 1
[2023-06-22T01:04:36.306+0000] {taskinstance.py:1290} INFO - 
--------------------------------------------------------------------------------
[2023-06-22T01:04:36.314+0000] {taskinstance.py:1309} INFO - Executing <Task(BashOperator): dbt_run> on 2023-06-22 01:03:32.430820+00:00
[2023-06-22T01:04:36.317+0000] {standard_task_runner.py:55} INFO - Started process 12021 to run task
[2023-06-22T01:04:36.321+0000] {standard_task_runner.py:82} INFO - Running: ['***', 'tasks', 'run', 'showpulse_dbt_dag', 'dbt_run', 'scheduled__2023-06-22T01:03:32.430820+00:00', '--job-id', '1498', '--raw', '--subdir', 'DAGS_FOLDER/dbt_run.py', '--cfg-path', '/tmp/tmpec2n99fn']
[2023-06-22T01:04:36.321+0000] {standard_task_runner.py:83} INFO - Job 1498: Subtask dbt_run
[2023-06-22T01:04:36.374+0000] {task_command.py:389} INFO - Running <TaskInstance: showpulse_dbt_dag.dbt_run scheduled__2023-06-22T01:03:32.430820+00:00 [running]> on host 62cfed75eae1
[2023-06-22T01:04:36.422+0000] {taskinstance.py:1518} INFO - Exporting the following env vars:
AIRFLOW_CTX_DAG_OWNER=nburkett
AIRFLOW_CTX_DAG_ID=showpulse_dbt_dag
AIRFLOW_CTX_TASK_ID=dbt_run
AIRFLOW_CTX_EXECUTION_DATE=2023-06-22T01:03:32.430820+00:00
AIRFLOW_CTX_TRY_NUMBER=1
AIRFLOW_CTX_DAG_RUN_ID=scheduled__2023-06-22T01:03:32.430820+00:00
[2023-06-22T01:04:36.424+0000] {subprocess.py:63} INFO - Tmp dir root location: 
 /tmp
[2023-06-22T01:04:36.424+0000] {subprocess.py:75} INFO - Running command: ['/bin/bash', '-c', 'cd /dbt/ticketmaster_transformation && dbt run']
[2023-06-22T01:04:36.432+0000] {subprocess.py:86} INFO - Output:
[2023-06-22T01:04:37.692+0000] {subprocess.py:93} INFO - [0m01:04:37  Running with dbt=1.5.1
[2023-06-22T01:04:38.150+0000] {subprocess.py:93} INFO - [0m01:04:38  Found 4 models, 0 tests, 0 snapshots, 0 analyses, 356 macros, 0 operations, 0 seed files, 3 sources, 0 exposures, 0 metrics, 0 groups
[2023-06-22T01:04:38.153+0000] {subprocess.py:93} INFO - [0m01:04:38
[2023-06-22T01:04:39.289+0000] {subprocess.py:93} INFO - [0m01:04:39  Concurrency: 4 threads (target='dev')
[2023-06-22T01:04:39.291+0000] {subprocess.py:93} INFO - [0m01:04:39
[2023-06-22T01:04:39.302+0000] {subprocess.py:93} INFO - [0m01:04:39  1 of 4 START sql table model twitter_kafka_pyspark_test.distinct_data .......... [RUN]
[2023-06-22T01:04:39.304+0000] {subprocess.py:93} INFO - [0m01:04:39  2 of 4 START sql table model twitter_kafka_pyspark_test.dm_events .............. [RUN]
[2023-06-22T01:04:39.306+0000] {subprocess.py:93} INFO - [0m01:04:39  3 of 4 START sql table model twitter_kafka_pyspark_test.my_first_dbt_model ..... [RUN]
[2023-06-22T01:04:42.297+0000] {subprocess.py:93} INFO - [0m01:04:42  2 of 4 OK created sql table model twitter_kafka_pyspark_test.dm_events ......... [[32mCREATE TABLE (1.3k rows, 178.2 KiB processed)[0m in 2.98s]
[2023-06-22T01:04:42.301+0000] {subprocess.py:93} INFO - [0m01:04:42  3 of 4 OK created sql table model twitter_kafka_pyspark_test.my_first_dbt_model  [[32mCREATE TABLE (2.0 rows, 0 processed)[0m in 2.99s]
[2023-06-22T01:04:42.305+0000] {subprocess.py:93} INFO - [0m01:04:42  4 of 4 START sql view model twitter_kafka_pyspark_test.my_second_dbt_model ..... [RUN]
[2023-06-22T01:04:42.449+0000] {subprocess.py:93} INFO - [0m01:04:42  1 of 4 OK created sql table model twitter_kafka_pyspark_test.distinct_data ..... [[32mCREATE TABLE (1.1k rows, 638.3 KiB processed)[0m in 3.14s]
[2023-06-22T01:04:43.219+0000] {subprocess.py:93} INFO - [0m01:04:43  4 of 4 OK created sql view model twitter_kafka_pyspark_test.my_second_dbt_model  [[32mCREATE VIEW (0 processed)[0m in 0.91s]
[2023-06-22T01:04:43.287+0000] {subprocess.py:93} INFO - [0m01:04:43
[2023-06-22T01:04:43.290+0000] {subprocess.py:93} INFO - [0m01:04:43  Finished running 3 table models, 1 view model in 0 hours 0 minutes and 5.13 seconds (5.13s).
[2023-06-22T01:04:43.326+0000] {subprocess.py:93} INFO - [0m01:04:43
[2023-06-22T01:04:43.328+0000] {subprocess.py:93} INFO - [0m01:04:43  [32mCompleted successfully[0m
[2023-06-22T01:04:43.329+0000] {subprocess.py:93} INFO - [0m01:04:43
[2023-06-22T01:04:43.330+0000] {subprocess.py:93} INFO - [0m01:04:43  Done. PASS=4 WARN=0 ERROR=0 SKIP=0 TOTAL=4
[2023-06-22T01:04:43.794+0000] {subprocess.py:97} INFO - Command exited with return code 0
[2023-06-22T01:04:43.818+0000] {taskinstance.py:1332} INFO - Marking task as SUCCESS. dag_id=showpulse_dbt_dag, task_id=dbt_run, execution_date=20230622T010332, start_date=20230622T010436, end_date=20230622T010443
[2023-06-22T01:04:43.863+0000] {local_task_job.py:212} INFO - Task exited with return code 0
[2023-06-22T01:04:43.877+0000] {taskinstance.py:2596} INFO - 0 downstream tasks scheduled from follow-on schedule check
