[2023-06-21T02:33:37.594+0000] {taskinstance.py:1090} INFO - Dependencies all met for dep_context=non-requeueable deps ti=<TaskInstance: showpulse_dbt_dag.dbt_run scheduled__2023-06-21T02:20:44.160406+00:00 [queued]>
[2023-06-21T02:33:37.600+0000] {taskinstance.py:1090} INFO - Dependencies all met for dep_context=requeueable deps ti=<TaskInstance: showpulse_dbt_dag.dbt_run scheduled__2023-06-21T02:20:44.160406+00:00 [queued]>
[2023-06-21T02:33:37.600+0000] {taskinstance.py:1288} INFO - 
--------------------------------------------------------------------------------
[2023-06-21T02:33:37.601+0000] {taskinstance.py:1289} INFO - Starting attempt 1 of 1
[2023-06-21T02:33:37.601+0000] {taskinstance.py:1290} INFO - 
--------------------------------------------------------------------------------
[2023-06-21T02:33:37.609+0000] {taskinstance.py:1309} INFO - Executing <Task(BashOperator): dbt_run> on 2023-06-21 02:20:44.160406+00:00
[2023-06-21T02:33:37.613+0000] {standard_task_runner.py:55} INFO - Started process 2287 to run task
[2023-06-21T02:33:37.616+0000] {standard_task_runner.py:82} INFO - Running: ['***', 'tasks', 'run', 'showpulse_dbt_dag', 'dbt_run', 'scheduled__2023-06-21T02:20:44.160406+00:00', '--job-id', '574', '--raw', '--subdir', 'DAGS_FOLDER/dbt_run.py', '--cfg-path', '/tmp/tmpwn4j_x1j']
[2023-06-21T02:33:37.617+0000] {standard_task_runner.py:83} INFO - Job 574: Subtask dbt_run
[2023-06-21T02:33:37.671+0000] {task_command.py:389} INFO - Running <TaskInstance: showpulse_dbt_dag.dbt_run scheduled__2023-06-21T02:20:44.160406+00:00 [running]> on host 62cfed75eae1
[2023-06-21T02:33:37.721+0000] {taskinstance.py:1518} INFO - Exporting the following env vars:
AIRFLOW_CTX_DAG_OWNER=nburkett
AIRFLOW_CTX_DAG_ID=showpulse_dbt_dag
AIRFLOW_CTX_TASK_ID=dbt_run
AIRFLOW_CTX_EXECUTION_DATE=2023-06-21T02:20:44.160406+00:00
AIRFLOW_CTX_TRY_NUMBER=1
AIRFLOW_CTX_DAG_RUN_ID=scheduled__2023-06-21T02:20:44.160406+00:00
[2023-06-21T02:33:37.722+0000] {subprocess.py:63} INFO - Tmp dir root location: 
 /tmp
[2023-06-21T02:33:37.723+0000] {subprocess.py:75} INFO - Running command: ['/bin/bash', '-c', 'cd /dbt/ticketmaster_transformation && dbt run']
[2023-06-21T02:33:37.731+0000] {subprocess.py:86} INFO - Output:
[2023-06-21T02:33:39.011+0000] {subprocess.py:93} INFO - [0m02:33:39  Running with dbt=1.5.1
[2023-06-21T02:33:39.505+0000] {subprocess.py:93} INFO - [0m02:33:39  Found 4 models, 0 tests, 0 snapshots, 0 analyses, 356 macros, 0 operations, 0 seed files, 3 sources, 0 exposures, 0 metrics, 0 groups
[2023-06-21T02:33:39.507+0000] {subprocess.py:93} INFO - [0m02:33:39
[2023-06-21T02:33:40.847+0000] {subprocess.py:93} INFO - [0m02:33:40  Concurrency: 4 threads (target='dev')
[2023-06-21T02:33:40.848+0000] {subprocess.py:93} INFO - [0m02:33:40
[2023-06-21T02:33:40.862+0000] {subprocess.py:93} INFO - [0m02:33:40  1 of 4 START sql table model twitter_kafka_pyspark_test.distinct_data .......... [RUN]
[2023-06-21T02:33:40.864+0000] {subprocess.py:93} INFO - [0m02:33:40  2 of 4 START sql table model twitter_kafka_pyspark_test.dm_events .............. [RUN]
[2023-06-21T02:33:40.867+0000] {subprocess.py:93} INFO - [0m02:33:40  3 of 4 START sql table model twitter_kafka_pyspark_test.my_first_dbt_model ..... [RUN]
[2023-06-21T02:33:43.910+0000] {subprocess.py:93} INFO - [0m02:33:43  2 of 4 OK created sql table model twitter_kafka_pyspark_test.dm_events ......... [[32mCREATE TABLE (1.3k rows, 178.2 KiB processed)[0m in 3.04s]
[2023-06-21T02:33:44.203+0000] {subprocess.py:93} INFO - [0m02:33:44  3 of 4 OK created sql table model twitter_kafka_pyspark_test.my_first_dbt_model  [[32mCREATE TABLE (2.0 rows, 0 processed)[0m in 3.32s]
[2023-06-21T02:33:44.213+0000] {subprocess.py:93} INFO - [0m02:33:44  4 of 4 START sql view model twitter_kafka_pyspark_test.my_second_dbt_model ..... [RUN]
[2023-06-21T02:33:44.755+0000] {subprocess.py:93} INFO - [0m02:33:44  1 of 4 OK created sql table model twitter_kafka_pyspark_test.distinct_data ..... [[32mCREATE TABLE (1.1k rows, 638.3 KiB processed)[0m in 3.88s]
[2023-06-21T02:33:45.262+0000] {subprocess.py:93} INFO - [0m02:33:45  4 of 4 OK created sql view model twitter_kafka_pyspark_test.my_second_dbt_model  [[32mCREATE VIEW (0 processed)[0m in 1.04s]
[2023-06-21T02:33:45.378+0000] {subprocess.py:93} INFO - [0m02:33:45
[2023-06-21T02:33:45.380+0000] {subprocess.py:93} INFO - [0m02:33:45  Finished running 3 table models, 1 view model in 0 hours 0 minutes and 5.87 seconds (5.87s).
[2023-06-21T02:33:45.396+0000] {subprocess.py:93} INFO - [0m02:33:45
[2023-06-21T02:33:45.397+0000] {subprocess.py:93} INFO - [0m02:33:45  [32mCompleted successfully[0m
[2023-06-21T02:33:45.398+0000] {subprocess.py:93} INFO - [0m02:33:45
[2023-06-21T02:33:45.399+0000] {subprocess.py:93} INFO - [0m02:33:45  Done. PASS=4 WARN=0 ERROR=0 SKIP=0 TOTAL=4
[2023-06-21T02:33:45.867+0000] {subprocess.py:97} INFO - Command exited with return code 0
[2023-06-21T02:33:45.892+0000] {taskinstance.py:1332} INFO - Marking task as SUCCESS. dag_id=showpulse_dbt_dag, task_id=dbt_run, execution_date=20230621T022044, start_date=20230621T023337, end_date=20230621T023345
[2023-06-21T02:33:45.945+0000] {local_task_job.py:212} INFO - Task exited with return code 0
[2023-06-21T02:33:45.959+0000] {taskinstance.py:2596} INFO - 0 downstream tasks scheduled from follow-on schedule check
