[2023-06-22T23:07:04.461+0000] {taskinstance.py:1090} INFO - Dependencies all met for dep_context=non-requeueable deps ti=<TaskInstance: showpulse_dbt_dag.pwd2 scheduled__2023-06-22T23:06:00.837647+00:00 [queued]>
[2023-06-22T23:07:04.468+0000] {taskinstance.py:1090} INFO - Dependencies all met for dep_context=requeueable deps ti=<TaskInstance: showpulse_dbt_dag.pwd2 scheduled__2023-06-22T23:06:00.837647+00:00 [queued]>
[2023-06-22T23:07:04.469+0000] {taskinstance.py:1288} INFO - 
--------------------------------------------------------------------------------
[2023-06-22T23:07:04.469+0000] {taskinstance.py:1289} INFO - Starting attempt 1 of 1
[2023-06-22T23:07:04.470+0000] {taskinstance.py:1290} INFO - 
--------------------------------------------------------------------------------
[2023-06-22T23:07:04.479+0000] {taskinstance.py:1309} INFO - Executing <Task(BashOperator): pwd2> on 2023-06-22 23:06:00.837647+00:00
[2023-06-22T23:07:04.482+0000] {standard_task_runner.py:55} INFO - Started process 19001 to run task
[2023-06-22T23:07:04.486+0000] {standard_task_runner.py:82} INFO - Running: ['***', 'tasks', 'run', 'showpulse_dbt_dag', 'pwd2', 'scheduled__2023-06-22T23:06:00.837647+00:00', '--job-id', '2189', '--raw', '--subdir', 'DAGS_FOLDER/dbt_run.py', '--cfg-path', '/tmp/tmppi26mc6b']
[2023-06-22T23:07:04.487+0000] {standard_task_runner.py:83} INFO - Job 2189: Subtask pwd2
[2023-06-22T23:07:04.546+0000] {task_command.py:389} INFO - Running <TaskInstance: showpulse_dbt_dag.pwd2 scheduled__2023-06-22T23:06:00.837647+00:00 [running]> on host 62cfed75eae1
[2023-06-22T23:07:04.602+0000] {taskinstance.py:1518} INFO - Exporting the following env vars:
AIRFLOW_CTX_DAG_OWNER=nburkett
AIRFLOW_CTX_DAG_ID=showpulse_dbt_dag
AIRFLOW_CTX_TASK_ID=pwd2
AIRFLOW_CTX_EXECUTION_DATE=2023-06-22T23:06:00.837647+00:00
AIRFLOW_CTX_TRY_NUMBER=1
AIRFLOW_CTX_DAG_RUN_ID=scheduled__2023-06-22T23:06:00.837647+00:00
[2023-06-22T23:07:04.603+0000] {subprocess.py:63} INFO - Tmp dir root location: 
 /tmp
[2023-06-22T23:07:04.604+0000] {subprocess.py:75} INFO - Running command: ['/bin/bash', '-c', 'cd /dbt/ticketmaster_transformation && pwd && ls']
[2023-06-22T23:07:04.613+0000] {subprocess.py:86} INFO - Output:
[2023-06-22T23:07:04.614+0000] {subprocess.py:93} INFO - /dbt/ticketmaster_transformation
[2023-06-22T23:07:04.616+0000] {subprocess.py:93} INFO - README.md
[2023-06-22T23:07:04.617+0000] {subprocess.py:93} INFO - analyses
[2023-06-22T23:07:04.617+0000] {subprocess.py:93} INFO - dbt_packages
[2023-06-22T23:07:04.618+0000] {subprocess.py:93} INFO - dbt_project.yml
[2023-06-22T23:07:04.618+0000] {subprocess.py:93} INFO - logs
[2023-06-22T23:07:04.618+0000] {subprocess.py:93} INFO - macros
[2023-06-22T23:07:04.619+0000] {subprocess.py:93} INFO - models
[2023-06-22T23:07:04.619+0000] {subprocess.py:93} INFO - profiles.yml
[2023-06-22T23:07:04.620+0000] {subprocess.py:93} INFO - seeds
[2023-06-22T23:07:04.620+0000] {subprocess.py:93} INFO - snapshots
[2023-06-22T23:07:04.621+0000] {subprocess.py:93} INFO - target
[2023-06-22T23:07:04.621+0000] {subprocess.py:93} INFO - tests
[2023-06-22T23:07:04.622+0000] {subprocess.py:97} INFO - Command exited with return code 0
[2023-06-22T23:07:04.644+0000] {taskinstance.py:1332} INFO - Marking task as SUCCESS. dag_id=showpulse_dbt_dag, task_id=pwd2, execution_date=20230622T230600, start_date=20230622T230704, end_date=20230622T230704
[2023-06-22T23:07:04.699+0000] {local_task_job.py:212} INFO - Task exited with return code 0
[2023-06-22T23:07:04.718+0000] {taskinstance.py:2596} INFO - 1 downstream tasks scheduled from follow-on schedule check
