[2023-06-22T08:01:24.751+0000] {taskinstance.py:1090} INFO - Dependencies all met for dep_context=non-requeueable deps ti=<TaskInstance: showpulse_dbt_dag.dbt_run scheduled__2023-06-22T07:08:26.444078+00:00 [queued]>
[2023-06-22T08:01:24.757+0000] {taskinstance.py:1090} INFO - Dependencies all met for dep_context=requeueable deps ti=<TaskInstance: showpulse_dbt_dag.dbt_run scheduled__2023-06-22T07:08:26.444078+00:00 [queued]>
[2023-06-22T08:01:24.758+0000] {taskinstance.py:1288} INFO - 
--------------------------------------------------------------------------------
[2023-06-22T08:01:24.759+0000] {taskinstance.py:1289} INFO - Starting attempt 1 of 1
[2023-06-22T08:01:24.759+0000] {taskinstance.py:1290} INFO - 
--------------------------------------------------------------------------------
[2023-06-22T08:01:24.767+0000] {taskinstance.py:1309} INFO - Executing <Task(BashOperator): dbt_run> on 2023-06-22 07:08:26.444078+00:00
[2023-06-22T08:01:24.771+0000] {standard_task_runner.py:55} INFO - Started process 15845 to run task
[2023-06-22T08:01:24.774+0000] {standard_task_runner.py:82} INFO - Running: ['***', 'tasks', 'run', 'showpulse_dbt_dag', 'dbt_run', 'scheduled__2023-06-22T07:08:26.444078+00:00', '--job-id', '1838', '--raw', '--subdir', 'DAGS_FOLDER/dbt_run.py', '--cfg-path', '/tmp/tmpnf6ewzmq']
[2023-06-22T08:01:24.775+0000] {standard_task_runner.py:83} INFO - Job 1838: Subtask dbt_run
[2023-06-22T08:01:24.826+0000] {task_command.py:389} INFO - Running <TaskInstance: showpulse_dbt_dag.dbt_run scheduled__2023-06-22T07:08:26.444078+00:00 [running]> on host 62cfed75eae1
[2023-06-22T08:01:24.876+0000] {taskinstance.py:1518} INFO - Exporting the following env vars:
AIRFLOW_CTX_DAG_OWNER=nburkett
AIRFLOW_CTX_DAG_ID=showpulse_dbt_dag
AIRFLOW_CTX_TASK_ID=dbt_run
AIRFLOW_CTX_EXECUTION_DATE=2023-06-22T07:08:26.444078+00:00
AIRFLOW_CTX_TRY_NUMBER=1
AIRFLOW_CTX_DAG_RUN_ID=scheduled__2023-06-22T07:08:26.444078+00:00
[2023-06-22T08:01:24.877+0000] {subprocess.py:63} INFO - Tmp dir root location: 
 /tmp
[2023-06-22T08:01:24.878+0000] {subprocess.py:75} INFO - Running command: ['/bin/bash', '-c', 'cd /dbt/ticketmaster_transformation && dbt run']
[2023-06-22T08:01:24.886+0000] {subprocess.py:86} INFO - Output:
[2023-06-22T08:01:26.161+0000] {subprocess.py:93} INFO - [0m08:01:26  Running with dbt=1.5.1
[2023-06-22T08:01:26.679+0000] {subprocess.py:93} INFO - [0m08:01:26  Found 4 models, 0 tests, 0 snapshots, 0 analyses, 356 macros, 0 operations, 0 seed files, 3 sources, 0 exposures, 0 metrics, 0 groups
[2023-06-22T08:01:26.683+0000] {subprocess.py:93} INFO - [0m08:01:26
[2023-06-22T08:01:28.574+0000] {subprocess.py:93} INFO - [0m08:01:28  Concurrency: 4 threads (target='dev')
[2023-06-22T08:01:28.578+0000] {subprocess.py:93} INFO - [0m08:01:28
[2023-06-22T08:01:28.599+0000] {subprocess.py:93} INFO - [0m08:01:28  1 of 4 START sql table model twitter_kafka_pyspark_test.distinct_data .......... [RUN]
[2023-06-22T08:01:28.602+0000] {subprocess.py:93} INFO - [0m08:01:28  2 of 4 START sql table model twitter_kafka_pyspark_test.dm_events .............. [RUN]
[2023-06-22T08:01:28.605+0000] {subprocess.py:93} INFO - [0m08:01:28  3 of 4 START sql table model twitter_kafka_pyspark_test.my_first_dbt_model ..... [RUN]
[2023-06-22T08:01:31.658+0000] {subprocess.py:93} INFO - [0m08:01:31  1 of 4 OK created sql table model twitter_kafka_pyspark_test.distinct_data ..... [[32mCREATE TABLE (1.1k rows, 638.3 KiB processed)[0m in 3.05s]
[2023-06-22T08:01:31.987+0000] {subprocess.py:93} INFO - [0m08:01:31  3 of 4 OK created sql table model twitter_kafka_pyspark_test.my_first_dbt_model  [[32mCREATE TABLE (2.0 rows, 0 processed)[0m in 3.37s]
[2023-06-22T08:01:31.989+0000] {subprocess.py:93} INFO - [0m08:01:31  2 of 4 OK created sql table model twitter_kafka_pyspark_test.dm_events ......... [[32mCREATE TABLE (1.3k rows, 178.2 KiB processed)[0m in 3.37s]
[2023-06-22T08:01:32.000+0000] {subprocess.py:93} INFO - [0m08:01:32  4 of 4 START sql view model twitter_kafka_pyspark_test.my_second_dbt_model ..... [RUN]
[2023-06-22T08:01:33.147+0000] {subprocess.py:93} INFO - [0m08:01:33  4 of 4 OK created sql view model twitter_kafka_pyspark_test.my_second_dbt_model  [[32mCREATE VIEW (0 processed)[0m in 1.14s]
[2023-06-22T08:01:33.236+0000] {subprocess.py:93} INFO - [0m08:01:33
[2023-06-22T08:01:33.238+0000] {subprocess.py:93} INFO - [0m08:01:33  Finished running 3 table models, 1 view model in 0 hours 0 minutes and 6.55 seconds (6.55s).
[2023-06-22T08:01:33.258+0000] {subprocess.py:93} INFO - [0m08:01:33
[2023-06-22T08:01:33.260+0000] {subprocess.py:93} INFO - [0m08:01:33  [32mCompleted successfully[0m
[2023-06-22T08:01:33.261+0000] {subprocess.py:93} INFO - [0m08:01:33
[2023-06-22T08:01:33.263+0000] {subprocess.py:93} INFO - [0m08:01:33  Done. PASS=4 WARN=0 ERROR=0 SKIP=0 TOTAL=4
[2023-06-22T08:01:34.227+0000] {subprocess.py:97} INFO - Command exited with return code 0
[2023-06-22T08:01:34.256+0000] {taskinstance.py:1332} INFO - Marking task as SUCCESS. dag_id=showpulse_dbt_dag, task_id=dbt_run, execution_date=20230622T070826, start_date=20230622T080124, end_date=20230622T080134
[2023-06-22T08:01:34.296+0000] {local_task_job.py:212} INFO - Task exited with return code 0
[2023-06-22T08:01:34.310+0000] {taskinstance.py:2596} INFO - 0 downstream tasks scheduled from follow-on schedule check
