[2023-06-21T19:43:15.541+0000] {taskinstance.py:1090} INFO - Dependencies all met for dep_context=non-requeueable deps ti=<TaskInstance: showpulse_dbt_dag.dbt_run scheduled__2023-06-21T19:39:49.516797+00:00 [queued]>
[2023-06-21T19:43:15.549+0000] {taskinstance.py:1090} INFO - Dependencies all met for dep_context=requeueable deps ti=<TaskInstance: showpulse_dbt_dag.dbt_run scheduled__2023-06-21T19:39:49.516797+00:00 [queued]>
[2023-06-21T19:43:15.549+0000] {taskinstance.py:1288} INFO - 
--------------------------------------------------------------------------------
[2023-06-21T19:43:15.550+0000] {taskinstance.py:1289} INFO - Starting attempt 1 of 1
[2023-06-21T19:43:15.550+0000] {taskinstance.py:1290} INFO - 
--------------------------------------------------------------------------------
[2023-06-21T19:43:15.558+0000] {taskinstance.py:1309} INFO - Executing <Task(BashOperator): dbt_run> on 2023-06-21 19:39:49.516797+00:00
[2023-06-21T19:43:15.562+0000] {standard_task_runner.py:55} INFO - Started process 5804 to run task
[2023-06-21T19:43:15.565+0000] {standard_task_runner.py:82} INFO - Running: ['***', 'tasks', 'run', 'showpulse_dbt_dag', 'dbt_run', 'scheduled__2023-06-21T19:39:49.516797+00:00', '--job-id', '958', '--raw', '--subdir', 'DAGS_FOLDER/dbt_run.py', '--cfg-path', '/tmp/tmp3hi74v7y']
[2023-06-21T19:43:15.566+0000] {standard_task_runner.py:83} INFO - Job 958: Subtask dbt_run
[2023-06-21T19:43:15.617+0000] {task_command.py:389} INFO - Running <TaskInstance: showpulse_dbt_dag.dbt_run scheduled__2023-06-21T19:39:49.516797+00:00 [running]> on host 62cfed75eae1
[2023-06-21T19:43:15.669+0000] {taskinstance.py:1518} INFO - Exporting the following env vars:
AIRFLOW_CTX_DAG_OWNER=nburkett
AIRFLOW_CTX_DAG_ID=showpulse_dbt_dag
AIRFLOW_CTX_TASK_ID=dbt_run
AIRFLOW_CTX_EXECUTION_DATE=2023-06-21T19:39:49.516797+00:00
AIRFLOW_CTX_TRY_NUMBER=1
AIRFLOW_CTX_DAG_RUN_ID=scheduled__2023-06-21T19:39:49.516797+00:00
[2023-06-21T19:43:15.671+0000] {subprocess.py:63} INFO - Tmp dir root location: 
 /tmp
[2023-06-21T19:43:15.672+0000] {subprocess.py:75} INFO - Running command: ['/bin/bash', '-c', 'cd /dbt/ticketmaster_transformation && dbt run']
[2023-06-21T19:43:15.680+0000] {subprocess.py:86} INFO - Output:
[2023-06-21T19:43:16.961+0000] {subprocess.py:93} INFO - [0m19:43:16  Running with dbt=1.5.1
[2023-06-21T19:43:17.467+0000] {subprocess.py:93} INFO - [0m19:43:17  Found 4 models, 0 tests, 0 snapshots, 0 analyses, 356 macros, 0 operations, 0 seed files, 3 sources, 0 exposures, 0 metrics, 0 groups
[2023-06-21T19:43:17.470+0000] {subprocess.py:93} INFO - [0m19:43:17
[2023-06-21T19:43:18.175+0000] {subprocess.py:93} INFO - [0m19:43:18  Concurrency: 4 threads (target='dev')
[2023-06-21T19:43:18.177+0000] {subprocess.py:93} INFO - [0m19:43:18
[2023-06-21T19:43:18.191+0000] {subprocess.py:93} INFO - [0m19:43:18  1 of 4 START sql table model twitter_kafka_pyspark_test.distinct_data .......... [RUN]
[2023-06-21T19:43:18.193+0000] {subprocess.py:93} INFO - [0m19:43:18  2 of 4 START sql table model twitter_kafka_pyspark_test.dm_events .............. [RUN]
[2023-06-21T19:43:18.194+0000] {subprocess.py:93} INFO - [0m19:43:18  3 of 4 START sql table model twitter_kafka_pyspark_test.my_first_dbt_model ..... [RUN]
[2023-06-21T19:43:22.238+0000] {subprocess.py:93} INFO - [0m19:43:22  3 of 4 OK created sql table model twitter_kafka_pyspark_test.my_first_dbt_model  [[32mCREATE TABLE (2.0 rows, 0 processed)[0m in 4.04s]
[2023-06-21T19:43:22.241+0000] {subprocess.py:93} INFO - [0m19:43:22  4 of 4 START sql view model twitter_kafka_pyspark_test.my_second_dbt_model ..... [RUN]
[2023-06-21T19:43:22.356+0000] {subprocess.py:93} INFO - [0m19:43:22  1 of 4 OK created sql table model twitter_kafka_pyspark_test.distinct_data ..... [[32mCREATE TABLE (1.1k rows, 638.3 KiB processed)[0m in 4.16s]
[2023-06-21T19:43:22.415+0000] {subprocess.py:93} INFO - [0m19:43:22  2 of 4 OK created sql table model twitter_kafka_pyspark_test.dm_events ......... [[32mCREATE TABLE (1.3k rows, 178.2 KiB processed)[0m in 4.22s]
[2023-06-21T19:43:23.729+0000] {subprocess.py:93} INFO - [0m19:43:23  4 of 4 OK created sql view model twitter_kafka_pyspark_test.my_second_dbt_model  [[32mCREATE VIEW (0 processed)[0m in 1.47s]
[2023-06-21T19:43:23.783+0000] {subprocess.py:93} INFO - [0m19:43:23
[2023-06-21T19:43:23.786+0000] {subprocess.py:93} INFO - [0m19:43:23  Finished running 3 table models, 1 view model in 0 hours 0 minutes and 6.31 seconds (6.31s).
[2023-06-21T19:43:23.811+0000] {subprocess.py:93} INFO - [0m19:43:23
[2023-06-21T19:43:23.813+0000] {subprocess.py:93} INFO - [0m19:43:23  [32mCompleted successfully[0m
[2023-06-21T19:43:23.814+0000] {subprocess.py:93} INFO - [0m19:43:23
[2023-06-21T19:43:23.816+0000] {subprocess.py:93} INFO - [0m19:43:23  Done. PASS=4 WARN=0 ERROR=0 SKIP=0 TOTAL=4
[2023-06-21T19:43:24.287+0000] {subprocess.py:97} INFO - Command exited with return code 0
[2023-06-21T19:43:24.310+0000] {taskinstance.py:1332} INFO - Marking task as SUCCESS. dag_id=showpulse_dbt_dag, task_id=dbt_run, execution_date=20230621T193949, start_date=20230621T194315, end_date=20230621T194324
[2023-06-21T19:43:24.328+0000] {local_task_job.py:212} INFO - Task exited with return code 0
[2023-06-21T19:43:24.342+0000] {taskinstance.py:2596} INFO - 0 downstream tasks scheduled from follow-on schedule check
