[2023-06-23T02:14:35.427+0000] {taskinstance.py:1090} INFO - Dependencies all met for dep_context=non-requeueable deps ti=<TaskInstance: showpulse_dbt_dag.dbt_run scheduled__2023-06-23T02:13:31.696804+00:00 [queued]>
[2023-06-23T02:14:35.433+0000] {taskinstance.py:1090} INFO - Dependencies all met for dep_context=requeueable deps ti=<TaskInstance: showpulse_dbt_dag.dbt_run scheduled__2023-06-23T02:13:31.696804+00:00 [queued]>
[2023-06-23T02:14:35.434+0000] {taskinstance.py:1288} INFO - 
--------------------------------------------------------------------------------
[2023-06-23T02:14:35.434+0000] {taskinstance.py:1289} INFO - Starting attempt 1 of 1
[2023-06-23T02:14:35.435+0000] {taskinstance.py:1290} INFO - 
--------------------------------------------------------------------------------
[2023-06-23T02:14:35.443+0000] {taskinstance.py:1309} INFO - Executing <Task(BashOperator): dbt_run> on 2023-06-23 02:13:31.696804+00:00
[2023-06-23T02:14:35.446+0000] {standard_task_runner.py:55} INFO - Started process 25349 to run task
[2023-06-23T02:14:35.450+0000] {standard_task_runner.py:82} INFO - Running: ['***', 'tasks', 'run', 'showpulse_dbt_dag', 'dbt_run', 'scheduled__2023-06-23T02:13:31.696804+00:00', '--job-id', '2726', '--raw', '--subdir', 'DAGS_FOLDER/dbt_run.py', '--cfg-path', '/tmp/tmp4_58i5iy']
[2023-06-23T02:14:35.450+0000] {standard_task_runner.py:83} INFO - Job 2726: Subtask dbt_run
[2023-06-23T02:14:35.505+0000] {task_command.py:389} INFO - Running <TaskInstance: showpulse_dbt_dag.dbt_run scheduled__2023-06-23T02:13:31.696804+00:00 [running]> on host 62cfed75eae1
[2023-06-23T02:14:35.555+0000] {taskinstance.py:1518} INFO - Exporting the following env vars:
AIRFLOW_CTX_DAG_OWNER=nburkett
AIRFLOW_CTX_DAG_ID=showpulse_dbt_dag
AIRFLOW_CTX_TASK_ID=dbt_run
AIRFLOW_CTX_EXECUTION_DATE=2023-06-23T02:13:31.696804+00:00
AIRFLOW_CTX_TRY_NUMBER=1
AIRFLOW_CTX_DAG_RUN_ID=scheduled__2023-06-23T02:13:31.696804+00:00
[2023-06-23T02:14:35.557+0000] {subprocess.py:63} INFO - Tmp dir root location: 
 /tmp
[2023-06-23T02:14:35.558+0000] {subprocess.py:75} INFO - Running command: ['/bin/bash', '-c', 'cd /dbt/ticketmaster_transformation && dbt run']
[2023-06-23T02:14:35.567+0000] {subprocess.py:86} INFO - Output:
[2023-06-23T02:14:36.871+0000] {subprocess.py:93} INFO - [0m02:14:36  Running with dbt=1.5.1
[2023-06-23T02:14:37.398+0000] {subprocess.py:93} INFO - [0m02:14:37  Found 4 models, 0 tests, 0 snapshots, 0 analyses, 356 macros, 0 operations, 0 seed files, 3 sources, 0 exposures, 0 metrics, 0 groups
[2023-06-23T02:14:37.401+0000] {subprocess.py:93} INFO - [0m02:14:37
[2023-06-23T02:14:38.091+0000] {subprocess.py:93} INFO - [0m02:14:38  Concurrency: 4 threads (target='dev')
[2023-06-23T02:14:38.094+0000] {subprocess.py:93} INFO - [0m02:14:38
[2023-06-23T02:14:38.109+0000] {subprocess.py:93} INFO - [0m02:14:38  1 of 4 START sql table model twitter_kafka_pyspark_test.distinct_data .......... [RUN]
[2023-06-23T02:14:38.111+0000] {subprocess.py:93} INFO - [0m02:14:38  2 of 4 START sql table model twitter_kafka_pyspark_test.dm_events .............. [RUN]
[2023-06-23T02:14:38.114+0000] {subprocess.py:93} INFO - [0m02:14:38  3 of 4 START sql table model twitter_kafka_pyspark_test.my_first_dbt_model ..... [RUN]
[2023-06-23T02:14:40.712+0000] {subprocess.py:93} INFO - [0m02:14:40  3 of 4 OK created sql table model twitter_kafka_pyspark_test.my_first_dbt_model  [[32mCREATE TABLE (2.0 rows, 0 processed)[0m in 2.59s]
[2023-06-23T02:14:40.718+0000] {subprocess.py:93} INFO - [0m02:14:40  4 of 4 START sql view model twitter_kafka_pyspark_test.my_second_dbt_model ..... [RUN]
[2023-06-23T02:14:41.041+0000] {subprocess.py:93} INFO - [0m02:14:41  1 of 4 OK created sql table model twitter_kafka_pyspark_test.distinct_data ..... [[32mCREATE TABLE (122.0 rows, 62.9 KiB processed)[0m in 2.92s]
[2023-06-23T02:14:41.222+0000] {subprocess.py:93} INFO - [0m02:14:41  2 of 4 OK created sql table model twitter_kafka_pyspark_test.dm_events ......... [[32mCREATE TABLE (122.0 rows, 17.4 KiB processed)[0m in 3.10s]
[2023-06-23T02:14:41.914+0000] {subprocess.py:93} INFO - [0m02:14:41  4 of 4 OK created sql view model twitter_kafka_pyspark_test.my_second_dbt_model  [[32mCREATE VIEW (0 processed)[0m in 1.19s]
[2023-06-23T02:14:42.009+0000] {subprocess.py:93} INFO - [0m02:14:42
[2023-06-23T02:14:42.011+0000] {subprocess.py:93} INFO - [0m02:14:42  Finished running 3 table models, 1 view model in 0 hours 0 minutes and 4.61 seconds (4.61s).
[2023-06-23T02:14:42.038+0000] {subprocess.py:93} INFO - [0m02:14:42
[2023-06-23T02:14:42.040+0000] {subprocess.py:93} INFO - [0m02:14:42  [32mCompleted successfully[0m
[2023-06-23T02:14:42.041+0000] {subprocess.py:93} INFO - [0m02:14:42
[2023-06-23T02:14:42.042+0000] {subprocess.py:93} INFO - [0m02:14:42  Done. PASS=4 WARN=0 ERROR=0 SKIP=0 TOTAL=4
[2023-06-23T02:14:42.485+0000] {subprocess.py:97} INFO - Command exited with return code 0
[2023-06-23T02:14:42.516+0000] {taskinstance.py:1332} INFO - Marking task as SUCCESS. dag_id=showpulse_dbt_dag, task_id=dbt_run, execution_date=20230623T021331, start_date=20230623T021435, end_date=20230623T021442
[2023-06-23T02:14:42.576+0000] {local_task_job.py:212} INFO - Task exited with return code 0
[2023-06-23T02:14:42.593+0000] {taskinstance.py:2596} INFO - 0 downstream tasks scheduled from follow-on schedule check
