[2023-06-22T02:50:32.119+0000] {taskinstance.py:1090} INFO - Dependencies all met for dep_context=non-requeueable deps ti=<TaskInstance: showpulse_dbt_dag.dbt_run scheduled__2023-06-22T02:49:28.440116+00:00 [queued]>
[2023-06-22T02:50:32.125+0000] {taskinstance.py:1090} INFO - Dependencies all met for dep_context=requeueable deps ti=<TaskInstance: showpulse_dbt_dag.dbt_run scheduled__2023-06-22T02:49:28.440116+00:00 [queued]>
[2023-06-22T02:50:32.126+0000] {taskinstance.py:1288} INFO - 
--------------------------------------------------------------------------------
[2023-06-22T02:50:32.126+0000] {taskinstance.py:1289} INFO - Starting attempt 1 of 1
[2023-06-22T02:50:32.127+0000] {taskinstance.py:1290} INFO - 
--------------------------------------------------------------------------------
[2023-06-22T02:50:32.135+0000] {taskinstance.py:1309} INFO - Executing <Task(BashOperator): dbt_run> on 2023-06-22 02:49:28.440116+00:00
[2023-06-22T02:50:32.139+0000] {standard_task_runner.py:55} INFO - Started process 13908 to run task
[2023-06-22T02:50:32.142+0000] {standard_task_runner.py:82} INFO - Running: ['***', 'tasks', 'run', 'showpulse_dbt_dag', 'dbt_run', 'scheduled__2023-06-22T02:49:28.440116+00:00', '--job-id', '1658', '--raw', '--subdir', 'DAGS_FOLDER/dbt_run.py', '--cfg-path', '/tmp/tmpyxafcbhw']
[2023-06-22T02:50:32.143+0000] {standard_task_runner.py:83} INFO - Job 1658: Subtask dbt_run
[2023-06-22T02:50:32.196+0000] {task_command.py:389} INFO - Running <TaskInstance: showpulse_dbt_dag.dbt_run scheduled__2023-06-22T02:49:28.440116+00:00 [running]> on host 62cfed75eae1
[2023-06-22T02:50:32.247+0000] {taskinstance.py:1518} INFO - Exporting the following env vars:
AIRFLOW_CTX_DAG_OWNER=nburkett
AIRFLOW_CTX_DAG_ID=showpulse_dbt_dag
AIRFLOW_CTX_TASK_ID=dbt_run
AIRFLOW_CTX_EXECUTION_DATE=2023-06-22T02:49:28.440116+00:00
AIRFLOW_CTX_TRY_NUMBER=1
AIRFLOW_CTX_DAG_RUN_ID=scheduled__2023-06-22T02:49:28.440116+00:00
[2023-06-22T02:50:32.248+0000] {subprocess.py:63} INFO - Tmp dir root location: 
 /tmp
[2023-06-22T02:50:32.249+0000] {subprocess.py:75} INFO - Running command: ['/bin/bash', '-c', 'cd /dbt/ticketmaster_transformation && dbt run']
[2023-06-22T02:50:32.257+0000] {subprocess.py:86} INFO - Output:
[2023-06-22T02:50:33.502+0000] {subprocess.py:93} INFO - [0m02:50:33  Running with dbt=1.5.1
[2023-06-22T02:50:34.023+0000] {subprocess.py:93} INFO - [0m02:50:34  Found 4 models, 0 tests, 0 snapshots, 0 analyses, 356 macros, 0 operations, 0 seed files, 3 sources, 0 exposures, 0 metrics, 0 groups
[2023-06-22T02:50:34.026+0000] {subprocess.py:93} INFO - [0m02:50:34
[2023-06-22T02:50:34.805+0000] {subprocess.py:93} INFO - [0m02:50:34  Concurrency: 4 threads (target='dev')
[2023-06-22T02:50:34.807+0000] {subprocess.py:93} INFO - [0m02:50:34
[2023-06-22T02:50:34.815+0000] {subprocess.py:93} INFO - [0m02:50:34  1 of 4 START sql table model twitter_kafka_pyspark_test.distinct_data .......... [RUN]
[2023-06-22T02:50:34.818+0000] {subprocess.py:93} INFO - [0m02:50:34  3 of 4 START sql table model twitter_kafka_pyspark_test.my_first_dbt_model ..... [RUN]
[2023-06-22T02:50:34.821+0000] {subprocess.py:93} INFO - [0m02:50:34  2 of 4 START sql table model twitter_kafka_pyspark_test.dm_events .............. [RUN]
[2023-06-22T02:50:37.579+0000] {subprocess.py:93} INFO - [0m02:50:37  3 of 4 OK created sql table model twitter_kafka_pyspark_test.my_first_dbt_model  [[32mCREATE TABLE (2.0 rows, 0 processed)[0m in 2.76s]
[2023-06-22T02:50:37.586+0000] {subprocess.py:93} INFO - [0m02:50:37  4 of 4 START sql view model twitter_kafka_pyspark_test.my_second_dbt_model ..... [RUN]
[2023-06-22T02:50:37.773+0000] {subprocess.py:93} INFO - [0m02:50:37  1 of 4 OK created sql table model twitter_kafka_pyspark_test.distinct_data ..... [[32mCREATE TABLE (1.1k rows, 638.3 KiB processed)[0m in 2.96s]
[2023-06-22T02:50:37.935+0000] {subprocess.py:93} INFO - [0m02:50:37  2 of 4 OK created sql table model twitter_kafka_pyspark_test.dm_events ......... [[32mCREATE TABLE (1.3k rows, 178.2 KiB processed)[0m in 3.11s]
[2023-06-22T02:50:38.464+0000] {subprocess.py:93} INFO - [0m02:50:38  4 of 4 OK created sql view model twitter_kafka_pyspark_test.my_second_dbt_model  [[32mCREATE VIEW (0 processed)[0m in 0.87s]
[2023-06-22T02:50:38.500+0000] {subprocess.py:93} INFO - [0m02:50:38
[2023-06-22T02:50:38.501+0000] {subprocess.py:93} INFO - [0m02:50:38  Finished running 3 table models, 1 view model in 0 hours 0 minutes and 4.47 seconds (4.47s).
[2023-06-22T02:50:38.524+0000] {subprocess.py:93} INFO - [0m02:50:38
[2023-06-22T02:50:38.526+0000] {subprocess.py:93} INFO - [0m02:50:38  [32mCompleted successfully[0m
[2023-06-22T02:50:38.527+0000] {subprocess.py:93} INFO - [0m02:50:38
[2023-06-22T02:50:38.528+0000] {subprocess.py:93} INFO - [0m02:50:38  Done. PASS=4 WARN=0 ERROR=0 SKIP=0 TOTAL=4
[2023-06-22T02:50:38.935+0000] {subprocess.py:97} INFO - Command exited with return code 0
[2023-06-22T02:50:38.961+0000] {taskinstance.py:1332} INFO - Marking task as SUCCESS. dag_id=showpulse_dbt_dag, task_id=dbt_run, execution_date=20230622T024928, start_date=20230622T025032, end_date=20230622T025038
[2023-06-22T02:50:38.994+0000] {local_task_job.py:212} INFO - Task exited with return code 0
[2023-06-22T02:50:39.008+0000] {taskinstance.py:2596} INFO - 0 downstream tasks scheduled from follow-on schedule check
