[2023-06-23T02:01:33.666+0000] {taskinstance.py:1090} INFO - Dependencies all met for dep_context=non-requeueable deps ti=<TaskInstance: showpulse_dbt_dag.dbt_change_dir scheduled__2023-06-23T02:00:31.696804+00:00 [queued]>
[2023-06-23T02:01:33.672+0000] {taskinstance.py:1090} INFO - Dependencies all met for dep_context=requeueable deps ti=<TaskInstance: showpulse_dbt_dag.dbt_change_dir scheduled__2023-06-23T02:00:31.696804+00:00 [queued]>
[2023-06-23T02:01:33.673+0000] {taskinstance.py:1288} INFO - 
--------------------------------------------------------------------------------
[2023-06-23T02:01:33.674+0000] {taskinstance.py:1289} INFO - Starting attempt 1 of 1
[2023-06-23T02:01:33.674+0000] {taskinstance.py:1290} INFO - 
--------------------------------------------------------------------------------
[2023-06-23T02:01:33.682+0000] {taskinstance.py:1309} INFO - Executing <Task(BashOperator): dbt_change_dir> on 2023-06-23 02:00:31.696804+00:00
[2023-06-23T02:01:33.686+0000] {standard_task_runner.py:55} INFO - Started process 24690 to run task
[2023-06-23T02:01:33.689+0000] {standard_task_runner.py:82} INFO - Running: ['***', 'tasks', 'run', 'showpulse_dbt_dag', 'dbt_change_dir', 'scheduled__2023-06-23T02:00:31.696804+00:00', '--job-id', '2672', '--raw', '--subdir', 'DAGS_FOLDER/dbt_run.py', '--cfg-path', '/tmp/tmphohicowx']
[2023-06-23T02:01:33.690+0000] {standard_task_runner.py:83} INFO - Job 2672: Subtask dbt_change_dir
[2023-06-23T02:01:33.743+0000] {task_command.py:389} INFO - Running <TaskInstance: showpulse_dbt_dag.dbt_change_dir scheduled__2023-06-23T02:00:31.696804+00:00 [running]> on host 62cfed75eae1
[2023-06-23T02:01:33.800+0000] {taskinstance.py:1518} INFO - Exporting the following env vars:
AIRFLOW_CTX_DAG_OWNER=nburkett
AIRFLOW_CTX_DAG_ID=showpulse_dbt_dag
AIRFLOW_CTX_TASK_ID=dbt_change_dir
AIRFLOW_CTX_EXECUTION_DATE=2023-06-23T02:00:31.696804+00:00
AIRFLOW_CTX_TRY_NUMBER=1
AIRFLOW_CTX_DAG_RUN_ID=scheduled__2023-06-23T02:00:31.696804+00:00
[2023-06-23T02:01:33.801+0000] {subprocess.py:63} INFO - Tmp dir root location: 
 /tmp
[2023-06-23T02:01:33.802+0000] {subprocess.py:75} INFO - Running command: ['/bin/bash', '-c', 'cd /dbt/ticketmaster_transformation']
[2023-06-23T02:01:33.810+0000] {subprocess.py:86} INFO - Output:
[2023-06-23T02:01:33.813+0000] {subprocess.py:97} INFO - Command exited with return code 0
[2023-06-23T02:01:33.835+0000] {taskinstance.py:1332} INFO - Marking task as SUCCESS. dag_id=showpulse_dbt_dag, task_id=dbt_change_dir, execution_date=20230623T020031, start_date=20230623T020133, end_date=20230623T020133
[2023-06-23T02:01:33.862+0000] {local_task_job.py:212} INFO - Task exited with return code 0
[2023-06-23T02:01:33.884+0000] {taskinstance.py:2596} INFO - 1 downstream tasks scheduled from follow-on schedule check
