[2023-06-21T13:12:31.734+0000] {taskinstance.py:1090} INFO - Dependencies all met for dep_context=non-requeueable deps ti=<TaskInstance: showpulse_dbt_dag.dbt_run scheduled__2023-06-21T13:11:27.856261+00:00 [queued]>
[2023-06-21T13:12:31.748+0000] {taskinstance.py:1090} INFO - Dependencies all met for dep_context=requeueable deps ti=<TaskInstance: showpulse_dbt_dag.dbt_run scheduled__2023-06-21T13:11:27.856261+00:00 [queued]>
[2023-06-21T13:12:31.748+0000] {taskinstance.py:1288} INFO - 
--------------------------------------------------------------------------------
[2023-06-21T13:12:31.749+0000] {taskinstance.py:1289} INFO - Starting attempt 1 of 1
[2023-06-21T13:12:31.749+0000] {taskinstance.py:1290} INFO - 
--------------------------------------------------------------------------------
[2023-06-21T13:12:31.759+0000] {taskinstance.py:1309} INFO - Executing <Task(BashOperator): dbt_run> on 2023-06-21 13:11:27.856261+00:00
[2023-06-21T13:12:31.766+0000] {standard_task_runner.py:55} INFO - Started process 3617 to run task
[2023-06-21T13:12:31.771+0000] {standard_task_runner.py:82} INFO - Running: ['***', 'tasks', 'run', 'showpulse_dbt_dag', 'dbt_run', 'scheduled__2023-06-21T13:11:27.856261+00:00', '--job-id', '722', '--raw', '--subdir', 'DAGS_FOLDER/dbt_run.py', '--cfg-path', '/tmp/tmp5rgkziw6']
[2023-06-21T13:12:31.772+0000] {standard_task_runner.py:83} INFO - Job 722: Subtask dbt_run
[2023-06-21T13:12:31.854+0000] {task_command.py:389} INFO - Running <TaskInstance: showpulse_dbt_dag.dbt_run scheduled__2023-06-21T13:11:27.856261+00:00 [running]> on host 62cfed75eae1
[2023-06-21T13:12:31.921+0000] {taskinstance.py:1518} INFO - Exporting the following env vars:
AIRFLOW_CTX_DAG_OWNER=nburkett
AIRFLOW_CTX_DAG_ID=showpulse_dbt_dag
AIRFLOW_CTX_TASK_ID=dbt_run
AIRFLOW_CTX_EXECUTION_DATE=2023-06-21T13:11:27.856261+00:00
AIRFLOW_CTX_TRY_NUMBER=1
AIRFLOW_CTX_DAG_RUN_ID=scheduled__2023-06-21T13:11:27.856261+00:00
[2023-06-21T13:12:31.923+0000] {subprocess.py:63} INFO - Tmp dir root location: 
 /tmp
[2023-06-21T13:12:31.924+0000] {subprocess.py:75} INFO - Running command: ['/bin/bash', '-c', 'cd /dbt/ticketmaster_transformation && dbt run']
[2023-06-21T13:12:31.934+0000] {subprocess.py:86} INFO - Output:
[2023-06-21T13:12:33.322+0000] {subprocess.py:93} INFO - [0m13:12:33  Running with dbt=1.5.1
[2023-06-21T13:12:33.848+0000] {subprocess.py:93} INFO - [0m13:12:33  Found 4 models, 0 tests, 0 snapshots, 0 analyses, 356 macros, 0 operations, 0 seed files, 3 sources, 0 exposures, 0 metrics, 0 groups
[2023-06-21T13:12:33.851+0000] {subprocess.py:93} INFO - [0m13:12:33
[2023-06-21T13:12:35.481+0000] {subprocess.py:93} INFO - [0m13:12:35  Concurrency: 4 threads (target='dev')
[2023-06-21T13:12:35.485+0000] {subprocess.py:93} INFO - [0m13:12:35
[2023-06-21T13:12:35.502+0000] {subprocess.py:93} INFO - [0m13:12:35  1 of 4 START sql table model twitter_kafka_pyspark_test.distinct_data .......... [RUN]
[2023-06-21T13:12:35.504+0000] {subprocess.py:93} INFO - [0m13:12:35  2 of 4 START sql table model twitter_kafka_pyspark_test.dm_events .............. [RUN]
[2023-06-21T13:12:35.508+0000] {subprocess.py:93} INFO - [0m13:12:35  3 of 4 START sql table model twitter_kafka_pyspark_test.my_first_dbt_model ..... [RUN]
[2023-06-21T13:12:44.739+0000] {subprocess.py:93} INFO - [0m13:12:44  3 of 4 OK created sql table model twitter_kafka_pyspark_test.my_first_dbt_model  [[32mCREATE TABLE (2.0 rows, 0 processed)[0m in 9.22s]
[2023-06-21T13:12:44.747+0000] {subprocess.py:93} INFO - [0m13:12:44  4 of 4 START sql view model twitter_kafka_pyspark_test.my_second_dbt_model ..... [RUN]
[2023-06-21T13:12:45.228+0000] {subprocess.py:93} INFO - [0m13:12:45  2 of 4 OK created sql table model twitter_kafka_pyspark_test.dm_events ......... [[32mCREATE TABLE (1.3k rows, 178.2 KiB processed)[0m in 9.71s]
[2023-06-21T13:12:45.286+0000] {subprocess.py:93} INFO - [0m13:12:45  1 of 4 OK created sql table model twitter_kafka_pyspark_test.distinct_data ..... [[32mCREATE TABLE (1.1k rows, 638.3 KiB processed)[0m in 9.77s]
[2023-06-21T13:12:45.817+0000] {subprocess.py:93} INFO - [0m13:12:45  4 of 4 OK created sql view model twitter_kafka_pyspark_test.my_second_dbt_model  [[32mCREATE VIEW (0 processed)[0m in 1.07s]
[2023-06-21T13:12:45.877+0000] {subprocess.py:93} INFO - [0m13:12:45
[2023-06-21T13:12:45.879+0000] {subprocess.py:93} INFO - [0m13:12:45  Finished running 3 table models, 1 view model in 0 hours 0 minutes and 12.02 seconds (12.02s).
[2023-06-21T13:12:45.898+0000] {subprocess.py:93} INFO - [0m13:12:45
[2023-06-21T13:12:45.899+0000] {subprocess.py:93} INFO - [0m13:12:45  [32mCompleted successfully[0m
[2023-06-21T13:12:45.900+0000] {subprocess.py:93} INFO - [0m13:12:45
[2023-06-21T13:12:45.902+0000] {subprocess.py:93} INFO - [0m13:12:45  Done. PASS=4 WARN=0 ERROR=0 SKIP=0 TOTAL=4
[2023-06-21T13:14:41.657+0000] {subprocess.py:97} INFO - Command exited with return code 0
[2023-06-21T13:14:41.687+0000] {taskinstance.py:1332} INFO - Marking task as SUCCESS. dag_id=showpulse_dbt_dag, task_id=dbt_run, execution_date=20230621T131127, start_date=20230621T131231, end_date=20230621T131441
[2023-06-21T13:14:41.752+0000] {local_task_job.py:212} INFO - Task exited with return code 0
[2023-06-21T13:14:41.766+0000] {taskinstance.py:2596} INFO - 0 downstream tasks scheduled from follow-on schedule check
