[2023-06-23T01:39:35.596+0000] {taskinstance.py:1090} INFO - Dependencies all met for dep_context=non-requeueable deps ti=<TaskInstance: showpulse_dbt_dag.dbt_run scheduled__2023-06-23T01:38:31.696804+00:00 [queued]>
[2023-06-23T01:39:35.603+0000] {taskinstance.py:1090} INFO - Dependencies all met for dep_context=requeueable deps ti=<TaskInstance: showpulse_dbt_dag.dbt_run scheduled__2023-06-23T01:38:31.696804+00:00 [queued]>
[2023-06-23T01:39:35.604+0000] {taskinstance.py:1288} INFO - 
--------------------------------------------------------------------------------
[2023-06-23T01:39:35.605+0000] {taskinstance.py:1289} INFO - Starting attempt 1 of 1
[2023-06-23T01:39:35.605+0000] {taskinstance.py:1290} INFO - 
--------------------------------------------------------------------------------
[2023-06-23T01:39:35.615+0000] {taskinstance.py:1309} INFO - Executing <Task(BashOperator): dbt_run> on 2023-06-23 01:38:31.696804+00:00
[2023-06-23T01:39:35.619+0000] {standard_task_runner.py:55} INFO - Started process 23594 to run task
[2023-06-23T01:39:35.622+0000] {standard_task_runner.py:82} INFO - Running: ['***', 'tasks', 'run', 'showpulse_dbt_dag', 'dbt_run', 'scheduled__2023-06-23T01:38:31.696804+00:00', '--job-id', '2586', '--raw', '--subdir', 'DAGS_FOLDER/dbt_run.py', '--cfg-path', '/tmp/tmpoj1e3v6b']
[2023-06-23T01:39:35.623+0000] {standard_task_runner.py:83} INFO - Job 2586: Subtask dbt_run
[2023-06-23T01:39:35.682+0000] {task_command.py:389} INFO - Running <TaskInstance: showpulse_dbt_dag.dbt_run scheduled__2023-06-23T01:38:31.696804+00:00 [running]> on host 62cfed75eae1
[2023-06-23T01:39:35.738+0000] {taskinstance.py:1518} INFO - Exporting the following env vars:
AIRFLOW_CTX_DAG_OWNER=nburkett
AIRFLOW_CTX_DAG_ID=showpulse_dbt_dag
AIRFLOW_CTX_TASK_ID=dbt_run
AIRFLOW_CTX_EXECUTION_DATE=2023-06-23T01:38:31.696804+00:00
AIRFLOW_CTX_TRY_NUMBER=1
AIRFLOW_CTX_DAG_RUN_ID=scheduled__2023-06-23T01:38:31.696804+00:00
[2023-06-23T01:39:35.739+0000] {subprocess.py:63} INFO - Tmp dir root location: 
 /tmp
[2023-06-23T01:39:35.740+0000] {subprocess.py:75} INFO - Running command: ['/bin/bash', '-c', 'cd /dbt/ticketmaster_transformation && dbt run']
[2023-06-23T01:39:35.749+0000] {subprocess.py:86} INFO - Output:
[2023-06-23T01:39:37.107+0000] {subprocess.py:93} INFO - [0m01:39:37  Running with dbt=1.5.1
[2023-06-23T01:39:37.664+0000] {subprocess.py:93} INFO - [0m01:39:37  Found 4 models, 0 tests, 0 snapshots, 0 analyses, 356 macros, 0 operations, 0 seed files, 3 sources, 0 exposures, 0 metrics, 0 groups
[2023-06-23T01:39:37.668+0000] {subprocess.py:93} INFO - [0m01:39:37
[2023-06-23T01:39:38.636+0000] {subprocess.py:93} INFO - [0m01:39:38  Concurrency: 4 threads (target='dev')
[2023-06-23T01:39:38.639+0000] {subprocess.py:93} INFO - [0m01:39:38
[2023-06-23T01:39:38.655+0000] {subprocess.py:93} INFO - [0m01:39:38  1 of 4 START sql table model twitter_kafka_pyspark_test.distinct_data .......... [RUN]
[2023-06-23T01:39:38.658+0000] {subprocess.py:93} INFO - [0m01:39:38  2 of 4 START sql table model twitter_kafka_pyspark_test.dm_events .............. [RUN]
[2023-06-23T01:39:38.666+0000] {subprocess.py:93} INFO - [0m01:39:38  3 of 4 START sql table model twitter_kafka_pyspark_test.my_first_dbt_model ..... [RUN]
[2023-06-23T01:39:41.521+0000] {subprocess.py:93} INFO - [0m01:39:41  3 of 4 OK created sql table model twitter_kafka_pyspark_test.my_first_dbt_model  [[32mCREATE TABLE (2.0 rows, 0 processed)[0m in 2.84s]
[2023-06-23T01:39:41.526+0000] {subprocess.py:93} INFO - [0m01:39:41  4 of 4 START sql view model twitter_kafka_pyspark_test.my_second_dbt_model ..... [RUN]
[2023-06-23T01:39:41.719+0000] {subprocess.py:93} INFO - [0m01:39:41  2 of 4 OK created sql table model twitter_kafka_pyspark_test.dm_events ......... [[32mCREATE TABLE (0.0 rows, 0 processed)[0m in 3.06s]
[2023-06-23T01:39:41.834+0000] {subprocess.py:93} INFO - [0m01:39:41  1 of 4 OK created sql table model twitter_kafka_pyspark_test.distinct_data ..... [[32mCREATE TABLE (0.0 rows, 0 processed)[0m in 3.17s]
[2023-06-23T01:39:42.350+0000] {subprocess.py:93} INFO - [0m01:39:42  4 of 4 OK created sql view model twitter_kafka_pyspark_test.my_second_dbt_model  [[32mCREATE VIEW (0 processed)[0m in 0.82s]
[2023-06-23T01:39:42.410+0000] {subprocess.py:93} INFO - [0m01:39:42
[2023-06-23T01:39:42.411+0000] {subprocess.py:93} INFO - [0m01:39:42  Finished running 3 table models, 1 view model in 0 hours 0 minutes and 4.74 seconds (4.74s).
[2023-06-23T01:39:42.431+0000] {subprocess.py:93} INFO - [0m01:39:42
[2023-06-23T01:39:42.433+0000] {subprocess.py:93} INFO - [0m01:39:42  [32mCompleted successfully[0m
[2023-06-23T01:39:42.434+0000] {subprocess.py:93} INFO - [0m01:39:42
[2023-06-23T01:39:42.436+0000] {subprocess.py:93} INFO - [0m01:39:42  Done. PASS=4 WARN=0 ERROR=0 SKIP=0 TOTAL=4
[2023-06-23T01:39:42.839+0000] {subprocess.py:97} INFO - Command exited with return code 0
[2023-06-23T01:39:42.862+0000] {taskinstance.py:1332} INFO - Marking task as SUCCESS. dag_id=showpulse_dbt_dag, task_id=dbt_run, execution_date=20230623T013831, start_date=20230623T013935, end_date=20230623T013942
[2023-06-23T01:39:42.921+0000] {local_task_job.py:212} INFO - Task exited with return code 0
[2023-06-23T01:39:42.935+0000] {taskinstance.py:2596} INFO - 0 downstream tasks scheduled from follow-on schedule check
