[2023-06-23T00:51:35.311+0000] {taskinstance.py:1090} INFO - Dependencies all met for dep_context=non-requeueable deps ti=<TaskInstance: showpulse_dbt_dag.dbt_run scheduled__2023-06-23T00:50:30.826087+00:00 [queued]>
[2023-06-23T00:51:35.318+0000] {taskinstance.py:1090} INFO - Dependencies all met for dep_context=requeueable deps ti=<TaskInstance: showpulse_dbt_dag.dbt_run scheduled__2023-06-23T00:50:30.826087+00:00 [queued]>
[2023-06-23T00:51:35.319+0000] {taskinstance.py:1288} INFO - 
--------------------------------------------------------------------------------
[2023-06-23T00:51:35.320+0000] {taskinstance.py:1289} INFO - Starting attempt 1 of 1
[2023-06-23T00:51:35.320+0000] {taskinstance.py:1290} INFO - 
--------------------------------------------------------------------------------
[2023-06-23T00:51:35.329+0000] {taskinstance.py:1309} INFO - Executing <Task(BashOperator): dbt_run> on 2023-06-23 00:50:30.826087+00:00
[2023-06-23T00:51:35.333+0000] {standard_task_runner.py:55} INFO - Started process 21194 to run task
[2023-06-23T00:51:35.336+0000] {standard_task_runner.py:82} INFO - Running: ['***', 'tasks', 'run', 'showpulse_dbt_dag', 'dbt_run', 'scheduled__2023-06-23T00:50:30.826087+00:00', '--job-id', '2394', '--raw', '--subdir', 'DAGS_FOLDER/dbt_run.py', '--cfg-path', '/tmp/tmpblz5cq7z']
[2023-06-23T00:51:35.337+0000] {standard_task_runner.py:83} INFO - Job 2394: Subtask dbt_run
[2023-06-23T00:51:35.389+0000] {task_command.py:389} INFO - Running <TaskInstance: showpulse_dbt_dag.dbt_run scheduled__2023-06-23T00:50:30.826087+00:00 [running]> on host 62cfed75eae1
[2023-06-23T00:51:35.438+0000] {taskinstance.py:1518} INFO - Exporting the following env vars:
AIRFLOW_CTX_DAG_OWNER=nburkett
AIRFLOW_CTX_DAG_ID=showpulse_dbt_dag
AIRFLOW_CTX_TASK_ID=dbt_run
AIRFLOW_CTX_EXECUTION_DATE=2023-06-23T00:50:30.826087+00:00
AIRFLOW_CTX_TRY_NUMBER=1
AIRFLOW_CTX_DAG_RUN_ID=scheduled__2023-06-23T00:50:30.826087+00:00
[2023-06-23T00:51:35.439+0000] {subprocess.py:63} INFO - Tmp dir root location: 
 /tmp
[2023-06-23T00:51:35.440+0000] {subprocess.py:75} INFO - Running command: ['/bin/bash', '-c', 'cd /dbt/ticketmaster_transformation && dbt run']
[2023-06-23T00:51:35.449+0000] {subprocess.py:86} INFO - Output:
[2023-06-23T00:51:36.736+0000] {subprocess.py:93} INFO - [0m00:51:36  Running with dbt=1.5.1
[2023-06-23T00:51:37.298+0000] {subprocess.py:93} INFO - [0m00:51:37  Found 4 models, 0 tests, 0 snapshots, 0 analyses, 356 macros, 0 operations, 0 seed files, 3 sources, 0 exposures, 0 metrics, 0 groups
[2023-06-23T00:51:37.301+0000] {subprocess.py:93} INFO - [0m00:51:37
[2023-06-23T00:51:38.042+0000] {subprocess.py:93} INFO - [0m00:51:38  Concurrency: 4 threads (target='dev')
[2023-06-23T00:51:38.043+0000] {subprocess.py:93} INFO - [0m00:51:38
[2023-06-23T00:51:38.050+0000] {subprocess.py:93} INFO - [0m00:51:38  1 of 4 START sql table model twitter_kafka_pyspark_test.distinct_data .......... [RUN]
[2023-06-23T00:51:38.051+0000] {subprocess.py:93} INFO - [0m00:51:38  2 of 4 START sql table model twitter_kafka_pyspark_test.dm_events .............. [RUN]
[2023-06-23T00:51:38.053+0000] {subprocess.py:93} INFO - [0m00:51:38  3 of 4 START sql table model twitter_kafka_pyspark_test.my_first_dbt_model ..... [RUN]
[2023-06-23T00:51:40.685+0000] {subprocess.py:93} INFO - [0m00:51:40  3 of 4 OK created sql table model twitter_kafka_pyspark_test.my_first_dbt_model  [[32mCREATE TABLE (2.0 rows, 0 processed)[0m in 2.62s]
[2023-06-23T00:51:40.693+0000] {subprocess.py:93} INFO - [0m00:51:40  4 of 4 START sql view model twitter_kafka_pyspark_test.my_second_dbt_model ..... [RUN]
[2023-06-23T00:51:40.826+0000] {subprocess.py:93} INFO - [0m00:51:40  1 of 4 OK created sql table model twitter_kafka_pyspark_test.distinct_data ..... [[32mCREATE TABLE (1.1k rows, 638.3 KiB processed)[0m in 2.77s]
[2023-06-23T00:51:40.913+0000] {subprocess.py:93} INFO - [0m00:51:40  2 of 4 OK created sql table model twitter_kafka_pyspark_test.dm_events ......... [[32mCREATE TABLE (1.3k rows, 178.2 KiB processed)[0m in 2.85s]
[2023-06-23T00:51:41.581+0000] {subprocess.py:93} INFO - [0m00:51:41  4 of 4 OK created sql view model twitter_kafka_pyspark_test.my_second_dbt_model  [[32mCREATE VIEW (0 processed)[0m in 0.88s]
[2023-06-23T00:51:41.622+0000] {subprocess.py:93} INFO - [0m00:51:41
[2023-06-23T00:51:41.624+0000] {subprocess.py:93} INFO - [0m00:51:41  Finished running 3 table models, 1 view model in 0 hours 0 minutes and 4.32 seconds (4.32s).
[2023-06-23T00:51:41.656+0000] {subprocess.py:93} INFO - [0m00:51:41
[2023-06-23T00:51:41.658+0000] {subprocess.py:93} INFO - [0m00:51:41  [32mCompleted successfully[0m
[2023-06-23T00:51:41.659+0000] {subprocess.py:93} INFO - [0m00:51:41
[2023-06-23T00:51:41.661+0000] {subprocess.py:93} INFO - [0m00:51:41  Done. PASS=4 WARN=0 ERROR=0 SKIP=0 TOTAL=4
[2023-06-23T00:51:42.183+0000] {subprocess.py:97} INFO - Command exited with return code 0
[2023-06-23T00:51:42.217+0000] {taskinstance.py:1332} INFO - Marking task as SUCCESS. dag_id=showpulse_dbt_dag, task_id=dbt_run, execution_date=20230623T005030, start_date=20230623T005135, end_date=20230623T005142
[2023-06-23T00:51:42.276+0000] {local_task_job.py:212} INFO - Task exited with return code 0
[2023-06-23T00:51:42.320+0000] {taskinstance.py:2596} INFO - 0 downstream tasks scheduled from follow-on schedule check
