[2023-06-21T01:11:01.416+0000] {taskinstance.py:1090} INFO - Dependencies all met for dep_context=non-requeueable deps ti=<TaskInstance: showpulse_dbt_dag.dbt_run scheduled__2023-06-21T01:09:56.893977+00:00 [queued]>
[2023-06-21T01:11:01.422+0000] {taskinstance.py:1090} INFO - Dependencies all met for dep_context=requeueable deps ti=<TaskInstance: showpulse_dbt_dag.dbt_run scheduled__2023-06-21T01:09:56.893977+00:00 [queued]>
[2023-06-21T01:11:01.422+0000] {taskinstance.py:1288} INFO - 
--------------------------------------------------------------------------------
[2023-06-21T01:11:01.423+0000] {taskinstance.py:1289} INFO - Starting attempt 1 of 1
[2023-06-21T01:11:01.423+0000] {taskinstance.py:1290} INFO - 
--------------------------------------------------------------------------------
[2023-06-21T01:11:01.430+0000] {taskinstance.py:1309} INFO - Executing <Task(BashOperator): dbt_run> on 2023-06-21 01:09:56.893977+00:00
[2023-06-21T01:11:01.434+0000] {standard_task_runner.py:55} INFO - Started process 1914 to run task
[2023-06-21T01:11:01.437+0000] {standard_task_runner.py:82} INFO - Running: ['***', 'tasks', 'run', 'showpulse_dbt_dag', 'dbt_run', 'scheduled__2023-06-21T01:09:56.893977+00:00', '--job-id', '534', '--raw', '--subdir', 'DAGS_FOLDER/dbt_run.py', '--cfg-path', '/tmp/tmpb2fem47e']
[2023-06-21T01:11:01.438+0000] {standard_task_runner.py:83} INFO - Job 534: Subtask dbt_run
[2023-06-21T01:11:01.491+0000] {task_command.py:389} INFO - Running <TaskInstance: showpulse_dbt_dag.dbt_run scheduled__2023-06-21T01:09:56.893977+00:00 [running]> on host 62cfed75eae1
[2023-06-21T01:11:01.541+0000] {taskinstance.py:1518} INFO - Exporting the following env vars:
AIRFLOW_CTX_DAG_OWNER=nburkett
AIRFLOW_CTX_DAG_ID=showpulse_dbt_dag
AIRFLOW_CTX_TASK_ID=dbt_run
AIRFLOW_CTX_EXECUTION_DATE=2023-06-21T01:09:56.893977+00:00
AIRFLOW_CTX_TRY_NUMBER=1
AIRFLOW_CTX_DAG_RUN_ID=scheduled__2023-06-21T01:09:56.893977+00:00
[2023-06-21T01:11:01.542+0000] {subprocess.py:63} INFO - Tmp dir root location: 
 /tmp
[2023-06-21T01:11:01.543+0000] {subprocess.py:75} INFO - Running command: ['/bin/bash', '-c', 'cd /dbt/ticketmaster_transformation && dbt run']
[2023-06-21T01:11:01.551+0000] {subprocess.py:86} INFO - Output:
[2023-06-21T01:11:02.858+0000] {subprocess.py:93} INFO - [0m01:11:02  Running with dbt=1.5.1
[2023-06-21T01:11:03.354+0000] {subprocess.py:93} INFO - [0m01:11:03  Found 4 models, 0 tests, 0 snapshots, 0 analyses, 356 macros, 0 operations, 0 seed files, 3 sources, 0 exposures, 0 metrics, 0 groups
[2023-06-21T01:11:03.357+0000] {subprocess.py:93} INFO - [0m01:11:03
[2023-06-21T01:11:04.168+0000] {subprocess.py:93} INFO - [0m01:11:04  Concurrency: 4 threads (target='dev')
[2023-06-21T01:11:04.171+0000] {subprocess.py:93} INFO - [0m01:11:04
[2023-06-21T01:11:04.187+0000] {subprocess.py:93} INFO - [0m01:11:04  1 of 4 START sql table model twitter_kafka_pyspark_test.distinct_data .......... [RUN]
[2023-06-21T01:11:04.190+0000] {subprocess.py:93} INFO - [0m01:11:04  2 of 4 START sql table model twitter_kafka_pyspark_test.dm_events .............. [RUN]
[2023-06-21T01:11:04.192+0000] {subprocess.py:93} INFO - [0m01:11:04  3 of 4 START sql table model twitter_kafka_pyspark_test.my_first_dbt_model ..... [RUN]
[2023-06-21T01:11:08.260+0000] {subprocess.py:93} INFO - [0m01:11:08  2 of 4 OK created sql table model twitter_kafka_pyspark_test.dm_events ......... [[32mCREATE TABLE (1.3k rows, 178.2 KiB processed)[0m in 4.06s]
[2023-06-21T01:11:08.339+0000] {subprocess.py:93} INFO - [0m01:11:08  1 of 4 OK created sql table model twitter_kafka_pyspark_test.distinct_data ..... [[32mCREATE TABLE (1.1k rows, 638.3 KiB processed)[0m in 4.14s]
[2023-06-21T01:11:09.189+0000] {subprocess.py:93} INFO - [0m01:11:09  3 of 4 OK created sql table model twitter_kafka_pyspark_test.my_first_dbt_model  [[32mCREATE TABLE (2.0 rows, 0 processed)[0m in 4.99s]
[2023-06-21T01:11:09.193+0000] {subprocess.py:93} INFO - [0m01:11:09  4 of 4 START sql view model twitter_kafka_pyspark_test.my_second_dbt_model ..... [RUN]
[2023-06-21T01:11:10.249+0000] {subprocess.py:93} INFO - [0m01:11:10  4 of 4 OK created sql view model twitter_kafka_pyspark_test.my_second_dbt_model  [[32mCREATE VIEW (0 processed)[0m in 1.05s]
[2023-06-21T01:11:10.291+0000] {subprocess.py:93} INFO - [0m01:11:10
[2023-06-21T01:11:10.293+0000] {subprocess.py:93} INFO - [0m01:11:10  Finished running 3 table models, 1 view model in 0 hours 0 minutes and 6.93 seconds (6.93s).
[2023-06-21T01:11:10.321+0000] {subprocess.py:93} INFO - [0m01:11:10
[2023-06-21T01:11:10.322+0000] {subprocess.py:93} INFO - [0m01:11:10  [32mCompleted successfully[0m
[2023-06-21T01:11:10.324+0000] {subprocess.py:93} INFO - [0m01:11:10
[2023-06-21T01:11:10.326+0000] {subprocess.py:93} INFO - [0m01:11:10  Done. PASS=4 WARN=0 ERROR=0 SKIP=0 TOTAL=4
[2023-06-21T01:11:10.797+0000] {subprocess.py:97} INFO - Command exited with return code 0
[2023-06-21T01:11:10.820+0000] {taskinstance.py:1332} INFO - Marking task as SUCCESS. dag_id=showpulse_dbt_dag, task_id=dbt_run, execution_date=20230621T010956, start_date=20230621T011101, end_date=20230621T011110
[2023-06-21T01:11:10.853+0000] {local_task_job.py:212} INFO - Task exited with return code 0
[2023-06-21T01:11:10.867+0000] {taskinstance.py:2596} INFO - 0 downstream tasks scheduled from follow-on schedule check
