[2023-06-21T18:54:51.668+0000] {taskinstance.py:1090} INFO - Dependencies all met for dep_context=non-requeueable deps ti=<TaskInstance: showpulse_dbt_dag.pwd1 scheduled__2023-06-21T18:43:16.690604+00:00 [queued]>
[2023-06-21T18:54:51.683+0000] {taskinstance.py:1090} INFO - Dependencies all met for dep_context=requeueable deps ti=<TaskInstance: showpulse_dbt_dag.pwd1 scheduled__2023-06-21T18:43:16.690604+00:00 [queued]>
[2023-06-21T18:54:51.684+0000] {taskinstance.py:1288} INFO - 
--------------------------------------------------------------------------------
[2023-06-21T18:54:51.685+0000] {taskinstance.py:1289} INFO - Starting attempt 1 of 1
[2023-06-21T18:54:51.685+0000] {taskinstance.py:1290} INFO - 
--------------------------------------------------------------------------------
[2023-06-21T18:54:51.701+0000] {taskinstance.py:1309} INFO - Executing <Task(BashOperator): pwd1> on 2023-06-21 18:43:16.690604+00:00
[2023-06-21T18:54:51.712+0000] {standard_task_runner.py:82} INFO - Running: ['***', 'tasks', 'run', 'showpulse_dbt_dag', 'pwd1', 'scheduled__2023-06-21T18:43:16.690604+00:00', '--job-id', '919', '--raw', '--subdir', 'DAGS_FOLDER/dbt_run.py', '--cfg-path', '/tmp/tmporrpx369']
[2023-06-21T18:54:51.709+0000] {standard_task_runner.py:55} INFO - Started process 5438 to run task
[2023-06-21T18:54:51.715+0000] {standard_task_runner.py:83} INFO - Job 919: Subtask pwd1
[2023-06-21T18:54:51.809+0000] {task_command.py:389} INFO - Running <TaskInstance: showpulse_dbt_dag.pwd1 scheduled__2023-06-21T18:43:16.690604+00:00 [running]> on host 62cfed75eae1
[2023-06-21T18:54:51.936+0000] {taskinstance.py:1518} INFO - Exporting the following env vars:
AIRFLOW_CTX_DAG_OWNER=nburkett
AIRFLOW_CTX_DAG_ID=showpulse_dbt_dag
AIRFLOW_CTX_TASK_ID=pwd1
AIRFLOW_CTX_EXECUTION_DATE=2023-06-21T18:43:16.690604+00:00
AIRFLOW_CTX_TRY_NUMBER=1
AIRFLOW_CTX_DAG_RUN_ID=scheduled__2023-06-21T18:43:16.690604+00:00
[2023-06-21T18:54:51.950+0000] {subprocess.py:63} INFO - Tmp dir root location: 
 /tmp
[2023-06-21T18:54:51.952+0000] {subprocess.py:75} INFO - Running command: ['/bin/bash', '-c', 'pwd && ls']
[2023-06-21T18:54:51.976+0000] {subprocess.py:86} INFO - Output:
[2023-06-21T18:54:51.979+0000] {subprocess.py:93} INFO - /tmp/***tmpaq0lv7rk
[2023-06-21T18:54:51.987+0000] {subprocess.py:97} INFO - Command exited with return code 0
[2023-06-21T18:54:52.032+0000] {taskinstance.py:1332} INFO - Marking task as SUCCESS. dag_id=showpulse_dbt_dag, task_id=pwd1, execution_date=20230621T184316, start_date=20230621T185451, end_date=20230621T185452
[2023-06-21T18:54:52.091+0000] {local_task_job.py:212} INFO - Task exited with return code 0
[2023-06-21T18:54:52.124+0000] {taskinstance.py:2596} INFO - 0 downstream tasks scheduled from follow-on schedule check
