[2023-06-22T20:58:39.685+0000] {taskinstance.py:1090} INFO - Dependencies all met for dep_context=non-requeueable deps ti=<TaskInstance: showpulse_dbt_dag.dbt_run scheduled__2023-06-22T20:51:25.498870+00:00 [queued]>
[2023-06-22T20:58:39.692+0000] {taskinstance.py:1090} INFO - Dependencies all met for dep_context=requeueable deps ti=<TaskInstance: showpulse_dbt_dag.dbt_run scheduled__2023-06-22T20:51:25.498870+00:00 [queued]>
[2023-06-22T20:58:39.693+0000] {taskinstance.py:1288} INFO - 
--------------------------------------------------------------------------------
[2023-06-22T20:58:39.693+0000] {taskinstance.py:1289} INFO - Starting attempt 1 of 1
[2023-06-22T20:58:39.693+0000] {taskinstance.py:1290} INFO - 
--------------------------------------------------------------------------------
[2023-06-22T20:58:39.701+0000] {taskinstance.py:1309} INFO - Executing <Task(BashOperator): dbt_run> on 2023-06-22 20:51:25.498870+00:00
[2023-06-22T20:58:39.705+0000] {standard_task_runner.py:55} INFO - Started process 18255 to run task
[2023-06-22T20:58:39.708+0000] {standard_task_runner.py:82} INFO - Running: ['***', 'tasks', 'run', 'showpulse_dbt_dag', 'dbt_run', 'scheduled__2023-06-22T20:51:25.498870+00:00', '--job-id', '2110', '--raw', '--subdir', 'DAGS_FOLDER/dbt_run.py', '--cfg-path', '/tmp/tmpcpd6q_i2']
[2023-06-22T20:58:39.709+0000] {standard_task_runner.py:83} INFO - Job 2110: Subtask dbt_run
[2023-06-22T20:58:39.763+0000] {task_command.py:389} INFO - Running <TaskInstance: showpulse_dbt_dag.dbt_run scheduled__2023-06-22T20:51:25.498870+00:00 [running]> on host 62cfed75eae1
[2023-06-22T20:58:39.813+0000] {taskinstance.py:1518} INFO - Exporting the following env vars:
AIRFLOW_CTX_DAG_OWNER=nburkett
AIRFLOW_CTX_DAG_ID=showpulse_dbt_dag
AIRFLOW_CTX_TASK_ID=dbt_run
AIRFLOW_CTX_EXECUTION_DATE=2023-06-22T20:51:25.498870+00:00
AIRFLOW_CTX_TRY_NUMBER=1
AIRFLOW_CTX_DAG_RUN_ID=scheduled__2023-06-22T20:51:25.498870+00:00
[2023-06-22T20:58:39.814+0000] {subprocess.py:63} INFO - Tmp dir root location: 
 /tmp
[2023-06-22T20:58:39.815+0000] {subprocess.py:75} INFO - Running command: ['/bin/bash', '-c', 'cd /dbt/ticketmaster_transformation && dbt run']
[2023-06-22T20:58:39.823+0000] {subprocess.py:86} INFO - Output:
[2023-06-22T20:58:41.136+0000] {subprocess.py:93} INFO - [0m20:58:41  Running with dbt=1.5.1
[2023-06-22T20:58:41.627+0000] {subprocess.py:93} INFO - [0m20:58:41  Found 4 models, 0 tests, 0 snapshots, 0 analyses, 356 macros, 0 operations, 0 seed files, 3 sources, 0 exposures, 0 metrics, 0 groups
[2023-06-22T20:58:41.631+0000] {subprocess.py:93} INFO - [0m20:58:41
[2023-06-22T20:58:42.360+0000] {subprocess.py:93} INFO - [0m20:58:42  Concurrency: 4 threads (target='dev')
[2023-06-22T20:58:42.364+0000] {subprocess.py:93} INFO - [0m20:58:42
[2023-06-22T20:58:42.382+0000] {subprocess.py:93} INFO - [0m20:58:42  1 of 4 START sql table model twitter_kafka_pyspark_test.distinct_data .......... [RUN]
[2023-06-22T20:58:42.384+0000] {subprocess.py:93} INFO - [0m20:58:42  2 of 4 START sql table model twitter_kafka_pyspark_test.dm_events .............. [RUN]
[2023-06-22T20:58:42.387+0000] {subprocess.py:93} INFO - [0m20:58:42  3 of 4 START sql table model twitter_kafka_pyspark_test.my_first_dbt_model ..... [RUN]
[2023-06-22T20:58:45.026+0000] {subprocess.py:93} INFO - [0m20:58:45  2 of 4 OK created sql table model twitter_kafka_pyspark_test.dm_events ......... [[32mCREATE TABLE (1.3k rows, 178.2 KiB processed)[0m in 2.63s]
[2023-06-22T20:58:45.028+0000] {subprocess.py:93} INFO - [0m20:58:45  3 of 4 OK created sql table model twitter_kafka_pyspark_test.my_first_dbt_model  [[32mCREATE TABLE (2.0 rows, 0 processed)[0m in 2.63s]
[2023-06-22T20:58:45.034+0000] {subprocess.py:93} INFO - [0m20:58:45  4 of 4 START sql view model twitter_kafka_pyspark_test.my_second_dbt_model ..... [RUN]
[2023-06-22T21:01:55.567+0000] {subprocess.py:93} INFO - [0m21:01:55  1 of 4 OK created sql table model twitter_kafka_pyspark_test.distinct_data ..... [[32mCREATE TABLE (1.1k rows, 638.3 KiB processed)[0m in 193.17s]
[2023-06-22T21:01:56.570+0000] {subprocess.py:93} INFO - [0m21:01:56  4 of 4 OK created sql view model twitter_kafka_pyspark_test.my_second_dbt_model  [[32mCREATE VIEW (0 processed)[0m in 191.53s]
[2023-06-22T21:01:56.605+0000] {subprocess.py:93} INFO - [0m21:01:56
[2023-06-22T21:01:56.608+0000] {subprocess.py:93} INFO - [0m21:01:56  Finished running 3 table models, 1 view model in 0 hours 3 minutes and 14.97 seconds (194.97s).
[2023-06-22T21:01:56.648+0000] {subprocess.py:93} INFO - [0m21:01:56
[2023-06-22T21:01:56.650+0000] {subprocess.py:93} INFO - [0m21:01:56  [32mCompleted successfully[0m
[2023-06-22T21:01:56.651+0000] {subprocess.py:93} INFO - [0m21:01:56
[2023-06-22T21:01:56.652+0000] {subprocess.py:93} INFO - [0m21:01:56  Done. PASS=4 WARN=0 ERROR=0 SKIP=0 TOTAL=4
[2023-06-22T21:01:57.168+0000] {subprocess.py:97} INFO - Command exited with return code 0
[2023-06-22T21:01:57.230+0000] {taskinstance.py:1332} INFO - Marking task as SUCCESS. dag_id=showpulse_dbt_dag, task_id=dbt_run, execution_date=20230622T205125, start_date=20230622T205839, end_date=20230622T210157
[2023-06-22T21:01:57.274+0000] {local_task_job.py:212} INFO - Task exited with return code 0
[2023-06-22T21:01:57.295+0000] {taskinstance.py:2596} INFO - 0 downstream tasks scheduled from follow-on schedule check
