[2023-06-22T21:08:05.757+0000] {taskinstance.py:1090} INFO - Dependencies all met for dep_context=non-requeueable deps ti=<TaskInstance: showpulse_dbt_dag.dbt_run scheduled__2023-06-22T21:06:26.579530+00:00 [queued]>
[2023-06-22T21:08:05.766+0000] {taskinstance.py:1090} INFO - Dependencies all met for dep_context=requeueable deps ti=<TaskInstance: showpulse_dbt_dag.dbt_run scheduled__2023-06-22T21:06:26.579530+00:00 [queued]>
[2023-06-22T21:08:05.766+0000] {taskinstance.py:1288} INFO - 
--------------------------------------------------------------------------------
[2023-06-22T21:08:05.766+0000] {taskinstance.py:1289} INFO - Starting attempt 1 of 1
[2023-06-22T21:08:05.767+0000] {taskinstance.py:1290} INFO - 
--------------------------------------------------------------------------------
[2023-06-22T21:08:05.775+0000] {taskinstance.py:1309} INFO - Executing <Task(BashOperator): dbt_run> on 2023-06-22 21:06:26.579530+00:00
[2023-06-22T21:08:05.780+0000] {standard_task_runner.py:55} INFO - Started process 18490 to run task
[2023-06-22T21:08:05.784+0000] {standard_task_runner.py:82} INFO - Running: ['***', 'tasks', 'run', 'showpulse_dbt_dag', 'dbt_run', 'scheduled__2023-06-22T21:06:26.579530+00:00', '--job-id', '2134', '--raw', '--subdir', 'DAGS_FOLDER/dbt_run.py', '--cfg-path', '/tmp/tmpb0dnzwfw']
[2023-06-22T21:08:05.785+0000] {standard_task_runner.py:83} INFO - Job 2134: Subtask dbt_run
[2023-06-22T21:08:05.854+0000] {task_command.py:389} INFO - Running <TaskInstance: showpulse_dbt_dag.dbt_run scheduled__2023-06-22T21:06:26.579530+00:00 [running]> on host 62cfed75eae1
[2023-06-22T21:08:05.908+0000] {taskinstance.py:1518} INFO - Exporting the following env vars:
AIRFLOW_CTX_DAG_OWNER=nburkett
AIRFLOW_CTX_DAG_ID=showpulse_dbt_dag
AIRFLOW_CTX_TASK_ID=dbt_run
AIRFLOW_CTX_EXECUTION_DATE=2023-06-22T21:06:26.579530+00:00
AIRFLOW_CTX_TRY_NUMBER=1
AIRFLOW_CTX_DAG_RUN_ID=scheduled__2023-06-22T21:06:26.579530+00:00
[2023-06-22T21:08:05.910+0000] {subprocess.py:63} INFO - Tmp dir root location: 
 /tmp
[2023-06-22T21:08:05.911+0000] {subprocess.py:75} INFO - Running command: ['/bin/bash', '-c', 'cd /dbt/ticketmaster_transformation && dbt run']
[2023-06-22T21:08:05.921+0000] {subprocess.py:86} INFO - Output:
[2023-06-22T21:08:07.641+0000] {subprocess.py:93} INFO - [0m21:08:07  Running with dbt=1.5.1
[2023-06-22T21:08:08.235+0000] {subprocess.py:93} INFO - [0m21:08:08  Found 4 models, 0 tests, 0 snapshots, 0 analyses, 356 macros, 0 operations, 0 seed files, 3 sources, 0 exposures, 0 metrics, 0 groups
[2023-06-22T21:08:08.238+0000] {subprocess.py:93} INFO - [0m21:08:08
[2023-06-22T21:08:08.902+0000] {subprocess.py:93} INFO - [0m21:08:08  Concurrency: 4 threads (target='dev')
[2023-06-22T21:08:08.905+0000] {subprocess.py:93} INFO - [0m21:08:08
[2023-06-22T21:08:08.920+0000] {subprocess.py:93} INFO - [0m21:08:08  1 of 4 START sql table model twitter_kafka_pyspark_test.distinct_data .......... [RUN]
[2023-06-22T21:08:08.922+0000] {subprocess.py:93} INFO - [0m21:08:08  2 of 4 START sql table model twitter_kafka_pyspark_test.dm_events .............. [RUN]
[2023-06-22T21:08:08.924+0000] {subprocess.py:93} INFO - [0m21:08:08  3 of 4 START sql table model twitter_kafka_pyspark_test.my_first_dbt_model ..... [RUN]
[2023-06-22T21:08:11.700+0000] {subprocess.py:93} INFO - [0m21:08:11  3 of 4 OK created sql table model twitter_kafka_pyspark_test.my_first_dbt_model  [[32mCREATE TABLE (2.0 rows, 0 processed)[0m in 2.77s]
[2023-06-22T21:08:11.707+0000] {subprocess.py:93} INFO - [0m21:08:11  4 of 4 START sql view model twitter_kafka_pyspark_test.my_second_dbt_model ..... [RUN]
[2023-06-22T21:08:11.812+0000] {subprocess.py:93} INFO - [0m21:08:11  2 of 4 OK created sql table model twitter_kafka_pyspark_test.dm_events ......... [[32mCREATE TABLE (1.3k rows, 178.2 KiB processed)[0m in 2.88s]
[2023-06-22T21:08:12.681+0000] {subprocess.py:93} INFO - [0m21:08:12  4 of 4 OK created sql view model twitter_kafka_pyspark_test.my_second_dbt_model  [[32mCREATE VIEW (0 processed)[0m in 0.97s]
[2023-06-22T21:08:12.737+0000] {subprocess.py:93} INFO - [0m21:08:12  1 of 4 OK created sql table model twitter_kafka_pyspark_test.distinct_data ..... [[32mCREATE TABLE (1.1k rows, 638.3 KiB processed)[0m in 3.81s]
[2023-06-22T21:08:12.840+0000] {subprocess.py:93} INFO - [0m21:08:12
[2023-06-22T21:08:12.843+0000] {subprocess.py:93} INFO - [0m21:08:12  Finished running 3 table models, 1 view model in 0 hours 0 minutes and 4.60 seconds (4.60s).
[2023-06-22T21:08:12.878+0000] {subprocess.py:93} INFO - [0m21:08:12
[2023-06-22T21:08:12.879+0000] {subprocess.py:93} INFO - [0m21:08:12  [32mCompleted successfully[0m
[2023-06-22T21:08:12.880+0000] {subprocess.py:93} INFO - [0m21:08:12
[2023-06-22T21:08:12.882+0000] {subprocess.py:93} INFO - [0m21:08:12  Done. PASS=4 WARN=0 ERROR=0 SKIP=0 TOTAL=4
[2023-06-22T21:08:13.313+0000] {subprocess.py:97} INFO - Command exited with return code 0
[2023-06-22T21:08:13.338+0000] {taskinstance.py:1332} INFO - Marking task as SUCCESS. dag_id=showpulse_dbt_dag, task_id=dbt_run, execution_date=20230622T210626, start_date=20230622T210805, end_date=20230622T210813
[2023-06-22T21:08:13.389+0000] {local_task_job.py:212} INFO - Task exited with return code 0
[2023-06-22T21:08:13.404+0000] {taskinstance.py:2596} INFO - 0 downstream tasks scheduled from follow-on schedule check
