[2023-06-22T22:44:45.564+0000] {taskinstance.py:1090} INFO - Dependencies all met for dep_context=non-requeueable deps ti=<TaskInstance: showpulse_dbt_dag.pwd2 scheduled__2023-06-22T22:24:44.612677+00:00 [queued]>
[2023-06-22T22:44:45.570+0000] {taskinstance.py:1090} INFO - Dependencies all met for dep_context=requeueable deps ti=<TaskInstance: showpulse_dbt_dag.pwd2 scheduled__2023-06-22T22:24:44.612677+00:00 [queued]>
[2023-06-22T22:44:45.571+0000] {taskinstance.py:1288} INFO - 
--------------------------------------------------------------------------------
[2023-06-22T22:44:45.571+0000] {taskinstance.py:1289} INFO - Starting attempt 1 of 1
[2023-06-22T22:44:45.572+0000] {taskinstance.py:1290} INFO - 
--------------------------------------------------------------------------------
[2023-06-22T22:44:45.580+0000] {taskinstance.py:1309} INFO - Executing <Task(BashOperator): pwd2> on 2023-06-22 22:24:44.612677+00:00
[2023-06-22T22:44:45.583+0000] {standard_task_runner.py:55} INFO - Started process 18845 to run task
[2023-06-22T22:44:45.586+0000] {standard_task_runner.py:82} INFO - Running: ['***', 'tasks', 'run', 'showpulse_dbt_dag', 'pwd2', 'scheduled__2023-06-22T22:24:44.612677+00:00', '--job-id', '2173', '--raw', '--subdir', 'DAGS_FOLDER/dbt_run.py', '--cfg-path', '/tmp/tmp47nr3w72']
[2023-06-22T22:44:45.587+0000] {standard_task_runner.py:83} INFO - Job 2173: Subtask pwd2
[2023-06-22T22:44:45.639+0000] {task_command.py:389} INFO - Running <TaskInstance: showpulse_dbt_dag.pwd2 scheduled__2023-06-22T22:24:44.612677+00:00 [running]> on host 62cfed75eae1
[2023-06-22T22:44:45.689+0000] {taskinstance.py:1518} INFO - Exporting the following env vars:
AIRFLOW_CTX_DAG_OWNER=nburkett
AIRFLOW_CTX_DAG_ID=showpulse_dbt_dag
AIRFLOW_CTX_TASK_ID=pwd2
AIRFLOW_CTX_EXECUTION_DATE=2023-06-22T22:24:44.612677+00:00
AIRFLOW_CTX_TRY_NUMBER=1
AIRFLOW_CTX_DAG_RUN_ID=scheduled__2023-06-22T22:24:44.612677+00:00
[2023-06-22T22:44:45.691+0000] {subprocess.py:63} INFO - Tmp dir root location: 
 /tmp
[2023-06-22T22:44:45.692+0000] {subprocess.py:75} INFO - Running command: ['/bin/bash', '-c', 'cd /dbt/ticketmaster_transformation && pwd && ls']
[2023-06-22T22:44:45.701+0000] {subprocess.py:86} INFO - Output:
[2023-06-22T22:44:45.703+0000] {subprocess.py:93} INFO - /dbt/ticketmaster_transformation
[2023-06-22T22:44:45.705+0000] {subprocess.py:93} INFO - README.md
[2023-06-22T22:44:45.706+0000] {subprocess.py:93} INFO - analyses
[2023-06-22T22:44:45.706+0000] {subprocess.py:93} INFO - dbt_packages
[2023-06-22T22:44:45.706+0000] {subprocess.py:93} INFO - dbt_project.yml
[2023-06-22T22:44:45.707+0000] {subprocess.py:93} INFO - logs
[2023-06-22T22:44:45.707+0000] {subprocess.py:93} INFO - macros
[2023-06-22T22:44:45.708+0000] {subprocess.py:93} INFO - models
[2023-06-22T22:44:45.708+0000] {subprocess.py:93} INFO - profiles.yml
[2023-06-22T22:44:45.709+0000] {subprocess.py:93} INFO - seeds
[2023-06-22T22:44:45.709+0000] {subprocess.py:93} INFO - snapshots
[2023-06-22T22:44:45.710+0000] {subprocess.py:93} INFO - target
[2023-06-22T22:44:45.710+0000] {subprocess.py:93} INFO - tests
[2023-06-22T22:44:45.710+0000] {subprocess.py:97} INFO - Command exited with return code 0
[2023-06-22T22:44:45.731+0000] {taskinstance.py:1332} INFO - Marking task as SUCCESS. dag_id=showpulse_dbt_dag, task_id=pwd2, execution_date=20230622T222444, start_date=20230622T224445, end_date=20230622T224445
[2023-06-22T22:44:45.759+0000] {local_task_job.py:212} INFO - Task exited with return code 0
[2023-06-22T22:44:45.778+0000] {taskinstance.py:2596} INFO - 1 downstream tasks scheduled from follow-on schedule check
