[2023-06-22T22:12:15.027+0000] {taskinstance.py:1090} INFO - Dependencies all met for dep_context=non-requeueable deps ti=<TaskInstance: showpulse_dbt_dag.dbt_run scheduled__2023-06-22T21:47:52.595317+00:00 [queued]>
[2023-06-22T22:12:15.034+0000] {taskinstance.py:1090} INFO - Dependencies all met for dep_context=requeueable deps ti=<TaskInstance: showpulse_dbt_dag.dbt_run scheduled__2023-06-22T21:47:52.595317+00:00 [queued]>
[2023-06-22T22:12:15.035+0000] {taskinstance.py:1288} INFO - 
--------------------------------------------------------------------------------
[2023-06-22T22:12:15.036+0000] {taskinstance.py:1289} INFO - Starting attempt 1 of 1
[2023-06-22T22:12:15.037+0000] {taskinstance.py:1290} INFO - 
--------------------------------------------------------------------------------
[2023-06-22T22:12:15.049+0000] {taskinstance.py:1309} INFO - Executing <Task(BashOperator): dbt_run> on 2023-06-22 21:47:52.595317+00:00
[2023-06-22T22:12:15.054+0000] {standard_task_runner.py:55} INFO - Started process 18750 to run task
[2023-06-22T22:12:15.061+0000] {standard_task_runner.py:82} INFO - Running: ['***', 'tasks', 'run', 'showpulse_dbt_dag', 'dbt_run', 'scheduled__2023-06-22T21:47:52.595317+00:00', '--job-id', '2162', '--raw', '--subdir', 'DAGS_FOLDER/dbt_run.py', '--cfg-path', '/tmp/tmpr8wdiv_9']
[2023-06-22T22:12:15.062+0000] {standard_task_runner.py:83} INFO - Job 2162: Subtask dbt_run
[2023-06-22T22:12:15.132+0000] {task_command.py:389} INFO - Running <TaskInstance: showpulse_dbt_dag.dbt_run scheduled__2023-06-22T21:47:52.595317+00:00 [running]> on host 62cfed75eae1
[2023-06-22T22:12:15.198+0000] {taskinstance.py:1518} INFO - Exporting the following env vars:
AIRFLOW_CTX_DAG_OWNER=nburkett
AIRFLOW_CTX_DAG_ID=showpulse_dbt_dag
AIRFLOW_CTX_TASK_ID=dbt_run
AIRFLOW_CTX_EXECUTION_DATE=2023-06-22T21:47:52.595317+00:00
AIRFLOW_CTX_TRY_NUMBER=1
AIRFLOW_CTX_DAG_RUN_ID=scheduled__2023-06-22T21:47:52.595317+00:00
[2023-06-22T22:12:15.200+0000] {subprocess.py:63} INFO - Tmp dir root location: 
 /tmp
[2023-06-22T22:12:15.200+0000] {subprocess.py:75} INFO - Running command: ['/bin/bash', '-c', 'cd /dbt/ticketmaster_transformation && dbt run']
[2023-06-22T22:12:15.211+0000] {subprocess.py:86} INFO - Output:
[2023-06-22T22:12:16.595+0000] {subprocess.py:93} INFO - [0m22:12:16  Running with dbt=1.5.1
[2023-06-22T22:12:17.080+0000] {subprocess.py:93} INFO - [0m22:12:17  Found 4 models, 0 tests, 0 snapshots, 0 analyses, 356 macros, 0 operations, 0 seed files, 3 sources, 0 exposures, 0 metrics, 0 groups
[2023-06-22T22:12:17.083+0000] {subprocess.py:93} INFO - [0m22:12:17
[2023-06-22T22:12:17.933+0000] {subprocess.py:93} INFO - [0m22:12:17  Concurrency: 4 threads (target='dev')
[2023-06-22T22:12:17.936+0000] {subprocess.py:93} INFO - [0m22:12:17
[2023-06-22T22:12:17.945+0000] {subprocess.py:93} INFO - [0m22:12:17  1 of 4 START sql table model twitter_kafka_pyspark_test.distinct_data .......... [RUN]
[2023-06-22T22:12:17.947+0000] {subprocess.py:93} INFO - [0m22:12:17  2 of 4 START sql table model twitter_kafka_pyspark_test.dm_events .............. [RUN]
[2023-06-22T22:12:17.948+0000] {subprocess.py:93} INFO - [0m22:12:17  3 of 4 START sql table model twitter_kafka_pyspark_test.my_first_dbt_model ..... [RUN]
[2023-06-22T22:12:20.642+0000] {subprocess.py:93} INFO - [0m22:12:20  3 of 4 OK created sql table model twitter_kafka_pyspark_test.my_first_dbt_model  [[32mCREATE TABLE (2.0 rows, 0 processed)[0m in 2.69s]
[2023-06-22T22:12:20.649+0000] {subprocess.py:93} INFO - [0m22:12:20  4 of 4 START sql view model twitter_kafka_pyspark_test.my_second_dbt_model ..... [RUN]
[2023-06-22T22:12:21.169+0000] {subprocess.py:93} INFO - [0m22:12:21  2 of 4 OK created sql table model twitter_kafka_pyspark_test.dm_events ......... [[32mCREATE TABLE (1.3k rows, 178.2 KiB processed)[0m in 3.21s]
[2023-06-22T22:12:21.409+0000] {subprocess.py:93} INFO - [0m22:12:21  1 of 4 OK created sql table model twitter_kafka_pyspark_test.distinct_data ..... [[32mCREATE TABLE (1.1k rows, 638.3 KiB processed)[0m in 3.46s]
[2023-06-22T22:12:21.706+0000] {subprocess.py:93} INFO - [0m22:12:21  4 of 4 OK created sql view model twitter_kafka_pyspark_test.my_second_dbt_model  [[32mCREATE VIEW (0 processed)[0m in 1.05s]
[2023-06-22T22:12:21.732+0000] {subprocess.py:93} INFO - [0m22:12:21
[2023-06-22T22:12:21.734+0000] {subprocess.py:93} INFO - [0m22:12:21  Finished running 3 table models, 1 view model in 0 hours 0 minutes and 4.65 seconds (4.65s).
[2023-06-22T22:12:21.759+0000] {subprocess.py:93} INFO - [0m22:12:21
[2023-06-22T22:12:21.760+0000] {subprocess.py:93} INFO - [0m22:12:21  [32mCompleted successfully[0m
[2023-06-22T22:12:21.761+0000] {subprocess.py:93} INFO - [0m22:12:21
[2023-06-22T22:12:21.762+0000] {subprocess.py:93} INFO - [0m22:12:21  Done. PASS=4 WARN=0 ERROR=0 SKIP=0 TOTAL=4
[2023-06-22T22:12:22.250+0000] {subprocess.py:97} INFO - Command exited with return code 0
[2023-06-22T22:12:22.275+0000] {taskinstance.py:1332} INFO - Marking task as SUCCESS. dag_id=showpulse_dbt_dag, task_id=dbt_run, execution_date=20230622T214752, start_date=20230622T221215, end_date=20230622T221222
[2023-06-22T22:12:22.295+0000] {local_task_job.py:212} INFO - Task exited with return code 0
[2023-06-22T22:12:22.308+0000] {taskinstance.py:2596} INFO - 0 downstream tasks scheduled from follow-on schedule check
