[2023-06-21T00:29:46.789+0000] {taskinstance.py:1090} INFO - Dependencies all met for dep_context=non-requeueable deps ti=<TaskInstance: showpulse_dbt_dag.dbt_run scheduled__2023-06-21T00:28:42.645289+00:00 [queued]>
[2023-06-21T00:29:46.795+0000] {taskinstance.py:1090} INFO - Dependencies all met for dep_context=requeueable deps ti=<TaskInstance: showpulse_dbt_dag.dbt_run scheduled__2023-06-21T00:28:42.645289+00:00 [queued]>
[2023-06-21T00:29:46.796+0000] {taskinstance.py:1288} INFO - 
--------------------------------------------------------------------------------
[2023-06-21T00:29:46.797+0000] {taskinstance.py:1289} INFO - Starting attempt 1 of 1
[2023-06-21T00:29:46.797+0000] {taskinstance.py:1290} INFO - 
--------------------------------------------------------------------------------
[2023-06-21T00:29:46.805+0000] {taskinstance.py:1309} INFO - Executing <Task(BashOperator): dbt_run> on 2023-06-21 00:28:42.645289+00:00
[2023-06-21T00:29:46.809+0000] {standard_task_runner.py:55} INFO - Started process 451 to run task
[2023-06-21T00:29:46.812+0000] {standard_task_runner.py:82} INFO - Running: ['***', 'tasks', 'run', 'showpulse_dbt_dag', 'dbt_run', 'scheduled__2023-06-21T00:28:42.645289+00:00', '--job-id', '414', '--raw', '--subdir', 'DAGS_FOLDER/dbt_run.py', '--cfg-path', '/tmp/tmp484k6wlu']
[2023-06-21T00:29:46.813+0000] {standard_task_runner.py:83} INFO - Job 414: Subtask dbt_run
[2023-06-21T00:29:46.867+0000] {task_command.py:389} INFO - Running <TaskInstance: showpulse_dbt_dag.dbt_run scheduled__2023-06-21T00:28:42.645289+00:00 [running]> on host 62cfed75eae1
[2023-06-21T00:29:46.920+0000] {taskinstance.py:1518} INFO - Exporting the following env vars:
AIRFLOW_CTX_DAG_OWNER=nburkett
AIRFLOW_CTX_DAG_ID=showpulse_dbt_dag
AIRFLOW_CTX_TASK_ID=dbt_run
AIRFLOW_CTX_EXECUTION_DATE=2023-06-21T00:28:42.645289+00:00
AIRFLOW_CTX_TRY_NUMBER=1
AIRFLOW_CTX_DAG_RUN_ID=scheduled__2023-06-21T00:28:42.645289+00:00
[2023-06-21T00:29:46.921+0000] {subprocess.py:63} INFO - Tmp dir root location: 
 /tmp
[2023-06-21T00:29:46.922+0000] {subprocess.py:75} INFO - Running command: ['/bin/bash', '-c', 'cd /dbt/ticketmaster_transformation && dbt run']
[2023-06-21T00:29:46.932+0000] {subprocess.py:86} INFO - Output:
[2023-06-21T00:29:48.369+0000] {subprocess.py:93} INFO - [0m00:29:48  Running with dbt=1.5.1
[2023-06-21T00:29:48.996+0000] {subprocess.py:93} INFO - [0m00:29:48  Found 4 models, 0 tests, 0 snapshots, 0 analyses, 356 macros, 0 operations, 0 seed files, 3 sources, 0 exposures, 0 metrics, 0 groups
[2023-06-21T00:29:48.999+0000] {subprocess.py:93} INFO - [0m00:29:48
[2023-06-21T00:29:49.764+0000] {subprocess.py:93} INFO - [0m00:29:49  Concurrency: 4 threads (target='dev')
[2023-06-21T00:29:49.765+0000] {subprocess.py:93} INFO - [0m00:29:49
[2023-06-21T00:29:49.774+0000] {subprocess.py:93} INFO - [0m00:29:49  1 of 4 START sql table model twitter_kafka_pyspark_test.distinct_data .......... [RUN]
[2023-06-21T00:29:49.775+0000] {subprocess.py:93} INFO - [0m00:29:49  2 of 4 START sql table model twitter_kafka_pyspark_test.dm_events .............. [RUN]
[2023-06-21T00:29:49.777+0000] {subprocess.py:93} INFO - [0m00:29:49  3 of 4 START sql table model twitter_kafka_pyspark_test.my_first_dbt_model ..... [RUN]
[2023-06-21T00:29:52.774+0000] {subprocess.py:93} INFO - [0m00:29:52  3 of 4 OK created sql table model twitter_kafka_pyspark_test.my_first_dbt_model  [[32mCREATE TABLE (2.0 rows, 0 processed)[0m in 2.99s]
[2023-06-21T00:29:52.789+0000] {subprocess.py:93} INFO - [0m00:29:52  4 of 4 START sql view model twitter_kafka_pyspark_test.my_second_dbt_model ..... [RUN]
[2023-06-21T00:29:53.037+0000] {subprocess.py:93} INFO - [0m00:29:53  1 of 4 OK created sql table model twitter_kafka_pyspark_test.distinct_data ..... [[32mCREATE TABLE (1.1k rows, 638.3 KiB processed)[0m in 3.26s]
[2023-06-21T00:29:53.114+0000] {subprocess.py:93} INFO - [0m00:29:53  2 of 4 OK created sql table model twitter_kafka_pyspark_test.dm_events ......... [[32mCREATE TABLE (1.3k rows, 178.2 KiB processed)[0m in 3.33s]
[2023-06-21T00:29:54.137+0000] {subprocess.py:93} INFO - [0m00:29:54  4 of 4 OK created sql view model twitter_kafka_pyspark_test.my_second_dbt_model  [[32mCREATE VIEW (0 processed)[0m in 1.34s]
[2023-06-21T00:29:54.244+0000] {subprocess.py:93} INFO - [0m00:29:54
[2023-06-21T00:29:54.247+0000] {subprocess.py:93} INFO - [0m00:29:54  Finished running 3 table models, 1 view model in 0 hours 0 minutes and 5.24 seconds (5.24s).
[2023-06-21T00:29:54.276+0000] {subprocess.py:93} INFO - [0m00:29:54
[2023-06-21T00:29:54.278+0000] {subprocess.py:93} INFO - [0m00:29:54  [32mCompleted successfully[0m
[2023-06-21T00:29:54.279+0000] {subprocess.py:93} INFO - [0m00:29:54
[2023-06-21T00:29:54.281+0000] {subprocess.py:93} INFO - [0m00:29:54  Done. PASS=4 WARN=0 ERROR=0 SKIP=0 TOTAL=4
[2023-06-21T00:29:54.814+0000] {subprocess.py:97} INFO - Command exited with return code 0
[2023-06-21T00:29:54.845+0000] {taskinstance.py:1332} INFO - Marking task as SUCCESS. dag_id=showpulse_dbt_dag, task_id=dbt_run, execution_date=20230621T002842, start_date=20230621T002946, end_date=20230621T002954
[2023-06-21T00:29:54.885+0000] {local_task_job.py:212} INFO - Task exited with return code 0
[2023-06-21T00:29:54.908+0000] {taskinstance.py:2596} INFO - 0 downstream tasks scheduled from follow-on schedule check
