[2023-06-21T18:03:39.324+0000] {taskinstance.py:1090} INFO - Dependencies all met for dep_context=non-requeueable deps ti=<TaskInstance: showpulse_dbt_dag.dbt_run scheduled__2023-06-21T18:02:35.131660+00:00 [queued]>
[2023-06-21T18:03:39.330+0000] {taskinstance.py:1090} INFO - Dependencies all met for dep_context=requeueable deps ti=<TaskInstance: showpulse_dbt_dag.dbt_run scheduled__2023-06-21T18:02:35.131660+00:00 [queued]>
[2023-06-21T18:03:39.330+0000] {taskinstance.py:1288} INFO - 
--------------------------------------------------------------------------------
[2023-06-21T18:03:39.331+0000] {taskinstance.py:1289} INFO - Starting attempt 1 of 1
[2023-06-21T18:03:39.331+0000] {taskinstance.py:1290} INFO - 
--------------------------------------------------------------------------------
[2023-06-21T18:03:39.339+0000] {taskinstance.py:1309} INFO - Executing <Task(BashOperator): dbt_run> on 2023-06-21 18:02:35.131660+00:00
[2023-06-21T18:03:39.343+0000] {standard_task_runner.py:55} INFO - Started process 5145 to run task
[2023-06-21T18:03:39.346+0000] {standard_task_runner.py:82} INFO - Running: ['***', 'tasks', 'run', 'showpulse_dbt_dag', 'dbt_run', 'scheduled__2023-06-21T18:02:35.131660+00:00', '--job-id', '886', '--raw', '--subdir', 'DAGS_FOLDER/dbt_run.py', '--cfg-path', '/tmp/tmpbahsakgh']
[2023-06-21T18:03:39.347+0000] {standard_task_runner.py:83} INFO - Job 886: Subtask dbt_run
[2023-06-21T18:03:39.399+0000] {task_command.py:389} INFO - Running <TaskInstance: showpulse_dbt_dag.dbt_run scheduled__2023-06-21T18:02:35.131660+00:00 [running]> on host 62cfed75eae1
[2023-06-21T18:03:39.449+0000] {taskinstance.py:1518} INFO - Exporting the following env vars:
AIRFLOW_CTX_DAG_OWNER=nburkett
AIRFLOW_CTX_DAG_ID=showpulse_dbt_dag
AIRFLOW_CTX_TASK_ID=dbt_run
AIRFLOW_CTX_EXECUTION_DATE=2023-06-21T18:02:35.131660+00:00
AIRFLOW_CTX_TRY_NUMBER=1
AIRFLOW_CTX_DAG_RUN_ID=scheduled__2023-06-21T18:02:35.131660+00:00
[2023-06-21T18:03:39.450+0000] {subprocess.py:63} INFO - Tmp dir root location: 
 /tmp
[2023-06-21T18:03:39.451+0000] {subprocess.py:75} INFO - Running command: ['/bin/bash', '-c', 'cd /dbt/ticketmaster_transformation && dbt run']
[2023-06-21T18:03:39.459+0000] {subprocess.py:86} INFO - Output:
[2023-06-21T18:03:40.683+0000] {subprocess.py:93} INFO - [0m18:03:40  Running with dbt=1.5.1
[2023-06-21T18:03:41.166+0000] {subprocess.py:93} INFO - [0m18:03:41  Found 4 models, 0 tests, 0 snapshots, 0 analyses, 356 macros, 0 operations, 0 seed files, 3 sources, 0 exposures, 0 metrics, 0 groups
[2023-06-21T18:03:41.169+0000] {subprocess.py:93} INFO - [0m18:03:41
[2023-06-21T18:03:42.032+0000] {subprocess.py:93} INFO - [0m18:03:42  Concurrency: 4 threads (target='dev')
[2023-06-21T18:03:42.033+0000] {subprocess.py:93} INFO - [0m18:03:42
[2023-06-21T18:03:42.040+0000] {subprocess.py:93} INFO - [0m18:03:42  1 of 4 START sql table model twitter_kafka_pyspark_test.distinct_data .......... [RUN]
[2023-06-21T18:03:42.042+0000] {subprocess.py:93} INFO - [0m18:03:42  2 of 4 START sql table model twitter_kafka_pyspark_test.dm_events .............. [RUN]
[2023-06-21T18:03:42.050+0000] {subprocess.py:93} INFO - [0m18:03:42  3 of 4 START sql table model twitter_kafka_pyspark_test.my_first_dbt_model ..... [RUN]
[2023-06-21T18:03:45.165+0000] {subprocess.py:93} INFO - [0m18:03:45  1 of 4 OK created sql table model twitter_kafka_pyspark_test.distinct_data ..... [[32mCREATE TABLE (1.1k rows, 638.3 KiB processed)[0m in 3.12s]
[2023-06-21T18:03:45.167+0000] {subprocess.py:93} INFO - [0m18:03:45  2 of 4 OK created sql table model twitter_kafka_pyspark_test.dm_events ......... [[32mCREATE TABLE (1.3k rows, 178.2 KiB processed)[0m in 3.12s]
[2023-06-21T18:03:45.774+0000] {subprocess.py:93} INFO - [0m18:03:45  3 of 4 OK created sql table model twitter_kafka_pyspark_test.my_first_dbt_model  [[32mCREATE TABLE (2.0 rows, 0 processed)[0m in 3.72s]
[2023-06-21T18:03:45.782+0000] {subprocess.py:93} INFO - [0m18:03:45  4 of 4 START sql view model twitter_kafka_pyspark_test.my_second_dbt_model ..... [RUN]
[2023-06-21T18:03:47.421+0000] {subprocess.py:93} INFO - [0m18:03:47  4 of 4 OK created sql view model twitter_kafka_pyspark_test.my_second_dbt_model  [[32mCREATE VIEW (0 processed)[0m in 1.63s]
[2023-06-21T18:03:47.474+0000] {subprocess.py:93} INFO - [0m18:03:47
[2023-06-21T18:03:47.476+0000] {subprocess.py:93} INFO - [0m18:03:47  Finished running 3 table models, 1 view model in 0 hours 0 minutes and 6.30 seconds (6.30s).
[2023-06-21T18:03:47.505+0000] {subprocess.py:93} INFO - [0m18:03:47
[2023-06-21T18:03:47.506+0000] {subprocess.py:93} INFO - [0m18:03:47  [32mCompleted successfully[0m
[2023-06-21T18:03:47.508+0000] {subprocess.py:93} INFO - [0m18:03:47
[2023-06-21T18:03:47.509+0000] {subprocess.py:93} INFO - [0m18:03:47  Done. PASS=4 WARN=0 ERROR=0 SKIP=0 TOTAL=4
[2023-06-21T18:03:48.613+0000] {subprocess.py:97} INFO - Command exited with return code 0
[2023-06-21T18:03:48.637+0000] {taskinstance.py:1332} INFO - Marking task as SUCCESS. dag_id=showpulse_dbt_dag, task_id=dbt_run, execution_date=20230621T180235, start_date=20230621T180339, end_date=20230621T180348
[2023-06-21T18:03:48.693+0000] {local_task_job.py:212} INFO - Task exited with return code 0
[2023-06-21T18:03:48.709+0000] {taskinstance.py:2596} INFO - 0 downstream tasks scheduled from follow-on schedule check
