[2023-06-21T19:17:23.772+0000] {taskinstance.py:1090} INFO - Dependencies all met for dep_context=non-requeueable deps ti=<TaskInstance: showpulse_dbt_dag.dbt_run scheduled__2023-06-21T19:11:55.189249+00:00 [queued]>
[2023-06-21T19:17:23.779+0000] {taskinstance.py:1090} INFO - Dependencies all met for dep_context=requeueable deps ti=<TaskInstance: showpulse_dbt_dag.dbt_run scheduled__2023-06-21T19:11:55.189249+00:00 [queued]>
[2023-06-21T19:17:23.779+0000] {taskinstance.py:1288} INFO - 
--------------------------------------------------------------------------------
[2023-06-21T19:17:23.780+0000] {taskinstance.py:1289} INFO - Starting attempt 1 of 1
[2023-06-21T19:17:23.780+0000] {taskinstance.py:1290} INFO - 
--------------------------------------------------------------------------------
[2023-06-21T19:17:23.788+0000] {taskinstance.py:1309} INFO - Executing <Task(BashOperator): dbt_run> on 2023-06-21 19:11:55.189249+00:00
[2023-06-21T19:17:23.792+0000] {standard_task_runner.py:55} INFO - Started process 5593 to run task
[2023-06-21T19:17:23.795+0000] {standard_task_runner.py:82} INFO - Running: ['***', 'tasks', 'run', 'showpulse_dbt_dag', 'dbt_run', 'scheduled__2023-06-21T19:11:55.189249+00:00', '--job-id', '938', '--raw', '--subdir', 'DAGS_FOLDER/dbt_run.py', '--cfg-path', '/tmp/tmp8kzx0qw3']
[2023-06-21T19:17:23.796+0000] {standard_task_runner.py:83} INFO - Job 938: Subtask dbt_run
[2023-06-21T19:17:23.848+0000] {task_command.py:389} INFO - Running <TaskInstance: showpulse_dbt_dag.dbt_run scheduled__2023-06-21T19:11:55.189249+00:00 [running]> on host 62cfed75eae1
[2023-06-21T19:17:23.896+0000] {taskinstance.py:1518} INFO - Exporting the following env vars:
AIRFLOW_CTX_DAG_OWNER=nburkett
AIRFLOW_CTX_DAG_ID=showpulse_dbt_dag
AIRFLOW_CTX_TASK_ID=dbt_run
AIRFLOW_CTX_EXECUTION_DATE=2023-06-21T19:11:55.189249+00:00
AIRFLOW_CTX_TRY_NUMBER=1
AIRFLOW_CTX_DAG_RUN_ID=scheduled__2023-06-21T19:11:55.189249+00:00
[2023-06-21T19:17:23.897+0000] {subprocess.py:63} INFO - Tmp dir root location: 
 /tmp
[2023-06-21T19:17:23.898+0000] {subprocess.py:75} INFO - Running command: ['/bin/bash', '-c', 'cd /dbt/ticketmaster_transformation && dbt run']
[2023-06-21T19:17:23.906+0000] {subprocess.py:86} INFO - Output:
[2023-06-21T19:17:25.156+0000] {subprocess.py:93} INFO - [0m19:17:25  Running with dbt=1.5.1
[2023-06-21T19:17:25.644+0000] {subprocess.py:93} INFO - [0m19:17:25  Found 4 models, 0 tests, 0 snapshots, 0 analyses, 356 macros, 0 operations, 0 seed files, 3 sources, 0 exposures, 0 metrics, 0 groups
[2023-06-21T19:17:25.647+0000] {subprocess.py:93} INFO - [0m19:17:25
[2023-06-21T19:17:26.397+0000] {subprocess.py:93} INFO - [0m19:17:26  Concurrency: 4 threads (target='dev')
[2023-06-21T19:17:26.400+0000] {subprocess.py:93} INFO - [0m19:17:26
[2023-06-21T19:17:26.411+0000] {subprocess.py:93} INFO - [0m19:17:26  1 of 4 START sql table model twitter_kafka_pyspark_test.distinct_data .......... [RUN]
[2023-06-21T19:17:26.413+0000] {subprocess.py:93} INFO - [0m19:17:26  2 of 4 START sql table model twitter_kafka_pyspark_test.dm_events .............. [RUN]
[2023-06-21T19:17:26.414+0000] {subprocess.py:93} INFO - [0m19:17:26  3 of 4 START sql table model twitter_kafka_pyspark_test.my_first_dbt_model ..... [RUN]
[2023-06-21T19:17:43.130+0000] {subprocess.py:93} INFO - [0m19:17:43  1 of 4 OK created sql table model twitter_kafka_pyspark_test.distinct_data ..... [[32mCREATE TABLE (1.1k rows, 638.3 KiB processed)[0m in 16.71s]
[2023-06-21T19:17:44.415+0000] {subprocess.py:93} INFO - [0m19:17:44  2 of 4 OK created sql table model twitter_kafka_pyspark_test.dm_events ......... [[32mCREATE TABLE (1.3k rows, 178.2 KiB processed)[0m in 17.99s]
[2023-06-21T19:17:44.529+0000] {subprocess.py:93} INFO - [0m19:17:44  3 of 4 OK created sql table model twitter_kafka_pyspark_test.my_first_dbt_model  [[32mCREATE TABLE (2.0 rows, 0 processed)[0m in 18.11s]
[2023-06-21T19:17:44.539+0000] {subprocess.py:93} INFO - [0m19:17:44  4 of 4 START sql view model twitter_kafka_pyspark_test.my_second_dbt_model ..... [RUN]
[2023-06-21T19:17:45.590+0000] {subprocess.py:93} INFO - [0m19:17:45  4 of 4 OK created sql view model twitter_kafka_pyspark_test.my_second_dbt_model  [[32mCREATE VIEW (0 processed)[0m in 1.05s]
[2023-06-21T19:17:45.699+0000] {subprocess.py:93} INFO - [0m19:17:45
[2023-06-21T19:17:45.700+0000] {subprocess.py:93} INFO - [0m19:17:45  Finished running 3 table models, 1 view model in 0 hours 0 minutes and 20.05 seconds (20.05s).
[2023-06-21T19:17:45.722+0000] {subprocess.py:93} INFO - [0m19:17:45
[2023-06-21T19:17:45.724+0000] {subprocess.py:93} INFO - [0m19:17:45  [32mCompleted successfully[0m
[2023-06-21T19:17:45.725+0000] {subprocess.py:93} INFO - [0m19:17:45
[2023-06-21T19:17:45.726+0000] {subprocess.py:93} INFO - [0m19:17:45  Done. PASS=4 WARN=0 ERROR=0 SKIP=0 TOTAL=4
[2023-06-21T19:17:46.208+0000] {subprocess.py:97} INFO - Command exited with return code 0
[2023-06-21T19:17:46.235+0000] {taskinstance.py:1332} INFO - Marking task as SUCCESS. dag_id=showpulse_dbt_dag, task_id=dbt_run, execution_date=20230621T191155, start_date=20230621T191723, end_date=20230621T191746
[2023-06-21T19:17:46.281+0000] {local_task_job.py:212} INFO - Task exited with return code 0
[2023-06-21T19:17:46.296+0000] {taskinstance.py:2596} INFO - 0 downstream tasks scheduled from follow-on schedule check
