[2023-06-22T05:03:48.319+0000] {taskinstance.py:1090} INFO - Dependencies all met for dep_context=non-requeueable deps ti=<TaskInstance: showpulse_dbt_dag.dbt_run scheduled__2023-06-22T05:02:44.726095+00:00 [queued]>
[2023-06-22T05:03:48.327+0000] {taskinstance.py:1090} INFO - Dependencies all met for dep_context=requeueable deps ti=<TaskInstance: showpulse_dbt_dag.dbt_run scheduled__2023-06-22T05:02:44.726095+00:00 [queued]>
[2023-06-22T05:03:48.328+0000] {taskinstance.py:1288} INFO - 
--------------------------------------------------------------------------------
[2023-06-22T05:03:48.329+0000] {taskinstance.py:1289} INFO - Starting attempt 1 of 1
[2023-06-22T05:03:48.331+0000] {taskinstance.py:1290} INFO - 
--------------------------------------------------------------------------------
[2023-06-22T05:03:48.339+0000] {taskinstance.py:1309} INFO - Executing <Task(BashOperator): dbt_run> on 2023-06-22 05:02:44.726095+00:00
[2023-06-22T05:03:48.343+0000] {standard_task_runner.py:55} INFO - Started process 15579 to run task
[2023-06-22T05:03:48.346+0000] {standard_task_runner.py:82} INFO - Running: ['***', 'tasks', 'run', 'showpulse_dbt_dag', 'dbt_run', 'scheduled__2023-06-22T05:02:44.726095+00:00', '--job-id', '1810', '--raw', '--subdir', 'DAGS_FOLDER/dbt_run.py', '--cfg-path', '/tmp/tmpq3qxc64p']
[2023-06-22T05:03:48.347+0000] {standard_task_runner.py:83} INFO - Job 1810: Subtask dbt_run
[2023-06-22T05:03:48.406+0000] {task_command.py:389} INFO - Running <TaskInstance: showpulse_dbt_dag.dbt_run scheduled__2023-06-22T05:02:44.726095+00:00 [running]> on host 62cfed75eae1
[2023-06-22T05:03:48.460+0000] {taskinstance.py:1518} INFO - Exporting the following env vars:
AIRFLOW_CTX_DAG_OWNER=nburkett
AIRFLOW_CTX_DAG_ID=showpulse_dbt_dag
AIRFLOW_CTX_TASK_ID=dbt_run
AIRFLOW_CTX_EXECUTION_DATE=2023-06-22T05:02:44.726095+00:00
AIRFLOW_CTX_TRY_NUMBER=1
AIRFLOW_CTX_DAG_RUN_ID=scheduled__2023-06-22T05:02:44.726095+00:00
[2023-06-22T05:03:48.461+0000] {subprocess.py:63} INFO - Tmp dir root location: 
 /tmp
[2023-06-22T05:03:48.462+0000] {subprocess.py:75} INFO - Running command: ['/bin/bash', '-c', 'cd /dbt/ticketmaster_transformation && dbt run']
[2023-06-22T05:03:48.470+0000] {subprocess.py:86} INFO - Output:
[2023-06-22T05:03:49.749+0000] {subprocess.py:93} INFO - [0m05:03:49  Running with dbt=1.5.1
[2023-06-22T05:03:50.237+0000] {subprocess.py:93} INFO - [0m05:03:50  Found 4 models, 0 tests, 0 snapshots, 0 analyses, 356 macros, 0 operations, 0 seed files, 3 sources, 0 exposures, 0 metrics, 0 groups
[2023-06-22T05:03:50.240+0000] {subprocess.py:93} INFO - [0m05:03:50
[2023-06-22T05:03:51.047+0000] {subprocess.py:93} INFO - [0m05:03:51  Concurrency: 4 threads (target='dev')
[2023-06-22T05:03:51.050+0000] {subprocess.py:93} INFO - [0m05:03:51
[2023-06-22T05:03:51.060+0000] {subprocess.py:93} INFO - [0m05:03:51  1 of 4 START sql table model twitter_kafka_pyspark_test.distinct_data .......... [RUN]
[2023-06-22T05:03:51.062+0000] {subprocess.py:93} INFO - [0m05:03:51  2 of 4 START sql table model twitter_kafka_pyspark_test.dm_events .............. [RUN]
[2023-06-22T05:03:51.064+0000] {subprocess.py:93} INFO - [0m05:03:51  3 of 4 START sql table model twitter_kafka_pyspark_test.my_first_dbt_model ..... [RUN]
[2023-06-22T05:03:53.700+0000] {subprocess.py:93} INFO - [0m05:03:53  3 of 4 OK created sql table model twitter_kafka_pyspark_test.my_first_dbt_model  [[32mCREATE TABLE (2.0 rows, 0 processed)[0m in 2.62s]
[2023-06-22T05:03:53.706+0000] {subprocess.py:93} INFO - [0m05:03:53  2 of 4 OK created sql table model twitter_kafka_pyspark_test.dm_events ......... [[32mCREATE TABLE (1.3k rows, 178.2 KiB processed)[0m in 2.63s]
[2023-06-22T05:03:53.710+0000] {subprocess.py:93} INFO - [0m05:03:53  4 of 4 START sql view model twitter_kafka_pyspark_test.my_second_dbt_model ..... [RUN]
[2023-06-22T05:03:55.697+0000] {subprocess.py:93} INFO - [0m05:03:55  4 of 4 OK created sql view model twitter_kafka_pyspark_test.my_second_dbt_model  [[32mCREATE VIEW (0 processed)[0m in 1.98s]
[2023-06-22T05:04:11.042+0000] {subprocess.py:93} INFO - [0m05:04:11  1 of 4 OK created sql table model twitter_kafka_pyspark_test.distinct_data ..... [[32mCREATE TABLE (1.1k rows, 638.3 KiB processed)[0m in 19.97s]
[2023-06-22T05:04:11.107+0000] {subprocess.py:93} INFO - [0m05:04:11
[2023-06-22T05:04:11.108+0000] {subprocess.py:93} INFO - [0m05:04:11  Finished running 3 table models, 1 view model in 0 hours 0 minutes and 20.86 seconds (20.86s).
[2023-06-22T05:04:11.128+0000] {subprocess.py:93} INFO - [0m05:04:11
[2023-06-22T05:04:11.130+0000] {subprocess.py:93} INFO - [0m05:04:11  [32mCompleted successfully[0m
[2023-06-22T05:04:11.131+0000] {subprocess.py:93} INFO - [0m05:04:11
[2023-06-22T05:04:11.132+0000] {subprocess.py:93} INFO - [0m05:04:11  Done. PASS=4 WARN=0 ERROR=0 SKIP=0 TOTAL=4
[2023-06-22T05:04:11.670+0000] {subprocess.py:97} INFO - Command exited with return code 0
[2023-06-22T05:04:11.700+0000] {taskinstance.py:1332} INFO - Marking task as SUCCESS. dag_id=showpulse_dbt_dag, task_id=dbt_run, execution_date=20230622T050244, start_date=20230622T050348, end_date=20230622T050411
[2023-06-22T05:04:11.731+0000] {local_task_job.py:212} INFO - Task exited with return code 0
[2023-06-22T05:04:11.746+0000] {taskinstance.py:2596} INFO - 0 downstream tasks scheduled from follow-on schedule check
