[2023-06-21T23:42:22.822+0000] {taskinstance.py:1090} INFO - Dependencies all met for dep_context=non-requeueable deps ti=<TaskInstance: showpulse_dbt_dag.dbt_run scheduled__2023-06-21T23:41:19.110563+00:00 [queued]>
[2023-06-21T23:42:22.830+0000] {taskinstance.py:1090} INFO - Dependencies all met for dep_context=requeueable deps ti=<TaskInstance: showpulse_dbt_dag.dbt_run scheduled__2023-06-21T23:41:19.110563+00:00 [queued]>
[2023-06-21T23:42:22.831+0000] {taskinstance.py:1288} INFO - 
--------------------------------------------------------------------------------
[2023-06-21T23:42:22.831+0000] {taskinstance.py:1289} INFO - Starting attempt 1 of 1
[2023-06-21T23:42:22.831+0000] {taskinstance.py:1290} INFO - 
--------------------------------------------------------------------------------
[2023-06-21T23:42:22.840+0000] {taskinstance.py:1309} INFO - Executing <Task(BashOperator): dbt_run> on 2023-06-21 23:41:19.110563+00:00
[2023-06-21T23:42:22.844+0000] {standard_task_runner.py:55} INFO - Started process 8001 to run task
[2023-06-21T23:42:22.847+0000] {standard_task_runner.py:82} INFO - Running: ['***', 'tasks', 'run', 'showpulse_dbt_dag', 'dbt_run', 'scheduled__2023-06-21T23:41:19.110563+00:00', '--job-id', '1182', '--raw', '--subdir', 'DAGS_FOLDER/dbt_run.py', '--cfg-path', '/tmp/tmpb8pdph05']
[2023-06-21T23:42:22.848+0000] {standard_task_runner.py:83} INFO - Job 1182: Subtask dbt_run
[2023-06-21T23:42:22.899+0000] {task_command.py:389} INFO - Running <TaskInstance: showpulse_dbt_dag.dbt_run scheduled__2023-06-21T23:41:19.110563+00:00 [running]> on host 62cfed75eae1
[2023-06-21T23:42:22.949+0000] {taskinstance.py:1518} INFO - Exporting the following env vars:
AIRFLOW_CTX_DAG_OWNER=nburkett
AIRFLOW_CTX_DAG_ID=showpulse_dbt_dag
AIRFLOW_CTX_TASK_ID=dbt_run
AIRFLOW_CTX_EXECUTION_DATE=2023-06-21T23:41:19.110563+00:00
AIRFLOW_CTX_TRY_NUMBER=1
AIRFLOW_CTX_DAG_RUN_ID=scheduled__2023-06-21T23:41:19.110563+00:00
[2023-06-21T23:42:22.950+0000] {subprocess.py:63} INFO - Tmp dir root location: 
 /tmp
[2023-06-21T23:42:22.951+0000] {subprocess.py:75} INFO - Running command: ['/bin/bash', '-c', 'cd /dbt/ticketmaster_transformation && dbt run']
[2023-06-21T23:42:22.959+0000] {subprocess.py:86} INFO - Output:
[2023-06-21T23:42:24.173+0000] {subprocess.py:93} INFO - [0m23:42:24  Running with dbt=1.5.1
[2023-06-21T23:42:24.636+0000] {subprocess.py:93} INFO - [0m23:42:24  Found 4 models, 0 tests, 0 snapshots, 0 analyses, 356 macros, 0 operations, 0 seed files, 3 sources, 0 exposures, 0 metrics, 0 groups
[2023-06-21T23:42:24.639+0000] {subprocess.py:93} INFO - [0m23:42:24
[2023-06-21T23:42:25.547+0000] {subprocess.py:93} INFO - [0m23:42:25  Concurrency: 4 threads (target='dev')
[2023-06-21T23:42:25.549+0000] {subprocess.py:93} INFO - [0m23:42:25
[2023-06-21T23:42:25.561+0000] {subprocess.py:93} INFO - [0m23:42:25  1 of 4 START sql table model twitter_kafka_pyspark_test.distinct_data .......... [RUN]
[2023-06-21T23:42:25.562+0000] {subprocess.py:93} INFO - [0m23:42:25  2 of 4 START sql table model twitter_kafka_pyspark_test.dm_events .............. [RUN]
[2023-06-21T23:42:25.564+0000] {subprocess.py:93} INFO - [0m23:42:25  3 of 4 START sql table model twitter_kafka_pyspark_test.my_first_dbt_model ..... [RUN]
[2023-06-21T23:42:28.377+0000] {subprocess.py:93} INFO - [0m23:42:28  3 of 4 OK created sql table model twitter_kafka_pyspark_test.my_first_dbt_model  [[32mCREATE TABLE (2.0 rows, 0 processed)[0m in 2.80s]
[2023-06-21T23:42:28.388+0000] {subprocess.py:93} INFO - [0m23:42:28  4 of 4 START sql view model twitter_kafka_pyspark_test.my_second_dbt_model ..... [RUN]
[2023-06-21T23:42:28.467+0000] {subprocess.py:93} INFO - [0m23:42:28  1 of 4 OK created sql table model twitter_kafka_pyspark_test.distinct_data ..... [[32mCREATE TABLE (1.1k rows, 638.3 KiB processed)[0m in 2.90s]
[2023-06-21T23:42:28.544+0000] {subprocess.py:93} INFO - [0m23:42:28  2 of 4 OK created sql table model twitter_kafka_pyspark_test.dm_events ......... [[32mCREATE TABLE (1.3k rows, 178.2 KiB processed)[0m in 2.98s]
[2023-06-21T23:42:29.369+0000] {subprocess.py:93} INFO - [0m23:42:29  4 of 4 OK created sql view model twitter_kafka_pyspark_test.my_second_dbt_model  [[32mCREATE VIEW (0 processed)[0m in 0.98s]
[2023-06-21T23:42:29.468+0000] {subprocess.py:93} INFO - [0m23:42:29
[2023-06-21T23:42:29.471+0000] {subprocess.py:93} INFO - [0m23:42:29  Finished running 3 table models, 1 view model in 0 hours 0 minutes and 4.83 seconds (4.83s).
[2023-06-21T23:42:29.497+0000] {subprocess.py:93} INFO - [0m23:42:29
[2023-06-21T23:42:29.498+0000] {subprocess.py:93} INFO - [0m23:42:29  [32mCompleted successfully[0m
[2023-06-21T23:42:29.500+0000] {subprocess.py:93} INFO - [0m23:42:29
[2023-06-21T23:42:29.501+0000] {subprocess.py:93} INFO - [0m23:42:29  Done. PASS=4 WARN=0 ERROR=0 SKIP=0 TOTAL=4
[2023-06-21T23:42:29.913+0000] {subprocess.py:97} INFO - Command exited with return code 0
[2023-06-21T23:42:29.937+0000] {taskinstance.py:1332} INFO - Marking task as SUCCESS. dag_id=showpulse_dbt_dag, task_id=dbt_run, execution_date=20230621T234119, start_date=20230621T234222, end_date=20230621T234229
[2023-06-21T23:42:29.989+0000] {local_task_job.py:212} INFO - Task exited with return code 0
[2023-06-21T23:42:30.002+0000] {taskinstance.py:2596} INFO - 0 downstream tasks scheduled from follow-on schedule check
