[2023-06-22T00:38:30.360+0000] {taskinstance.py:1090} INFO - Dependencies all met for dep_context=non-requeueable deps ti=<TaskInstance: showpulse_dbt_dag.dbt_run scheduled__2023-06-22T00:37:26.478695+00:00 [queued]>
[2023-06-22T00:38:30.366+0000] {taskinstance.py:1090} INFO - Dependencies all met for dep_context=requeueable deps ti=<TaskInstance: showpulse_dbt_dag.dbt_run scheduled__2023-06-22T00:37:26.478695+00:00 [queued]>
[2023-06-22T00:38:30.367+0000] {taskinstance.py:1288} INFO - 
--------------------------------------------------------------------------------
[2023-06-22T00:38:30.367+0000] {taskinstance.py:1289} INFO - Starting attempt 1 of 1
[2023-06-22T00:38:30.368+0000] {taskinstance.py:1290} INFO - 
--------------------------------------------------------------------------------
[2023-06-22T00:38:30.377+0000] {taskinstance.py:1309} INFO - Executing <Task(BashOperator): dbt_run> on 2023-06-22 00:37:26.478695+00:00
[2023-06-22T00:38:30.381+0000] {standard_task_runner.py:55} INFO - Started process 10732 to run task
[2023-06-22T00:38:30.384+0000] {standard_task_runner.py:82} INFO - Running: ['***', 'tasks', 'run', 'showpulse_dbt_dag', 'dbt_run', 'scheduled__2023-06-22T00:37:26.478695+00:00', '--job-id', '1394', '--raw', '--subdir', 'DAGS_FOLDER/dbt_run.py', '--cfg-path', '/tmp/tmpn8snz3yl']
[2023-06-22T00:38:30.385+0000] {standard_task_runner.py:83} INFO - Job 1394: Subtask dbt_run
[2023-06-22T00:38:30.441+0000] {task_command.py:389} INFO - Running <TaskInstance: showpulse_dbt_dag.dbt_run scheduled__2023-06-22T00:37:26.478695+00:00 [running]> on host 62cfed75eae1
[2023-06-22T00:38:30.493+0000] {taskinstance.py:1518} INFO - Exporting the following env vars:
AIRFLOW_CTX_DAG_OWNER=nburkett
AIRFLOW_CTX_DAG_ID=showpulse_dbt_dag
AIRFLOW_CTX_TASK_ID=dbt_run
AIRFLOW_CTX_EXECUTION_DATE=2023-06-22T00:37:26.478695+00:00
AIRFLOW_CTX_TRY_NUMBER=1
AIRFLOW_CTX_DAG_RUN_ID=scheduled__2023-06-22T00:37:26.478695+00:00
[2023-06-22T00:38:30.495+0000] {subprocess.py:63} INFO - Tmp dir root location: 
 /tmp
[2023-06-22T00:38:30.496+0000] {subprocess.py:75} INFO - Running command: ['/bin/bash', '-c', 'cd /dbt/ticketmaster_transformation && dbt run']
[2023-06-22T00:38:30.505+0000] {subprocess.py:86} INFO - Output:
[2023-06-22T00:38:31.816+0000] {subprocess.py:93} INFO - [0m00:38:31  Running with dbt=1.5.1
[2023-06-22T00:38:32.381+0000] {subprocess.py:93} INFO - [0m00:38:32  Found 4 models, 0 tests, 0 snapshots, 0 analyses, 356 macros, 0 operations, 0 seed files, 3 sources, 0 exposures, 0 metrics, 0 groups
[2023-06-22T00:38:32.384+0000] {subprocess.py:93} INFO - [0m00:38:32
[2023-06-22T00:38:33.297+0000] {subprocess.py:93} INFO - [0m00:38:33  Concurrency: 4 threads (target='dev')
[2023-06-22T00:38:33.299+0000] {subprocess.py:93} INFO - [0m00:38:33
[2023-06-22T00:38:33.315+0000] {subprocess.py:93} INFO - [0m00:38:33  1 of 4 START sql table model twitter_kafka_pyspark_test.distinct_data .......... [RUN]
[2023-06-22T00:38:33.317+0000] {subprocess.py:93} INFO - [0m00:38:33  2 of 4 START sql table model twitter_kafka_pyspark_test.dm_events .............. [RUN]
[2023-06-22T00:38:33.320+0000] {subprocess.py:93} INFO - [0m00:38:33  3 of 4 START sql table model twitter_kafka_pyspark_test.my_first_dbt_model ..... [RUN]
[2023-06-22T00:38:36.327+0000] {subprocess.py:93} INFO - [0m00:38:36  3 of 4 OK created sql table model twitter_kafka_pyspark_test.my_first_dbt_model  [[32mCREATE TABLE (2.0 rows, 0 processed)[0m in 3.00s]
[2023-06-22T00:38:36.337+0000] {subprocess.py:93} INFO - [0m00:38:36  4 of 4 START sql view model twitter_kafka_pyspark_test.my_second_dbt_model ..... [RUN]
[2023-06-22T00:38:36.352+0000] {subprocess.py:93} INFO - [0m00:38:36  2 of 4 OK created sql table model twitter_kafka_pyspark_test.dm_events ......... [[32mCREATE TABLE (1.3k rows, 178.2 KiB processed)[0m in 3.02s]
[2023-06-22T00:38:36.600+0000] {subprocess.py:93} INFO - [0m00:38:36  1 of 4 OK created sql table model twitter_kafka_pyspark_test.distinct_data ..... [[32mCREATE TABLE (1.1k rows, 638.3 KiB processed)[0m in 3.28s]
[2023-06-22T00:38:37.281+0000] {subprocess.py:93} INFO - [0m00:38:37  4 of 4 OK created sql view model twitter_kafka_pyspark_test.my_second_dbt_model  [[32mCREATE VIEW (0 processed)[0m in 0.94s]
[2023-06-22T00:38:37.406+0000] {subprocess.py:93} INFO - [0m00:38:37
[2023-06-22T00:38:37.409+0000] {subprocess.py:93} INFO - [0m00:38:37  Finished running 3 table models, 1 view model in 0 hours 0 minutes and 5.02 seconds (5.02s).
[2023-06-22T00:38:37.443+0000] {subprocess.py:93} INFO - [0m00:38:37
[2023-06-22T00:38:37.445+0000] {subprocess.py:93} INFO - [0m00:38:37  [32mCompleted successfully[0m
[2023-06-22T00:38:37.446+0000] {subprocess.py:93} INFO - [0m00:38:37
[2023-06-22T00:38:37.448+0000] {subprocess.py:93} INFO - [0m00:38:37  Done. PASS=4 WARN=0 ERROR=0 SKIP=0 TOTAL=4
[2023-06-22T00:38:37.887+0000] {subprocess.py:97} INFO - Command exited with return code 0
[2023-06-22T00:38:37.911+0000] {taskinstance.py:1332} INFO - Marking task as SUCCESS. dag_id=showpulse_dbt_dag, task_id=dbt_run, execution_date=20230622T003726, start_date=20230622T003830, end_date=20230622T003837
[2023-06-22T00:38:37.948+0000] {local_task_job.py:212} INFO - Task exited with return code 0
[2023-06-22T00:38:37.962+0000] {taskinstance.py:2596} INFO - 0 downstream tasks scheduled from follow-on schedule check
