[2023-06-22T00:51:37.271+0000] {taskinstance.py:1090} INFO - Dependencies all met for dep_context=non-requeueable deps ti=<TaskInstance: showpulse_dbt_dag.dbt_run scheduled__2023-06-22T00:50:32.430820+00:00 [queued]>
[2023-06-22T00:51:37.277+0000] {taskinstance.py:1090} INFO - Dependencies all met for dep_context=requeueable deps ti=<TaskInstance: showpulse_dbt_dag.dbt_run scheduled__2023-06-22T00:50:32.430820+00:00 [queued]>
[2023-06-22T00:51:37.278+0000] {taskinstance.py:1288} INFO - 
--------------------------------------------------------------------------------
[2023-06-22T00:51:37.278+0000] {taskinstance.py:1289} INFO - Starting attempt 1 of 1
[2023-06-22T00:51:37.279+0000] {taskinstance.py:1290} INFO - 
--------------------------------------------------------------------------------
[2023-06-22T00:51:37.287+0000] {taskinstance.py:1309} INFO - Executing <Task(BashOperator): dbt_run> on 2023-06-22 00:50:32.430820+00:00
[2023-06-22T00:51:37.291+0000] {standard_task_runner.py:55} INFO - Started process 11370 to run task
[2023-06-22T00:51:37.294+0000] {standard_task_runner.py:82} INFO - Running: ['***', 'tasks', 'run', 'showpulse_dbt_dag', 'dbt_run', 'scheduled__2023-06-22T00:50:32.430820+00:00', '--job-id', '1446', '--raw', '--subdir', 'DAGS_FOLDER/dbt_run.py', '--cfg-path', '/tmp/tmp5k_vgixi']
[2023-06-22T00:51:37.295+0000] {standard_task_runner.py:83} INFO - Job 1446: Subtask dbt_run
[2023-06-22T00:51:37.350+0000] {task_command.py:389} INFO - Running <TaskInstance: showpulse_dbt_dag.dbt_run scheduled__2023-06-22T00:50:32.430820+00:00 [running]> on host 62cfed75eae1
[2023-06-22T00:51:37.405+0000] {taskinstance.py:1518} INFO - Exporting the following env vars:
AIRFLOW_CTX_DAG_OWNER=nburkett
AIRFLOW_CTX_DAG_ID=showpulse_dbt_dag
AIRFLOW_CTX_TASK_ID=dbt_run
AIRFLOW_CTX_EXECUTION_DATE=2023-06-22T00:50:32.430820+00:00
AIRFLOW_CTX_TRY_NUMBER=1
AIRFLOW_CTX_DAG_RUN_ID=scheduled__2023-06-22T00:50:32.430820+00:00
[2023-06-22T00:51:37.406+0000] {subprocess.py:63} INFO - Tmp dir root location: 
 /tmp
[2023-06-22T00:51:37.407+0000] {subprocess.py:75} INFO - Running command: ['/bin/bash', '-c', 'cd /dbt/ticketmaster_transformation && dbt run']
[2023-06-22T00:51:37.417+0000] {subprocess.py:86} INFO - Output:
[2023-06-22T00:51:38.796+0000] {subprocess.py:93} INFO - [0m00:51:38  Running with dbt=1.5.1
[2023-06-22T00:51:39.347+0000] {subprocess.py:93} INFO - [0m00:51:39  Found 4 models, 0 tests, 0 snapshots, 0 analyses, 356 macros, 0 operations, 0 seed files, 3 sources, 0 exposures, 0 metrics, 0 groups
[2023-06-22T00:51:39.350+0000] {subprocess.py:93} INFO - [0m00:51:39
[2023-06-22T00:51:39.975+0000] {subprocess.py:93} INFO - [0m00:51:39  Concurrency: 4 threads (target='dev')
[2023-06-22T00:51:39.977+0000] {subprocess.py:93} INFO - [0m00:51:39
[2023-06-22T00:51:39.995+0000] {subprocess.py:93} INFO - [0m00:51:39  1 of 4 START sql table model twitter_kafka_pyspark_test.distinct_data .......... [RUN]
[2023-06-22T00:51:39.996+0000] {subprocess.py:93} INFO - [0m00:51:39  2 of 4 START sql table model twitter_kafka_pyspark_test.dm_events .............. [RUN]
[2023-06-22T00:51:40.002+0000] {subprocess.py:93} INFO - [0m00:51:40  3 of 4 START sql table model twitter_kafka_pyspark_test.my_first_dbt_model ..... [RUN]
[2023-06-22T00:51:42.895+0000] {subprocess.py:93} INFO - [0m00:51:42  3 of 4 OK created sql table model twitter_kafka_pyspark_test.my_first_dbt_model  [[32mCREATE TABLE (2.0 rows, 0 processed)[0m in 2.88s]
[2023-06-22T00:51:42.898+0000] {subprocess.py:93} INFO - [0m00:51:42  2 of 4 OK created sql table model twitter_kafka_pyspark_test.dm_events ......... [[32mCREATE TABLE (1.3k rows, 178.2 KiB processed)[0m in 2.90s]
[2023-06-22T00:51:42.901+0000] {subprocess.py:93} INFO - [0m00:51:42  1 of 4 OK created sql table model twitter_kafka_pyspark_test.distinct_data ..... [[32mCREATE TABLE (1.1k rows, 638.3 KiB processed)[0m in 2.90s]
[2023-06-22T00:51:42.907+0000] {subprocess.py:93} INFO - [0m00:51:42  4 of 4 START sql view model twitter_kafka_pyspark_test.my_second_dbt_model ..... [RUN]
[2023-06-22T00:51:43.661+0000] {subprocess.py:93} INFO - [0m00:51:43  4 of 4 OK created sql view model twitter_kafka_pyspark_test.my_second_dbt_model  [[32mCREATE VIEW (0 processed)[0m in 0.75s]
[2023-06-22T00:51:43.730+0000] {subprocess.py:93} INFO - [0m00:51:43
[2023-06-22T00:51:43.732+0000] {subprocess.py:93} INFO - [0m00:51:43  Finished running 3 table models, 1 view model in 0 hours 0 minutes and 4.38 seconds (4.38s).
[2023-06-22T00:51:43.750+0000] {subprocess.py:93} INFO - [0m00:51:43
[2023-06-22T00:51:43.752+0000] {subprocess.py:93} INFO - [0m00:51:43  [32mCompleted successfully[0m
[2023-06-22T00:51:43.753+0000] {subprocess.py:93} INFO - [0m00:51:43
[2023-06-22T00:51:43.755+0000] {subprocess.py:93} INFO - [0m00:51:43  Done. PASS=4 WARN=0 ERROR=0 SKIP=0 TOTAL=4
[2023-06-22T00:51:44.165+0000] {subprocess.py:97} INFO - Command exited with return code 0
[2023-06-22T00:51:44.193+0000] {taskinstance.py:1332} INFO - Marking task as SUCCESS. dag_id=showpulse_dbt_dag, task_id=dbt_run, execution_date=20230622T005032, start_date=20230622T005137, end_date=20230622T005144
[2023-06-22T00:51:44.249+0000] {local_task_job.py:212} INFO - Task exited with return code 0
[2023-06-22T00:51:44.265+0000] {taskinstance.py:2596} INFO - 0 downstream tasks scheduled from follow-on schedule check
