[2023-06-21T00:57:48.570+0000] {taskinstance.py:1090} INFO - Dependencies all met for dep_context=non-requeueable deps ti=<TaskInstance: showpulse_dbt_dag.dbt_run scheduled__2023-06-21T00:56:44.427201+00:00 [queued]>
[2023-06-21T00:57:48.577+0000] {taskinstance.py:1090} INFO - Dependencies all met for dep_context=requeueable deps ti=<TaskInstance: showpulse_dbt_dag.dbt_run scheduled__2023-06-21T00:56:44.427201+00:00 [queued]>
[2023-06-21T00:57:48.577+0000] {taskinstance.py:1288} INFO - 
--------------------------------------------------------------------------------
[2023-06-21T00:57:48.578+0000] {taskinstance.py:1289} INFO - Starting attempt 1 of 1
[2023-06-21T00:57:48.578+0000] {taskinstance.py:1290} INFO - 
--------------------------------------------------------------------------------
[2023-06-21T00:57:48.586+0000] {taskinstance.py:1309} INFO - Executing <Task(BashOperator): dbt_run> on 2023-06-21 00:56:44.427201+00:00
[2023-06-21T00:57:48.590+0000] {standard_task_runner.py:55} INFO - Started process 1845 to run task
[2023-06-21T00:57:48.594+0000] {standard_task_runner.py:82} INFO - Running: ['***', 'tasks', 'run', 'showpulse_dbt_dag', 'dbt_run', 'scheduled__2023-06-21T00:56:44.427201+00:00', '--job-id', '526', '--raw', '--subdir', 'DAGS_FOLDER/dbt_run.py', '--cfg-path', '/tmp/tmpyfvbjml5']
[2023-06-21T00:57:48.595+0000] {standard_task_runner.py:83} INFO - Job 526: Subtask dbt_run
[2023-06-21T00:57:48.648+0000] {task_command.py:389} INFO - Running <TaskInstance: showpulse_dbt_dag.dbt_run scheduled__2023-06-21T00:56:44.427201+00:00 [running]> on host 62cfed75eae1
[2023-06-21T00:57:48.697+0000] {taskinstance.py:1518} INFO - Exporting the following env vars:
AIRFLOW_CTX_DAG_OWNER=nburkett
AIRFLOW_CTX_DAG_ID=showpulse_dbt_dag
AIRFLOW_CTX_TASK_ID=dbt_run
AIRFLOW_CTX_EXECUTION_DATE=2023-06-21T00:56:44.427201+00:00
AIRFLOW_CTX_TRY_NUMBER=1
AIRFLOW_CTX_DAG_RUN_ID=scheduled__2023-06-21T00:56:44.427201+00:00
[2023-06-21T00:57:48.698+0000] {subprocess.py:63} INFO - Tmp dir root location: 
 /tmp
[2023-06-21T00:57:48.699+0000] {subprocess.py:75} INFO - Running command: ['/bin/bash', '-c', 'cd /dbt/ticketmaster_transformation && dbt run']
[2023-06-21T00:57:48.708+0000] {subprocess.py:86} INFO - Output:
[2023-06-21T00:57:49.905+0000] {subprocess.py:93} INFO - [0m00:57:49  Running with dbt=1.5.1
[2023-06-21T00:57:50.379+0000] {subprocess.py:93} INFO - [0m00:57:50  Found 4 models, 0 tests, 0 snapshots, 0 analyses, 356 macros, 0 operations, 0 seed files, 3 sources, 0 exposures, 0 metrics, 0 groups
[2023-06-21T00:57:50.382+0000] {subprocess.py:93} INFO - [0m00:57:50
[2023-06-21T00:57:51.238+0000] {subprocess.py:93} INFO - [0m00:57:51  Concurrency: 4 threads (target='dev')
[2023-06-21T00:57:51.241+0000] {subprocess.py:93} INFO - [0m00:57:51
[2023-06-21T00:57:51.257+0000] {subprocess.py:93} INFO - [0m00:57:51  1 of 4 START sql table model twitter_kafka_pyspark_test.distinct_data .......... [RUN]
[2023-06-21T00:57:51.260+0000] {subprocess.py:93} INFO - [0m00:57:51  2 of 4 START sql table model twitter_kafka_pyspark_test.dm_events .............. [RUN]
[2023-06-21T00:57:51.262+0000] {subprocess.py:93} INFO - [0m00:57:51  3 of 4 START sql table model twitter_kafka_pyspark_test.my_first_dbt_model ..... [RUN]
[2023-06-21T01:07:21.370+0000] {subprocess.py:93} INFO - [0m01:07:21  3 of 4 OK created sql table model twitter_kafka_pyspark_test.my_first_dbt_model  [[32mCREATE TABLE (2.0 rows, 0 processed)[0m in 570.10s]
[2023-06-21T01:07:21.375+0000] {subprocess.py:93} INFO - [0m01:07:21  4 of 4 START sql view model twitter_kafka_pyspark_test.my_second_dbt_model ..... [RUN]
[2023-06-21T01:07:21.440+0000] {subprocess.py:93} INFO - [0m01:07:21  2 of 4 OK created sql table model twitter_kafka_pyspark_test.dm_events ......... [[32mCREATE TABLE (1.3k rows, 178.2 KiB processed)[0m in 570.17s]
[2023-06-21T01:07:21.634+0000] {subprocess.py:93} INFO - [0m01:07:21  1 of 4 OK created sql table model twitter_kafka_pyspark_test.distinct_data ..... [[32mCREATE TABLE (1.1k rows, 638.3 KiB processed)[0m in 570.37s]
[2023-06-21T01:07:22.488+0000] {subprocess.py:93} INFO - [0m01:07:22  4 of 4 OK created sql view model twitter_kafka_pyspark_test.my_second_dbt_model  [[32mCREATE VIEW (0 processed)[0m in 1.11s]
[2023-06-21T01:07:22.589+0000] {subprocess.py:93} INFO - [0m01:07:22
[2023-06-21T01:07:22.591+0000] {subprocess.py:93} INFO - [0m01:07:22  Finished running 3 table models, 1 view model in 0 hours 9 minutes and 32.21 seconds (572.21s).
[2023-06-21T01:07:22.625+0000] {subprocess.py:93} INFO - [0m01:07:22
[2023-06-21T01:07:22.627+0000] {subprocess.py:93} INFO - [0m01:07:22  [32mCompleted successfully[0m
[2023-06-21T01:07:22.628+0000] {subprocess.py:93} INFO - [0m01:07:22
[2023-06-21T01:07:22.629+0000] {subprocess.py:93} INFO - [0m01:07:22  Done. PASS=4 WARN=0 ERROR=0 SKIP=0 TOTAL=4
[2023-06-21T01:07:23.108+0000] {subprocess.py:97} INFO - Command exited with return code 0
[2023-06-21T01:07:23.140+0000] {taskinstance.py:1332} INFO - Marking task as SUCCESS. dag_id=showpulse_dbt_dag, task_id=dbt_run, execution_date=20230621T005644, start_date=20230621T005748, end_date=20230621T010723
[2023-06-21T01:07:23.175+0000] {local_task_job.py:212} INFO - Task exited with return code 0
[2023-06-21T01:07:23.191+0000] {taskinstance.py:2596} INFO - 0 downstream tasks scheduled from follow-on schedule check
