[2023-06-22T20:45:15.343+0000] {taskinstance.py:1090} INFO - Dependencies all met for dep_context=non-requeueable deps ti=<TaskInstance: showpulse_dbt_dag.dbt_run scheduled__2023-06-22T20:32:57.106367+00:00 [queued]>
[2023-06-22T20:45:15.349+0000] {taskinstance.py:1090} INFO - Dependencies all met for dep_context=requeueable deps ti=<TaskInstance: showpulse_dbt_dag.dbt_run scheduled__2023-06-22T20:32:57.106367+00:00 [queued]>
[2023-06-22T20:45:15.350+0000] {taskinstance.py:1288} INFO - 
--------------------------------------------------------------------------------
[2023-06-22T20:45:15.351+0000] {taskinstance.py:1289} INFO - Starting attempt 1 of 1
[2023-06-22T20:45:15.351+0000] {taskinstance.py:1290} INFO - 
--------------------------------------------------------------------------------
[2023-06-22T20:45:15.359+0000] {taskinstance.py:1309} INFO - Executing <Task(BashOperator): dbt_run> on 2023-06-22 20:32:57.106367+00:00
[2023-06-22T20:45:15.363+0000] {standard_task_runner.py:55} INFO - Started process 18040 to run task
[2023-06-22T20:45:15.366+0000] {standard_task_runner.py:82} INFO - Running: ['***', 'tasks', 'run', 'showpulse_dbt_dag', 'dbt_run', 'scheduled__2023-06-22T20:32:57.106367+00:00', '--job-id', '2086', '--raw', '--subdir', 'DAGS_FOLDER/dbt_run.py', '--cfg-path', '/tmp/tmp3p5knrsh']
[2023-06-22T20:45:15.367+0000] {standard_task_runner.py:83} INFO - Job 2086: Subtask dbt_run
[2023-06-22T20:45:15.421+0000] {task_command.py:389} INFO - Running <TaskInstance: showpulse_dbt_dag.dbt_run scheduled__2023-06-22T20:32:57.106367+00:00 [running]> on host 62cfed75eae1
[2023-06-22T20:45:15.472+0000] {taskinstance.py:1518} INFO - Exporting the following env vars:
AIRFLOW_CTX_DAG_OWNER=nburkett
AIRFLOW_CTX_DAG_ID=showpulse_dbt_dag
AIRFLOW_CTX_TASK_ID=dbt_run
AIRFLOW_CTX_EXECUTION_DATE=2023-06-22T20:32:57.106367+00:00
AIRFLOW_CTX_TRY_NUMBER=1
AIRFLOW_CTX_DAG_RUN_ID=scheduled__2023-06-22T20:32:57.106367+00:00
[2023-06-22T20:45:15.473+0000] {subprocess.py:63} INFO - Tmp dir root location: 
 /tmp
[2023-06-22T20:45:15.475+0000] {subprocess.py:75} INFO - Running command: ['/bin/bash', '-c', 'cd /dbt/ticketmaster_transformation && dbt run']
[2023-06-22T20:45:15.487+0000] {subprocess.py:86} INFO - Output:
[2023-06-22T20:45:16.816+0000] {subprocess.py:93} INFO - [0m20:45:16  Running with dbt=1.5.1
[2023-06-22T20:45:17.350+0000] {subprocess.py:93} INFO - [0m20:45:17  Found 4 models, 0 tests, 0 snapshots, 0 analyses, 356 macros, 0 operations, 0 seed files, 3 sources, 0 exposures, 0 metrics, 0 groups
[2023-06-22T20:45:17.353+0000] {subprocess.py:93} INFO - [0m20:45:17
[2023-06-22T20:45:18.022+0000] {subprocess.py:93} INFO - [0m20:45:18  Concurrency: 4 threads (target='dev')
[2023-06-22T20:45:18.025+0000] {subprocess.py:93} INFO - [0m20:45:18
[2023-06-22T20:45:18.038+0000] {subprocess.py:93} INFO - [0m20:45:18  1 of 4 START sql table model twitter_kafka_pyspark_test.distinct_data .......... [RUN]
[2023-06-22T20:45:18.041+0000] {subprocess.py:93} INFO - [0m20:45:18  2 of 4 START sql table model twitter_kafka_pyspark_test.dm_events .............. [RUN]
[2023-06-22T20:45:18.043+0000] {subprocess.py:93} INFO - [0m20:45:18  3 of 4 START sql table model twitter_kafka_pyspark_test.my_first_dbt_model ..... [RUN]
[2023-06-22T20:45:20.441+0000] {subprocess.py:93} INFO - [0m20:45:20  3 of 4 OK created sql table model twitter_kafka_pyspark_test.my_first_dbt_model  [[32mCREATE TABLE (2.0 rows, 0 processed)[0m in 2.39s]
[2023-06-22T20:45:20.446+0000] {subprocess.py:93} INFO - [0m20:45:20  4 of 4 START sql view model twitter_kafka_pyspark_test.my_second_dbt_model ..... [RUN]
[2023-06-22T20:45:20.596+0000] {subprocess.py:93} INFO - [0m20:45:20  1 of 4 OK created sql table model twitter_kafka_pyspark_test.distinct_data ..... [[32mCREATE TABLE (1.1k rows, 638.3 KiB processed)[0m in 2.55s]
[2023-06-22T20:45:20.641+0000] {subprocess.py:93} INFO - [0m20:45:20  2 of 4 OK created sql table model twitter_kafka_pyspark_test.dm_events ......... [[32mCREATE TABLE (1.3k rows, 178.2 KiB processed)[0m in 2.59s]
[2023-06-22T20:45:21.292+0000] {subprocess.py:93} INFO - [0m20:45:21  4 of 4 OK created sql view model twitter_kafka_pyspark_test.my_second_dbt_model  [[32mCREATE VIEW (0 processed)[0m in 0.84s]
[2023-06-22T20:45:21.368+0000] {subprocess.py:93} INFO - [0m20:45:21
[2023-06-22T20:45:21.369+0000] {subprocess.py:93} INFO - [0m20:45:21  Finished running 3 table models, 1 view model in 0 hours 0 minutes and 4.01 seconds (4.01s).
[2023-06-22T20:45:21.384+0000] {subprocess.py:93} INFO - [0m20:45:21
[2023-06-22T20:45:21.385+0000] {subprocess.py:93} INFO - [0m20:45:21  [32mCompleted successfully[0m
[2023-06-22T20:45:21.386+0000] {subprocess.py:93} INFO - [0m20:45:21
[2023-06-22T20:45:21.387+0000] {subprocess.py:93} INFO - [0m20:45:21  Done. PASS=4 WARN=0 ERROR=0 SKIP=0 TOTAL=4
[2023-06-22T20:45:21.790+0000] {subprocess.py:97} INFO - Command exited with return code 0
[2023-06-22T20:45:21.815+0000] {taskinstance.py:1332} INFO - Marking task as SUCCESS. dag_id=showpulse_dbt_dag, task_id=dbt_run, execution_date=20230622T203257, start_date=20230622T204515, end_date=20230622T204521
[2023-06-22T20:45:21.877+0000] {local_task_job.py:212} INFO - Task exited with return code 0
[2023-06-22T20:45:21.892+0000] {taskinstance.py:2596} INFO - 0 downstream tasks scheduled from follow-on schedule check
