[2023-06-21T02:19:48.830+0000] {taskinstance.py:1090} INFO - Dependencies all met for dep_context=non-requeueable deps ti=<TaskInstance: showpulse_dbt_dag.dbt_run scheduled__2023-06-21T02:18:44.160406+00:00 [queued]>
[2023-06-21T02:19:48.837+0000] {taskinstance.py:1090} INFO - Dependencies all met for dep_context=requeueable deps ti=<TaskInstance: showpulse_dbt_dag.dbt_run scheduled__2023-06-21T02:18:44.160406+00:00 [queued]>
[2023-06-21T02:19:48.837+0000] {taskinstance.py:1288} INFO - 
--------------------------------------------------------------------------------
[2023-06-21T02:19:48.838+0000] {taskinstance.py:1289} INFO - Starting attempt 1 of 1
[2023-06-21T02:19:48.839+0000] {taskinstance.py:1290} INFO - 
--------------------------------------------------------------------------------
[2023-06-21T02:19:48.847+0000] {taskinstance.py:1309} INFO - Executing <Task(BashOperator): dbt_run> on 2023-06-21 02:18:44.160406+00:00
[2023-06-21T02:19:48.851+0000] {standard_task_runner.py:55} INFO - Started process 2207 to run task
[2023-06-21T02:19:48.855+0000] {standard_task_runner.py:82} INFO - Running: ['***', 'tasks', 'run', 'showpulse_dbt_dag', 'dbt_run', 'scheduled__2023-06-21T02:18:44.160406+00:00', '--job-id', '566', '--raw', '--subdir', 'DAGS_FOLDER/dbt_run.py', '--cfg-path', '/tmp/tmplvn4dthg']
[2023-06-21T02:19:48.856+0000] {standard_task_runner.py:83} INFO - Job 566: Subtask dbt_run
[2023-06-21T02:19:48.913+0000] {task_command.py:389} INFO - Running <TaskInstance: showpulse_dbt_dag.dbt_run scheduled__2023-06-21T02:18:44.160406+00:00 [running]> on host 62cfed75eae1
[2023-06-21T02:19:48.964+0000] {taskinstance.py:1518} INFO - Exporting the following env vars:
AIRFLOW_CTX_DAG_OWNER=nburkett
AIRFLOW_CTX_DAG_ID=showpulse_dbt_dag
AIRFLOW_CTX_TASK_ID=dbt_run
AIRFLOW_CTX_EXECUTION_DATE=2023-06-21T02:18:44.160406+00:00
AIRFLOW_CTX_TRY_NUMBER=1
AIRFLOW_CTX_DAG_RUN_ID=scheduled__2023-06-21T02:18:44.160406+00:00
[2023-06-21T02:19:48.965+0000] {subprocess.py:63} INFO - Tmp dir root location: 
 /tmp
[2023-06-21T02:19:48.966+0000] {subprocess.py:75} INFO - Running command: ['/bin/bash', '-c', 'cd /dbt/ticketmaster_transformation && dbt run']
[2023-06-21T02:19:48.974+0000] {subprocess.py:86} INFO - Output:
[2023-06-21T02:19:50.269+0000] {subprocess.py:93} INFO - [0m02:19:50  Running with dbt=1.5.1
[2023-06-21T02:19:50.773+0000] {subprocess.py:93} INFO - [0m02:19:50  Found 4 models, 0 tests, 0 snapshots, 0 analyses, 356 macros, 0 operations, 0 seed files, 3 sources, 0 exposures, 0 metrics, 0 groups
[2023-06-21T02:19:50.776+0000] {subprocess.py:93} INFO - [0m02:19:50
[2023-06-21T02:19:51.618+0000] {subprocess.py:93} INFO - [0m02:19:51  Concurrency: 4 threads (target='dev')
[2023-06-21T02:19:51.622+0000] {subprocess.py:93} INFO - [0m02:19:51
[2023-06-21T02:19:51.640+0000] {subprocess.py:93} INFO - [0m02:19:51  1 of 4 START sql table model twitter_kafka_pyspark_test.distinct_data .......... [RUN]
[2023-06-21T02:19:51.643+0000] {subprocess.py:93} INFO - [0m02:19:51  2 of 4 START sql table model twitter_kafka_pyspark_test.dm_events .............. [RUN]
[2023-06-21T02:19:51.646+0000] {subprocess.py:93} INFO - [0m02:19:51  3 of 4 START sql table model twitter_kafka_pyspark_test.my_first_dbt_model ..... [RUN]
[2023-06-21T02:19:54.526+0000] {subprocess.py:93} INFO - [0m02:19:54  3 of 4 OK created sql table model twitter_kafka_pyspark_test.my_first_dbt_model  [[32mCREATE TABLE (2.0 rows, 0 processed)[0m in 2.87s]
[2023-06-21T02:19:54.534+0000] {subprocess.py:93} INFO - [0m02:19:54  4 of 4 START sql view model twitter_kafka_pyspark_test.my_second_dbt_model ..... [RUN]
[2023-06-21T02:19:54.552+0000] {subprocess.py:93} INFO - [0m02:19:54  2 of 4 OK created sql table model twitter_kafka_pyspark_test.dm_events ......... [[32mCREATE TABLE (1.3k rows, 178.2 KiB processed)[0m in 2.90s]
[2023-06-21T02:19:54.706+0000] {subprocess.py:93} INFO - [0m02:19:54  1 of 4 OK created sql table model twitter_kafka_pyspark_test.distinct_data ..... [[32mCREATE TABLE (1.1k rows, 638.3 KiB processed)[0m in 3.06s]
[2023-06-21T02:19:55.574+0000] {subprocess.py:93} INFO - [0m02:19:55  4 of 4 OK created sql view model twitter_kafka_pyspark_test.my_second_dbt_model  [[32mCREATE VIEW (0 processed)[0m in 1.03s]
[2023-06-21T02:19:55.618+0000] {subprocess.py:93} INFO - [0m02:19:55
[2023-06-21T02:19:55.621+0000] {subprocess.py:93} INFO - [0m02:19:55  Finished running 3 table models, 1 view model in 0 hours 0 minutes and 4.84 seconds (4.84s).
[2023-06-21T02:19:55.654+0000] {subprocess.py:93} INFO - [0m02:19:55
[2023-06-21T02:19:55.656+0000] {subprocess.py:93} INFO - [0m02:19:55  [32mCompleted successfully[0m
[2023-06-21T02:19:55.659+0000] {subprocess.py:93} INFO - [0m02:19:55
[2023-06-21T02:19:55.661+0000] {subprocess.py:93} INFO - [0m02:19:55  Done. PASS=4 WARN=0 ERROR=0 SKIP=0 TOTAL=4
[2023-06-21T02:19:56.112+0000] {subprocess.py:97} INFO - Command exited with return code 0
[2023-06-21T02:19:56.136+0000] {taskinstance.py:1332} INFO - Marking task as SUCCESS. dag_id=showpulse_dbt_dag, task_id=dbt_run, execution_date=20230621T021844, start_date=20230621T021948, end_date=20230621T021956
[2023-06-21T02:19:56.198+0000] {local_task_job.py:212} INFO - Task exited with return code 0
[2023-06-21T02:19:56.213+0000] {taskinstance.py:2596} INFO - 0 downstream tasks scheduled from follow-on schedule check
