[2023-06-21T23:27:14.593+0000] {taskinstance.py:1090} INFO - Dependencies all met for dep_context=non-requeueable deps ti=<TaskInstance: showpulse_dbt_dag.pwd1 scheduled__2023-06-21T23:26:12.666830+00:00 [queued]>
[2023-06-21T23:27:14.602+0000] {taskinstance.py:1090} INFO - Dependencies all met for dep_context=requeueable deps ti=<TaskInstance: showpulse_dbt_dag.pwd1 scheduled__2023-06-21T23:26:12.666830+00:00 [queued]>
[2023-06-21T23:27:14.603+0000] {taskinstance.py:1288} INFO - 
--------------------------------------------------------------------------------
[2023-06-21T23:27:14.604+0000] {taskinstance.py:1289} INFO - Starting attempt 1 of 1
[2023-06-21T23:27:14.605+0000] {taskinstance.py:1290} INFO - 
--------------------------------------------------------------------------------
[2023-06-21T23:27:14.619+0000] {taskinstance.py:1309} INFO - Executing <Task(BashOperator): pwd1> on 2023-06-21 23:26:12.666830+00:00
[2023-06-21T23:27:14.624+0000] {standard_task_runner.py:55} INFO - Started process 7354 to run task
[2023-06-21T23:27:14.630+0000] {standard_task_runner.py:82} INFO - Running: ['***', 'tasks', 'run', 'showpulse_dbt_dag', 'pwd1', 'scheduled__2023-06-21T23:26:12.666830+00:00', '--job-id', '1127', '--raw', '--subdir', 'DAGS_FOLDER/dbt_run.py', '--cfg-path', '/tmp/tmpld034wnn']
[2023-06-21T23:27:14.631+0000] {standard_task_runner.py:83} INFO - Job 1127: Subtask pwd1
[2023-06-21T23:27:14.706+0000] {task_command.py:389} INFO - Running <TaskInstance: showpulse_dbt_dag.pwd1 scheduled__2023-06-21T23:26:12.666830+00:00 [running]> on host 62cfed75eae1
[2023-06-21T23:27:14.780+0000] {taskinstance.py:1518} INFO - Exporting the following env vars:
AIRFLOW_CTX_DAG_OWNER=nburkett
AIRFLOW_CTX_DAG_ID=showpulse_dbt_dag
AIRFLOW_CTX_TASK_ID=pwd1
AIRFLOW_CTX_EXECUTION_DATE=2023-06-21T23:26:12.666830+00:00
AIRFLOW_CTX_TRY_NUMBER=1
AIRFLOW_CTX_DAG_RUN_ID=scheduled__2023-06-21T23:26:12.666830+00:00
[2023-06-21T23:27:14.781+0000] {subprocess.py:63} INFO - Tmp dir root location: 
 /tmp
[2023-06-21T23:27:14.782+0000] {subprocess.py:75} INFO - Running command: ['/bin/bash', '-c', 'pwd && ls']
[2023-06-21T23:27:14.793+0000] {subprocess.py:86} INFO - Output:
[2023-06-21T23:27:14.832+0000] {subprocess.py:93} INFO - /tmp/***tmps9l7zhav
[2023-06-21T23:27:14.833+0000] {subprocess.py:97} INFO - Command exited with return code 0
[2023-06-21T23:27:14.860+0000] {taskinstance.py:1332} INFO - Marking task as SUCCESS. dag_id=showpulse_dbt_dag, task_id=pwd1, execution_date=20230621T232612, start_date=20230621T232714, end_date=20230621T232714
[2023-06-21T23:27:14.884+0000] {local_task_job.py:212} INFO - Task exited with return code 0
[2023-06-21T23:27:14.911+0000] {taskinstance.py:2596} INFO - 1 downstream tasks scheduled from follow-on schedule check
