[2023-06-22T00:56:36.166+0000] {taskinstance.py:1090} INFO - Dependencies all met for dep_context=non-requeueable deps ti=<TaskInstance: showpulse_dbt_dag.dbt_run scheduled__2023-06-22T00:55:32.430820+00:00 [queued]>
[2023-06-22T00:56:36.172+0000] {taskinstance.py:1090} INFO - Dependencies all met for dep_context=requeueable deps ti=<TaskInstance: showpulse_dbt_dag.dbt_run scheduled__2023-06-22T00:55:32.430820+00:00 [queued]>
[2023-06-22T00:56:36.173+0000] {taskinstance.py:1288} INFO - 
--------------------------------------------------------------------------------
[2023-06-22T00:56:36.173+0000] {taskinstance.py:1289} INFO - Starting attempt 1 of 1
[2023-06-22T00:56:36.174+0000] {taskinstance.py:1290} INFO - 
--------------------------------------------------------------------------------
[2023-06-22T00:56:36.181+0000] {taskinstance.py:1309} INFO - Executing <Task(BashOperator): dbt_run> on 2023-06-22 00:55:32.430820+00:00
[2023-06-22T00:56:36.185+0000] {standard_task_runner.py:55} INFO - Started process 11625 to run task
[2023-06-22T00:56:36.188+0000] {standard_task_runner.py:82} INFO - Running: ['***', 'tasks', 'run', 'showpulse_dbt_dag', 'dbt_run', 'scheduled__2023-06-22T00:55:32.430820+00:00', '--job-id', '1466', '--raw', '--subdir', 'DAGS_FOLDER/dbt_run.py', '--cfg-path', '/tmp/tmphjhc9n7m']
[2023-06-22T00:56:36.189+0000] {standard_task_runner.py:83} INFO - Job 1466: Subtask dbt_run
[2023-06-22T00:56:36.241+0000] {task_command.py:389} INFO - Running <TaskInstance: showpulse_dbt_dag.dbt_run scheduled__2023-06-22T00:55:32.430820+00:00 [running]> on host 62cfed75eae1
[2023-06-22T00:56:36.290+0000] {taskinstance.py:1518} INFO - Exporting the following env vars:
AIRFLOW_CTX_DAG_OWNER=nburkett
AIRFLOW_CTX_DAG_ID=showpulse_dbt_dag
AIRFLOW_CTX_TASK_ID=dbt_run
AIRFLOW_CTX_EXECUTION_DATE=2023-06-22T00:55:32.430820+00:00
AIRFLOW_CTX_TRY_NUMBER=1
AIRFLOW_CTX_DAG_RUN_ID=scheduled__2023-06-22T00:55:32.430820+00:00
[2023-06-22T00:56:36.291+0000] {subprocess.py:63} INFO - Tmp dir root location: 
 /tmp
[2023-06-22T00:56:36.292+0000] {subprocess.py:75} INFO - Running command: ['/bin/bash', '-c', 'cd /dbt/ticketmaster_transformation && dbt run']
[2023-06-22T00:56:36.300+0000] {subprocess.py:86} INFO - Output:
[2023-06-22T00:56:37.548+0000] {subprocess.py:93} INFO - [0m00:56:37  Running with dbt=1.5.1
[2023-06-22T00:56:38.090+0000] {subprocess.py:93} INFO - [0m00:56:38  Found 4 models, 0 tests, 0 snapshots, 0 analyses, 356 macros, 0 operations, 0 seed files, 3 sources, 0 exposures, 0 metrics, 0 groups
[2023-06-22T00:56:38.092+0000] {subprocess.py:93} INFO - [0m00:56:38
[2023-06-22T00:56:39.001+0000] {subprocess.py:93} INFO - [0m00:56:39  Concurrency: 4 threads (target='dev')
[2023-06-22T00:56:39.004+0000] {subprocess.py:93} INFO - [0m00:56:39
[2023-06-22T00:56:39.020+0000] {subprocess.py:93} INFO - [0m00:56:39  1 of 4 START sql table model twitter_kafka_pyspark_test.distinct_data .......... [RUN]
[2023-06-22T00:56:39.023+0000] {subprocess.py:93} INFO - [0m00:56:39  2 of 4 START sql table model twitter_kafka_pyspark_test.dm_events .............. [RUN]
[2023-06-22T00:56:39.025+0000] {subprocess.py:93} INFO - [0m00:56:39  3 of 4 START sql table model twitter_kafka_pyspark_test.my_first_dbt_model ..... [RUN]
[2023-06-22T00:56:41.986+0000] {subprocess.py:93} INFO - [0m00:56:41  1 of 4 OK created sql table model twitter_kafka_pyspark_test.distinct_data ..... [[32mCREATE TABLE (1.1k rows, 638.3 KiB processed)[0m in 2.95s]
[2023-06-22T00:56:42.018+0000] {subprocess.py:93} INFO - [0m00:56:42  3 of 4 OK created sql table model twitter_kafka_pyspark_test.my_first_dbt_model  [[32mCREATE TABLE (2.0 rows, 0 processed)[0m in 2.98s]
[2023-06-22T00:56:42.023+0000] {subprocess.py:93} INFO - [0m00:56:42  2 of 4 OK created sql table model twitter_kafka_pyspark_test.dm_events ......... [[32mCREATE TABLE (1.3k rows, 178.2 KiB processed)[0m in 2.99s]
[2023-06-22T00:56:42.027+0000] {subprocess.py:93} INFO - [0m00:56:42  4 of 4 START sql view model twitter_kafka_pyspark_test.my_second_dbt_model ..... [RUN]
[2023-06-22T00:56:42.948+0000] {subprocess.py:93} INFO - [0m00:56:42  4 of 4 OK created sql view model twitter_kafka_pyspark_test.my_second_dbt_model  [[32mCREATE VIEW (0 processed)[0m in 0.92s]
[2023-06-22T00:56:43.049+0000] {subprocess.py:93} INFO - [0m00:56:43
[2023-06-22T00:56:43.052+0000] {subprocess.py:93} INFO - [0m00:56:43  Finished running 3 table models, 1 view model in 0 hours 0 minutes and 4.96 seconds (4.96s).
[2023-06-22T00:56:43.083+0000] {subprocess.py:93} INFO - [0m00:56:43
[2023-06-22T00:56:43.086+0000] {subprocess.py:93} INFO - [0m00:56:43  [32mCompleted successfully[0m
[2023-06-22T00:56:43.087+0000] {subprocess.py:93} INFO - [0m00:56:43
[2023-06-22T00:56:43.088+0000] {subprocess.py:93} INFO - [0m00:56:43  Done. PASS=4 WARN=0 ERROR=0 SKIP=0 TOTAL=4
[2023-06-22T00:56:43.575+0000] {subprocess.py:97} INFO - Command exited with return code 0
[2023-06-22T00:56:43.603+0000] {taskinstance.py:1332} INFO - Marking task as SUCCESS. dag_id=showpulse_dbt_dag, task_id=dbt_run, execution_date=20230622T005532, start_date=20230622T005636, end_date=20230622T005643
[2023-06-22T00:56:43.654+0000] {local_task_job.py:212} INFO - Task exited with return code 0
[2023-06-22T00:56:43.669+0000] {taskinstance.py:2596} INFO - 0 downstream tasks scheduled from follow-on schedule check
