[2023-06-21T15:40:20.206+0000] {taskinstance.py:1090} INFO - Dependencies all met for dep_context=non-requeueable deps ti=<TaskInstance: showpulse_dbt_dag.dbt_run scheduled__2023-06-21T15:39:15.468077+00:00 [queued]>
[2023-06-21T15:40:20.212+0000] {taskinstance.py:1090} INFO - Dependencies all met for dep_context=requeueable deps ti=<TaskInstance: showpulse_dbt_dag.dbt_run scheduled__2023-06-21T15:39:15.468077+00:00 [queued]>
[2023-06-21T15:40:20.213+0000] {taskinstance.py:1288} INFO - 
--------------------------------------------------------------------------------
[2023-06-21T15:40:20.214+0000] {taskinstance.py:1289} INFO - Starting attempt 1 of 1
[2023-06-21T15:40:20.214+0000] {taskinstance.py:1290} INFO - 
--------------------------------------------------------------------------------
[2023-06-21T15:40:20.222+0000] {taskinstance.py:1309} INFO - Executing <Task(BashOperator): dbt_run> on 2023-06-21 15:39:15.468077+00:00
[2023-06-21T15:40:20.225+0000] {standard_task_runner.py:55} INFO - Started process 4499 to run task
[2023-06-21T15:40:20.228+0000] {standard_task_runner.py:82} INFO - Running: ['***', 'tasks', 'run', 'showpulse_dbt_dag', 'dbt_run', 'scheduled__2023-06-21T15:39:15.468077+00:00', '--job-id', '814', '--raw', '--subdir', 'DAGS_FOLDER/dbt_run.py', '--cfg-path', '/tmp/tmpwq4gllyu']
[2023-06-21T15:40:20.229+0000] {standard_task_runner.py:83} INFO - Job 814: Subtask dbt_run
[2023-06-21T15:40:20.281+0000] {task_command.py:389} INFO - Running <TaskInstance: showpulse_dbt_dag.dbt_run scheduled__2023-06-21T15:39:15.468077+00:00 [running]> on host 62cfed75eae1
[2023-06-21T15:40:20.331+0000] {taskinstance.py:1518} INFO - Exporting the following env vars:
AIRFLOW_CTX_DAG_OWNER=nburkett
AIRFLOW_CTX_DAG_ID=showpulse_dbt_dag
AIRFLOW_CTX_TASK_ID=dbt_run
AIRFLOW_CTX_EXECUTION_DATE=2023-06-21T15:39:15.468077+00:00
AIRFLOW_CTX_TRY_NUMBER=1
AIRFLOW_CTX_DAG_RUN_ID=scheduled__2023-06-21T15:39:15.468077+00:00
[2023-06-21T15:40:20.333+0000] {subprocess.py:63} INFO - Tmp dir root location: 
 /tmp
[2023-06-21T15:40:20.334+0000] {subprocess.py:75} INFO - Running command: ['/bin/bash', '-c', 'cd /dbt/ticketmaster_transformation && dbt run']
[2023-06-21T15:40:20.342+0000] {subprocess.py:86} INFO - Output:
[2023-06-21T15:40:21.621+0000] {subprocess.py:93} INFO - [0m15:40:21  Running with dbt=1.5.1
[2023-06-21T15:40:22.118+0000] {subprocess.py:93} INFO - [0m15:40:22  Found 4 models, 0 tests, 0 snapshots, 0 analyses, 356 macros, 0 operations, 0 seed files, 3 sources, 0 exposures, 0 metrics, 0 groups
[2023-06-21T15:40:22.121+0000] {subprocess.py:93} INFO - [0m15:40:22
[2023-06-21T15:40:22.819+0000] {subprocess.py:93} INFO - [0m15:40:22  Concurrency: 4 threads (target='dev')
[2023-06-21T15:40:22.823+0000] {subprocess.py:93} INFO - [0m15:40:22
[2023-06-21T15:40:22.837+0000] {subprocess.py:93} INFO - [0m15:40:22  1 of 4 START sql table model twitter_kafka_pyspark_test.distinct_data .......... [RUN]
[2023-06-21T15:40:22.838+0000] {subprocess.py:93} INFO - [0m15:40:22  2 of 4 START sql table model twitter_kafka_pyspark_test.dm_events .............. [RUN]
[2023-06-21T15:40:22.839+0000] {subprocess.py:93} INFO - [0m15:40:22  3 of 4 START sql table model twitter_kafka_pyspark_test.my_first_dbt_model ..... [RUN]
[2023-06-21T15:40:25.103+0000] {subprocess.py:93} INFO - [0m15:40:25  1 of 4 OK created sql table model twitter_kafka_pyspark_test.distinct_data ..... [[32mCREATE TABLE (1.1k rows, 638.3 KiB processed)[0m in 2.26s]
[2023-06-21T15:40:25.772+0000] {subprocess.py:93} INFO - [0m15:40:25  3 of 4 OK created sql table model twitter_kafka_pyspark_test.my_first_dbt_model  [[32mCREATE TABLE (2.0 rows, 0 processed)[0m in 2.93s]
[2023-06-21T15:40:25.780+0000] {subprocess.py:93} INFO - [0m15:40:25  4 of 4 START sql view model twitter_kafka_pyspark_test.my_second_dbt_model ..... [RUN]
[2023-06-21T15:40:25.989+0000] {subprocess.py:93} INFO - [0m15:40:25  2 of 4 OK created sql table model twitter_kafka_pyspark_test.dm_events ......... [[32mCREATE TABLE (1.3k rows, 178.2 KiB processed)[0m in 3.15s]
[2023-06-21T15:40:26.639+0000] {subprocess.py:93} INFO - [0m15:40:26  4 of 4 OK created sql view model twitter_kafka_pyspark_test.my_second_dbt_model  [[32mCREATE VIEW (0 processed)[0m in 0.86s]
[2023-06-21T15:40:26.708+0000] {subprocess.py:93} INFO - [0m15:40:26
[2023-06-21T15:40:26.709+0000] {subprocess.py:93} INFO - [0m15:40:26  Finished running 3 table models, 1 view model in 0 hours 0 minutes and 4.59 seconds (4.59s).
[2023-06-21T15:40:26.731+0000] {subprocess.py:93} INFO - [0m15:40:26
[2023-06-21T15:40:26.732+0000] {subprocess.py:93} INFO - [0m15:40:26  [32mCompleted successfully[0m
[2023-06-21T15:40:26.734+0000] {subprocess.py:93} INFO - [0m15:40:26
[2023-06-21T15:40:26.736+0000] {subprocess.py:93} INFO - [0m15:40:26  Done. PASS=4 WARN=0 ERROR=0 SKIP=0 TOTAL=4
[2023-06-21T15:40:27.174+0000] {subprocess.py:97} INFO - Command exited with return code 0
[2023-06-21T15:40:27.198+0000] {taskinstance.py:1332} INFO - Marking task as SUCCESS. dag_id=showpulse_dbt_dag, task_id=dbt_run, execution_date=20230621T153915, start_date=20230621T154020, end_date=20230621T154027
[2023-06-21T15:40:27.227+0000] {local_task_job.py:212} INFO - Task exited with return code 0
[2023-06-21T15:40:27.241+0000] {taskinstance.py:2596} INFO - 0 downstream tasks scheduled from follow-on schedule check
