[2023-06-22T00:21:24.782+0000] {taskinstance.py:1090} INFO - Dependencies all met for dep_context=non-requeueable deps ti=<TaskInstance: showpulse_dbt_dag.dbt_run scheduled__2023-06-22T00:20:19.542692+00:00 [queued]>
[2023-06-22T00:21:24.788+0000] {taskinstance.py:1090} INFO - Dependencies all met for dep_context=requeueable deps ti=<TaskInstance: showpulse_dbt_dag.dbt_run scheduled__2023-06-22T00:20:19.542692+00:00 [queued]>
[2023-06-22T00:21:24.789+0000] {taskinstance.py:1288} INFO - 
--------------------------------------------------------------------------------
[2023-06-22T00:21:24.789+0000] {taskinstance.py:1289} INFO - Starting attempt 1 of 1
[2023-06-22T00:21:24.790+0000] {taskinstance.py:1290} INFO - 
--------------------------------------------------------------------------------
[2023-06-22T00:21:24.797+0000] {taskinstance.py:1309} INFO - Executing <Task(BashOperator): dbt_run> on 2023-06-22 00:20:19.542692+00:00
[2023-06-22T00:21:24.801+0000] {standard_task_runner.py:55} INFO - Started process 9957 to run task
[2023-06-22T00:21:24.804+0000] {standard_task_runner.py:82} INFO - Running: ['***', 'tasks', 'run', 'showpulse_dbt_dag', 'dbt_run', 'scheduled__2023-06-22T00:20:19.542692+00:00', '--job-id', '1338', '--raw', '--subdir', 'DAGS_FOLDER/dbt_run.py', '--cfg-path', '/tmp/tmpknhqxazh']
[2023-06-22T00:21:24.805+0000] {standard_task_runner.py:83} INFO - Job 1338: Subtask dbt_run
[2023-06-22T00:21:24.861+0000] {task_command.py:389} INFO - Running <TaskInstance: showpulse_dbt_dag.dbt_run scheduled__2023-06-22T00:20:19.542692+00:00 [running]> on host 62cfed75eae1
[2023-06-22T00:21:24.923+0000] {taskinstance.py:1518} INFO - Exporting the following env vars:
AIRFLOW_CTX_DAG_OWNER=nburkett
AIRFLOW_CTX_DAG_ID=showpulse_dbt_dag
AIRFLOW_CTX_TASK_ID=dbt_run
AIRFLOW_CTX_EXECUTION_DATE=2023-06-22T00:20:19.542692+00:00
AIRFLOW_CTX_TRY_NUMBER=1
AIRFLOW_CTX_DAG_RUN_ID=scheduled__2023-06-22T00:20:19.542692+00:00
[2023-06-22T00:21:24.925+0000] {subprocess.py:63} INFO - Tmp dir root location: 
 /tmp
[2023-06-22T00:21:24.926+0000] {subprocess.py:75} INFO - Running command: ['/bin/bash', '-c', 'cd /dbt/ticketmaster_transformation && dbt run']
[2023-06-22T00:21:24.936+0000] {subprocess.py:86} INFO - Output:
[2023-06-22T00:21:26.286+0000] {subprocess.py:93} INFO - [0m00:21:26  Running with dbt=1.5.1
[2023-06-22T00:21:26.788+0000] {subprocess.py:93} INFO - [0m00:21:26  Found 4 models, 0 tests, 0 snapshots, 0 analyses, 356 macros, 0 operations, 0 seed files, 3 sources, 0 exposures, 0 metrics, 0 groups
[2023-06-22T00:21:26.791+0000] {subprocess.py:93} INFO - [0m00:21:26
[2023-06-22T00:21:27.644+0000] {subprocess.py:93} INFO - [0m00:21:27  Concurrency: 4 threads (target='dev')
[2023-06-22T00:21:27.646+0000] {subprocess.py:93} INFO - [0m00:21:27
[2023-06-22T00:21:27.656+0000] {subprocess.py:93} INFO - [0m00:21:27  1 of 4 START sql table model twitter_kafka_pyspark_test.distinct_data .......... [RUN]
[2023-06-22T00:21:27.659+0000] {subprocess.py:93} INFO - [0m00:21:27  2 of 4 START sql table model twitter_kafka_pyspark_test.dm_events .............. [RUN]
[2023-06-22T00:21:27.660+0000] {subprocess.py:93} INFO - [0m00:21:27  3 of 4 START sql table model twitter_kafka_pyspark_test.my_first_dbt_model ..... [RUN]
[2023-06-22T00:21:30.394+0000] {subprocess.py:93} INFO - [0m00:21:30  3 of 4 OK created sql table model twitter_kafka_pyspark_test.my_first_dbt_model  [[32mCREATE TABLE (2.0 rows, 0 processed)[0m in 2.73s]
[2023-06-22T00:21:30.401+0000] {subprocess.py:93} INFO - [0m00:21:30  4 of 4 START sql view model twitter_kafka_pyspark_test.my_second_dbt_model ..... [RUN]
[2023-06-22T00:21:30.549+0000] {subprocess.py:93} INFO - [0m00:21:30  2 of 4 OK created sql table model twitter_kafka_pyspark_test.dm_events ......... [[32mCREATE TABLE (1.3k rows, 178.2 KiB processed)[0m in 2.88s]
[2023-06-22T00:21:30.591+0000] {subprocess.py:93} INFO - [0m00:21:30  1 of 4 OK created sql table model twitter_kafka_pyspark_test.distinct_data ..... [[32mCREATE TABLE (1.1k rows, 638.3 KiB processed)[0m in 2.93s]
[2023-06-22T00:21:31.187+0000] {subprocess.py:93} INFO - [0m00:21:31  4 of 4 OK created sql view model twitter_kafka_pyspark_test.my_second_dbt_model  [[32mCREATE VIEW (0 processed)[0m in 0.78s]
[2023-06-22T00:21:31.213+0000] {subprocess.py:93} INFO - [0m00:21:31
[2023-06-22T00:21:31.215+0000] {subprocess.py:93} INFO - [0m00:21:31  Finished running 3 table models, 1 view model in 0 hours 0 minutes and 4.42 seconds (4.42s).
[2023-06-22T00:21:31.244+0000] {subprocess.py:93} INFO - [0m00:21:31
[2023-06-22T00:21:31.245+0000] {subprocess.py:93} INFO - [0m00:21:31  [32mCompleted successfully[0m
[2023-06-22T00:21:31.246+0000] {subprocess.py:93} INFO - [0m00:21:31
[2023-06-22T00:21:31.248+0000] {subprocess.py:93} INFO - [0m00:21:31  Done. PASS=4 WARN=0 ERROR=0 SKIP=0 TOTAL=4
[2023-06-22T00:21:31.721+0000] {subprocess.py:97} INFO - Command exited with return code 0
[2023-06-22T00:21:31.746+0000] {taskinstance.py:1332} INFO - Marking task as SUCCESS. dag_id=showpulse_dbt_dag, task_id=dbt_run, execution_date=20230622T002019, start_date=20230622T002124, end_date=20230622T002131
[2023-06-22T00:21:31.804+0000] {local_task_job.py:212} INFO - Task exited with return code 0
[2023-06-22T00:21:31.819+0000] {taskinstance.py:2596} INFO - 0 downstream tasks scheduled from follow-on schedule check
