[2023-06-23T02:09:36.552+0000] {taskinstance.py:1090} INFO - Dependencies all met for dep_context=non-requeueable deps ti=<TaskInstance: showpulse_dbt_dag.dbt_run scheduled__2023-06-23T02:08:31.696804+00:00 [queued]>
[2023-06-23T02:09:36.560+0000] {taskinstance.py:1090} INFO - Dependencies all met for dep_context=requeueable deps ti=<TaskInstance: showpulse_dbt_dag.dbt_run scheduled__2023-06-23T02:08:31.696804+00:00 [queued]>
[2023-06-23T02:09:36.560+0000] {taskinstance.py:1288} INFO - 
--------------------------------------------------------------------------------
[2023-06-23T02:09:36.561+0000] {taskinstance.py:1289} INFO - Starting attempt 1 of 1
[2023-06-23T02:09:36.561+0000] {taskinstance.py:1290} INFO - 
--------------------------------------------------------------------------------
[2023-06-23T02:09:36.571+0000] {taskinstance.py:1309} INFO - Executing <Task(BashOperator): dbt_run> on 2023-06-23 02:08:31.696804+00:00
[2023-06-23T02:09:36.575+0000] {standard_task_runner.py:55} INFO - Started process 25093 to run task
[2023-06-23T02:09:36.579+0000] {standard_task_runner.py:82} INFO - Running: ['***', 'tasks', 'run', 'showpulse_dbt_dag', 'dbt_run', 'scheduled__2023-06-23T02:08:31.696804+00:00', '--job-id', '2706', '--raw', '--subdir', 'DAGS_FOLDER/dbt_run.py', '--cfg-path', '/tmp/tmp6676hzf7']
[2023-06-23T02:09:36.580+0000] {standard_task_runner.py:83} INFO - Job 2706: Subtask dbt_run
[2023-06-23T02:09:36.643+0000] {task_command.py:389} INFO - Running <TaskInstance: showpulse_dbt_dag.dbt_run scheduled__2023-06-23T02:08:31.696804+00:00 [running]> on host 62cfed75eae1
[2023-06-23T02:09:36.706+0000] {taskinstance.py:1518} INFO - Exporting the following env vars:
AIRFLOW_CTX_DAG_OWNER=nburkett
AIRFLOW_CTX_DAG_ID=showpulse_dbt_dag
AIRFLOW_CTX_TASK_ID=dbt_run
AIRFLOW_CTX_EXECUTION_DATE=2023-06-23T02:08:31.696804+00:00
AIRFLOW_CTX_TRY_NUMBER=1
AIRFLOW_CTX_DAG_RUN_ID=scheduled__2023-06-23T02:08:31.696804+00:00
[2023-06-23T02:09:36.708+0000] {subprocess.py:63} INFO - Tmp dir root location: 
 /tmp
[2023-06-23T02:09:36.710+0000] {subprocess.py:75} INFO - Running command: ['/bin/bash', '-c', 'cd /dbt/ticketmaster_transformation && dbt run']
[2023-06-23T02:09:36.726+0000] {subprocess.py:86} INFO - Output:
[2023-06-23T02:09:38.226+0000] {subprocess.py:93} INFO - [0m02:09:38  Running with dbt=1.5.1
[2023-06-23T02:09:38.883+0000] {subprocess.py:93} INFO - [0m02:09:38  Found 4 models, 0 tests, 0 snapshots, 0 analyses, 356 macros, 0 operations, 0 seed files, 3 sources, 0 exposures, 0 metrics, 0 groups
[2023-06-23T02:09:38.886+0000] {subprocess.py:93} INFO - [0m02:09:38
[2023-06-23T02:09:40.037+0000] {subprocess.py:93} INFO - [0m02:09:40  Concurrency: 4 threads (target='dev')
[2023-06-23T02:09:40.039+0000] {subprocess.py:93} INFO - [0m02:09:40
[2023-06-23T02:09:40.048+0000] {subprocess.py:93} INFO - [0m02:09:40  1 of 4 START sql table model twitter_kafka_pyspark_test.distinct_data .......... [RUN]
[2023-06-23T02:09:40.049+0000] {subprocess.py:93} INFO - [0m02:09:40  2 of 4 START sql table model twitter_kafka_pyspark_test.dm_events .............. [RUN]
[2023-06-23T02:09:40.051+0000] {subprocess.py:93} INFO - [0m02:09:40  3 of 4 START sql table model twitter_kafka_pyspark_test.my_first_dbt_model ..... [RUN]
[2023-06-23T02:09:43.021+0000] {subprocess.py:93} INFO - [0m02:09:43  3 of 4 OK created sql table model twitter_kafka_pyspark_test.my_first_dbt_model  [[32mCREATE TABLE (2.0 rows, 0 processed)[0m in 2.96s]
[2023-06-23T02:09:43.035+0000] {subprocess.py:93} INFO - [0m02:09:43  4 of 4 START sql view model twitter_kafka_pyspark_test.my_second_dbt_model ..... [RUN]
[2023-06-23T02:09:43.237+0000] {subprocess.py:93} INFO - [0m02:09:43  2 of 4 OK created sql table model twitter_kafka_pyspark_test.dm_events ......... [[32mCREATE TABLE (49.0 rows, 7.2 KiB processed)[0m in 3.18s]
[2023-06-23T02:09:43.434+0000] {subprocess.py:93} INFO - [0m02:09:43  1 of 4 OK created sql table model twitter_kafka_pyspark_test.distinct_data ..... [[32mCREATE TABLE (49.0 rows, 25.2 KiB processed)[0m in 3.38s]
[2023-06-23T02:09:44.185+0000] {subprocess.py:93} INFO - [0m02:09:44  4 of 4 OK created sql view model twitter_kafka_pyspark_test.my_second_dbt_model  [[32mCREATE VIEW (0 processed)[0m in 1.14s]
[2023-06-23T02:09:44.236+0000] {subprocess.py:93} INFO - [0m02:09:44
[2023-06-23T02:09:44.238+0000] {subprocess.py:93} INFO - [0m02:09:44  Finished running 3 table models, 1 view model in 0 hours 0 minutes and 5.35 seconds (5.35s).
[2023-06-23T02:09:44.271+0000] {subprocess.py:93} INFO - [0m02:09:44
[2023-06-23T02:09:44.274+0000] {subprocess.py:93} INFO - [0m02:09:44  [32mCompleted successfully[0m
[2023-06-23T02:09:44.277+0000] {subprocess.py:93} INFO - [0m02:09:44
[2023-06-23T02:09:44.279+0000] {subprocess.py:93} INFO - [0m02:09:44  Done. PASS=4 WARN=0 ERROR=0 SKIP=0 TOTAL=4
[2023-06-23T02:09:44.793+0000] {subprocess.py:97} INFO - Command exited with return code 0
[2023-06-23T02:09:44.837+0000] {taskinstance.py:1332} INFO - Marking task as SUCCESS. dag_id=showpulse_dbt_dag, task_id=dbt_run, execution_date=20230623T020831, start_date=20230623T020936, end_date=20230623T020944
[2023-06-23T02:09:44.912+0000] {local_task_job.py:212} INFO - Task exited with return code 0
[2023-06-23T02:09:44.935+0000] {taskinstance.py:2596} INFO - 0 downstream tasks scheduled from follow-on schedule check
