[2023-06-22T00:06:24.153+0000] {taskinstance.py:1090} INFO - Dependencies all met for dep_context=non-requeueable deps ti=<TaskInstance: showpulse_dbt_dag.dbt_run scheduled__2023-06-22T00:05:19.542692+00:00 [queued]>
[2023-06-22T00:06:24.159+0000] {taskinstance.py:1090} INFO - Dependencies all met for dep_context=requeueable deps ti=<TaskInstance: showpulse_dbt_dag.dbt_run scheduled__2023-06-22T00:05:19.542692+00:00 [queued]>
[2023-06-22T00:06:24.160+0000] {taskinstance.py:1288} INFO - 
--------------------------------------------------------------------------------
[2023-06-22T00:06:24.160+0000] {taskinstance.py:1289} INFO - Starting attempt 1 of 1
[2023-06-22T00:06:24.161+0000] {taskinstance.py:1290} INFO - 
--------------------------------------------------------------------------------
[2023-06-22T00:06:24.168+0000] {taskinstance.py:1309} INFO - Executing <Task(BashOperator): dbt_run> on 2023-06-22 00:05:19.542692+00:00
[2023-06-22T00:06:24.172+0000] {standard_task_runner.py:55} INFO - Started process 9202 to run task
[2023-06-22T00:06:24.175+0000] {standard_task_runner.py:82} INFO - Running: ['***', 'tasks', 'run', 'showpulse_dbt_dag', 'dbt_run', 'scheduled__2023-06-22T00:05:19.542692+00:00', '--job-id', '1278', '--raw', '--subdir', 'DAGS_FOLDER/dbt_run.py', '--cfg-path', '/tmp/tmprxwaaesl']
[2023-06-22T00:06:24.176+0000] {standard_task_runner.py:83} INFO - Job 1278: Subtask dbt_run
[2023-06-22T00:06:24.228+0000] {task_command.py:389} INFO - Running <TaskInstance: showpulse_dbt_dag.dbt_run scheduled__2023-06-22T00:05:19.542692+00:00 [running]> on host 62cfed75eae1
[2023-06-22T00:06:24.277+0000] {taskinstance.py:1518} INFO - Exporting the following env vars:
AIRFLOW_CTX_DAG_OWNER=nburkett
AIRFLOW_CTX_DAG_ID=showpulse_dbt_dag
AIRFLOW_CTX_TASK_ID=dbt_run
AIRFLOW_CTX_EXECUTION_DATE=2023-06-22T00:05:19.542692+00:00
AIRFLOW_CTX_TRY_NUMBER=1
AIRFLOW_CTX_DAG_RUN_ID=scheduled__2023-06-22T00:05:19.542692+00:00
[2023-06-22T00:06:24.278+0000] {subprocess.py:63} INFO - Tmp dir root location: 
 /tmp
[2023-06-22T00:06:24.279+0000] {subprocess.py:75} INFO - Running command: ['/bin/bash', '-c', 'cd /dbt/ticketmaster_transformation && dbt run']
[2023-06-22T00:06:24.287+0000] {subprocess.py:86} INFO - Output:
[2023-06-22T00:06:25.472+0000] {subprocess.py:93} INFO - [0m00:06:25  Running with dbt=1.5.1
[2023-06-22T00:06:25.918+0000] {subprocess.py:93} INFO - [0m00:06:25  Found 4 models, 0 tests, 0 snapshots, 0 analyses, 356 macros, 0 operations, 0 seed files, 3 sources, 0 exposures, 0 metrics, 0 groups
[2023-06-22T00:06:25.920+0000] {subprocess.py:93} INFO - [0m00:06:25
[2023-06-22T00:06:26.643+0000] {subprocess.py:93} INFO - [0m00:06:26  Concurrency: 4 threads (target='dev')
[2023-06-22T00:06:26.646+0000] {subprocess.py:93} INFO - [0m00:06:26
[2023-06-22T00:06:26.660+0000] {subprocess.py:93} INFO - [0m00:06:26  1 of 4 START sql table model twitter_kafka_pyspark_test.distinct_data .......... [RUN]
[2023-06-22T00:06:26.663+0000] {subprocess.py:93} INFO - [0m00:06:26  2 of 4 START sql table model twitter_kafka_pyspark_test.dm_events .............. [RUN]
[2023-06-22T00:06:26.666+0000] {subprocess.py:93} INFO - [0m00:06:26  3 of 4 START sql table model twitter_kafka_pyspark_test.my_first_dbt_model ..... [RUN]
[2023-06-22T00:06:29.619+0000] {subprocess.py:93} INFO - [0m00:06:29  1 of 4 OK created sql table model twitter_kafka_pyspark_test.distinct_data ..... [[32mCREATE TABLE (1.1k rows, 638.3 KiB processed)[0m in 2.95s]
[2023-06-22T00:06:29.653+0000] {subprocess.py:93} INFO - [0m00:06:29  2 of 4 OK created sql table model twitter_kafka_pyspark_test.dm_events ......... [[32mCREATE TABLE (1.3k rows, 178.2 KiB processed)[0m in 2.98s]
[2023-06-22T00:06:29.704+0000] {subprocess.py:93} INFO - [0m00:06:29  3 of 4 OK created sql table model twitter_kafka_pyspark_test.my_first_dbt_model  [[32mCREATE TABLE (2.0 rows, 0 processed)[0m in 3.03s]
[2023-06-22T00:06:29.709+0000] {subprocess.py:93} INFO - [0m00:06:29  4 of 4 START sql view model twitter_kafka_pyspark_test.my_second_dbt_model ..... [RUN]
[2023-06-22T00:06:30.675+0000] {subprocess.py:93} INFO - [0m00:06:30  4 of 4 OK created sql view model twitter_kafka_pyspark_test.my_second_dbt_model  [[32mCREATE VIEW (0 processed)[0m in 0.96s]
[2023-06-22T00:06:30.766+0000] {subprocess.py:93} INFO - [0m00:06:30
[2023-06-22T00:06:30.768+0000] {subprocess.py:93} INFO - [0m00:06:30  Finished running 3 table models, 1 view model in 0 hours 0 minutes and 4.84 seconds (4.84s).
[2023-06-22T00:06:30.805+0000] {subprocess.py:93} INFO - [0m00:06:30
[2023-06-22T00:06:30.807+0000] {subprocess.py:93} INFO - [0m00:06:30  [32mCompleted successfully[0m
[2023-06-22T00:06:30.809+0000] {subprocess.py:93} INFO - [0m00:06:30
[2023-06-22T00:06:30.811+0000] {subprocess.py:93} INFO - [0m00:06:30  Done. PASS=4 WARN=0 ERROR=0 SKIP=0 TOTAL=4
[2023-06-22T00:06:31.248+0000] {subprocess.py:97} INFO - Command exited with return code 0
[2023-06-22T00:06:31.272+0000] {taskinstance.py:1332} INFO - Marking task as SUCCESS. dag_id=showpulse_dbt_dag, task_id=dbt_run, execution_date=20230622T000519, start_date=20230622T000624, end_date=20230622T000631
[2023-06-22T00:06:31.332+0000] {local_task_job.py:212} INFO - Task exited with return code 0
[2023-06-22T00:06:31.347+0000] {taskinstance.py:2596} INFO - 0 downstream tasks scheduled from follow-on schedule check
