[2023-06-20T00:39:50.413+0000] {taskinstance.py:1090} INFO - Dependencies all met for dep_context=non-requeueable deps ti=<TaskInstance: showpulse_dbt_dag.dbt_run scheduled__2023-06-17T22:00:00+00:00 [queued]>
[2023-06-20T00:39:50.419+0000] {taskinstance.py:1090} INFO - Dependencies all met for dep_context=requeueable deps ti=<TaskInstance: showpulse_dbt_dag.dbt_run scheduled__2023-06-17T22:00:00+00:00 [queued]>
[2023-06-20T00:39:50.420+0000] {taskinstance.py:1288} INFO - 
--------------------------------------------------------------------------------
[2023-06-20T00:39:50.420+0000] {taskinstance.py:1289} INFO - Starting attempt 1 of 1
[2023-06-20T00:39:50.421+0000] {taskinstance.py:1290} INFO - 
--------------------------------------------------------------------------------
[2023-06-20T00:39:50.428+0000] {taskinstance.py:1309} INFO - Executing <Task(BashOperator): dbt_run> on 2023-06-17 22:00:00+00:00
[2023-06-20T00:39:50.431+0000] {standard_task_runner.py:55} INFO - Started process 83 to run task
[2023-06-20T00:39:50.434+0000] {standard_task_runner.py:82} INFO - Running: ['***', 'tasks', 'run', 'showpulse_dbt_dag', 'dbt_run', 'scheduled__2023-06-17T22:00:00+00:00', '--job-id', '318', '--raw', '--subdir', 'DAGS_FOLDER/dbt_run.py', '--cfg-path', '/tmp/tmpkpo08wab']
[2023-06-20T00:39:50.435+0000] {standard_task_runner.py:83} INFO - Job 318: Subtask dbt_run
[2023-06-20T00:39:50.486+0000] {task_command.py:389} INFO - Running <TaskInstance: showpulse_dbt_dag.dbt_run scheduled__2023-06-17T22:00:00+00:00 [running]> on host 62cfed75eae1
[2023-06-20T00:39:50.533+0000] {taskinstance.py:1518} INFO - Exporting the following env vars:
AIRFLOW_CTX_DAG_OWNER=nburkett
AIRFLOW_CTX_DAG_ID=showpulse_dbt_dag
AIRFLOW_CTX_TASK_ID=dbt_run
AIRFLOW_CTX_EXECUTION_DATE=2023-06-17T22:00:00+00:00
AIRFLOW_CTX_TRY_NUMBER=1
AIRFLOW_CTX_DAG_RUN_ID=scheduled__2023-06-17T22:00:00+00:00
[2023-06-20T00:39:50.534+0000] {subprocess.py:63} INFO - Tmp dir root location: 
 /tmp
[2023-06-20T00:39:50.535+0000] {subprocess.py:75} INFO - Running command: ['/bin/bash', '-c', 'cd /dbt/ticketmaster_transformation && dbt run']
[2023-06-20T00:39:50.543+0000] {subprocess.py:86} INFO - Output:
[2023-06-20T00:39:52.000+0000] {subprocess.py:93} INFO - [0m00:39:51  Running with dbt=1.5.1
[2023-06-20T00:39:52.625+0000] {subprocess.py:93} INFO - [0m00:39:52  Found 4 models, 0 tests, 0 snapshots, 0 analyses, 356 macros, 0 operations, 0 seed files, 3 sources, 0 exposures, 0 metrics, 0 groups
[2023-06-20T00:39:52.628+0000] {subprocess.py:93} INFO - [0m00:39:52
[2023-06-20T00:39:53.355+0000] {subprocess.py:93} INFO - [0m00:39:53  Concurrency: 4 threads (target='dev')
[2023-06-20T00:39:53.357+0000] {subprocess.py:93} INFO - [0m00:39:53
[2023-06-20T00:39:53.375+0000] {subprocess.py:93} INFO - [0m00:39:53  1 of 4 START sql table model twitter_kafka_pyspark_test.distinct_data .......... [RUN]
[2023-06-20T00:39:53.379+0000] {subprocess.py:93} INFO - [0m00:39:53  2 of 4 START sql table model twitter_kafka_pyspark_test.dm_events .............. [RUN]
[2023-06-20T00:39:53.382+0000] {subprocess.py:93} INFO - [0m00:39:53  3 of 4 START sql table model twitter_kafka_pyspark_test.my_first_dbt_model ..... [RUN]
[2023-06-20T00:39:56.471+0000] {subprocess.py:93} INFO - [0m00:39:56  2 of 4 OK created sql table model twitter_kafka_pyspark_test.dm_events ......... [[32mCREATE TABLE (21.0 rows, 3.4 KiB processed)[0m in 3.08s]
[2023-06-20T00:39:56.477+0000] {subprocess.py:93} INFO - [0m00:39:56  3 of 4 OK created sql table model twitter_kafka_pyspark_test.my_first_dbt_model  [[32mCREATE TABLE (2.0 rows, 0 processed)[0m in 3.08s]
[2023-06-20T00:39:56.478+0000] {subprocess.py:93} INFO - [0m00:39:56  1 of 4 OK created sql table model twitter_kafka_pyspark_test.distinct_data ..... [[32mCREATE TABLE (21.0 rows, 10.8 KiB processed)[0m in 3.09s]
[2023-06-20T00:39:56.485+0000] {subprocess.py:93} INFO - [0m00:39:56  4 of 4 START sql view model twitter_kafka_pyspark_test.my_second_dbt_model ..... [RUN]
[2023-06-20T00:39:57.374+0000] {subprocess.py:93} INFO - [0m00:39:57  4 of 4 OK created sql view model twitter_kafka_pyspark_test.my_second_dbt_model  [[32mCREATE VIEW (0 processed)[0m in 0.88s]
[2023-06-20T00:39:57.455+0000] {subprocess.py:93} INFO - [0m00:39:57
[2023-06-20T00:39:57.456+0000] {subprocess.py:93} INFO - [0m00:39:57  Finished running 3 table models, 1 view model in 0 hours 0 minutes and 4.83 seconds (4.83s).
[2023-06-20T00:39:57.474+0000] {subprocess.py:93} INFO - [0m00:39:57
[2023-06-20T00:39:57.475+0000] {subprocess.py:93} INFO - [0m00:39:57  [32mCompleted successfully[0m
[2023-06-20T00:39:57.476+0000] {subprocess.py:93} INFO - [0m00:39:57
[2023-06-20T00:39:57.478+0000] {subprocess.py:93} INFO - [0m00:39:57  Done. PASS=4 WARN=0 ERROR=0 SKIP=0 TOTAL=4
[2023-06-20T00:39:57.953+0000] {subprocess.py:97} INFO - Command exited with return code 0
[2023-06-20T00:39:57.976+0000] {taskinstance.py:1332} INFO - Marking task as SUCCESS. dag_id=showpulse_dbt_dag, task_id=dbt_run, execution_date=20230617T220000, start_date=20230620T003950, end_date=20230620T003957
[2023-06-20T00:39:57.996+0000] {local_task_job.py:212} INFO - Task exited with return code 0
[2023-06-20T00:39:58.009+0000] {taskinstance.py:2596} INFO - 0 downstream tasks scheduled from follow-on schedule check
