[2023-06-21T22:34:09.148+0000] {taskinstance.py:1090} INFO - Dependencies all met for dep_context=non-requeueable deps ti=<TaskInstance: showpulse_dbt_dag.dbt_run scheduled__2023-06-21T22:33:04.420046+00:00 [queued]>
[2023-06-21T22:34:09.154+0000] {taskinstance.py:1090} INFO - Dependencies all met for dep_context=requeueable deps ti=<TaskInstance: showpulse_dbt_dag.dbt_run scheduled__2023-06-21T22:33:04.420046+00:00 [queued]>
[2023-06-21T22:34:09.155+0000] {taskinstance.py:1288} INFO - 
--------------------------------------------------------------------------------
[2023-06-21T22:34:09.155+0000] {taskinstance.py:1289} INFO - Starting attempt 1 of 1
[2023-06-21T22:34:09.156+0000] {taskinstance.py:1290} INFO - 
--------------------------------------------------------------------------------
[2023-06-21T22:34:09.163+0000] {taskinstance.py:1309} INFO - Executing <Task(BashOperator): dbt_run> on 2023-06-21 22:33:04.420046+00:00
[2023-06-21T22:34:09.167+0000] {standard_task_runner.py:55} INFO - Started process 6891 to run task
[2023-06-21T22:34:09.170+0000] {standard_task_runner.py:82} INFO - Running: ['***', 'tasks', 'run', 'showpulse_dbt_dag', 'dbt_run', 'scheduled__2023-06-21T22:33:04.420046+00:00', '--job-id', '1078', '--raw', '--subdir', 'DAGS_FOLDER/dbt_run.py', '--cfg-path', '/tmp/tmp6p6lfh_u']
[2023-06-21T22:34:09.171+0000] {standard_task_runner.py:83} INFO - Job 1078: Subtask dbt_run
[2023-06-21T22:34:09.224+0000] {task_command.py:389} INFO - Running <TaskInstance: showpulse_dbt_dag.dbt_run scheduled__2023-06-21T22:33:04.420046+00:00 [running]> on host 62cfed75eae1
[2023-06-21T22:34:09.275+0000] {taskinstance.py:1518} INFO - Exporting the following env vars:
AIRFLOW_CTX_DAG_OWNER=nburkett
AIRFLOW_CTX_DAG_ID=showpulse_dbt_dag
AIRFLOW_CTX_TASK_ID=dbt_run
AIRFLOW_CTX_EXECUTION_DATE=2023-06-21T22:33:04.420046+00:00
AIRFLOW_CTX_TRY_NUMBER=1
AIRFLOW_CTX_DAG_RUN_ID=scheduled__2023-06-21T22:33:04.420046+00:00
[2023-06-21T22:34:09.277+0000] {subprocess.py:63} INFO - Tmp dir root location: 
 /tmp
[2023-06-21T22:34:09.277+0000] {subprocess.py:75} INFO - Running command: ['/bin/bash', '-c', 'cd /dbt/ticketmaster_transformation && dbt run']
[2023-06-21T22:34:09.287+0000] {subprocess.py:86} INFO - Output:
[2023-06-21T22:34:10.554+0000] {subprocess.py:93} INFO - [0m22:34:10  Running with dbt=1.5.1
[2023-06-21T22:34:11.054+0000] {subprocess.py:93} INFO - [0m22:34:11  Found 4 models, 0 tests, 0 snapshots, 0 analyses, 356 macros, 0 operations, 0 seed files, 3 sources, 0 exposures, 0 metrics, 0 groups
[2023-06-21T22:34:11.057+0000] {subprocess.py:93} INFO - [0m22:34:11
[2023-06-21T22:34:11.885+0000] {subprocess.py:93} INFO - [0m22:34:11  Concurrency: 4 threads (target='dev')
[2023-06-21T22:34:11.888+0000] {subprocess.py:93} INFO - [0m22:34:11
[2023-06-21T22:34:11.904+0000] {subprocess.py:93} INFO - [0m22:34:11  1 of 4 START sql table model twitter_kafka_pyspark_test.distinct_data .......... [RUN]
[2023-06-21T22:34:11.906+0000] {subprocess.py:93} INFO - [0m22:34:11  2 of 4 START sql table model twitter_kafka_pyspark_test.dm_events .............. [RUN]
[2023-06-21T22:34:11.909+0000] {subprocess.py:93} INFO - [0m22:34:11  3 of 4 START sql table model twitter_kafka_pyspark_test.my_first_dbt_model ..... [RUN]
[2023-06-21T22:36:56.026+0000] {subprocess.py:93} INFO - [0m22:36:56  3 of 4 OK created sql table model twitter_kafka_pyspark_test.my_first_dbt_model  [[32mCREATE TABLE (2.0 rows, 0 processed)[0m in 164.11s]
[2023-06-21T22:36:56.032+0000] {subprocess.py:93} INFO - [0m22:36:56  4 of 4 START sql view model twitter_kafka_pyspark_test.my_second_dbt_model ..... [RUN]
[2023-06-21T22:36:56.922+0000] {subprocess.py:93} INFO - [0m22:36:56  2 of 4 OK created sql table model twitter_kafka_pyspark_test.dm_events ......... [[32mCREATE TABLE (1.3k rows, 178.2 KiB processed)[0m in 165.01s]
[2023-06-21T22:36:57.066+0000] {subprocess.py:93} INFO - [0m22:36:57  4 of 4 OK created sql view model twitter_kafka_pyspark_test.my_second_dbt_model  [[32mCREATE VIEW (0 processed)[0m in 1.03s]
[2023-06-21T22:36:57.169+0000] {subprocess.py:93} INFO - [0m22:36:57  1 of 4 OK created sql table model twitter_kafka_pyspark_test.distinct_data ..... [[32mCREATE TABLE (1.1k rows, 638.3 KiB processed)[0m in 165.25s]
[2023-06-21T22:36:57.238+0000] {subprocess.py:93} INFO - [0m22:36:57
[2023-06-21T22:36:57.242+0000] {subprocess.py:93} INFO - [0m22:36:57  Finished running 3 table models, 1 view model in 0 hours 2 minutes and 46.18 seconds (166.18s).
[2023-06-21T22:36:57.280+0000] {subprocess.py:93} INFO - [0m22:36:57
[2023-06-21T22:36:57.282+0000] {subprocess.py:93} INFO - [0m22:36:57  [32mCompleted successfully[0m
[2023-06-21T22:36:57.283+0000] {subprocess.py:93} INFO - [0m22:36:57
[2023-06-21T22:36:57.284+0000] {subprocess.py:93} INFO - [0m22:36:57  Done. PASS=4 WARN=0 ERROR=0 SKIP=0 TOTAL=4
[2023-06-21T22:36:57.776+0000] {subprocess.py:97} INFO - Command exited with return code 0
[2023-06-21T22:36:57.815+0000] {taskinstance.py:1332} INFO - Marking task as SUCCESS. dag_id=showpulse_dbt_dag, task_id=dbt_run, execution_date=20230621T223304, start_date=20230621T223409, end_date=20230621T223657
[2023-06-21T22:36:57.884+0000] {local_task_job.py:212} INFO - Task exited with return code 0
[2023-06-21T22:36:57.902+0000] {taskinstance.py:2596} INFO - 0 downstream tasks scheduled from follow-on schedule check
