[2023-06-22T02:18:19.306+0000] {taskinstance.py:1090} INFO - Dependencies all met for dep_context=non-requeueable deps ti=<TaskInstance: showpulse_dbt_dag.dbt_run scheduled__2023-06-22T02:17:14.928898+00:00 [queued]>
[2023-06-22T02:18:19.313+0000] {taskinstance.py:1090} INFO - Dependencies all met for dep_context=requeueable deps ti=<TaskInstance: showpulse_dbt_dag.dbt_run scheduled__2023-06-22T02:17:14.928898+00:00 [queued]>
[2023-06-22T02:18:19.314+0000] {taskinstance.py:1288} INFO - 
--------------------------------------------------------------------------------
[2023-06-22T02:18:19.314+0000] {taskinstance.py:1289} INFO - Starting attempt 1 of 1
[2023-06-22T02:18:19.314+0000] {taskinstance.py:1290} INFO - 
--------------------------------------------------------------------------------
[2023-06-22T02:18:19.322+0000] {taskinstance.py:1309} INFO - Executing <Task(BashOperator): dbt_run> on 2023-06-22 02:17:14.928898+00:00
[2023-06-22T02:18:19.326+0000] {standard_task_runner.py:55} INFO - Started process 12620 to run task
[2023-06-22T02:18:19.330+0000] {standard_task_runner.py:82} INFO - Running: ['***', 'tasks', 'run', 'showpulse_dbt_dag', 'dbt_run', 'scheduled__2023-06-22T02:17:14.928898+00:00', '--job-id', '1550', '--raw', '--subdir', 'DAGS_FOLDER/dbt_run.py', '--cfg-path', '/tmp/tmp64xztstx']
[2023-06-22T02:18:19.331+0000] {standard_task_runner.py:83} INFO - Job 1550: Subtask dbt_run
[2023-06-22T02:18:19.383+0000] {task_command.py:389} INFO - Running <TaskInstance: showpulse_dbt_dag.dbt_run scheduled__2023-06-22T02:17:14.928898+00:00 [running]> on host 62cfed75eae1
[2023-06-22T02:18:19.432+0000] {taskinstance.py:1518} INFO - Exporting the following env vars:
AIRFLOW_CTX_DAG_OWNER=nburkett
AIRFLOW_CTX_DAG_ID=showpulse_dbt_dag
AIRFLOW_CTX_TASK_ID=dbt_run
AIRFLOW_CTX_EXECUTION_DATE=2023-06-22T02:17:14.928898+00:00
AIRFLOW_CTX_TRY_NUMBER=1
AIRFLOW_CTX_DAG_RUN_ID=scheduled__2023-06-22T02:17:14.928898+00:00
[2023-06-22T02:18:19.433+0000] {subprocess.py:63} INFO - Tmp dir root location: 
 /tmp
[2023-06-22T02:18:19.434+0000] {subprocess.py:75} INFO - Running command: ['/bin/bash', '-c', 'cd /dbt/ticketmaster_transformation && dbt run']
[2023-06-22T02:18:19.442+0000] {subprocess.py:86} INFO - Output:
[2023-06-22T02:18:20.694+0000] {subprocess.py:93} INFO - [0m02:18:20  Running with dbt=1.5.1
[2023-06-22T02:18:21.257+0000] {subprocess.py:93} INFO - [0m02:18:21  Found 4 models, 0 tests, 0 snapshots, 0 analyses, 356 macros, 0 operations, 0 seed files, 3 sources, 0 exposures, 0 metrics, 0 groups
[2023-06-22T02:18:21.260+0000] {subprocess.py:93} INFO - [0m02:18:21
[2023-06-22T02:18:22.134+0000] {subprocess.py:93} INFO - [0m02:18:22  Concurrency: 4 threads (target='dev')
[2023-06-22T02:18:22.138+0000] {subprocess.py:93} INFO - [0m02:18:22
[2023-06-22T02:18:22.157+0000] {subprocess.py:93} INFO - [0m02:18:22  1 of 4 START sql table model twitter_kafka_pyspark_test.distinct_data .......... [RUN]
[2023-06-22T02:18:22.159+0000] {subprocess.py:93} INFO - [0m02:18:22  2 of 4 START sql table model twitter_kafka_pyspark_test.dm_events .............. [RUN]
[2023-06-22T02:18:22.162+0000] {subprocess.py:93} INFO - [0m02:18:22  3 of 4 START sql table model twitter_kafka_pyspark_test.my_first_dbt_model ..... [RUN]
[2023-06-22T02:18:24.810+0000] {subprocess.py:93} INFO - [0m02:18:24  3 of 4 OK created sql table model twitter_kafka_pyspark_test.my_first_dbt_model  [[32mCREATE TABLE (2.0 rows, 0 processed)[0m in 2.64s]
[2023-06-22T02:18:24.818+0000] {subprocess.py:93} INFO - [0m02:18:24  4 of 4 START sql view model twitter_kafka_pyspark_test.my_second_dbt_model ..... [RUN]
[2023-06-22T02:18:25.430+0000] {subprocess.py:93} INFO - [0m02:18:25  1 of 4 OK created sql table model twitter_kafka_pyspark_test.distinct_data ..... [[32mCREATE TABLE (1.1k rows, 638.3 KiB processed)[0m in 3.26s]
[2023-06-22T02:18:25.559+0000] {subprocess.py:93} INFO - [0m02:18:25  4 of 4 OK created sql view model twitter_kafka_pyspark_test.my_second_dbt_model  [[32mCREATE VIEW (0 processed)[0m in 0.74s]
[2023-06-22T02:18:26.318+0000] {subprocess.py:93} INFO - [0m02:18:26  2 of 4 OK created sql table model twitter_kafka_pyspark_test.dm_events ......... [[32mCREATE TABLE (1.3k rows, 178.2 KiB processed)[0m in 4.15s]
[2023-06-22T02:18:26.355+0000] {subprocess.py:93} INFO - [0m02:18:26
[2023-06-22T02:18:26.356+0000] {subprocess.py:93} INFO - [0m02:18:26  Finished running 3 table models, 1 view model in 0 hours 0 minutes and 5.09 seconds (5.09s).
[2023-06-22T02:18:26.376+0000] {subprocess.py:93} INFO - [0m02:18:26
[2023-06-22T02:18:26.377+0000] {subprocess.py:93} INFO - [0m02:18:26  [32mCompleted successfully[0m
[2023-06-22T02:18:26.378+0000] {subprocess.py:93} INFO - [0m02:18:26
[2023-06-22T02:18:26.380+0000] {subprocess.py:93} INFO - [0m02:18:26  Done. PASS=4 WARN=0 ERROR=0 SKIP=0 TOTAL=4
[2023-06-22T02:18:26.827+0000] {subprocess.py:97} INFO - Command exited with return code 0
[2023-06-22T02:18:26.860+0000] {taskinstance.py:1332} INFO - Marking task as SUCCESS. dag_id=showpulse_dbt_dag, task_id=dbt_run, execution_date=20230622T021714, start_date=20230622T021819, end_date=20230622T021826
[2023-06-22T02:18:26.914+0000] {local_task_job.py:212} INFO - Task exited with return code 0
[2023-06-22T02:18:26.928+0000] {taskinstance.py:2596} INFO - 0 downstream tasks scheduled from follow-on schedule check
