[2023-06-20T01:11:02.078+0000] {taskinstance.py:1090} INFO - Dependencies all met for dep_context=non-requeueable deps ti=<TaskInstance: showpulse_dbt_dag.dbt_run scheduled__2023-06-20T01:09:59.130209+00:00 [queued]>
[2023-06-20T01:11:02.085+0000] {taskinstance.py:1090} INFO - Dependencies all met for dep_context=requeueable deps ti=<TaskInstance: showpulse_dbt_dag.dbt_run scheduled__2023-06-20T01:09:59.130209+00:00 [queued]>
[2023-06-20T01:11:02.085+0000] {taskinstance.py:1288} INFO - 
--------------------------------------------------------------------------------
[2023-06-20T01:11:02.086+0000] {taskinstance.py:1289} INFO - Starting attempt 1 of 1
[2023-06-20T01:11:02.086+0000] {taskinstance.py:1290} INFO - 
--------------------------------------------------------------------------------
[2023-06-20T01:11:02.095+0000] {taskinstance.py:1309} INFO - Executing <Task(BashOperator): dbt_run> on 2023-06-20 01:09:59.130209+00:00
[2023-06-20T01:11:02.099+0000] {standard_task_runner.py:55} INFO - Started process 242 to run task
[2023-06-20T01:11:02.102+0000] {standard_task_runner.py:82} INFO - Running: ['***', 'tasks', 'run', 'showpulse_dbt_dag', 'dbt_run', 'scheduled__2023-06-20T01:09:59.130209+00:00', '--job-id', '340', '--raw', '--subdir', 'DAGS_FOLDER/dbt_run.py', '--cfg-path', '/tmp/tmpg989ryo1']
[2023-06-20T01:11:02.103+0000] {standard_task_runner.py:83} INFO - Job 340: Subtask dbt_run
[2023-06-20T01:11:02.156+0000] {task_command.py:389} INFO - Running <TaskInstance: showpulse_dbt_dag.dbt_run scheduled__2023-06-20T01:09:59.130209+00:00 [running]> on host 62cfed75eae1
[2023-06-20T01:11:02.205+0000] {taskinstance.py:1518} INFO - Exporting the following env vars:
AIRFLOW_CTX_DAG_OWNER=nburkett
AIRFLOW_CTX_DAG_ID=showpulse_dbt_dag
AIRFLOW_CTX_TASK_ID=dbt_run
AIRFLOW_CTX_EXECUTION_DATE=2023-06-20T01:09:59.130209+00:00
AIRFLOW_CTX_TRY_NUMBER=1
AIRFLOW_CTX_DAG_RUN_ID=scheduled__2023-06-20T01:09:59.130209+00:00
[2023-06-20T01:11:02.207+0000] {subprocess.py:63} INFO - Tmp dir root location: 
 /tmp
[2023-06-20T01:11:02.208+0000] {subprocess.py:75} INFO - Running command: ['/bin/bash', '-c', 'cd /dbt/ticketmaster_transformation && dbt run']
[2023-06-20T01:11:02.218+0000] {subprocess.py:86} INFO - Output:
[2023-06-20T01:11:03.798+0000] {subprocess.py:93} INFO - [0m01:11:03  Running with dbt=1.5.1
[2023-06-20T01:11:04.695+0000] {subprocess.py:93} INFO - [0m01:11:04  Found 4 models, 0 tests, 0 snapshots, 0 analyses, 356 macros, 0 operations, 0 seed files, 3 sources, 0 exposures, 0 metrics, 0 groups
[2023-06-20T01:11:04.699+0000] {subprocess.py:93} INFO - [0m01:11:04
[2023-06-20T01:11:05.344+0000] {subprocess.py:93} INFO - [0m01:11:05  Concurrency: 4 threads (target='dev')
[2023-06-20T01:11:05.345+0000] {subprocess.py:93} INFO - [0m01:11:05
[2023-06-20T01:11:05.353+0000] {subprocess.py:93} INFO - [0m01:11:05  1 of 4 START sql table model twitter_kafka_pyspark_test.distinct_data .......... [RUN]
[2023-06-20T01:11:05.354+0000] {subprocess.py:93} INFO - [0m01:11:05  2 of 4 START sql table model twitter_kafka_pyspark_test.dm_events .............. [RUN]
[2023-06-20T01:11:05.355+0000] {subprocess.py:93} INFO - [0m01:11:05  3 of 4 START sql table model twitter_kafka_pyspark_test.my_first_dbt_model ..... [RUN]
[2023-06-20T01:11:08.223+0000] {subprocess.py:93} INFO - [0m01:11:08  2 of 4 OK created sql table model twitter_kafka_pyspark_test.dm_events ......... [[32mCREATE TABLE (201.0 rows, 31.8 KiB processed)[0m in 2.86s]
[2023-06-20T01:11:08.254+0000] {subprocess.py:93} INFO - [0m01:11:08  1 of 4 OK created sql table model twitter_kafka_pyspark_test.distinct_data ..... [[32mCREATE TABLE (201.0 rows, 103.1 KiB processed)[0m in 2.90s]
[2023-06-20T01:11:08.431+0000] {subprocess.py:93} INFO - [0m01:11:08  3 of 4 OK created sql table model twitter_kafka_pyspark_test.my_first_dbt_model  [[32mCREATE TABLE (2.0 rows, 0 processed)[0m in 3.07s]
[2023-06-20T01:11:08.436+0000] {subprocess.py:93} INFO - [0m01:11:08  4 of 4 START sql view model twitter_kafka_pyspark_test.my_second_dbt_model ..... [RUN]
[2023-06-20T01:11:09.338+0000] {subprocess.py:93} INFO - [0m01:11:09  4 of 4 OK created sql view model twitter_kafka_pyspark_test.my_second_dbt_model  [[32mCREATE VIEW (0 processed)[0m in 0.90s]
[2023-06-20T01:11:09.436+0000] {subprocess.py:93} INFO - [0m01:11:09
[2023-06-20T01:11:09.438+0000] {subprocess.py:93} INFO - [0m01:11:09  Finished running 3 table models, 1 view model in 0 hours 0 minutes and 4.74 seconds (4.74s).
[2023-06-20T01:11:09.457+0000] {subprocess.py:93} INFO - [0m01:11:09
[2023-06-20T01:11:09.459+0000] {subprocess.py:93} INFO - [0m01:11:09  [32mCompleted successfully[0m
[2023-06-20T01:11:09.460+0000] {subprocess.py:93} INFO - [0m01:11:09
[2023-06-20T01:11:09.462+0000] {subprocess.py:93} INFO - [0m01:11:09  Done. PASS=4 WARN=0 ERROR=0 SKIP=0 TOTAL=4
[2023-06-20T01:11:09.930+0000] {subprocess.py:97} INFO - Command exited with return code 0
[2023-06-20T01:11:09.973+0000] {taskinstance.py:1332} INFO - Marking task as SUCCESS. dag_id=showpulse_dbt_dag, task_id=dbt_run, execution_date=20230620T010959, start_date=20230620T011102, end_date=20230620T011109
[2023-06-20T01:11:10.033+0000] {local_task_job.py:212} INFO - Task exited with return code 0
[2023-06-20T01:11:10.054+0000] {taskinstance.py:2596} INFO - 0 downstream tasks scheduled from follow-on schedule check
