[2023-06-21T18:25:50.057+0000] {taskinstance.py:1090} INFO - Dependencies all met for dep_context=non-requeueable deps ti=<TaskInstance: showpulse_dbt_dag.dbt_run scheduled__2023-06-21T18:24:45.292044+00:00 [queued]>
[2023-06-21T18:25:50.064+0000] {taskinstance.py:1090} INFO - Dependencies all met for dep_context=requeueable deps ti=<TaskInstance: showpulse_dbt_dag.dbt_run scheduled__2023-06-21T18:24:45.292044+00:00 [queued]>
[2023-06-21T18:25:50.064+0000] {taskinstance.py:1288} INFO - 
--------------------------------------------------------------------------------
[2023-06-21T18:25:50.065+0000] {taskinstance.py:1289} INFO - Starting attempt 1 of 1
[2023-06-21T18:25:50.065+0000] {taskinstance.py:1290} INFO - 
--------------------------------------------------------------------------------
[2023-06-21T18:25:50.073+0000] {taskinstance.py:1309} INFO - Executing <Task(BashOperator): dbt_run> on 2023-06-21 18:24:45.292044+00:00
[2023-06-21T18:25:50.077+0000] {standard_task_runner.py:55} INFO - Started process 5288 to run task
[2023-06-21T18:25:50.080+0000] {standard_task_runner.py:82} INFO - Running: ['***', 'tasks', 'run', 'showpulse_dbt_dag', 'dbt_run', 'scheduled__2023-06-21T18:24:45.292044+00:00', '--job-id', '902', '--raw', '--subdir', 'DAGS_FOLDER/dbt_run.py', '--cfg-path', '/tmp/tmpocvhcorl']
[2023-06-21T18:25:50.081+0000] {standard_task_runner.py:83} INFO - Job 902: Subtask dbt_run
[2023-06-21T18:25:50.134+0000] {task_command.py:389} INFO - Running <TaskInstance: showpulse_dbt_dag.dbt_run scheduled__2023-06-21T18:24:45.292044+00:00 [running]> on host 62cfed75eae1
[2023-06-21T18:25:50.190+0000] {taskinstance.py:1518} INFO - Exporting the following env vars:
AIRFLOW_CTX_DAG_OWNER=nburkett
AIRFLOW_CTX_DAG_ID=showpulse_dbt_dag
AIRFLOW_CTX_TASK_ID=dbt_run
AIRFLOW_CTX_EXECUTION_DATE=2023-06-21T18:24:45.292044+00:00
AIRFLOW_CTX_TRY_NUMBER=1
AIRFLOW_CTX_DAG_RUN_ID=scheduled__2023-06-21T18:24:45.292044+00:00
[2023-06-21T18:25:50.192+0000] {subprocess.py:63} INFO - Tmp dir root location: 
 /tmp
[2023-06-21T18:25:50.192+0000] {subprocess.py:75} INFO - Running command: ['/bin/bash', '-c', 'cd /dbt/ticketmaster_transformation && dbt run']
[2023-06-21T18:25:50.200+0000] {subprocess.py:86} INFO - Output:
[2023-06-21T18:25:51.607+0000] {subprocess.py:93} INFO - [0m18:25:51  Running with dbt=1.5.1
[2023-06-21T18:25:52.171+0000] {subprocess.py:93} INFO - [0m18:25:52  Found 4 models, 0 tests, 0 snapshots, 0 analyses, 356 macros, 0 operations, 0 seed files, 3 sources, 0 exposures, 0 metrics, 0 groups
[2023-06-21T18:25:52.174+0000] {subprocess.py:93} INFO - [0m18:25:52
[2023-06-21T18:25:53.023+0000] {subprocess.py:93} INFO - [0m18:25:53  Concurrency: 4 threads (target='dev')
[2023-06-21T18:25:53.026+0000] {subprocess.py:93} INFO - [0m18:25:53
[2023-06-21T18:25:53.049+0000] {subprocess.py:93} INFO - [0m18:25:53  1 of 4 START sql table model twitter_kafka_pyspark_test.distinct_data .......... [RUN]
[2023-06-21T18:25:53.053+0000] {subprocess.py:93} INFO - [0m18:25:53  2 of 4 START sql table model twitter_kafka_pyspark_test.dm_events .............. [RUN]
[2023-06-21T18:25:53.057+0000] {subprocess.py:93} INFO - [0m18:25:53  3 of 4 START sql table model twitter_kafka_pyspark_test.my_first_dbt_model ..... [RUN]
[2023-06-21T18:25:57.064+0000] {subprocess.py:93} INFO - [0m18:25:57  3 of 4 OK created sql table model twitter_kafka_pyspark_test.my_first_dbt_model  [[32mCREATE TABLE (2.0 rows, 0 processed)[0m in 3.99s]
[2023-06-21T18:25:57.073+0000] {subprocess.py:93} INFO - [0m18:25:57  4 of 4 START sql view model twitter_kafka_pyspark_test.my_second_dbt_model ..... [RUN]
[2023-06-21T18:25:57.303+0000] {subprocess.py:93} INFO - [0m18:25:57  2 of 4 OK created sql table model twitter_kafka_pyspark_test.dm_events ......... [[32mCREATE TABLE (1.3k rows, 178.2 KiB processed)[0m in 4.24s]
[2023-06-21T18:25:57.463+0000] {subprocess.py:93} INFO - [0m18:25:57  1 of 4 OK created sql table model twitter_kafka_pyspark_test.distinct_data ..... [[32mCREATE TABLE (1.1k rows, 638.3 KiB processed)[0m in 4.40s]
[2023-06-21T18:25:58.132+0000] {subprocess.py:93} INFO - [0m18:25:58  4 of 4 OK created sql view model twitter_kafka_pyspark_test.my_second_dbt_model  [[32mCREATE VIEW (0 processed)[0m in 1.05s]
[2023-06-21T18:25:58.249+0000] {subprocess.py:93} INFO - [0m18:25:58
[2023-06-21T18:25:58.254+0000] {subprocess.py:93} INFO - [0m18:25:58  Finished running 3 table models, 1 view model in 0 hours 0 minutes and 6.07 seconds (6.07s).
[2023-06-21T18:25:58.286+0000] {subprocess.py:93} INFO - [0m18:25:58
[2023-06-21T18:25:58.287+0000] {subprocess.py:93} INFO - [0m18:25:58  [32mCompleted successfully[0m
[2023-06-21T18:25:58.289+0000] {subprocess.py:93} INFO - [0m18:25:58
[2023-06-21T18:25:58.291+0000] {subprocess.py:93} INFO - [0m18:25:58  Done. PASS=4 WARN=0 ERROR=0 SKIP=0 TOTAL=4
[2023-06-21T18:25:58.751+0000] {subprocess.py:97} INFO - Command exited with return code 0
[2023-06-21T18:25:58.776+0000] {taskinstance.py:1332} INFO - Marking task as SUCCESS. dag_id=showpulse_dbt_dag, task_id=dbt_run, execution_date=20230621T182445, start_date=20230621T182550, end_date=20230621T182558
[2023-06-21T18:25:58.803+0000] {local_task_job.py:212} INFO - Task exited with return code 0
[2023-06-21T18:25:58.817+0000] {taskinstance.py:2596} INFO - 0 downstream tasks scheduled from follow-on schedule check
