[2023-06-22T00:15:24.102+0000] {taskinstance.py:1090} INFO - Dependencies all met for dep_context=non-requeueable deps ti=<TaskInstance: showpulse_dbt_dag.dbt_run scheduled__2023-06-22T00:14:19.542692+00:00 [queued]>
[2023-06-22T00:15:24.109+0000] {taskinstance.py:1090} INFO - Dependencies all met for dep_context=requeueable deps ti=<TaskInstance: showpulse_dbt_dag.dbt_run scheduled__2023-06-22T00:14:19.542692+00:00 [queued]>
[2023-06-22T00:15:24.109+0000] {taskinstance.py:1288} INFO - 
--------------------------------------------------------------------------------
[2023-06-22T00:15:24.110+0000] {taskinstance.py:1289} INFO - Starting attempt 1 of 1
[2023-06-22T00:15:24.110+0000] {taskinstance.py:1290} INFO - 
--------------------------------------------------------------------------------
[2023-06-22T00:15:24.118+0000] {taskinstance.py:1309} INFO - Executing <Task(BashOperator): dbt_run> on 2023-06-22 00:14:19.542692+00:00
[2023-06-22T00:15:24.122+0000] {standard_task_runner.py:55} INFO - Started process 9649 to run task
[2023-06-22T00:15:24.125+0000] {standard_task_runner.py:82} INFO - Running: ['***', 'tasks', 'run', 'showpulse_dbt_dag', 'dbt_run', 'scheduled__2023-06-22T00:14:19.542692+00:00', '--job-id', '1314', '--raw', '--subdir', 'DAGS_FOLDER/dbt_run.py', '--cfg-path', '/tmp/tmpg2jg4q9x']
[2023-06-22T00:15:24.126+0000] {standard_task_runner.py:83} INFO - Job 1314: Subtask dbt_run
[2023-06-22T00:15:24.179+0000] {task_command.py:389} INFO - Running <TaskInstance: showpulse_dbt_dag.dbt_run scheduled__2023-06-22T00:14:19.542692+00:00 [running]> on host 62cfed75eae1
[2023-06-22T00:15:24.230+0000] {taskinstance.py:1518} INFO - Exporting the following env vars:
AIRFLOW_CTX_DAG_OWNER=nburkett
AIRFLOW_CTX_DAG_ID=showpulse_dbt_dag
AIRFLOW_CTX_TASK_ID=dbt_run
AIRFLOW_CTX_EXECUTION_DATE=2023-06-22T00:14:19.542692+00:00
AIRFLOW_CTX_TRY_NUMBER=1
AIRFLOW_CTX_DAG_RUN_ID=scheduled__2023-06-22T00:14:19.542692+00:00
[2023-06-22T00:15:24.231+0000] {subprocess.py:63} INFO - Tmp dir root location: 
 /tmp
[2023-06-22T00:15:24.232+0000] {subprocess.py:75} INFO - Running command: ['/bin/bash', '-c', 'cd /dbt/ticketmaster_transformation && dbt run']
[2023-06-22T00:15:24.241+0000] {subprocess.py:86} INFO - Output:
[2023-06-22T00:15:25.543+0000] {subprocess.py:93} INFO - [0m00:15:25  Running with dbt=1.5.1
[2023-06-22T00:15:26.050+0000] {subprocess.py:93} INFO - [0m00:15:26  Found 4 models, 0 tests, 0 snapshots, 0 analyses, 356 macros, 0 operations, 0 seed files, 3 sources, 0 exposures, 0 metrics, 0 groups
[2023-06-22T00:15:26.053+0000] {subprocess.py:93} INFO - [0m00:15:26
[2023-06-22T00:15:28.436+0000] {subprocess.py:93} INFO - [0m00:15:28  Concurrency: 4 threads (target='dev')
[2023-06-22T00:15:28.439+0000] {subprocess.py:93} INFO - [0m00:15:28
[2023-06-22T00:15:28.458+0000] {subprocess.py:93} INFO - [0m00:15:28  1 of 4 START sql table model twitter_kafka_pyspark_test.distinct_data .......... [RUN]
[2023-06-22T00:15:28.461+0000] {subprocess.py:93} INFO - [0m00:15:28  2 of 4 START sql table model twitter_kafka_pyspark_test.dm_events .............. [RUN]
[2023-06-22T00:15:28.464+0000] {subprocess.py:93} INFO - [0m00:15:28  3 of 4 START sql table model twitter_kafka_pyspark_test.my_first_dbt_model ..... [RUN]
[2023-06-22T00:15:31.619+0000] {subprocess.py:93} INFO - [0m00:15:31  2 of 4 OK created sql table model twitter_kafka_pyspark_test.dm_events ......... [[32mCREATE TABLE (1.3k rows, 178.2 KiB processed)[0m in 3.15s]
[2023-06-22T00:15:31.622+0000] {subprocess.py:93} INFO - [0m00:15:31  3 of 4 OK created sql table model twitter_kafka_pyspark_test.my_first_dbt_model  [[32mCREATE TABLE (2.0 rows, 0 processed)[0m in 3.14s]
[2023-06-22T00:15:31.629+0000] {subprocess.py:93} INFO - [0m00:15:31  4 of 4 START sql view model twitter_kafka_pyspark_test.my_second_dbt_model ..... [RUN]
[2023-06-22T00:15:31.879+0000] {subprocess.py:93} INFO - [0m00:15:31  1 of 4 OK created sql table model twitter_kafka_pyspark_test.distinct_data ..... [[32mCREATE TABLE (1.1k rows, 638.3 KiB processed)[0m in 3.41s]
[2023-06-22T00:15:32.522+0000] {subprocess.py:93} INFO - [0m00:15:32  4 of 4 OK created sql view model twitter_kafka_pyspark_test.my_second_dbt_model  [[32mCREATE VIEW (0 processed)[0m in 0.89s]
[2023-06-22T00:15:32.656+0000] {subprocess.py:93} INFO - [0m00:15:32
[2023-06-22T00:15:32.659+0000] {subprocess.py:93} INFO - [0m00:15:32  Finished running 3 table models, 1 view model in 0 hours 0 minutes and 6.60 seconds (6.60s).
[2023-06-22T00:15:32.690+0000] {subprocess.py:93} INFO - [0m00:15:32
[2023-06-22T00:15:32.691+0000] {subprocess.py:93} INFO - [0m00:15:32  [32mCompleted successfully[0m
[2023-06-22T00:15:32.692+0000] {subprocess.py:93} INFO - [0m00:15:32
[2023-06-22T00:15:32.694+0000] {subprocess.py:93} INFO - [0m00:15:32  Done. PASS=4 WARN=0 ERROR=0 SKIP=0 TOTAL=4
[2023-06-22T00:15:33.191+0000] {subprocess.py:97} INFO - Command exited with return code 0
[2023-06-22T00:15:33.220+0000] {taskinstance.py:1332} INFO - Marking task as SUCCESS. dag_id=showpulse_dbt_dag, task_id=dbt_run, execution_date=20230622T001419, start_date=20230622T001524, end_date=20230622T001533
[2023-06-22T00:15:33.260+0000] {local_task_job.py:212} INFO - Task exited with return code 0
[2023-06-22T00:15:33.274+0000] {taskinstance.py:2596} INFO - 0 downstream tasks scheduled from follow-on schedule check
