[2023-06-21T16:20:06.369+0000] {taskinstance.py:1090} INFO - Dependencies all met for dep_context=non-requeueable deps ti=<TaskInstance: showpulse_dbt_dag.dbt_run scheduled__2023-06-21T16:19:02.220971+00:00 [queued]>
[2023-06-21T16:20:06.375+0000] {taskinstance.py:1090} INFO - Dependencies all met for dep_context=requeueable deps ti=<TaskInstance: showpulse_dbt_dag.dbt_run scheduled__2023-06-21T16:19:02.220971+00:00 [queued]>
[2023-06-21T16:20:06.376+0000] {taskinstance.py:1288} INFO - 
--------------------------------------------------------------------------------
[2023-06-21T16:20:06.377+0000] {taskinstance.py:1289} INFO - Starting attempt 1 of 1
[2023-06-21T16:20:06.377+0000] {taskinstance.py:1290} INFO - 
--------------------------------------------------------------------------------
[2023-06-21T16:20:06.385+0000] {taskinstance.py:1309} INFO - Executing <Task(BashOperator): dbt_run> on 2023-06-21 16:19:02.220971+00:00
[2023-06-21T16:20:06.389+0000] {standard_task_runner.py:55} INFO - Started process 4748 to run task
[2023-06-21T16:20:06.392+0000] {standard_task_runner.py:82} INFO - Running: ['***', 'tasks', 'run', 'showpulse_dbt_dag', 'dbt_run', 'scheduled__2023-06-21T16:19:02.220971+00:00', '--job-id', '842', '--raw', '--subdir', 'DAGS_FOLDER/dbt_run.py', '--cfg-path', '/tmp/tmp9ym2pb1f']
[2023-06-21T16:20:06.393+0000] {standard_task_runner.py:83} INFO - Job 842: Subtask dbt_run
[2023-06-21T16:20:06.448+0000] {task_command.py:389} INFO - Running <TaskInstance: showpulse_dbt_dag.dbt_run scheduled__2023-06-21T16:19:02.220971+00:00 [running]> on host 62cfed75eae1
[2023-06-21T16:20:06.499+0000] {taskinstance.py:1518} INFO - Exporting the following env vars:
AIRFLOW_CTX_DAG_OWNER=nburkett
AIRFLOW_CTX_DAG_ID=showpulse_dbt_dag
AIRFLOW_CTX_TASK_ID=dbt_run
AIRFLOW_CTX_EXECUTION_DATE=2023-06-21T16:19:02.220971+00:00
AIRFLOW_CTX_TRY_NUMBER=1
AIRFLOW_CTX_DAG_RUN_ID=scheduled__2023-06-21T16:19:02.220971+00:00
[2023-06-21T16:20:06.500+0000] {subprocess.py:63} INFO - Tmp dir root location: 
 /tmp
[2023-06-21T16:20:06.501+0000] {subprocess.py:75} INFO - Running command: ['/bin/bash', '-c', 'cd /dbt/ticketmaster_transformation && dbt run']
[2023-06-21T16:20:06.511+0000] {subprocess.py:86} INFO - Output:
[2023-06-21T16:20:07.763+0000] {subprocess.py:93} INFO - [0m16:20:07  Running with dbt=1.5.1
[2023-06-21T16:20:08.320+0000] {subprocess.py:93} INFO - [0m16:20:08  Found 4 models, 0 tests, 0 snapshots, 0 analyses, 356 macros, 0 operations, 0 seed files, 3 sources, 0 exposures, 0 metrics, 0 groups
[2023-06-21T16:20:08.323+0000] {subprocess.py:93} INFO - [0m16:20:08
[2023-06-21T16:20:09.326+0000] {subprocess.py:93} INFO - [0m16:20:09  Concurrency: 4 threads (target='dev')
[2023-06-21T16:20:09.330+0000] {subprocess.py:93} INFO - [0m16:20:09
[2023-06-21T16:20:09.348+0000] {subprocess.py:93} INFO - [0m16:20:09  1 of 4 START sql table model twitter_kafka_pyspark_test.distinct_data .......... [RUN]
[2023-06-21T16:20:09.351+0000] {subprocess.py:93} INFO - [0m16:20:09  2 of 4 START sql table model twitter_kafka_pyspark_test.dm_events .............. [RUN]
[2023-06-21T16:20:09.354+0000] {subprocess.py:93} INFO - [0m16:20:09  3 of 4 START sql table model twitter_kafka_pyspark_test.my_first_dbt_model ..... [RUN]
[2023-06-21T16:20:13.689+0000] {subprocess.py:93} INFO - [0m16:20:13  1 of 4 OK created sql table model twitter_kafka_pyspark_test.distinct_data ..... [[32mCREATE TABLE (1.1k rows, 638.3 KiB processed)[0m in 4.33s]
[2023-06-21T16:20:13.769+0000] {subprocess.py:93} INFO - [0m16:20:13  3 of 4 OK created sql table model twitter_kafka_pyspark_test.my_first_dbt_model  [[32mCREATE TABLE (2.0 rows, 0 processed)[0m in 4.40s]
[2023-06-21T16:20:13.777+0000] {subprocess.py:93} INFO - [0m16:20:13  4 of 4 START sql view model twitter_kafka_pyspark_test.my_second_dbt_model ..... [RUN]
[2023-06-21T16:20:14.126+0000] {subprocess.py:93} INFO - [0m16:20:14  2 of 4 OK created sql table model twitter_kafka_pyspark_test.dm_events ......... [[32mCREATE TABLE (1.3k rows, 178.2 KiB processed)[0m in 4.77s]
[2023-06-21T16:20:14.914+0000] {subprocess.py:93} INFO - [0m16:20:14  4 of 4 OK created sql view model twitter_kafka_pyspark_test.my_second_dbt_model  [[32mCREATE VIEW (0 processed)[0m in 1.13s]
[2023-06-21T16:20:15.000+0000] {subprocess.py:93} INFO - [0m16:20:15
[2023-06-21T16:20:15.002+0000] {subprocess.py:93} INFO - [0m16:20:15  Finished running 3 table models, 1 view model in 0 hours 0 minutes and 6.68 seconds (6.68s).
[2023-06-21T16:20:15.018+0000] {subprocess.py:93} INFO - [0m16:20:15
[2023-06-21T16:20:15.019+0000] {subprocess.py:93} INFO - [0m16:20:15  [32mCompleted successfully[0m
[2023-06-21T16:20:15.020+0000] {subprocess.py:93} INFO - [0m16:20:15
[2023-06-21T16:20:15.021+0000] {subprocess.py:93} INFO - [0m16:20:15  Done. PASS=4 WARN=0 ERROR=0 SKIP=0 TOTAL=4
[2023-06-21T16:20:16.512+0000] {subprocess.py:97} INFO - Command exited with return code 0
[2023-06-21T16:20:16.539+0000] {taskinstance.py:1332} INFO - Marking task as SUCCESS. dag_id=showpulse_dbt_dag, task_id=dbt_run, execution_date=20230621T161902, start_date=20230621T162006, end_date=20230621T162016
[2023-06-21T16:20:16.564+0000] {local_task_job.py:212} INFO - Task exited with return code 0
[2023-06-21T16:20:16.583+0000] {taskinstance.py:2596} INFO - 0 downstream tasks scheduled from follow-on schedule check
