[2023-05-14T01:25:46.873+0000] {taskinstance.py:1090} INFO - Dependencies all met for dep_context=non-requeueable deps ti=<TaskInstance: ny_taxi_local.upload_data_to_GCS_Lake.local_to_gcs manual__2023-05-14T01:20:13.427708+00:00 [queued]>
[2023-05-14T01:25:46.879+0000] {taskinstance.py:1090} INFO - Dependencies all met for dep_context=requeueable deps ti=<TaskInstance: ny_taxi_local.upload_data_to_GCS_Lake.local_to_gcs manual__2023-05-14T01:20:13.427708+00:00 [queued]>
[2023-05-14T01:25:46.880+0000] {taskinstance.py:1288} INFO - 
--------------------------------------------------------------------------------
[2023-05-14T01:25:46.880+0000] {taskinstance.py:1289} INFO - Starting attempt 2 of 2
[2023-05-14T01:25:46.881+0000] {taskinstance.py:1290} INFO - 
--------------------------------------------------------------------------------
[2023-05-14T01:25:46.888+0000] {taskinstance.py:1309} INFO - Executing <Task(_PythonDecoratedOperator): upload_data_to_GCS_Lake.local_to_gcs> on 2023-05-14 01:20:13.427708+00:00
[2023-05-14T01:25:46.893+0000] {standard_task_runner.py:55} INFO - Started process 891 to run task
[2023-05-14T01:25:46.897+0000] {standard_task_runner.py:82} INFO - Running: ['***', 'tasks', 'run', 'ny_taxi_local', 'upload_data_to_GCS_Lake.local_to_gcs', 'manual__2023-05-14T01:20:13.427708+00:00', '--job-id', '113', '--raw', '--subdir', 'DAGS_FOLDER/fetch_and_upload.py', '--cfg-path', '/tmp/tmp6ub52km5']
[2023-05-14T01:25:46.899+0000] {standard_task_runner.py:83} INFO - Job 113: Subtask upload_data_to_GCS_Lake.local_to_gcs
[2023-05-14T01:25:46.963+0000] {task_command.py:389} INFO - Running <TaskInstance: ny_taxi_local.upload_data_to_GCS_Lake.local_to_gcs manual__2023-05-14T01:20:13.427708+00:00 [running]> on host fdfc81637e26
[2023-05-14T01:25:47.026+0000] {taskinstance.py:1518} INFO - Exporting the following env vars:
AIRFLOW_CTX_DAG_OWNER=***
AIRFLOW_CTX_DAG_ID=ny_taxi_local
AIRFLOW_CTX_TASK_ID=upload_data_to_GCS_Lake.local_to_gcs
AIRFLOW_CTX_EXECUTION_DATE=2023-05-14T01:20:13.427708+00:00
AIRFLOW_CTX_TRY_NUMBER=2
AIRFLOW_CTX_DAG_RUN_ID=manual__2023-05-14T01:20:13.427708+00:00
[2023-05-14T01:25:48.969+0000] {logging_mixin.py:137} INFO - File yellow_tripdata_2023-05-14-01-25-46.parquet uploaded to Project: global-maxim-338114 and Bucket: <Bucket: dtc_data_lake_global-maxim-338114>.
[2023-05-14T01:25:48.970+0000] {python.py:177} INFO - Done. Returned value was: gs://<Bucket: dtc_data_lake_global-maxim-338114>/raw/yellow/2021/yellow_tripdata_2023-05-14-01-25-46.parquet
[2023-05-14T01:25:48.992+0000] {taskinstance.py:1332} INFO - Marking task as SUCCESS. dag_id=ny_taxi_local, task_id=upload_data_to_GCS_Lake.local_to_gcs, execution_date=20230514T012013, start_date=20230514T012546, end_date=20230514T012548
[2023-05-14T01:25:49.035+0000] {local_task_job.py:212} INFO - Task exited with return code 0
[2023-05-14T01:25:49.056+0000] {taskinstance.py:2596} INFO - 2 downstream tasks scheduled from follow-on schedule check
