[2023-05-14T16:04:49.904+0000] {taskinstance.py:1090} INFO - Dependencies all met for dep_context=non-requeueable deps ti=<TaskInstance: ny_taxi_local.upload_data_to_GCS_Lake.local_to_gcs manual__2023-05-14T01:20:13.427708+00:00 [queued]>
[2023-05-14T16:04:49.911+0000] {taskinstance.py:1090} INFO - Dependencies all met for dep_context=requeueable deps ti=<TaskInstance: ny_taxi_local.upload_data_to_GCS_Lake.local_to_gcs manual__2023-05-14T01:20:13.427708+00:00 [queued]>
[2023-05-14T16:04:49.912+0000] {taskinstance.py:1288} INFO - 
--------------------------------------------------------------------------------
[2023-05-14T16:04:49.912+0000] {taskinstance.py:1289} INFO - Starting attempt 3 of 3
[2023-05-14T16:04:49.913+0000] {taskinstance.py:1290} INFO - 
--------------------------------------------------------------------------------
[2023-05-14T16:04:49.922+0000] {taskinstance.py:1309} INFO - Executing <Task(_PythonDecoratedOperator): upload_data_to_GCS_Lake.local_to_gcs> on 2023-05-14 01:20:13.427708+00:00
[2023-05-14T16:04:49.926+0000] {standard_task_runner.py:55} INFO - Started process 87 to run task
[2023-05-14T16:04:49.929+0000] {standard_task_runner.py:82} INFO - Running: ['***', 'tasks', 'run', 'ny_taxi_local', 'upload_data_to_GCS_Lake.local_to_gcs', 'manual__2023-05-14T01:20:13.427708+00:00', '--job-id', '119', '--raw', '--subdir', 'DAGS_FOLDER/fetch_and_upload.py', '--cfg-path', '/tmp/tmp0ktycs2e']
[2023-05-14T16:04:49.931+0000] {standard_task_runner.py:83} INFO - Job 119: Subtask upload_data_to_GCS_Lake.local_to_gcs
[2023-05-14T16:04:49.983+0000] {task_command.py:389} INFO - Running <TaskInstance: ny_taxi_local.upload_data_to_GCS_Lake.local_to_gcs manual__2023-05-14T01:20:13.427708+00:00 [running]> on host fdfc81637e26
[2023-05-14T16:04:50.039+0000] {taskinstance.py:1518} INFO - Exporting the following env vars:
AIRFLOW_CTX_DAG_OWNER=***
AIRFLOW_CTX_DAG_ID=ny_taxi_local
AIRFLOW_CTX_TASK_ID=upload_data_to_GCS_Lake.local_to_gcs
AIRFLOW_CTX_EXECUTION_DATE=2023-05-14T01:20:13.427708+00:00
AIRFLOW_CTX_TRY_NUMBER=3
AIRFLOW_CTX_DAG_RUN_ID=manual__2023-05-14T01:20:13.427708+00:00
[2023-05-14T16:04:51.705+0000] {logging_mixin.py:137} INFO - File yellow_tripdata_2023-05-14-16-04-49.parquet uploaded to Project: global-maxim-338114 and Bucket: <Bucket: dtc_data_lake_global-maxim-338114>.
[2023-05-14T16:04:51.706+0000] {python.py:177} INFO - Done. Returned value was: gs://<Bucket: dtc_data_lake_global-maxim-338114>/raw/yellow/2021/yellow_tripdata_2023-05-14-16-04-49.parquet
[2023-05-14T16:04:51.725+0000] {taskinstance.py:1332} INFO - Marking task as SUCCESS. dag_id=ny_taxi_local, task_id=upload_data_to_GCS_Lake.local_to_gcs, execution_date=20230514T012013, start_date=20230514T160449, end_date=20230514T160451
[2023-05-14T16:04:51.776+0000] {local_task_job.py:212} INFO - Task exited with return code 0
[2023-05-14T16:04:51.806+0000] {taskinstance.py:2596} INFO - 2 downstream tasks scheduled from follow-on schedule check
