[2023-06-23T01:18:34.862+0000] {taskinstance.py:1090} INFO - Dependencies all met for dep_context=non-requeueable deps ti=<TaskInstance: showpulse_dbt_dag.dbt_run scheduled__2023-06-23T01:17:31.696804+00:00 [queued]>
[2023-06-23T01:18:34.869+0000] {taskinstance.py:1090} INFO - Dependencies all met for dep_context=requeueable deps ti=<TaskInstance: showpulse_dbt_dag.dbt_run scheduled__2023-06-23T01:17:31.696804+00:00 [queued]>
[2023-06-23T01:18:34.869+0000] {taskinstance.py:1288} INFO - 
--------------------------------------------------------------------------------
[2023-06-23T01:18:34.870+0000] {taskinstance.py:1289} INFO - Starting attempt 1 of 1
[2023-06-23T01:18:34.871+0000] {taskinstance.py:1290} INFO - 
--------------------------------------------------------------------------------
[2023-06-23T01:18:34.879+0000] {taskinstance.py:1309} INFO - Executing <Task(BashOperator): dbt_run> on 2023-06-23 01:17:31.696804+00:00
[2023-06-23T01:18:34.882+0000] {standard_task_runner.py:55} INFO - Started process 22535 to run task
[2023-06-23T01:18:34.885+0000] {standard_task_runner.py:82} INFO - Running: ['***', 'tasks', 'run', 'showpulse_dbt_dag', 'dbt_run', 'scheduled__2023-06-23T01:17:31.696804+00:00', '--job-id', '2502', '--raw', '--subdir', 'DAGS_FOLDER/dbt_run.py', '--cfg-path', '/tmp/tmpih389m6s']
[2023-06-23T01:18:34.886+0000] {standard_task_runner.py:83} INFO - Job 2502: Subtask dbt_run
[2023-06-23T01:18:34.941+0000] {task_command.py:389} INFO - Running <TaskInstance: showpulse_dbt_dag.dbt_run scheduled__2023-06-23T01:17:31.696804+00:00 [running]> on host 62cfed75eae1
[2023-06-23T01:18:34.995+0000] {taskinstance.py:1518} INFO - Exporting the following env vars:
AIRFLOW_CTX_DAG_OWNER=nburkett
AIRFLOW_CTX_DAG_ID=showpulse_dbt_dag
AIRFLOW_CTX_TASK_ID=dbt_run
AIRFLOW_CTX_EXECUTION_DATE=2023-06-23T01:17:31.696804+00:00
AIRFLOW_CTX_TRY_NUMBER=1
AIRFLOW_CTX_DAG_RUN_ID=scheduled__2023-06-23T01:17:31.696804+00:00
[2023-06-23T01:18:34.996+0000] {subprocess.py:63} INFO - Tmp dir root location: 
 /tmp
[2023-06-23T01:18:34.997+0000] {subprocess.py:75} INFO - Running command: ['/bin/bash', '-c', 'cd /dbt/ticketmaster_transformation && dbt run']
[2023-06-23T01:18:35.006+0000] {subprocess.py:86} INFO - Output:
[2023-06-23T01:18:36.396+0000] {subprocess.py:93} INFO - [0m01:18:36  Running with dbt=1.5.1
[2023-06-23T01:18:36.973+0000] {subprocess.py:93} INFO - [0m01:18:36  Found 4 models, 0 tests, 0 snapshots, 0 analyses, 356 macros, 0 operations, 0 seed files, 3 sources, 0 exposures, 0 metrics, 0 groups
[2023-06-23T01:18:36.976+0000] {subprocess.py:93} INFO - [0m01:18:36
[2023-06-23T01:18:37.711+0000] {subprocess.py:93} INFO - [0m01:18:37  Concurrency: 4 threads (target='dev')
[2023-06-23T01:18:37.712+0000] {subprocess.py:93} INFO - [0m01:18:37
[2023-06-23T01:18:37.724+0000] {subprocess.py:93} INFO - [0m01:18:37  1 of 4 START sql table model twitter_kafka_pyspark_test.distinct_data .......... [RUN]
[2023-06-23T01:18:37.726+0000] {subprocess.py:93} INFO - [0m01:18:37  2 of 4 START sql table model twitter_kafka_pyspark_test.dm_events .............. [RUN]
[2023-06-23T01:18:37.728+0000] {subprocess.py:93} INFO - [0m01:18:37  3 of 4 START sql table model twitter_kafka_pyspark_test.my_first_dbt_model ..... [RUN]
[2023-06-23T01:18:40.290+0000] {subprocess.py:93} INFO - [0m01:18:40  3 of 4 OK created sql table model twitter_kafka_pyspark_test.my_first_dbt_model  [[32mCREATE TABLE (2.0 rows, 0 processed)[0m in 2.56s]
[2023-06-23T01:18:40.297+0000] {subprocess.py:93} INFO - [0m01:18:40  4 of 4 START sql view model twitter_kafka_pyspark_test.my_second_dbt_model ..... [RUN]
[2023-06-23T01:18:40.343+0000] {subprocess.py:93} INFO - [0m01:18:40  2 of 4 OK created sql table model twitter_kafka_pyspark_test.dm_events ......... [[32mCREATE TABLE (1.4k rows, 186.0 KiB processed)[0m in 2.61s]
[2023-06-23T01:18:40.521+0000] {subprocess.py:93} INFO - [0m01:18:40  1 of 4 OK created sql table model twitter_kafka_pyspark_test.distinct_data ..... [[32mCREATE TABLE (1.1k rows, 663.4 KiB processed)[0m in 2.79s]
[2023-06-23T01:18:41.388+0000] {subprocess.py:93} INFO - [0m01:18:41  4 of 4 OK created sql view model twitter_kafka_pyspark_test.my_second_dbt_model  [[32mCREATE VIEW (0 processed)[0m in 1.08s]
[2023-06-23T01:18:41.486+0000] {subprocess.py:93} INFO - [0m01:18:41
[2023-06-23T01:18:41.488+0000] {subprocess.py:93} INFO - [0m01:18:41  Finished running 3 table models, 1 view model in 0 hours 0 minutes and 4.51 seconds (4.51s).
[2023-06-23T01:18:41.514+0000] {subprocess.py:93} INFO - [0m01:18:41
[2023-06-23T01:18:41.516+0000] {subprocess.py:93} INFO - [0m01:18:41  [32mCompleted successfully[0m
[2023-06-23T01:18:41.517+0000] {subprocess.py:93} INFO - [0m01:18:41
[2023-06-23T01:18:41.519+0000] {subprocess.py:93} INFO - [0m01:18:41  Done. PASS=4 WARN=0 ERROR=0 SKIP=0 TOTAL=4
[2023-06-23T01:18:41.923+0000] {subprocess.py:97} INFO - Command exited with return code 0
[2023-06-23T01:18:41.949+0000] {taskinstance.py:1332} INFO - Marking task as SUCCESS. dag_id=showpulse_dbt_dag, task_id=dbt_run, execution_date=20230623T011731, start_date=20230623T011834, end_date=20230623T011841
[2023-06-23T01:18:41.991+0000] {local_task_job.py:212} INFO - Task exited with return code 0
[2023-06-23T01:18:42.005+0000] {taskinstance.py:2596} INFO - 0 downstream tasks scheduled from follow-on schedule check
