[2023-06-21T22:24:11.081+0000] {taskinstance.py:1090} INFO - Dependencies all met for dep_context=non-requeueable deps ti=<TaskInstance: showpulse_dbt_dag.dbt_run scheduled__2023-06-21T22:22:36.700171+00:00 [queued]>
[2023-06-21T22:24:11.088+0000] {taskinstance.py:1090} INFO - Dependencies all met for dep_context=requeueable deps ti=<TaskInstance: showpulse_dbt_dag.dbt_run scheduled__2023-06-21T22:22:36.700171+00:00 [queued]>
[2023-06-21T22:24:11.089+0000] {taskinstance.py:1288} INFO - 
--------------------------------------------------------------------------------
[2023-06-21T22:24:11.090+0000] {taskinstance.py:1289} INFO - Starting attempt 1 of 1
[2023-06-21T22:24:11.090+0000] {taskinstance.py:1290} INFO - 
--------------------------------------------------------------------------------
[2023-06-21T22:24:11.099+0000] {taskinstance.py:1309} INFO - Executing <Task(BashOperator): dbt_run> on 2023-06-21 22:22:36.700171+00:00
[2023-06-21T22:24:11.103+0000] {standard_task_runner.py:55} INFO - Started process 6721 to run task
[2023-06-21T22:24:11.106+0000] {standard_task_runner.py:82} INFO - Running: ['***', 'tasks', 'run', 'showpulse_dbt_dag', 'dbt_run', 'scheduled__2023-06-21T22:22:36.700171+00:00', '--job-id', '1062', '--raw', '--subdir', 'DAGS_FOLDER/dbt_run.py', '--cfg-path', '/tmp/tmpz81vpwrc']
[2023-06-21T22:24:11.107+0000] {standard_task_runner.py:83} INFO - Job 1062: Subtask dbt_run
[2023-06-21T22:24:11.169+0000] {task_command.py:389} INFO - Running <TaskInstance: showpulse_dbt_dag.dbt_run scheduled__2023-06-21T22:22:36.700171+00:00 [running]> on host 62cfed75eae1
[2023-06-21T22:24:11.223+0000] {taskinstance.py:1518} INFO - Exporting the following env vars:
AIRFLOW_CTX_DAG_OWNER=nburkett
AIRFLOW_CTX_DAG_ID=showpulse_dbt_dag
AIRFLOW_CTX_TASK_ID=dbt_run
AIRFLOW_CTX_EXECUTION_DATE=2023-06-21T22:22:36.700171+00:00
AIRFLOW_CTX_TRY_NUMBER=1
AIRFLOW_CTX_DAG_RUN_ID=scheduled__2023-06-21T22:22:36.700171+00:00
[2023-06-21T22:24:11.225+0000] {subprocess.py:63} INFO - Tmp dir root location: 
 /tmp
[2023-06-21T22:24:11.226+0000] {subprocess.py:75} INFO - Running command: ['/bin/bash', '-c', 'cd /dbt/ticketmaster_transformation && dbt run']
[2023-06-21T22:24:11.234+0000] {subprocess.py:86} INFO - Output:
[2023-06-21T22:24:12.497+0000] {subprocess.py:93} INFO - [0m22:24:12  Running with dbt=1.5.1
[2023-06-21T22:24:13.025+0000] {subprocess.py:93} INFO - [0m22:24:13  Found 4 models, 0 tests, 0 snapshots, 0 analyses, 356 macros, 0 operations, 0 seed files, 3 sources, 0 exposures, 0 metrics, 0 groups
[2023-06-21T22:24:13.029+0000] {subprocess.py:93} INFO - [0m22:24:13
[2023-06-21T22:24:13.768+0000] {subprocess.py:93} INFO - [0m22:24:13  Concurrency: 4 threads (target='dev')
[2023-06-21T22:24:13.770+0000] {subprocess.py:93} INFO - [0m22:24:13
[2023-06-21T22:24:13.778+0000] {subprocess.py:93} INFO - [0m22:24:13  1 of 4 START sql table model twitter_kafka_pyspark_test.distinct_data .......... [RUN]
[2023-06-21T22:24:13.780+0000] {subprocess.py:93} INFO - [0m22:24:13  2 of 4 START sql table model twitter_kafka_pyspark_test.dm_events .............. [RUN]
[2023-06-21T22:24:13.781+0000] {subprocess.py:93} INFO - [0m22:24:13  3 of 4 START sql table model twitter_kafka_pyspark_test.my_first_dbt_model ..... [RUN]
[2023-06-21T22:24:16.576+0000] {subprocess.py:93} INFO - [0m22:24:16  3 of 4 OK created sql table model twitter_kafka_pyspark_test.my_first_dbt_model  [[32mCREATE TABLE (2.0 rows, 0 processed)[0m in 2.79s]
[2023-06-21T22:24:16.584+0000] {subprocess.py:93} INFO - [0m22:24:16  4 of 4 START sql view model twitter_kafka_pyspark_test.my_second_dbt_model ..... [RUN]
[2023-06-21T22:24:16.747+0000] {subprocess.py:93} INFO - [0m22:24:16  1 of 4 OK created sql table model twitter_kafka_pyspark_test.distinct_data ..... [[32mCREATE TABLE (1.1k rows, 638.3 KiB processed)[0m in 2.96s]
[2023-06-21T22:24:17.055+0000] {subprocess.py:93} INFO - [0m22:24:17  2 of 4 OK created sql table model twitter_kafka_pyspark_test.dm_events ......... [[32mCREATE TABLE (1.3k rows, 178.2 KiB processed)[0m in 3.27s]
[2023-06-21T22:24:17.393+0000] {subprocess.py:93} INFO - [0m22:24:17  4 of 4 OK created sql view model twitter_kafka_pyspark_test.my_second_dbt_model  [[32mCREATE VIEW (0 processed)[0m in 0.80s]
[2023-06-21T22:24:17.490+0000] {subprocess.py:93} INFO - [0m22:24:17
[2023-06-21T22:24:17.493+0000] {subprocess.py:93} INFO - [0m22:24:17  Finished running 3 table models, 1 view model in 0 hours 0 minutes and 4.46 seconds (4.46s).
[2023-06-21T22:24:17.529+0000] {subprocess.py:93} INFO - [0m22:24:17
[2023-06-21T22:24:17.531+0000] {subprocess.py:93} INFO - [0m22:24:17  [32mCompleted successfully[0m
[2023-06-21T22:24:17.532+0000] {subprocess.py:93} INFO - [0m22:24:17
[2023-06-21T22:24:17.534+0000] {subprocess.py:93} INFO - [0m22:24:17  Done. PASS=4 WARN=0 ERROR=0 SKIP=0 TOTAL=4
[2023-06-21T22:24:18.452+0000] {subprocess.py:97} INFO - Command exited with return code 0
[2023-06-21T22:24:18.481+0000] {taskinstance.py:1332} INFO - Marking task as SUCCESS. dag_id=showpulse_dbt_dag, task_id=dbt_run, execution_date=20230621T222236, start_date=20230621T222411, end_date=20230621T222418
[2023-06-21T22:24:18.532+0000] {local_task_job.py:212} INFO - Task exited with return code 0
[2023-06-21T22:24:18.548+0000] {taskinstance.py:2596} INFO - 0 downstream tasks scheduled from follow-on schedule check
