[2023-06-04T22:30:18.522+0000] {processor.py:153} INFO - Started process (PID=44) to work on /opt/airflow/dags/gcs-connector-hadoop3-2.2.5.jar
[2023-06-04T22:30:18.525+0000] {processor.py:743} INFO - Processing file /opt/airflow/dags/gcs-connector-hadoop3-2.2.5.jar for tasks to queue
[2023-06-04T22:30:18.526+0000] {logging_mixin.py:137} INFO - [2023-06-04T22:30:18.526+0000] {dagbag.py:532} INFO - Filling up the DagBag from /opt/airflow/dags/gcs-connector-hadoop3-2.2.5.jar
[2023-06-04T22:30:18.656+0000] {processor.py:755} WARNING - No viable dags retrieved from /opt/airflow/dags/gcs-connector-hadoop3-2.2.5.jar
[2023-06-04T22:30:18.682+0000] {processor.py:175} INFO - Processing /opt/airflow/dags/gcs-connector-hadoop3-2.2.5.jar took 0.169 seconds
[2023-06-04T22:30:48.851+0000] {processor.py:153} INFO - Started process (PID=57) to work on /opt/airflow/dags/gcs-connector-hadoop3-2.2.5.jar
[2023-06-04T22:30:48.856+0000] {processor.py:743} INFO - Processing file /opt/airflow/dags/gcs-connector-hadoop3-2.2.5.jar for tasks to queue
[2023-06-04T22:30:48.858+0000] {logging_mixin.py:137} INFO - [2023-06-04T22:30:48.857+0000] {dagbag.py:532} INFO - Filling up the DagBag from /opt/airflow/dags/gcs-connector-hadoop3-2.2.5.jar
[2023-06-04T22:30:48.938+0000] {processor.py:755} WARNING - No viable dags retrieved from /opt/airflow/dags/gcs-connector-hadoop3-2.2.5.jar
[2023-06-04T22:30:48.951+0000] {processor.py:175} INFO - Processing /opt/airflow/dags/gcs-connector-hadoop3-2.2.5.jar took 0.108 seconds
[2023-06-04T22:31:19.430+0000] {processor.py:153} INFO - Started process (PID=67) to work on /opt/airflow/dags/gcs-connector-hadoop3-2.2.5.jar
[2023-06-04T22:31:19.433+0000] {processor.py:743} INFO - Processing file /opt/airflow/dags/gcs-connector-hadoop3-2.2.5.jar for tasks to queue
[2023-06-04T22:31:19.435+0000] {logging_mixin.py:137} INFO - [2023-06-04T22:31:19.435+0000] {dagbag.py:532} INFO - Filling up the DagBag from /opt/airflow/dags/gcs-connector-hadoop3-2.2.5.jar
[2023-06-04T22:31:19.515+0000] {processor.py:755} WARNING - No viable dags retrieved from /opt/airflow/dags/gcs-connector-hadoop3-2.2.5.jar
[2023-06-04T22:31:19.528+0000] {processor.py:175} INFO - Processing /opt/airflow/dags/gcs-connector-hadoop3-2.2.5.jar took 0.107 seconds
[2023-06-04T22:31:49.928+0000] {processor.py:153} INFO - Started process (PID=77) to work on /opt/airflow/dags/gcs-connector-hadoop3-2.2.5.jar
[2023-06-04T22:31:49.932+0000] {processor.py:743} INFO - Processing file /opt/airflow/dags/gcs-connector-hadoop3-2.2.5.jar for tasks to queue
[2023-06-04T22:31:49.934+0000] {logging_mixin.py:137} INFO - [2023-06-04T22:31:49.934+0000] {dagbag.py:532} INFO - Filling up the DagBag from /opt/airflow/dags/gcs-connector-hadoop3-2.2.5.jar
[2023-06-04T22:31:50.012+0000] {processor.py:755} WARNING - No viable dags retrieved from /opt/airflow/dags/gcs-connector-hadoop3-2.2.5.jar
[2023-06-04T22:31:50.027+0000] {processor.py:175} INFO - Processing /opt/airflow/dags/gcs-connector-hadoop3-2.2.5.jar took 0.106 seconds
[2023-06-04T22:32:20.343+0000] {processor.py:153} INFO - Started process (PID=87) to work on /opt/airflow/dags/gcs-connector-hadoop3-2.2.5.jar
[2023-06-04T22:32:20.347+0000] {processor.py:743} INFO - Processing file /opt/airflow/dags/gcs-connector-hadoop3-2.2.5.jar for tasks to queue
[2023-06-04T22:32:20.349+0000] {logging_mixin.py:137} INFO - [2023-06-04T22:32:20.349+0000] {dagbag.py:532} INFO - Filling up the DagBag from /opt/airflow/dags/gcs-connector-hadoop3-2.2.5.jar
[2023-06-04T22:32:20.480+0000] {processor.py:755} WARNING - No viable dags retrieved from /opt/airflow/dags/gcs-connector-hadoop3-2.2.5.jar
[2023-06-04T22:32:20.505+0000] {processor.py:175} INFO - Processing /opt/airflow/dags/gcs-connector-hadoop3-2.2.5.jar took 0.168 seconds
[2023-06-04T22:32:50.554+0000] {processor.py:153} INFO - Started process (PID=96) to work on /opt/airflow/dags/gcs-connector-hadoop3-2.2.5.jar
[2023-06-04T22:32:50.556+0000] {processor.py:743} INFO - Processing file /opt/airflow/dags/gcs-connector-hadoop3-2.2.5.jar for tasks to queue
[2023-06-04T22:32:50.558+0000] {logging_mixin.py:137} INFO - [2023-06-04T22:32:50.558+0000] {dagbag.py:532} INFO - Filling up the DagBag from /opt/airflow/dags/gcs-connector-hadoop3-2.2.5.jar
[2023-06-04T22:32:50.698+0000] {processor.py:755} WARNING - No viable dags retrieved from /opt/airflow/dags/gcs-connector-hadoop3-2.2.5.jar
[2023-06-04T22:32:50.729+0000] {processor.py:175} INFO - Processing /opt/airflow/dags/gcs-connector-hadoop3-2.2.5.jar took 0.181 seconds
[2023-06-04T22:33:20.955+0000] {processor.py:153} INFO - Started process (PID=106) to work on /opt/airflow/dags/gcs-connector-hadoop3-2.2.5.jar
[2023-06-04T22:33:20.957+0000] {processor.py:743} INFO - Processing file /opt/airflow/dags/gcs-connector-hadoop3-2.2.5.jar for tasks to queue
[2023-06-04T22:33:20.959+0000] {logging_mixin.py:137} INFO - [2023-06-04T22:33:20.959+0000] {dagbag.py:532} INFO - Filling up the DagBag from /opt/airflow/dags/gcs-connector-hadoop3-2.2.5.jar
[2023-06-04T22:33:21.055+0000] {processor.py:755} WARNING - No viable dags retrieved from /opt/airflow/dags/gcs-connector-hadoop3-2.2.5.jar
[2023-06-04T22:33:21.074+0000] {processor.py:175} INFO - Processing /opt/airflow/dags/gcs-connector-hadoop3-2.2.5.jar took 0.124 seconds
[2023-06-04T22:33:51.259+0000] {processor.py:153} INFO - Started process (PID=116) to work on /opt/airflow/dags/gcs-connector-hadoop3-2.2.5.jar
[2023-06-04T22:33:51.261+0000] {processor.py:743} INFO - Processing file /opt/airflow/dags/gcs-connector-hadoop3-2.2.5.jar for tasks to queue
[2023-06-04T22:33:51.263+0000] {logging_mixin.py:137} INFO - [2023-06-04T22:33:51.263+0000] {dagbag.py:532} INFO - Filling up the DagBag from /opt/airflow/dags/gcs-connector-hadoop3-2.2.5.jar
[2023-06-04T22:33:51.344+0000] {processor.py:755} WARNING - No viable dags retrieved from /opt/airflow/dags/gcs-connector-hadoop3-2.2.5.jar
[2023-06-04T22:33:51.364+0000] {processor.py:175} INFO - Processing /opt/airflow/dags/gcs-connector-hadoop3-2.2.5.jar took 0.110 seconds
[2023-06-04T22:34:21.456+0000] {processor.py:153} INFO - Started process (PID=126) to work on /opt/airflow/dags/gcs-connector-hadoop3-2.2.5.jar
[2023-06-04T22:34:21.458+0000] {processor.py:743} INFO - Processing file /opt/airflow/dags/gcs-connector-hadoop3-2.2.5.jar for tasks to queue
[2023-06-04T22:34:21.460+0000] {logging_mixin.py:137} INFO - [2023-06-04T22:34:21.460+0000] {dagbag.py:532} INFO - Filling up the DagBag from /opt/airflow/dags/gcs-connector-hadoop3-2.2.5.jar
[2023-06-04T22:34:21.553+0000] {processor.py:755} WARNING - No viable dags retrieved from /opt/airflow/dags/gcs-connector-hadoop3-2.2.5.jar
[2023-06-04T22:34:21.569+0000] {processor.py:175} INFO - Processing /opt/airflow/dags/gcs-connector-hadoop3-2.2.5.jar took 0.118 seconds
[2023-06-04T22:34:51.735+0000] {processor.py:153} INFO - Started process (PID=135) to work on /opt/airflow/dags/gcs-connector-hadoop3-2.2.5.jar
[2023-06-04T22:34:51.739+0000] {processor.py:743} INFO - Processing file /opt/airflow/dags/gcs-connector-hadoop3-2.2.5.jar for tasks to queue
[2023-06-04T22:34:51.741+0000] {logging_mixin.py:137} INFO - [2023-06-04T22:34:51.741+0000] {dagbag.py:532} INFO - Filling up the DagBag from /opt/airflow/dags/gcs-connector-hadoop3-2.2.5.jar
[2023-06-04T22:34:51.847+0000] {processor.py:755} WARNING - No viable dags retrieved from /opt/airflow/dags/gcs-connector-hadoop3-2.2.5.jar
[2023-06-04T22:34:51.870+0000] {processor.py:175} INFO - Processing /opt/airflow/dags/gcs-connector-hadoop3-2.2.5.jar took 0.144 seconds
[2023-06-04T22:35:22.049+0000] {processor.py:153} INFO - Started process (PID=145) to work on /opt/airflow/dags/gcs-connector-hadoop3-2.2.5.jar
[2023-06-04T22:35:22.052+0000] {processor.py:743} INFO - Processing file /opt/airflow/dags/gcs-connector-hadoop3-2.2.5.jar for tasks to queue
[2023-06-04T22:35:22.053+0000] {logging_mixin.py:137} INFO - [2023-06-04T22:35:22.053+0000] {dagbag.py:532} INFO - Filling up the DagBag from /opt/airflow/dags/gcs-connector-hadoop3-2.2.5.jar
[2023-06-04T22:35:22.646+0000] {processor.py:755} WARNING - No viable dags retrieved from /opt/airflow/dags/gcs-connector-hadoop3-2.2.5.jar
[2023-06-04T22:35:22.701+0000] {processor.py:175} INFO - Processing /opt/airflow/dags/gcs-connector-hadoop3-2.2.5.jar took 0.678 seconds
[2023-06-04T22:35:53.187+0000] {processor.py:153} INFO - Started process (PID=155) to work on /opt/airflow/dags/gcs-connector-hadoop3-2.2.5.jar
[2023-06-04T22:35:53.189+0000] {processor.py:743} INFO - Processing file /opt/airflow/dags/gcs-connector-hadoop3-2.2.5.jar for tasks to queue
[2023-06-04T22:35:53.190+0000] {logging_mixin.py:137} INFO - [2023-06-04T22:35:53.190+0000] {dagbag.py:532} INFO - Filling up the DagBag from /opt/airflow/dags/gcs-connector-hadoop3-2.2.5.jar
[2023-06-04T22:35:53.479+0000] {processor.py:755} WARNING - No viable dags retrieved from /opt/airflow/dags/gcs-connector-hadoop3-2.2.5.jar
[2023-06-04T22:35:53.492+0000] {processor.py:175} INFO - Processing /opt/airflow/dags/gcs-connector-hadoop3-2.2.5.jar took 0.311 seconds
[2023-06-04T22:36:23.771+0000] {processor.py:153} INFO - Started process (PID=165) to work on /opt/airflow/dags/gcs-connector-hadoop3-2.2.5.jar
[2023-06-04T22:36:23.774+0000] {processor.py:743} INFO - Processing file /opt/airflow/dags/gcs-connector-hadoop3-2.2.5.jar for tasks to queue
[2023-06-04T22:36:23.775+0000] {logging_mixin.py:137} INFO - [2023-06-04T22:36:23.775+0000] {dagbag.py:532} INFO - Filling up the DagBag from /opt/airflow/dags/gcs-connector-hadoop3-2.2.5.jar
[2023-06-04T22:36:24.027+0000] {processor.py:755} WARNING - No viable dags retrieved from /opt/airflow/dags/gcs-connector-hadoop3-2.2.5.jar
[2023-06-04T22:36:24.038+0000] {processor.py:175} INFO - Processing /opt/airflow/dags/gcs-connector-hadoop3-2.2.5.jar took 0.279 seconds
[2023-06-04T22:36:54.400+0000] {processor.py:153} INFO - Started process (PID=174) to work on /opt/airflow/dags/gcs-connector-hadoop3-2.2.5.jar
[2023-06-04T22:36:54.401+0000] {processor.py:743} INFO - Processing file /opt/airflow/dags/gcs-connector-hadoop3-2.2.5.jar for tasks to queue
[2023-06-04T22:36:54.402+0000] {logging_mixin.py:137} INFO - [2023-06-04T22:36:54.402+0000] {dagbag.py:532} INFO - Filling up the DagBag from /opt/airflow/dags/gcs-connector-hadoop3-2.2.5.jar
[2023-06-04T22:36:54.630+0000] {processor.py:755} WARNING - No viable dags retrieved from /opt/airflow/dags/gcs-connector-hadoop3-2.2.5.jar
[2023-06-04T22:36:54.643+0000] {processor.py:175} INFO - Processing /opt/airflow/dags/gcs-connector-hadoop3-2.2.5.jar took 0.248 seconds
[2023-06-04T22:37:25.106+0000] {processor.py:153} INFO - Started process (PID=184) to work on /opt/airflow/dags/gcs-connector-hadoop3-2.2.5.jar
[2023-06-04T22:37:25.109+0000] {processor.py:743} INFO - Processing file /opt/airflow/dags/gcs-connector-hadoop3-2.2.5.jar for tasks to queue
[2023-06-04T22:37:25.110+0000] {logging_mixin.py:137} INFO - [2023-06-04T22:37:25.110+0000] {dagbag.py:532} INFO - Filling up the DagBag from /opt/airflow/dags/gcs-connector-hadoop3-2.2.5.jar
[2023-06-04T22:37:25.304+0000] {processor.py:755} WARNING - No viable dags retrieved from /opt/airflow/dags/gcs-connector-hadoop3-2.2.5.jar
[2023-06-04T22:37:25.320+0000] {processor.py:175} INFO - Processing /opt/airflow/dags/gcs-connector-hadoop3-2.2.5.jar took 0.220 seconds
[2023-06-04T22:37:55.748+0000] {processor.py:153} INFO - Started process (PID=194) to work on /opt/airflow/dags/gcs-connector-hadoop3-2.2.5.jar
[2023-06-04T22:37:55.751+0000] {processor.py:743} INFO - Processing file /opt/airflow/dags/gcs-connector-hadoop3-2.2.5.jar for tasks to queue
[2023-06-04T22:37:55.753+0000] {logging_mixin.py:137} INFO - [2023-06-04T22:37:55.752+0000] {dagbag.py:532} INFO - Filling up the DagBag from /opt/airflow/dags/gcs-connector-hadoop3-2.2.5.jar
[2023-06-04T22:37:55.941+0000] {processor.py:755} WARNING - No viable dags retrieved from /opt/airflow/dags/gcs-connector-hadoop3-2.2.5.jar
[2023-06-04T22:37:55.952+0000] {processor.py:175} INFO - Processing /opt/airflow/dags/gcs-connector-hadoop3-2.2.5.jar took 0.212 seconds
[2023-06-04T22:38:26.382+0000] {processor.py:153} INFO - Started process (PID=203) to work on /opt/airflow/dags/gcs-connector-hadoop3-2.2.5.jar
[2023-06-04T22:38:26.384+0000] {processor.py:743} INFO - Processing file /opt/airflow/dags/gcs-connector-hadoop3-2.2.5.jar for tasks to queue
[2023-06-04T22:38:26.386+0000] {logging_mixin.py:137} INFO - [2023-06-04T22:38:26.386+0000] {dagbag.py:532} INFO - Filling up the DagBag from /opt/airflow/dags/gcs-connector-hadoop3-2.2.5.jar
[2023-06-04T22:38:26.557+0000] {processor.py:755} WARNING - No viable dags retrieved from /opt/airflow/dags/gcs-connector-hadoop3-2.2.5.jar
[2023-06-04T22:38:26.567+0000] {processor.py:175} INFO - Processing /opt/airflow/dags/gcs-connector-hadoop3-2.2.5.jar took 0.191 seconds
[2023-06-04T22:38:57.059+0000] {processor.py:153} INFO - Started process (PID=213) to work on /opt/airflow/dags/gcs-connector-hadoop3-2.2.5.jar
[2023-06-04T22:38:57.063+0000] {processor.py:743} INFO - Processing file /opt/airflow/dags/gcs-connector-hadoop3-2.2.5.jar for tasks to queue
[2023-06-04T22:38:57.065+0000] {logging_mixin.py:137} INFO - [2023-06-04T22:38:57.064+0000] {dagbag.py:532} INFO - Filling up the DagBag from /opt/airflow/dags/gcs-connector-hadoop3-2.2.5.jar
[2023-06-04T22:38:57.305+0000] {processor.py:755} WARNING - No viable dags retrieved from /opt/airflow/dags/gcs-connector-hadoop3-2.2.5.jar
[2023-06-04T22:38:57.317+0000] {processor.py:175} INFO - Processing /opt/airflow/dags/gcs-connector-hadoop3-2.2.5.jar took 0.267 seconds
[2023-06-04T22:39:27.746+0000] {processor.py:153} INFO - Started process (PID=224) to work on /opt/airflow/dags/gcs-connector-hadoop3-2.2.5.jar
[2023-06-04T22:39:27.750+0000] {processor.py:743} INFO - Processing file /opt/airflow/dags/gcs-connector-hadoop3-2.2.5.jar for tasks to queue
[2023-06-04T22:39:27.752+0000] {logging_mixin.py:137} INFO - [2023-06-04T22:39:27.752+0000] {dagbag.py:532} INFO - Filling up the DagBag from /opt/airflow/dags/gcs-connector-hadoop3-2.2.5.jar
[2023-06-04T22:39:27.951+0000] {processor.py:755} WARNING - No viable dags retrieved from /opt/airflow/dags/gcs-connector-hadoop3-2.2.5.jar
[2023-06-04T22:39:27.962+0000] {processor.py:175} INFO - Processing /opt/airflow/dags/gcs-connector-hadoop3-2.2.5.jar took 0.225 seconds
[2023-06-04T22:39:58.365+0000] {processor.py:153} INFO - Started process (PID=235) to work on /opt/airflow/dags/gcs-connector-hadoop3-2.2.5.jar
[2023-06-04T22:39:58.369+0000] {processor.py:743} INFO - Processing file /opt/airflow/dags/gcs-connector-hadoop3-2.2.5.jar for tasks to queue
[2023-06-04T22:39:58.371+0000] {logging_mixin.py:137} INFO - [2023-06-04T22:39:58.370+0000] {dagbag.py:532} INFO - Filling up the DagBag from /opt/airflow/dags/gcs-connector-hadoop3-2.2.5.jar
[2023-06-04T22:39:58.569+0000] {processor.py:755} WARNING - No viable dags retrieved from /opt/airflow/dags/gcs-connector-hadoop3-2.2.5.jar
[2023-06-04T22:39:58.581+0000] {processor.py:175} INFO - Processing /opt/airflow/dags/gcs-connector-hadoop3-2.2.5.jar took 0.223 seconds
[2023-06-04T22:40:29.342+0000] {processor.py:153} INFO - Started process (PID=245) to work on /opt/airflow/dags/gcs-connector-hadoop3-2.2.5.jar
[2023-06-04T22:40:29.345+0000] {processor.py:743} INFO - Processing file /opt/airflow/dags/gcs-connector-hadoop3-2.2.5.jar for tasks to queue
[2023-06-04T22:40:29.348+0000] {logging_mixin.py:137} INFO - [2023-06-04T22:40:29.348+0000] {dagbag.py:532} INFO - Filling up the DagBag from /opt/airflow/dags/gcs-connector-hadoop3-2.2.5.jar
[2023-06-04T22:40:29.421+0000] {processor.py:755} WARNING - No viable dags retrieved from /opt/airflow/dags/gcs-connector-hadoop3-2.2.5.jar
[2023-06-04T22:40:29.436+0000] {processor.py:175} INFO - Processing /opt/airflow/dags/gcs-connector-hadoop3-2.2.5.jar took 0.100 seconds
[2023-06-04T22:40:59.905+0000] {processor.py:153} INFO - Started process (PID=255) to work on /opt/airflow/dags/gcs-connector-hadoop3-2.2.5.jar
[2023-06-04T22:40:59.908+0000] {processor.py:743} INFO - Processing file /opt/airflow/dags/gcs-connector-hadoop3-2.2.5.jar for tasks to queue
[2023-06-04T22:40:59.910+0000] {logging_mixin.py:137} INFO - [2023-06-04T22:40:59.910+0000] {dagbag.py:532} INFO - Filling up the DagBag from /opt/airflow/dags/gcs-connector-hadoop3-2.2.5.jar
[2023-06-04T22:40:59.985+0000] {processor.py:755} WARNING - No viable dags retrieved from /opt/airflow/dags/gcs-connector-hadoop3-2.2.5.jar
[2023-06-04T22:40:59.998+0000] {processor.py:175} INFO - Processing /opt/airflow/dags/gcs-connector-hadoop3-2.2.5.jar took 0.099 seconds
[2023-06-04T22:41:30.346+0000] {processor.py:153} INFO - Started process (PID=265) to work on /opt/airflow/dags/gcs-connector-hadoop3-2.2.5.jar
[2023-06-04T22:41:30.349+0000] {processor.py:743} INFO - Processing file /opt/airflow/dags/gcs-connector-hadoop3-2.2.5.jar for tasks to queue
[2023-06-04T22:41:30.350+0000] {logging_mixin.py:137} INFO - [2023-06-04T22:41:30.350+0000] {dagbag.py:532} INFO - Filling up the DagBag from /opt/airflow/dags/gcs-connector-hadoop3-2.2.5.jar
[2023-06-04T22:41:30.422+0000] {processor.py:755} WARNING - No viable dags retrieved from /opt/airflow/dags/gcs-connector-hadoop3-2.2.5.jar
[2023-06-04T22:41:30.436+0000] {processor.py:175} INFO - Processing /opt/airflow/dags/gcs-connector-hadoop3-2.2.5.jar took 0.095 seconds
[2023-06-04T22:42:00.760+0000] {processor.py:153} INFO - Started process (PID=275) to work on /opt/airflow/dags/gcs-connector-hadoop3-2.2.5.jar
[2023-06-04T22:42:00.762+0000] {processor.py:743} INFO - Processing file /opt/airflow/dags/gcs-connector-hadoop3-2.2.5.jar for tasks to queue
[2023-06-04T22:42:00.763+0000] {logging_mixin.py:137} INFO - [2023-06-04T22:42:00.763+0000] {dagbag.py:532} INFO - Filling up the DagBag from /opt/airflow/dags/gcs-connector-hadoop3-2.2.5.jar
[2023-06-04T22:42:00.847+0000] {processor.py:755} WARNING - No viable dags retrieved from /opt/airflow/dags/gcs-connector-hadoop3-2.2.5.jar
[2023-06-04T22:42:00.861+0000] {processor.py:175} INFO - Processing /opt/airflow/dags/gcs-connector-hadoop3-2.2.5.jar took 0.105 seconds
[2023-06-04T22:42:31.290+0000] {processor.py:153} INFO - Started process (PID=285) to work on /opt/airflow/dags/gcs-connector-hadoop3-2.2.5.jar
[2023-06-04T22:42:31.292+0000] {processor.py:743} INFO - Processing file /opt/airflow/dags/gcs-connector-hadoop3-2.2.5.jar for tasks to queue
[2023-06-04T22:42:31.293+0000] {logging_mixin.py:137} INFO - [2023-06-04T22:42:31.292+0000] {dagbag.py:532} INFO - Filling up the DagBag from /opt/airflow/dags/gcs-connector-hadoop3-2.2.5.jar
[2023-06-04T22:42:31.369+0000] {processor.py:755} WARNING - No viable dags retrieved from /opt/airflow/dags/gcs-connector-hadoop3-2.2.5.jar
[2023-06-04T22:42:31.381+0000] {processor.py:175} INFO - Processing /opt/airflow/dags/gcs-connector-hadoop3-2.2.5.jar took 0.094 seconds
[2023-06-04T22:43:01.744+0000] {processor.py:153} INFO - Started process (PID=295) to work on /opt/airflow/dags/gcs-connector-hadoop3-2.2.5.jar
[2023-06-04T22:43:01.747+0000] {processor.py:743} INFO - Processing file /opt/airflow/dags/gcs-connector-hadoop3-2.2.5.jar for tasks to queue
[2023-06-04T22:43:01.748+0000] {logging_mixin.py:137} INFO - [2023-06-04T22:43:01.747+0000] {dagbag.py:532} INFO - Filling up the DagBag from /opt/airflow/dags/gcs-connector-hadoop3-2.2.5.jar
[2023-06-04T22:43:01.813+0000] {processor.py:755} WARNING - No viable dags retrieved from /opt/airflow/dags/gcs-connector-hadoop3-2.2.5.jar
[2023-06-04T22:43:01.826+0000] {processor.py:175} INFO - Processing /opt/airflow/dags/gcs-connector-hadoop3-2.2.5.jar took 0.086 seconds
[2023-06-04T22:43:32.246+0000] {processor.py:153} INFO - Started process (PID=305) to work on /opt/airflow/dags/gcs-connector-hadoop3-2.2.5.jar
[2023-06-04T22:43:32.250+0000] {processor.py:743} INFO - Processing file /opt/airflow/dags/gcs-connector-hadoop3-2.2.5.jar for tasks to queue
[2023-06-04T22:43:32.252+0000] {logging_mixin.py:137} INFO - [2023-06-04T22:43:32.252+0000] {dagbag.py:532} INFO - Filling up the DagBag from /opt/airflow/dags/gcs-connector-hadoop3-2.2.5.jar
[2023-06-04T22:43:32.328+0000] {processor.py:755} WARNING - No viable dags retrieved from /opt/airflow/dags/gcs-connector-hadoop3-2.2.5.jar
[2023-06-04T22:43:32.343+0000] {processor.py:175} INFO - Processing /opt/airflow/dags/gcs-connector-hadoop3-2.2.5.jar took 0.104 seconds
[2023-06-04T22:44:02.791+0000] {processor.py:153} INFO - Started process (PID=316) to work on /opt/airflow/dags/gcs-connector-hadoop3-2.2.5.jar
[2023-06-04T22:44:02.796+0000] {processor.py:743} INFO - Processing file /opt/airflow/dags/gcs-connector-hadoop3-2.2.5.jar for tasks to queue
[2023-06-04T22:44:02.798+0000] {logging_mixin.py:137} INFO - [2023-06-04T22:44:02.798+0000] {dagbag.py:532} INFO - Filling up the DagBag from /opt/airflow/dags/gcs-connector-hadoop3-2.2.5.jar
[2023-06-04T22:44:02.874+0000] {processor.py:755} WARNING - No viable dags retrieved from /opt/airflow/dags/gcs-connector-hadoop3-2.2.5.jar
[2023-06-04T22:44:02.889+0000] {processor.py:175} INFO - Processing /opt/airflow/dags/gcs-connector-hadoop3-2.2.5.jar took 0.105 seconds
[2023-06-04T22:44:33.306+0000] {processor.py:153} INFO - Started process (PID=327) to work on /opt/airflow/dags/gcs-connector-hadoop3-2.2.5.jar
[2023-06-04T22:44:33.307+0000] {processor.py:743} INFO - Processing file /opt/airflow/dags/gcs-connector-hadoop3-2.2.5.jar for tasks to queue
[2023-06-04T22:44:33.308+0000] {logging_mixin.py:137} INFO - [2023-06-04T22:44:33.308+0000] {dagbag.py:532} INFO - Filling up the DagBag from /opt/airflow/dags/gcs-connector-hadoop3-2.2.5.jar
[2023-06-04T22:44:33.386+0000] {processor.py:755} WARNING - No viable dags retrieved from /opt/airflow/dags/gcs-connector-hadoop3-2.2.5.jar
[2023-06-04T22:44:33.401+0000] {processor.py:175} INFO - Processing /opt/airflow/dags/gcs-connector-hadoop3-2.2.5.jar took 0.100 seconds
[2023-06-04T22:45:03.753+0000] {processor.py:153} INFO - Started process (PID=337) to work on /opt/airflow/dags/gcs-connector-hadoop3-2.2.5.jar
[2023-06-04T22:45:03.756+0000] {processor.py:743} INFO - Processing file /opt/airflow/dags/gcs-connector-hadoop3-2.2.5.jar for tasks to queue
[2023-06-04T22:45:03.758+0000] {logging_mixin.py:137} INFO - [2023-06-04T22:45:03.757+0000] {dagbag.py:532} INFO - Filling up the DagBag from /opt/airflow/dags/gcs-connector-hadoop3-2.2.5.jar
[2023-06-04T22:45:03.833+0000] {processor.py:755} WARNING - No viable dags retrieved from /opt/airflow/dags/gcs-connector-hadoop3-2.2.5.jar
[2023-06-04T22:45:03.846+0000] {processor.py:175} INFO - Processing /opt/airflow/dags/gcs-connector-hadoop3-2.2.5.jar took 0.099 seconds
[2023-06-04T22:45:33.950+0000] {processor.py:153} INFO - Started process (PID=347) to work on /opt/airflow/dags/gcs-connector-hadoop3-2.2.5.jar
[2023-06-04T22:45:33.953+0000] {processor.py:743} INFO - Processing file /opt/airflow/dags/gcs-connector-hadoop3-2.2.5.jar for tasks to queue
[2023-06-04T22:45:33.956+0000] {logging_mixin.py:137} INFO - [2023-06-04T22:45:33.956+0000] {dagbag.py:532} INFO - Filling up the DagBag from /opt/airflow/dags/gcs-connector-hadoop3-2.2.5.jar
[2023-06-04T22:45:34.031+0000] {processor.py:755} WARNING - No viable dags retrieved from /opt/airflow/dags/gcs-connector-hadoop3-2.2.5.jar
[2023-06-04T22:45:34.043+0000] {processor.py:175} INFO - Processing /opt/airflow/dags/gcs-connector-hadoop3-2.2.5.jar took 0.099 seconds
[2023-06-04T22:46:04.390+0000] {processor.py:153} INFO - Started process (PID=357) to work on /opt/airflow/dags/gcs-connector-hadoop3-2.2.5.jar
[2023-06-04T22:46:04.392+0000] {processor.py:743} INFO - Processing file /opt/airflow/dags/gcs-connector-hadoop3-2.2.5.jar for tasks to queue
[2023-06-04T22:46:04.394+0000] {logging_mixin.py:137} INFO - [2023-06-04T22:46:04.394+0000] {dagbag.py:532} INFO - Filling up the DagBag from /opt/airflow/dags/gcs-connector-hadoop3-2.2.5.jar
[2023-06-04T22:46:04.471+0000] {processor.py:755} WARNING - No viable dags retrieved from /opt/airflow/dags/gcs-connector-hadoop3-2.2.5.jar
[2023-06-04T22:46:04.487+0000] {processor.py:175} INFO - Processing /opt/airflow/dags/gcs-connector-hadoop3-2.2.5.jar took 0.104 seconds
[2023-06-04T22:46:34.810+0000] {processor.py:153} INFO - Started process (PID=367) to work on /opt/airflow/dags/gcs-connector-hadoop3-2.2.5.jar
[2023-06-04T22:46:34.812+0000] {processor.py:743} INFO - Processing file /opt/airflow/dags/gcs-connector-hadoop3-2.2.5.jar for tasks to queue
[2023-06-04T22:46:34.814+0000] {logging_mixin.py:137} INFO - [2023-06-04T22:46:34.813+0000] {dagbag.py:532} INFO - Filling up the DagBag from /opt/airflow/dags/gcs-connector-hadoop3-2.2.5.jar
[2023-06-04T22:46:34.899+0000] {processor.py:755} WARNING - No viable dags retrieved from /opt/airflow/dags/gcs-connector-hadoop3-2.2.5.jar
[2023-06-04T22:46:34.913+0000] {processor.py:175} INFO - Processing /opt/airflow/dags/gcs-connector-hadoop3-2.2.5.jar took 0.109 seconds
[2023-06-04T22:47:05.252+0000] {processor.py:153} INFO - Started process (PID=377) to work on /opt/airflow/dags/gcs-connector-hadoop3-2.2.5.jar
[2023-06-04T22:47:05.255+0000] {processor.py:743} INFO - Processing file /opt/airflow/dags/gcs-connector-hadoop3-2.2.5.jar for tasks to queue
[2023-06-04T22:47:05.257+0000] {logging_mixin.py:137} INFO - [2023-06-04T22:47:05.257+0000] {dagbag.py:532} INFO - Filling up the DagBag from /opt/airflow/dags/gcs-connector-hadoop3-2.2.5.jar
[2023-06-04T22:47:05.333+0000] {processor.py:755} WARNING - No viable dags retrieved from /opt/airflow/dags/gcs-connector-hadoop3-2.2.5.jar
[2023-06-04T22:47:05.348+0000] {processor.py:175} INFO - Processing /opt/airflow/dags/gcs-connector-hadoop3-2.2.5.jar took 0.102 seconds
[2023-06-04T22:47:35.813+0000] {processor.py:153} INFO - Started process (PID=387) to work on /opt/airflow/dags/gcs-connector-hadoop3-2.2.5.jar
[2023-06-04T22:47:35.815+0000] {processor.py:743} INFO - Processing file /opt/airflow/dags/gcs-connector-hadoop3-2.2.5.jar for tasks to queue
[2023-06-04T22:47:35.817+0000] {logging_mixin.py:137} INFO - [2023-06-04T22:47:35.817+0000] {dagbag.py:532} INFO - Filling up the DagBag from /opt/airflow/dags/gcs-connector-hadoop3-2.2.5.jar
[2023-06-04T22:47:35.894+0000] {processor.py:755} WARNING - No viable dags retrieved from /opt/airflow/dags/gcs-connector-hadoop3-2.2.5.jar
[2023-06-04T22:47:35.908+0000] {processor.py:175} INFO - Processing /opt/airflow/dags/gcs-connector-hadoop3-2.2.5.jar took 0.102 seconds
[2023-06-04T22:48:06.286+0000] {processor.py:153} INFO - Started process (PID=397) to work on /opt/airflow/dags/gcs-connector-hadoop3-2.2.5.jar
[2023-06-04T22:48:06.287+0000] {processor.py:743} INFO - Processing file /opt/airflow/dags/gcs-connector-hadoop3-2.2.5.jar for tasks to queue
[2023-06-04T22:48:06.289+0000] {logging_mixin.py:137} INFO - [2023-06-04T22:48:06.289+0000] {dagbag.py:532} INFO - Filling up the DagBag from /opt/airflow/dags/gcs-connector-hadoop3-2.2.5.jar
[2023-06-04T22:48:06.371+0000] {processor.py:755} WARNING - No viable dags retrieved from /opt/airflow/dags/gcs-connector-hadoop3-2.2.5.jar
[2023-06-04T22:48:06.385+0000] {processor.py:175} INFO - Processing /opt/airflow/dags/gcs-connector-hadoop3-2.2.5.jar took 0.103 seconds
[2023-06-04T22:48:36.811+0000] {processor.py:153} INFO - Started process (PID=408) to work on /opt/airflow/dags/gcs-connector-hadoop3-2.2.5.jar
[2023-06-04T22:48:36.813+0000] {processor.py:743} INFO - Processing file /opt/airflow/dags/gcs-connector-hadoop3-2.2.5.jar for tasks to queue
[2023-06-04T22:48:36.814+0000] {logging_mixin.py:137} INFO - [2023-06-04T22:48:36.814+0000] {dagbag.py:532} INFO - Filling up the DagBag from /opt/airflow/dags/gcs-connector-hadoop3-2.2.5.jar
[2023-06-04T22:48:36.890+0000] {processor.py:755} WARNING - No viable dags retrieved from /opt/airflow/dags/gcs-connector-hadoop3-2.2.5.jar
[2023-06-04T22:48:36.905+0000] {processor.py:175} INFO - Processing /opt/airflow/dags/gcs-connector-hadoop3-2.2.5.jar took 0.099 seconds
[2023-06-04T22:49:07.327+0000] {processor.py:153} INFO - Started process (PID=418) to work on /opt/airflow/dags/gcs-connector-hadoop3-2.2.5.jar
[2023-06-04T22:49:07.330+0000] {processor.py:743} INFO - Processing file /opt/airflow/dags/gcs-connector-hadoop3-2.2.5.jar for tasks to queue
[2023-06-04T22:49:07.332+0000] {logging_mixin.py:137} INFO - [2023-06-04T22:49:07.332+0000] {dagbag.py:532} INFO - Filling up the DagBag from /opt/airflow/dags/gcs-connector-hadoop3-2.2.5.jar
[2023-06-04T22:49:07.428+0000] {processor.py:755} WARNING - No viable dags retrieved from /opt/airflow/dags/gcs-connector-hadoop3-2.2.5.jar
[2023-06-04T22:49:07.447+0000] {processor.py:175} INFO - Processing /opt/airflow/dags/gcs-connector-hadoop3-2.2.5.jar took 0.128 seconds
[2023-06-04T22:49:37.805+0000] {processor.py:153} INFO - Started process (PID=428) to work on /opt/airflow/dags/gcs-connector-hadoop3-2.2.5.jar
[2023-06-04T22:49:37.809+0000] {processor.py:743} INFO - Processing file /opt/airflow/dags/gcs-connector-hadoop3-2.2.5.jar for tasks to queue
[2023-06-04T22:49:37.810+0000] {logging_mixin.py:137} INFO - [2023-06-04T22:49:37.810+0000] {dagbag.py:532} INFO - Filling up the DagBag from /opt/airflow/dags/gcs-connector-hadoop3-2.2.5.jar
[2023-06-04T22:49:37.893+0000] {processor.py:755} WARNING - No viable dags retrieved from /opt/airflow/dags/gcs-connector-hadoop3-2.2.5.jar
[2023-06-04T22:49:37.908+0000] {processor.py:175} INFO - Processing /opt/airflow/dags/gcs-connector-hadoop3-2.2.5.jar took 0.108 seconds
[2023-06-04T22:50:08.268+0000] {processor.py:153} INFO - Started process (PID=438) to work on /opt/airflow/dags/gcs-connector-hadoop3-2.2.5.jar
[2023-06-04T22:50:08.269+0000] {processor.py:743} INFO - Processing file /opt/airflow/dags/gcs-connector-hadoop3-2.2.5.jar for tasks to queue
[2023-06-04T22:50:08.270+0000] {logging_mixin.py:137} INFO - [2023-06-04T22:50:08.270+0000] {dagbag.py:532} INFO - Filling up the DagBag from /opt/airflow/dags/gcs-connector-hadoop3-2.2.5.jar
[2023-06-04T22:50:08.352+0000] {processor.py:755} WARNING - No viable dags retrieved from /opt/airflow/dags/gcs-connector-hadoop3-2.2.5.jar
[2023-06-04T22:50:08.366+0000] {processor.py:175} INFO - Processing /opt/airflow/dags/gcs-connector-hadoop3-2.2.5.jar took 0.102 seconds
[2023-06-04T22:50:38.487+0000] {processor.py:153} INFO - Started process (PID=448) to work on /opt/airflow/dags/gcs-connector-hadoop3-2.2.5.jar
[2023-06-04T22:50:38.490+0000] {processor.py:743} INFO - Processing file /opt/airflow/dags/gcs-connector-hadoop3-2.2.5.jar for tasks to queue
[2023-06-04T22:50:38.492+0000] {logging_mixin.py:137} INFO - [2023-06-04T22:50:38.492+0000] {dagbag.py:532} INFO - Filling up the DagBag from /opt/airflow/dags/gcs-connector-hadoop3-2.2.5.jar
[2023-06-04T22:50:38.573+0000] {processor.py:755} WARNING - No viable dags retrieved from /opt/airflow/dags/gcs-connector-hadoop3-2.2.5.jar
[2023-06-04T22:50:38.589+0000] {processor.py:175} INFO - Processing /opt/airflow/dags/gcs-connector-hadoop3-2.2.5.jar took 0.106 seconds
