[2023-06-22T02:42:32.084+0000] {taskinstance.py:1090} INFO - Dependencies all met for dep_context=non-requeueable deps ti=<TaskInstance: showpulse_dbt_dag.dbt_run scheduled__2023-06-22T02:41:28.440116+00:00 [queued]>
[2023-06-22T02:42:32.091+0000] {taskinstance.py:1090} INFO - Dependencies all met for dep_context=requeueable deps ti=<TaskInstance: showpulse_dbt_dag.dbt_run scheduled__2023-06-22T02:41:28.440116+00:00 [queued]>
[2023-06-22T02:42:32.091+0000] {taskinstance.py:1288} INFO - 
--------------------------------------------------------------------------------
[2023-06-22T02:42:32.092+0000] {taskinstance.py:1289} INFO - Starting attempt 1 of 1
[2023-06-22T02:42:32.092+0000] {taskinstance.py:1290} INFO - 
--------------------------------------------------------------------------------
[2023-06-22T02:42:32.100+0000] {taskinstance.py:1309} INFO - Executing <Task(BashOperator): dbt_run> on 2023-06-22 02:41:28.440116+00:00
[2023-06-22T02:42:32.104+0000] {standard_task_runner.py:55} INFO - Started process 13511 to run task
[2023-06-22T02:42:32.108+0000] {standard_task_runner.py:82} INFO - Running: ['***', 'tasks', 'run', 'showpulse_dbt_dag', 'dbt_run', 'scheduled__2023-06-22T02:41:28.440116+00:00', '--job-id', '1626', '--raw', '--subdir', 'DAGS_FOLDER/dbt_run.py', '--cfg-path', '/tmp/tmpnnx3x1bk']
[2023-06-22T02:42:32.109+0000] {standard_task_runner.py:83} INFO - Job 1626: Subtask dbt_run
[2023-06-22T02:42:32.163+0000] {task_command.py:389} INFO - Running <TaskInstance: showpulse_dbt_dag.dbt_run scheduled__2023-06-22T02:41:28.440116+00:00 [running]> on host 62cfed75eae1
[2023-06-22T02:42:32.214+0000] {taskinstance.py:1518} INFO - Exporting the following env vars:
AIRFLOW_CTX_DAG_OWNER=nburkett
AIRFLOW_CTX_DAG_ID=showpulse_dbt_dag
AIRFLOW_CTX_TASK_ID=dbt_run
AIRFLOW_CTX_EXECUTION_DATE=2023-06-22T02:41:28.440116+00:00
AIRFLOW_CTX_TRY_NUMBER=1
AIRFLOW_CTX_DAG_RUN_ID=scheduled__2023-06-22T02:41:28.440116+00:00
[2023-06-22T02:42:32.215+0000] {subprocess.py:63} INFO - Tmp dir root location: 
 /tmp
[2023-06-22T02:42:32.216+0000] {subprocess.py:75} INFO - Running command: ['/bin/bash', '-c', 'cd /dbt/ticketmaster_transformation && dbt run']
[2023-06-22T02:42:32.226+0000] {subprocess.py:86} INFO - Output:
[2023-06-22T02:42:33.526+0000] {subprocess.py:93} INFO - [0m02:42:33  Running with dbt=1.5.1
[2023-06-22T02:42:34.110+0000] {subprocess.py:93} INFO - [0m02:42:34  Found 4 models, 0 tests, 0 snapshots, 0 analyses, 356 macros, 0 operations, 0 seed files, 3 sources, 0 exposures, 0 metrics, 0 groups
[2023-06-22T02:42:34.113+0000] {subprocess.py:93} INFO - [0m02:42:34
[2023-06-22T02:42:34.926+0000] {subprocess.py:93} INFO - [0m02:42:34  Concurrency: 4 threads (target='dev')
[2023-06-22T02:42:34.930+0000] {subprocess.py:93} INFO - [0m02:42:34
[2023-06-22T02:42:34.942+0000] {subprocess.py:93} INFO - [0m02:42:34  1 of 4 START sql table model twitter_kafka_pyspark_test.distinct_data .......... [RUN]
[2023-06-22T02:42:34.944+0000] {subprocess.py:93} INFO - [0m02:42:34  2 of 4 START sql table model twitter_kafka_pyspark_test.dm_events .............. [RUN]
[2023-06-22T02:42:34.946+0000] {subprocess.py:93} INFO - [0m02:42:34  3 of 4 START sql table model twitter_kafka_pyspark_test.my_first_dbt_model ..... [RUN]
[2023-06-22T02:42:37.590+0000] {subprocess.py:93} INFO - [0m02:42:37  3 of 4 OK created sql table model twitter_kafka_pyspark_test.my_first_dbt_model  [[32mCREATE TABLE (2.0 rows, 0 processed)[0m in 2.63s]
[2023-06-22T02:42:37.601+0000] {subprocess.py:93} INFO - [0m02:42:37  4 of 4 START sql view model twitter_kafka_pyspark_test.my_second_dbt_model ..... [RUN]
[2023-06-22T02:42:37.603+0000] {subprocess.py:93} INFO - [0m02:42:37  2 of 4 OK created sql table model twitter_kafka_pyspark_test.dm_events ......... [[32mCREATE TABLE (1.3k rows, 178.2 KiB processed)[0m in 2.65s]
[2023-06-22T02:42:37.829+0000] {subprocess.py:93} INFO - [0m02:42:37  1 of 4 OK created sql table model twitter_kafka_pyspark_test.distinct_data ..... [[32mCREATE TABLE (1.1k rows, 638.3 KiB processed)[0m in 2.88s]
[2023-06-22T02:42:38.504+0000] {subprocess.py:93} INFO - [0m02:42:38  4 of 4 OK created sql view model twitter_kafka_pyspark_test.my_second_dbt_model  [[32mCREATE VIEW (0 processed)[0m in 0.90s]
[2023-06-22T02:42:38.608+0000] {subprocess.py:93} INFO - [0m02:42:38
[2023-06-22T02:42:38.610+0000] {subprocess.py:93} INFO - [0m02:42:38  Finished running 3 table models, 1 view model in 0 hours 0 minutes and 4.49 seconds (4.49s).
[2023-06-22T02:42:38.628+0000] {subprocess.py:93} INFO - [0m02:42:38
[2023-06-22T02:42:38.630+0000] {subprocess.py:93} INFO - [0m02:42:38  [32mCompleted successfully[0m
[2023-06-22T02:42:38.631+0000] {subprocess.py:93} INFO - [0m02:42:38
[2023-06-22T02:42:38.632+0000] {subprocess.py:93} INFO - [0m02:42:38  Done. PASS=4 WARN=0 ERROR=0 SKIP=0 TOTAL=4
[2023-06-22T02:42:39.148+0000] {subprocess.py:97} INFO - Command exited with return code 0
[2023-06-22T02:42:39.173+0000] {taskinstance.py:1332} INFO - Marking task as SUCCESS. dag_id=showpulse_dbt_dag, task_id=dbt_run, execution_date=20230622T024128, start_date=20230622T024232, end_date=20230622T024239
[2023-06-22T02:42:39.226+0000] {local_task_job.py:212} INFO - Task exited with return code 0
[2023-06-22T02:42:39.242+0000] {taskinstance.py:2596} INFO - 0 downstream tasks scheduled from follow-on schedule check
