[2023-06-22T05:02:37.223+0000] {taskinstance.py:1090} INFO - Dependencies all met for dep_context=non-requeueable deps ti=<TaskInstance: showpulse_dbt_dag.dbt_run scheduled__2023-06-22T04:23:23.259543+00:00 [queued]>
[2023-06-22T05:02:37.229+0000] {taskinstance.py:1090} INFO - Dependencies all met for dep_context=requeueable deps ti=<TaskInstance: showpulse_dbt_dag.dbt_run scheduled__2023-06-22T04:23:23.259543+00:00 [queued]>
[2023-06-22T05:02:37.230+0000] {taskinstance.py:1288} INFO - 
--------------------------------------------------------------------------------
[2023-06-22T05:02:37.231+0000] {taskinstance.py:1289} INFO - Starting attempt 1 of 1
[2023-06-22T05:02:37.231+0000] {taskinstance.py:1290} INFO - 
--------------------------------------------------------------------------------
[2023-06-22T05:02:37.239+0000] {taskinstance.py:1309} INFO - Executing <Task(BashOperator): dbt_run> on 2023-06-22 04:23:23.259543+00:00
[2023-06-22T05:02:37.243+0000] {standard_task_runner.py:55} INFO - Started process 15513 to run task
[2023-06-22T05:02:37.246+0000] {standard_task_runner.py:82} INFO - Running: ['***', 'tasks', 'run', 'showpulse_dbt_dag', 'dbt_run', 'scheduled__2023-06-22T04:23:23.259543+00:00', '--job-id', '1802', '--raw', '--subdir', 'DAGS_FOLDER/dbt_run.py', '--cfg-path', '/tmp/tmpuba3x61g']
[2023-06-22T05:02:37.247+0000] {standard_task_runner.py:83} INFO - Job 1802: Subtask dbt_run
[2023-06-22T05:02:37.308+0000] {task_command.py:389} INFO - Running <TaskInstance: showpulse_dbt_dag.dbt_run scheduled__2023-06-22T04:23:23.259543+00:00 [running]> on host 62cfed75eae1
[2023-06-22T05:02:37.360+0000] {taskinstance.py:1518} INFO - Exporting the following env vars:
AIRFLOW_CTX_DAG_OWNER=nburkett
AIRFLOW_CTX_DAG_ID=showpulse_dbt_dag
AIRFLOW_CTX_TASK_ID=dbt_run
AIRFLOW_CTX_EXECUTION_DATE=2023-06-22T04:23:23.259543+00:00
AIRFLOW_CTX_TRY_NUMBER=1
AIRFLOW_CTX_DAG_RUN_ID=scheduled__2023-06-22T04:23:23.259543+00:00
[2023-06-22T05:02:37.361+0000] {subprocess.py:63} INFO - Tmp dir root location: 
 /tmp
[2023-06-22T05:02:37.362+0000] {subprocess.py:75} INFO - Running command: ['/bin/bash', '-c', 'cd /dbt/ticketmaster_transformation && dbt run']
[2023-06-22T05:02:37.371+0000] {subprocess.py:86} INFO - Output:
[2023-06-22T05:02:38.831+0000] {subprocess.py:93} INFO - [0m05:02:38  Running with dbt=1.5.1
[2023-06-22T05:02:39.391+0000] {subprocess.py:93} INFO - [0m05:02:39  Found 4 models, 0 tests, 0 snapshots, 0 analyses, 356 macros, 0 operations, 0 seed files, 3 sources, 0 exposures, 0 metrics, 0 groups
[2023-06-22T05:02:39.398+0000] {subprocess.py:93} INFO - [0m05:02:39
[2023-06-22T05:02:40.233+0000] {subprocess.py:93} INFO - [0m05:02:40  Concurrency: 4 threads (target='dev')
[2023-06-22T05:02:40.236+0000] {subprocess.py:93} INFO - [0m05:02:40
[2023-06-22T05:02:40.253+0000] {subprocess.py:93} INFO - [0m05:02:40  1 of 4 START sql table model twitter_kafka_pyspark_test.distinct_data .......... [RUN]
[2023-06-22T05:02:40.256+0000] {subprocess.py:93} INFO - [0m05:02:40  2 of 4 START sql table model twitter_kafka_pyspark_test.dm_events .............. [RUN]
[2023-06-22T05:02:40.258+0000] {subprocess.py:93} INFO - [0m05:02:40  3 of 4 START sql table model twitter_kafka_pyspark_test.my_first_dbt_model ..... [RUN]
[2023-06-22T05:02:42.999+0000] {subprocess.py:93} INFO - [0m05:02:42  3 of 4 OK created sql table model twitter_kafka_pyspark_test.my_first_dbt_model  [[32mCREATE TABLE (2.0 rows, 0 processed)[0m in 2.73s]
[2023-06-22T05:02:43.009+0000] {subprocess.py:93} INFO - [0m05:02:43  4 of 4 START sql view model twitter_kafka_pyspark_test.my_second_dbt_model ..... [RUN]
[2023-06-22T05:02:43.231+0000] {subprocess.py:93} INFO - [0m05:02:43  2 of 4 OK created sql table model twitter_kafka_pyspark_test.dm_events ......... [[32mCREATE TABLE (1.3k rows, 178.2 KiB processed)[0m in 2.97s]
[2023-06-22T05:02:43.568+0000] {subprocess.py:93} INFO - [0m05:02:43  1 of 4 OK created sql table model twitter_kafka_pyspark_test.distinct_data ..... [[32mCREATE TABLE (1.1k rows, 638.3 KiB processed)[0m in 3.30s]
[2023-06-22T05:02:43.860+0000] {subprocess.py:93} INFO - [0m05:02:43  4 of 4 OK created sql view model twitter_kafka_pyspark_test.my_second_dbt_model  [[32mCREATE VIEW (0 processed)[0m in 0.85s]
[2023-06-22T05:02:43.921+0000] {subprocess.py:93} INFO - [0m05:02:43
[2023-06-22T05:02:43.922+0000] {subprocess.py:93} INFO - [0m05:02:43  Finished running 3 table models, 1 view model in 0 hours 0 minutes and 4.52 seconds (4.52s).
[2023-06-22T05:02:43.945+0000] {subprocess.py:93} INFO - [0m05:02:43
[2023-06-22T05:02:43.948+0000] {subprocess.py:93} INFO - [0m05:02:43  [32mCompleted successfully[0m
[2023-06-22T05:02:43.949+0000] {subprocess.py:93} INFO - [0m05:02:43
[2023-06-22T05:02:43.950+0000] {subprocess.py:93} INFO - [0m05:02:43  Done. PASS=4 WARN=0 ERROR=0 SKIP=0 TOTAL=4
[2023-06-22T05:02:44.433+0000] {subprocess.py:97} INFO - Command exited with return code 0
[2023-06-22T05:02:44.458+0000] {taskinstance.py:1332} INFO - Marking task as SUCCESS. dag_id=showpulse_dbt_dag, task_id=dbt_run, execution_date=20230622T042323, start_date=20230622T050237, end_date=20230622T050244
[2023-06-22T05:02:44.520+0000] {local_task_job.py:212} INFO - Task exited with return code 0
[2023-06-22T05:02:44.534+0000] {taskinstance.py:2596} INFO - 0 downstream tasks scheduled from follow-on schedule check
