[2023-06-23T01:16:35.749+0000] {taskinstance.py:1090} INFO - Dependencies all met for dep_context=non-requeueable deps ti=<TaskInstance: showpulse_dbt_dag.dbt_run scheduled__2023-06-23T01:15:31.696804+00:00 [queued]>
[2023-06-23T01:16:35.755+0000] {taskinstance.py:1090} INFO - Dependencies all met for dep_context=requeueable deps ti=<TaskInstance: showpulse_dbt_dag.dbt_run scheduled__2023-06-23T01:15:31.696804+00:00 [queued]>
[2023-06-23T01:16:35.756+0000] {taskinstance.py:1288} INFO - 
--------------------------------------------------------------------------------
[2023-06-23T01:16:35.756+0000] {taskinstance.py:1289} INFO - Starting attempt 1 of 1
[2023-06-23T01:16:35.757+0000] {taskinstance.py:1290} INFO - 
--------------------------------------------------------------------------------
[2023-06-23T01:16:35.765+0000] {taskinstance.py:1309} INFO - Executing <Task(BashOperator): dbt_run> on 2023-06-23 01:15:31.696804+00:00
[2023-06-23T01:16:35.769+0000] {standard_task_runner.py:55} INFO - Started process 22444 to run task
[2023-06-23T01:16:35.772+0000] {standard_task_runner.py:82} INFO - Running: ['***', 'tasks', 'run', 'showpulse_dbt_dag', 'dbt_run', 'scheduled__2023-06-23T01:15:31.696804+00:00', '--job-id', '2494', '--raw', '--subdir', 'DAGS_FOLDER/dbt_run.py', '--cfg-path', '/tmp/tmpwka79xio']
[2023-06-23T01:16:35.773+0000] {standard_task_runner.py:83} INFO - Job 2494: Subtask dbt_run
[2023-06-23T01:16:35.837+0000] {task_command.py:389} INFO - Running <TaskInstance: showpulse_dbt_dag.dbt_run scheduled__2023-06-23T01:15:31.696804+00:00 [running]> on host 62cfed75eae1
[2023-06-23T01:16:35.887+0000] {taskinstance.py:1518} INFO - Exporting the following env vars:
AIRFLOW_CTX_DAG_OWNER=nburkett
AIRFLOW_CTX_DAG_ID=showpulse_dbt_dag
AIRFLOW_CTX_TASK_ID=dbt_run
AIRFLOW_CTX_EXECUTION_DATE=2023-06-23T01:15:31.696804+00:00
AIRFLOW_CTX_TRY_NUMBER=1
AIRFLOW_CTX_DAG_RUN_ID=scheduled__2023-06-23T01:15:31.696804+00:00
[2023-06-23T01:16:35.889+0000] {subprocess.py:63} INFO - Tmp dir root location: 
 /tmp
[2023-06-23T01:16:35.890+0000] {subprocess.py:75} INFO - Running command: ['/bin/bash', '-c', 'cd /dbt/ticketmaster_transformation && dbt run']
[2023-06-23T01:16:35.899+0000] {subprocess.py:86} INFO - Output:
[2023-06-23T01:16:37.212+0000] {subprocess.py:93} INFO - [0m01:16:37  Running with dbt=1.5.1
[2023-06-23T01:16:37.708+0000] {subprocess.py:93} INFO - [0m01:16:37  Found 4 models, 0 tests, 0 snapshots, 0 analyses, 356 macros, 0 operations, 0 seed files, 3 sources, 0 exposures, 0 metrics, 0 groups
[2023-06-23T01:16:37.711+0000] {subprocess.py:93} INFO - [0m01:16:37
[2023-06-23T01:16:38.479+0000] {subprocess.py:93} INFO - [0m01:16:38  Concurrency: 4 threads (target='dev')
[2023-06-23T01:16:38.482+0000] {subprocess.py:93} INFO - [0m01:16:38
[2023-06-23T01:16:38.498+0000] {subprocess.py:93} INFO - [0m01:16:38  1 of 4 START sql table model twitter_kafka_pyspark_test.distinct_data .......... [RUN]
[2023-06-23T01:16:38.501+0000] {subprocess.py:93} INFO - [0m01:16:38  2 of 4 START sql table model twitter_kafka_pyspark_test.dm_events .............. [RUN]
[2023-06-23T01:16:38.505+0000] {subprocess.py:93} INFO - [0m01:16:38  3 of 4 START sql table model twitter_kafka_pyspark_test.my_first_dbt_model ..... [RUN]
[2023-06-23T01:16:41.087+0000] {subprocess.py:93} INFO - [0m01:16:41  3 of 4 OK created sql table model twitter_kafka_pyspark_test.my_first_dbt_model  [[32mCREATE TABLE (2.0 rows, 0 processed)[0m in 2.57s]
[2023-06-23T01:16:41.097+0000] {subprocess.py:93} INFO - [0m01:16:41  2 of 4 OK created sql table model twitter_kafka_pyspark_test.dm_events ......... [[32mCREATE TABLE (1.4k rows, 186.0 KiB processed)[0m in 2.58s]
[2023-06-23T01:16:41.099+0000] {subprocess.py:93} INFO - [0m01:16:41  4 of 4 START sql view model twitter_kafka_pyspark_test.my_second_dbt_model ..... [RUN]
[2023-06-23T01:16:41.315+0000] {subprocess.py:93} INFO - [0m01:16:41  1 of 4 OK created sql table model twitter_kafka_pyspark_test.distinct_data ..... [[32mCREATE TABLE (1.1k rows, 663.4 KiB processed)[0m in 2.81s]
[2023-06-23T01:16:41.988+0000] {subprocess.py:93} INFO - [0m01:16:41  4 of 4 OK created sql view model twitter_kafka_pyspark_test.my_second_dbt_model  [[32mCREATE VIEW (0 processed)[0m in 0.88s]
[2023-06-23T01:16:42.080+0000] {subprocess.py:93} INFO - [0m01:16:42
[2023-06-23T01:16:42.082+0000] {subprocess.py:93} INFO - [0m01:16:42  Finished running 3 table models, 1 view model in 0 hours 0 minutes and 4.37 seconds (4.37s).
[2023-06-23T01:16:42.112+0000] {subprocess.py:93} INFO - [0m01:16:42
[2023-06-23T01:16:42.114+0000] {subprocess.py:93} INFO - [0m01:16:42  [32mCompleted successfully[0m
[2023-06-23T01:16:42.115+0000] {subprocess.py:93} INFO - [0m01:16:42
[2023-06-23T01:16:42.117+0000] {subprocess.py:93} INFO - [0m01:16:42  Done. PASS=4 WARN=0 ERROR=0 SKIP=0 TOTAL=4
[2023-06-23T01:16:42.550+0000] {subprocess.py:97} INFO - Command exited with return code 0
[2023-06-23T01:16:42.580+0000] {taskinstance.py:1332} INFO - Marking task as SUCCESS. dag_id=showpulse_dbt_dag, task_id=dbt_run, execution_date=20230623T011531, start_date=20230623T011635, end_date=20230623T011642
[2023-06-23T01:16:42.605+0000] {local_task_job.py:212} INFO - Task exited with return code 0
[2023-06-23T01:16:42.623+0000] {taskinstance.py:2596} INFO - 0 downstream tasks scheduled from follow-on schedule check
