[2023-06-23T01:47:35.397+0000] {taskinstance.py:1090} INFO - Dependencies all met for dep_context=non-requeueable deps ti=<TaskInstance: showpulse_dbt_dag.dbt_run scheduled__2023-06-23T01:46:31.696804+00:00 [queued]>
[2023-06-23T01:47:35.402+0000] {taskinstance.py:1090} INFO - Dependencies all met for dep_context=requeueable deps ti=<TaskInstance: showpulse_dbt_dag.dbt_run scheduled__2023-06-23T01:46:31.696804+00:00 [queued]>
[2023-06-23T01:47:35.403+0000] {taskinstance.py:1288} INFO - 
--------------------------------------------------------------------------------
[2023-06-23T01:47:35.404+0000] {taskinstance.py:1289} INFO - Starting attempt 1 of 1
[2023-06-23T01:47:35.404+0000] {taskinstance.py:1290} INFO - 
--------------------------------------------------------------------------------
[2023-06-23T01:47:35.412+0000] {taskinstance.py:1309} INFO - Executing <Task(BashOperator): dbt_run> on 2023-06-23 01:46:31.696804+00:00
[2023-06-23T01:47:35.415+0000] {standard_task_runner.py:55} INFO - Started process 23991 to run task
[2023-06-23T01:47:35.418+0000] {standard_task_runner.py:82} INFO - Running: ['***', 'tasks', 'run', 'showpulse_dbt_dag', 'dbt_run', 'scheduled__2023-06-23T01:46:31.696804+00:00', '--job-id', '2618', '--raw', '--subdir', 'DAGS_FOLDER/dbt_run.py', '--cfg-path', '/tmp/tmpuorr6nqt']
[2023-06-23T01:47:35.419+0000] {standard_task_runner.py:83} INFO - Job 2618: Subtask dbt_run
[2023-06-23T01:47:35.472+0000] {task_command.py:389} INFO - Running <TaskInstance: showpulse_dbt_dag.dbt_run scheduled__2023-06-23T01:46:31.696804+00:00 [running]> on host 62cfed75eae1
[2023-06-23T01:47:35.530+0000] {taskinstance.py:1518} INFO - Exporting the following env vars:
AIRFLOW_CTX_DAG_OWNER=nburkett
AIRFLOW_CTX_DAG_ID=showpulse_dbt_dag
AIRFLOW_CTX_TASK_ID=dbt_run
AIRFLOW_CTX_EXECUTION_DATE=2023-06-23T01:46:31.696804+00:00
AIRFLOW_CTX_TRY_NUMBER=1
AIRFLOW_CTX_DAG_RUN_ID=scheduled__2023-06-23T01:46:31.696804+00:00
[2023-06-23T01:47:35.532+0000] {subprocess.py:63} INFO - Tmp dir root location: 
 /tmp
[2023-06-23T01:47:35.533+0000] {subprocess.py:75} INFO - Running command: ['/bin/bash', '-c', 'cd /dbt/ticketmaster_transformation && dbt run']
[2023-06-23T01:47:35.549+0000] {subprocess.py:86} INFO - Output:
[2023-06-23T01:47:36.876+0000] {subprocess.py:93} INFO - [0m01:47:36  Running with dbt=1.5.1
[2023-06-23T01:47:37.431+0000] {subprocess.py:93} INFO - [0m01:47:37  Found 4 models, 0 tests, 0 snapshots, 0 analyses, 356 macros, 0 operations, 0 seed files, 3 sources, 0 exposures, 0 metrics, 0 groups
[2023-06-23T01:47:37.434+0000] {subprocess.py:93} INFO - [0m01:47:37
[2023-06-23T01:47:38.195+0000] {subprocess.py:93} INFO - [0m01:47:38  Concurrency: 4 threads (target='dev')
[2023-06-23T01:47:38.198+0000] {subprocess.py:93} INFO - [0m01:47:38
[2023-06-23T01:47:38.215+0000] {subprocess.py:93} INFO - [0m01:47:38  1 of 4 START sql table model twitter_kafka_pyspark_test.distinct_data .......... [RUN]
[2023-06-23T01:47:38.217+0000] {subprocess.py:93} INFO - [0m01:47:38  2 of 4 START sql table model twitter_kafka_pyspark_test.dm_events .............. [RUN]
[2023-06-23T01:47:38.220+0000] {subprocess.py:93} INFO - [0m01:47:38  3 of 4 START sql table model twitter_kafka_pyspark_test.my_first_dbt_model ..... [RUN]
[2023-06-23T01:47:40.744+0000] {subprocess.py:93} INFO - [0m01:47:40  3 of 4 OK created sql table model twitter_kafka_pyspark_test.my_first_dbt_model  [[32mCREATE TABLE (2.0 rows, 0 processed)[0m in 2.51s]
[2023-06-23T01:47:40.751+0000] {subprocess.py:93} INFO - [0m01:47:40  2 of 4 OK created sql table model twitter_kafka_pyspark_test.dm_events ......... [[32mCREATE TABLE (0.0 rows, 0 processed)[0m in 2.52s]
[2023-06-23T01:47:40.757+0000] {subprocess.py:93} INFO - [0m01:47:40  4 of 4 START sql view model twitter_kafka_pyspark_test.my_second_dbt_model ..... [RUN]
[2023-06-23T01:47:40.846+0000] {subprocess.py:93} INFO - [0m01:47:40  1 of 4 OK created sql table model twitter_kafka_pyspark_test.distinct_data ..... [[32mCREATE TABLE (0.0 rows, 0 processed)[0m in 2.62s]
[2023-06-23T01:47:41.687+0000] {subprocess.py:93} INFO - [0m01:47:41  4 of 4 OK created sql view model twitter_kafka_pyspark_test.my_second_dbt_model  [[32mCREATE VIEW (0 processed)[0m in 0.92s]
[2023-06-23T01:47:41.801+0000] {subprocess.py:93} INFO - [0m01:47:41
[2023-06-23T01:47:41.804+0000] {subprocess.py:93} INFO - [0m01:47:41  Finished running 3 table models, 1 view model in 0 hours 0 minutes and 4.37 seconds (4.37s).
[2023-06-23T01:47:41.838+0000] {subprocess.py:93} INFO - [0m01:47:41
[2023-06-23T01:47:41.839+0000] {subprocess.py:93} INFO - [0m01:47:41  [32mCompleted successfully[0m
[2023-06-23T01:47:41.841+0000] {subprocess.py:93} INFO - [0m01:47:41
[2023-06-23T01:47:41.842+0000] {subprocess.py:93} INFO - [0m01:47:41  Done. PASS=4 WARN=0 ERROR=0 SKIP=0 TOTAL=4
[2023-06-23T01:47:42.253+0000] {subprocess.py:97} INFO - Command exited with return code 0
[2023-06-23T01:47:42.278+0000] {taskinstance.py:1332} INFO - Marking task as SUCCESS. dag_id=showpulse_dbt_dag, task_id=dbt_run, execution_date=20230623T014631, start_date=20230623T014735, end_date=20230623T014742
[2023-06-23T01:47:42.301+0000] {local_task_job.py:212} INFO - Task exited with return code 0
[2023-06-23T01:47:42.316+0000] {taskinstance.py:2596} INFO - 0 downstream tasks scheduled from follow-on schedule check
