[2023-06-22T23:40:10.292+0000] {taskinstance.py:1090} INFO - Dependencies all met for dep_context=non-requeueable deps ti=<TaskInstance: showpulse_dbt_dag.dbt_run scheduled__2023-06-22T23:39:05.551089+00:00 [queued]>
[2023-06-22T23:40:10.298+0000] {taskinstance.py:1090} INFO - Dependencies all met for dep_context=requeueable deps ti=<TaskInstance: showpulse_dbt_dag.dbt_run scheduled__2023-06-22T23:39:05.551089+00:00 [queued]>
[2023-06-22T23:40:10.298+0000] {taskinstance.py:1288} INFO - 
--------------------------------------------------------------------------------
[2023-06-22T23:40:10.299+0000] {taskinstance.py:1289} INFO - Starting attempt 1 of 1
[2023-06-22T23:40:10.299+0000] {taskinstance.py:1290} INFO - 
--------------------------------------------------------------------------------
[2023-06-22T23:40:10.307+0000] {taskinstance.py:1309} INFO - Executing <Task(BashOperator): dbt_run> on 2023-06-22 23:39:05.551089+00:00
[2023-06-22T23:40:10.310+0000] {standard_task_runner.py:55} INFO - Started process 19177 to run task
[2023-06-22T23:40:10.314+0000] {standard_task_runner.py:82} INFO - Running: ['***', 'tasks', 'run', 'showpulse_dbt_dag', 'dbt_run', 'scheduled__2023-06-22T23:39:05.551089+00:00', '--job-id', '2210', '--raw', '--subdir', 'DAGS_FOLDER/dbt_run.py', '--cfg-path', '/tmp/tmpcvyzocb6']
[2023-06-22T23:40:10.315+0000] {standard_task_runner.py:83} INFO - Job 2210: Subtask dbt_run
[2023-06-22T23:40:10.367+0000] {task_command.py:389} INFO - Running <TaskInstance: showpulse_dbt_dag.dbt_run scheduled__2023-06-22T23:39:05.551089+00:00 [running]> on host 62cfed75eae1
[2023-06-22T23:40:10.417+0000] {taskinstance.py:1518} INFO - Exporting the following env vars:
AIRFLOW_CTX_DAG_OWNER=nburkett
AIRFLOW_CTX_DAG_ID=showpulse_dbt_dag
AIRFLOW_CTX_TASK_ID=dbt_run
AIRFLOW_CTX_EXECUTION_DATE=2023-06-22T23:39:05.551089+00:00
AIRFLOW_CTX_TRY_NUMBER=1
AIRFLOW_CTX_DAG_RUN_ID=scheduled__2023-06-22T23:39:05.551089+00:00
[2023-06-22T23:40:10.419+0000] {subprocess.py:63} INFO - Tmp dir root location: 
 /tmp
[2023-06-22T23:40:10.420+0000] {subprocess.py:75} INFO - Running command: ['/bin/bash', '-c', 'cd /dbt/ticketmaster_transformation && dbt run']
[2023-06-22T23:40:10.428+0000] {subprocess.py:86} INFO - Output:
[2023-06-22T23:40:11.711+0000] {subprocess.py:93} INFO - [0m23:40:11  Running with dbt=1.5.1
[2023-06-22T23:40:12.259+0000] {subprocess.py:93} INFO - [0m23:40:12  Found 4 models, 0 tests, 0 snapshots, 0 analyses, 356 macros, 0 operations, 0 seed files, 3 sources, 0 exposures, 0 metrics, 0 groups
[2023-06-22T23:40:12.262+0000] {subprocess.py:93} INFO - [0m23:40:12
[2023-06-22T23:40:13.163+0000] {subprocess.py:93} INFO - [0m23:40:13  Concurrency: 4 threads (target='dev')
[2023-06-22T23:40:13.166+0000] {subprocess.py:93} INFO - [0m23:40:13
[2023-06-22T23:40:13.182+0000] {subprocess.py:93} INFO - [0m23:40:13  1 of 4 START sql table model twitter_kafka_pyspark_test.distinct_data .......... [RUN]
[2023-06-22T23:40:13.187+0000] {subprocess.py:93} INFO - [0m23:40:13  3 of 4 START sql table model twitter_kafka_pyspark_test.my_first_dbt_model ..... [RUN]
[2023-06-22T23:40:13.189+0000] {subprocess.py:93} INFO - [0m23:40:13  2 of 4 START sql table model twitter_kafka_pyspark_test.dm_events .............. [RUN]
[2023-06-22T23:40:16.036+0000] {subprocess.py:93} INFO - [0m23:40:16  2 of 4 OK created sql table model twitter_kafka_pyspark_test.dm_events ......... [[32mCREATE TABLE (1.3k rows, 178.2 KiB processed)[0m in 2.84s]
[2023-06-22T23:40:16.037+0000] {subprocess.py:93} INFO - [0m23:40:16  3 of 4 OK created sql table model twitter_kafka_pyspark_test.my_first_dbt_model  [[32mCREATE TABLE (2.0 rows, 0 processed)[0m in 2.84s]
[2023-06-22T23:40:16.045+0000] {subprocess.py:93} INFO - [0m23:40:16  4 of 4 START sql view model twitter_kafka_pyspark_test.my_second_dbt_model ..... [RUN]
[2023-06-22T23:40:17.440+0000] {subprocess.py:93} INFO - [0m23:40:17  1 of 4 OK created sql table model twitter_kafka_pyspark_test.distinct_data ..... [[32mCREATE TABLE (1.1k rows, 638.3 KiB processed)[0m in 4.25s]
[2023-06-22T23:41:05.154+0000] {subprocess.py:93} INFO - [0m23:41:05  4 of 4 OK created sql view model twitter_kafka_pyspark_test.my_second_dbt_model  [[32mCREATE VIEW (0 processed)[0m in 49.11s]
[2023-06-22T23:41:05.222+0000] {subprocess.py:93} INFO - [0m23:41:05
[2023-06-22T23:41:05.224+0000] {subprocess.py:93} INFO - [0m23:41:05  Finished running 3 table models, 1 view model in 0 hours 0 minutes and 52.96 seconds (52.96s).
[2023-06-22T23:41:05.245+0000] {subprocess.py:93} INFO - [0m23:41:05
[2023-06-22T23:41:05.246+0000] {subprocess.py:93} INFO - [0m23:41:05  [32mCompleted successfully[0m
[2023-06-22T23:41:05.248+0000] {subprocess.py:93} INFO - [0m23:41:05
[2023-06-22T23:41:05.249+0000] {subprocess.py:93} INFO - [0m23:41:05  Done. PASS=4 WARN=0 ERROR=0 SKIP=0 TOTAL=4
[2023-06-22T23:41:05.648+0000] {subprocess.py:97} INFO - Command exited with return code 0
[2023-06-22T23:41:05.673+0000] {taskinstance.py:1332} INFO - Marking task as SUCCESS. dag_id=showpulse_dbt_dag, task_id=dbt_run, execution_date=20230622T233905, start_date=20230622T234010, end_date=20230622T234105
[2023-06-22T23:41:05.723+0000] {local_task_job.py:212} INFO - Task exited with return code 0
[2023-06-22T23:41:05.737+0000] {taskinstance.py:2596} INFO - 0 downstream tasks scheduled from follow-on schedule check
