[2023-05-14T00:51:51.230+0000] {taskinstance.py:1090} INFO - Dependencies all met for dep_context=non-requeueable deps ti=<TaskInstance: ny_taxi_local.upload_data_to_GCS_Lake.local_to_gcs scheduled__2023-05-13T00:00:00+00:00 [queued]>
[2023-05-14T00:51:51.238+0000] {taskinstance.py:1090} INFO - Dependencies all met for dep_context=requeueable deps ti=<TaskInstance: ny_taxi_local.upload_data_to_GCS_Lake.local_to_gcs scheduled__2023-05-13T00:00:00+00:00 [queued]>
[2023-05-14T00:51:51.239+0000] {taskinstance.py:1288} INFO - 
--------------------------------------------------------------------------------
[2023-05-14T00:51:51.240+0000] {taskinstance.py:1289} INFO - Starting attempt 1 of 1
[2023-05-14T00:51:51.241+0000] {taskinstance.py:1290} INFO - 
--------------------------------------------------------------------------------
[2023-05-14T00:51:51.251+0000] {taskinstance.py:1309} INFO - Executing <Task(_PythonDecoratedOperator): upload_data_to_GCS_Lake.local_to_gcs> on 2023-05-13 00:00:00+00:00
[2023-05-14T00:51:51.259+0000] {standard_task_runner.py:55} INFO - Started process 68 to run task
[2023-05-14T00:51:51.265+0000] {standard_task_runner.py:82} INFO - Running: ['***', 'tasks', 'run', 'ny_taxi_local', 'upload_data_to_GCS_Lake.local_to_gcs', 'scheduled__2023-05-13T00:00:00+00:00', '--job-id', '104', '--raw', '--subdir', 'DAGS_FOLDER/fetch_and_upload.py', '--cfg-path', '/tmp/tmpkwggq58z']
[2023-05-14T00:51:51.270+0000] {standard_task_runner.py:83} INFO - Job 104: Subtask upload_data_to_GCS_Lake.local_to_gcs
[2023-05-14T00:51:51.355+0000] {task_command.py:389} INFO - Running <TaskInstance: ny_taxi_local.upload_data_to_GCS_Lake.local_to_gcs scheduled__2023-05-13T00:00:00+00:00 [running]> on host fdfc81637e26
[2023-05-14T00:51:51.437+0000] {taskinstance.py:1518} INFO - Exporting the following env vars:
AIRFLOW_CTX_DAG_OWNER=***
AIRFLOW_CTX_DAG_ID=ny_taxi_local
AIRFLOW_CTX_TASK_ID=upload_data_to_GCS_Lake.local_to_gcs
AIRFLOW_CTX_EXECUTION_DATE=2023-05-13T00:00:00+00:00
AIRFLOW_CTX_TRY_NUMBER=1
AIRFLOW_CTX_DAG_RUN_ID=scheduled__2023-05-13T00:00:00+00:00
[2023-05-14T00:51:51.851+0000] {logging_mixin.py:137} INFO - File yellow_tripdata_2023-05-14-00-51-49.csv.gz uploaded to Project: global-maxim-338114 and Bucket: <Bucket: dtc_data_lake_global-maxim-338114>.
[2023-05-14T00:51:51.854+0000] {python.py:177} INFO - Done. Returned value was: gs://<Bucket: dtc_data_lake_global-maxim-338114>/raw/yellow/2021/yellow_tripdata_2023-05-14-00-51-49.csv.gz
[2023-05-14T00:51:51.913+0000] {taskinstance.py:1332} INFO - Marking task as SUCCESS. dag_id=ny_taxi_local, task_id=upload_data_to_GCS_Lake.local_to_gcs, execution_date=20230513T000000, start_date=20230514T005151, end_date=20230514T005151
[2023-05-14T00:51:51.976+0000] {local_task_job.py:212} INFO - Task exited with return code 0
[2023-05-14T00:51:52.011+0000] {taskinstance.py:2596} INFO - 0 downstream tasks scheduled from follow-on schedule check
