[2023-06-22T00:19:23.394+0000] {taskinstance.py:1090} INFO - Dependencies all met for dep_context=non-requeueable deps ti=<TaskInstance: showpulse_dbt_dag.dbt_run scheduled__2023-06-22T00:18:19.542692+00:00 [queued]>
[2023-06-22T00:19:23.400+0000] {taskinstance.py:1090} INFO - Dependencies all met for dep_context=requeueable deps ti=<TaskInstance: showpulse_dbt_dag.dbt_run scheduled__2023-06-22T00:18:19.542692+00:00 [queued]>
[2023-06-22T00:19:23.400+0000] {taskinstance.py:1288} INFO - 
--------------------------------------------------------------------------------
[2023-06-22T00:19:23.401+0000] {taskinstance.py:1289} INFO - Starting attempt 1 of 1
[2023-06-22T00:19:23.401+0000] {taskinstance.py:1290} INFO - 
--------------------------------------------------------------------------------
[2023-06-22T00:19:23.409+0000] {taskinstance.py:1309} INFO - Executing <Task(BashOperator): dbt_run> on 2023-06-22 00:18:19.542692+00:00
[2023-06-22T00:19:23.413+0000] {standard_task_runner.py:55} INFO - Started process 9855 to run task
[2023-06-22T00:19:23.416+0000] {standard_task_runner.py:82} INFO - Running: ['***', 'tasks', 'run', 'showpulse_dbt_dag', 'dbt_run', 'scheduled__2023-06-22T00:18:19.542692+00:00', '--job-id', '1330', '--raw', '--subdir', 'DAGS_FOLDER/dbt_run.py', '--cfg-path', '/tmp/tmpv7a50eui']
[2023-06-22T00:19:23.417+0000] {standard_task_runner.py:83} INFO - Job 1330: Subtask dbt_run
[2023-06-22T00:19:23.472+0000] {task_command.py:389} INFO - Running <TaskInstance: showpulse_dbt_dag.dbt_run scheduled__2023-06-22T00:18:19.542692+00:00 [running]> on host 62cfed75eae1
[2023-06-22T00:19:23.524+0000] {taskinstance.py:1518} INFO - Exporting the following env vars:
AIRFLOW_CTX_DAG_OWNER=nburkett
AIRFLOW_CTX_DAG_ID=showpulse_dbt_dag
AIRFLOW_CTX_TASK_ID=dbt_run
AIRFLOW_CTX_EXECUTION_DATE=2023-06-22T00:18:19.542692+00:00
AIRFLOW_CTX_TRY_NUMBER=1
AIRFLOW_CTX_DAG_RUN_ID=scheduled__2023-06-22T00:18:19.542692+00:00
[2023-06-22T00:19:23.526+0000] {subprocess.py:63} INFO - Tmp dir root location: 
 /tmp
[2023-06-22T00:19:23.527+0000] {subprocess.py:75} INFO - Running command: ['/bin/bash', '-c', 'cd /dbt/ticketmaster_transformation && dbt run']
[2023-06-22T00:19:23.536+0000] {subprocess.py:86} INFO - Output:
[2023-06-22T00:19:24.889+0000] {subprocess.py:93} INFO - [0m00:19:24  Running with dbt=1.5.1
[2023-06-22T00:19:25.381+0000] {subprocess.py:93} INFO - [0m00:19:25  Found 4 models, 0 tests, 0 snapshots, 0 analyses, 356 macros, 0 operations, 0 seed files, 3 sources, 0 exposures, 0 metrics, 0 groups
[2023-06-22T00:19:25.385+0000] {subprocess.py:93} INFO - [0m00:19:25
[2023-06-22T00:19:26.356+0000] {subprocess.py:93} INFO - [0m00:19:26  Concurrency: 4 threads (target='dev')
[2023-06-22T00:19:26.359+0000] {subprocess.py:93} INFO - [0m00:19:26
[2023-06-22T00:19:26.374+0000] {subprocess.py:93} INFO - [0m00:19:26  1 of 4 START sql table model twitter_kafka_pyspark_test.distinct_data .......... [RUN]
[2023-06-22T00:19:26.376+0000] {subprocess.py:93} INFO - [0m00:19:26  2 of 4 START sql table model twitter_kafka_pyspark_test.dm_events .............. [RUN]
[2023-06-22T00:19:26.378+0000] {subprocess.py:93} INFO - [0m00:19:26  3 of 4 START sql table model twitter_kafka_pyspark_test.my_first_dbt_model ..... [RUN]
[2023-06-22T00:19:29.731+0000] {subprocess.py:93} INFO - [0m00:19:29  2 of 4 OK created sql table model twitter_kafka_pyspark_test.dm_events ......... [[32mCREATE TABLE (1.3k rows, 178.2 KiB processed)[0m in 3.34s]
[2023-06-22T00:19:29.733+0000] {subprocess.py:93} INFO - [0m00:19:29  3 of 4 OK created sql table model twitter_kafka_pyspark_test.my_first_dbt_model  [[32mCREATE TABLE (2.0 rows, 0 processed)[0m in 3.34s]
[2023-06-22T00:19:29.744+0000] {subprocess.py:93} INFO - [0m00:19:29  4 of 4 START sql view model twitter_kafka_pyspark_test.my_second_dbt_model ..... [RUN]
[2023-06-22T00:19:29.749+0000] {subprocess.py:93} INFO - [0m00:19:29  1 of 4 OK created sql table model twitter_kafka_pyspark_test.distinct_data ..... [[32mCREATE TABLE (1.1k rows, 638.3 KiB processed)[0m in 3.37s]
[2023-06-22T00:19:30.773+0000] {subprocess.py:93} INFO - [0m00:19:30  4 of 4 OK created sql view model twitter_kafka_pyspark_test.my_second_dbt_model  [[32mCREATE VIEW (0 processed)[0m in 1.02s]
[2023-06-22T00:19:30.855+0000] {subprocess.py:93} INFO - [0m00:19:30
[2023-06-22T00:19:30.857+0000] {subprocess.py:93} INFO - [0m00:19:30  Finished running 3 table models, 1 view model in 0 hours 0 minutes and 5.47 seconds (5.47s).
[2023-06-22T00:19:30.876+0000] {subprocess.py:93} INFO - [0m00:19:30
[2023-06-22T00:19:30.878+0000] {subprocess.py:93} INFO - [0m00:19:30  [32mCompleted successfully[0m
[2023-06-22T00:19:30.879+0000] {subprocess.py:93} INFO - [0m00:19:30
[2023-06-22T00:19:30.880+0000] {subprocess.py:93} INFO - [0m00:19:30  Done. PASS=4 WARN=0 ERROR=0 SKIP=0 TOTAL=4
[2023-06-22T00:19:31.336+0000] {subprocess.py:97} INFO - Command exited with return code 0
[2023-06-22T00:19:31.362+0000] {taskinstance.py:1332} INFO - Marking task as SUCCESS. dag_id=showpulse_dbt_dag, task_id=dbt_run, execution_date=20230622T001819, start_date=20230622T001923, end_date=20230622T001931
[2023-06-22T00:19:31.401+0000] {local_task_job.py:212} INFO - Task exited with return code 0
[2023-06-22T00:19:31.414+0000] {taskinstance.py:2596} INFO - 0 downstream tasks scheduled from follow-on schedule check
