[2023-06-22T18:30:02.811+0000] {taskinstance.py:1090} INFO - Dependencies all met for dep_context=non-requeueable deps ti=<TaskInstance: showpulse_dbt_dag.dbt_run scheduled__2023-06-22T18:10:11.215161+00:00 [queued]>
[2023-06-22T18:30:02.817+0000] {taskinstance.py:1090} INFO - Dependencies all met for dep_context=requeueable deps ti=<TaskInstance: showpulse_dbt_dag.dbt_run scheduled__2023-06-22T18:10:11.215161+00:00 [queued]>
[2023-06-22T18:30:02.817+0000] {taskinstance.py:1288} INFO - 
--------------------------------------------------------------------------------
[2023-06-22T18:30:02.818+0000] {taskinstance.py:1289} INFO - Starting attempt 1 of 1
[2023-06-22T18:30:02.818+0000] {taskinstance.py:1290} INFO - 
--------------------------------------------------------------------------------
[2023-06-22T18:30:02.825+0000] {taskinstance.py:1309} INFO - Executing <Task(BashOperator): dbt_run> on 2023-06-22 18:10:11.215161+00:00
[2023-06-22T18:30:02.829+0000] {standard_task_runner.py:55} INFO - Started process 17307 to run task
[2023-06-22T18:30:02.832+0000] {standard_task_runner.py:82} INFO - Running: ['***', 'tasks', 'run', 'showpulse_dbt_dag', 'dbt_run', 'scheduled__2023-06-22T18:10:11.215161+00:00', '--job-id', '2002', '--raw', '--subdir', 'DAGS_FOLDER/dbt_run.py', '--cfg-path', '/tmp/tmp0rn_nn6i']
[2023-06-22T18:30:02.833+0000] {standard_task_runner.py:83} INFO - Job 2002: Subtask dbt_run
[2023-06-22T18:30:02.888+0000] {task_command.py:389} INFO - Running <TaskInstance: showpulse_dbt_dag.dbt_run scheduled__2023-06-22T18:10:11.215161+00:00 [running]> on host 62cfed75eae1
[2023-06-22T18:30:02.939+0000] {taskinstance.py:1518} INFO - Exporting the following env vars:
AIRFLOW_CTX_DAG_OWNER=nburkett
AIRFLOW_CTX_DAG_ID=showpulse_dbt_dag
AIRFLOW_CTX_TASK_ID=dbt_run
AIRFLOW_CTX_EXECUTION_DATE=2023-06-22T18:10:11.215161+00:00
AIRFLOW_CTX_TRY_NUMBER=1
AIRFLOW_CTX_DAG_RUN_ID=scheduled__2023-06-22T18:10:11.215161+00:00
[2023-06-22T18:30:02.940+0000] {subprocess.py:63} INFO - Tmp dir root location: 
 /tmp
[2023-06-22T18:30:02.941+0000] {subprocess.py:75} INFO - Running command: ['/bin/bash', '-c', 'cd /dbt/ticketmaster_transformation && dbt run']
[2023-06-22T18:30:02.950+0000] {subprocess.py:86} INFO - Output:
[2023-06-22T18:30:04.349+0000] {subprocess.py:93} INFO - [0m18:30:04  Running with dbt=1.5.1
[2023-06-22T18:30:05.306+0000] {subprocess.py:93} INFO - [0m18:30:05  Found 4 models, 0 tests, 0 snapshots, 0 analyses, 356 macros, 0 operations, 0 seed files, 3 sources, 0 exposures, 0 metrics, 0 groups
[2023-06-22T18:30:05.309+0000] {subprocess.py:93} INFO - [0m18:30:05
[2023-06-22T18:30:06.762+0000] {subprocess.py:93} INFO - [0m18:30:06  Concurrency: 4 threads (target='dev')
[2023-06-22T18:30:06.764+0000] {subprocess.py:93} INFO - [0m18:30:06
[2023-06-22T18:30:06.775+0000] {subprocess.py:93} INFO - [0m18:30:06  1 of 4 START sql table model twitter_kafka_pyspark_test.distinct_data .......... [RUN]
[2023-06-22T18:30:06.777+0000] {subprocess.py:93} INFO - [0m18:30:06  2 of 4 START sql table model twitter_kafka_pyspark_test.dm_events .............. [RUN]
[2023-06-22T18:30:06.778+0000] {subprocess.py:93} INFO - [0m18:30:06  3 of 4 START sql table model twitter_kafka_pyspark_test.my_first_dbt_model ..... [RUN]
[2023-06-22T18:30:09.928+0000] {subprocess.py:93} INFO - [0m18:30:09  3 of 4 OK created sql table model twitter_kafka_pyspark_test.my_first_dbt_model  [[32mCREATE TABLE (2.0 rows, 0 processed)[0m in 3.14s]
[2023-06-22T18:30:09.933+0000] {subprocess.py:93} INFO - [0m18:30:09  2 of 4 OK created sql table model twitter_kafka_pyspark_test.dm_events ......... [[32mCREATE TABLE (1.3k rows, 178.2 KiB processed)[0m in 3.15s]
[2023-06-22T18:30:09.937+0000] {subprocess.py:93} INFO - [0m18:30:09  4 of 4 START sql view model twitter_kafka_pyspark_test.my_second_dbt_model ..... [RUN]
[2023-06-22T18:30:10.241+0000] {subprocess.py:93} INFO - [0m18:30:10  1 of 4 OK created sql table model twitter_kafka_pyspark_test.distinct_data ..... [[32mCREATE TABLE (1.1k rows, 638.3 KiB processed)[0m in 3.46s]
[2023-06-22T18:30:10.962+0000] {subprocess.py:93} INFO - [0m18:30:10  4 of 4 OK created sql view model twitter_kafka_pyspark_test.my_second_dbt_model  [[32mCREATE VIEW (0 processed)[0m in 1.02s]
[2023-06-22T18:30:11.089+0000] {subprocess.py:93} INFO - [0m18:30:11
[2023-06-22T18:30:11.093+0000] {subprocess.py:93} INFO - [0m18:30:11  Finished running 3 table models, 1 view model in 0 hours 0 minutes and 5.78 seconds (5.78s).
[2023-06-22T18:30:11.130+0000] {subprocess.py:93} INFO - [0m18:30:11
[2023-06-22T18:30:11.132+0000] {subprocess.py:93} INFO - [0m18:30:11  [32mCompleted successfully[0m
[2023-06-22T18:30:11.133+0000] {subprocess.py:93} INFO - [0m18:30:11
[2023-06-22T18:30:11.134+0000] {subprocess.py:93} INFO - [0m18:30:11  Done. PASS=4 WARN=0 ERROR=0 SKIP=0 TOTAL=4
[2023-06-22T18:30:11.622+0000] {subprocess.py:97} INFO - Command exited with return code 0
[2023-06-22T18:30:11.655+0000] {taskinstance.py:1332} INFO - Marking task as SUCCESS. dag_id=showpulse_dbt_dag, task_id=dbt_run, execution_date=20230622T181011, start_date=20230622T183002, end_date=20230622T183011
[2023-06-22T18:30:11.690+0000] {local_task_job.py:212} INFO - Task exited with return code 0
[2023-06-22T18:30:11.706+0000] {taskinstance.py:2596} INFO - 0 downstream tasks scheduled from follow-on schedule check
