[2023-06-21T02:19:34.161+0000] {taskinstance.py:1090} INFO - Dependencies all met for dep_context=non-requeueable deps ti=<TaskInstance: showpulse_dbt_dag.dbt_run scheduled__2023-06-21T01:58:21.187776+00:00 [queued]>
[2023-06-21T02:19:34.167+0000] {taskinstance.py:1090} INFO - Dependencies all met for dep_context=requeueable deps ti=<TaskInstance: showpulse_dbt_dag.dbt_run scheduled__2023-06-21T01:58:21.187776+00:00 [queued]>
[2023-06-21T02:19:34.168+0000] {taskinstance.py:1288} INFO - 
--------------------------------------------------------------------------------
[2023-06-21T02:19:34.168+0000] {taskinstance.py:1289} INFO - Starting attempt 1 of 1
[2023-06-21T02:19:34.169+0000] {taskinstance.py:1290} INFO - 
--------------------------------------------------------------------------------
[2023-06-21T02:19:34.177+0000] {taskinstance.py:1309} INFO - Executing <Task(BashOperator): dbt_run> on 2023-06-21 01:58:21.187776+00:00
[2023-06-21T02:19:34.181+0000] {standard_task_runner.py:55} INFO - Started process 2167 to run task
[2023-06-21T02:19:34.184+0000] {standard_task_runner.py:82} INFO - Running: ['***', 'tasks', 'run', 'showpulse_dbt_dag', 'dbt_run', 'scheduled__2023-06-21T01:58:21.187776+00:00', '--job-id', '562', '--raw', '--subdir', 'DAGS_FOLDER/dbt_run.py', '--cfg-path', '/tmp/tmpkp8zrlpd']
[2023-06-21T02:19:34.185+0000] {standard_task_runner.py:83} INFO - Job 562: Subtask dbt_run
[2023-06-21T02:19:34.240+0000] {task_command.py:389} INFO - Running <TaskInstance: showpulse_dbt_dag.dbt_run scheduled__2023-06-21T01:58:21.187776+00:00 [running]> on host 62cfed75eae1
[2023-06-21T02:19:34.293+0000] {taskinstance.py:1518} INFO - Exporting the following env vars:
AIRFLOW_CTX_DAG_OWNER=nburkett
AIRFLOW_CTX_DAG_ID=showpulse_dbt_dag
AIRFLOW_CTX_TASK_ID=dbt_run
AIRFLOW_CTX_EXECUTION_DATE=2023-06-21T01:58:21.187776+00:00
AIRFLOW_CTX_TRY_NUMBER=1
AIRFLOW_CTX_DAG_RUN_ID=scheduled__2023-06-21T01:58:21.187776+00:00
[2023-06-21T02:19:34.294+0000] {subprocess.py:63} INFO - Tmp dir root location: 
 /tmp
[2023-06-21T02:19:34.295+0000] {subprocess.py:75} INFO - Running command: ['/bin/bash', '-c', 'cd /dbt/ticketmaster_transformation && dbt run']
[2023-06-21T02:19:34.303+0000] {subprocess.py:86} INFO - Output:
[2023-06-21T02:19:35.577+0000] {subprocess.py:93} INFO - [0m02:19:35  Running with dbt=1.5.1
[2023-06-21T02:19:36.547+0000] {subprocess.py:93} INFO - [0m02:19:36  Found 4 models, 0 tests, 0 snapshots, 0 analyses, 356 macros, 0 operations, 0 seed files, 3 sources, 0 exposures, 0 metrics, 0 groups
[2023-06-21T02:19:36.550+0000] {subprocess.py:93} INFO - [0m02:19:36
[2023-06-21T02:19:37.575+0000] {subprocess.py:93} INFO - [0m02:19:37  Concurrency: 4 threads (target='dev')
[2023-06-21T02:19:37.577+0000] {subprocess.py:93} INFO - [0m02:19:37
[2023-06-21T02:19:37.591+0000] {subprocess.py:93} INFO - [0m02:19:37  1 of 4 START sql table model twitter_kafka_pyspark_test.distinct_data .......... [RUN]
[2023-06-21T02:19:37.593+0000] {subprocess.py:93} INFO - [0m02:19:37  2 of 4 START sql table model twitter_kafka_pyspark_test.dm_events .............. [RUN]
[2023-06-21T02:19:37.596+0000] {subprocess.py:93} INFO - [0m02:19:37  3 of 4 START sql table model twitter_kafka_pyspark_test.my_first_dbt_model ..... [RUN]
[2023-06-21T02:19:40.971+0000] {subprocess.py:93} INFO - [0m02:19:40  3 of 4 OK created sql table model twitter_kafka_pyspark_test.my_first_dbt_model  [[32mCREATE TABLE (2.0 rows, 0 processed)[0m in 3.36s]
[2023-06-21T02:19:41.005+0000] {subprocess.py:93} INFO - [0m02:19:41  2 of 4 OK created sql table model twitter_kafka_pyspark_test.dm_events ......... [[32mCREATE TABLE (1.3k rows, 178.2 KiB processed)[0m in 3.36s]
[2023-06-21T02:19:41.011+0000] {subprocess.py:93} INFO - [0m02:19:41  1 of 4 OK created sql table model twitter_kafka_pyspark_test.distinct_data ..... [[32mCREATE TABLE (1.1k rows, 638.3 KiB processed)[0m in 3.40s]
[2023-06-21T02:19:41.015+0000] {subprocess.py:93} INFO - [0m02:19:41  4 of 4 START sql view model twitter_kafka_pyspark_test.my_second_dbt_model ..... [RUN]
[2023-06-21T02:19:42.590+0000] {subprocess.py:93} INFO - [0m02:19:42  4 of 4 OK created sql view model twitter_kafka_pyspark_test.my_second_dbt_model  [[32mCREATE VIEW (0 processed)[0m in 1.57s]
[2023-06-21T02:19:42.641+0000] {subprocess.py:93} INFO - [0m02:19:42
[2023-06-21T02:19:42.643+0000] {subprocess.py:93} INFO - [0m02:19:42  Finished running 3 table models, 1 view model in 0 hours 0 minutes and 6.09 seconds (6.09s).
[2023-06-21T02:19:42.673+0000] {subprocess.py:93} INFO - [0m02:19:42
[2023-06-21T02:19:42.675+0000] {subprocess.py:93} INFO - [0m02:19:42  [32mCompleted successfully[0m
[2023-06-21T02:19:42.677+0000] {subprocess.py:93} INFO - [0m02:19:42
[2023-06-21T02:19:42.678+0000] {subprocess.py:93} INFO - [0m02:19:42  Done. PASS=4 WARN=0 ERROR=0 SKIP=0 TOTAL=4
[2023-06-21T02:19:43.942+0000] {subprocess.py:97} INFO - Command exited with return code 0
[2023-06-21T02:19:43.975+0000] {taskinstance.py:1332} INFO - Marking task as SUCCESS. dag_id=showpulse_dbt_dag, task_id=dbt_run, execution_date=20230621T015821, start_date=20230621T021934, end_date=20230621T021943
[2023-06-21T02:19:44.042+0000] {local_task_job.py:212} INFO - Task exited with return code 0
[2023-06-21T02:19:44.060+0000] {taskinstance.py:2596} INFO - 0 downstream tasks scheduled from follow-on schedule check
