[2023-06-20T01:17:03.036+0000] {taskinstance.py:1090} INFO - Dependencies all met for dep_context=non-requeueable deps ti=<TaskInstance: showpulse_dbt_dag.dbt_run scheduled__2023-06-20T01:15:59.130209+00:00 [queued]>
[2023-06-20T01:17:03.044+0000] {taskinstance.py:1090} INFO - Dependencies all met for dep_context=requeueable deps ti=<TaskInstance: showpulse_dbt_dag.dbt_run scheduled__2023-06-20T01:15:59.130209+00:00 [queued]>
[2023-06-20T01:17:03.044+0000] {taskinstance.py:1288} INFO - 
--------------------------------------------------------------------------------
[2023-06-20T01:17:03.045+0000] {taskinstance.py:1289} INFO - Starting attempt 1 of 1
[2023-06-20T01:17:03.045+0000] {taskinstance.py:1290} INFO - 
--------------------------------------------------------------------------------
[2023-06-20T01:17:03.054+0000] {taskinstance.py:1309} INFO - Executing <Task(BashOperator): dbt_run> on 2023-06-20 01:15:59.130209+00:00
[2023-06-20T01:17:03.060+0000] {standard_task_runner.py:55} INFO - Started process 548 to run task
[2023-06-20T01:17:03.064+0000] {standard_task_runner.py:82} INFO - Running: ['***', 'tasks', 'run', 'showpulse_dbt_dag', 'dbt_run', 'scheduled__2023-06-20T01:15:59.130209+00:00', '--job-id', '364', '--raw', '--subdir', 'DAGS_FOLDER/dbt_run.py', '--cfg-path', '/tmp/tmp7lnr0gch']
[2023-06-20T01:17:03.065+0000] {standard_task_runner.py:83} INFO - Job 364: Subtask dbt_run
[2023-06-20T01:17:03.122+0000] {task_command.py:389} INFO - Running <TaskInstance: showpulse_dbt_dag.dbt_run scheduled__2023-06-20T01:15:59.130209+00:00 [running]> on host 62cfed75eae1
[2023-06-20T01:17:03.172+0000] {taskinstance.py:1518} INFO - Exporting the following env vars:
AIRFLOW_CTX_DAG_OWNER=nburkett
AIRFLOW_CTX_DAG_ID=showpulse_dbt_dag
AIRFLOW_CTX_TASK_ID=dbt_run
AIRFLOW_CTX_EXECUTION_DATE=2023-06-20T01:15:59.130209+00:00
AIRFLOW_CTX_TRY_NUMBER=1
AIRFLOW_CTX_DAG_RUN_ID=scheduled__2023-06-20T01:15:59.130209+00:00
[2023-06-20T01:17:03.173+0000] {subprocess.py:63} INFO - Tmp dir root location: 
 /tmp
[2023-06-20T01:17:03.174+0000] {subprocess.py:75} INFO - Running command: ['/bin/bash', '-c', 'cd /dbt/ticketmaster_transformation && dbt run']
[2023-06-20T01:17:03.183+0000] {subprocess.py:86} INFO - Output:
[2023-06-20T01:17:04.564+0000] {subprocess.py:93} INFO - [0m01:17:04  Running with dbt=1.5.1
[2023-06-20T01:17:05.128+0000] {subprocess.py:93} INFO - [0m01:17:05  Found 4 models, 0 tests, 0 snapshots, 0 analyses, 356 macros, 0 operations, 0 seed files, 3 sources, 0 exposures, 0 metrics, 0 groups
[2023-06-20T01:17:05.132+0000] {subprocess.py:93} INFO - [0m01:17:05
[2023-06-20T01:17:05.982+0000] {subprocess.py:93} INFO - [0m01:17:05  Concurrency: 4 threads (target='dev')
[2023-06-20T01:17:05.984+0000] {subprocess.py:93} INFO - [0m01:17:05
[2023-06-20T01:17:05.992+0000] {subprocess.py:93} INFO - [0m01:17:05  1 of 4 START sql table model twitter_kafka_pyspark_test.distinct_data .......... [RUN]
[2023-06-20T01:17:05.994+0000] {subprocess.py:93} INFO - [0m01:17:05  2 of 4 START sql table model twitter_kafka_pyspark_test.dm_events .............. [RUN]
[2023-06-20T01:17:05.995+0000] {subprocess.py:93} INFO - [0m01:17:05  3 of 4 START sql table model twitter_kafka_pyspark_test.my_first_dbt_model ..... [RUN]
[2023-06-20T01:17:08.814+0000] {subprocess.py:93} INFO - [0m01:17:08  3 of 4 OK created sql table model twitter_kafka_pyspark_test.my_first_dbt_model  [[32mCREATE TABLE (2.0 rows, 0 processed)[0m in 2.81s]
[2023-06-20T01:17:08.824+0000] {subprocess.py:93} INFO - [0m01:17:08  4 of 4 START sql view model twitter_kafka_pyspark_test.my_second_dbt_model ..... [RUN]
[2023-06-20T01:17:09.082+0000] {subprocess.py:93} INFO - [0m01:17:09  1 of 4 OK created sql table model twitter_kafka_pyspark_test.distinct_data ..... [[32mCREATE TABLE (702.0 rows, 351.2 KiB processed)[0m in 3.08s]
[2023-06-20T01:17:09.326+0000] {subprocess.py:93} INFO - [0m01:17:09  2 of 4 OK created sql table model twitter_kafka_pyspark_test.dm_events ......... [[32mCREATE TABLE (723.0 rows, 101.1 KiB processed)[0m in 3.32s]
[2023-06-20T01:17:09.949+0000] {subprocess.py:93} INFO - [0m01:17:09  4 of 4 OK created sql view model twitter_kafka_pyspark_test.my_second_dbt_model  [[32mCREATE VIEW (0 processed)[0m in 1.12s]
[2023-06-20T01:17:10.054+0000] {subprocess.py:93} INFO - [0m01:17:10
[2023-06-20T01:17:10.055+0000] {subprocess.py:93} INFO - [0m01:17:10  Finished running 3 table models, 1 view model in 0 hours 0 minutes and 4.92 seconds (4.92s).
[2023-06-20T01:17:10.076+0000] {subprocess.py:93} INFO - [0m01:17:10
[2023-06-20T01:17:10.077+0000] {subprocess.py:93} INFO - [0m01:17:10  [32mCompleted successfully[0m
[2023-06-20T01:17:10.079+0000] {subprocess.py:93} INFO - [0m01:17:10
[2023-06-20T01:17:10.080+0000] {subprocess.py:93} INFO - [0m01:17:10  Done. PASS=4 WARN=0 ERROR=0 SKIP=0 TOTAL=4
[2023-06-20T01:17:10.619+0000] {subprocess.py:97} INFO - Command exited with return code 0
[2023-06-20T01:17:10.645+0000] {taskinstance.py:1332} INFO - Marking task as SUCCESS. dag_id=showpulse_dbt_dag, task_id=dbt_run, execution_date=20230620T011559, start_date=20230620T011703, end_date=20230620T011710
[2023-06-20T01:17:10.702+0000] {local_task_job.py:212} INFO - Task exited with return code 0
[2023-06-20T01:17:10.716+0000] {taskinstance.py:2596} INFO - 0 downstream tasks scheduled from follow-on schedule check
