[2023-06-21T21:23:01.877+0000] {taskinstance.py:1090} INFO - Dependencies all met for dep_context=non-requeueable deps ti=<TaskInstance: showpulse_dbt_dag.dbt_change_dir scheduled__2023-06-21T21:07:40.441034+00:00 [queued]>
[2023-06-21T21:23:01.883+0000] {taskinstance.py:1090} INFO - Dependencies all met for dep_context=requeueable deps ti=<TaskInstance: showpulse_dbt_dag.dbt_change_dir scheduled__2023-06-21T21:07:40.441034+00:00 [queued]>
[2023-06-21T21:23:01.884+0000] {taskinstance.py:1288} INFO - 
--------------------------------------------------------------------------------
[2023-06-21T21:23:01.884+0000] {taskinstance.py:1289} INFO - Starting attempt 1 of 1
[2023-06-21T21:23:01.885+0000] {taskinstance.py:1290} INFO - 
--------------------------------------------------------------------------------
[2023-06-21T21:23:01.893+0000] {taskinstance.py:1309} INFO - Executing <Task(BashOperator): dbt_change_dir> on 2023-06-21 21:07:40.441034+00:00
[2023-06-21T21:23:01.897+0000] {standard_task_runner.py:55} INFO - Started process 6370 to run task
[2023-06-21T21:23:01.900+0000] {standard_task_runner.py:82} INFO - Running: ['***', 'tasks', 'run', 'showpulse_dbt_dag', 'dbt_change_dir', 'scheduled__2023-06-21T21:07:40.441034+00:00', '--job-id', '1020', '--raw', '--subdir', 'DAGS_FOLDER/dbt_run.py', '--cfg-path', '/tmp/tmp8myvhw2s']
[2023-06-21T21:23:01.901+0000] {standard_task_runner.py:83} INFO - Job 1020: Subtask dbt_change_dir
[2023-06-21T21:23:01.952+0000] {task_command.py:389} INFO - Running <TaskInstance: showpulse_dbt_dag.dbt_change_dir scheduled__2023-06-21T21:07:40.441034+00:00 [running]> on host 62cfed75eae1
[2023-06-21T21:23:02.002+0000] {taskinstance.py:1518} INFO - Exporting the following env vars:
AIRFLOW_CTX_DAG_OWNER=nburkett
AIRFLOW_CTX_DAG_ID=showpulse_dbt_dag
AIRFLOW_CTX_TASK_ID=dbt_change_dir
AIRFLOW_CTX_EXECUTION_DATE=2023-06-21T21:07:40.441034+00:00
AIRFLOW_CTX_TRY_NUMBER=1
AIRFLOW_CTX_DAG_RUN_ID=scheduled__2023-06-21T21:07:40.441034+00:00
[2023-06-21T21:23:02.003+0000] {subprocess.py:63} INFO - Tmp dir root location: 
 /tmp
[2023-06-21T21:23:02.004+0000] {subprocess.py:75} INFO - Running command: ['/bin/bash', '-c', 'cd /dbt/ticketmaster_transformation']
[2023-06-21T21:23:02.013+0000] {subprocess.py:86} INFO - Output:
[2023-06-21T21:23:02.015+0000] {subprocess.py:97} INFO - Command exited with return code 0
[2023-06-21T21:23:02.037+0000] {taskinstance.py:1332} INFO - Marking task as SUCCESS. dag_id=showpulse_dbt_dag, task_id=dbt_change_dir, execution_date=20230621T210740, start_date=20230621T212301, end_date=20230621T212302
[2023-06-21T21:23:02.074+0000] {local_task_job.py:212} INFO - Task exited with return code 0
[2023-06-21T21:23:02.094+0000] {taskinstance.py:2596} INFO - 1 downstream tasks scheduled from follow-on schedule check
