[2023-06-17T22:08:15.746+0000] {taskinstance.py:1090} INFO - Dependencies all met for dep_context=non-requeueable deps ti=<TaskInstance: showpulse_dbt_dag.dbt_run manual__2023-06-17T22:08:00.010610+00:00 [queued]>
[2023-06-17T22:08:15.753+0000] {taskinstance.py:1090} INFO - Dependencies all met for dep_context=requeueable deps ti=<TaskInstance: showpulse_dbt_dag.dbt_run manual__2023-06-17T22:08:00.010610+00:00 [queued]>
[2023-06-17T22:08:15.753+0000] {taskinstance.py:1288} INFO - 
--------------------------------------------------------------------------------
[2023-06-17T22:08:15.754+0000] {taskinstance.py:1289} INFO - Starting attempt 1 of 1
[2023-06-17T22:08:15.754+0000] {taskinstance.py:1290} INFO - 
--------------------------------------------------------------------------------
[2023-06-17T22:08:15.762+0000] {taskinstance.py:1309} INFO - Executing <Task(BashOperator): dbt_run> on 2023-06-17 22:08:00.010610+00:00
[2023-06-17T22:08:15.766+0000] {standard_task_runner.py:55} INFO - Started process 130 to run task
[2023-06-17T22:08:15.769+0000] {standard_task_runner.py:82} INFO - Running: ['***', 'tasks', 'run', 'showpulse_dbt_dag', 'dbt_run', 'manual__2023-06-17T22:08:00.010610+00:00', '--job-id', '312', '--raw', '--subdir', 'DAGS_FOLDER/dbt_run.py', '--cfg-path', '/tmp/tmp3zumytfm']
[2023-06-17T22:08:15.770+0000] {standard_task_runner.py:83} INFO - Job 312: Subtask dbt_run
[2023-06-17T22:08:15.820+0000] {task_command.py:389} INFO - Running <TaskInstance: showpulse_dbt_dag.dbt_run manual__2023-06-17T22:08:00.010610+00:00 [running]> on host 62cfed75eae1
[2023-06-17T22:08:15.868+0000] {taskinstance.py:1518} INFO - Exporting the following env vars:
AIRFLOW_CTX_DAG_OWNER=nburkett
AIRFLOW_CTX_DAG_ID=showpulse_dbt_dag
AIRFLOW_CTX_TASK_ID=dbt_run
AIRFLOW_CTX_EXECUTION_DATE=2023-06-17T22:08:00.010610+00:00
AIRFLOW_CTX_TRY_NUMBER=1
AIRFLOW_CTX_DAG_RUN_ID=manual__2023-06-17T22:08:00.010610+00:00
[2023-06-17T22:08:15.869+0000] {subprocess.py:63} INFO - Tmp dir root location: 
 /tmp
[2023-06-17T22:08:15.870+0000] {subprocess.py:75} INFO - Running command: ['/bin/bash', '-c', 'cd /dbt/ticketmaster_transformation && dbt run']
[2023-06-17T22:08:15.878+0000] {subprocess.py:86} INFO - Output:
[2023-06-17T22:08:17.388+0000] {subprocess.py:93} INFO - [0m22:08:17  Running with dbt=1.5.1
[2023-06-17T22:08:18.385+0000] {subprocess.py:93} INFO - [0m22:08:18  Found 4 models, 0 tests, 0 snapshots, 0 analyses, 356 macros, 0 operations, 0 seed files, 3 sources, 0 exposures, 0 metrics, 0 groups
[2023-06-17T22:08:18.388+0000] {subprocess.py:93} INFO - [0m22:08:18
[2023-06-17T22:08:19.284+0000] {subprocess.py:93} INFO - [0m22:08:19  Concurrency: 4 threads (target='dev')
[2023-06-17T22:08:19.287+0000] {subprocess.py:93} INFO - [0m22:08:19
[2023-06-17T22:08:19.304+0000] {subprocess.py:93} INFO - [0m22:08:19  1 of 4 START sql table model twitter_kafka_pyspark_test.distinct_data .......... [RUN]
[2023-06-17T22:08:19.306+0000] {subprocess.py:93} INFO - [0m22:08:19  2 of 4 START sql table model twitter_kafka_pyspark_test.dm_events .............. [RUN]
[2023-06-17T22:08:19.307+0000] {subprocess.py:93} INFO - [0m22:08:19  3 of 4 START sql table model twitter_kafka_pyspark_test.my_first_dbt_model ..... [RUN]
[2023-06-17T22:08:22.163+0000] {subprocess.py:93} INFO - [0m22:08:22  3 of 4 OK created sql table model twitter_kafka_pyspark_test.my_first_dbt_model  [[32mCREATE TABLE (2.0 rows, 0 processed)[0m in 2.85s]
[2023-06-17T22:08:22.170+0000] {subprocess.py:93} INFO - [0m22:08:22  4 of 4 START sql view model twitter_kafka_pyspark_test.my_second_dbt_model ..... [RUN]
[2023-06-17T22:08:22.369+0000] {subprocess.py:93} INFO - [0m22:08:22  1 of 4 OK created sql table model twitter_kafka_pyspark_test.distinct_data ..... [[32mCREATE TABLE (21.0 rows, 10.8 KiB processed)[0m in 3.05s]
[2023-06-17T22:08:22.382+0000] {subprocess.py:93} INFO - [0m22:08:22  2 of 4 OK created sql table model twitter_kafka_pyspark_test.dm_events ......... [[32mCREATE TABLE (21.0 rows, 3.4 KiB processed)[0m in 3.07s]
[2023-06-17T22:08:23.205+0000] {subprocess.py:93} INFO - [0m22:08:23  4 of 4 OK created sql view model twitter_kafka_pyspark_test.my_second_dbt_model  [[32mCREATE VIEW (0 processed)[0m in 1.03s]
[2023-06-17T22:08:23.320+0000] {subprocess.py:93} INFO - [0m22:08:23
[2023-06-17T22:08:23.322+0000] {subprocess.py:93} INFO - [0m22:08:23  Finished running 3 table models, 1 view model in 0 hours 0 minutes and 4.93 seconds (4.93s).
[2023-06-17T22:08:23.354+0000] {subprocess.py:93} INFO - [0m22:08:23
[2023-06-17T22:08:23.356+0000] {subprocess.py:93} INFO - [0m22:08:23  [32mCompleted successfully[0m
[2023-06-17T22:08:23.359+0000] {subprocess.py:93} INFO - [0m22:08:23
[2023-06-17T22:08:23.360+0000] {subprocess.py:93} INFO - [0m22:08:23  Done. PASS=4 WARN=0 ERROR=0 SKIP=0 TOTAL=4
[2023-06-17T22:08:23.830+0000] {subprocess.py:97} INFO - Command exited with return code 0
[2023-06-17T22:08:23.859+0000] {taskinstance.py:1332} INFO - Marking task as SUCCESS. dag_id=showpulse_dbt_dag, task_id=dbt_run, execution_date=20230617T220800, start_date=20230617T220815, end_date=20230617T220823
[2023-06-17T22:08:23.916+0000] {local_task_job.py:212} INFO - Task exited with return code 0
[2023-06-17T22:08:23.931+0000] {taskinstance.py:2596} INFO - 0 downstream tasks scheduled from follow-on schedule check
