[2023-06-23T02:39:21.897+0000] {taskinstance.py:1090} INFO - Dependencies all met for dep_context=non-requeueable deps ti=<TaskInstance: showpulse_dbt_dag.dbt_run scheduled__2023-06-23T02:38:17.887791+00:00 [queued]>
[2023-06-23T02:39:21.905+0000] {taskinstance.py:1090} INFO - Dependencies all met for dep_context=requeueable deps ti=<TaskInstance: showpulse_dbt_dag.dbt_run scheduled__2023-06-23T02:38:17.887791+00:00 [queued]>
[2023-06-23T02:39:21.905+0000] {taskinstance.py:1288} INFO - 
--------------------------------------------------------------------------------
[2023-06-23T02:39:21.906+0000] {taskinstance.py:1289} INFO - Starting attempt 1 of 1
[2023-06-23T02:39:21.906+0000] {taskinstance.py:1290} INFO - 
--------------------------------------------------------------------------------
[2023-06-23T02:39:21.915+0000] {taskinstance.py:1309} INFO - Executing <Task(BashOperator): dbt_run> on 2023-06-23 02:38:17.887791+00:00
[2023-06-23T02:39:21.919+0000] {standard_task_runner.py:55} INFO - Started process 26706 to run task
[2023-06-23T02:39:21.922+0000] {standard_task_runner.py:82} INFO - Running: ['***', 'tasks', 'run', 'showpulse_dbt_dag', 'dbt_run', 'scheduled__2023-06-23T02:38:17.887791+00:00', '--job-id', '2835', '--raw', '--subdir', 'DAGS_FOLDER/dbt_run.py', '--cfg-path', '/tmp/tmp284baspd']
[2023-06-23T02:39:21.923+0000] {standard_task_runner.py:83} INFO - Job 2835: Subtask dbt_run
[2023-06-23T02:39:21.983+0000] {task_command.py:389} INFO - Running <TaskInstance: showpulse_dbt_dag.dbt_run scheduled__2023-06-23T02:38:17.887791+00:00 [running]> on host 62cfed75eae1
[2023-06-23T02:39:22.042+0000] {taskinstance.py:1518} INFO - Exporting the following env vars:
AIRFLOW_CTX_DAG_OWNER=nburkett
AIRFLOW_CTX_DAG_ID=showpulse_dbt_dag
AIRFLOW_CTX_TASK_ID=dbt_run
AIRFLOW_CTX_EXECUTION_DATE=2023-06-23T02:38:17.887791+00:00
AIRFLOW_CTX_TRY_NUMBER=1
AIRFLOW_CTX_DAG_RUN_ID=scheduled__2023-06-23T02:38:17.887791+00:00
[2023-06-23T02:39:22.043+0000] {subprocess.py:63} INFO - Tmp dir root location: 
 /tmp
[2023-06-23T02:39:22.044+0000] {subprocess.py:75} INFO - Running command: ['/bin/bash', '-c', 'cd /dbt/ticketmaster_transformation && dbt run']
[2023-06-23T02:39:22.053+0000] {subprocess.py:86} INFO - Output:
[2023-06-23T02:39:23.501+0000] {subprocess.py:93} INFO - [0m02:39:23  Running with dbt=1.5.1
[2023-06-23T02:39:24.329+0000] {subprocess.py:93} INFO - [0m02:39:24  Found 4 models, 0 tests, 0 snapshots, 0 analyses, 356 macros, 0 operations, 0 seed files, 3 sources, 0 exposures, 0 metrics, 0 groups
[2023-06-23T02:39:24.333+0000] {subprocess.py:93} INFO - [0m02:39:24
[2023-06-23T02:39:24.977+0000] {subprocess.py:93} INFO - [0m02:39:24  Concurrency: 4 threads (target='dev')
[2023-06-23T02:39:24.979+0000] {subprocess.py:93} INFO - [0m02:39:24
[2023-06-23T02:39:24.990+0000] {subprocess.py:93} INFO - [0m02:39:24  1 of 4 START sql table model twitter_kafka_pyspark_test.distinct_data .......... [RUN]
[2023-06-23T02:39:24.992+0000] {subprocess.py:93} INFO - [0m02:39:24  2 of 4 START sql table model twitter_kafka_pyspark_test.dm_events .............. [RUN]
[2023-06-23T02:39:24.993+0000] {subprocess.py:93} INFO - [0m02:39:24  3 of 4 START sql table model twitter_kafka_pyspark_test.my_first_dbt_model ..... [RUN]
[2023-06-23T02:39:27.775+0000] {subprocess.py:93} INFO - [0m02:39:27  2 of 4 OK created sql table model twitter_kafka_pyspark_test.dm_events ......... [[32mCREATE TABLE (293.0 rows, 43.0 KiB processed)[0m in 2.78s]
[2023-06-23T02:39:27.778+0000] {subprocess.py:93} INFO - [0m02:39:27  1 of 4 OK created sql table model twitter_kafka_pyspark_test.distinct_data ..... [[32mCREATE TABLE (217.0 rows, 152.9 KiB processed)[0m in 2.78s]
[2023-06-23T02:39:27.893+0000] {subprocess.py:93} INFO - [0m02:39:27  3 of 4 OK created sql table model twitter_kafka_pyspark_test.my_first_dbt_model  [[32mCREATE TABLE (2.0 rows, 0 processed)[0m in 2.89s]
[2023-06-23T02:39:27.898+0000] {subprocess.py:93} INFO - [0m02:39:27  4 of 4 START sql view model twitter_kafka_pyspark_test.my_second_dbt_model ..... [RUN]
[2023-06-23T02:39:28.883+0000] {subprocess.py:93} INFO - [0m02:39:28  4 of 4 OK created sql view model twitter_kafka_pyspark_test.my_second_dbt_model  [[32mCREATE VIEW (0 processed)[0m in 0.98s]
[2023-06-23T02:39:28.966+0000] {subprocess.py:93} INFO - [0m02:39:28
[2023-06-23T02:39:28.967+0000] {subprocess.py:93} INFO - [0m02:39:28  Finished running 3 table models, 1 view model in 0 hours 0 minutes and 4.63 seconds (4.63s).
[2023-06-23T02:39:28.986+0000] {subprocess.py:93} INFO - [0m02:39:28
[2023-06-23T02:39:28.988+0000] {subprocess.py:93} INFO - [0m02:39:28  [32mCompleted successfully[0m
[2023-06-23T02:39:28.991+0000] {subprocess.py:93} INFO - [0m02:39:28
[2023-06-23T02:39:28.992+0000] {subprocess.py:93} INFO - [0m02:39:28  Done. PASS=4 WARN=0 ERROR=0 SKIP=0 TOTAL=4
[2023-06-23T02:39:29.427+0000] {subprocess.py:97} INFO - Command exited with return code 0
[2023-06-23T02:39:29.467+0000] {taskinstance.py:1332} INFO - Marking task as SUCCESS. dag_id=showpulse_dbt_dag, task_id=dbt_run, execution_date=20230623T023817, start_date=20230623T023921, end_date=20230623T023929
[2023-06-23T02:39:29.503+0000] {local_task_job.py:212} INFO - Task exited with return code 0
[2023-06-23T02:39:29.520+0000] {taskinstance.py:2596} INFO - 0 downstream tasks scheduled from follow-on schedule check
