[2023-06-23T02:41:22.192+0000] {taskinstance.py:1090} INFO - Dependencies all met for dep_context=non-requeueable deps ti=<TaskInstance: showpulse_dbt_dag.dbt_run scheduled__2023-06-23T02:40:17.887791+00:00 [queued]>
[2023-06-23T02:41:22.199+0000] {taskinstance.py:1090} INFO - Dependencies all met for dep_context=requeueable deps ti=<TaskInstance: showpulse_dbt_dag.dbt_run scheduled__2023-06-23T02:40:17.887791+00:00 [queued]>
[2023-06-23T02:41:22.200+0000] {taskinstance.py:1288} INFO - 
--------------------------------------------------------------------------------
[2023-06-23T02:41:22.201+0000] {taskinstance.py:1289} INFO - Starting attempt 1 of 1
[2023-06-23T02:41:22.201+0000] {taskinstance.py:1290} INFO - 
--------------------------------------------------------------------------------
[2023-06-23T02:41:22.210+0000] {taskinstance.py:1309} INFO - Executing <Task(BashOperator): dbt_run> on 2023-06-23 02:40:17.887791+00:00
[2023-06-23T02:41:22.214+0000] {standard_task_runner.py:55} INFO - Started process 26808 to run task
[2023-06-23T02:41:22.218+0000] {standard_task_runner.py:82} INFO - Running: ['***', 'tasks', 'run', 'showpulse_dbt_dag', 'dbt_run', 'scheduled__2023-06-23T02:40:17.887791+00:00', '--job-id', '2843', '--raw', '--subdir', 'DAGS_FOLDER/dbt_run.py', '--cfg-path', '/tmp/tmpjzx4c23_']
[2023-06-23T02:41:22.220+0000] {standard_task_runner.py:83} INFO - Job 2843: Subtask dbt_run
[2023-06-23T02:41:22.286+0000] {task_command.py:389} INFO - Running <TaskInstance: showpulse_dbt_dag.dbt_run scheduled__2023-06-23T02:40:17.887791+00:00 [running]> on host 62cfed75eae1
[2023-06-23T02:41:22.347+0000] {taskinstance.py:1518} INFO - Exporting the following env vars:
AIRFLOW_CTX_DAG_OWNER=nburkett
AIRFLOW_CTX_DAG_ID=showpulse_dbt_dag
AIRFLOW_CTX_TASK_ID=dbt_run
AIRFLOW_CTX_EXECUTION_DATE=2023-06-23T02:40:17.887791+00:00
AIRFLOW_CTX_TRY_NUMBER=1
AIRFLOW_CTX_DAG_RUN_ID=scheduled__2023-06-23T02:40:17.887791+00:00
[2023-06-23T02:41:22.348+0000] {subprocess.py:63} INFO - Tmp dir root location: 
 /tmp
[2023-06-23T02:41:22.349+0000] {subprocess.py:75} INFO - Running command: ['/bin/bash', '-c', 'cd /dbt/ticketmaster_transformation && dbt run']
[2023-06-23T02:41:22.359+0000] {subprocess.py:86} INFO - Output:
[2023-06-23T02:41:23.752+0000] {subprocess.py:93} INFO - [0m02:41:23  Running with dbt=1.5.1
[2023-06-23T02:41:24.437+0000] {subprocess.py:93} INFO - [0m02:41:24  Found 4 models, 0 tests, 0 snapshots, 0 analyses, 356 macros, 0 operations, 0 seed files, 3 sources, 0 exposures, 0 metrics, 0 groups
[2023-06-23T02:41:24.440+0000] {subprocess.py:93} INFO - [0m02:41:24
[2023-06-23T02:41:25.807+0000] {subprocess.py:93} INFO - [0m02:41:25  Concurrency: 4 threads (target='dev')
[2023-06-23T02:41:25.810+0000] {subprocess.py:93} INFO - [0m02:41:25
[2023-06-23T02:41:25.821+0000] {subprocess.py:93} INFO - [0m02:41:25  1 of 4 START sql table model twitter_kafka_pyspark_test.distinct_data .......... [RUN]
[2023-06-23T02:41:25.823+0000] {subprocess.py:93} INFO - [0m02:41:25  2 of 4 START sql table model twitter_kafka_pyspark_test.dm_events .............. [RUN]
[2023-06-23T02:41:25.826+0000] {subprocess.py:93} INFO - [0m02:41:25  3 of 4 START sql table model twitter_kafka_pyspark_test.my_first_dbt_model ..... [RUN]
[2023-06-23T02:41:28.742+0000] {subprocess.py:93} INFO - [0m02:41:28  3 of 4 OK created sql table model twitter_kafka_pyspark_test.my_first_dbt_model  [[32mCREATE TABLE (2.0 rows, 0 processed)[0m in 2.91s]
[2023-06-23T02:41:28.749+0000] {subprocess.py:93} INFO - [0m02:41:28  4 of 4 START sql view model twitter_kafka_pyspark_test.my_second_dbt_model ..... [RUN]
[2023-06-23T02:41:29.098+0000] {subprocess.py:93} INFO - [0m02:41:29  1 of 4 OK created sql table model twitter_kafka_pyspark_test.distinct_data ..... [[32mCREATE TABLE (509.0 rows, 376.9 KiB processed)[0m in 3.27s]
[2023-06-23T02:41:29.106+0000] {subprocess.py:93} INFO - [0m02:41:29  2 of 4 OK created sql table model twitter_kafka_pyspark_test.dm_events ......... [[32mCREATE TABLE (726.0 rows, 101.7 KiB processed)[0m in 3.28s]
[2023-06-23T02:41:29.985+0000] {subprocess.py:93} INFO - [0m02:41:29  4 of 4 OK created sql view model twitter_kafka_pyspark_test.my_second_dbt_model  [[32mCREATE VIEW (0 processed)[0m in 1.23s]
[2023-06-23T02:41:30.094+0000] {subprocess.py:93} INFO - [0m02:41:30
[2023-06-23T02:41:30.096+0000] {subprocess.py:93} INFO - [0m02:41:30  Finished running 3 table models, 1 view model in 0 hours 0 minutes and 5.65 seconds (5.65s).
[2023-06-23T02:41:30.115+0000] {subprocess.py:93} INFO - [0m02:41:30
[2023-06-23T02:41:30.117+0000] {subprocess.py:93} INFO - [0m02:41:30  [32mCompleted successfully[0m
[2023-06-23T02:41:30.118+0000] {subprocess.py:93} INFO - [0m02:41:30
[2023-06-23T02:41:30.120+0000] {subprocess.py:93} INFO - [0m02:41:30  Done. PASS=4 WARN=0 ERROR=0 SKIP=0 TOTAL=4
[2023-06-23T02:41:30.757+0000] {subprocess.py:97} INFO - Command exited with return code 0
[2023-06-23T02:41:30.788+0000] {taskinstance.py:1332} INFO - Marking task as SUCCESS. dag_id=showpulse_dbt_dag, task_id=dbt_run, execution_date=20230623T024017, start_date=20230623T024122, end_date=20230623T024130
[2023-06-23T02:41:30.858+0000] {local_task_job.py:212} INFO - Task exited with return code 0
[2023-06-23T02:41:30.873+0000] {taskinstance.py:2596} INFO - 0 downstream tasks scheduled from follow-on schedule check
