[2023-06-22T03:22:34.476+0000] {taskinstance.py:1090} INFO - Dependencies all met for dep_context=non-requeueable deps ti=<TaskInstance: showpulse_dbt_dag.dbt_run scheduled__2023-06-22T03:18:13.305052+00:00 [queued]>
[2023-06-22T03:22:34.483+0000] {taskinstance.py:1090} INFO - Dependencies all met for dep_context=requeueable deps ti=<TaskInstance: showpulse_dbt_dag.dbt_run scheduled__2023-06-22T03:18:13.305052+00:00 [queued]>
[2023-06-22T03:22:34.483+0000] {taskinstance.py:1288} INFO - 
--------------------------------------------------------------------------------
[2023-06-22T03:22:34.484+0000] {taskinstance.py:1289} INFO - Starting attempt 1 of 1
[2023-06-22T03:22:34.484+0000] {taskinstance.py:1290} INFO - 
--------------------------------------------------------------------------------
[2023-06-22T03:22:34.492+0000] {taskinstance.py:1309} INFO - Executing <Task(BashOperator): dbt_run> on 2023-06-22 03:18:13.305052+00:00
[2023-06-22T03:22:34.496+0000] {standard_task_runner.py:55} INFO - Started process 15173 to run task
[2023-06-22T03:22:34.500+0000] {standard_task_runner.py:82} INFO - Running: ['***', 'tasks', 'run', 'showpulse_dbt_dag', 'dbt_run', 'scheduled__2023-06-22T03:18:13.305052+00:00', '--job-id', '1766', '--raw', '--subdir', 'DAGS_FOLDER/dbt_run.py', '--cfg-path', '/tmp/tmpb9o8ctbv']
[2023-06-22T03:22:34.501+0000] {standard_task_runner.py:83} INFO - Job 1766: Subtask dbt_run
[2023-06-22T03:22:34.556+0000] {task_command.py:389} INFO - Running <TaskInstance: showpulse_dbt_dag.dbt_run scheduled__2023-06-22T03:18:13.305052+00:00 [running]> on host 62cfed75eae1
[2023-06-22T03:22:34.609+0000] {taskinstance.py:1518} INFO - Exporting the following env vars:
AIRFLOW_CTX_DAG_OWNER=nburkett
AIRFLOW_CTX_DAG_ID=showpulse_dbt_dag
AIRFLOW_CTX_TASK_ID=dbt_run
AIRFLOW_CTX_EXECUTION_DATE=2023-06-22T03:18:13.305052+00:00
AIRFLOW_CTX_TRY_NUMBER=1
AIRFLOW_CTX_DAG_RUN_ID=scheduled__2023-06-22T03:18:13.305052+00:00
[2023-06-22T03:22:34.611+0000] {subprocess.py:63} INFO - Tmp dir root location: 
 /tmp
[2023-06-22T03:22:34.612+0000] {subprocess.py:75} INFO - Running command: ['/bin/bash', '-c', 'cd /dbt/ticketmaster_transformation && dbt run']
[2023-06-22T03:22:34.622+0000] {subprocess.py:86} INFO - Output:
[2023-06-22T03:22:36.318+0000] {subprocess.py:93} INFO - [0m03:22:36  Running with dbt=1.5.1
[2023-06-22T03:22:36.821+0000] {subprocess.py:93} INFO - [0m03:22:36  Found 4 models, 0 tests, 0 snapshots, 0 analyses, 356 macros, 0 operations, 0 seed files, 3 sources, 0 exposures, 0 metrics, 0 groups
[2023-06-22T03:22:36.824+0000] {subprocess.py:93} INFO - [0m03:22:36
[2023-06-22T03:22:37.491+0000] {subprocess.py:93} INFO - [0m03:22:37  Concurrency: 4 threads (target='dev')
[2023-06-22T03:22:37.493+0000] {subprocess.py:93} INFO - [0m03:22:37
[2023-06-22T03:22:37.502+0000] {subprocess.py:93} INFO - [0m03:22:37  1 of 4 START sql table model twitter_kafka_pyspark_test.distinct_data .......... [RUN]
[2023-06-22T03:22:37.503+0000] {subprocess.py:93} INFO - [0m03:22:37  2 of 4 START sql table model twitter_kafka_pyspark_test.dm_events .............. [RUN]
[2023-06-22T03:22:37.504+0000] {subprocess.py:93} INFO - [0m03:22:37  3 of 4 START sql table model twitter_kafka_pyspark_test.my_first_dbt_model ..... [RUN]
[2023-06-22T03:22:40.046+0000] {subprocess.py:93} INFO - [0m03:22:40  3 of 4 OK created sql table model twitter_kafka_pyspark_test.my_first_dbt_model  [[32mCREATE TABLE (2.0 rows, 0 processed)[0m in 2.53s]
[2023-06-22T03:22:40.055+0000] {subprocess.py:93} INFO - [0m03:22:40  4 of 4 START sql view model twitter_kafka_pyspark_test.my_second_dbt_model ..... [RUN]
[2023-06-22T03:22:40.354+0000] {subprocess.py:93} INFO - [0m03:22:40  2 of 4 OK created sql table model twitter_kafka_pyspark_test.dm_events ......... [[32mCREATE TABLE (1.3k rows, 178.2 KiB processed)[0m in 2.85s]
[2023-06-22T03:22:40.562+0000] {subprocess.py:93} INFO - [0m03:22:40  1 of 4 OK created sql table model twitter_kafka_pyspark_test.distinct_data ..... [[32mCREATE TABLE (1.1k rows, 638.3 KiB processed)[0m in 3.05s]
[2023-06-22T03:22:40.752+0000] {subprocess.py:93} INFO - [0m03:22:40  4 of 4 OK created sql view model twitter_kafka_pyspark_test.my_second_dbt_model  [[32mCREATE VIEW (0 processed)[0m in 0.69s]
[2023-06-22T03:22:40.794+0000] {subprocess.py:93} INFO - [0m03:22:40
[2023-06-22T03:22:40.798+0000] {subprocess.py:93} INFO - [0m03:22:40  Finished running 3 table models, 1 view model in 0 hours 0 minutes and 3.97 seconds (3.97s).
[2023-06-22T03:22:40.821+0000] {subprocess.py:93} INFO - [0m03:22:40
[2023-06-22T03:22:40.822+0000] {subprocess.py:93} INFO - [0m03:22:40  [32mCompleted successfully[0m
[2023-06-22T03:22:40.824+0000] {subprocess.py:93} INFO - [0m03:22:40
[2023-06-22T03:22:40.826+0000] {subprocess.py:93} INFO - [0m03:22:40  Done. PASS=4 WARN=0 ERROR=0 SKIP=0 TOTAL=4
[2023-06-22T03:22:41.266+0000] {subprocess.py:97} INFO - Command exited with return code 0
[2023-06-22T03:22:41.293+0000] {taskinstance.py:1332} INFO - Marking task as SUCCESS. dag_id=showpulse_dbt_dag, task_id=dbt_run, execution_date=20230622T031813, start_date=20230622T032234, end_date=20230622T032241
[2023-06-22T03:22:41.344+0000] {local_task_job.py:212} INFO - Task exited with return code 0
[2023-06-22T03:22:41.359+0000] {taskinstance.py:2596} INFO - 0 downstream tasks scheduled from follow-on schedule check
