[2023-06-20T01:11:01.057+0000] {taskinstance.py:1090} INFO - Dependencies all met for dep_context=non-requeueable deps ti=<TaskInstance: showpulse_dbt_dag.dbt_change_dir scheduled__2023-06-20T01:09:59.130209+00:00 [queued]>
[2023-06-20T01:11:01.063+0000] {taskinstance.py:1090} INFO - Dependencies all met for dep_context=requeueable deps ti=<TaskInstance: showpulse_dbt_dag.dbt_change_dir scheduled__2023-06-20T01:09:59.130209+00:00 [queued]>
[2023-06-20T01:11:01.064+0000] {taskinstance.py:1288} INFO - 
--------------------------------------------------------------------------------
[2023-06-20T01:11:01.064+0000] {taskinstance.py:1289} INFO - Starting attempt 1 of 1
[2023-06-20T01:11:01.065+0000] {taskinstance.py:1290} INFO - 
--------------------------------------------------------------------------------
[2023-06-20T01:11:01.072+0000] {taskinstance.py:1309} INFO - Executing <Task(BashOperator): dbt_change_dir> on 2023-06-20 01:09:59.130209+00:00
[2023-06-20T01:11:01.076+0000] {standard_task_runner.py:55} INFO - Started process 236 to run task
[2023-06-20T01:11:01.079+0000] {standard_task_runner.py:82} INFO - Running: ['***', 'tasks', 'run', 'showpulse_dbt_dag', 'dbt_change_dir', 'scheduled__2023-06-20T01:09:59.130209+00:00', '--job-id', '338', '--raw', '--subdir', 'DAGS_FOLDER/dbt_run.py', '--cfg-path', '/tmp/tmp6p6b_y9s']
[2023-06-20T01:11:01.080+0000] {standard_task_runner.py:83} INFO - Job 338: Subtask dbt_change_dir
[2023-06-20T01:11:01.135+0000] {task_command.py:389} INFO - Running <TaskInstance: showpulse_dbt_dag.dbt_change_dir scheduled__2023-06-20T01:09:59.130209+00:00 [running]> on host 62cfed75eae1
[2023-06-20T01:11:01.193+0000] {taskinstance.py:1518} INFO - Exporting the following env vars:
AIRFLOW_CTX_DAG_OWNER=nburkett
AIRFLOW_CTX_DAG_ID=showpulse_dbt_dag
AIRFLOW_CTX_TASK_ID=dbt_change_dir
AIRFLOW_CTX_EXECUTION_DATE=2023-06-20T01:09:59.130209+00:00
AIRFLOW_CTX_TRY_NUMBER=1
AIRFLOW_CTX_DAG_RUN_ID=scheduled__2023-06-20T01:09:59.130209+00:00
[2023-06-20T01:11:01.194+0000] {subprocess.py:63} INFO - Tmp dir root location: 
 /tmp
[2023-06-20T01:11:01.195+0000] {subprocess.py:75} INFO - Running command: ['/bin/bash', '-c', 'cd /dbt/ticketmaster_transformation']
[2023-06-20T01:11:01.205+0000] {subprocess.py:86} INFO - Output:
[2023-06-20T01:11:01.207+0000] {subprocess.py:97} INFO - Command exited with return code 0
[2023-06-20T01:11:01.234+0000] {taskinstance.py:1332} INFO - Marking task as SUCCESS. dag_id=showpulse_dbt_dag, task_id=dbt_change_dir, execution_date=20230620T010959, start_date=20230620T011101, end_date=20230620T011101
[2023-06-20T01:11:01.252+0000] {local_task_job.py:212} INFO - Task exited with return code 0
[2023-06-20T01:11:01.273+0000] {taskinstance.py:2596} INFO - 1 downstream tasks scheduled from follow-on schedule check
