[2023-06-22T18:10:02.470+0000] {taskinstance.py:1090} INFO - Dependencies all met for dep_context=non-requeueable deps ti=<TaskInstance: showpulse_dbt_dag.dbt_run scheduled__2023-06-22T17:56:55.918244+00:00 [queued]>
[2023-06-22T18:10:02.477+0000] {taskinstance.py:1090} INFO - Dependencies all met for dep_context=requeueable deps ti=<TaskInstance: showpulse_dbt_dag.dbt_run scheduled__2023-06-22T17:56:55.918244+00:00 [queued]>
[2023-06-22T18:10:02.478+0000] {taskinstance.py:1288} INFO - 
--------------------------------------------------------------------------------
[2023-06-22T18:10:02.478+0000] {taskinstance.py:1289} INFO - Starting attempt 1 of 1
[2023-06-22T18:10:02.479+0000] {taskinstance.py:1290} INFO - 
--------------------------------------------------------------------------------
[2023-06-22T18:10:02.487+0000] {taskinstance.py:1309} INFO - Executing <Task(BashOperator): dbt_run> on 2023-06-22 17:56:55.918244+00:00
[2023-06-22T18:10:02.491+0000] {standard_task_runner.py:55} INFO - Started process 17241 to run task
[2023-06-22T18:10:02.495+0000] {standard_task_runner.py:82} INFO - Running: ['***', 'tasks', 'run', 'showpulse_dbt_dag', 'dbt_run', 'scheduled__2023-06-22T17:56:55.918244+00:00', '--job-id', '1994', '--raw', '--subdir', 'DAGS_FOLDER/dbt_run.py', '--cfg-path', '/tmp/tmpze86awgv']
[2023-06-22T18:10:02.496+0000] {standard_task_runner.py:83} INFO - Job 1994: Subtask dbt_run
[2023-06-22T18:10:02.551+0000] {task_command.py:389} INFO - Running <TaskInstance: showpulse_dbt_dag.dbt_run scheduled__2023-06-22T17:56:55.918244+00:00 [running]> on host 62cfed75eae1
[2023-06-22T18:10:02.606+0000] {taskinstance.py:1518} INFO - Exporting the following env vars:
AIRFLOW_CTX_DAG_OWNER=nburkett
AIRFLOW_CTX_DAG_ID=showpulse_dbt_dag
AIRFLOW_CTX_TASK_ID=dbt_run
AIRFLOW_CTX_EXECUTION_DATE=2023-06-22T17:56:55.918244+00:00
AIRFLOW_CTX_TRY_NUMBER=1
AIRFLOW_CTX_DAG_RUN_ID=scheduled__2023-06-22T17:56:55.918244+00:00
[2023-06-22T18:10:02.608+0000] {subprocess.py:63} INFO - Tmp dir root location: 
 /tmp
[2023-06-22T18:10:02.609+0000] {subprocess.py:75} INFO - Running command: ['/bin/bash', '-c', 'cd /dbt/ticketmaster_transformation && dbt run']
[2023-06-22T18:10:02.617+0000] {subprocess.py:86} INFO - Output:
[2023-06-22T18:10:03.968+0000] {subprocess.py:93} INFO - [0m18:10:03  Running with dbt=1.5.1
[2023-06-22T18:10:04.495+0000] {subprocess.py:93} INFO - [0m18:10:04  Found 4 models, 0 tests, 0 snapshots, 0 analyses, 356 macros, 0 operations, 0 seed files, 3 sources, 0 exposures, 0 metrics, 0 groups
[2023-06-22T18:10:04.499+0000] {subprocess.py:93} INFO - [0m18:10:04
[2023-06-22T18:10:05.327+0000] {subprocess.py:93} INFO - [0m18:10:05  Concurrency: 4 threads (target='dev')
[2023-06-22T18:10:05.331+0000] {subprocess.py:93} INFO - [0m18:10:05
[2023-06-22T18:10:05.348+0000] {subprocess.py:93} INFO - [0m18:10:05  1 of 4 START sql table model twitter_kafka_pyspark_test.distinct_data .......... [RUN]
[2023-06-22T18:10:05.350+0000] {subprocess.py:93} INFO - [0m18:10:05  2 of 4 START sql table model twitter_kafka_pyspark_test.dm_events .............. [RUN]
[2023-06-22T18:10:05.353+0000] {subprocess.py:93} INFO - [0m18:10:05  3 of 4 START sql table model twitter_kafka_pyspark_test.my_first_dbt_model ..... [RUN]
[2023-06-22T18:10:08.230+0000] {subprocess.py:93} INFO - [0m18:10:08  3 of 4 OK created sql table model twitter_kafka_pyspark_test.my_first_dbt_model  [[32mCREATE TABLE (2.0 rows, 0 processed)[0m in 2.87s]
[2023-06-22T18:10:08.236+0000] {subprocess.py:93} INFO - [0m18:10:08  4 of 4 START sql view model twitter_kafka_pyspark_test.my_second_dbt_model ..... [RUN]
[2023-06-22T18:10:08.382+0000] {subprocess.py:93} INFO - [0m18:10:08  2 of 4 OK created sql table model twitter_kafka_pyspark_test.dm_events ......... [[32mCREATE TABLE (1.3k rows, 178.2 KiB processed)[0m in 3.02s]
[2023-06-22T18:10:08.528+0000] {subprocess.py:93} INFO - [0m18:10:08  1 of 4 OK created sql table model twitter_kafka_pyspark_test.distinct_data ..... [[32mCREATE TABLE (1.1k rows, 638.3 KiB processed)[0m in 3.17s]
[2023-06-22T18:10:10.281+0000] {subprocess.py:93} INFO - [0m18:10:10  4 of 4 OK created sql view model twitter_kafka_pyspark_test.my_second_dbt_model  [[32mCREATE VIEW (0 processed)[0m in 2.04s]
[2023-06-22T18:10:10.303+0000] {subprocess.py:93} INFO - [0m18:10:10
[2023-06-22T18:10:10.305+0000] {subprocess.py:93} INFO - [0m18:10:10  Finished running 3 table models, 1 view model in 0 hours 0 minutes and 5.80 seconds (5.80s).
[2023-06-22T18:10:10.327+0000] {subprocess.py:93} INFO - [0m18:10:10
[2023-06-22T18:10:10.329+0000] {subprocess.py:93} INFO - [0m18:10:10  [32mCompleted successfully[0m
[2023-06-22T18:10:10.330+0000] {subprocess.py:93} INFO - [0m18:10:10
[2023-06-22T18:10:10.331+0000] {subprocess.py:93} INFO - [0m18:10:10  Done. PASS=4 WARN=0 ERROR=0 SKIP=0 TOTAL=4
[2023-06-22T18:10:10.955+0000] {subprocess.py:97} INFO - Command exited with return code 0
[2023-06-22T18:10:10.981+0000] {taskinstance.py:1332} INFO - Marking task as SUCCESS. dag_id=showpulse_dbt_dag, task_id=dbt_run, execution_date=20230622T175655, start_date=20230622T181002, end_date=20230622T181010
[2023-06-22T18:10:11.040+0000] {local_task_job.py:212} INFO - Task exited with return code 0
[2023-06-22T18:10:11.054+0000] {taskinstance.py:2596} INFO - 0 downstream tasks scheduled from follow-on schedule check
