[2023-06-22T03:13:45.534+0000] {taskinstance.py:1090} INFO - Dependencies all met for dep_context=non-requeueable deps ti=<TaskInstance: showpulse_dbt_dag.dbt_run scheduled__2023-06-22T03:12:40.166554+00:00 [queued]>
[2023-06-22T03:13:45.539+0000] {taskinstance.py:1090} INFO - Dependencies all met for dep_context=requeueable deps ti=<TaskInstance: showpulse_dbt_dag.dbt_run scheduled__2023-06-22T03:12:40.166554+00:00 [queued]>
[2023-06-22T03:13:45.540+0000] {taskinstance.py:1288} INFO - 
--------------------------------------------------------------------------------
[2023-06-22T03:13:45.541+0000] {taskinstance.py:1289} INFO - Starting attempt 1 of 1
[2023-06-22T03:13:45.541+0000] {taskinstance.py:1290} INFO - 
--------------------------------------------------------------------------------
[2023-06-22T03:13:45.549+0000] {taskinstance.py:1309} INFO - Executing <Task(BashOperator): dbt_run> on 2023-06-22 03:12:40.166554+00:00
[2023-06-22T03:13:45.552+0000] {standard_task_runner.py:55} INFO - Started process 15015 to run task
[2023-06-22T03:13:45.555+0000] {standard_task_runner.py:82} INFO - Running: ['***', 'tasks', 'run', 'showpulse_dbt_dag', 'dbt_run', 'scheduled__2023-06-22T03:12:40.166554+00:00', '--job-id', '1750', '--raw', '--subdir', 'DAGS_FOLDER/dbt_run.py', '--cfg-path', '/tmp/tmpjoibe6tn']
[2023-06-22T03:13:45.556+0000] {standard_task_runner.py:83} INFO - Job 1750: Subtask dbt_run
[2023-06-22T03:13:45.609+0000] {task_command.py:389} INFO - Running <TaskInstance: showpulse_dbt_dag.dbt_run scheduled__2023-06-22T03:12:40.166554+00:00 [running]> on host 62cfed75eae1
[2023-06-22T03:13:45.658+0000] {taskinstance.py:1518} INFO - Exporting the following env vars:
AIRFLOW_CTX_DAG_OWNER=nburkett
AIRFLOW_CTX_DAG_ID=showpulse_dbt_dag
AIRFLOW_CTX_TASK_ID=dbt_run
AIRFLOW_CTX_EXECUTION_DATE=2023-06-22T03:12:40.166554+00:00
AIRFLOW_CTX_TRY_NUMBER=1
AIRFLOW_CTX_DAG_RUN_ID=scheduled__2023-06-22T03:12:40.166554+00:00
[2023-06-22T03:13:45.660+0000] {subprocess.py:63} INFO - Tmp dir root location: 
 /tmp
[2023-06-22T03:13:45.661+0000] {subprocess.py:75} INFO - Running command: ['/bin/bash', '-c', 'cd /dbt/ticketmaster_transformation && dbt run']
[2023-06-22T03:13:45.670+0000] {subprocess.py:86} INFO - Output:
[2023-06-22T03:13:46.868+0000] {subprocess.py:93} INFO - [0m03:13:46  Running with dbt=1.5.1
[2023-06-22T03:13:47.319+0000] {subprocess.py:93} INFO - [0m03:13:47  Found 4 models, 0 tests, 0 snapshots, 0 analyses, 356 macros, 0 operations, 0 seed files, 3 sources, 0 exposures, 0 metrics, 0 groups
[2023-06-22T03:13:47.322+0000] {subprocess.py:93} INFO - [0m03:13:47
[2023-06-22T03:13:47.961+0000] {subprocess.py:93} INFO - [0m03:13:47  Concurrency: 4 threads (target='dev')
[2023-06-22T03:13:47.964+0000] {subprocess.py:93} INFO - [0m03:13:47
[2023-06-22T03:13:47.981+0000] {subprocess.py:93} INFO - [0m03:13:47  1 of 4 START sql table model twitter_kafka_pyspark_test.distinct_data .......... [RUN]
[2023-06-22T03:13:47.984+0000] {subprocess.py:93} INFO - [0m03:13:47  2 of 4 START sql table model twitter_kafka_pyspark_test.dm_events .............. [RUN]
[2023-06-22T03:13:47.987+0000] {subprocess.py:93} INFO - [0m03:13:47  3 of 4 START sql table model twitter_kafka_pyspark_test.my_first_dbt_model ..... [RUN]
[2023-06-22T03:13:50.670+0000] {subprocess.py:93} INFO - [0m03:13:50  2 of 4 OK created sql table model twitter_kafka_pyspark_test.dm_events ......... [[32mCREATE TABLE (1.3k rows, 178.2 KiB processed)[0m in 2.67s]
[2023-06-22T03:13:50.724+0000] {subprocess.py:93} INFO - [0m03:13:50  3 of 4 OK created sql table model twitter_kafka_pyspark_test.my_first_dbt_model  [[32mCREATE TABLE (2.0 rows, 0 processed)[0m in 2.73s]
[2023-06-22T03:13:50.729+0000] {subprocess.py:93} INFO - [0m03:13:50  4 of 4 START sql view model twitter_kafka_pyspark_test.my_second_dbt_model ..... [RUN]
[2023-06-22T03:13:50.781+0000] {subprocess.py:93} INFO - [0m03:13:50  1 of 4 OK created sql table model twitter_kafka_pyspark_test.distinct_data ..... [[32mCREATE TABLE (1.1k rows, 638.3 KiB processed)[0m in 2.79s]
[2023-06-22T03:13:51.832+0000] {subprocess.py:93} INFO - [0m03:13:51  4 of 4 OK created sql view model twitter_kafka_pyspark_test.my_second_dbt_model  [[32mCREATE VIEW (0 processed)[0m in 1.10s]
[2023-06-22T03:13:51.899+0000] {subprocess.py:93} INFO - [0m03:13:51
[2023-06-22T03:13:51.901+0000] {subprocess.py:93} INFO - [0m03:13:51  Finished running 3 table models, 1 view model in 0 hours 0 minutes and 4.58 seconds (4.58s).
[2023-06-22T03:13:51.933+0000] {subprocess.py:93} INFO - [0m03:13:51
[2023-06-22T03:13:51.934+0000] {subprocess.py:93} INFO - [0m03:13:51  [32mCompleted successfully[0m
[2023-06-22T03:13:51.936+0000] {subprocess.py:93} INFO - [0m03:13:51
[2023-06-22T03:13:51.937+0000] {subprocess.py:93} INFO - [0m03:13:51  Done. PASS=4 WARN=0 ERROR=0 SKIP=0 TOTAL=4
[2023-06-22T03:13:52.327+0000] {subprocess.py:97} INFO - Command exited with return code 0
[2023-06-22T03:13:52.352+0000] {taskinstance.py:1332} INFO - Marking task as SUCCESS. dag_id=showpulse_dbt_dag, task_id=dbt_run, execution_date=20230622T031240, start_date=20230622T031345, end_date=20230622T031352
[2023-06-22T03:13:52.395+0000] {local_task_job.py:212} INFO - Task exited with return code 0
[2023-06-22T03:13:52.409+0000] {taskinstance.py:2596} INFO - 0 downstream tasks scheduled from follow-on schedule check
