[2023-06-21T04:35:12.390+0000] {taskinstance.py:1090} INFO - Dependencies all met for dep_context=non-requeueable deps ti=<TaskInstance: showpulse_dbt_dag.dbt_run scheduled__2023-06-21T04:34:07.329030+00:00 [queued]>
[2023-06-21T04:35:12.396+0000] {taskinstance.py:1090} INFO - Dependencies all met for dep_context=requeueable deps ti=<TaskInstance: showpulse_dbt_dag.dbt_run scheduled__2023-06-21T04:34:07.329030+00:00 [queued]>
[2023-06-21T04:35:12.397+0000] {taskinstance.py:1288} INFO - 
--------------------------------------------------------------------------------
[2023-06-21T04:35:12.397+0000] {taskinstance.py:1289} INFO - Starting attempt 1 of 1
[2023-06-21T04:35:12.398+0000] {taskinstance.py:1290} INFO - 
--------------------------------------------------------------------------------
[2023-06-21T04:35:12.406+0000] {taskinstance.py:1309} INFO - Executing <Task(BashOperator): dbt_run> on 2023-06-21 04:34:07.329030+00:00
[2023-06-21T04:35:12.410+0000] {standard_task_runner.py:55} INFO - Started process 2861 to run task
[2023-06-21T04:35:12.413+0000] {standard_task_runner.py:82} INFO - Running: ['***', 'tasks', 'run', 'showpulse_dbt_dag', 'dbt_run', 'scheduled__2023-06-21T04:34:07.329030+00:00', '--job-id', '638', '--raw', '--subdir', 'DAGS_FOLDER/dbt_run.py', '--cfg-path', '/tmp/tmpox9o7j1t']
[2023-06-21T04:35:12.414+0000] {standard_task_runner.py:83} INFO - Job 638: Subtask dbt_run
[2023-06-21T04:35:12.466+0000] {task_command.py:389} INFO - Running <TaskInstance: showpulse_dbt_dag.dbt_run scheduled__2023-06-21T04:34:07.329030+00:00 [running]> on host 62cfed75eae1
[2023-06-21T04:35:12.515+0000] {taskinstance.py:1518} INFO - Exporting the following env vars:
AIRFLOW_CTX_DAG_OWNER=nburkett
AIRFLOW_CTX_DAG_ID=showpulse_dbt_dag
AIRFLOW_CTX_TASK_ID=dbt_run
AIRFLOW_CTX_EXECUTION_DATE=2023-06-21T04:34:07.329030+00:00
AIRFLOW_CTX_TRY_NUMBER=1
AIRFLOW_CTX_DAG_RUN_ID=scheduled__2023-06-21T04:34:07.329030+00:00
[2023-06-21T04:35:12.516+0000] {subprocess.py:63} INFO - Tmp dir root location: 
 /tmp
[2023-06-21T04:35:12.517+0000] {subprocess.py:75} INFO - Running command: ['/bin/bash', '-c', 'cd /dbt/ticketmaster_transformation && dbt run']
[2023-06-21T04:35:12.525+0000] {subprocess.py:86} INFO - Output:
[2023-06-21T04:35:13.769+0000] {subprocess.py:93} INFO - [0m04:35:13  Running with dbt=1.5.1
[2023-06-21T04:35:14.325+0000] {subprocess.py:93} INFO - [0m04:35:14  Found 4 models, 0 tests, 0 snapshots, 0 analyses, 356 macros, 0 operations, 0 seed files, 3 sources, 0 exposures, 0 metrics, 0 groups
[2023-06-21T04:35:14.327+0000] {subprocess.py:93} INFO - [0m04:35:14
[2023-06-21T04:35:15.108+0000] {subprocess.py:93} INFO - [0m04:35:15  Concurrency: 4 threads (target='dev')
[2023-06-21T04:35:15.110+0000] {subprocess.py:93} INFO - [0m04:35:15
[2023-06-21T04:35:15.121+0000] {subprocess.py:93} INFO - [0m04:35:15  1 of 4 START sql table model twitter_kafka_pyspark_test.distinct_data .......... [RUN]
[2023-06-21T04:35:15.123+0000] {subprocess.py:93} INFO - [0m04:35:15  2 of 4 START sql table model twitter_kafka_pyspark_test.dm_events .............. [RUN]
[2023-06-21T04:35:15.124+0000] {subprocess.py:93} INFO - [0m04:35:15  3 of 4 START sql table model twitter_kafka_pyspark_test.my_first_dbt_model ..... [RUN]
[2023-06-21T04:35:18.422+0000] {subprocess.py:93} INFO - [0m04:35:18  3 of 4 OK created sql table model twitter_kafka_pyspark_test.my_first_dbt_model  [[32mCREATE TABLE (2.0 rows, 0 processed)[0m in 3.29s]
[2023-06-21T04:35:18.431+0000] {subprocess.py:93} INFO - [0m04:35:18  4 of 4 START sql view model twitter_kafka_pyspark_test.my_second_dbt_model ..... [RUN]
[2023-06-21T04:35:18.699+0000] {subprocess.py:93} INFO - [0m04:35:18  2 of 4 OK created sql table model twitter_kafka_pyspark_test.dm_events ......... [[32mCREATE TABLE (1.3k rows, 178.2 KiB processed)[0m in 3.57s]
[2023-06-21T04:35:19.228+0000] {subprocess.py:93} INFO - [0m04:35:19  1 of 4 OK created sql table model twitter_kafka_pyspark_test.distinct_data ..... [[32mCREATE TABLE (1.1k rows, 638.3 KiB processed)[0m in 4.10s]
[2023-06-21T04:35:19.426+0000] {subprocess.py:93} INFO - [0m04:35:19  4 of 4 OK created sql view model twitter_kafka_pyspark_test.my_second_dbt_model  [[32mCREATE VIEW (0 processed)[0m in 0.99s]
[2023-06-21T04:35:19.467+0000] {subprocess.py:93} INFO - [0m04:35:19
[2023-06-21T04:35:19.469+0000] {subprocess.py:93} INFO - [0m04:35:19  Finished running 3 table models, 1 view model in 0 hours 0 minutes and 5.14 seconds (5.14s).
[2023-06-21T04:35:19.503+0000] {subprocess.py:93} INFO - [0m04:35:19
[2023-06-21T04:35:19.504+0000] {subprocess.py:93} INFO - [0m04:35:19  [32mCompleted successfully[0m
[2023-06-21T04:35:19.506+0000] {subprocess.py:93} INFO - [0m04:35:19
[2023-06-21T04:35:19.507+0000] {subprocess.py:93} INFO - [0m04:35:19  Done. PASS=4 WARN=0 ERROR=0 SKIP=0 TOTAL=4
[2023-06-21T04:35:19.911+0000] {subprocess.py:97} INFO - Command exited with return code 0
[2023-06-21T04:35:19.934+0000] {taskinstance.py:1332} INFO - Marking task as SUCCESS. dag_id=showpulse_dbt_dag, task_id=dbt_run, execution_date=20230621T043407, start_date=20230621T043512, end_date=20230621T043519
[2023-06-21T04:35:19.956+0000] {local_task_job.py:212} INFO - Task exited with return code 0
[2023-06-21T04:35:19.969+0000] {taskinstance.py:2596} INFO - 0 downstream tasks scheduled from follow-on schedule check
