[2023-06-22T23:19:12.719+0000] {taskinstance.py:1090} INFO - Dependencies all met for dep_context=non-requeueable deps ti=<TaskInstance: showpulse_dbt_dag.dbt_run scheduled__2023-06-22T23:18:08.440263+00:00 [queued]>
[2023-06-22T23:19:12.725+0000] {taskinstance.py:1090} INFO - Dependencies all met for dep_context=requeueable deps ti=<TaskInstance: showpulse_dbt_dag.dbt_run scheduled__2023-06-22T23:18:08.440263+00:00 [queued]>
[2023-06-22T23:19:12.726+0000] {taskinstance.py:1288} INFO - 
--------------------------------------------------------------------------------
[2023-06-22T23:19:12.726+0000] {taskinstance.py:1289} INFO - Starting attempt 1 of 1
[2023-06-22T23:19:12.727+0000] {taskinstance.py:1290} INFO - 
--------------------------------------------------------------------------------
[2023-06-22T23:19:12.734+0000] {taskinstance.py:1309} INFO - Executing <Task(BashOperator): dbt_run> on 2023-06-22 23:18:08.440263+00:00
[2023-06-22T23:19:12.738+0000] {standard_task_runner.py:55} INFO - Started process 19111 to run task
[2023-06-22T23:19:12.741+0000] {standard_task_runner.py:82} INFO - Running: ['***', 'tasks', 'run', 'showpulse_dbt_dag', 'dbt_run', 'scheduled__2023-06-22T23:18:08.440263+00:00', '--job-id', '2202', '--raw', '--subdir', 'DAGS_FOLDER/dbt_run.py', '--cfg-path', '/tmp/tmp_6yam0hw']
[2023-06-22T23:19:12.742+0000] {standard_task_runner.py:83} INFO - Job 2202: Subtask dbt_run
[2023-06-22T23:19:12.804+0000] {task_command.py:389} INFO - Running <TaskInstance: showpulse_dbt_dag.dbt_run scheduled__2023-06-22T23:18:08.440263+00:00 [running]> on host 62cfed75eae1
[2023-06-22T23:19:12.857+0000] {taskinstance.py:1518} INFO - Exporting the following env vars:
AIRFLOW_CTX_DAG_OWNER=nburkett
AIRFLOW_CTX_DAG_ID=showpulse_dbt_dag
AIRFLOW_CTX_TASK_ID=dbt_run
AIRFLOW_CTX_EXECUTION_DATE=2023-06-22T23:18:08.440263+00:00
AIRFLOW_CTX_TRY_NUMBER=1
AIRFLOW_CTX_DAG_RUN_ID=scheduled__2023-06-22T23:18:08.440263+00:00
[2023-06-22T23:19:12.858+0000] {subprocess.py:63} INFO - Tmp dir root location: 
 /tmp
[2023-06-22T23:19:12.859+0000] {subprocess.py:75} INFO - Running command: ['/bin/bash', '-c', 'cd /dbt/ticketmaster_transformation && dbt run']
[2023-06-22T23:19:12.869+0000] {subprocess.py:86} INFO - Output:
[2023-06-22T23:19:14.612+0000] {subprocess.py:93} INFO - [0m23:19:14  Running with dbt=1.5.1
[2023-06-22T23:19:15.079+0000] {subprocess.py:93} INFO - [0m23:19:15  Found 4 models, 0 tests, 0 snapshots, 0 analyses, 356 macros, 0 operations, 0 seed files, 3 sources, 0 exposures, 0 metrics, 0 groups
[2023-06-22T23:19:15.081+0000] {subprocess.py:93} INFO - [0m23:19:15
[2023-06-22T23:19:15.877+0000] {subprocess.py:93} INFO - [0m23:19:15  Concurrency: 4 threads (target='dev')
[2023-06-22T23:19:15.879+0000] {subprocess.py:93} INFO - [0m23:19:15
[2023-06-22T23:19:15.894+0000] {subprocess.py:93} INFO - [0m23:19:15  1 of 4 START sql table model twitter_kafka_pyspark_test.distinct_data .......... [RUN]
[2023-06-22T23:19:15.896+0000] {subprocess.py:93} INFO - [0m23:19:15  2 of 4 START sql table model twitter_kafka_pyspark_test.dm_events .............. [RUN]
[2023-06-22T23:19:15.898+0000] {subprocess.py:93} INFO - [0m23:19:15  3 of 4 START sql table model twitter_kafka_pyspark_test.my_first_dbt_model ..... [RUN]
[2023-06-22T23:19:18.658+0000] {subprocess.py:93} INFO - [0m23:19:18  2 of 4 OK created sql table model twitter_kafka_pyspark_test.dm_events ......... [[32mCREATE TABLE (1.3k rows, 178.2 KiB processed)[0m in 2.75s]
[2023-06-22T23:19:18.742+0000] {subprocess.py:93} INFO - [0m23:19:18  3 of 4 OK created sql table model twitter_kafka_pyspark_test.my_first_dbt_model  [[32mCREATE TABLE (2.0 rows, 0 processed)[0m in 2.84s]
[2023-06-22T23:19:18.749+0000] {subprocess.py:93} INFO - [0m23:19:18  4 of 4 START sql view model twitter_kafka_pyspark_test.my_second_dbt_model ..... [RUN]
[2023-06-22T23:19:19.158+0000] {subprocess.py:93} INFO - [0m23:19:19  1 of 4 OK created sql table model twitter_kafka_pyspark_test.distinct_data ..... [[32mCREATE TABLE (1.1k rows, 638.3 KiB processed)[0m in 3.26s]
[2023-06-22T23:19:19.550+0000] {subprocess.py:93} INFO - [0m23:19:19  4 of 4 OK created sql view model twitter_kafka_pyspark_test.my_second_dbt_model  [[32mCREATE VIEW (0 processed)[0m in 0.79s]
[2023-06-22T23:19:19.624+0000] {subprocess.py:93} INFO - [0m23:19:19
[2023-06-22T23:19:19.626+0000] {subprocess.py:93} INFO - [0m23:19:19  Finished running 3 table models, 1 view model in 0 hours 0 minutes and 4.54 seconds (4.54s).
[2023-06-22T23:19:19.651+0000] {subprocess.py:93} INFO - [0m23:19:19
[2023-06-22T23:19:19.653+0000] {subprocess.py:93} INFO - [0m23:19:19  [32mCompleted successfully[0m
[2023-06-22T23:19:19.654+0000] {subprocess.py:93} INFO - [0m23:19:19
[2023-06-22T23:19:19.658+0000] {subprocess.py:93} INFO - [0m23:19:19  Done. PASS=4 WARN=0 ERROR=0 SKIP=0 TOTAL=4
[2023-06-22T23:19:20.112+0000] {subprocess.py:97} INFO - Command exited with return code 0
[2023-06-22T23:19:20.139+0000] {taskinstance.py:1332} INFO - Marking task as SUCCESS. dag_id=showpulse_dbt_dag, task_id=dbt_run, execution_date=20230622T231808, start_date=20230622T231912, end_date=20230622T231920
[2023-06-22T23:19:20.163+0000] {local_task_job.py:212} INFO - Task exited with return code 0
[2023-06-22T23:19:20.178+0000] {taskinstance.py:2596} INFO - 0 downstream tasks scheduled from follow-on schedule check
