[2023-06-20T01:19:03.829+0000] {taskinstance.py:1090} INFO - Dependencies all met for dep_context=non-requeueable deps ti=<TaskInstance: showpulse_dbt_dag.dbt_run scheduled__2023-06-20T01:17:59.130209+00:00 [queued]>
[2023-06-20T01:19:03.836+0000] {taskinstance.py:1090} INFO - Dependencies all met for dep_context=requeueable deps ti=<TaskInstance: showpulse_dbt_dag.dbt_run scheduled__2023-06-20T01:17:59.130209+00:00 [queued]>
[2023-06-20T01:19:03.836+0000] {taskinstance.py:1288} INFO - 
--------------------------------------------------------------------------------
[2023-06-20T01:19:03.837+0000] {taskinstance.py:1289} INFO - Starting attempt 1 of 1
[2023-06-20T01:19:03.838+0000] {taskinstance.py:1290} INFO - 
--------------------------------------------------------------------------------
[2023-06-20T01:19:03.846+0000] {taskinstance.py:1309} INFO - Executing <Task(BashOperator): dbt_run> on 2023-06-20 01:17:59.130209+00:00
[2023-06-20T01:19:03.850+0000] {standard_task_runner.py:55} INFO - Started process 650 to run task
[2023-06-20T01:19:03.854+0000] {standard_task_runner.py:82} INFO - Running: ['***', 'tasks', 'run', 'showpulse_dbt_dag', 'dbt_run', 'scheduled__2023-06-20T01:17:59.130209+00:00', '--job-id', '372', '--raw', '--subdir', 'DAGS_FOLDER/dbt_run.py', '--cfg-path', '/tmp/tmp0rj0x_kh']
[2023-06-20T01:19:03.855+0000] {standard_task_runner.py:83} INFO - Job 372: Subtask dbt_run
[2023-06-20T01:19:03.917+0000] {task_command.py:389} INFO - Running <TaskInstance: showpulse_dbt_dag.dbt_run scheduled__2023-06-20T01:17:59.130209+00:00 [running]> on host 62cfed75eae1
[2023-06-20T01:19:03.992+0000] {taskinstance.py:1518} INFO - Exporting the following env vars:
AIRFLOW_CTX_DAG_OWNER=nburkett
AIRFLOW_CTX_DAG_ID=showpulse_dbt_dag
AIRFLOW_CTX_TASK_ID=dbt_run
AIRFLOW_CTX_EXECUTION_DATE=2023-06-20T01:17:59.130209+00:00
AIRFLOW_CTX_TRY_NUMBER=1
AIRFLOW_CTX_DAG_RUN_ID=scheduled__2023-06-20T01:17:59.130209+00:00
[2023-06-20T01:19:03.994+0000] {subprocess.py:63} INFO - Tmp dir root location: 
 /tmp
[2023-06-20T01:19:03.995+0000] {subprocess.py:75} INFO - Running command: ['/bin/bash', '-c', 'cd /dbt/ticketmaster_transformation && dbt run']
[2023-06-20T01:19:04.004+0000] {subprocess.py:86} INFO - Output:
[2023-06-20T01:19:05.482+0000] {subprocess.py:93} INFO - [0m01:19:05  Running with dbt=1.5.1
[2023-06-20T01:19:06.083+0000] {subprocess.py:93} INFO - [0m01:19:06  Found 4 models, 0 tests, 0 snapshots, 0 analyses, 356 macros, 0 operations, 0 seed files, 3 sources, 0 exposures, 0 metrics, 0 groups
[2023-06-20T01:19:06.086+0000] {subprocess.py:93} INFO - [0m01:19:06
[2023-06-20T01:19:06.967+0000] {subprocess.py:93} INFO - [0m01:19:06  Concurrency: 4 threads (target='dev')
[2023-06-20T01:19:06.969+0000] {subprocess.py:93} INFO - [0m01:19:06
[2023-06-20T01:19:06.980+0000] {subprocess.py:93} INFO - [0m01:19:06  1 of 4 START sql table model twitter_kafka_pyspark_test.distinct_data .......... [RUN]
[2023-06-20T01:19:06.982+0000] {subprocess.py:93} INFO - [0m01:19:06  2 of 4 START sql table model twitter_kafka_pyspark_test.dm_events .............. [RUN]
[2023-06-20T01:19:06.983+0000] {subprocess.py:93} INFO - [0m01:19:06  3 of 4 START sql table model twitter_kafka_pyspark_test.my_first_dbt_model ..... [RUN]
[2023-06-20T01:19:09.751+0000] {subprocess.py:93} INFO - [0m01:19:09  3 of 4 OK created sql table model twitter_kafka_pyspark_test.my_first_dbt_model  [[32mCREATE TABLE (2.0 rows, 0 processed)[0m in 2.76s]
[2023-06-20T01:19:09.759+0000] {subprocess.py:93} INFO - [0m01:19:09  4 of 4 START sql view model twitter_kafka_pyspark_test.my_second_dbt_model ..... [RUN]
[2023-06-20T01:19:10.026+0000] {subprocess.py:93} INFO - [0m01:19:10  1 of 4 OK created sql table model twitter_kafka_pyspark_test.distinct_data ..... [[32mCREATE TABLE (868.0 rows, 535.9 KiB processed)[0m in 3.04s]
[2023-06-20T01:19:10.494+0000] {subprocess.py:93} INFO - [0m01:19:10  2 of 4 OK created sql table model twitter_kafka_pyspark_test.dm_events ......... [[32mCREATE TABLE (1.1k rows, 155.4 KiB processed)[0m in 3.50s]
[2023-06-20T01:19:10.825+0000] {subprocess.py:93} INFO - [0m01:19:10  4 of 4 OK created sql view model twitter_kafka_pyspark_test.my_second_dbt_model  [[32mCREATE VIEW (0 processed)[0m in 1.06s]
[2023-06-20T01:19:10.863+0000] {subprocess.py:93} INFO - [0m01:19:10
[2023-06-20T01:19:10.866+0000] {subprocess.py:93} INFO - [0m01:19:10  Finished running 3 table models, 1 view model in 0 hours 0 minutes and 4.77 seconds (4.77s).
[2023-06-20T01:19:10.896+0000] {subprocess.py:93} INFO - [0m01:19:10
[2023-06-20T01:19:10.897+0000] {subprocess.py:93} INFO - [0m01:19:10  [32mCompleted successfully[0m
[2023-06-20T01:19:10.899+0000] {subprocess.py:93} INFO - [0m01:19:10
[2023-06-20T01:19:10.900+0000] {subprocess.py:93} INFO - [0m01:19:10  Done. PASS=4 WARN=0 ERROR=0 SKIP=0 TOTAL=4
[2023-06-20T01:19:11.358+0000] {subprocess.py:97} INFO - Command exited with return code 0
[2023-06-20T01:19:11.387+0000] {taskinstance.py:1332} INFO - Marking task as SUCCESS. dag_id=showpulse_dbt_dag, task_id=dbt_run, execution_date=20230620T011759, start_date=20230620T011903, end_date=20230620T011911
[2023-06-20T01:19:11.418+0000] {local_task_job.py:212} INFO - Task exited with return code 0
[2023-06-20T01:19:11.435+0000] {taskinstance.py:2596} INFO - 0 downstream tasks scheduled from follow-on schedule check
