[2023-06-22T00:22:23.653+0000] {taskinstance.py:1090} INFO - Dependencies all met for dep_context=non-requeueable deps ti=<TaskInstance: showpulse_dbt_dag.dbt_run scheduled__2023-06-22T00:21:19.542692+00:00 [queued]>
[2023-06-22T00:22:23.660+0000] {taskinstance.py:1090} INFO - Dependencies all met for dep_context=requeueable deps ti=<TaskInstance: showpulse_dbt_dag.dbt_run scheduled__2023-06-22T00:21:19.542692+00:00 [queued]>
[2023-06-22T00:22:23.660+0000] {taskinstance.py:1288} INFO - 
--------------------------------------------------------------------------------
[2023-06-22T00:22:23.661+0000] {taskinstance.py:1289} INFO - Starting attempt 1 of 1
[2023-06-22T00:22:23.661+0000] {taskinstance.py:1290} INFO - 
--------------------------------------------------------------------------------
[2023-06-22T00:22:23.669+0000] {taskinstance.py:1309} INFO - Executing <Task(BashOperator): dbt_run> on 2023-06-22 00:21:19.542692+00:00
[2023-06-22T00:22:23.673+0000] {standard_task_runner.py:55} INFO - Started process 10008 to run task
[2023-06-22T00:22:23.676+0000] {standard_task_runner.py:82} INFO - Running: ['***', 'tasks', 'run', 'showpulse_dbt_dag', 'dbt_run', 'scheduled__2023-06-22T00:21:19.542692+00:00', '--job-id', '1342', '--raw', '--subdir', 'DAGS_FOLDER/dbt_run.py', '--cfg-path', '/tmp/tmp87p2b19o']
[2023-06-22T00:22:23.677+0000] {standard_task_runner.py:83} INFO - Job 1342: Subtask dbt_run
[2023-06-22T00:22:23.729+0000] {task_command.py:389} INFO - Running <TaskInstance: showpulse_dbt_dag.dbt_run scheduled__2023-06-22T00:21:19.542692+00:00 [running]> on host 62cfed75eae1
[2023-06-22T00:22:23.779+0000] {taskinstance.py:1518} INFO - Exporting the following env vars:
AIRFLOW_CTX_DAG_OWNER=nburkett
AIRFLOW_CTX_DAG_ID=showpulse_dbt_dag
AIRFLOW_CTX_TASK_ID=dbt_run
AIRFLOW_CTX_EXECUTION_DATE=2023-06-22T00:21:19.542692+00:00
AIRFLOW_CTX_TRY_NUMBER=1
AIRFLOW_CTX_DAG_RUN_ID=scheduled__2023-06-22T00:21:19.542692+00:00
[2023-06-22T00:22:23.780+0000] {subprocess.py:63} INFO - Tmp dir root location: 
 /tmp
[2023-06-22T00:22:23.781+0000] {subprocess.py:75} INFO - Running command: ['/bin/bash', '-c', 'cd /dbt/ticketmaster_transformation && dbt run']
[2023-06-22T00:22:23.789+0000] {subprocess.py:86} INFO - Output:
[2023-06-22T00:22:24.996+0000] {subprocess.py:93} INFO - [0m00:22:24  Running with dbt=1.5.1
[2023-06-22T00:22:25.450+0000] {subprocess.py:93} INFO - [0m00:22:25  Found 4 models, 0 tests, 0 snapshots, 0 analyses, 356 macros, 0 operations, 0 seed files, 3 sources, 0 exposures, 0 metrics, 0 groups
[2023-06-22T00:22:25.452+0000] {subprocess.py:93} INFO - [0m00:22:25
[2023-06-22T00:22:26.127+0000] {subprocess.py:93} INFO - [0m00:22:26  Concurrency: 4 threads (target='dev')
[2023-06-22T00:22:26.128+0000] {subprocess.py:93} INFO - [0m00:22:26
[2023-06-22T00:22:26.138+0000] {subprocess.py:93} INFO - [0m00:22:26  1 of 4 START sql table model twitter_kafka_pyspark_test.distinct_data .......... [RUN]
[2023-06-22T00:22:26.142+0000] {subprocess.py:93} INFO - [0m00:22:26  3 of 4 START sql table model twitter_kafka_pyspark_test.my_first_dbt_model ..... [RUN]
[2023-06-22T00:22:26.144+0000] {subprocess.py:93} INFO - [0m00:22:26  2 of 4 START sql table model twitter_kafka_pyspark_test.dm_events .............. [RUN]
[2023-06-22T00:22:28.734+0000] {subprocess.py:93} INFO - [0m00:22:28  2 of 4 OK created sql table model twitter_kafka_pyspark_test.dm_events ......... [[32mCREATE TABLE (1.3k rows, 178.2 KiB processed)[0m in 2.58s]
[2023-06-22T00:22:28.739+0000] {subprocess.py:93} INFO - [0m00:22:28  1 of 4 OK created sql table model twitter_kafka_pyspark_test.distinct_data ..... [[32mCREATE TABLE (1.1k rows, 638.3 KiB processed)[0m in 2.60s]
[2023-06-22T00:22:28.749+0000] {subprocess.py:93} INFO - [0m00:22:28  3 of 4 OK created sql table model twitter_kafka_pyspark_test.my_first_dbt_model  [[32mCREATE TABLE (2.0 rows, 0 processed)[0m in 2.60s]
[2023-06-22T00:22:28.753+0000] {subprocess.py:93} INFO - [0m00:22:28  4 of 4 START sql view model twitter_kafka_pyspark_test.my_second_dbt_model ..... [RUN]
[2023-06-22T00:22:29.496+0000] {subprocess.py:93} INFO - [0m00:22:29  4 of 4 OK created sql view model twitter_kafka_pyspark_test.my_second_dbt_model  [[32mCREATE VIEW (0 processed)[0m in 0.74s]
[2023-06-22T00:22:29.620+0000] {subprocess.py:93} INFO - [0m00:22:29
[2023-06-22T00:22:29.621+0000] {subprocess.py:93} INFO - [0m00:22:29  Finished running 3 table models, 1 view model in 0 hours 0 minutes and 4.17 seconds (4.17s).
[2023-06-22T00:22:29.643+0000] {subprocess.py:93} INFO - [0m00:22:29
[2023-06-22T00:22:29.650+0000] {subprocess.py:93} INFO - [0m00:22:29  [32mCompleted successfully[0m
[2023-06-22T00:22:29.652+0000] {subprocess.py:93} INFO - [0m00:22:29
[2023-06-22T00:22:29.657+0000] {subprocess.py:93} INFO - [0m00:22:29  Done. PASS=4 WARN=0 ERROR=0 SKIP=0 TOTAL=4
[2023-06-22T00:22:30.144+0000] {subprocess.py:97} INFO - Command exited with return code 0
[2023-06-22T00:22:30.171+0000] {taskinstance.py:1332} INFO - Marking task as SUCCESS. dag_id=showpulse_dbt_dag, task_id=dbt_run, execution_date=20230622T002119, start_date=20230622T002223, end_date=20230622T002230
[2023-06-22T00:22:30.198+0000] {local_task_job.py:212} INFO - Task exited with return code 0
[2023-06-22T00:22:30.213+0000] {taskinstance.py:2596} INFO - 0 downstream tasks scheduled from follow-on schedule check
