[2023-06-22T00:08:23.984+0000] {taskinstance.py:1090} INFO - Dependencies all met for dep_context=non-requeueable deps ti=<TaskInstance: showpulse_dbt_dag.dbt_run scheduled__2023-06-22T00:07:19.542692+00:00 [queued]>
[2023-06-22T00:08:23.990+0000] {taskinstance.py:1090} INFO - Dependencies all met for dep_context=requeueable deps ti=<TaskInstance: showpulse_dbt_dag.dbt_run scheduled__2023-06-22T00:07:19.542692+00:00 [queued]>
[2023-06-22T00:08:23.991+0000] {taskinstance.py:1288} INFO - 
--------------------------------------------------------------------------------
[2023-06-22T00:08:23.991+0000] {taskinstance.py:1289} INFO - Starting attempt 1 of 1
[2023-06-22T00:08:23.992+0000] {taskinstance.py:1290} INFO - 
--------------------------------------------------------------------------------
[2023-06-22T00:08:24.000+0000] {taskinstance.py:1309} INFO - Executing <Task(BashOperator): dbt_run> on 2023-06-22 00:07:19.542692+00:00
[2023-06-22T00:08:24.004+0000] {standard_task_runner.py:55} INFO - Started process 9304 to run task
[2023-06-22T00:08:24.007+0000] {standard_task_runner.py:82} INFO - Running: ['***', 'tasks', 'run', 'showpulse_dbt_dag', 'dbt_run', 'scheduled__2023-06-22T00:07:19.542692+00:00', '--job-id', '1286', '--raw', '--subdir', 'DAGS_FOLDER/dbt_run.py', '--cfg-path', '/tmp/tmpk_ilw5dj']
[2023-06-22T00:08:24.008+0000] {standard_task_runner.py:83} INFO - Job 1286: Subtask dbt_run
[2023-06-22T00:08:24.067+0000] {task_command.py:389} INFO - Running <TaskInstance: showpulse_dbt_dag.dbt_run scheduled__2023-06-22T00:07:19.542692+00:00 [running]> on host 62cfed75eae1
[2023-06-22T00:08:24.122+0000] {taskinstance.py:1518} INFO - Exporting the following env vars:
AIRFLOW_CTX_DAG_OWNER=nburkett
AIRFLOW_CTX_DAG_ID=showpulse_dbt_dag
AIRFLOW_CTX_TASK_ID=dbt_run
AIRFLOW_CTX_EXECUTION_DATE=2023-06-22T00:07:19.542692+00:00
AIRFLOW_CTX_TRY_NUMBER=1
AIRFLOW_CTX_DAG_RUN_ID=scheduled__2023-06-22T00:07:19.542692+00:00
[2023-06-22T00:08:24.124+0000] {subprocess.py:63} INFO - Tmp dir root location: 
 /tmp
[2023-06-22T00:08:24.125+0000] {subprocess.py:75} INFO - Running command: ['/bin/bash', '-c', 'cd /dbt/ticketmaster_transformation && dbt run']
[2023-06-22T00:08:24.132+0000] {subprocess.py:86} INFO - Output:
[2023-06-22T00:08:25.331+0000] {subprocess.py:93} INFO - [0m00:08:25  Running with dbt=1.5.1
[2023-06-22T00:08:25.779+0000] {subprocess.py:93} INFO - [0m00:08:25  Found 4 models, 0 tests, 0 snapshots, 0 analyses, 356 macros, 0 operations, 0 seed files, 3 sources, 0 exposures, 0 metrics, 0 groups
[2023-06-22T00:08:25.782+0000] {subprocess.py:93} INFO - [0m00:08:25
[2023-06-22T00:08:26.536+0000] {subprocess.py:93} INFO - [0m00:08:26  Concurrency: 4 threads (target='dev')
[2023-06-22T00:08:26.539+0000] {subprocess.py:93} INFO - [0m00:08:26
[2023-06-22T00:08:26.554+0000] {subprocess.py:93} INFO - [0m00:08:26  1 of 4 START sql table model twitter_kafka_pyspark_test.distinct_data .......... [RUN]
[2023-06-22T00:08:26.556+0000] {subprocess.py:93} INFO - [0m00:08:26  2 of 4 START sql table model twitter_kafka_pyspark_test.dm_events .............. [RUN]
[2023-06-22T00:08:26.566+0000] {subprocess.py:93} INFO - [0m00:08:26  3 of 4 START sql table model twitter_kafka_pyspark_test.my_first_dbt_model ..... [RUN]
[2023-06-22T00:08:29.119+0000] {subprocess.py:93} INFO - [0m00:08:29  3 of 4 OK created sql table model twitter_kafka_pyspark_test.my_first_dbt_model  [[32mCREATE TABLE (2.0 rows, 0 processed)[0m in 2.55s]
[2023-06-22T00:08:29.123+0000] {subprocess.py:93} INFO - [0m00:08:29  4 of 4 START sql view model twitter_kafka_pyspark_test.my_second_dbt_model ..... [RUN]
[2023-06-22T00:08:29.408+0000] {subprocess.py:93} INFO - [0m00:08:29  2 of 4 OK created sql table model twitter_kafka_pyspark_test.dm_events ......... [[32mCREATE TABLE (1.3k rows, 178.2 KiB processed)[0m in 2.85s]
[2023-06-22T00:08:29.731+0000] {subprocess.py:93} INFO - [0m00:08:29  1 of 4 OK created sql table model twitter_kafka_pyspark_test.distinct_data ..... [[32mCREATE TABLE (1.1k rows, 638.3 KiB processed)[0m in 3.17s]
[2023-06-22T00:08:30.055+0000] {subprocess.py:93} INFO - [0m00:08:30  4 of 4 OK created sql view model twitter_kafka_pyspark_test.my_second_dbt_model  [[32mCREATE VIEW (0 processed)[0m in 0.93s]
[2023-06-22T00:08:30.148+0000] {subprocess.py:93} INFO - [0m00:08:30
[2023-06-22T00:08:30.151+0000] {subprocess.py:93} INFO - [0m00:08:30  Finished running 3 table models, 1 view model in 0 hours 0 minutes and 4.36 seconds (4.36s).
[2023-06-22T00:08:30.184+0000] {subprocess.py:93} INFO - [0m00:08:30
[2023-06-22T00:08:30.187+0000] {subprocess.py:93} INFO - [0m00:08:30  [32mCompleted successfully[0m
[2023-06-22T00:08:30.189+0000] {subprocess.py:93} INFO - [0m00:08:30
[2023-06-22T00:08:30.190+0000] {subprocess.py:93} INFO - [0m00:08:30  Done. PASS=4 WARN=0 ERROR=0 SKIP=0 TOTAL=4
[2023-06-22T00:08:30.585+0000] {subprocess.py:97} INFO - Command exited with return code 0
[2023-06-22T00:08:30.608+0000] {taskinstance.py:1332} INFO - Marking task as SUCCESS. dag_id=showpulse_dbt_dag, task_id=dbt_run, execution_date=20230622T000719, start_date=20230622T000823, end_date=20230622T000830
[2023-06-22T00:08:30.659+0000] {local_task_job.py:212} INFO - Task exited with return code 0
[2023-06-22T00:08:30.672+0000] {taskinstance.py:2596} INFO - 0 downstream tasks scheduled from follow-on schedule check
