[2023-06-22T21:48:29.342+0000] {taskinstance.py:1090} INFO - Dependencies all met for dep_context=non-requeueable deps ti=<TaskInstance: showpulse_dbt_dag.dbt_run scheduled__2023-06-22T21:39:45.453669+00:00 [queued]>
[2023-06-22T21:48:29.349+0000] {taskinstance.py:1090} INFO - Dependencies all met for dep_context=requeueable deps ti=<TaskInstance: showpulse_dbt_dag.dbt_run scheduled__2023-06-22T21:39:45.453669+00:00 [queued]>
[2023-06-22T21:48:29.349+0000] {taskinstance.py:1288} INFO - 
--------------------------------------------------------------------------------
[2023-06-22T21:48:29.350+0000] {taskinstance.py:1289} INFO - Starting attempt 1 of 1
[2023-06-22T21:48:29.350+0000] {taskinstance.py:1290} INFO - 
--------------------------------------------------------------------------------
[2023-06-22T21:48:29.359+0000] {taskinstance.py:1309} INFO - Executing <Task(BashOperator): dbt_run> on 2023-06-22 21:39:45.453669+00:00
[2023-06-22T21:48:29.362+0000] {standard_task_runner.py:55} INFO - Started process 18714 to run task
[2023-06-22T21:48:29.366+0000] {standard_task_runner.py:82} INFO - Running: ['***', 'tasks', 'run', 'showpulse_dbt_dag', 'dbt_run', 'scheduled__2023-06-22T21:39:45.453669+00:00', '--job-id', '2158', '--raw', '--subdir', 'DAGS_FOLDER/dbt_run.py', '--cfg-path', '/tmp/tmpi1vroiys']
[2023-06-22T21:48:29.367+0000] {standard_task_runner.py:83} INFO - Job 2158: Subtask dbt_run
[2023-06-22T21:48:29.422+0000] {task_command.py:389} INFO - Running <TaskInstance: showpulse_dbt_dag.dbt_run scheduled__2023-06-22T21:39:45.453669+00:00 [running]> on host 62cfed75eae1
[2023-06-22T21:48:29.476+0000] {taskinstance.py:1518} INFO - Exporting the following env vars:
AIRFLOW_CTX_DAG_OWNER=nburkett
AIRFLOW_CTX_DAG_ID=showpulse_dbt_dag
AIRFLOW_CTX_TASK_ID=dbt_run
AIRFLOW_CTX_EXECUTION_DATE=2023-06-22T21:39:45.453669+00:00
AIRFLOW_CTX_TRY_NUMBER=1
AIRFLOW_CTX_DAG_RUN_ID=scheduled__2023-06-22T21:39:45.453669+00:00
[2023-06-22T21:48:29.479+0000] {subprocess.py:63} INFO - Tmp dir root location: 
 /tmp
[2023-06-22T21:48:29.480+0000] {subprocess.py:75} INFO - Running command: ['/bin/bash', '-c', 'cd /dbt/ticketmaster_transformation && dbt run']
[2023-06-22T21:48:29.494+0000] {subprocess.py:86} INFO - Output:
[2023-06-22T21:48:30.815+0000] {subprocess.py:93} INFO - [0m21:48:30  Running with dbt=1.5.1
[2023-06-22T21:48:31.380+0000] {subprocess.py:93} INFO - [0m21:48:31  Found 4 models, 0 tests, 0 snapshots, 0 analyses, 356 macros, 0 operations, 0 seed files, 3 sources, 0 exposures, 0 metrics, 0 groups
[2023-06-22T21:48:31.383+0000] {subprocess.py:93} INFO - [0m21:48:31
[2023-06-22T21:48:32.118+0000] {subprocess.py:93} INFO - [0m21:48:32  Concurrency: 4 threads (target='dev')
[2023-06-22T21:48:32.121+0000] {subprocess.py:93} INFO - [0m21:48:32
[2023-06-22T21:48:32.138+0000] {subprocess.py:93} INFO - [0m21:48:32  1 of 4 START sql table model twitter_kafka_pyspark_test.distinct_data .......... [RUN]
[2023-06-22T21:48:32.140+0000] {subprocess.py:93} INFO - [0m21:48:32  2 of 4 START sql table model twitter_kafka_pyspark_test.dm_events .............. [RUN]
[2023-06-22T21:48:32.143+0000] {subprocess.py:93} INFO - [0m21:48:32  3 of 4 START sql table model twitter_kafka_pyspark_test.my_first_dbt_model ..... [RUN]
[2023-06-22T21:48:50.000+0000] {subprocess.py:93} INFO - [0m21:48:49  1 of 4 OK created sql table model twitter_kafka_pyspark_test.distinct_data ..... [[32mCREATE TABLE (1.1k rows, 638.3 KiB processed)[0m in 17.85s]
[2023-06-22T21:48:50.141+0000] {subprocess.py:93} INFO - [0m21:48:50  2 of 4 OK created sql table model twitter_kafka_pyspark_test.dm_events ......... [[32mCREATE TABLE (1.3k rows, 178.2 KiB processed)[0m in 17.99s]
[2023-06-22T21:48:50.272+0000] {subprocess.py:93} INFO - [0m21:48:50  3 of 4 OK created sql table model twitter_kafka_pyspark_test.my_first_dbt_model  [[32mCREATE TABLE (2.0 rows, 0 processed)[0m in 18.12s]
[2023-06-22T21:48:50.281+0000] {subprocess.py:93} INFO - [0m21:48:50  4 of 4 START sql view model twitter_kafka_pyspark_test.my_second_dbt_model ..... [RUN]
[2023-06-22T21:48:51.303+0000] {subprocess.py:93} INFO - [0m21:48:51  4 of 4 OK created sql view model twitter_kafka_pyspark_test.my_second_dbt_model  [[32mCREATE VIEW (0 processed)[0m in 1.02s]
[2023-06-22T21:48:51.360+0000] {subprocess.py:93} INFO - [0m21:48:51
[2023-06-22T21:48:51.363+0000] {subprocess.py:93} INFO - [0m21:48:51  Finished running 3 table models, 1 view model in 0 hours 0 minutes and 19.98 seconds (19.98s).
[2023-06-22T21:48:51.394+0000] {subprocess.py:93} INFO - [0m21:48:51
[2023-06-22T21:48:51.396+0000] {subprocess.py:93} INFO - [0m21:48:51  [32mCompleted successfully[0m
[2023-06-22T21:48:51.397+0000] {subprocess.py:93} INFO - [0m21:48:51
[2023-06-22T21:48:51.398+0000] {subprocess.py:93} INFO - [0m21:48:51  Done. PASS=4 WARN=0 ERROR=0 SKIP=0 TOTAL=4
[2023-06-22T21:48:51.915+0000] {subprocess.py:97} INFO - Command exited with return code 0
[2023-06-22T21:48:51.947+0000] {taskinstance.py:1332} INFO - Marking task as SUCCESS. dag_id=showpulse_dbt_dag, task_id=dbt_run, execution_date=20230622T213945, start_date=20230622T214829, end_date=20230622T214851
[2023-06-22T21:48:51.996+0000] {local_task_job.py:212} INFO - Task exited with return code 0
[2023-06-22T21:48:52.011+0000] {taskinstance.py:2596} INFO - 0 downstream tasks scheduled from follow-on schedule check
