[2023-06-22T12:02:12.909+0000] {taskinstance.py:1090} INFO - Dependencies all met for dep_context=non-requeueable deps ti=<TaskInstance: showpulse_dbt_dag.dbt_run scheduled__2023-06-22T12:01:08.287317+00:00 [queued]>
[2023-06-22T12:02:12.915+0000] {taskinstance.py:1090} INFO - Dependencies all met for dep_context=requeueable deps ti=<TaskInstance: showpulse_dbt_dag.dbt_run scheduled__2023-06-22T12:01:08.287317+00:00 [queued]>
[2023-06-22T12:02:12.915+0000] {taskinstance.py:1288} INFO - 
--------------------------------------------------------------------------------
[2023-06-22T12:02:12.916+0000] {taskinstance.py:1289} INFO - Starting attempt 1 of 1
[2023-06-22T12:02:12.916+0000] {taskinstance.py:1290} INFO - 
--------------------------------------------------------------------------------
[2023-06-22T12:02:12.924+0000] {taskinstance.py:1309} INFO - Executing <Task(BashOperator): dbt_run> on 2023-06-22 12:01:08.287317+00:00
[2023-06-22T12:02:12.928+0000] {standard_task_runner.py:55} INFO - Started process 16087 to run task
[2023-06-22T12:02:12.931+0000] {standard_task_runner.py:82} INFO - Running: ['***', 'tasks', 'run', 'showpulse_dbt_dag', 'dbt_run', 'scheduled__2023-06-22T12:01:08.287317+00:00', '--job-id', '1866', '--raw', '--subdir', 'DAGS_FOLDER/dbt_run.py', '--cfg-path', '/tmp/tmpegxtp6v4']
[2023-06-22T12:02:12.932+0000] {standard_task_runner.py:83} INFO - Job 1866: Subtask dbt_run
[2023-06-22T12:02:12.987+0000] {task_command.py:389} INFO - Running <TaskInstance: showpulse_dbt_dag.dbt_run scheduled__2023-06-22T12:01:08.287317+00:00 [running]> on host 62cfed75eae1
[2023-06-22T12:02:13.037+0000] {taskinstance.py:1518} INFO - Exporting the following env vars:
AIRFLOW_CTX_DAG_OWNER=nburkett
AIRFLOW_CTX_DAG_ID=showpulse_dbt_dag
AIRFLOW_CTX_TASK_ID=dbt_run
AIRFLOW_CTX_EXECUTION_DATE=2023-06-22T12:01:08.287317+00:00
AIRFLOW_CTX_TRY_NUMBER=1
AIRFLOW_CTX_DAG_RUN_ID=scheduled__2023-06-22T12:01:08.287317+00:00
[2023-06-22T12:02:13.038+0000] {subprocess.py:63} INFO - Tmp dir root location: 
 /tmp
[2023-06-22T12:02:13.039+0000] {subprocess.py:75} INFO - Running command: ['/bin/bash', '-c', 'cd /dbt/ticketmaster_transformation && dbt run']
[2023-06-22T12:02:13.047+0000] {subprocess.py:86} INFO - Output:
[2023-06-22T12:02:14.371+0000] {subprocess.py:93} INFO - [0m12:02:14  Running with dbt=1.5.1
[2023-06-22T12:02:14.909+0000] {subprocess.py:93} INFO - [0m12:02:14  Found 4 models, 0 tests, 0 snapshots, 0 analyses, 356 macros, 0 operations, 0 seed files, 3 sources, 0 exposures, 0 metrics, 0 groups
[2023-06-22T12:02:14.912+0000] {subprocess.py:93} INFO - [0m12:02:14
[2023-06-22T12:02:15.593+0000] {subprocess.py:93} INFO - [0m12:02:15  Concurrency: 4 threads (target='dev')
[2023-06-22T12:02:15.596+0000] {subprocess.py:93} INFO - [0m12:02:15
[2023-06-22T12:02:15.612+0000] {subprocess.py:93} INFO - [0m12:02:15  1 of 4 START sql table model twitter_kafka_pyspark_test.distinct_data .......... [RUN]
[2023-06-22T12:02:15.615+0000] {subprocess.py:93} INFO - [0m12:02:15  2 of 4 START sql table model twitter_kafka_pyspark_test.dm_events .............. [RUN]
[2023-06-22T12:02:15.617+0000] {subprocess.py:93} INFO - [0m12:02:15  3 of 4 START sql table model twitter_kafka_pyspark_test.my_first_dbt_model ..... [RUN]
[2023-06-22T12:02:18.591+0000] {subprocess.py:93} INFO - [0m12:02:18  3 of 4 OK created sql table model twitter_kafka_pyspark_test.my_first_dbt_model  [[32mCREATE TABLE (2.0 rows, 0 processed)[0m in 2.96s]
[2023-06-22T12:02:18.597+0000] {subprocess.py:93} INFO - [0m12:02:18  4 of 4 START sql view model twitter_kafka_pyspark_test.my_second_dbt_model ..... [RUN]
[2023-06-22T12:02:19.171+0000] {subprocess.py:93} INFO - [0m12:02:19  2 of 4 OK created sql table model twitter_kafka_pyspark_test.dm_events ......... [[32mCREATE TABLE (1.3k rows, 178.2 KiB processed)[0m in 3.54s]
[2023-06-22T12:02:19.316+0000] {subprocess.py:93} INFO - [0m12:02:19  1 of 4 OK created sql table model twitter_kafka_pyspark_test.distinct_data ..... [[32mCREATE TABLE (1.1k rows, 638.3 KiB processed)[0m in 3.69s]
[2023-06-22T12:02:19.565+0000] {subprocess.py:93} INFO - [0m12:02:19  4 of 4 OK created sql view model twitter_kafka_pyspark_test.my_second_dbt_model  [[32mCREATE VIEW (0 processed)[0m in 0.96s]
[2023-06-22T12:02:19.658+0000] {subprocess.py:93} INFO - [0m12:02:19
[2023-06-22T12:02:19.660+0000] {subprocess.py:93} INFO - [0m12:02:19  Finished running 3 table models, 1 view model in 0 hours 0 minutes and 4.75 seconds (4.75s).
[2023-06-22T12:02:19.681+0000] {subprocess.py:93} INFO - [0m12:02:19
[2023-06-22T12:02:19.683+0000] {subprocess.py:93} INFO - [0m12:02:19  [32mCompleted successfully[0m
[2023-06-22T12:02:19.684+0000] {subprocess.py:93} INFO - [0m12:02:19
[2023-06-22T12:02:19.686+0000] {subprocess.py:93} INFO - [0m12:02:19  Done. PASS=4 WARN=0 ERROR=0 SKIP=0 TOTAL=4
[2023-06-22T12:02:20.137+0000] {subprocess.py:97} INFO - Command exited with return code 0
[2023-06-22T12:02:20.160+0000] {taskinstance.py:1332} INFO - Marking task as SUCCESS. dag_id=showpulse_dbt_dag, task_id=dbt_run, execution_date=20230622T120108, start_date=20230622T120212, end_date=20230622T120220
[2023-06-22T12:02:20.209+0000] {local_task_job.py:212} INFO - Task exited with return code 0
[2023-06-22T12:02:20.223+0000] {taskinstance.py:2596} INFO - 0 downstream tasks scheduled from follow-on schedule check
