[2023-06-21T18:03:36.429+0000] {taskinstance.py:1090} INFO - Dependencies all met for dep_context=non-requeueable deps ti=<TaskInstance: showpulse_dbt_dag.pwd1 scheduled__2023-06-21T18:02:35.131660+00:00 [queued]>
[2023-06-21T18:03:36.436+0000] {taskinstance.py:1090} INFO - Dependencies all met for dep_context=requeueable deps ti=<TaskInstance: showpulse_dbt_dag.pwd1 scheduled__2023-06-21T18:02:35.131660+00:00 [queued]>
[2023-06-21T18:03:36.436+0000] {taskinstance.py:1288} INFO - 
--------------------------------------------------------------------------------
[2023-06-21T18:03:36.437+0000] {taskinstance.py:1289} INFO - Starting attempt 1 of 1
[2023-06-21T18:03:36.437+0000] {taskinstance.py:1290} INFO - 
--------------------------------------------------------------------------------
[2023-06-21T18:03:36.445+0000] {taskinstance.py:1309} INFO - Executing <Task(BashOperator): pwd1> on 2023-06-21 18:02:35.131660+00:00
[2023-06-21T18:03:36.448+0000] {standard_task_runner.py:55} INFO - Started process 5136 to run task
[2023-06-21T18:03:36.452+0000] {standard_task_runner.py:82} INFO - Running: ['***', 'tasks', 'run', 'showpulse_dbt_dag', 'pwd1', 'scheduled__2023-06-21T18:02:35.131660+00:00', '--job-id', '883', '--raw', '--subdir', 'DAGS_FOLDER/dbt_run.py', '--cfg-path', '/tmp/tmp8zuxzipt']
[2023-06-21T18:03:36.453+0000] {standard_task_runner.py:83} INFO - Job 883: Subtask pwd1
[2023-06-21T18:03:36.508+0000] {task_command.py:389} INFO - Running <TaskInstance: showpulse_dbt_dag.pwd1 scheduled__2023-06-21T18:02:35.131660+00:00 [running]> on host 62cfed75eae1
[2023-06-21T18:03:36.558+0000] {taskinstance.py:1518} INFO - Exporting the following env vars:
AIRFLOW_CTX_DAG_OWNER=nburkett
AIRFLOW_CTX_DAG_ID=showpulse_dbt_dag
AIRFLOW_CTX_TASK_ID=pwd1
AIRFLOW_CTX_EXECUTION_DATE=2023-06-21T18:02:35.131660+00:00
AIRFLOW_CTX_TRY_NUMBER=1
AIRFLOW_CTX_DAG_RUN_ID=scheduled__2023-06-21T18:02:35.131660+00:00
[2023-06-21T18:03:36.560+0000] {subprocess.py:63} INFO - Tmp dir root location: 
 /tmp
[2023-06-21T18:03:36.560+0000] {subprocess.py:75} INFO - Running command: ['/bin/bash', '-c', 'pwd && ls']
[2023-06-21T18:03:36.568+0000] {subprocess.py:86} INFO - Output:
[2023-06-21T18:03:36.570+0000] {subprocess.py:93} INFO - /tmp/***tmpb752urn3
[2023-06-21T18:03:36.572+0000] {subprocess.py:97} INFO - Command exited with return code 0
[2023-06-21T18:03:36.593+0000] {taskinstance.py:1332} INFO - Marking task as SUCCESS. dag_id=showpulse_dbt_dag, task_id=pwd1, execution_date=20230621T180235, start_date=20230621T180336, end_date=20230621T180336
[2023-06-21T18:03:36.624+0000] {local_task_job.py:212} INFO - Task exited with return code 0
[2023-06-21T18:03:36.645+0000] {taskinstance.py:2596} INFO - 1 downstream tasks scheduled from follow-on schedule check
