[2023-06-21T23:58:23.569+0000] {taskinstance.py:1090} INFO - Dependencies all met for dep_context=non-requeueable deps ti=<TaskInstance: showpulse_dbt_dag.dbt_run scheduled__2023-06-21T23:57:19.542692+00:00 [queued]>
[2023-06-21T23:58:23.574+0000] {taskinstance.py:1090} INFO - Dependencies all met for dep_context=requeueable deps ti=<TaskInstance: showpulse_dbt_dag.dbt_run scheduled__2023-06-21T23:57:19.542692+00:00 [queued]>
[2023-06-21T23:58:23.575+0000] {taskinstance.py:1288} INFO - 
--------------------------------------------------------------------------------
[2023-06-21T23:58:23.575+0000] {taskinstance.py:1289} INFO - Starting attempt 1 of 1
[2023-06-21T23:58:23.576+0000] {taskinstance.py:1290} INFO - 
--------------------------------------------------------------------------------
[2023-06-21T23:58:23.584+0000] {taskinstance.py:1309} INFO - Executing <Task(BashOperator): dbt_run> on 2023-06-21 23:57:19.542692+00:00
[2023-06-21T23:58:23.587+0000] {standard_task_runner.py:55} INFO - Started process 8794 to run task
[2023-06-21T23:58:23.590+0000] {standard_task_runner.py:82} INFO - Running: ['***', 'tasks', 'run', 'showpulse_dbt_dag', 'dbt_run', 'scheduled__2023-06-21T23:57:19.542692+00:00', '--job-id', '1246', '--raw', '--subdir', 'DAGS_FOLDER/dbt_run.py', '--cfg-path', '/tmp/tmp6uqtn09k']
[2023-06-21T23:58:23.591+0000] {standard_task_runner.py:83} INFO - Job 1246: Subtask dbt_run
[2023-06-21T23:58:23.641+0000] {task_command.py:389} INFO - Running <TaskInstance: showpulse_dbt_dag.dbt_run scheduled__2023-06-21T23:57:19.542692+00:00 [running]> on host 62cfed75eae1
[2023-06-21T23:58:23.690+0000] {taskinstance.py:1518} INFO - Exporting the following env vars:
AIRFLOW_CTX_DAG_OWNER=nburkett
AIRFLOW_CTX_DAG_ID=showpulse_dbt_dag
AIRFLOW_CTX_TASK_ID=dbt_run
AIRFLOW_CTX_EXECUTION_DATE=2023-06-21T23:57:19.542692+00:00
AIRFLOW_CTX_TRY_NUMBER=1
AIRFLOW_CTX_DAG_RUN_ID=scheduled__2023-06-21T23:57:19.542692+00:00
[2023-06-21T23:58:23.691+0000] {subprocess.py:63} INFO - Tmp dir root location: 
 /tmp
[2023-06-21T23:58:23.692+0000] {subprocess.py:75} INFO - Running command: ['/bin/bash', '-c', 'cd /dbt/ticketmaster_transformation && dbt run']
[2023-06-21T23:58:23.700+0000] {subprocess.py:86} INFO - Output:
[2023-06-21T23:58:24.914+0000] {subprocess.py:93} INFO - [0m23:58:24  Running with dbt=1.5.1
[2023-06-21T23:58:25.379+0000] {subprocess.py:93} INFO - [0m23:58:25  Found 4 models, 0 tests, 0 snapshots, 0 analyses, 356 macros, 0 operations, 0 seed files, 3 sources, 0 exposures, 0 metrics, 0 groups
[2023-06-21T23:58:25.382+0000] {subprocess.py:93} INFO - [0m23:58:25
[2023-06-21T23:58:26.147+0000] {subprocess.py:93} INFO - [0m23:58:26  Concurrency: 4 threads (target='dev')
[2023-06-21T23:58:26.148+0000] {subprocess.py:93} INFO - [0m23:58:26
[2023-06-21T23:58:26.155+0000] {subprocess.py:93} INFO - [0m23:58:26  1 of 4 START sql table model twitter_kafka_pyspark_test.distinct_data .......... [RUN]
[2023-06-21T23:58:26.158+0000] {subprocess.py:93} INFO - [0m23:58:26  3 of 4 START sql table model twitter_kafka_pyspark_test.my_first_dbt_model ..... [RUN]
[2023-06-21T23:58:26.159+0000] {subprocess.py:93} INFO - [0m23:58:26  2 of 4 START sql table model twitter_kafka_pyspark_test.dm_events .............. [RUN]
[2023-06-21T23:58:29.202+0000] {subprocess.py:93} INFO - [0m23:58:29  1 of 4 OK created sql table model twitter_kafka_pyspark_test.distinct_data ..... [[32mCREATE TABLE (1.1k rows, 638.3 KiB processed)[0m in 3.04s]
[2023-06-21T23:58:29.208+0000] {subprocess.py:93} INFO - [0m23:58:29  2 of 4 OK created sql table model twitter_kafka_pyspark_test.dm_events ......... [[32mCREATE TABLE (1.3k rows, 178.2 KiB processed)[0m in 3.04s]
[2023-06-21T23:58:29.369+0000] {subprocess.py:93} INFO - [0m23:58:29  3 of 4 OK created sql table model twitter_kafka_pyspark_test.my_first_dbt_model  [[32mCREATE TABLE (2.0 rows, 0 processed)[0m in 3.20s]
[2023-06-21T23:58:29.378+0000] {subprocess.py:93} INFO - [0m23:58:29  4 of 4 START sql view model twitter_kafka_pyspark_test.my_second_dbt_model ..... [RUN]
[2023-06-21T23:58:30.240+0000] {subprocess.py:93} INFO - [0m23:58:30  4 of 4 OK created sql view model twitter_kafka_pyspark_test.my_second_dbt_model  [[32mCREATE VIEW (0 processed)[0m in 0.85s]
[2023-06-21T23:58:30.285+0000] {subprocess.py:93} INFO - [0m23:58:30
[2023-06-21T23:58:30.288+0000] {subprocess.py:93} INFO - [0m23:58:30  Finished running 3 table models, 1 view model in 0 hours 0 minutes and 4.90 seconds (4.90s).
[2023-06-21T23:58:30.318+0000] {subprocess.py:93} INFO - [0m23:58:30
[2023-06-21T23:58:30.319+0000] {subprocess.py:93} INFO - [0m23:58:30  [32mCompleted successfully[0m
[2023-06-21T23:58:30.320+0000] {subprocess.py:93} INFO - [0m23:58:30
[2023-06-21T23:58:30.322+0000] {subprocess.py:93} INFO - [0m23:58:30  Done. PASS=4 WARN=0 ERROR=0 SKIP=0 TOTAL=4
[2023-06-21T23:58:30.748+0000] {subprocess.py:97} INFO - Command exited with return code 0
[2023-06-21T23:58:30.773+0000] {taskinstance.py:1332} INFO - Marking task as SUCCESS. dag_id=showpulse_dbt_dag, task_id=dbt_run, execution_date=20230621T235719, start_date=20230621T235823, end_date=20230621T235830
[2023-06-21T23:58:30.812+0000] {local_task_job.py:212} INFO - Task exited with return code 0
[2023-06-21T23:58:30.826+0000] {taskinstance.py:2596} INFO - 0 downstream tasks scheduled from follow-on schedule check
