[2023-06-22T02:01:07.760+0000] {taskinstance.py:1090} INFO - Dependencies all met for dep_context=non-requeueable deps ti=<TaskInstance: showpulse_dbt_dag.dbt_run scheduled__2023-06-22T02:00:03.253055+00:00 [queued]>
[2023-06-22T02:01:07.766+0000] {taskinstance.py:1090} INFO - Dependencies all met for dep_context=requeueable deps ti=<TaskInstance: showpulse_dbt_dag.dbt_run scheduled__2023-06-22T02:00:03.253055+00:00 [queued]>
[2023-06-22T02:01:07.766+0000] {taskinstance.py:1288} INFO - 
--------------------------------------------------------------------------------
[2023-06-22T02:01:07.767+0000] {taskinstance.py:1289} INFO - Starting attempt 1 of 1
[2023-06-22T02:01:07.767+0000] {taskinstance.py:1290} INFO - 
--------------------------------------------------------------------------------
[2023-06-22T02:01:07.776+0000] {taskinstance.py:1309} INFO - Executing <Task(BashOperator): dbt_run> on 2023-06-22 02:00:03.253055+00:00
[2023-06-22T02:01:07.779+0000] {standard_task_runner.py:55} INFO - Started process 12580 to run task
[2023-06-22T02:01:07.782+0000] {standard_task_runner.py:82} INFO - Running: ['***', 'tasks', 'run', 'showpulse_dbt_dag', 'dbt_run', 'scheduled__2023-06-22T02:00:03.253055+00:00', '--job-id', '1546', '--raw', '--subdir', 'DAGS_FOLDER/dbt_run.py', '--cfg-path', '/tmp/tmpos8s0ini']
[2023-06-22T02:01:07.783+0000] {standard_task_runner.py:83} INFO - Job 1546: Subtask dbt_run
[2023-06-22T02:01:07.834+0000] {task_command.py:389} INFO - Running <TaskInstance: showpulse_dbt_dag.dbt_run scheduled__2023-06-22T02:00:03.253055+00:00 [running]> on host 62cfed75eae1
[2023-06-22T02:01:07.887+0000] {taskinstance.py:1518} INFO - Exporting the following env vars:
AIRFLOW_CTX_DAG_OWNER=nburkett
AIRFLOW_CTX_DAG_ID=showpulse_dbt_dag
AIRFLOW_CTX_TASK_ID=dbt_run
AIRFLOW_CTX_EXECUTION_DATE=2023-06-22T02:00:03.253055+00:00
AIRFLOW_CTX_TRY_NUMBER=1
AIRFLOW_CTX_DAG_RUN_ID=scheduled__2023-06-22T02:00:03.253055+00:00
[2023-06-22T02:01:07.888+0000] {subprocess.py:63} INFO - Tmp dir root location: 
 /tmp
[2023-06-22T02:01:07.889+0000] {subprocess.py:75} INFO - Running command: ['/bin/bash', '-c', 'cd /dbt/ticketmaster_transformation && dbt run']
[2023-06-22T02:01:07.897+0000] {subprocess.py:86} INFO - Output:
[2023-06-22T02:01:09.208+0000] {subprocess.py:93} INFO - [0m02:01:09  Running with dbt=1.5.1
[2023-06-22T02:01:09.708+0000] {subprocess.py:93} INFO - [0m02:01:09  Found 4 models, 0 tests, 0 snapshots, 0 analyses, 356 macros, 0 operations, 0 seed files, 3 sources, 0 exposures, 0 metrics, 0 groups
[2023-06-22T02:01:09.710+0000] {subprocess.py:93} INFO - [0m02:01:09
[2023-06-22T02:01:10.351+0000] {subprocess.py:93} INFO - [0m02:01:10  Concurrency: 4 threads (target='dev')
[2023-06-22T02:01:10.352+0000] {subprocess.py:93} INFO - [0m02:01:10
[2023-06-22T02:01:10.360+0000] {subprocess.py:93} INFO - [0m02:01:10  1 of 4 START sql table model twitter_kafka_pyspark_test.distinct_data .......... [RUN]
[2023-06-22T02:01:10.362+0000] {subprocess.py:93} INFO - [0m02:01:10  3 of 4 START sql table model twitter_kafka_pyspark_test.my_first_dbt_model ..... [RUN]
[2023-06-22T02:01:10.364+0000] {subprocess.py:93} INFO - [0m02:01:10  2 of 4 START sql table model twitter_kafka_pyspark_test.dm_events .............. [RUN]
[2023-06-22T02:01:13.435+0000] {subprocess.py:93} INFO - [0m02:01:13  3 of 4 OK created sql table model twitter_kafka_pyspark_test.my_first_dbt_model  [[32mCREATE TABLE (2.0 rows, 0 processed)[0m in 3.07s]
[2023-06-22T02:01:13.440+0000] {subprocess.py:93} INFO - [0m02:01:13  2 of 4 OK created sql table model twitter_kafka_pyspark_test.dm_events ......... [[32mCREATE TABLE (1.3k rows, 178.2 KiB processed)[0m in 3.07s]
[2023-06-22T02:01:13.446+0000] {subprocess.py:93} INFO - [0m02:01:13  4 of 4 START sql view model twitter_kafka_pyspark_test.my_second_dbt_model ..... [RUN]
[2023-06-22T02:01:13.536+0000] {subprocess.py:93} INFO - [0m02:01:13  1 of 4 OK created sql table model twitter_kafka_pyspark_test.distinct_data ..... [[32mCREATE TABLE (1.1k rows, 638.3 KiB processed)[0m in 3.17s]
[2023-06-22T02:18:13.333+0000] {subprocess.py:93} INFO - [0m02:18:13  4 of 4 ERROR creating sql view model twitter_kafka_pyspark_test.my_second_dbt_model  [[31mERROR[0m in 1019.88s]
[2023-06-22T02:18:13.368+0000] {subprocess.py:93} INFO - [0m02:18:13
[2023-06-22T02:18:13.369+0000] {subprocess.py:93} INFO - [0m02:18:13  Finished running 3 table models, 1 view model in 0 hours 17 minutes and 3.66 seconds (1023.66s).
[2023-06-22T02:18:13.428+0000] {subprocess.py:93} INFO - [0m02:18:13
[2023-06-22T02:18:13.429+0000] {subprocess.py:93} INFO - [0m02:18:13  [31mCompleted with 1 error and 0 warnings:[0m
[2023-06-22T02:18:13.430+0000] {subprocess.py:93} INFO - [0m02:18:13
[2023-06-22T02:18:13.432+0000] {subprocess.py:93} INFO - [0m02:18:13  [33mRuntime Error in model my_second_dbt_model (models/example/my_second_dbt_model.sql)[0m
[2023-06-22T02:18:13.433+0000] {subprocess.py:93} INFO - [0m02:18:13    Deadline of 600.0s exceeded while calling target function, last exception: ('Connection aborted.', RemoteDisconnected('Remote end closed connection without response'))
[2023-06-22T02:18:13.434+0000] {subprocess.py:93} INFO - [0m02:18:13
[2023-06-22T02:18:13.436+0000] {subprocess.py:93} INFO - [0m02:18:13  Done. PASS=3 WARN=0 ERROR=1 SKIP=0 TOTAL=4
[2023-06-22T02:18:14.146+0000] {subprocess.py:97} INFO - Command exited with return code 1
[2023-06-22T02:18:14.176+0000] {taskinstance.py:1776} ERROR - Task failed with exception
Traceback (most recent call last):
  File "/home/airflow/.local/lib/python3.7/site-packages/airflow/operators/bash.py", line 197, in execute
    f"Bash command failed. The command returned a non-zero exit code {result.exit_code}."
airflow.exceptions.AirflowException: Bash command failed. The command returned a non-zero exit code 1.
[2023-06-22T02:18:14.185+0000] {taskinstance.py:1332} INFO - Marking task as FAILED. dag_id=showpulse_dbt_dag, task_id=dbt_run, execution_date=20230622T020003, start_date=20230622T020107, end_date=20230622T021814
[2023-06-22T02:18:14.217+0000] {standard_task_runner.py:105} ERROR - Failed to execute job 1546 for task dbt_run (Bash command failed. The command returned a non-zero exit code 1.; 12580)
[2023-06-22T02:18:14.274+0000] {local_task_job.py:212} INFO - Task exited with return code 1
[2023-06-22T02:18:14.303+0000] {taskinstance.py:2596} INFO - 0 downstream tasks scheduled from follow-on schedule check
