[2023-06-22T00:16:23.113+0000] {taskinstance.py:1090} INFO - Dependencies all met for dep_context=non-requeueable deps ti=<TaskInstance: showpulse_dbt_dag.dbt_run scheduled__2023-06-22T00:15:19.542692+00:00 [queued]>
[2023-06-22T00:16:23.119+0000] {taskinstance.py:1090} INFO - Dependencies all met for dep_context=requeueable deps ti=<TaskInstance: showpulse_dbt_dag.dbt_run scheduled__2023-06-22T00:15:19.542692+00:00 [queued]>
[2023-06-22T00:16:23.120+0000] {taskinstance.py:1288} INFO - 
--------------------------------------------------------------------------------
[2023-06-22T00:16:23.120+0000] {taskinstance.py:1289} INFO - Starting attempt 1 of 1
[2023-06-22T00:16:23.121+0000] {taskinstance.py:1290} INFO - 
--------------------------------------------------------------------------------
[2023-06-22T00:16:23.128+0000] {taskinstance.py:1309} INFO - Executing <Task(BashOperator): dbt_run> on 2023-06-22 00:15:19.542692+00:00
[2023-06-22T00:16:23.132+0000] {standard_task_runner.py:55} INFO - Started process 9701 to run task
[2023-06-22T00:16:23.136+0000] {standard_task_runner.py:82} INFO - Running: ['***', 'tasks', 'run', 'showpulse_dbt_dag', 'dbt_run', 'scheduled__2023-06-22T00:15:19.542692+00:00', '--job-id', '1318', '--raw', '--subdir', 'DAGS_FOLDER/dbt_run.py', '--cfg-path', '/tmp/tmpyduf_cot']
[2023-06-22T00:16:23.137+0000] {standard_task_runner.py:83} INFO - Job 1318: Subtask dbt_run
[2023-06-22T00:16:23.191+0000] {task_command.py:389} INFO - Running <TaskInstance: showpulse_dbt_dag.dbt_run scheduled__2023-06-22T00:15:19.542692+00:00 [running]> on host 62cfed75eae1
[2023-06-22T00:16:23.242+0000] {taskinstance.py:1518} INFO - Exporting the following env vars:
AIRFLOW_CTX_DAG_OWNER=nburkett
AIRFLOW_CTX_DAG_ID=showpulse_dbt_dag
AIRFLOW_CTX_TASK_ID=dbt_run
AIRFLOW_CTX_EXECUTION_DATE=2023-06-22T00:15:19.542692+00:00
AIRFLOW_CTX_TRY_NUMBER=1
AIRFLOW_CTX_DAG_RUN_ID=scheduled__2023-06-22T00:15:19.542692+00:00
[2023-06-22T00:16:23.243+0000] {subprocess.py:63} INFO - Tmp dir root location: 
 /tmp
[2023-06-22T00:16:23.244+0000] {subprocess.py:75} INFO - Running command: ['/bin/bash', '-c', 'cd /dbt/ticketmaster_transformation && dbt run']
[2023-06-22T00:16:23.252+0000] {subprocess.py:86} INFO - Output:
[2023-06-22T00:16:24.495+0000] {subprocess.py:93} INFO - [0m00:16:24  Running with dbt=1.5.1
[2023-06-22T00:16:24.967+0000] {subprocess.py:93} INFO - [0m00:16:24  Found 4 models, 0 tests, 0 snapshots, 0 analyses, 356 macros, 0 operations, 0 seed files, 3 sources, 0 exposures, 0 metrics, 0 groups
[2023-06-22T00:16:24.970+0000] {subprocess.py:93} INFO - [0m00:16:24
[2023-06-22T00:16:26.020+0000] {subprocess.py:93} INFO - [0m00:16:26  Concurrency: 4 threads (target='dev')
[2023-06-22T00:16:26.024+0000] {subprocess.py:93} INFO - [0m00:16:26
[2023-06-22T00:16:26.041+0000] {subprocess.py:93} INFO - [0m00:16:26  1 of 4 START sql table model twitter_kafka_pyspark_test.distinct_data .......... [RUN]
[2023-06-22T00:16:26.046+0000] {subprocess.py:93} INFO - [0m00:16:26  2 of 4 START sql table model twitter_kafka_pyspark_test.dm_events .............. [RUN]
[2023-06-22T00:16:26.051+0000] {subprocess.py:93} INFO - [0m00:16:26  3 of 4 START sql table model twitter_kafka_pyspark_test.my_first_dbt_model ..... [RUN]
[2023-06-22T00:16:28.953+0000] {subprocess.py:93} INFO - [0m00:16:28  3 of 4 OK created sql table model twitter_kafka_pyspark_test.my_first_dbt_model  [[32mCREATE TABLE (2.0 rows, 0 processed)[0m in 2.89s]
[2023-06-22T00:16:28.960+0000] {subprocess.py:93} INFO - [0m00:16:28  4 of 4 START sql view model twitter_kafka_pyspark_test.my_second_dbt_model ..... [RUN]
[2023-06-22T00:16:29.061+0000] {subprocess.py:93} INFO - [0m00:16:29  2 of 4 OK created sql table model twitter_kafka_pyspark_test.dm_events ......... [[32mCREATE TABLE (1.3k rows, 178.2 KiB processed)[0m in 3.00s]
[2023-06-22T00:16:29.378+0000] {subprocess.py:93} INFO - [0m00:16:29  1 of 4 OK created sql table model twitter_kafka_pyspark_test.distinct_data ..... [[32mCREATE TABLE (1.1k rows, 638.3 KiB processed)[0m in 3.32s]
[2023-06-22T00:16:30.060+0000] {subprocess.py:93} INFO - [0m00:16:30  4 of 4 OK created sql view model twitter_kafka_pyspark_test.my_second_dbt_model  [[32mCREATE VIEW (0 processed)[0m in 1.10s]
[2023-06-22T00:16:30.158+0000] {subprocess.py:93} INFO - [0m00:16:30
[2023-06-22T00:16:30.160+0000] {subprocess.py:93} INFO - [0m00:16:30  Finished running 3 table models, 1 view model in 0 hours 0 minutes and 5.19 seconds (5.19s).
[2023-06-22T00:16:30.184+0000] {subprocess.py:93} INFO - [0m00:16:30
[2023-06-22T00:16:30.186+0000] {subprocess.py:93} INFO - [0m00:16:30  [32mCompleted successfully[0m
[2023-06-22T00:16:30.188+0000] {subprocess.py:93} INFO - [0m00:16:30
[2023-06-22T00:16:30.189+0000] {subprocess.py:93} INFO - [0m00:16:30  Done. PASS=4 WARN=0 ERROR=0 SKIP=0 TOTAL=4
[2023-06-22T00:16:30.633+0000] {subprocess.py:97} INFO - Command exited with return code 0
[2023-06-22T00:16:30.662+0000] {taskinstance.py:1332} INFO - Marking task as SUCCESS. dag_id=showpulse_dbt_dag, task_id=dbt_run, execution_date=20230622T001519, start_date=20230622T001623, end_date=20230622T001630
[2023-06-22T00:16:30.724+0000] {local_task_job.py:212} INFO - Task exited with return code 0
[2023-06-22T00:16:30.740+0000] {taskinstance.py:2596} INFO - 0 downstream tasks scheduled from follow-on schedule check
