[2023-06-22T18:30:16.858+0000] {taskinstance.py:1090} INFO - Dependencies all met for dep_context=non-requeueable deps ti=<TaskInstance: showpulse_dbt_dag.dbt_run scheduled__2023-06-22T18:29:12.096647+00:00 [queued]>
[2023-06-22T18:30:16.864+0000] {taskinstance.py:1090} INFO - Dependencies all met for dep_context=requeueable deps ti=<TaskInstance: showpulse_dbt_dag.dbt_run scheduled__2023-06-22T18:29:12.096647+00:00 [queued]>
[2023-06-22T18:30:16.865+0000] {taskinstance.py:1288} INFO - 
--------------------------------------------------------------------------------
[2023-06-22T18:30:16.865+0000] {taskinstance.py:1289} INFO - Starting attempt 1 of 1
[2023-06-22T18:30:16.866+0000] {taskinstance.py:1290} INFO - 
--------------------------------------------------------------------------------
[2023-06-22T18:30:16.874+0000] {taskinstance.py:1309} INFO - Executing <Task(BashOperator): dbt_run> on 2023-06-22 18:29:12.096647+00:00
[2023-06-22T18:30:16.877+0000] {standard_task_runner.py:55} INFO - Started process 17334 to run task
[2023-06-22T18:30:16.880+0000] {standard_task_runner.py:82} INFO - Running: ['***', 'tasks', 'run', 'showpulse_dbt_dag', 'dbt_run', 'scheduled__2023-06-22T18:29:12.096647+00:00', '--job-id', '2006', '--raw', '--subdir', 'DAGS_FOLDER/dbt_run.py', '--cfg-path', '/tmp/tmpxbx79ugm']
[2023-06-22T18:30:16.881+0000] {standard_task_runner.py:83} INFO - Job 2006: Subtask dbt_run
[2023-06-22T18:30:16.936+0000] {task_command.py:389} INFO - Running <TaskInstance: showpulse_dbt_dag.dbt_run scheduled__2023-06-22T18:29:12.096647+00:00 [running]> on host 62cfed75eae1
[2023-06-22T18:30:16.988+0000] {taskinstance.py:1518} INFO - Exporting the following env vars:
AIRFLOW_CTX_DAG_OWNER=nburkett
AIRFLOW_CTX_DAG_ID=showpulse_dbt_dag
AIRFLOW_CTX_TASK_ID=dbt_run
AIRFLOW_CTX_EXECUTION_DATE=2023-06-22T18:29:12.096647+00:00
AIRFLOW_CTX_TRY_NUMBER=1
AIRFLOW_CTX_DAG_RUN_ID=scheduled__2023-06-22T18:29:12.096647+00:00
[2023-06-22T18:30:16.989+0000] {subprocess.py:63} INFO - Tmp dir root location: 
 /tmp
[2023-06-22T18:30:16.990+0000] {subprocess.py:75} INFO - Running command: ['/bin/bash', '-c', 'cd /dbt/ticketmaster_transformation && dbt run']
[2023-06-22T18:30:16.998+0000] {subprocess.py:86} INFO - Output:
[2023-06-22T18:30:18.261+0000] {subprocess.py:93} INFO - [0m18:30:18  Running with dbt=1.5.1
[2023-06-22T18:30:18.726+0000] {subprocess.py:93} INFO - [0m18:30:18  Found 4 models, 0 tests, 0 snapshots, 0 analyses, 356 macros, 0 operations, 0 seed files, 3 sources, 0 exposures, 0 metrics, 0 groups
[2023-06-22T18:30:18.729+0000] {subprocess.py:93} INFO - [0m18:30:18
[2023-06-22T18:30:19.652+0000] {subprocess.py:93} INFO - [0m18:30:19  Concurrency: 4 threads (target='dev')
[2023-06-22T18:30:19.653+0000] {subprocess.py:93} INFO - [0m18:30:19
[2023-06-22T18:30:19.663+0000] {subprocess.py:93} INFO - [0m18:30:19  1 of 4 START sql table model twitter_kafka_pyspark_test.distinct_data .......... [RUN]
[2023-06-22T18:30:19.665+0000] {subprocess.py:93} INFO - [0m18:30:19  2 of 4 START sql table model twitter_kafka_pyspark_test.dm_events .............. [RUN]
[2023-06-22T18:30:19.666+0000] {subprocess.py:93} INFO - [0m18:30:19  3 of 4 START sql table model twitter_kafka_pyspark_test.my_first_dbt_model ..... [RUN]
[2023-06-22T18:30:22.538+0000] {subprocess.py:93} INFO - [0m18:30:22  2 of 4 OK created sql table model twitter_kafka_pyspark_test.dm_events ......... [[32mCREATE TABLE (1.3k rows, 178.2 KiB processed)[0m in 2.87s]
[2023-06-22T18:30:22.700+0000] {subprocess.py:93} INFO - [0m18:30:22  3 of 4 OK created sql table model twitter_kafka_pyspark_test.my_first_dbt_model  [[32mCREATE TABLE (2.0 rows, 0 processed)[0m in 3.03s]
[2023-06-22T18:30:22.704+0000] {subprocess.py:93} INFO - [0m18:30:22  4 of 4 START sql view model twitter_kafka_pyspark_test.my_second_dbt_model ..... [RUN]
[2023-06-22T18:30:22.751+0000] {subprocess.py:93} INFO - [0m18:30:22  1 of 4 OK created sql table model twitter_kafka_pyspark_test.distinct_data ..... [[32mCREATE TABLE (1.1k rows, 638.3 KiB processed)[0m in 3.08s]
[2023-06-22T18:30:23.716+0000] {subprocess.py:93} INFO - [0m18:30:23  4 of 4 OK created sql view model twitter_kafka_pyspark_test.my_second_dbt_model  [[32mCREATE VIEW (0 processed)[0m in 1.01s]
[2023-06-22T18:30:23.771+0000] {subprocess.py:93} INFO - [0m18:30:23
[2023-06-22T18:30:23.772+0000] {subprocess.py:93} INFO - [0m18:30:23  Finished running 3 table models, 1 view model in 0 hours 0 minutes and 5.04 seconds (5.04s).
[2023-06-22T18:30:23.791+0000] {subprocess.py:93} INFO - [0m18:30:23
[2023-06-22T18:30:23.792+0000] {subprocess.py:93} INFO - [0m18:30:23  [32mCompleted successfully[0m
[2023-06-22T18:30:23.794+0000] {subprocess.py:93} INFO - [0m18:30:23
[2023-06-22T18:30:23.795+0000] {subprocess.py:93} INFO - [0m18:30:23  Done. PASS=4 WARN=0 ERROR=0 SKIP=0 TOTAL=4
[2023-06-22T18:30:24.235+0000] {subprocess.py:97} INFO - Command exited with return code 0
[2023-06-22T18:30:24.260+0000] {taskinstance.py:1332} INFO - Marking task as SUCCESS. dag_id=showpulse_dbt_dag, task_id=dbt_run, execution_date=20230622T182912, start_date=20230622T183016, end_date=20230622T183024
[2023-06-22T18:30:24.281+0000] {local_task_job.py:212} INFO - Task exited with return code 0
[2023-06-22T18:30:24.298+0000] {taskinstance.py:2596} INFO - 0 downstream tasks scheduled from follow-on schedule check
