[2023-06-21T22:26:03.047+0000] {taskinstance.py:1090} INFO - Dependencies all met for dep_context=non-requeueable deps ti=<TaskInstance: showpulse_dbt_dag.dbt_run scheduled__2023-06-21T22:23:36.700171+00:00 [queued]>
[2023-06-21T22:26:03.053+0000] {taskinstance.py:1090} INFO - Dependencies all met for dep_context=requeueable deps ti=<TaskInstance: showpulse_dbt_dag.dbt_run scheduled__2023-06-21T22:23:36.700171+00:00 [queued]>
[2023-06-21T22:26:03.053+0000] {taskinstance.py:1288} INFO - 
--------------------------------------------------------------------------------
[2023-06-21T22:26:03.054+0000] {taskinstance.py:1289} INFO - Starting attempt 1 of 1
[2023-06-21T22:26:03.054+0000] {taskinstance.py:1290} INFO - 
--------------------------------------------------------------------------------
[2023-06-21T22:26:03.062+0000] {taskinstance.py:1309} INFO - Executing <Task(BashOperator): dbt_run> on 2023-06-21 22:23:36.700171+00:00
[2023-06-21T22:26:03.066+0000] {standard_task_runner.py:55} INFO - Started process 6760 to run task
[2023-06-21T22:26:03.069+0000] {standard_task_runner.py:82} INFO - Running: ['***', 'tasks', 'run', 'showpulse_dbt_dag', 'dbt_run', 'scheduled__2023-06-21T22:23:36.700171+00:00', '--job-id', '1066', '--raw', '--subdir', 'DAGS_FOLDER/dbt_run.py', '--cfg-path', '/tmp/tmp9garx4m1']
[2023-06-21T22:26:03.070+0000] {standard_task_runner.py:83} INFO - Job 1066: Subtask dbt_run
[2023-06-21T22:26:03.123+0000] {task_command.py:389} INFO - Running <TaskInstance: showpulse_dbt_dag.dbt_run scheduled__2023-06-21T22:23:36.700171+00:00 [running]> on host 62cfed75eae1
[2023-06-21T22:26:03.171+0000] {taskinstance.py:1518} INFO - Exporting the following env vars:
AIRFLOW_CTX_DAG_OWNER=nburkett
AIRFLOW_CTX_DAG_ID=showpulse_dbt_dag
AIRFLOW_CTX_TASK_ID=dbt_run
AIRFLOW_CTX_EXECUTION_DATE=2023-06-21T22:23:36.700171+00:00
AIRFLOW_CTX_TRY_NUMBER=1
AIRFLOW_CTX_DAG_RUN_ID=scheduled__2023-06-21T22:23:36.700171+00:00
[2023-06-21T22:26:03.172+0000] {subprocess.py:63} INFO - Tmp dir root location: 
 /tmp
[2023-06-21T22:26:03.173+0000] {subprocess.py:75} INFO - Running command: ['/bin/bash', '-c', 'cd /dbt/ticketmaster_transformation && dbt run']
[2023-06-21T22:26:03.181+0000] {subprocess.py:86} INFO - Output:
[2023-06-21T22:26:04.817+0000] {subprocess.py:93} INFO - [0m22:26:04  Running with dbt=1.5.1
[2023-06-21T22:26:05.297+0000] {subprocess.py:93} INFO - [0m22:26:05  Found 4 models, 0 tests, 0 snapshots, 0 analyses, 356 macros, 0 operations, 0 seed files, 3 sources, 0 exposures, 0 metrics, 0 groups
[2023-06-21T22:26:05.300+0000] {subprocess.py:93} INFO - [0m22:26:05
[2023-06-21T22:26:06.100+0000] {subprocess.py:93} INFO - [0m22:26:06  Concurrency: 4 threads (target='dev')
[2023-06-21T22:26:06.104+0000] {subprocess.py:93} INFO - [0m22:26:06
[2023-06-21T22:26:06.121+0000] {subprocess.py:93} INFO - [0m22:26:06  1 of 4 START sql table model twitter_kafka_pyspark_test.distinct_data .......... [RUN]
[2023-06-21T22:26:06.124+0000] {subprocess.py:93} INFO - [0m22:26:06  2 of 4 START sql table model twitter_kafka_pyspark_test.dm_events .............. [RUN]
[2023-06-21T22:26:06.126+0000] {subprocess.py:93} INFO - [0m22:26:06  3 of 4 START sql table model twitter_kafka_pyspark_test.my_first_dbt_model ..... [RUN]
[2023-06-21T22:26:08.674+0000] {subprocess.py:93} INFO - [0m22:26:08  3 of 4 OK created sql table model twitter_kafka_pyspark_test.my_first_dbt_model  [[32mCREATE TABLE (2.0 rows, 0 processed)[0m in 2.54s]
[2023-06-21T22:26:08.681+0000] {subprocess.py:93} INFO - [0m22:26:08  4 of 4 START sql view model twitter_kafka_pyspark_test.my_second_dbt_model ..... [RUN]
[2023-06-21T22:26:08.924+0000] {subprocess.py:93} INFO - [0m22:26:08  2 of 4 OK created sql table model twitter_kafka_pyspark_test.dm_events ......... [[32mCREATE TABLE (1.3k rows, 178.2 KiB processed)[0m in 2.79s]
[2023-06-21T22:26:09.000+0000] {subprocess.py:93} INFO - [0m22:26:09  1 of 4 OK created sql table model twitter_kafka_pyspark_test.distinct_data ..... [[32mCREATE TABLE (1.1k rows, 638.3 KiB processed)[0m in 2.87s]
[2023-06-21T22:26:09.429+0000] {subprocess.py:93} INFO - [0m22:26:09  4 of 4 OK created sql view model twitter_kafka_pyspark_test.my_second_dbt_model  [[32mCREATE VIEW (0 processed)[0m in 0.74s]
[2023-06-21T22:26:09.495+0000] {subprocess.py:93} INFO - [0m22:26:09
[2023-06-21T22:26:09.498+0000] {subprocess.py:93} INFO - [0m22:26:09  Finished running 3 table models, 1 view model in 0 hours 0 minutes and 4.19 seconds (4.19s).
[2023-06-21T22:26:09.527+0000] {subprocess.py:93} INFO - [0m22:26:09
[2023-06-21T22:26:09.529+0000] {subprocess.py:93} INFO - [0m22:26:09  [32mCompleted successfully[0m
[2023-06-21T22:26:09.530+0000] {subprocess.py:93} INFO - [0m22:26:09
[2023-06-21T22:26:09.532+0000] {subprocess.py:93} INFO - [0m22:26:09  Done. PASS=4 WARN=0 ERROR=0 SKIP=0 TOTAL=4
[2023-06-21T22:26:10.008+0000] {subprocess.py:97} INFO - Command exited with return code 0
[2023-06-21T22:26:10.030+0000] {taskinstance.py:1332} INFO - Marking task as SUCCESS. dag_id=showpulse_dbt_dag, task_id=dbt_run, execution_date=20230621T222336, start_date=20230621T222603, end_date=20230621T222610
[2023-06-21T22:26:10.050+0000] {local_task_job.py:212} INFO - Task exited with return code 0
[2023-06-21T22:26:10.065+0000] {taskinstance.py:2596} INFO - 0 downstream tasks scheduled from follow-on schedule check
