[2023-06-21T23:34:23.242+0000] {taskinstance.py:1090} INFO - Dependencies all met for dep_context=non-requeueable deps ti=<TaskInstance: showpulse_dbt_dag.dbt_run scheduled__2023-06-21T23:33:19.110563+00:00 [queued]>
[2023-06-21T23:34:23.248+0000] {taskinstance.py:1090} INFO - Dependencies all met for dep_context=requeueable deps ti=<TaskInstance: showpulse_dbt_dag.dbt_run scheduled__2023-06-21T23:33:19.110563+00:00 [queued]>
[2023-06-21T23:34:23.248+0000] {taskinstance.py:1288} INFO - 
--------------------------------------------------------------------------------
[2023-06-21T23:34:23.249+0000] {taskinstance.py:1289} INFO - Starting attempt 1 of 1
[2023-06-21T23:34:23.249+0000] {taskinstance.py:1290} INFO - 
--------------------------------------------------------------------------------
[2023-06-21T23:34:23.257+0000] {taskinstance.py:1309} INFO - Executing <Task(BashOperator): dbt_run> on 2023-06-21 23:33:19.110563+00:00
[2023-06-21T23:34:23.260+0000] {standard_task_runner.py:55} INFO - Started process 7594 to run task
[2023-06-21T23:34:23.264+0000] {standard_task_runner.py:82} INFO - Running: ['***', 'tasks', 'run', 'showpulse_dbt_dag', 'dbt_run', 'scheduled__2023-06-21T23:33:19.110563+00:00', '--job-id', '1150', '--raw', '--subdir', 'DAGS_FOLDER/dbt_run.py', '--cfg-path', '/tmp/tmpwnthe5vo']
[2023-06-21T23:34:23.265+0000] {standard_task_runner.py:83} INFO - Job 1150: Subtask dbt_run
[2023-06-21T23:34:23.316+0000] {task_command.py:389} INFO - Running <TaskInstance: showpulse_dbt_dag.dbt_run scheduled__2023-06-21T23:33:19.110563+00:00 [running]> on host 62cfed75eae1
[2023-06-21T23:34:23.366+0000] {taskinstance.py:1518} INFO - Exporting the following env vars:
AIRFLOW_CTX_DAG_OWNER=nburkett
AIRFLOW_CTX_DAG_ID=showpulse_dbt_dag
AIRFLOW_CTX_TASK_ID=dbt_run
AIRFLOW_CTX_EXECUTION_DATE=2023-06-21T23:33:19.110563+00:00
AIRFLOW_CTX_TRY_NUMBER=1
AIRFLOW_CTX_DAG_RUN_ID=scheduled__2023-06-21T23:33:19.110563+00:00
[2023-06-21T23:34:23.367+0000] {subprocess.py:63} INFO - Tmp dir root location: 
 /tmp
[2023-06-21T23:34:23.368+0000] {subprocess.py:75} INFO - Running command: ['/bin/bash', '-c', 'cd /dbt/ticketmaster_transformation && dbt run']
[2023-06-21T23:34:23.378+0000] {subprocess.py:86} INFO - Output:
[2023-06-21T23:34:24.688+0000] {subprocess.py:93} INFO - [0m23:34:24  Running with dbt=1.5.1
[2023-06-21T23:34:25.275+0000] {subprocess.py:93} INFO - [0m23:34:25  Found 4 models, 0 tests, 0 snapshots, 0 analyses, 356 macros, 0 operations, 0 seed files, 3 sources, 0 exposures, 0 metrics, 0 groups
[2023-06-21T23:34:25.278+0000] {subprocess.py:93} INFO - [0m23:34:25
[2023-06-21T23:34:26.049+0000] {subprocess.py:93} INFO - [0m23:34:26  Concurrency: 4 threads (target='dev')
[2023-06-21T23:34:26.052+0000] {subprocess.py:93} INFO - [0m23:34:26
[2023-06-21T23:34:26.065+0000] {subprocess.py:93} INFO - [0m23:34:26  1 of 4 START sql table model twitter_kafka_pyspark_test.distinct_data .......... [RUN]
[2023-06-21T23:34:26.075+0000] {subprocess.py:93} INFO - [0m23:34:26  3 of 4 START sql table model twitter_kafka_pyspark_test.my_first_dbt_model ..... [RUN]
[2023-06-21T23:34:26.079+0000] {subprocess.py:93} INFO - [0m23:34:26  2 of 4 START sql table model twitter_kafka_pyspark_test.dm_events .............. [RUN]
[2023-06-21T23:34:28.733+0000] {subprocess.py:93} INFO - [0m23:34:28  3 of 4 OK created sql table model twitter_kafka_pyspark_test.my_first_dbt_model  [[32mCREATE TABLE (2.0 rows, 0 processed)[0m in 2.65s]
[2023-06-21T23:34:28.740+0000] {subprocess.py:93} INFO - [0m23:34:28  4 of 4 START sql view model twitter_kafka_pyspark_test.my_second_dbt_model ..... [RUN]
[2023-06-21T23:34:28.869+0000] {subprocess.py:93} INFO - [0m23:34:28  2 of 4 OK created sql table model twitter_kafka_pyspark_test.dm_events ......... [[32mCREATE TABLE (1.3k rows, 178.2 KiB processed)[0m in 2.78s]
[2023-06-21T23:34:29.036+0000] {subprocess.py:93} INFO - [0m23:34:29  1 of 4 OK created sql table model twitter_kafka_pyspark_test.distinct_data ..... [[32mCREATE TABLE (1.1k rows, 638.3 KiB processed)[0m in 2.97s]
[2023-06-21T23:34:29.554+0000] {subprocess.py:93} INFO - [0m23:34:29  4 of 4 OK created sql view model twitter_kafka_pyspark_test.my_second_dbt_model  [[32mCREATE VIEW (0 processed)[0m in 0.81s]
[2023-06-21T23:34:29.635+0000] {subprocess.py:93} INFO - [0m23:34:29
[2023-06-21T23:34:29.637+0000] {subprocess.py:93} INFO - [0m23:34:29  Finished running 3 table models, 1 view model in 0 hours 0 minutes and 4.36 seconds (4.36s).
[2023-06-21T23:34:29.659+0000] {subprocess.py:93} INFO - [0m23:34:29
[2023-06-21T23:34:29.661+0000] {subprocess.py:93} INFO - [0m23:34:29  [32mCompleted successfully[0m
[2023-06-21T23:34:29.662+0000] {subprocess.py:93} INFO - [0m23:34:29
[2023-06-21T23:34:29.663+0000] {subprocess.py:93} INFO - [0m23:34:29  Done. PASS=4 WARN=0 ERROR=0 SKIP=0 TOTAL=4
[2023-06-21T23:34:30.081+0000] {subprocess.py:97} INFO - Command exited with return code 0
[2023-06-21T23:34:30.105+0000] {taskinstance.py:1332} INFO - Marking task as SUCCESS. dag_id=showpulse_dbt_dag, task_id=dbt_run, execution_date=20230621T233319, start_date=20230621T233423, end_date=20230621T233430
[2023-06-21T23:34:30.157+0000] {local_task_job.py:212} INFO - Task exited with return code 0
[2023-06-21T23:34:30.171+0000] {taskinstance.py:2596} INFO - 0 downstream tasks scheduled from follow-on schedule check
