[2023-06-21T00:27:48.058+0000] {taskinstance.py:1090} INFO - Dependencies all met for dep_context=non-requeueable deps ti=<TaskInstance: showpulse_dbt_dag.dbt_run scheduled__2023-06-21T00:26:42.645289+00:00 [queued]>
[2023-06-21T00:27:48.066+0000] {taskinstance.py:1090} INFO - Dependencies all met for dep_context=requeueable deps ti=<TaskInstance: showpulse_dbt_dag.dbt_run scheduled__2023-06-21T00:26:42.645289+00:00 [queued]>
[2023-06-21T00:27:48.067+0000] {taskinstance.py:1288} INFO - 
--------------------------------------------------------------------------------
[2023-06-21T00:27:48.068+0000] {taskinstance.py:1289} INFO - Starting attempt 1 of 1
[2023-06-21T00:27:48.068+0000] {taskinstance.py:1290} INFO - 
--------------------------------------------------------------------------------
[2023-06-21T00:27:48.078+0000] {taskinstance.py:1309} INFO - Executing <Task(BashOperator): dbt_run> on 2023-06-21 00:26:42.645289+00:00
[2023-06-21T00:27:48.086+0000] {standard_task_runner.py:55} INFO - Started process 349 to run task
[2023-06-21T00:27:48.093+0000] {standard_task_runner.py:82} INFO - Running: ['***', 'tasks', 'run', 'showpulse_dbt_dag', 'dbt_run', 'scheduled__2023-06-21T00:26:42.645289+00:00', '--job-id', '406', '--raw', '--subdir', 'DAGS_FOLDER/dbt_run.py', '--cfg-path', '/tmp/tmpkch0jcq5']
[2023-06-21T00:27:48.096+0000] {standard_task_runner.py:83} INFO - Job 406: Subtask dbt_run
[2023-06-21T00:27:48.236+0000] {task_command.py:389} INFO - Running <TaskInstance: showpulse_dbt_dag.dbt_run scheduled__2023-06-21T00:26:42.645289+00:00 [running]> on host 62cfed75eae1
[2023-06-21T00:27:48.326+0000] {taskinstance.py:1518} INFO - Exporting the following env vars:
AIRFLOW_CTX_DAG_OWNER=nburkett
AIRFLOW_CTX_DAG_ID=showpulse_dbt_dag
AIRFLOW_CTX_TASK_ID=dbt_run
AIRFLOW_CTX_EXECUTION_DATE=2023-06-21T00:26:42.645289+00:00
AIRFLOW_CTX_TRY_NUMBER=1
AIRFLOW_CTX_DAG_RUN_ID=scheduled__2023-06-21T00:26:42.645289+00:00
[2023-06-21T00:27:48.328+0000] {subprocess.py:63} INFO - Tmp dir root location: 
 /tmp
[2023-06-21T00:27:48.329+0000] {subprocess.py:75} INFO - Running command: ['/bin/bash', '-c', 'cd /dbt/ticketmaster_transformation && dbt run']
[2023-06-21T00:27:48.340+0000] {subprocess.py:86} INFO - Output:
[2023-06-21T00:27:50.110+0000] {subprocess.py:93} INFO - [0m00:27:50  Running with dbt=1.5.1
[2023-06-21T00:27:50.808+0000] {subprocess.py:93} INFO - [0m00:27:50  Found 4 models, 0 tests, 0 snapshots, 0 analyses, 356 macros, 0 operations, 0 seed files, 3 sources, 0 exposures, 0 metrics, 0 groups
[2023-06-21T00:27:50.811+0000] {subprocess.py:93} INFO - [0m00:27:50
[2023-06-21T00:27:51.483+0000] {subprocess.py:93} INFO - [0m00:27:51  Concurrency: 4 threads (target='dev')
[2023-06-21T00:27:51.484+0000] {subprocess.py:93} INFO - [0m00:27:51
[2023-06-21T00:27:51.493+0000] {subprocess.py:93} INFO - [0m00:27:51  1 of 4 START sql table model twitter_kafka_pyspark_test.distinct_data .......... [RUN]
[2023-06-21T00:27:51.501+0000] {subprocess.py:93} INFO - [0m00:27:51  3 of 4 START sql table model twitter_kafka_pyspark_test.my_first_dbt_model ..... [RUN]
[2023-06-21T00:27:51.502+0000] {subprocess.py:93} INFO - [0m00:27:51  2 of 4 START sql table model twitter_kafka_pyspark_test.dm_events .............. [RUN]
[2023-06-21T00:27:54.429+0000] {subprocess.py:93} INFO - [0m00:27:54  2 of 4 OK created sql table model twitter_kafka_pyspark_test.dm_events ......... [[32mCREATE TABLE (1.3k rows, 178.2 KiB processed)[0m in 2.92s]
[2023-06-21T00:27:54.678+0000] {subprocess.py:93} INFO - [0m00:27:54  3 of 4 OK created sql table model twitter_kafka_pyspark_test.my_first_dbt_model  [[32mCREATE TABLE (2.0 rows, 0 processed)[0m in 3.17s]
[2023-06-21T00:27:54.683+0000] {subprocess.py:93} INFO - [0m00:27:54  4 of 4 START sql view model twitter_kafka_pyspark_test.my_second_dbt_model ..... [RUN]
[2023-06-21T00:27:54.721+0000] {subprocess.py:93} INFO - [0m00:27:54  1 of 4 OK created sql table model twitter_kafka_pyspark_test.distinct_data ..... [[32mCREATE TABLE (1.1k rows, 638.3 KiB processed)[0m in 3.22s]
[2023-06-21T00:27:55.624+0000] {subprocess.py:93} INFO - [0m00:27:55  4 of 4 OK created sql view model twitter_kafka_pyspark_test.my_second_dbt_model  [[32mCREATE VIEW (0 processed)[0m in 0.94s]
[2023-06-21T00:27:55.735+0000] {subprocess.py:93} INFO - [0m00:27:55
[2023-06-21T00:27:55.738+0000] {subprocess.py:93} INFO - [0m00:27:55  Finished running 3 table models, 1 view model in 0 hours 0 minutes and 4.92 seconds (4.92s).
[2023-06-21T00:27:55.793+0000] {subprocess.py:93} INFO - [0m00:27:55
[2023-06-21T00:27:55.795+0000] {subprocess.py:93} INFO - [0m00:27:55  [32mCompleted successfully[0m
[2023-06-21T00:27:55.796+0000] {subprocess.py:93} INFO - [0m00:27:55
[2023-06-21T00:27:55.798+0000] {subprocess.py:93} INFO - [0m00:27:55  Done. PASS=4 WARN=0 ERROR=0 SKIP=0 TOTAL=4
[2023-06-21T00:27:56.526+0000] {subprocess.py:97} INFO - Command exited with return code 0
[2023-06-21T00:27:56.604+0000] {taskinstance.py:1332} INFO - Marking task as SUCCESS. dag_id=showpulse_dbt_dag, task_id=dbt_run, execution_date=20230621T002642, start_date=20230621T002748, end_date=20230621T002756
[2023-06-21T00:27:56.675+0000] {local_task_job.py:212} INFO - Task exited with return code 0
[2023-06-21T00:27:56.734+0000] {taskinstance.py:2596} INFO - 0 downstream tasks scheduled from follow-on schedule check
