[2023-06-21T13:11:32.927+0000] {taskinstance.py:1090} INFO - Dependencies all met for dep_context=non-requeueable deps ti=<TaskInstance: showpulse_dbt_dag.dbt_run scheduled__2023-06-21T13:10:27.856261+00:00 [queued]>
[2023-06-21T13:11:32.934+0000] {taskinstance.py:1090} INFO - Dependencies all met for dep_context=requeueable deps ti=<TaskInstance: showpulse_dbt_dag.dbt_run scheduled__2023-06-21T13:10:27.856261+00:00 [queued]>
[2023-06-21T13:11:32.935+0000] {taskinstance.py:1288} INFO - 
--------------------------------------------------------------------------------
[2023-06-21T13:11:32.936+0000] {taskinstance.py:1289} INFO - Starting attempt 1 of 1
[2023-06-21T13:11:32.936+0000] {taskinstance.py:1290} INFO - 
--------------------------------------------------------------------------------
[2023-06-21T13:11:32.945+0000] {taskinstance.py:1309} INFO - Executing <Task(BashOperator): dbt_run> on 2023-06-21 13:10:27.856261+00:00
[2023-06-21T13:11:32.949+0000] {standard_task_runner.py:55} INFO - Started process 3566 to run task
[2023-06-21T13:11:32.952+0000] {standard_task_runner.py:82} INFO - Running: ['***', 'tasks', 'run', 'showpulse_dbt_dag', 'dbt_run', 'scheduled__2023-06-21T13:10:27.856261+00:00', '--job-id', '718', '--raw', '--subdir', 'DAGS_FOLDER/dbt_run.py', '--cfg-path', '/tmp/tmpu1o5wwji']
[2023-06-21T13:11:32.953+0000] {standard_task_runner.py:83} INFO - Job 718: Subtask dbt_run
[2023-06-21T13:11:33.009+0000] {task_command.py:389} INFO - Running <TaskInstance: showpulse_dbt_dag.dbt_run scheduled__2023-06-21T13:10:27.856261+00:00 [running]> on host 62cfed75eae1
[2023-06-21T13:11:33.062+0000] {taskinstance.py:1518} INFO - Exporting the following env vars:
AIRFLOW_CTX_DAG_OWNER=nburkett
AIRFLOW_CTX_DAG_ID=showpulse_dbt_dag
AIRFLOW_CTX_TASK_ID=dbt_run
AIRFLOW_CTX_EXECUTION_DATE=2023-06-21T13:10:27.856261+00:00
AIRFLOW_CTX_TRY_NUMBER=1
AIRFLOW_CTX_DAG_RUN_ID=scheduled__2023-06-21T13:10:27.856261+00:00
[2023-06-21T13:11:33.063+0000] {subprocess.py:63} INFO - Tmp dir root location: 
 /tmp
[2023-06-21T13:11:33.064+0000] {subprocess.py:75} INFO - Running command: ['/bin/bash', '-c', 'cd /dbt/ticketmaster_transformation && dbt run']
[2023-06-21T13:11:33.073+0000] {subprocess.py:86} INFO - Output:
[2023-06-21T13:11:34.363+0000] {subprocess.py:93} INFO - [0m13:11:34  Running with dbt=1.5.1
[2023-06-21T13:11:34.882+0000] {subprocess.py:93} INFO - [0m13:11:34  Found 4 models, 0 tests, 0 snapshots, 0 analyses, 356 macros, 0 operations, 0 seed files, 3 sources, 0 exposures, 0 metrics, 0 groups
[2023-06-21T13:11:34.885+0000] {subprocess.py:93} INFO - [0m13:11:34
[2023-06-21T13:11:35.844+0000] {subprocess.py:93} INFO - [0m13:11:35  Concurrency: 4 threads (target='dev')
[2023-06-21T13:11:35.853+0000] {subprocess.py:93} INFO - [0m13:11:35
[2023-06-21T13:11:35.866+0000] {subprocess.py:93} INFO - [0m13:11:35  1 of 4 START sql table model twitter_kafka_pyspark_test.distinct_data .......... [RUN]
[2023-06-21T13:11:35.868+0000] {subprocess.py:93} INFO - [0m13:11:35  2 of 4 START sql table model twitter_kafka_pyspark_test.dm_events .............. [RUN]
[2023-06-21T13:11:35.870+0000] {subprocess.py:93} INFO - [0m13:11:35  3 of 4 START sql table model twitter_kafka_pyspark_test.my_first_dbt_model ..... [RUN]
[2023-06-21T13:11:38.960+0000] {subprocess.py:93} INFO - [0m13:11:38  3 of 4 OK created sql table model twitter_kafka_pyspark_test.my_first_dbt_model  [[32mCREATE TABLE (2.0 rows, 0 processed)[0m in 3.08s]
[2023-06-21T13:11:38.967+0000] {subprocess.py:93} INFO - [0m13:11:38  4 of 4 START sql view model twitter_kafka_pyspark_test.my_second_dbt_model ..... [RUN]
[2023-06-21T13:11:39.228+0000] {subprocess.py:93} INFO - [0m13:11:39  2 of 4 OK created sql table model twitter_kafka_pyspark_test.dm_events ......... [[32mCREATE TABLE (1.3k rows, 178.2 KiB processed)[0m in 3.35s]
[2023-06-21T13:11:39.276+0000] {subprocess.py:93} INFO - [0m13:11:39  1 of 4 OK created sql table model twitter_kafka_pyspark_test.distinct_data ..... [[32mCREATE TABLE (1.1k rows, 638.3 KiB processed)[0m in 3.40s]
[2023-06-21T13:11:40.270+0000] {subprocess.py:93} INFO - [0m13:11:40  4 of 4 OK created sql view model twitter_kafka_pyspark_test.my_second_dbt_model  [[32mCREATE VIEW (0 processed)[0m in 1.30s]
[2023-06-21T13:11:40.330+0000] {subprocess.py:93} INFO - [0m13:11:40
[2023-06-21T13:11:40.333+0000] {subprocess.py:93} INFO - [0m13:11:40  Finished running 3 table models, 1 view model in 0 hours 0 minutes and 5.44 seconds (5.44s).
[2023-06-21T13:11:40.365+0000] {subprocess.py:93} INFO - [0m13:11:40
[2023-06-21T13:11:40.367+0000] {subprocess.py:93} INFO - [0m13:11:40  [32mCompleted successfully[0m
[2023-06-21T13:11:40.368+0000] {subprocess.py:93} INFO - [0m13:11:40
[2023-06-21T13:11:40.369+0000] {subprocess.py:93} INFO - [0m13:11:40  Done. PASS=4 WARN=0 ERROR=0 SKIP=0 TOTAL=4
[2023-06-21T13:11:40.816+0000] {subprocess.py:97} INFO - Command exited with return code 0
[2023-06-21T13:11:40.843+0000] {taskinstance.py:1332} INFO - Marking task as SUCCESS. dag_id=showpulse_dbt_dag, task_id=dbt_run, execution_date=20230621T131027, start_date=20230621T131132, end_date=20230621T131140
[2023-06-21T13:11:40.870+0000] {local_task_job.py:212} INFO - Task exited with return code 0
[2023-06-21T13:11:40.886+0000] {taskinstance.py:2596} INFO - 0 downstream tasks scheduled from follow-on schedule check
