[2023-06-03T00:25:03.794+0000] {taskinstance.py:1090} INFO - Dependencies all met for dep_context=non-requeueable deps ti=<TaskInstance: ny_taxi_local.delete_local_file.delete_local_file scheduled__2023-06-02T00:00:00+00:00 [queued]>
[2023-06-03T00:25:03.801+0000] {taskinstance.py:1090} INFO - Dependencies all met for dep_context=requeueable deps ti=<TaskInstance: ny_taxi_local.delete_local_file.delete_local_file scheduled__2023-06-02T00:00:00+00:00 [queued]>
[2023-06-03T00:25:03.802+0000] {taskinstance.py:1288} INFO - 
--------------------------------------------------------------------------------
[2023-06-03T00:25:03.803+0000] {taskinstance.py:1289} INFO - Starting attempt 1 of 1
[2023-06-03T00:25:03.803+0000] {taskinstance.py:1290} INFO - 
--------------------------------------------------------------------------------
[2023-06-03T00:25:03.812+0000] {taskinstance.py:1309} INFO - Executing <Task(_PythonDecoratedOperator): delete_local_file.delete_local_file> on 2023-06-02 00:00:00+00:00
[2023-06-03T00:25:03.815+0000] {standard_task_runner.py:55} INFO - Started process 83 to run task
[2023-06-03T00:25:03.820+0000] {standard_task_runner.py:82} INFO - Running: ['***', 'tasks', 'run', 'ny_taxi_local', 'delete_local_file.delete_local_file', 'scheduled__2023-06-02T00:00:00+00:00', '--job-id', '198', '--raw', '--subdir', 'DAGS_FOLDER/fetch_and_upload.py', '--cfg-path', '/tmp/tmp9rbwx0e6']
[2023-06-03T00:25:03.822+0000] {standard_task_runner.py:83} INFO - Job 198: Subtask delete_local_file.delete_local_file
[2023-06-03T00:25:03.880+0000] {task_command.py:389} INFO - Running <TaskInstance: ny_taxi_local.delete_local_file.delete_local_file scheduled__2023-06-02T00:00:00+00:00 [running]> on host fdfc81637e26
[2023-06-03T00:25:03.941+0000] {taskinstance.py:1518} INFO - Exporting the following env vars:
AIRFLOW_CTX_DAG_OWNER=***
AIRFLOW_CTX_DAG_ID=ny_taxi_local
AIRFLOW_CTX_TASK_ID=delete_local_file.delete_local_file
AIRFLOW_CTX_EXECUTION_DATE=2023-06-02T00:00:00+00:00
AIRFLOW_CTX_TRY_NUMBER=1
AIRFLOW_CTX_DAG_RUN_ID=scheduled__2023-06-02T00:00:00+00:00
[2023-06-03T00:25:03.947+0000] {logging_mixin.py:137} INFO - File yellow_tripdata_2023-06-03-00-24-56.parquet deleted from local directory.
[2023-06-03T00:25:03.948+0000] {python.py:177} INFO - Done. Returned value was: None
[2023-06-03T00:25:03.957+0000] {taskinstance.py:1332} INFO - Marking task as SUCCESS. dag_id=ny_taxi_local, task_id=delete_local_file.delete_local_file, execution_date=20230602T000000, start_date=20230603T002503, end_date=20230603T002503
[2023-06-03T00:25:03.991+0000] {local_task_job.py:212} INFO - Task exited with return code 0
[2023-06-03T00:25:04.006+0000] {taskinstance.py:2596} INFO - 0 downstream tasks scheduled from follow-on schedule check
