[2023-06-21T02:58:23.154+0000] {taskinstance.py:1090} INFO - Dependencies all met for dep_context=non-requeueable deps ti=<TaskInstance: showpulse_dbt_dag.dbt_run scheduled__2023-06-21T02:57:18.875296+00:00 [queued]>
[2023-06-21T02:58:23.159+0000] {taskinstance.py:1090} INFO - Dependencies all met for dep_context=requeueable deps ti=<TaskInstance: showpulse_dbt_dag.dbt_run scheduled__2023-06-21T02:57:18.875296+00:00 [queued]>
[2023-06-21T02:58:23.160+0000] {taskinstance.py:1288} INFO - 
--------------------------------------------------------------------------------
[2023-06-21T02:58:23.161+0000] {taskinstance.py:1289} INFO - Starting attempt 1 of 1
[2023-06-21T02:58:23.161+0000] {taskinstance.py:1290} INFO - 
--------------------------------------------------------------------------------
[2023-06-21T02:58:23.169+0000] {taskinstance.py:1309} INFO - Executing <Task(BashOperator): dbt_run> on 2023-06-21 02:57:18.875296+00:00
[2023-06-21T02:58:23.172+0000] {standard_task_runner.py:55} INFO - Started process 2447 to run task
[2023-06-21T02:58:23.175+0000] {standard_task_runner.py:82} INFO - Running: ['***', 'tasks', 'run', 'showpulse_dbt_dag', 'dbt_run', 'scheduled__2023-06-21T02:57:18.875296+00:00', '--job-id', '594', '--raw', '--subdir', 'DAGS_FOLDER/dbt_run.py', '--cfg-path', '/tmp/tmpv0gfw3dx']
[2023-06-21T02:58:23.176+0000] {standard_task_runner.py:83} INFO - Job 594: Subtask dbt_run
[2023-06-21T02:58:23.229+0000] {task_command.py:389} INFO - Running <TaskInstance: showpulse_dbt_dag.dbt_run scheduled__2023-06-21T02:57:18.875296+00:00 [running]> on host 62cfed75eae1
[2023-06-21T02:58:23.278+0000] {taskinstance.py:1518} INFO - Exporting the following env vars:
AIRFLOW_CTX_DAG_OWNER=nburkett
AIRFLOW_CTX_DAG_ID=showpulse_dbt_dag
AIRFLOW_CTX_TASK_ID=dbt_run
AIRFLOW_CTX_EXECUTION_DATE=2023-06-21T02:57:18.875296+00:00
AIRFLOW_CTX_TRY_NUMBER=1
AIRFLOW_CTX_DAG_RUN_ID=scheduled__2023-06-21T02:57:18.875296+00:00
[2023-06-21T02:58:23.279+0000] {subprocess.py:63} INFO - Tmp dir root location: 
 /tmp
[2023-06-21T02:58:23.280+0000] {subprocess.py:75} INFO - Running command: ['/bin/bash', '-c', 'cd /dbt/ticketmaster_transformation && dbt run']
[2023-06-21T02:58:23.288+0000] {subprocess.py:86} INFO - Output:
[2023-06-21T02:58:24.488+0000] {subprocess.py:93} INFO - [0m02:58:24  Running with dbt=1.5.1
[2023-06-21T02:58:24.972+0000] {subprocess.py:93} INFO - [0m02:58:24  Found 4 models, 0 tests, 0 snapshots, 0 analyses, 356 macros, 0 operations, 0 seed files, 3 sources, 0 exposures, 0 metrics, 0 groups
[2023-06-21T02:58:24.975+0000] {subprocess.py:93} INFO - [0m02:58:24
[2023-06-21T02:58:25.968+0000] {subprocess.py:93} INFO - [0m02:58:25  Concurrency: 4 threads (target='dev')
[2023-06-21T02:58:25.972+0000] {subprocess.py:93} INFO - [0m02:58:25
[2023-06-21T02:58:25.990+0000] {subprocess.py:93} INFO - [0m02:58:25  1 of 4 START sql table model twitter_kafka_pyspark_test.distinct_data .......... [RUN]
[2023-06-21T02:58:25.995+0000] {subprocess.py:93} INFO - [0m02:58:25  3 of 4 START sql table model twitter_kafka_pyspark_test.my_first_dbt_model ..... [RUN]
[2023-06-21T02:58:25.998+0000] {subprocess.py:93} INFO - [0m02:58:25  2 of 4 START sql table model twitter_kafka_pyspark_test.dm_events .............. [RUN]
[2023-06-21T02:58:30.111+0000] {subprocess.py:93} INFO - [0m02:58:30  2 of 4 OK created sql table model twitter_kafka_pyspark_test.dm_events ......... [[32mCREATE TABLE (1.3k rows, 178.2 KiB processed)[0m in 4.10s]
[2023-06-21T02:58:30.113+0000] {subprocess.py:93} INFO - [0m02:58:30  1 of 4 OK created sql table model twitter_kafka_pyspark_test.distinct_data ..... [[32mCREATE TABLE (1.1k rows, 638.3 KiB processed)[0m in 4.12s]
[2023-06-21T02:58:30.353+0000] {subprocess.py:93} INFO - [0m02:58:30  3 of 4 OK created sql table model twitter_kafka_pyspark_test.my_first_dbt_model  [[32mCREATE TABLE (2.0 rows, 0 processed)[0m in 4.35s]
[2023-06-21T02:58:30.362+0000] {subprocess.py:93} INFO - [0m02:58:30  4 of 4 START sql view model twitter_kafka_pyspark_test.my_second_dbt_model ..... [RUN]
[2023-06-21T02:58:31.352+0000] {subprocess.py:93} INFO - [0m02:58:31  4 of 4 OK created sql view model twitter_kafka_pyspark_test.my_second_dbt_model  [[32mCREATE VIEW (0 processed)[0m in 0.98s]
[2023-06-21T02:58:31.391+0000] {subprocess.py:93} INFO - [0m02:58:31
[2023-06-21T02:58:31.393+0000] {subprocess.py:93} INFO - [0m02:58:31  Finished running 3 table models, 1 view model in 0 hours 0 minutes and 6.41 seconds (6.41s).
[2023-06-21T02:58:31.425+0000] {subprocess.py:93} INFO - [0m02:58:31
[2023-06-21T02:58:31.426+0000] {subprocess.py:93} INFO - [0m02:58:31  [32mCompleted successfully[0m
[2023-06-21T02:58:31.428+0000] {subprocess.py:93} INFO - [0m02:58:31
[2023-06-21T02:58:31.429+0000] {subprocess.py:93} INFO - [0m02:58:31  Done. PASS=4 WARN=0 ERROR=0 SKIP=0 TOTAL=4
[2023-06-21T02:58:32.017+0000] {subprocess.py:97} INFO - Command exited with return code 0
[2023-06-21T02:58:32.047+0000] {taskinstance.py:1332} INFO - Marking task as SUCCESS. dag_id=showpulse_dbt_dag, task_id=dbt_run, execution_date=20230621T025718, start_date=20230621T025823, end_date=20230621T025832
[2023-06-21T02:58:32.118+0000] {local_task_job.py:212} INFO - Task exited with return code 0
[2023-06-21T02:58:32.134+0000] {taskinstance.py:2596} INFO - 0 downstream tasks scheduled from follow-on schedule check
