[2023-06-21T03:37:36.166+0000] {taskinstance.py:1090} INFO - Dependencies all met for dep_context=non-requeueable deps ti=<TaskInstance: showpulse_dbt_dag.dbt_run scheduled__2023-06-21T03:36:32.859561+00:00 [queued]>
[2023-06-21T03:37:36.172+0000] {taskinstance.py:1090} INFO - Dependencies all met for dep_context=requeueable deps ti=<TaskInstance: showpulse_dbt_dag.dbt_run scheduled__2023-06-21T03:36:32.859561+00:00 [queued]>
[2023-06-21T03:37:36.172+0000] {taskinstance.py:1288} INFO - 
--------------------------------------------------------------------------------
[2023-06-21T03:37:36.173+0000] {taskinstance.py:1289} INFO - Starting attempt 1 of 1
[2023-06-21T03:37:36.173+0000] {taskinstance.py:1290} INFO - 
--------------------------------------------------------------------------------
[2023-06-21T03:37:36.181+0000] {taskinstance.py:1309} INFO - Executing <Task(BashOperator): dbt_run> on 2023-06-21 03:36:32.859561+00:00
[2023-06-21T03:37:36.185+0000] {standard_task_runner.py:55} INFO - Started process 2673 to run task
[2023-06-21T03:37:36.188+0000] {standard_task_runner.py:82} INFO - Running: ['***', 'tasks', 'run', 'showpulse_dbt_dag', 'dbt_run', 'scheduled__2023-06-21T03:36:32.859561+00:00', '--job-id', '618', '--raw', '--subdir', 'DAGS_FOLDER/dbt_run.py', '--cfg-path', '/tmp/tmpcjp_epdg']
[2023-06-21T03:37:36.189+0000] {standard_task_runner.py:83} INFO - Job 618: Subtask dbt_run
[2023-06-21T03:37:36.241+0000] {task_command.py:389} INFO - Running <TaskInstance: showpulse_dbt_dag.dbt_run scheduled__2023-06-21T03:36:32.859561+00:00 [running]> on host 62cfed75eae1
[2023-06-21T03:37:36.291+0000] {taskinstance.py:1518} INFO - Exporting the following env vars:
AIRFLOW_CTX_DAG_OWNER=nburkett
AIRFLOW_CTX_DAG_ID=showpulse_dbt_dag
AIRFLOW_CTX_TASK_ID=dbt_run
AIRFLOW_CTX_EXECUTION_DATE=2023-06-21T03:36:32.859561+00:00
AIRFLOW_CTX_TRY_NUMBER=1
AIRFLOW_CTX_DAG_RUN_ID=scheduled__2023-06-21T03:36:32.859561+00:00
[2023-06-21T03:37:36.293+0000] {subprocess.py:63} INFO - Tmp dir root location: 
 /tmp
[2023-06-21T03:37:36.294+0000] {subprocess.py:75} INFO - Running command: ['/bin/bash', '-c', 'cd /dbt/ticketmaster_transformation && dbt run']
[2023-06-21T03:37:36.301+0000] {subprocess.py:86} INFO - Output:
[2023-06-21T03:37:37.544+0000] {subprocess.py:93} INFO - [0m03:37:37  Running with dbt=1.5.1
[2023-06-21T03:37:38.013+0000] {subprocess.py:93} INFO - [0m03:37:38  Found 4 models, 0 tests, 0 snapshots, 0 analyses, 356 macros, 0 operations, 0 seed files, 3 sources, 0 exposures, 0 metrics, 0 groups
[2023-06-21T03:37:38.016+0000] {subprocess.py:93} INFO - [0m03:37:38
[2023-06-21T03:37:38.872+0000] {subprocess.py:93} INFO - [0m03:37:38  Concurrency: 4 threads (target='dev')
[2023-06-21T03:37:38.876+0000] {subprocess.py:93} INFO - [0m03:37:38
[2023-06-21T03:37:38.896+0000] {subprocess.py:93} INFO - [0m03:37:38  1 of 4 START sql table model twitter_kafka_pyspark_test.distinct_data .......... [RUN]
[2023-06-21T03:37:38.899+0000] {subprocess.py:93} INFO - [0m03:37:38  2 of 4 START sql table model twitter_kafka_pyspark_test.dm_events .............. [RUN]
[2023-06-21T03:37:38.902+0000] {subprocess.py:93} INFO - [0m03:37:38  3 of 4 START sql table model twitter_kafka_pyspark_test.my_first_dbt_model ..... [RUN]
[2023-06-21T03:37:41.668+0000] {subprocess.py:93} INFO - [0m03:37:41  3 of 4 OK created sql table model twitter_kafka_pyspark_test.my_first_dbt_model  [[32mCREATE TABLE (2.0 rows, 0 processed)[0m in 2.76s]
[2023-06-21T03:37:41.676+0000] {subprocess.py:93} INFO - [0m03:37:41  4 of 4 START sql view model twitter_kafka_pyspark_test.my_second_dbt_model ..... [RUN]
[2023-06-21T03:37:42.319+0000] {subprocess.py:93} INFO - [0m03:37:42  2 of 4 OK created sql table model twitter_kafka_pyspark_test.dm_events ......... [[32mCREATE TABLE (1.3k rows, 178.2 KiB processed)[0m in 3.41s]
[2023-06-21T03:37:42.504+0000] {subprocess.py:93} INFO - [0m03:37:42  1 of 4 OK created sql table model twitter_kafka_pyspark_test.distinct_data ..... [[32mCREATE TABLE (1.1k rows, 638.3 KiB processed)[0m in 3.60s]
[2023-06-21T03:37:42.633+0000] {subprocess.py:93} INFO - [0m03:37:42  4 of 4 OK created sql view model twitter_kafka_pyspark_test.my_second_dbt_model  [[32mCREATE VIEW (0 processed)[0m in 0.95s]
[2023-06-21T03:37:42.709+0000] {subprocess.py:93} INFO - [0m03:37:42
[2023-06-21T03:37:42.711+0000] {subprocess.py:93} INFO - [0m03:37:42  Finished running 3 table models, 1 view model in 0 hours 0 minutes and 4.69 seconds (4.69s).
[2023-06-21T03:37:42.733+0000] {subprocess.py:93} INFO - [0m03:37:42
[2023-06-21T03:37:42.734+0000] {subprocess.py:93} INFO - [0m03:37:42  [32mCompleted successfully[0m
[2023-06-21T03:37:42.735+0000] {subprocess.py:93} INFO - [0m03:37:42
[2023-06-21T03:37:42.736+0000] {subprocess.py:93} INFO - [0m03:37:42  Done. PASS=4 WARN=0 ERROR=0 SKIP=0 TOTAL=4
[2023-06-21T03:37:43.160+0000] {subprocess.py:97} INFO - Command exited with return code 0
[2023-06-21T03:37:43.185+0000] {taskinstance.py:1332} INFO - Marking task as SUCCESS. dag_id=showpulse_dbt_dag, task_id=dbt_run, execution_date=20230621T033632, start_date=20230621T033736, end_date=20230621T033743
[2023-06-21T03:37:43.208+0000] {local_task_job.py:212} INFO - Task exited with return code 0
[2023-06-21T03:37:43.222+0000] {taskinstance.py:2596} INFO - 0 downstream tasks scheduled from follow-on schedule check
