[2023-04-25T01:48:44.218+0000] {processor.py:153} INFO - Started process (PID=68) to work on /home/airflow/.local/lib/python3.7/site-packages/airflow/example_dags/example_kubernetes_executor.py
[2023-04-25T01:48:44.220+0000] {processor.py:743} INFO - Processing file /home/airflow/.local/lib/python3.7/site-packages/airflow/example_dags/example_kubernetes_executor.py for tasks to queue
[2023-04-25T01:48:44.221+0000] {logging_mixin.py:137} INFO - [2023-04-25T01:48:44.221+0000] {dagbag.py:532} INFO - Filling up the DagBag from /home/airflow/.local/lib/python3.7/site-packages/airflow/example_dags/example_kubernetes_executor.py
[2023-04-25T01:48:44.598+0000] {processor.py:753} INFO - DAG(s) dict_keys(['example_kubernetes_executor']) retrieved from /home/airflow/.local/lib/python3.7/site-packages/airflow/example_dags/example_kubernetes_executor.py
[2023-04-25T01:48:44.659+0000] {logging_mixin.py:137} INFO - [2023-04-25T01:48:44.658+0000] {dag.py:2705} INFO - Sync 1 DAGs
[2023-04-25T01:48:44.731+0000] {logging_mixin.py:137} INFO - [2023-04-25T01:48:44.731+0000] {dag.py:3456} INFO - Setting next_dagrun for example_kubernetes_executor to None, run_after=None
[2023-04-25T01:48:44.845+0000] {processor.py:175} INFO - Processing /home/airflow/.local/lib/python3.7/site-packages/airflow/example_dags/example_kubernetes_executor.py took 0.639 seconds
[2023-04-25T01:49:15.568+0000] {processor.py:153} INFO - Started process (PID=117) to work on /home/airflow/.local/lib/python3.7/site-packages/airflow/example_dags/example_kubernetes_executor.py
[2023-04-25T01:49:15.570+0000] {processor.py:743} INFO - Processing file /home/airflow/.local/lib/python3.7/site-packages/airflow/example_dags/example_kubernetes_executor.py for tasks to queue
[2023-04-25T01:49:15.571+0000] {logging_mixin.py:137} INFO - [2023-04-25T01:49:15.571+0000] {dagbag.py:532} INFO - Filling up the DagBag from /home/airflow/.local/lib/python3.7/site-packages/airflow/example_dags/example_kubernetes_executor.py
[2023-04-25T01:49:15.705+0000] {processor.py:753} INFO - DAG(s) dict_keys(['example_kubernetes_executor']) retrieved from /home/airflow/.local/lib/python3.7/site-packages/airflow/example_dags/example_kubernetes_executor.py
[2023-04-25T01:49:15.779+0000] {logging_mixin.py:137} INFO - [2023-04-25T01:49:15.778+0000] {dag.py:2705} INFO - Sync 1 DAGs
[2023-04-25T01:49:15.806+0000] {logging_mixin.py:137} INFO - [2023-04-25T01:49:15.806+0000] {dag.py:3456} INFO - Setting next_dagrun for example_kubernetes_executor to None, run_after=None
[2023-04-25T01:49:15.821+0000] {processor.py:175} INFO - Processing /home/airflow/.local/lib/python3.7/site-packages/airflow/example_dags/example_kubernetes_executor.py took 0.258 seconds
[2023-04-25T01:49:45.964+0000] {processor.py:153} INFO - Started process (PID=167) to work on /home/airflow/.local/lib/python3.7/site-packages/airflow/example_dags/example_kubernetes_executor.py
[2023-04-25T01:49:45.967+0000] {processor.py:743} INFO - Processing file /home/airflow/.local/lib/python3.7/site-packages/airflow/example_dags/example_kubernetes_executor.py for tasks to queue
[2023-04-25T01:49:45.968+0000] {logging_mixin.py:137} INFO - [2023-04-25T01:49:45.968+0000] {dagbag.py:532} INFO - Filling up the DagBag from /home/airflow/.local/lib/python3.7/site-packages/airflow/example_dags/example_kubernetes_executor.py
[2023-04-25T01:49:45.996+0000] {processor.py:753} INFO - DAG(s) dict_keys(['example_kubernetes_executor']) retrieved from /home/airflow/.local/lib/python3.7/site-packages/airflow/example_dags/example_kubernetes_executor.py
[2023-04-25T01:49:46.029+0000] {logging_mixin.py:137} INFO - [2023-04-25T01:49:46.028+0000] {dag.py:2705} INFO - Sync 1 DAGs
[2023-04-25T01:49:46.053+0000] {logging_mixin.py:137} INFO - [2023-04-25T01:49:46.053+0000] {dag.py:3456} INFO - Setting next_dagrun for example_kubernetes_executor to None, run_after=None
[2023-04-25T01:49:46.067+0000] {processor.py:175} INFO - Processing /home/airflow/.local/lib/python3.7/site-packages/airflow/example_dags/example_kubernetes_executor.py took 0.107 seconds
[2023-04-25T01:50:16.137+0000] {processor.py:153} INFO - Started process (PID=217) to work on /home/airflow/.local/lib/python3.7/site-packages/airflow/example_dags/example_kubernetes_executor.py
[2023-04-25T01:50:16.139+0000] {processor.py:743} INFO - Processing file /home/airflow/.local/lib/python3.7/site-packages/airflow/example_dags/example_kubernetes_executor.py for tasks to queue
[2023-04-25T01:50:16.140+0000] {logging_mixin.py:137} INFO - [2023-04-25T01:50:16.140+0000] {dagbag.py:532} INFO - Filling up the DagBag from /home/airflow/.local/lib/python3.7/site-packages/airflow/example_dags/example_kubernetes_executor.py
[2023-04-25T01:50:16.164+0000] {processor.py:753} INFO - DAG(s) dict_keys(['example_kubernetes_executor']) retrieved from /home/airflow/.local/lib/python3.7/site-packages/airflow/example_dags/example_kubernetes_executor.py
[2023-04-25T01:50:16.188+0000] {logging_mixin.py:137} INFO - [2023-04-25T01:50:16.188+0000] {dag.py:2705} INFO - Sync 1 DAGs
[2023-04-25T01:50:16.204+0000] {logging_mixin.py:137} INFO - [2023-04-25T01:50:16.204+0000] {dag.py:3456} INFO - Setting next_dagrun for example_kubernetes_executor to None, run_after=None
[2023-04-25T01:50:16.229+0000] {processor.py:175} INFO - Processing /home/airflow/.local/lib/python3.7/site-packages/airflow/example_dags/example_kubernetes_executor.py took 0.097 seconds
[2023-04-25T01:50:47.047+0000] {processor.py:153} INFO - Started process (PID=268) to work on /home/airflow/.local/lib/python3.7/site-packages/airflow/example_dags/example_kubernetes_executor.py
[2023-04-25T01:50:47.051+0000] {processor.py:743} INFO - Processing file /home/airflow/.local/lib/python3.7/site-packages/airflow/example_dags/example_kubernetes_executor.py for tasks to queue
[2023-04-25T01:50:47.052+0000] {logging_mixin.py:137} INFO - [2023-04-25T01:50:47.052+0000] {dagbag.py:532} INFO - Filling up the DagBag from /home/airflow/.local/lib/python3.7/site-packages/airflow/example_dags/example_kubernetes_executor.py
[2023-04-25T01:50:47.103+0000] {processor.py:753} INFO - DAG(s) dict_keys(['example_kubernetes_executor']) retrieved from /home/airflow/.local/lib/python3.7/site-packages/airflow/example_dags/example_kubernetes_executor.py
[2023-04-25T01:50:47.160+0000] {logging_mixin.py:137} INFO - [2023-04-25T01:50:47.160+0000] {dag.py:2705} INFO - Sync 1 DAGs
[2023-04-25T01:50:47.198+0000] {logging_mixin.py:137} INFO - [2023-04-25T01:50:47.197+0000] {dag.py:3456} INFO - Setting next_dagrun for example_kubernetes_executor to None, run_after=None
[2023-04-25T01:50:47.214+0000] {processor.py:175} INFO - Processing /home/airflow/.local/lib/python3.7/site-packages/airflow/example_dags/example_kubernetes_executor.py took 0.184 seconds
[2023-04-25T01:51:18.027+0000] {processor.py:153} INFO - Started process (PID=318) to work on /home/airflow/.local/lib/python3.7/site-packages/airflow/example_dags/example_kubernetes_executor.py
[2023-04-25T01:51:18.029+0000] {processor.py:743} INFO - Processing file /home/airflow/.local/lib/python3.7/site-packages/airflow/example_dags/example_kubernetes_executor.py for tasks to queue
[2023-04-25T01:51:18.030+0000] {logging_mixin.py:137} INFO - [2023-04-25T01:51:18.030+0000] {dagbag.py:532} INFO - Filling up the DagBag from /home/airflow/.local/lib/python3.7/site-packages/airflow/example_dags/example_kubernetes_executor.py
[2023-04-25T01:51:18.061+0000] {processor.py:753} INFO - DAG(s) dict_keys(['example_kubernetes_executor']) retrieved from /home/airflow/.local/lib/python3.7/site-packages/airflow/example_dags/example_kubernetes_executor.py
[2023-04-25T01:51:18.092+0000] {logging_mixin.py:137} INFO - [2023-04-25T01:51:18.092+0000] {dag.py:2705} INFO - Sync 1 DAGs
[2023-04-25T01:51:18.109+0000] {logging_mixin.py:137} INFO - [2023-04-25T01:51:18.109+0000] {dag.py:3456} INFO - Setting next_dagrun for example_kubernetes_executor to None, run_after=None
[2023-04-25T01:51:18.127+0000] {processor.py:175} INFO - Processing /home/airflow/.local/lib/python3.7/site-packages/airflow/example_dags/example_kubernetes_executor.py took 0.103 seconds
[2023-04-25T01:51:48.353+0000] {processor.py:153} INFO - Started process (PID=368) to work on /home/airflow/.local/lib/python3.7/site-packages/airflow/example_dags/example_kubernetes_executor.py
[2023-04-25T01:51:48.357+0000] {processor.py:743} INFO - Processing file /home/airflow/.local/lib/python3.7/site-packages/airflow/example_dags/example_kubernetes_executor.py for tasks to queue
[2023-04-25T01:51:48.358+0000] {logging_mixin.py:137} INFO - [2023-04-25T01:51:48.358+0000] {dagbag.py:532} INFO - Filling up the DagBag from /home/airflow/.local/lib/python3.7/site-packages/airflow/example_dags/example_kubernetes_executor.py
[2023-04-25T01:51:48.385+0000] {processor.py:753} INFO - DAG(s) dict_keys(['example_kubernetes_executor']) retrieved from /home/airflow/.local/lib/python3.7/site-packages/airflow/example_dags/example_kubernetes_executor.py
[2023-04-25T01:51:48.410+0000] {logging_mixin.py:137} INFO - [2023-04-25T01:51:48.409+0000] {dag.py:2705} INFO - Sync 1 DAGs
[2023-04-25T01:51:48.425+0000] {logging_mixin.py:137} INFO - [2023-04-25T01:51:48.425+0000] {dag.py:3456} INFO - Setting next_dagrun for example_kubernetes_executor to None, run_after=None
[2023-04-25T01:51:48.438+0000] {processor.py:175} INFO - Processing /home/airflow/.local/lib/python3.7/site-packages/airflow/example_dags/example_kubernetes_executor.py took 0.093 seconds
[2023-04-25T01:52:18.900+0000] {processor.py:153} INFO - Started process (PID=419) to work on /home/airflow/.local/lib/python3.7/site-packages/airflow/example_dags/example_kubernetes_executor.py
[2023-04-25T01:52:18.903+0000] {processor.py:743} INFO - Processing file /home/airflow/.local/lib/python3.7/site-packages/airflow/example_dags/example_kubernetes_executor.py for tasks to queue
[2023-04-25T01:52:18.904+0000] {logging_mixin.py:137} INFO - [2023-04-25T01:52:18.904+0000] {dagbag.py:532} INFO - Filling up the DagBag from /home/airflow/.local/lib/python3.7/site-packages/airflow/example_dags/example_kubernetes_executor.py
[2023-04-25T01:52:18.932+0000] {processor.py:753} INFO - DAG(s) dict_keys(['example_kubernetes_executor']) retrieved from /home/airflow/.local/lib/python3.7/site-packages/airflow/example_dags/example_kubernetes_executor.py
[2023-04-25T01:52:18.961+0000] {logging_mixin.py:137} INFO - [2023-04-25T01:52:18.961+0000] {dag.py:2705} INFO - Sync 1 DAGs
[2023-04-25T01:52:18.977+0000] {logging_mixin.py:137} INFO - [2023-04-25T01:52:18.977+0000] {dag.py:3456} INFO - Setting next_dagrun for example_kubernetes_executor to None, run_after=None
[2023-04-25T01:52:18.990+0000] {processor.py:175} INFO - Processing /home/airflow/.local/lib/python3.7/site-packages/airflow/example_dags/example_kubernetes_executor.py took 0.094 seconds
[2023-04-25T01:52:49.717+0000] {processor.py:153} INFO - Started process (PID=469) to work on /home/airflow/.local/lib/python3.7/site-packages/airflow/example_dags/example_kubernetes_executor.py
[2023-04-25T01:52:49.721+0000] {processor.py:743} INFO - Processing file /home/airflow/.local/lib/python3.7/site-packages/airflow/example_dags/example_kubernetes_executor.py for tasks to queue
[2023-04-25T01:52:49.723+0000] {logging_mixin.py:137} INFO - [2023-04-25T01:52:49.723+0000] {dagbag.py:532} INFO - Filling up the DagBag from /home/airflow/.local/lib/python3.7/site-packages/airflow/example_dags/example_kubernetes_executor.py
[2023-04-25T01:52:49.754+0000] {processor.py:753} INFO - DAG(s) dict_keys(['example_kubernetes_executor']) retrieved from /home/airflow/.local/lib/python3.7/site-packages/airflow/example_dags/example_kubernetes_executor.py
[2023-04-25T01:52:49.779+0000] {logging_mixin.py:137} INFO - [2023-04-25T01:52:49.779+0000] {dag.py:2705} INFO - Sync 1 DAGs
[2023-04-25T01:52:49.796+0000] {logging_mixin.py:137} INFO - [2023-04-25T01:52:49.796+0000] {dag.py:3456} INFO - Setting next_dagrun for example_kubernetes_executor to None, run_after=None
[2023-04-25T01:52:49.810+0000] {processor.py:175} INFO - Processing /home/airflow/.local/lib/python3.7/site-packages/airflow/example_dags/example_kubernetes_executor.py took 0.100 seconds
[2023-04-25T01:53:20.226+0000] {processor.py:153} INFO - Started process (PID=519) to work on /home/airflow/.local/lib/python3.7/site-packages/airflow/example_dags/example_kubernetes_executor.py
[2023-04-25T01:53:20.231+0000] {processor.py:743} INFO - Processing file /home/airflow/.local/lib/python3.7/site-packages/airflow/example_dags/example_kubernetes_executor.py for tasks to queue
[2023-04-25T01:53:20.233+0000] {logging_mixin.py:137} INFO - [2023-04-25T01:53:20.232+0000] {dagbag.py:532} INFO - Filling up the DagBag from /home/airflow/.local/lib/python3.7/site-packages/airflow/example_dags/example_kubernetes_executor.py
[2023-04-25T01:53:20.263+0000] {processor.py:753} INFO - DAG(s) dict_keys(['example_kubernetes_executor']) retrieved from /home/airflow/.local/lib/python3.7/site-packages/airflow/example_dags/example_kubernetes_executor.py
[2023-04-25T01:53:20.288+0000] {logging_mixin.py:137} INFO - [2023-04-25T01:53:20.287+0000] {dag.py:2705} INFO - Sync 1 DAGs
[2023-04-25T01:53:20.304+0000] {logging_mixin.py:137} INFO - [2023-04-25T01:53:20.304+0000] {dag.py:3456} INFO - Setting next_dagrun for example_kubernetes_executor to None, run_after=None
[2023-04-25T01:53:20.315+0000] {processor.py:175} INFO - Processing /home/airflow/.local/lib/python3.7/site-packages/airflow/example_dags/example_kubernetes_executor.py took 0.099 seconds
[2023-04-25T01:53:50.956+0000] {processor.py:153} INFO - Started process (PID=569) to work on /home/airflow/.local/lib/python3.7/site-packages/airflow/example_dags/example_kubernetes_executor.py
[2023-04-25T01:53:50.957+0000] {processor.py:743} INFO - Processing file /home/airflow/.local/lib/python3.7/site-packages/airflow/example_dags/example_kubernetes_executor.py for tasks to queue
[2023-04-25T01:53:50.958+0000] {logging_mixin.py:137} INFO - [2023-04-25T01:53:50.958+0000] {dagbag.py:532} INFO - Filling up the DagBag from /home/airflow/.local/lib/python3.7/site-packages/airflow/example_dags/example_kubernetes_executor.py
[2023-04-25T01:53:50.980+0000] {processor.py:753} INFO - DAG(s) dict_keys(['example_kubernetes_executor']) retrieved from /home/airflow/.local/lib/python3.7/site-packages/airflow/example_dags/example_kubernetes_executor.py
[2023-04-25T01:53:51.007+0000] {logging_mixin.py:137} INFO - [2023-04-25T01:53:51.006+0000] {dag.py:2705} INFO - Sync 1 DAGs
[2023-04-25T01:53:51.029+0000] {logging_mixin.py:137} INFO - [2023-04-25T01:53:51.029+0000] {dag.py:3456} INFO - Setting next_dagrun for example_kubernetes_executor to None, run_after=None
[2023-04-25T01:53:51.045+0000] {processor.py:175} INFO - Processing /home/airflow/.local/lib/python3.7/site-packages/airflow/example_dags/example_kubernetes_executor.py took 0.093 seconds
[2023-04-25T01:54:21.562+0000] {processor.py:153} INFO - Started process (PID=619) to work on /home/airflow/.local/lib/python3.7/site-packages/airflow/example_dags/example_kubernetes_executor.py
[2023-04-25T01:54:21.564+0000] {processor.py:743} INFO - Processing file /home/airflow/.local/lib/python3.7/site-packages/airflow/example_dags/example_kubernetes_executor.py for tasks to queue
[2023-04-25T01:54:21.565+0000] {logging_mixin.py:137} INFO - [2023-04-25T01:54:21.564+0000] {dagbag.py:532} INFO - Filling up the DagBag from /home/airflow/.local/lib/python3.7/site-packages/airflow/example_dags/example_kubernetes_executor.py
[2023-04-25T01:54:21.588+0000] {processor.py:753} INFO - DAG(s) dict_keys(['example_kubernetes_executor']) retrieved from /home/airflow/.local/lib/python3.7/site-packages/airflow/example_dags/example_kubernetes_executor.py
[2023-04-25T01:54:21.628+0000] {logging_mixin.py:137} INFO - [2023-04-25T01:54:21.628+0000] {dag.py:2705} INFO - Sync 1 DAGs
[2023-04-25T01:54:21.649+0000] {logging_mixin.py:137} INFO - [2023-04-25T01:54:21.648+0000] {dag.py:3456} INFO - Setting next_dagrun for example_kubernetes_executor to None, run_after=None
[2023-04-25T01:54:21.662+0000] {processor.py:175} INFO - Processing /home/airflow/.local/lib/python3.7/site-packages/airflow/example_dags/example_kubernetes_executor.py took 0.103 seconds
[2023-04-25T01:54:52.159+0000] {processor.py:153} INFO - Started process (PID=669) to work on /home/airflow/.local/lib/python3.7/site-packages/airflow/example_dags/example_kubernetes_executor.py
[2023-04-25T01:54:52.162+0000] {processor.py:743} INFO - Processing file /home/airflow/.local/lib/python3.7/site-packages/airflow/example_dags/example_kubernetes_executor.py for tasks to queue
[2023-04-25T01:54:52.163+0000] {logging_mixin.py:137} INFO - [2023-04-25T01:54:52.163+0000] {dagbag.py:532} INFO - Filling up the DagBag from /home/airflow/.local/lib/python3.7/site-packages/airflow/example_dags/example_kubernetes_executor.py
[2023-04-25T01:54:52.187+0000] {processor.py:753} INFO - DAG(s) dict_keys(['example_kubernetes_executor']) retrieved from /home/airflow/.local/lib/python3.7/site-packages/airflow/example_dags/example_kubernetes_executor.py
[2023-04-25T01:54:52.220+0000] {logging_mixin.py:137} INFO - [2023-04-25T01:54:52.220+0000] {dag.py:2705} INFO - Sync 1 DAGs
[2023-04-25T01:54:52.241+0000] {logging_mixin.py:137} INFO - [2023-04-25T01:54:52.241+0000] {dag.py:3456} INFO - Setting next_dagrun for example_kubernetes_executor to None, run_after=None
[2023-04-25T01:54:52.258+0000] {processor.py:175} INFO - Processing /home/airflow/.local/lib/python3.7/site-packages/airflow/example_dags/example_kubernetes_executor.py took 0.102 seconds
[2023-04-25T01:55:22.824+0000] {processor.py:153} INFO - Started process (PID=719) to work on /home/airflow/.local/lib/python3.7/site-packages/airflow/example_dags/example_kubernetes_executor.py
[2023-04-25T01:55:22.826+0000] {processor.py:743} INFO - Processing file /home/airflow/.local/lib/python3.7/site-packages/airflow/example_dags/example_kubernetes_executor.py for tasks to queue
[2023-04-25T01:55:22.827+0000] {logging_mixin.py:137} INFO - [2023-04-25T01:55:22.827+0000] {dagbag.py:532} INFO - Filling up the DagBag from /home/airflow/.local/lib/python3.7/site-packages/airflow/example_dags/example_kubernetes_executor.py
[2023-04-25T01:55:22.882+0000] {processor.py:753} INFO - DAG(s) dict_keys(['example_kubernetes_executor']) retrieved from /home/airflow/.local/lib/python3.7/site-packages/airflow/example_dags/example_kubernetes_executor.py
[2023-04-25T01:55:22.932+0000] {logging_mixin.py:137} INFO - [2023-04-25T01:55:22.931+0000] {dag.py:2705} INFO - Sync 1 DAGs
[2023-04-25T01:55:22.979+0000] {logging_mixin.py:137} INFO - [2023-04-25T01:55:22.979+0000] {dag.py:3456} INFO - Setting next_dagrun for example_kubernetes_executor to None, run_after=None
[2023-04-25T01:55:22.997+0000] {processor.py:175} INFO - Processing /home/airflow/.local/lib/python3.7/site-packages/airflow/example_dags/example_kubernetes_executor.py took 0.180 seconds
[2023-04-25T01:55:53.473+0000] {processor.py:153} INFO - Started process (PID=768) to work on /home/airflow/.local/lib/python3.7/site-packages/airflow/example_dags/example_kubernetes_executor.py
[2023-04-25T01:55:53.475+0000] {processor.py:743} INFO - Processing file /home/airflow/.local/lib/python3.7/site-packages/airflow/example_dags/example_kubernetes_executor.py for tasks to queue
[2023-04-25T01:55:53.477+0000] {logging_mixin.py:137} INFO - [2023-04-25T01:55:53.476+0000] {dagbag.py:532} INFO - Filling up the DagBag from /home/airflow/.local/lib/python3.7/site-packages/airflow/example_dags/example_kubernetes_executor.py
[2023-04-25T01:55:53.502+0000] {processor.py:753} INFO - DAG(s) dict_keys(['example_kubernetes_executor']) retrieved from /home/airflow/.local/lib/python3.7/site-packages/airflow/example_dags/example_kubernetes_executor.py
[2023-04-25T01:55:53.527+0000] {logging_mixin.py:137} INFO - [2023-04-25T01:55:53.527+0000] {dag.py:2705} INFO - Sync 1 DAGs
[2023-04-25T01:55:53.547+0000] {logging_mixin.py:137} INFO - [2023-04-25T01:55:53.547+0000] {dag.py:3456} INFO - Setting next_dagrun for example_kubernetes_executor to None, run_after=None
[2023-04-25T01:55:53.561+0000] {processor.py:175} INFO - Processing /home/airflow/.local/lib/python3.7/site-packages/airflow/example_dags/example_kubernetes_executor.py took 0.093 seconds
[2023-04-25T01:56:23.844+0000] {processor.py:153} INFO - Started process (PID=818) to work on /home/airflow/.local/lib/python3.7/site-packages/airflow/example_dags/example_kubernetes_executor.py
[2023-04-25T01:56:23.846+0000] {processor.py:743} INFO - Processing file /home/airflow/.local/lib/python3.7/site-packages/airflow/example_dags/example_kubernetes_executor.py for tasks to queue
[2023-04-25T01:56:23.847+0000] {logging_mixin.py:137} INFO - [2023-04-25T01:56:23.847+0000] {dagbag.py:532} INFO - Filling up the DagBag from /home/airflow/.local/lib/python3.7/site-packages/airflow/example_dags/example_kubernetes_executor.py
[2023-04-25T01:56:23.873+0000] {processor.py:753} INFO - DAG(s) dict_keys(['example_kubernetes_executor']) retrieved from /home/airflow/.local/lib/python3.7/site-packages/airflow/example_dags/example_kubernetes_executor.py
[2023-04-25T01:56:23.896+0000] {logging_mixin.py:137} INFO - [2023-04-25T01:56:23.896+0000] {dag.py:2705} INFO - Sync 1 DAGs
[2023-04-25T01:56:23.914+0000] {logging_mixin.py:137} INFO - [2023-04-25T01:56:23.914+0000] {dag.py:3456} INFO - Setting next_dagrun for example_kubernetes_executor to None, run_after=None
[2023-04-25T01:56:23.925+0000] {processor.py:175} INFO - Processing /home/airflow/.local/lib/python3.7/site-packages/airflow/example_dags/example_kubernetes_executor.py took 0.086 seconds
[2023-04-25T01:56:54.465+0000] {processor.py:153} INFO - Started process (PID=868) to work on /home/airflow/.local/lib/python3.7/site-packages/airflow/example_dags/example_kubernetes_executor.py
[2023-04-25T01:56:54.467+0000] {processor.py:743} INFO - Processing file /home/airflow/.local/lib/python3.7/site-packages/airflow/example_dags/example_kubernetes_executor.py for tasks to queue
[2023-04-25T01:56:54.468+0000] {logging_mixin.py:137} INFO - [2023-04-25T01:56:54.468+0000] {dagbag.py:532} INFO - Filling up the DagBag from /home/airflow/.local/lib/python3.7/site-packages/airflow/example_dags/example_kubernetes_executor.py
[2023-04-25T01:56:54.495+0000] {processor.py:753} INFO - DAG(s) dict_keys(['example_kubernetes_executor']) retrieved from /home/airflow/.local/lib/python3.7/site-packages/airflow/example_dags/example_kubernetes_executor.py
[2023-04-25T01:56:54.519+0000] {logging_mixin.py:137} INFO - [2023-04-25T01:56:54.519+0000] {dag.py:2705} INFO - Sync 1 DAGs
[2023-04-25T01:56:54.538+0000] {logging_mixin.py:137} INFO - [2023-04-25T01:56:54.538+0000] {dag.py:3456} INFO - Setting next_dagrun for example_kubernetes_executor to None, run_after=None
[2023-04-25T01:56:54.556+0000] {processor.py:175} INFO - Processing /home/airflow/.local/lib/python3.7/site-packages/airflow/example_dags/example_kubernetes_executor.py took 0.101 seconds
[2023-04-25T01:57:25.310+0000] {processor.py:153} INFO - Started process (PID=918) to work on /home/airflow/.local/lib/python3.7/site-packages/airflow/example_dags/example_kubernetes_executor.py
[2023-04-25T01:57:25.313+0000] {processor.py:743} INFO - Processing file /home/airflow/.local/lib/python3.7/site-packages/airflow/example_dags/example_kubernetes_executor.py for tasks to queue
[2023-04-25T01:57:25.315+0000] {logging_mixin.py:137} INFO - [2023-04-25T01:57:25.315+0000] {dagbag.py:532} INFO - Filling up the DagBag from /home/airflow/.local/lib/python3.7/site-packages/airflow/example_dags/example_kubernetes_executor.py
[2023-04-25T01:57:25.347+0000] {processor.py:753} INFO - DAG(s) dict_keys(['example_kubernetes_executor']) retrieved from /home/airflow/.local/lib/python3.7/site-packages/airflow/example_dags/example_kubernetes_executor.py
[2023-04-25T01:57:25.374+0000] {logging_mixin.py:137} INFO - [2023-04-25T01:57:25.374+0000] {dag.py:2705} INFO - Sync 1 DAGs
[2023-04-25T01:57:25.393+0000] {logging_mixin.py:137} INFO - [2023-04-25T01:57:25.393+0000] {dag.py:3456} INFO - Setting next_dagrun for example_kubernetes_executor to None, run_after=None
[2023-04-25T01:57:25.409+0000] {processor.py:175} INFO - Processing /home/airflow/.local/lib/python3.7/site-packages/airflow/example_dags/example_kubernetes_executor.py took 0.107 seconds
[2023-04-25T01:57:55.892+0000] {processor.py:153} INFO - Started process (PID=968) to work on /home/airflow/.local/lib/python3.7/site-packages/airflow/example_dags/example_kubernetes_executor.py
[2023-04-25T01:57:55.894+0000] {processor.py:743} INFO - Processing file /home/airflow/.local/lib/python3.7/site-packages/airflow/example_dags/example_kubernetes_executor.py for tasks to queue
[2023-04-25T01:57:55.894+0000] {logging_mixin.py:137} INFO - [2023-04-25T01:57:55.894+0000] {dagbag.py:532} INFO - Filling up the DagBag from /home/airflow/.local/lib/python3.7/site-packages/airflow/example_dags/example_kubernetes_executor.py
[2023-04-25T01:57:55.916+0000] {processor.py:753} INFO - DAG(s) dict_keys(['example_kubernetes_executor']) retrieved from /home/airflow/.local/lib/python3.7/site-packages/airflow/example_dags/example_kubernetes_executor.py
[2023-04-25T01:57:55.941+0000] {logging_mixin.py:137} INFO - [2023-04-25T01:57:55.940+0000] {dag.py:2705} INFO - Sync 1 DAGs
[2023-04-25T01:57:55.958+0000] {logging_mixin.py:137} INFO - [2023-04-25T01:57:55.957+0000] {dag.py:3456} INFO - Setting next_dagrun for example_kubernetes_executor to None, run_after=None
[2023-04-25T01:57:55.971+0000] {processor.py:175} INFO - Processing /home/airflow/.local/lib/python3.7/site-packages/airflow/example_dags/example_kubernetes_executor.py took 0.082 seconds
[2023-04-25T01:58:26.073+0000] {processor.py:153} INFO - Started process (PID=1018) to work on /home/airflow/.local/lib/python3.7/site-packages/airflow/example_dags/example_kubernetes_executor.py
[2023-04-25T01:58:26.077+0000] {processor.py:743} INFO - Processing file /home/airflow/.local/lib/python3.7/site-packages/airflow/example_dags/example_kubernetes_executor.py for tasks to queue
[2023-04-25T01:58:26.079+0000] {logging_mixin.py:137} INFO - [2023-04-25T01:58:26.079+0000] {dagbag.py:532} INFO - Filling up the DagBag from /home/airflow/.local/lib/python3.7/site-packages/airflow/example_dags/example_kubernetes_executor.py
[2023-04-25T01:58:26.108+0000] {processor.py:753} INFO - DAG(s) dict_keys(['example_kubernetes_executor']) retrieved from /home/airflow/.local/lib/python3.7/site-packages/airflow/example_dags/example_kubernetes_executor.py
[2023-04-25T01:58:26.136+0000] {logging_mixin.py:137} INFO - [2023-04-25T01:58:26.136+0000] {dag.py:2705} INFO - Sync 1 DAGs
[2023-04-25T01:58:26.159+0000] {logging_mixin.py:137} INFO - [2023-04-25T01:58:26.159+0000] {dag.py:3456} INFO - Setting next_dagrun for example_kubernetes_executor to None, run_after=None
[2023-04-25T01:58:26.172+0000] {processor.py:175} INFO - Processing /home/airflow/.local/lib/python3.7/site-packages/airflow/example_dags/example_kubernetes_executor.py took 0.109 seconds
[2023-04-25T01:58:56.688+0000] {processor.py:153} INFO - Started process (PID=1068) to work on /home/airflow/.local/lib/python3.7/site-packages/airflow/example_dags/example_kubernetes_executor.py
[2023-04-25T01:58:56.691+0000] {processor.py:743} INFO - Processing file /home/airflow/.local/lib/python3.7/site-packages/airflow/example_dags/example_kubernetes_executor.py for tasks to queue
[2023-04-25T01:58:56.693+0000] {logging_mixin.py:137} INFO - [2023-04-25T01:58:56.693+0000] {dagbag.py:532} INFO - Filling up the DagBag from /home/airflow/.local/lib/python3.7/site-packages/airflow/example_dags/example_kubernetes_executor.py
[2023-04-25T01:58:56.720+0000] {processor.py:753} INFO - DAG(s) dict_keys(['example_kubernetes_executor']) retrieved from /home/airflow/.local/lib/python3.7/site-packages/airflow/example_dags/example_kubernetes_executor.py
[2023-04-25T01:58:56.743+0000] {logging_mixin.py:137} INFO - [2023-04-25T01:58:56.743+0000] {dag.py:2705} INFO - Sync 1 DAGs
[2023-04-25T01:58:56.759+0000] {logging_mixin.py:137} INFO - [2023-04-25T01:58:56.759+0000] {dag.py:3456} INFO - Setting next_dagrun for example_kubernetes_executor to None, run_after=None
[2023-04-25T01:58:56.771+0000] {processor.py:175} INFO - Processing /home/airflow/.local/lib/python3.7/site-packages/airflow/example_dags/example_kubernetes_executor.py took 0.090 seconds
[2023-04-25T01:59:27.333+0000] {processor.py:153} INFO - Started process (PID=1118) to work on /home/airflow/.local/lib/python3.7/site-packages/airflow/example_dags/example_kubernetes_executor.py
[2023-04-25T01:59:27.337+0000] {processor.py:743} INFO - Processing file /home/airflow/.local/lib/python3.7/site-packages/airflow/example_dags/example_kubernetes_executor.py for tasks to queue
[2023-04-25T01:59:27.338+0000] {logging_mixin.py:137} INFO - [2023-04-25T01:59:27.338+0000] {dagbag.py:532} INFO - Filling up the DagBag from /home/airflow/.local/lib/python3.7/site-packages/airflow/example_dags/example_kubernetes_executor.py
[2023-04-25T01:59:27.371+0000] {processor.py:753} INFO - DAG(s) dict_keys(['example_kubernetes_executor']) retrieved from /home/airflow/.local/lib/python3.7/site-packages/airflow/example_dags/example_kubernetes_executor.py
[2023-04-25T01:59:27.399+0000] {logging_mixin.py:137} INFO - [2023-04-25T01:59:27.399+0000] {dag.py:2705} INFO - Sync 1 DAGs
[2023-04-25T01:59:27.416+0000] {logging_mixin.py:137} INFO - [2023-04-25T01:59:27.415+0000] {dag.py:3456} INFO - Setting next_dagrun for example_kubernetes_executor to None, run_after=None
[2023-04-25T01:59:27.430+0000] {processor.py:175} INFO - Processing /home/airflow/.local/lib/python3.7/site-packages/airflow/example_dags/example_kubernetes_executor.py took 0.102 seconds
[2023-04-25T01:59:57.947+0000] {processor.py:153} INFO - Started process (PID=1168) to work on /home/airflow/.local/lib/python3.7/site-packages/airflow/example_dags/example_kubernetes_executor.py
[2023-04-25T01:59:57.951+0000] {processor.py:743} INFO - Processing file /home/airflow/.local/lib/python3.7/site-packages/airflow/example_dags/example_kubernetes_executor.py for tasks to queue
[2023-04-25T01:59:57.952+0000] {logging_mixin.py:137} INFO - [2023-04-25T01:59:57.952+0000] {dagbag.py:532} INFO - Filling up the DagBag from /home/airflow/.local/lib/python3.7/site-packages/airflow/example_dags/example_kubernetes_executor.py
[2023-04-25T01:59:57.981+0000] {processor.py:753} INFO - DAG(s) dict_keys(['example_kubernetes_executor']) retrieved from /home/airflow/.local/lib/python3.7/site-packages/airflow/example_dags/example_kubernetes_executor.py
[2023-04-25T01:59:58.007+0000] {logging_mixin.py:137} INFO - [2023-04-25T01:59:58.007+0000] {dag.py:2705} INFO - Sync 1 DAGs
[2023-04-25T01:59:58.024+0000] {logging_mixin.py:137} INFO - [2023-04-25T01:59:58.024+0000] {dag.py:3456} INFO - Setting next_dagrun for example_kubernetes_executor to None, run_after=None
[2023-04-25T01:59:58.035+0000] {processor.py:175} INFO - Processing /home/airflow/.local/lib/python3.7/site-packages/airflow/example_dags/example_kubernetes_executor.py took 0.097 seconds
[2023-04-25T02:00:28.489+0000] {processor.py:153} INFO - Started process (PID=1218) to work on /home/airflow/.local/lib/python3.7/site-packages/airflow/example_dags/example_kubernetes_executor.py
[2023-04-25T02:00:28.492+0000] {processor.py:743} INFO - Processing file /home/airflow/.local/lib/python3.7/site-packages/airflow/example_dags/example_kubernetes_executor.py for tasks to queue
[2023-04-25T02:00:28.494+0000] {logging_mixin.py:137} INFO - [2023-04-25T02:00:28.494+0000] {dagbag.py:532} INFO - Filling up the DagBag from /home/airflow/.local/lib/python3.7/site-packages/airflow/example_dags/example_kubernetes_executor.py
[2023-04-25T02:00:28.530+0000] {processor.py:753} INFO - DAG(s) dict_keys(['example_kubernetes_executor']) retrieved from /home/airflow/.local/lib/python3.7/site-packages/airflow/example_dags/example_kubernetes_executor.py
[2023-04-25T02:00:28.559+0000] {logging_mixin.py:137} INFO - [2023-04-25T02:00:28.559+0000] {dag.py:2705} INFO - Sync 1 DAGs
[2023-04-25T02:00:28.576+0000] {logging_mixin.py:137} INFO - [2023-04-25T02:00:28.576+0000] {dag.py:3456} INFO - Setting next_dagrun for example_kubernetes_executor to None, run_after=None
[2023-04-25T02:00:28.588+0000] {processor.py:175} INFO - Processing /home/airflow/.local/lib/python3.7/site-packages/airflow/example_dags/example_kubernetes_executor.py took 0.107 seconds
[2023-04-25T02:00:59.050+0000] {processor.py:153} INFO - Started process (PID=1268) to work on /home/airflow/.local/lib/python3.7/site-packages/airflow/example_dags/example_kubernetes_executor.py
[2023-04-25T02:00:59.054+0000] {processor.py:743} INFO - Processing file /home/airflow/.local/lib/python3.7/site-packages/airflow/example_dags/example_kubernetes_executor.py for tasks to queue
[2023-04-25T02:00:59.056+0000] {logging_mixin.py:137} INFO - [2023-04-25T02:00:59.056+0000] {dagbag.py:532} INFO - Filling up the DagBag from /home/airflow/.local/lib/python3.7/site-packages/airflow/example_dags/example_kubernetes_executor.py
[2023-04-25T02:00:59.087+0000] {processor.py:753} INFO - DAG(s) dict_keys(['example_kubernetes_executor']) retrieved from /home/airflow/.local/lib/python3.7/site-packages/airflow/example_dags/example_kubernetes_executor.py
[2023-04-25T02:00:59.111+0000] {logging_mixin.py:137} INFO - [2023-04-25T02:00:59.111+0000] {dag.py:2705} INFO - Sync 1 DAGs
[2023-04-25T02:00:59.127+0000] {logging_mixin.py:137} INFO - [2023-04-25T02:00:59.127+0000] {dag.py:3456} INFO - Setting next_dagrun for example_kubernetes_executor to None, run_after=None
[2023-04-25T02:00:59.138+0000] {processor.py:175} INFO - Processing /home/airflow/.local/lib/python3.7/site-packages/airflow/example_dags/example_kubernetes_executor.py took 0.095 seconds
[2023-04-25T02:01:29.741+0000] {processor.py:153} INFO - Started process (PID=1318) to work on /home/airflow/.local/lib/python3.7/site-packages/airflow/example_dags/example_kubernetes_executor.py
[2023-04-25T02:01:29.745+0000] {processor.py:743} INFO - Processing file /home/airflow/.local/lib/python3.7/site-packages/airflow/example_dags/example_kubernetes_executor.py for tasks to queue
[2023-04-25T02:01:29.747+0000] {logging_mixin.py:137} INFO - [2023-04-25T02:01:29.747+0000] {dagbag.py:532} INFO - Filling up the DagBag from /home/airflow/.local/lib/python3.7/site-packages/airflow/example_dags/example_kubernetes_executor.py
[2023-04-25T02:01:29.779+0000] {processor.py:753} INFO - DAG(s) dict_keys(['example_kubernetes_executor']) retrieved from /home/airflow/.local/lib/python3.7/site-packages/airflow/example_dags/example_kubernetes_executor.py
[2023-04-25T02:01:29.803+0000] {logging_mixin.py:137} INFO - [2023-04-25T02:01:29.803+0000] {dag.py:2705} INFO - Sync 1 DAGs
[2023-04-25T02:01:29.819+0000] {logging_mixin.py:137} INFO - [2023-04-25T02:01:29.819+0000] {dag.py:3456} INFO - Setting next_dagrun for example_kubernetes_executor to None, run_after=None
[2023-04-25T02:01:29.831+0000] {processor.py:175} INFO - Processing /home/airflow/.local/lib/python3.7/site-packages/airflow/example_dags/example_kubernetes_executor.py took 0.099 seconds
[2023-04-25T02:02:00.049+0000] {processor.py:153} INFO - Started process (PID=1367) to work on /home/airflow/.local/lib/python3.7/site-packages/airflow/example_dags/example_kubernetes_executor.py
[2023-04-25T02:02:00.051+0000] {processor.py:743} INFO - Processing file /home/airflow/.local/lib/python3.7/site-packages/airflow/example_dags/example_kubernetes_executor.py for tasks to queue
[2023-04-25T02:02:00.053+0000] {logging_mixin.py:137} INFO - [2023-04-25T02:02:00.052+0000] {dagbag.py:532} INFO - Filling up the DagBag from /home/airflow/.local/lib/python3.7/site-packages/airflow/example_dags/example_kubernetes_executor.py
[2023-04-25T02:02:00.086+0000] {processor.py:753} INFO - DAG(s) dict_keys(['example_kubernetes_executor']) retrieved from /home/airflow/.local/lib/python3.7/site-packages/airflow/example_dags/example_kubernetes_executor.py
[2023-04-25T02:02:00.116+0000] {logging_mixin.py:137} INFO - [2023-04-25T02:02:00.116+0000] {dag.py:2705} INFO - Sync 1 DAGs
[2023-04-25T02:02:00.133+0000] {logging_mixin.py:137} INFO - [2023-04-25T02:02:00.133+0000] {dag.py:3456} INFO - Setting next_dagrun for example_kubernetes_executor to None, run_after=None
[2023-04-25T02:02:00.145+0000] {processor.py:175} INFO - Processing /home/airflow/.local/lib/python3.7/site-packages/airflow/example_dags/example_kubernetes_executor.py took 0.101 seconds
[2023-04-25T02:02:30.536+0000] {processor.py:153} INFO - Started process (PID=1417) to work on /home/airflow/.local/lib/python3.7/site-packages/airflow/example_dags/example_kubernetes_executor.py
[2023-04-25T02:02:30.539+0000] {processor.py:743} INFO - Processing file /home/airflow/.local/lib/python3.7/site-packages/airflow/example_dags/example_kubernetes_executor.py for tasks to queue
[2023-04-25T02:02:30.541+0000] {logging_mixin.py:137} INFO - [2023-04-25T02:02:30.541+0000] {dagbag.py:532} INFO - Filling up the DagBag from /home/airflow/.local/lib/python3.7/site-packages/airflow/example_dags/example_kubernetes_executor.py
[2023-04-25T02:02:30.573+0000] {processor.py:753} INFO - DAG(s) dict_keys(['example_kubernetes_executor']) retrieved from /home/airflow/.local/lib/python3.7/site-packages/airflow/example_dags/example_kubernetes_executor.py
[2023-04-25T02:02:30.599+0000] {logging_mixin.py:137} INFO - [2023-04-25T02:02:30.598+0000] {dag.py:2705} INFO - Sync 1 DAGs
[2023-04-25T02:02:30.614+0000] {logging_mixin.py:137} INFO - [2023-04-25T02:02:30.614+0000] {dag.py:3456} INFO - Setting next_dagrun for example_kubernetes_executor to None, run_after=None
[2023-04-25T02:02:30.625+0000] {processor.py:175} INFO - Processing /home/airflow/.local/lib/python3.7/site-packages/airflow/example_dags/example_kubernetes_executor.py took 0.097 seconds
[2023-04-25T02:03:01.245+0000] {processor.py:153} INFO - Started process (PID=1467) to work on /home/airflow/.local/lib/python3.7/site-packages/airflow/example_dags/example_kubernetes_executor.py
[2023-04-25T02:03:01.247+0000] {processor.py:743} INFO - Processing file /home/airflow/.local/lib/python3.7/site-packages/airflow/example_dags/example_kubernetes_executor.py for tasks to queue
[2023-04-25T02:03:01.248+0000] {logging_mixin.py:137} INFO - [2023-04-25T02:03:01.248+0000] {dagbag.py:532} INFO - Filling up the DagBag from /home/airflow/.local/lib/python3.7/site-packages/airflow/example_dags/example_kubernetes_executor.py
[2023-04-25T02:03:01.274+0000] {processor.py:753} INFO - DAG(s) dict_keys(['example_kubernetes_executor']) retrieved from /home/airflow/.local/lib/python3.7/site-packages/airflow/example_dags/example_kubernetes_executor.py
[2023-04-25T02:03:01.300+0000] {logging_mixin.py:137} INFO - [2023-04-25T02:03:01.300+0000] {dag.py:2705} INFO - Sync 1 DAGs
[2023-04-25T02:03:01.317+0000] {logging_mixin.py:137} INFO - [2023-04-25T02:03:01.317+0000] {dag.py:3456} INFO - Setting next_dagrun for example_kubernetes_executor to None, run_after=None
[2023-04-25T02:03:01.329+0000] {processor.py:175} INFO - Processing /home/airflow/.local/lib/python3.7/site-packages/airflow/example_dags/example_kubernetes_executor.py took 0.089 seconds
