[2023-04-25T01:48:42.471+0000] {processor.py:153} INFO - Started process (PID=60) to work on /home/airflow/.local/lib/python3.7/site-packages/airflow/example_dags/example_datasets.py
[2023-04-25T01:48:42.475+0000] {processor.py:743} INFO - Processing file /home/airflow/.local/lib/python3.7/site-packages/airflow/example_dags/example_datasets.py for tasks to queue
[2023-04-25T01:48:42.477+0000] {logging_mixin.py:137} INFO - [2023-04-25T01:48:42.476+0000] {dagbag.py:532} INFO - Filling up the DagBag from /home/airflow/.local/lib/python3.7/site-packages/airflow/example_dags/example_datasets.py
[2023-04-25T01:48:42.524+0000] {processor.py:753} INFO - DAG(s) dict_keys(['dataset_consumes_1_never_scheduled', 'dataset_consumes_1_and_2', 'dataset_consumes_unknown_never_scheduled', 'dataset_consumes_1', 'dataset_produces_1', 'dataset_produces_2']) retrieved from /home/airflow/.local/lib/python3.7/site-packages/airflow/example_dags/example_datasets.py
[2023-04-25T01:48:42.588+0000] {logging_mixin.py:137} INFO - [2023-04-25T01:48:42.587+0000] {dag.py:2705} INFO - Sync 6 DAGs
[2023-04-25T01:48:42.690+0000] {logging_mixin.py:137} INFO - [2023-04-25T01:48:42.690+0000] {dag.py:3456} INFO - Setting next_dagrun for dataset_consumes_1 to None, run_after=None
[2023-04-25T01:48:42.702+0000] {logging_mixin.py:137} INFO - [2023-04-25T01:48:42.702+0000] {dag.py:3456} INFO - Setting next_dagrun for dataset_consumes_1_and_2 to None, run_after=None
[2023-04-25T01:48:42.705+0000] {logging_mixin.py:137} INFO - [2023-04-25T01:48:42.705+0000] {dag.py:3456} INFO - Setting next_dagrun for dataset_consumes_1_never_scheduled to None, run_after=None
[2023-04-25T01:48:42.708+0000] {logging_mixin.py:137} INFO - [2023-04-25T01:48:42.707+0000] {dag.py:3456} INFO - Setting next_dagrun for dataset_consumes_unknown_never_scheduled to None, run_after=None
[2023-04-25T01:48:42.715+0000] {logging_mixin.py:137} INFO - [2023-04-25T01:48:42.714+0000] {dag.py:3456} INFO - Setting next_dagrun for dataset_produces_1 to 2023-04-24T00:00:00+00:00, run_after=2023-04-25T00:00:00+00:00
[2023-04-25T01:48:42.720+0000] {logging_mixin.py:137} INFO - [2023-04-25T01:48:42.719+0000] {dag.py:3456} INFO - Setting next_dagrun for dataset_produces_2 to None, run_after=None
[2023-04-25T01:48:42.817+0000] {processor.py:175} INFO - Processing /home/airflow/.local/lib/python3.7/site-packages/airflow/example_dags/example_datasets.py took 0.360 seconds
[2023-04-25T01:49:12.915+0000] {processor.py:153} INFO - Started process (PID=109) to work on /home/airflow/.local/lib/python3.7/site-packages/airflow/example_dags/example_datasets.py
[2023-04-25T01:49:12.917+0000] {processor.py:743} INFO - Processing file /home/airflow/.local/lib/python3.7/site-packages/airflow/example_dags/example_datasets.py for tasks to queue
[2023-04-25T01:49:12.918+0000] {logging_mixin.py:137} INFO - [2023-04-25T01:49:12.918+0000] {dagbag.py:532} INFO - Filling up the DagBag from /home/airflow/.local/lib/python3.7/site-packages/airflow/example_dags/example_datasets.py
[2023-04-25T01:49:12.931+0000] {processor.py:753} INFO - DAG(s) dict_keys(['dataset_produces_1', 'dataset_consumes_1_and_2', 'dataset_produces_2', 'dataset_consumes_unknown_never_scheduled', 'dataset_consumes_1_never_scheduled', 'dataset_consumes_1']) retrieved from /home/airflow/.local/lib/python3.7/site-packages/airflow/example_dags/example_datasets.py
[2023-04-25T01:49:13.004+0000] {logging_mixin.py:137} INFO - [2023-04-25T01:49:13.004+0000] {dag.py:2705} INFO - Sync 6 DAGs
[2023-04-25T01:49:13.023+0000] {logging_mixin.py:137} INFO - [2023-04-25T01:49:13.023+0000] {dag.py:3456} INFO - Setting next_dagrun for dataset_consumes_1 to None, run_after=None
[2023-04-25T01:49:13.026+0000] {logging_mixin.py:137} INFO - [2023-04-25T01:49:13.026+0000] {dag.py:3456} INFO - Setting next_dagrun for dataset_consumes_1_and_2 to None, run_after=None
[2023-04-25T01:49:13.030+0000] {logging_mixin.py:137} INFO - [2023-04-25T01:49:13.030+0000] {dag.py:3456} INFO - Setting next_dagrun for dataset_consumes_1_never_scheduled to None, run_after=None
[2023-04-25T01:49:13.032+0000] {logging_mixin.py:137} INFO - [2023-04-25T01:49:13.032+0000] {dag.py:3456} INFO - Setting next_dagrun for dataset_consumes_unknown_never_scheduled to None, run_after=None
[2023-04-25T01:49:13.034+0000] {logging_mixin.py:137} INFO - [2023-04-25T01:49:13.034+0000] {dag.py:3456} INFO - Setting next_dagrun for dataset_produces_1 to 2023-04-24T00:00:00+00:00, run_after=2023-04-25T00:00:00+00:00
[2023-04-25T01:49:13.036+0000] {logging_mixin.py:137} INFO - [2023-04-25T01:49:13.035+0000] {dag.py:3456} INFO - Setting next_dagrun for dataset_produces_2 to None, run_after=None
[2023-04-25T01:49:13.060+0000] {processor.py:175} INFO - Processing /home/airflow/.local/lib/python3.7/site-packages/airflow/example_dags/example_datasets.py took 0.148 seconds
[2023-04-25T01:49:43.181+0000] {processor.py:153} INFO - Started process (PID=159) to work on /home/airflow/.local/lib/python3.7/site-packages/airflow/example_dags/example_datasets.py
[2023-04-25T01:49:43.183+0000] {processor.py:743} INFO - Processing file /home/airflow/.local/lib/python3.7/site-packages/airflow/example_dags/example_datasets.py for tasks to queue
[2023-04-25T01:49:43.184+0000] {logging_mixin.py:137} INFO - [2023-04-25T01:49:43.184+0000] {dagbag.py:532} INFO - Filling up the DagBag from /home/airflow/.local/lib/python3.7/site-packages/airflow/example_dags/example_datasets.py
[2023-04-25T01:49:43.205+0000] {processor.py:753} INFO - DAG(s) dict_keys(['dataset_produces_2', 'dataset_produces_1', 'dataset_consumes_1_and_2', 'dataset_consumes_1', 'dataset_consumes_unknown_never_scheduled', 'dataset_consumes_1_never_scheduled']) retrieved from /home/airflow/.local/lib/python3.7/site-packages/airflow/example_dags/example_datasets.py
[2023-04-25T01:49:43.239+0000] {logging_mixin.py:137} INFO - [2023-04-25T01:49:43.239+0000] {dag.py:2705} INFO - Sync 6 DAGs
[2023-04-25T01:49:43.258+0000] {logging_mixin.py:137} INFO - [2023-04-25T01:49:43.258+0000] {dag.py:3456} INFO - Setting next_dagrun for dataset_consumes_1 to None, run_after=None
[2023-04-25T01:49:43.261+0000] {logging_mixin.py:137} INFO - [2023-04-25T01:49:43.261+0000] {dag.py:3456} INFO - Setting next_dagrun for dataset_consumes_1_and_2 to None, run_after=None
[2023-04-25T01:49:43.262+0000] {logging_mixin.py:137} INFO - [2023-04-25T01:49:43.262+0000] {dag.py:3456} INFO - Setting next_dagrun for dataset_consumes_1_never_scheduled to None, run_after=None
[2023-04-25T01:49:43.264+0000] {logging_mixin.py:137} INFO - [2023-04-25T01:49:43.264+0000] {dag.py:3456} INFO - Setting next_dagrun for dataset_consumes_unknown_never_scheduled to None, run_after=None
[2023-04-25T01:49:43.266+0000] {logging_mixin.py:137} INFO - [2023-04-25T01:49:43.266+0000] {dag.py:3456} INFO - Setting next_dagrun for dataset_produces_1 to 2023-04-24T00:00:00+00:00, run_after=2023-04-25T00:00:00+00:00
[2023-04-25T01:49:43.268+0000] {logging_mixin.py:137} INFO - [2023-04-25T01:49:43.268+0000] {dag.py:3456} INFO - Setting next_dagrun for dataset_produces_2 to None, run_after=None
[2023-04-25T01:49:43.304+0000] {processor.py:175} INFO - Processing /home/airflow/.local/lib/python3.7/site-packages/airflow/example_dags/example_datasets.py took 0.128 seconds
[2023-04-25T01:50:13.658+0000] {processor.py:153} INFO - Started process (PID=209) to work on /home/airflow/.local/lib/python3.7/site-packages/airflow/example_dags/example_datasets.py
[2023-04-25T01:50:13.659+0000] {processor.py:743} INFO - Processing file /home/airflow/.local/lib/python3.7/site-packages/airflow/example_dags/example_datasets.py for tasks to queue
[2023-04-25T01:50:13.660+0000] {logging_mixin.py:137} INFO - [2023-04-25T01:50:13.660+0000] {dagbag.py:532} INFO - Filling up the DagBag from /home/airflow/.local/lib/python3.7/site-packages/airflow/example_dags/example_datasets.py
[2023-04-25T01:50:13.673+0000] {processor.py:753} INFO - DAG(s) dict_keys(['dataset_consumes_1', 'dataset_consumes_unknown_never_scheduled', 'dataset_produces_2', 'dataset_consumes_1_never_scheduled', 'dataset_produces_1', 'dataset_consumes_1_and_2']) retrieved from /home/airflow/.local/lib/python3.7/site-packages/airflow/example_dags/example_datasets.py
[2023-04-25T01:50:13.704+0000] {logging_mixin.py:137} INFO - [2023-04-25T01:50:13.704+0000] {dag.py:2705} INFO - Sync 6 DAGs
[2023-04-25T01:50:13.721+0000] {logging_mixin.py:137} INFO - [2023-04-25T01:50:13.721+0000] {dag.py:3456} INFO - Setting next_dagrun for dataset_consumes_1 to None, run_after=None
[2023-04-25T01:50:13.724+0000] {logging_mixin.py:137} INFO - [2023-04-25T01:50:13.723+0000] {dag.py:3456} INFO - Setting next_dagrun for dataset_consumes_1_and_2 to None, run_after=None
[2023-04-25T01:50:13.725+0000] {logging_mixin.py:137} INFO - [2023-04-25T01:50:13.725+0000] {dag.py:3456} INFO - Setting next_dagrun for dataset_consumes_1_never_scheduled to None, run_after=None
[2023-04-25T01:50:13.726+0000] {logging_mixin.py:137} INFO - [2023-04-25T01:50:13.726+0000] {dag.py:3456} INFO - Setting next_dagrun for dataset_consumes_unknown_never_scheduled to None, run_after=None
[2023-04-25T01:50:13.727+0000] {logging_mixin.py:137} INFO - [2023-04-25T01:50:13.727+0000] {dag.py:3456} INFO - Setting next_dagrun for dataset_produces_1 to 2023-04-24T00:00:00+00:00, run_after=2023-04-25T00:00:00+00:00
[2023-04-25T01:50:13.728+0000] {logging_mixin.py:137} INFO - [2023-04-25T01:50:13.728+0000] {dag.py:3456} INFO - Setting next_dagrun for dataset_produces_2 to None, run_after=None
[2023-04-25T01:50:13.749+0000] {processor.py:175} INFO - Processing /home/airflow/.local/lib/python3.7/site-packages/airflow/example_dags/example_datasets.py took 0.094 seconds
[2023-04-25T01:50:44.587+0000] {processor.py:153} INFO - Started process (PID=260) to work on /home/airflow/.local/lib/python3.7/site-packages/airflow/example_dags/example_datasets.py
[2023-04-25T01:50:44.588+0000] {processor.py:743} INFO - Processing file /home/airflow/.local/lib/python3.7/site-packages/airflow/example_dags/example_datasets.py for tasks to queue
[2023-04-25T01:50:44.589+0000] {logging_mixin.py:137} INFO - [2023-04-25T01:50:44.589+0000] {dagbag.py:532} INFO - Filling up the DagBag from /home/airflow/.local/lib/python3.7/site-packages/airflow/example_dags/example_datasets.py
[2023-04-25T01:50:44.603+0000] {processor.py:753} INFO - DAG(s) dict_keys(['dataset_consumes_1_never_scheduled', 'dataset_produces_2', 'dataset_consumes_1', 'dataset_consumes_unknown_never_scheduled', 'dataset_consumes_1_and_2', 'dataset_produces_1']) retrieved from /home/airflow/.local/lib/python3.7/site-packages/airflow/example_dags/example_datasets.py
[2023-04-25T01:50:44.634+0000] {logging_mixin.py:137} INFO - [2023-04-25T01:50:44.634+0000] {dag.py:2705} INFO - Sync 6 DAGs
[2023-04-25T01:50:44.652+0000] {logging_mixin.py:137} INFO - [2023-04-25T01:50:44.652+0000] {dag.py:3456} INFO - Setting next_dagrun for dataset_consumes_1 to None, run_after=None
[2023-04-25T01:50:44.654+0000] {logging_mixin.py:137} INFO - [2023-04-25T01:50:44.654+0000] {dag.py:3456} INFO - Setting next_dagrun for dataset_consumes_1_and_2 to None, run_after=None
[2023-04-25T01:50:44.656+0000] {logging_mixin.py:137} INFO - [2023-04-25T01:50:44.656+0000] {dag.py:3456} INFO - Setting next_dagrun for dataset_consumes_1_never_scheduled to None, run_after=None
[2023-04-25T01:50:44.657+0000] {logging_mixin.py:137} INFO - [2023-04-25T01:50:44.657+0000] {dag.py:3456} INFO - Setting next_dagrun for dataset_consumes_unknown_never_scheduled to None, run_after=None
[2023-04-25T01:50:44.659+0000] {logging_mixin.py:137} INFO - [2023-04-25T01:50:44.659+0000] {dag.py:3456} INFO - Setting next_dagrun for dataset_produces_1 to 2023-04-24T00:00:00+00:00, run_after=2023-04-25T00:00:00+00:00
[2023-04-25T01:50:44.660+0000] {logging_mixin.py:137} INFO - [2023-04-25T01:50:44.660+0000] {dag.py:3456} INFO - Setting next_dagrun for dataset_produces_2 to None, run_after=None
[2023-04-25T01:50:44.684+0000] {processor.py:175} INFO - Processing /home/airflow/.local/lib/python3.7/site-packages/airflow/example_dags/example_datasets.py took 0.100 seconds
[2023-04-25T01:51:15.644+0000] {processor.py:153} INFO - Started process (PID=310) to work on /home/airflow/.local/lib/python3.7/site-packages/airflow/example_dags/example_datasets.py
[2023-04-25T01:51:15.647+0000] {processor.py:743} INFO - Processing file /home/airflow/.local/lib/python3.7/site-packages/airflow/example_dags/example_datasets.py for tasks to queue
[2023-04-25T01:51:15.649+0000] {logging_mixin.py:137} INFO - [2023-04-25T01:51:15.649+0000] {dagbag.py:532} INFO - Filling up the DagBag from /home/airflow/.local/lib/python3.7/site-packages/airflow/example_dags/example_datasets.py
[2023-04-25T01:51:15.672+0000] {processor.py:753} INFO - DAG(s) dict_keys(['dataset_produces_1', 'dataset_consumes_1_never_scheduled', 'dataset_consumes_1_and_2', 'dataset_consumes_1', 'dataset_consumes_unknown_never_scheduled', 'dataset_produces_2']) retrieved from /home/airflow/.local/lib/python3.7/site-packages/airflow/example_dags/example_datasets.py
[2023-04-25T01:51:15.705+0000] {logging_mixin.py:137} INFO - [2023-04-25T01:51:15.705+0000] {dag.py:2705} INFO - Sync 6 DAGs
[2023-04-25T01:51:15.723+0000] {logging_mixin.py:137} INFO - [2023-04-25T01:51:15.723+0000] {dag.py:3456} INFO - Setting next_dagrun for dataset_consumes_1 to None, run_after=None
[2023-04-25T01:51:15.726+0000] {logging_mixin.py:137} INFO - [2023-04-25T01:51:15.726+0000] {dag.py:3456} INFO - Setting next_dagrun for dataset_consumes_1_and_2 to None, run_after=None
[2023-04-25T01:51:15.727+0000] {logging_mixin.py:137} INFO - [2023-04-25T01:51:15.727+0000] {dag.py:3456} INFO - Setting next_dagrun for dataset_consumes_1_never_scheduled to None, run_after=None
[2023-04-25T01:51:15.728+0000] {logging_mixin.py:137} INFO - [2023-04-25T01:51:15.728+0000] {dag.py:3456} INFO - Setting next_dagrun for dataset_consumes_unknown_never_scheduled to None, run_after=None
[2023-04-25T01:51:15.731+0000] {logging_mixin.py:137} INFO - [2023-04-25T01:51:15.731+0000] {dag.py:3456} INFO - Setting next_dagrun for dataset_produces_1 to 2023-04-24T00:00:00+00:00, run_after=2023-04-25T00:00:00+00:00
[2023-04-25T01:51:15.733+0000] {logging_mixin.py:137} INFO - [2023-04-25T01:51:15.732+0000] {dag.py:3456} INFO - Setting next_dagrun for dataset_produces_2 to None, run_after=None
[2023-04-25T01:51:15.757+0000] {processor.py:175} INFO - Processing /home/airflow/.local/lib/python3.7/site-packages/airflow/example_dags/example_datasets.py took 0.121 seconds
[2023-04-25T01:51:45.913+0000] {processor.py:153} INFO - Started process (PID=360) to work on /home/airflow/.local/lib/python3.7/site-packages/airflow/example_dags/example_datasets.py
[2023-04-25T01:51:45.915+0000] {processor.py:743} INFO - Processing file /home/airflow/.local/lib/python3.7/site-packages/airflow/example_dags/example_datasets.py for tasks to queue
[2023-04-25T01:51:45.916+0000] {logging_mixin.py:137} INFO - [2023-04-25T01:51:45.916+0000] {dagbag.py:532} INFO - Filling up the DagBag from /home/airflow/.local/lib/python3.7/site-packages/airflow/example_dags/example_datasets.py
[2023-04-25T01:51:45.931+0000] {processor.py:753} INFO - DAG(s) dict_keys(['dataset_produces_2', 'dataset_consumes_unknown_never_scheduled', 'dataset_produces_1', 'dataset_consumes_1_never_scheduled', 'dataset_consumes_1_and_2', 'dataset_consumes_1']) retrieved from /home/airflow/.local/lib/python3.7/site-packages/airflow/example_dags/example_datasets.py
[2023-04-25T01:51:45.962+0000] {logging_mixin.py:137} INFO - [2023-04-25T01:51:45.962+0000] {dag.py:2705} INFO - Sync 6 DAGs
[2023-04-25T01:51:45.979+0000] {logging_mixin.py:137} INFO - [2023-04-25T01:51:45.979+0000] {dag.py:3456} INFO - Setting next_dagrun for dataset_consumes_1 to None, run_after=None
[2023-04-25T01:51:45.982+0000] {logging_mixin.py:137} INFO - [2023-04-25T01:51:45.982+0000] {dag.py:3456} INFO - Setting next_dagrun for dataset_consumes_1_and_2 to None, run_after=None
[2023-04-25T01:51:45.983+0000] {logging_mixin.py:137} INFO - [2023-04-25T01:51:45.983+0000] {dag.py:3456} INFO - Setting next_dagrun for dataset_consumes_1_never_scheduled to None, run_after=None
[2023-04-25T01:51:45.984+0000] {logging_mixin.py:137} INFO - [2023-04-25T01:51:45.984+0000] {dag.py:3456} INFO - Setting next_dagrun for dataset_consumes_unknown_never_scheduled to None, run_after=None
[2023-04-25T01:51:45.986+0000] {logging_mixin.py:137} INFO - [2023-04-25T01:51:45.986+0000] {dag.py:3456} INFO - Setting next_dagrun for dataset_produces_1 to 2023-04-24T00:00:00+00:00, run_after=2023-04-25T00:00:00+00:00
[2023-04-25T01:51:45.988+0000] {logging_mixin.py:137} INFO - [2023-04-25T01:51:45.987+0000] {dag.py:3456} INFO - Setting next_dagrun for dataset_produces_2 to None, run_after=None
[2023-04-25T01:51:46.009+0000] {processor.py:175} INFO - Processing /home/airflow/.local/lib/python3.7/site-packages/airflow/example_dags/example_datasets.py took 0.101 seconds
[2023-04-25T01:52:16.555+0000] {processor.py:153} INFO - Started process (PID=411) to work on /home/airflow/.local/lib/python3.7/site-packages/airflow/example_dags/example_datasets.py
[2023-04-25T01:52:16.557+0000] {processor.py:743} INFO - Processing file /home/airflow/.local/lib/python3.7/site-packages/airflow/example_dags/example_datasets.py for tasks to queue
[2023-04-25T01:52:16.558+0000] {logging_mixin.py:137} INFO - [2023-04-25T01:52:16.558+0000] {dagbag.py:532} INFO - Filling up the DagBag from /home/airflow/.local/lib/python3.7/site-packages/airflow/example_dags/example_datasets.py
[2023-04-25T01:52:16.574+0000] {processor.py:753} INFO - DAG(s) dict_keys(['dataset_consumes_unknown_never_scheduled', 'dataset_produces_2', 'dataset_produces_1', 'dataset_consumes_1', 'dataset_consumes_1_and_2', 'dataset_consumes_1_never_scheduled']) retrieved from /home/airflow/.local/lib/python3.7/site-packages/airflow/example_dags/example_datasets.py
[2023-04-25T01:52:16.604+0000] {logging_mixin.py:137} INFO - [2023-04-25T01:52:16.604+0000] {dag.py:2705} INFO - Sync 6 DAGs
[2023-04-25T01:52:16.620+0000] {logging_mixin.py:137} INFO - [2023-04-25T01:52:16.620+0000] {dag.py:3456} INFO - Setting next_dagrun for dataset_consumes_1 to None, run_after=None
[2023-04-25T01:52:16.622+0000] {logging_mixin.py:137} INFO - [2023-04-25T01:52:16.622+0000] {dag.py:3456} INFO - Setting next_dagrun for dataset_consumes_1_and_2 to None, run_after=None
[2023-04-25T01:52:16.623+0000] {logging_mixin.py:137} INFO - [2023-04-25T01:52:16.623+0000] {dag.py:3456} INFO - Setting next_dagrun for dataset_consumes_1_never_scheduled to None, run_after=None
[2023-04-25T01:52:16.624+0000] {logging_mixin.py:137} INFO - [2023-04-25T01:52:16.624+0000] {dag.py:3456} INFO - Setting next_dagrun for dataset_consumes_unknown_never_scheduled to None, run_after=None
[2023-04-25T01:52:16.629+0000] {logging_mixin.py:137} INFO - [2023-04-25T01:52:16.629+0000] {dag.py:3456} INFO - Setting next_dagrun for dataset_produces_1 to 2023-04-24T00:00:00+00:00, run_after=2023-04-25T00:00:00+00:00
[2023-04-25T01:52:16.630+0000] {logging_mixin.py:137} INFO - [2023-04-25T01:52:16.630+0000] {dag.py:3456} INFO - Setting next_dagrun for dataset_produces_2 to None, run_after=None
[2023-04-25T01:52:16.652+0000] {processor.py:175} INFO - Processing /home/airflow/.local/lib/python3.7/site-packages/airflow/example_dags/example_datasets.py took 0.103 seconds
[2023-04-25T01:52:47.249+0000] {processor.py:153} INFO - Started process (PID=461) to work on /home/airflow/.local/lib/python3.7/site-packages/airflow/example_dags/example_datasets.py
[2023-04-25T01:52:47.251+0000] {processor.py:743} INFO - Processing file /home/airflow/.local/lib/python3.7/site-packages/airflow/example_dags/example_datasets.py for tasks to queue
[2023-04-25T01:52:47.252+0000] {logging_mixin.py:137} INFO - [2023-04-25T01:52:47.252+0000] {dagbag.py:532} INFO - Filling up the DagBag from /home/airflow/.local/lib/python3.7/site-packages/airflow/example_dags/example_datasets.py
[2023-04-25T01:52:47.265+0000] {processor.py:753} INFO - DAG(s) dict_keys(['dataset_consumes_unknown_never_scheduled', 'dataset_produces_1', 'dataset_consumes_1_never_scheduled', 'dataset_consumes_1_and_2', 'dataset_consumes_1', 'dataset_produces_2']) retrieved from /home/airflow/.local/lib/python3.7/site-packages/airflow/example_dags/example_datasets.py
[2023-04-25T01:52:47.300+0000] {logging_mixin.py:137} INFO - [2023-04-25T01:52:47.300+0000] {dag.py:2705} INFO - Sync 6 DAGs
[2023-04-25T01:52:47.322+0000] {logging_mixin.py:137} INFO - [2023-04-25T01:52:47.322+0000] {dag.py:3456} INFO - Setting next_dagrun for dataset_consumes_1 to None, run_after=None
[2023-04-25T01:52:47.324+0000] {logging_mixin.py:137} INFO - [2023-04-25T01:52:47.324+0000] {dag.py:3456} INFO - Setting next_dagrun for dataset_consumes_1_and_2 to None, run_after=None
[2023-04-25T01:52:47.326+0000] {logging_mixin.py:137} INFO - [2023-04-25T01:52:47.326+0000] {dag.py:3456} INFO - Setting next_dagrun for dataset_consumes_1_never_scheduled to None, run_after=None
[2023-04-25T01:52:47.327+0000] {logging_mixin.py:137} INFO - [2023-04-25T01:52:47.327+0000] {dag.py:3456} INFO - Setting next_dagrun for dataset_consumes_unknown_never_scheduled to None, run_after=None
[2023-04-25T01:52:47.329+0000] {logging_mixin.py:137} INFO - [2023-04-25T01:52:47.329+0000] {dag.py:3456} INFO - Setting next_dagrun for dataset_produces_1 to 2023-04-24T00:00:00+00:00, run_after=2023-04-25T00:00:00+00:00
[2023-04-25T01:52:47.330+0000] {logging_mixin.py:137} INFO - [2023-04-25T01:52:47.330+0000] {dag.py:3456} INFO - Setting next_dagrun for dataset_produces_2 to None, run_after=None
[2023-04-25T01:52:47.351+0000] {processor.py:175} INFO - Processing /home/airflow/.local/lib/python3.7/site-packages/airflow/example_dags/example_datasets.py took 0.105 seconds
[2023-04-25T01:53:17.766+0000] {processor.py:153} INFO - Started process (PID=511) to work on /home/airflow/.local/lib/python3.7/site-packages/airflow/example_dags/example_datasets.py
[2023-04-25T01:53:17.768+0000] {processor.py:743} INFO - Processing file /home/airflow/.local/lib/python3.7/site-packages/airflow/example_dags/example_datasets.py for tasks to queue
[2023-04-25T01:53:17.769+0000] {logging_mixin.py:137} INFO - [2023-04-25T01:53:17.769+0000] {dagbag.py:532} INFO - Filling up the DagBag from /home/airflow/.local/lib/python3.7/site-packages/airflow/example_dags/example_datasets.py
[2023-04-25T01:53:17.782+0000] {processor.py:753} INFO - DAG(s) dict_keys(['dataset_produces_1', 'dataset_consumes_unknown_never_scheduled', 'dataset_consumes_1_never_scheduled', 'dataset_consumes_1', 'dataset_produces_2', 'dataset_consumes_1_and_2']) retrieved from /home/airflow/.local/lib/python3.7/site-packages/airflow/example_dags/example_datasets.py
[2023-04-25T01:53:17.812+0000] {logging_mixin.py:137} INFO - [2023-04-25T01:53:17.812+0000] {dag.py:2705} INFO - Sync 6 DAGs
[2023-04-25T01:53:17.830+0000] {logging_mixin.py:137} INFO - [2023-04-25T01:53:17.829+0000] {dag.py:3456} INFO - Setting next_dagrun for dataset_consumes_1 to None, run_after=None
[2023-04-25T01:53:17.832+0000] {logging_mixin.py:137} INFO - [2023-04-25T01:53:17.832+0000] {dag.py:3456} INFO - Setting next_dagrun for dataset_consumes_1_and_2 to None, run_after=None
[2023-04-25T01:53:17.833+0000] {logging_mixin.py:137} INFO - [2023-04-25T01:53:17.833+0000] {dag.py:3456} INFO - Setting next_dagrun for dataset_consumes_1_never_scheduled to None, run_after=None
[2023-04-25T01:53:17.835+0000] {logging_mixin.py:137} INFO - [2023-04-25T01:53:17.835+0000] {dag.py:3456} INFO - Setting next_dagrun for dataset_consumes_unknown_never_scheduled to None, run_after=None
[2023-04-25T01:53:17.837+0000] {logging_mixin.py:137} INFO - [2023-04-25T01:53:17.837+0000] {dag.py:3456} INFO - Setting next_dagrun for dataset_produces_1 to 2023-04-24T00:00:00+00:00, run_after=2023-04-25T00:00:00+00:00
[2023-04-25T01:53:17.838+0000] {logging_mixin.py:137} INFO - [2023-04-25T01:53:17.838+0000] {dag.py:3456} INFO - Setting next_dagrun for dataset_produces_2 to None, run_after=None
[2023-04-25T01:53:17.861+0000] {processor.py:175} INFO - Processing /home/airflow/.local/lib/python3.7/site-packages/airflow/example_dags/example_datasets.py took 0.099 seconds
[2023-04-25T01:53:48.420+0000] {processor.py:153} INFO - Started process (PID=561) to work on /home/airflow/.local/lib/python3.7/site-packages/airflow/example_dags/example_datasets.py
[2023-04-25T01:53:48.434+0000] {processor.py:743} INFO - Processing file /home/airflow/.local/lib/python3.7/site-packages/airflow/example_dags/example_datasets.py for tasks to queue
[2023-04-25T01:53:48.440+0000] {logging_mixin.py:137} INFO - [2023-04-25T01:53:48.440+0000] {dagbag.py:532} INFO - Filling up the DagBag from /home/airflow/.local/lib/python3.7/site-packages/airflow/example_dags/example_datasets.py
[2023-04-25T01:53:48.464+0000] {processor.py:753} INFO - DAG(s) dict_keys(['dataset_consumes_unknown_never_scheduled', 'dataset_consumes_1', 'dataset_produces_1', 'dataset_consumes_1_and_2', 'dataset_consumes_1_never_scheduled', 'dataset_produces_2']) retrieved from /home/airflow/.local/lib/python3.7/site-packages/airflow/example_dags/example_datasets.py
[2023-04-25T01:53:48.530+0000] {logging_mixin.py:137} INFO - [2023-04-25T01:53:48.530+0000] {dag.py:2705} INFO - Sync 6 DAGs
[2023-04-25T01:53:48.558+0000] {logging_mixin.py:137} INFO - [2023-04-25T01:53:48.558+0000] {dag.py:3456} INFO - Setting next_dagrun for dataset_consumes_1 to None, run_after=None
[2023-04-25T01:53:48.563+0000] {logging_mixin.py:137} INFO - [2023-04-25T01:53:48.563+0000] {dag.py:3456} INFO - Setting next_dagrun for dataset_consumes_1_and_2 to None, run_after=None
[2023-04-25T01:53:48.565+0000] {logging_mixin.py:137} INFO - [2023-04-25T01:53:48.565+0000] {dag.py:3456} INFO - Setting next_dagrun for dataset_consumes_1_never_scheduled to None, run_after=None
[2023-04-25T01:53:48.566+0000] {logging_mixin.py:137} INFO - [2023-04-25T01:53:48.566+0000] {dag.py:3456} INFO - Setting next_dagrun for dataset_consumes_unknown_never_scheduled to None, run_after=None
[2023-04-25T01:53:48.569+0000] {logging_mixin.py:137} INFO - [2023-04-25T01:53:48.569+0000] {dag.py:3456} INFO - Setting next_dagrun for dataset_produces_1 to 2023-04-24T00:00:00+00:00, run_after=2023-04-25T00:00:00+00:00
[2023-04-25T01:53:48.570+0000] {logging_mixin.py:137} INFO - [2023-04-25T01:53:48.570+0000] {dag.py:3456} INFO - Setting next_dagrun for dataset_produces_2 to None, run_after=None
[2023-04-25T01:53:48.593+0000] {processor.py:175} INFO - Processing /home/airflow/.local/lib/python3.7/site-packages/airflow/example_dags/example_datasets.py took 0.186 seconds
[2023-04-25T01:54:19.095+0000] {processor.py:153} INFO - Started process (PID=611) to work on /home/airflow/.local/lib/python3.7/site-packages/airflow/example_dags/example_datasets.py
[2023-04-25T01:54:19.096+0000] {processor.py:743} INFO - Processing file /home/airflow/.local/lib/python3.7/site-packages/airflow/example_dags/example_datasets.py for tasks to queue
[2023-04-25T01:54:19.097+0000] {logging_mixin.py:137} INFO - [2023-04-25T01:54:19.097+0000] {dagbag.py:532} INFO - Filling up the DagBag from /home/airflow/.local/lib/python3.7/site-packages/airflow/example_dags/example_datasets.py
[2023-04-25T01:54:19.115+0000] {processor.py:753} INFO - DAG(s) dict_keys(['dataset_consumes_1_and_2', 'dataset_produces_2', 'dataset_consumes_unknown_never_scheduled', 'dataset_consumes_1', 'dataset_produces_1', 'dataset_consumes_1_never_scheduled']) retrieved from /home/airflow/.local/lib/python3.7/site-packages/airflow/example_dags/example_datasets.py
[2023-04-25T01:54:19.152+0000] {logging_mixin.py:137} INFO - [2023-04-25T01:54:19.152+0000] {dag.py:2705} INFO - Sync 6 DAGs
[2023-04-25T01:54:19.180+0000] {logging_mixin.py:137} INFO - [2023-04-25T01:54:19.180+0000] {dag.py:3456} INFO - Setting next_dagrun for dataset_consumes_1 to None, run_after=None
[2023-04-25T01:54:19.184+0000] {logging_mixin.py:137} INFO - [2023-04-25T01:54:19.184+0000] {dag.py:3456} INFO - Setting next_dagrun for dataset_consumes_1_and_2 to None, run_after=None
[2023-04-25T01:54:19.185+0000] {logging_mixin.py:137} INFO - [2023-04-25T01:54:19.185+0000] {dag.py:3456} INFO - Setting next_dagrun for dataset_consumes_1_never_scheduled to None, run_after=None
[2023-04-25T01:54:19.186+0000] {logging_mixin.py:137} INFO - [2023-04-25T01:54:19.186+0000] {dag.py:3456} INFO - Setting next_dagrun for dataset_consumes_unknown_never_scheduled to None, run_after=None
[2023-04-25T01:54:19.190+0000] {logging_mixin.py:137} INFO - [2023-04-25T01:54:19.190+0000] {dag.py:3456} INFO - Setting next_dagrun for dataset_produces_1 to 2023-04-24T00:00:00+00:00, run_after=2023-04-25T00:00:00+00:00
[2023-04-25T01:54:19.191+0000] {logging_mixin.py:137} INFO - [2023-04-25T01:54:19.191+0000] {dag.py:3456} INFO - Setting next_dagrun for dataset_produces_2 to None, run_after=None
[2023-04-25T01:54:19.216+0000] {processor.py:175} INFO - Processing /home/airflow/.local/lib/python3.7/site-packages/airflow/example_dags/example_datasets.py took 0.127 seconds
[2023-04-25T01:54:49.825+0000] {processor.py:153} INFO - Started process (PID=661) to work on /home/airflow/.local/lib/python3.7/site-packages/airflow/example_dags/example_datasets.py
[2023-04-25T01:54:49.829+0000] {processor.py:743} INFO - Processing file /home/airflow/.local/lib/python3.7/site-packages/airflow/example_dags/example_datasets.py for tasks to queue
[2023-04-25T01:54:49.831+0000] {logging_mixin.py:137} INFO - [2023-04-25T01:54:49.831+0000] {dagbag.py:532} INFO - Filling up the DagBag from /home/airflow/.local/lib/python3.7/site-packages/airflow/example_dags/example_datasets.py
[2023-04-25T01:54:49.849+0000] {processor.py:753} INFO - DAG(s) dict_keys(['dataset_consumes_1', 'dataset_produces_2', 'dataset_consumes_unknown_never_scheduled', 'dataset_consumes_1_and_2', 'dataset_produces_1', 'dataset_consumes_1_never_scheduled']) retrieved from /home/airflow/.local/lib/python3.7/site-packages/airflow/example_dags/example_datasets.py
[2023-04-25T01:54:49.881+0000] {logging_mixin.py:137} INFO - [2023-04-25T01:54:49.881+0000] {dag.py:2705} INFO - Sync 6 DAGs
[2023-04-25T01:54:49.899+0000] {logging_mixin.py:137} INFO - [2023-04-25T01:54:49.899+0000] {dag.py:3456} INFO - Setting next_dagrun for dataset_consumes_1 to None, run_after=None
[2023-04-25T01:54:49.902+0000] {logging_mixin.py:137} INFO - [2023-04-25T01:54:49.902+0000] {dag.py:3456} INFO - Setting next_dagrun for dataset_consumes_1_and_2 to None, run_after=None
[2023-04-25T01:54:49.903+0000] {logging_mixin.py:137} INFO - [2023-04-25T01:54:49.903+0000] {dag.py:3456} INFO - Setting next_dagrun for dataset_consumes_1_never_scheduled to None, run_after=None
[2023-04-25T01:54:49.904+0000] {logging_mixin.py:137} INFO - [2023-04-25T01:54:49.904+0000] {dag.py:3456} INFO - Setting next_dagrun for dataset_consumes_unknown_never_scheduled to None, run_after=None
[2023-04-25T01:54:49.906+0000] {logging_mixin.py:137} INFO - [2023-04-25T01:54:49.906+0000] {dag.py:3456} INFO - Setting next_dagrun for dataset_produces_1 to 2023-04-24T00:00:00+00:00, run_after=2023-04-25T00:00:00+00:00
[2023-04-25T01:54:49.907+0000] {logging_mixin.py:137} INFO - [2023-04-25T01:54:49.907+0000] {dag.py:3456} INFO - Setting next_dagrun for dataset_produces_2 to None, run_after=None
[2023-04-25T01:54:49.928+0000] {processor.py:175} INFO - Processing /home/airflow/.local/lib/python3.7/site-packages/airflow/example_dags/example_datasets.py took 0.110 seconds
[2023-04-25T01:55:20.353+0000] {processor.py:153} INFO - Started process (PID=711) to work on /home/airflow/.local/lib/python3.7/site-packages/airflow/example_dags/example_datasets.py
[2023-04-25T01:55:20.355+0000] {processor.py:743} INFO - Processing file /home/airflow/.local/lib/python3.7/site-packages/airflow/example_dags/example_datasets.py for tasks to queue
[2023-04-25T01:55:20.356+0000] {logging_mixin.py:137} INFO - [2023-04-25T01:55:20.356+0000] {dagbag.py:532} INFO - Filling up the DagBag from /home/airflow/.local/lib/python3.7/site-packages/airflow/example_dags/example_datasets.py
[2023-04-25T01:55:20.375+0000] {processor.py:753} INFO - DAG(s) dict_keys(['dataset_consumes_1', 'dataset_consumes_unknown_never_scheduled', 'dataset_consumes_1_and_2', 'dataset_produces_2', 'dataset_produces_1', 'dataset_consumes_1_never_scheduled']) retrieved from /home/airflow/.local/lib/python3.7/site-packages/airflow/example_dags/example_datasets.py
[2023-04-25T01:55:20.424+0000] {logging_mixin.py:137} INFO - [2023-04-25T01:55:20.424+0000] {dag.py:2705} INFO - Sync 6 DAGs
[2023-04-25T01:55:20.446+0000] {logging_mixin.py:137} INFO - [2023-04-25T01:55:20.446+0000] {dag.py:3456} INFO - Setting next_dagrun for dataset_consumes_1 to None, run_after=None
[2023-04-25T01:55:20.449+0000] {logging_mixin.py:137} INFO - [2023-04-25T01:55:20.449+0000] {dag.py:3456} INFO - Setting next_dagrun for dataset_consumes_1_and_2 to None, run_after=None
[2023-04-25T01:55:20.451+0000] {logging_mixin.py:137} INFO - [2023-04-25T01:55:20.451+0000] {dag.py:3456} INFO - Setting next_dagrun for dataset_consumes_1_never_scheduled to None, run_after=None
[2023-04-25T01:55:20.452+0000] {logging_mixin.py:137} INFO - [2023-04-25T01:55:20.452+0000] {dag.py:3456} INFO - Setting next_dagrun for dataset_consumes_unknown_never_scheduled to None, run_after=None
[2023-04-25T01:55:20.454+0000] {logging_mixin.py:137} INFO - [2023-04-25T01:55:20.454+0000] {dag.py:3456} INFO - Setting next_dagrun for dataset_produces_1 to 2023-04-24T00:00:00+00:00, run_after=2023-04-25T00:00:00+00:00
[2023-04-25T01:55:20.456+0000] {logging_mixin.py:137} INFO - [2023-04-25T01:55:20.456+0000] {dag.py:3456} INFO - Setting next_dagrun for dataset_produces_2 to None, run_after=None
[2023-04-25T01:55:20.481+0000] {processor.py:175} INFO - Processing /home/airflow/.local/lib/python3.7/site-packages/airflow/example_dags/example_datasets.py took 0.142 seconds
[2023-04-25T01:55:51.052+0000] {processor.py:153} INFO - Started process (PID=760) to work on /home/airflow/.local/lib/python3.7/site-packages/airflow/example_dags/example_datasets.py
[2023-04-25T01:55:51.054+0000] {processor.py:743} INFO - Processing file /home/airflow/.local/lib/python3.7/site-packages/airflow/example_dags/example_datasets.py for tasks to queue
[2023-04-25T01:55:51.055+0000] {logging_mixin.py:137} INFO - [2023-04-25T01:55:51.055+0000] {dagbag.py:532} INFO - Filling up the DagBag from /home/airflow/.local/lib/python3.7/site-packages/airflow/example_dags/example_datasets.py
[2023-04-25T01:55:51.073+0000] {processor.py:753} INFO - DAG(s) dict_keys(['dataset_produces_1', 'dataset_consumes_1', 'dataset_consumes_1_and_2', 'dataset_consumes_1_never_scheduled', 'dataset_produces_2', 'dataset_consumes_unknown_never_scheduled']) retrieved from /home/airflow/.local/lib/python3.7/site-packages/airflow/example_dags/example_datasets.py
[2023-04-25T01:55:51.110+0000] {logging_mixin.py:137} INFO - [2023-04-25T01:55:51.110+0000] {dag.py:2705} INFO - Sync 6 DAGs
[2023-04-25T01:55:51.127+0000] {logging_mixin.py:137} INFO - [2023-04-25T01:55:51.127+0000] {dag.py:3456} INFO - Setting next_dagrun for dataset_consumes_1 to None, run_after=None
[2023-04-25T01:55:51.130+0000] {logging_mixin.py:137} INFO - [2023-04-25T01:55:51.130+0000] {dag.py:3456} INFO - Setting next_dagrun for dataset_consumes_1_and_2 to None, run_after=None
[2023-04-25T01:55:51.131+0000] {logging_mixin.py:137} INFO - [2023-04-25T01:55:51.131+0000] {dag.py:3456} INFO - Setting next_dagrun for dataset_consumes_1_never_scheduled to None, run_after=None
[2023-04-25T01:55:51.133+0000] {logging_mixin.py:137} INFO - [2023-04-25T01:55:51.133+0000] {dag.py:3456} INFO - Setting next_dagrun for dataset_consumes_unknown_never_scheduled to None, run_after=None
[2023-04-25T01:55:51.135+0000] {logging_mixin.py:137} INFO - [2023-04-25T01:55:51.135+0000] {dag.py:3456} INFO - Setting next_dagrun for dataset_produces_1 to 2023-04-24T00:00:00+00:00, run_after=2023-04-25T00:00:00+00:00
[2023-04-25T01:55:51.137+0000] {logging_mixin.py:137} INFO - [2023-04-25T01:55:51.137+0000] {dag.py:3456} INFO - Setting next_dagrun for dataset_produces_2 to None, run_after=None
[2023-04-25T01:55:51.159+0000] {processor.py:175} INFO - Processing /home/airflow/.local/lib/python3.7/site-packages/airflow/example_dags/example_datasets.py took 0.111 seconds
[2023-04-25T01:56:21.404+0000] {processor.py:153} INFO - Started process (PID=810) to work on /home/airflow/.local/lib/python3.7/site-packages/airflow/example_dags/example_datasets.py
[2023-04-25T01:56:21.407+0000] {processor.py:743} INFO - Processing file /home/airflow/.local/lib/python3.7/site-packages/airflow/example_dags/example_datasets.py for tasks to queue
[2023-04-25T01:56:21.409+0000] {logging_mixin.py:137} INFO - [2023-04-25T01:56:21.409+0000] {dagbag.py:532} INFO - Filling up the DagBag from /home/airflow/.local/lib/python3.7/site-packages/airflow/example_dags/example_datasets.py
[2023-04-25T01:56:21.428+0000] {processor.py:753} INFO - DAG(s) dict_keys(['dataset_consumes_unknown_never_scheduled', 'dataset_produces_1', 'dataset_produces_2', 'dataset_consumes_1_and_2', 'dataset_consumes_1', 'dataset_consumes_1_never_scheduled']) retrieved from /home/airflow/.local/lib/python3.7/site-packages/airflow/example_dags/example_datasets.py
[2023-04-25T01:56:21.458+0000] {logging_mixin.py:137} INFO - [2023-04-25T01:56:21.458+0000] {dag.py:2705} INFO - Sync 6 DAGs
[2023-04-25T01:56:21.475+0000] {logging_mixin.py:137} INFO - [2023-04-25T01:56:21.475+0000] {dag.py:3456} INFO - Setting next_dagrun for dataset_consumes_1 to None, run_after=None
[2023-04-25T01:56:21.478+0000] {logging_mixin.py:137} INFO - [2023-04-25T01:56:21.477+0000] {dag.py:3456} INFO - Setting next_dagrun for dataset_consumes_1_and_2 to None, run_after=None
[2023-04-25T01:56:21.479+0000] {logging_mixin.py:137} INFO - [2023-04-25T01:56:21.479+0000] {dag.py:3456} INFO - Setting next_dagrun for dataset_consumes_1_never_scheduled to None, run_after=None
[2023-04-25T01:56:21.480+0000] {logging_mixin.py:137} INFO - [2023-04-25T01:56:21.480+0000] {dag.py:3456} INFO - Setting next_dagrun for dataset_consumes_unknown_never_scheduled to None, run_after=None
[2023-04-25T01:56:21.482+0000] {logging_mixin.py:137} INFO - [2023-04-25T01:56:21.482+0000] {dag.py:3456} INFO - Setting next_dagrun for dataset_produces_1 to 2023-04-24T00:00:00+00:00, run_after=2023-04-25T00:00:00+00:00
[2023-04-25T01:56:21.484+0000] {logging_mixin.py:137} INFO - [2023-04-25T01:56:21.484+0000] {dag.py:3456} INFO - Setting next_dagrun for dataset_produces_2 to None, run_after=None
[2023-04-25T01:56:21.506+0000] {processor.py:175} INFO - Processing /home/airflow/.local/lib/python3.7/site-packages/airflow/example_dags/example_datasets.py took 0.110 seconds
[2023-04-25T01:56:51.972+0000] {processor.py:153} INFO - Started process (PID=860) to work on /home/airflow/.local/lib/python3.7/site-packages/airflow/example_dags/example_datasets.py
[2023-04-25T01:56:51.975+0000] {processor.py:743} INFO - Processing file /home/airflow/.local/lib/python3.7/site-packages/airflow/example_dags/example_datasets.py for tasks to queue
[2023-04-25T01:56:51.977+0000] {logging_mixin.py:137} INFO - [2023-04-25T01:56:51.977+0000] {dagbag.py:532} INFO - Filling up the DagBag from /home/airflow/.local/lib/python3.7/site-packages/airflow/example_dags/example_datasets.py
[2023-04-25T01:56:51.995+0000] {processor.py:753} INFO - DAG(s) dict_keys(['dataset_consumes_1_and_2', 'dataset_consumes_1_never_scheduled', 'dataset_produces_1', 'dataset_consumes_unknown_never_scheduled', 'dataset_produces_2', 'dataset_consumes_1']) retrieved from /home/airflow/.local/lib/python3.7/site-packages/airflow/example_dags/example_datasets.py
[2023-04-25T01:56:52.027+0000] {logging_mixin.py:137} INFO - [2023-04-25T01:56:52.027+0000] {dag.py:2705} INFO - Sync 6 DAGs
[2023-04-25T01:56:52.045+0000] {logging_mixin.py:137} INFO - [2023-04-25T01:56:52.045+0000] {dag.py:3456} INFO - Setting next_dagrun for dataset_consumes_1 to None, run_after=None
[2023-04-25T01:56:52.048+0000] {logging_mixin.py:137} INFO - [2023-04-25T01:56:52.048+0000] {dag.py:3456} INFO - Setting next_dagrun for dataset_consumes_1_and_2 to None, run_after=None
[2023-04-25T01:56:52.049+0000] {logging_mixin.py:137} INFO - [2023-04-25T01:56:52.049+0000] {dag.py:3456} INFO - Setting next_dagrun for dataset_consumes_1_never_scheduled to None, run_after=None
[2023-04-25T01:56:52.050+0000] {logging_mixin.py:137} INFO - [2023-04-25T01:56:52.050+0000] {dag.py:3456} INFO - Setting next_dagrun for dataset_consumes_unknown_never_scheduled to None, run_after=None
[2023-04-25T01:56:52.052+0000] {logging_mixin.py:137} INFO - [2023-04-25T01:56:52.052+0000] {dag.py:3456} INFO - Setting next_dagrun for dataset_produces_1 to 2023-04-24T00:00:00+00:00, run_after=2023-04-25T00:00:00+00:00
[2023-04-25T01:56:52.053+0000] {logging_mixin.py:137} INFO - [2023-04-25T01:56:52.053+0000] {dag.py:3456} INFO - Setting next_dagrun for dataset_produces_2 to None, run_after=None
[2023-04-25T01:56:52.077+0000] {processor.py:175} INFO - Processing /home/airflow/.local/lib/python3.7/site-packages/airflow/example_dags/example_datasets.py took 0.113 seconds
[2023-04-25T01:57:22.778+0000] {processor.py:153} INFO - Started process (PID=910) to work on /home/airflow/.local/lib/python3.7/site-packages/airflow/example_dags/example_datasets.py
[2023-04-25T01:57:22.780+0000] {processor.py:743} INFO - Processing file /home/airflow/.local/lib/python3.7/site-packages/airflow/example_dags/example_datasets.py for tasks to queue
[2023-04-25T01:57:22.782+0000] {logging_mixin.py:137} INFO - [2023-04-25T01:57:22.782+0000] {dagbag.py:532} INFO - Filling up the DagBag from /home/airflow/.local/lib/python3.7/site-packages/airflow/example_dags/example_datasets.py
[2023-04-25T01:57:22.801+0000] {processor.py:753} INFO - DAG(s) dict_keys(['dataset_produces_1', 'dataset_consumes_1_never_scheduled', 'dataset_consumes_1', 'dataset_consumes_1_and_2', 'dataset_consumes_unknown_never_scheduled', 'dataset_produces_2']) retrieved from /home/airflow/.local/lib/python3.7/site-packages/airflow/example_dags/example_datasets.py
[2023-04-25T01:57:22.835+0000] {logging_mixin.py:137} INFO - [2023-04-25T01:57:22.835+0000] {dag.py:2705} INFO - Sync 6 DAGs
[2023-04-25T01:57:22.852+0000] {logging_mixin.py:137} INFO - [2023-04-25T01:57:22.852+0000] {dag.py:3456} INFO - Setting next_dagrun for dataset_consumes_1 to None, run_after=None
[2023-04-25T01:57:22.855+0000] {logging_mixin.py:137} INFO - [2023-04-25T01:57:22.855+0000] {dag.py:3456} INFO - Setting next_dagrun for dataset_consumes_1_and_2 to None, run_after=None
[2023-04-25T01:57:22.856+0000] {logging_mixin.py:137} INFO - [2023-04-25T01:57:22.856+0000] {dag.py:3456} INFO - Setting next_dagrun for dataset_consumes_1_never_scheduled to None, run_after=None
[2023-04-25T01:57:22.857+0000] {logging_mixin.py:137} INFO - [2023-04-25T01:57:22.857+0000] {dag.py:3456} INFO - Setting next_dagrun for dataset_consumes_unknown_never_scheduled to None, run_after=None
[2023-04-25T01:57:22.859+0000] {logging_mixin.py:137} INFO - [2023-04-25T01:57:22.859+0000] {dag.py:3456} INFO - Setting next_dagrun for dataset_produces_1 to 2023-04-24T00:00:00+00:00, run_after=2023-04-25T00:00:00+00:00
[2023-04-25T01:57:22.861+0000] {logging_mixin.py:137} INFO - [2023-04-25T01:57:22.861+0000] {dag.py:3456} INFO - Setting next_dagrun for dataset_produces_2 to None, run_after=None
[2023-04-25T01:57:22.882+0000] {processor.py:175} INFO - Processing /home/airflow/.local/lib/python3.7/site-packages/airflow/example_dags/example_datasets.py took 0.111 seconds
[2023-04-25T01:57:53.447+0000] {processor.py:153} INFO - Started process (PID=960) to work on /home/airflow/.local/lib/python3.7/site-packages/airflow/example_dags/example_datasets.py
[2023-04-25T01:57:53.451+0000] {processor.py:743} INFO - Processing file /home/airflow/.local/lib/python3.7/site-packages/airflow/example_dags/example_datasets.py for tasks to queue
[2023-04-25T01:57:53.453+0000] {logging_mixin.py:137} INFO - [2023-04-25T01:57:53.453+0000] {dagbag.py:532} INFO - Filling up the DagBag from /home/airflow/.local/lib/python3.7/site-packages/airflow/example_dags/example_datasets.py
[2023-04-25T01:57:53.480+0000] {processor.py:753} INFO - DAG(s) dict_keys(['dataset_produces_2', 'dataset_produces_1', 'dataset_consumes_1_and_2', 'dataset_consumes_unknown_never_scheduled', 'dataset_consumes_1_never_scheduled', 'dataset_consumes_1']) retrieved from /home/airflow/.local/lib/python3.7/site-packages/airflow/example_dags/example_datasets.py
[2023-04-25T01:57:53.510+0000] {logging_mixin.py:137} INFO - [2023-04-25T01:57:53.510+0000] {dag.py:2705} INFO - Sync 6 DAGs
[2023-04-25T01:57:53.528+0000] {logging_mixin.py:137} INFO - [2023-04-25T01:57:53.528+0000] {dag.py:3456} INFO - Setting next_dagrun for dataset_consumes_1 to None, run_after=None
[2023-04-25T01:57:53.530+0000] {logging_mixin.py:137} INFO - [2023-04-25T01:57:53.530+0000] {dag.py:3456} INFO - Setting next_dagrun for dataset_consumes_1_and_2 to None, run_after=None
[2023-04-25T01:57:53.532+0000] {logging_mixin.py:137} INFO - [2023-04-25T01:57:53.532+0000] {dag.py:3456} INFO - Setting next_dagrun for dataset_consumes_1_never_scheduled to None, run_after=None
[2023-04-25T01:57:53.533+0000] {logging_mixin.py:137} INFO - [2023-04-25T01:57:53.533+0000] {dag.py:3456} INFO - Setting next_dagrun for dataset_consumes_unknown_never_scheduled to None, run_after=None
[2023-04-25T01:57:53.535+0000] {logging_mixin.py:137} INFO - [2023-04-25T01:57:53.535+0000] {dag.py:3456} INFO - Setting next_dagrun for dataset_produces_1 to 2023-04-24T00:00:00+00:00, run_after=2023-04-25T00:00:00+00:00
[2023-04-25T01:57:53.536+0000] {logging_mixin.py:137} INFO - [2023-04-25T01:57:53.536+0000] {dag.py:3456} INFO - Setting next_dagrun for dataset_produces_2 to None, run_after=None
[2023-04-25T01:57:53.559+0000] {processor.py:175} INFO - Processing /home/airflow/.local/lib/python3.7/site-packages/airflow/example_dags/example_datasets.py took 0.119 seconds
[2023-04-25T01:58:23.680+0000] {processor.py:153} INFO - Started process (PID=1010) to work on /home/airflow/.local/lib/python3.7/site-packages/airflow/example_dags/example_datasets.py
[2023-04-25T01:58:23.683+0000] {processor.py:743} INFO - Processing file /home/airflow/.local/lib/python3.7/site-packages/airflow/example_dags/example_datasets.py for tasks to queue
[2023-04-25T01:58:23.684+0000] {logging_mixin.py:137} INFO - [2023-04-25T01:58:23.684+0000] {dagbag.py:532} INFO - Filling up the DagBag from /home/airflow/.local/lib/python3.7/site-packages/airflow/example_dags/example_datasets.py
[2023-04-25T01:58:23.702+0000] {processor.py:753} INFO - DAG(s) dict_keys(['dataset_consumes_1_and_2', 'dataset_consumes_1', 'dataset_produces_1', 'dataset_produces_2', 'dataset_consumes_1_never_scheduled', 'dataset_consumes_unknown_never_scheduled']) retrieved from /home/airflow/.local/lib/python3.7/site-packages/airflow/example_dags/example_datasets.py
[2023-04-25T01:58:23.747+0000] {logging_mixin.py:137} INFO - [2023-04-25T01:58:23.746+0000] {dag.py:2705} INFO - Sync 6 DAGs
[2023-04-25T01:58:23.772+0000] {logging_mixin.py:137} INFO - [2023-04-25T01:58:23.772+0000] {dag.py:3456} INFO - Setting next_dagrun for dataset_consumes_1 to None, run_after=None
[2023-04-25T01:58:23.775+0000] {logging_mixin.py:137} INFO - [2023-04-25T01:58:23.775+0000] {dag.py:3456} INFO - Setting next_dagrun for dataset_consumes_1_and_2 to None, run_after=None
[2023-04-25T01:58:23.777+0000] {logging_mixin.py:137} INFO - [2023-04-25T01:58:23.777+0000] {dag.py:3456} INFO - Setting next_dagrun for dataset_consumes_1_never_scheduled to None, run_after=None
[2023-04-25T01:58:23.778+0000] {logging_mixin.py:137} INFO - [2023-04-25T01:58:23.778+0000] {dag.py:3456} INFO - Setting next_dagrun for dataset_consumes_unknown_never_scheduled to None, run_after=None
[2023-04-25T01:58:23.781+0000] {logging_mixin.py:137} INFO - [2023-04-25T01:58:23.781+0000] {dag.py:3456} INFO - Setting next_dagrun for dataset_produces_1 to 2023-04-24T00:00:00+00:00, run_after=2023-04-25T00:00:00+00:00
[2023-04-25T01:58:23.783+0000] {logging_mixin.py:137} INFO - [2023-04-25T01:58:23.783+0000] {dag.py:3456} INFO - Setting next_dagrun for dataset_produces_2 to None, run_after=None
[2023-04-25T01:58:23.808+0000] {processor.py:175} INFO - Processing /home/airflow/.local/lib/python3.7/site-packages/airflow/example_dags/example_datasets.py took 0.132 seconds
[2023-04-25T01:58:54.240+0000] {processor.py:153} INFO - Started process (PID=1060) to work on /home/airflow/.local/lib/python3.7/site-packages/airflow/example_dags/example_datasets.py
[2023-04-25T01:58:54.243+0000] {processor.py:743} INFO - Processing file /home/airflow/.local/lib/python3.7/site-packages/airflow/example_dags/example_datasets.py for tasks to queue
[2023-04-25T01:58:54.245+0000] {logging_mixin.py:137} INFO - [2023-04-25T01:58:54.244+0000] {dagbag.py:532} INFO - Filling up the DagBag from /home/airflow/.local/lib/python3.7/site-packages/airflow/example_dags/example_datasets.py
[2023-04-25T01:58:54.266+0000] {processor.py:753} INFO - DAG(s) dict_keys(['dataset_consumes_1_and_2', 'dataset_produces_1', 'dataset_consumes_1_never_scheduled', 'dataset_consumes_1', 'dataset_consumes_unknown_never_scheduled', 'dataset_produces_2']) retrieved from /home/airflow/.local/lib/python3.7/site-packages/airflow/example_dags/example_datasets.py
[2023-04-25T01:58:54.298+0000] {logging_mixin.py:137} INFO - [2023-04-25T01:58:54.298+0000] {dag.py:2705} INFO - Sync 6 DAGs
[2023-04-25T01:58:54.314+0000] {logging_mixin.py:137} INFO - [2023-04-25T01:58:54.314+0000] {dag.py:3456} INFO - Setting next_dagrun for dataset_consumes_1 to None, run_after=None
[2023-04-25T01:58:54.317+0000] {logging_mixin.py:137} INFO - [2023-04-25T01:58:54.317+0000] {dag.py:3456} INFO - Setting next_dagrun for dataset_consumes_1_and_2 to None, run_after=None
[2023-04-25T01:58:54.318+0000] {logging_mixin.py:137} INFO - [2023-04-25T01:58:54.318+0000] {dag.py:3456} INFO - Setting next_dagrun for dataset_consumes_1_never_scheduled to None, run_after=None
[2023-04-25T01:58:54.319+0000] {logging_mixin.py:137} INFO - [2023-04-25T01:58:54.319+0000] {dag.py:3456} INFO - Setting next_dagrun for dataset_consumes_unknown_never_scheduled to None, run_after=None
[2023-04-25T01:58:54.321+0000] {logging_mixin.py:137} INFO - [2023-04-25T01:58:54.321+0000] {dag.py:3456} INFO - Setting next_dagrun for dataset_produces_1 to 2023-04-24T00:00:00+00:00, run_after=2023-04-25T00:00:00+00:00
[2023-04-25T01:58:54.323+0000] {logging_mixin.py:137} INFO - [2023-04-25T01:58:54.322+0000] {dag.py:3456} INFO - Setting next_dagrun for dataset_produces_2 to None, run_after=None
[2023-04-25T01:58:54.343+0000] {processor.py:175} INFO - Processing /home/airflow/.local/lib/python3.7/site-packages/airflow/example_dags/example_datasets.py took 0.111 seconds
[2023-04-25T01:59:24.859+0000] {processor.py:153} INFO - Started process (PID=1110) to work on /home/airflow/.local/lib/python3.7/site-packages/airflow/example_dags/example_datasets.py
[2023-04-25T01:59:24.863+0000] {processor.py:743} INFO - Processing file /home/airflow/.local/lib/python3.7/site-packages/airflow/example_dags/example_datasets.py for tasks to queue
[2023-04-25T01:59:24.865+0000] {logging_mixin.py:137} INFO - [2023-04-25T01:59:24.865+0000] {dagbag.py:532} INFO - Filling up the DagBag from /home/airflow/.local/lib/python3.7/site-packages/airflow/example_dags/example_datasets.py
[2023-04-25T01:59:24.885+0000] {processor.py:753} INFO - DAG(s) dict_keys(['dataset_consumes_1_and_2', 'dataset_consumes_1', 'dataset_consumes_1_never_scheduled', 'dataset_produces_2', 'dataset_consumes_unknown_never_scheduled', 'dataset_produces_1']) retrieved from /home/airflow/.local/lib/python3.7/site-packages/airflow/example_dags/example_datasets.py
[2023-04-25T01:59:24.915+0000] {logging_mixin.py:137} INFO - [2023-04-25T01:59:24.915+0000] {dag.py:2705} INFO - Sync 6 DAGs
[2023-04-25T01:59:24.932+0000] {logging_mixin.py:137} INFO - [2023-04-25T01:59:24.931+0000] {dag.py:3456} INFO - Setting next_dagrun for dataset_consumes_1 to None, run_after=None
[2023-04-25T01:59:24.934+0000] {logging_mixin.py:137} INFO - [2023-04-25T01:59:24.934+0000] {dag.py:3456} INFO - Setting next_dagrun for dataset_consumes_1_and_2 to None, run_after=None
[2023-04-25T01:59:24.935+0000] {logging_mixin.py:137} INFO - [2023-04-25T01:59:24.935+0000] {dag.py:3456} INFO - Setting next_dagrun for dataset_consumes_1_never_scheduled to None, run_after=None
[2023-04-25T01:59:24.937+0000] {logging_mixin.py:137} INFO - [2023-04-25T01:59:24.936+0000] {dag.py:3456} INFO - Setting next_dagrun for dataset_consumes_unknown_never_scheduled to None, run_after=None
[2023-04-25T01:59:24.939+0000] {logging_mixin.py:137} INFO - [2023-04-25T01:59:24.938+0000] {dag.py:3456} INFO - Setting next_dagrun for dataset_produces_1 to 2023-04-24T00:00:00+00:00, run_after=2023-04-25T00:00:00+00:00
[2023-04-25T01:59:24.940+0000] {logging_mixin.py:137} INFO - [2023-04-25T01:59:24.940+0000] {dag.py:3456} INFO - Setting next_dagrun for dataset_produces_2 to None, run_after=None
[2023-04-25T01:59:24.960+0000] {processor.py:175} INFO - Processing /home/airflow/.local/lib/python3.7/site-packages/airflow/example_dags/example_datasets.py took 0.109 seconds
[2023-04-25T01:59:55.478+0000] {processor.py:153} INFO - Started process (PID=1160) to work on /home/airflow/.local/lib/python3.7/site-packages/airflow/example_dags/example_datasets.py
[2023-04-25T01:59:55.481+0000] {processor.py:743} INFO - Processing file /home/airflow/.local/lib/python3.7/site-packages/airflow/example_dags/example_datasets.py for tasks to queue
[2023-04-25T01:59:55.483+0000] {logging_mixin.py:137} INFO - [2023-04-25T01:59:55.483+0000] {dagbag.py:532} INFO - Filling up the DagBag from /home/airflow/.local/lib/python3.7/site-packages/airflow/example_dags/example_datasets.py
[2023-04-25T01:59:55.503+0000] {processor.py:753} INFO - DAG(s) dict_keys(['dataset_consumes_1_never_scheduled', 'dataset_consumes_1_and_2', 'dataset_produces_1', 'dataset_consumes_1', 'dataset_produces_2', 'dataset_consumes_unknown_never_scheduled']) retrieved from /home/airflow/.local/lib/python3.7/site-packages/airflow/example_dags/example_datasets.py
[2023-04-25T01:59:55.534+0000] {logging_mixin.py:137} INFO - [2023-04-25T01:59:55.534+0000] {dag.py:2705} INFO - Sync 6 DAGs
[2023-04-25T01:59:55.551+0000] {logging_mixin.py:137} INFO - [2023-04-25T01:59:55.551+0000] {dag.py:3456} INFO - Setting next_dagrun for dataset_consumes_1 to None, run_after=None
[2023-04-25T01:59:55.554+0000] {logging_mixin.py:137} INFO - [2023-04-25T01:59:55.554+0000] {dag.py:3456} INFO - Setting next_dagrun for dataset_consumes_1_and_2 to None, run_after=None
[2023-04-25T01:59:55.555+0000] {logging_mixin.py:137} INFO - [2023-04-25T01:59:55.555+0000] {dag.py:3456} INFO - Setting next_dagrun for dataset_consumes_1_never_scheduled to None, run_after=None
[2023-04-25T01:59:55.559+0000] {logging_mixin.py:137} INFO - [2023-04-25T01:59:55.559+0000] {dag.py:3456} INFO - Setting next_dagrun for dataset_consumes_unknown_never_scheduled to None, run_after=None
[2023-04-25T01:59:55.561+0000] {logging_mixin.py:137} INFO - [2023-04-25T01:59:55.561+0000] {dag.py:3456} INFO - Setting next_dagrun for dataset_produces_1 to 2023-04-24T00:00:00+00:00, run_after=2023-04-25T00:00:00+00:00
[2023-04-25T01:59:55.562+0000] {logging_mixin.py:137} INFO - [2023-04-25T01:59:55.562+0000] {dag.py:3456} INFO - Setting next_dagrun for dataset_produces_2 to None, run_after=None
[2023-04-25T01:59:55.581+0000] {processor.py:175} INFO - Processing /home/airflow/.local/lib/python3.7/site-packages/airflow/example_dags/example_datasets.py took 0.112 seconds
[2023-04-25T02:00:26.109+0000] {processor.py:153} INFO - Started process (PID=1210) to work on /home/airflow/.local/lib/python3.7/site-packages/airflow/example_dags/example_datasets.py
[2023-04-25T02:00:26.112+0000] {processor.py:743} INFO - Processing file /home/airflow/.local/lib/python3.7/site-packages/airflow/example_dags/example_datasets.py for tasks to queue
[2023-04-25T02:00:26.115+0000] {logging_mixin.py:137} INFO - [2023-04-25T02:00:26.114+0000] {dagbag.py:532} INFO - Filling up the DagBag from /home/airflow/.local/lib/python3.7/site-packages/airflow/example_dags/example_datasets.py
[2023-04-25T02:00:26.133+0000] {processor.py:753} INFO - DAG(s) dict_keys(['dataset_consumes_unknown_never_scheduled', 'dataset_produces_2', 'dataset_consumes_1_and_2', 'dataset_produces_1', 'dataset_consumes_1', 'dataset_consumes_1_never_scheduled']) retrieved from /home/airflow/.local/lib/python3.7/site-packages/airflow/example_dags/example_datasets.py
[2023-04-25T02:00:26.164+0000] {logging_mixin.py:137} INFO - [2023-04-25T02:00:26.164+0000] {dag.py:2705} INFO - Sync 6 DAGs
[2023-04-25T02:00:26.182+0000] {logging_mixin.py:137} INFO - [2023-04-25T02:00:26.181+0000] {dag.py:3456} INFO - Setting next_dagrun for dataset_consumes_1 to None, run_after=None
[2023-04-25T02:00:26.184+0000] {logging_mixin.py:137} INFO - [2023-04-25T02:00:26.184+0000] {dag.py:3456} INFO - Setting next_dagrun for dataset_consumes_1_and_2 to None, run_after=None
[2023-04-25T02:00:26.186+0000] {logging_mixin.py:137} INFO - [2023-04-25T02:00:26.185+0000] {dag.py:3456} INFO - Setting next_dagrun for dataset_consumes_1_never_scheduled to None, run_after=None
[2023-04-25T02:00:26.187+0000] {logging_mixin.py:137} INFO - [2023-04-25T02:00:26.187+0000] {dag.py:3456} INFO - Setting next_dagrun for dataset_consumes_unknown_never_scheduled to None, run_after=None
[2023-04-25T02:00:26.189+0000] {logging_mixin.py:137} INFO - [2023-04-25T02:00:26.189+0000] {dag.py:3456} INFO - Setting next_dagrun for dataset_produces_1 to 2023-04-24T00:00:00+00:00, run_after=2023-04-25T00:00:00+00:00
[2023-04-25T02:00:26.191+0000] {logging_mixin.py:137} INFO - [2023-04-25T02:00:26.190+0000] {dag.py:3456} INFO - Setting next_dagrun for dataset_produces_2 to None, run_after=None
[2023-04-25T02:00:26.212+0000] {processor.py:175} INFO - Processing /home/airflow/.local/lib/python3.7/site-packages/airflow/example_dags/example_datasets.py took 0.110 seconds
[2023-04-25T02:00:56.597+0000] {processor.py:153} INFO - Started process (PID=1260) to work on /home/airflow/.local/lib/python3.7/site-packages/airflow/example_dags/example_datasets.py
[2023-04-25T02:00:56.602+0000] {processor.py:743} INFO - Processing file /home/airflow/.local/lib/python3.7/site-packages/airflow/example_dags/example_datasets.py for tasks to queue
[2023-04-25T02:00:56.603+0000] {logging_mixin.py:137} INFO - [2023-04-25T02:00:56.603+0000] {dagbag.py:532} INFO - Filling up the DagBag from /home/airflow/.local/lib/python3.7/site-packages/airflow/example_dags/example_datasets.py
[2023-04-25T02:00:56.623+0000] {processor.py:753} INFO - DAG(s) dict_keys(['dataset_consumes_1', 'dataset_produces_2', 'dataset_consumes_1_never_scheduled', 'dataset_produces_1', 'dataset_consumes_unknown_never_scheduled', 'dataset_consumes_1_and_2']) retrieved from /home/airflow/.local/lib/python3.7/site-packages/airflow/example_dags/example_datasets.py
[2023-04-25T02:00:56.656+0000] {logging_mixin.py:137} INFO - [2023-04-25T02:00:56.655+0000] {dag.py:2705} INFO - Sync 6 DAGs
[2023-04-25T02:00:56.674+0000] {logging_mixin.py:137} INFO - [2023-04-25T02:00:56.674+0000] {dag.py:3456} INFO - Setting next_dagrun for dataset_consumes_1 to None, run_after=None
[2023-04-25T02:00:56.677+0000] {logging_mixin.py:137} INFO - [2023-04-25T02:00:56.677+0000] {dag.py:3456} INFO - Setting next_dagrun for dataset_consumes_1_and_2 to None, run_after=None
[2023-04-25T02:00:56.678+0000] {logging_mixin.py:137} INFO - [2023-04-25T02:00:56.678+0000] {dag.py:3456} INFO - Setting next_dagrun for dataset_consumes_1_never_scheduled to None, run_after=None
[2023-04-25T02:00:56.679+0000] {logging_mixin.py:137} INFO - [2023-04-25T02:00:56.679+0000] {dag.py:3456} INFO - Setting next_dagrun for dataset_consumes_unknown_never_scheduled to None, run_after=None
[2023-04-25T02:00:56.682+0000] {logging_mixin.py:137} INFO - [2023-04-25T02:00:56.681+0000] {dag.py:3456} INFO - Setting next_dagrun for dataset_produces_1 to 2023-04-24T00:00:00+00:00, run_after=2023-04-25T00:00:00+00:00
[2023-04-25T02:00:56.683+0000] {logging_mixin.py:137} INFO - [2023-04-25T02:00:56.683+0000] {dag.py:3456} INFO - Setting next_dagrun for dataset_produces_2 to None, run_after=None
[2023-04-25T02:00:56.705+0000] {processor.py:175} INFO - Processing /home/airflow/.local/lib/python3.7/site-packages/airflow/example_dags/example_datasets.py took 0.114 seconds
[2023-04-25T02:01:27.271+0000] {processor.py:153} INFO - Started process (PID=1310) to work on /home/airflow/.local/lib/python3.7/site-packages/airflow/example_dags/example_datasets.py
[2023-04-25T02:01:27.274+0000] {processor.py:743} INFO - Processing file /home/airflow/.local/lib/python3.7/site-packages/airflow/example_dags/example_datasets.py for tasks to queue
[2023-04-25T02:01:27.275+0000] {logging_mixin.py:137} INFO - [2023-04-25T02:01:27.275+0000] {dagbag.py:532} INFO - Filling up the DagBag from /home/airflow/.local/lib/python3.7/site-packages/airflow/example_dags/example_datasets.py
[2023-04-25T02:01:27.297+0000] {processor.py:753} INFO - DAG(s) dict_keys(['dataset_consumes_1_and_2', 'dataset_consumes_1', 'dataset_consumes_unknown_never_scheduled', 'dataset_produces_2', 'dataset_produces_1', 'dataset_consumes_1_never_scheduled']) retrieved from /home/airflow/.local/lib/python3.7/site-packages/airflow/example_dags/example_datasets.py
[2023-04-25T02:01:27.333+0000] {logging_mixin.py:137} INFO - [2023-04-25T02:01:27.333+0000] {dag.py:2705} INFO - Sync 6 DAGs
[2023-04-25T02:01:27.353+0000] {logging_mixin.py:137} INFO - [2023-04-25T02:01:27.353+0000] {dag.py:3456} INFO - Setting next_dagrun for dataset_consumes_1 to None, run_after=None
[2023-04-25T02:01:27.355+0000] {logging_mixin.py:137} INFO - [2023-04-25T02:01:27.355+0000] {dag.py:3456} INFO - Setting next_dagrun for dataset_consumes_1_and_2 to None, run_after=None
[2023-04-25T02:01:27.356+0000] {logging_mixin.py:137} INFO - [2023-04-25T02:01:27.356+0000] {dag.py:3456} INFO - Setting next_dagrun for dataset_consumes_1_never_scheduled to None, run_after=None
[2023-04-25T02:01:27.358+0000] {logging_mixin.py:137} INFO - [2023-04-25T02:01:27.357+0000] {dag.py:3456} INFO - Setting next_dagrun for dataset_consumes_unknown_never_scheduled to None, run_after=None
[2023-04-25T02:01:27.360+0000] {logging_mixin.py:137} INFO - [2023-04-25T02:01:27.360+0000] {dag.py:3456} INFO - Setting next_dagrun for dataset_produces_1 to 2023-04-24T00:00:00+00:00, run_after=2023-04-25T00:00:00+00:00
[2023-04-25T02:01:27.362+0000] {logging_mixin.py:137} INFO - [2023-04-25T02:01:27.362+0000] {dag.py:3456} INFO - Setting next_dagrun for dataset_produces_2 to None, run_after=None
[2023-04-25T02:01:27.386+0000] {processor.py:175} INFO - Processing /home/airflow/.local/lib/python3.7/site-packages/airflow/example_dags/example_datasets.py took 0.121 seconds
[2023-04-25T02:01:57.554+0000] {processor.py:153} INFO - Started process (PID=1359) to work on /home/airflow/.local/lib/python3.7/site-packages/airflow/example_dags/example_datasets.py
[2023-04-25T02:01:57.558+0000] {processor.py:743} INFO - Processing file /home/airflow/.local/lib/python3.7/site-packages/airflow/example_dags/example_datasets.py for tasks to queue
[2023-04-25T02:01:57.559+0000] {logging_mixin.py:137} INFO - [2023-04-25T02:01:57.559+0000] {dagbag.py:532} INFO - Filling up the DagBag from /home/airflow/.local/lib/python3.7/site-packages/airflow/example_dags/example_datasets.py
[2023-04-25T02:01:57.575+0000] {processor.py:753} INFO - DAG(s) dict_keys(['dataset_consumes_1', 'dataset_consumes_1_never_scheduled', 'dataset_produces_2', 'dataset_consumes_unknown_never_scheduled', 'dataset_consumes_1_and_2', 'dataset_produces_1']) retrieved from /home/airflow/.local/lib/python3.7/site-packages/airflow/example_dags/example_datasets.py
[2023-04-25T02:01:57.606+0000] {logging_mixin.py:137} INFO - [2023-04-25T02:01:57.605+0000] {dag.py:2705} INFO - Sync 6 DAGs
[2023-04-25T02:01:57.623+0000] {logging_mixin.py:137} INFO - [2023-04-25T02:01:57.623+0000] {dag.py:3456} INFO - Setting next_dagrun for dataset_consumes_1 to None, run_after=None
[2023-04-25T02:01:57.626+0000] {logging_mixin.py:137} INFO - [2023-04-25T02:01:57.626+0000] {dag.py:3456} INFO - Setting next_dagrun for dataset_consumes_1_and_2 to None, run_after=None
[2023-04-25T02:01:57.628+0000] {logging_mixin.py:137} INFO - [2023-04-25T02:01:57.628+0000] {dag.py:3456} INFO - Setting next_dagrun for dataset_consumes_1_never_scheduled to None, run_after=None
[2023-04-25T02:01:57.629+0000] {logging_mixin.py:137} INFO - [2023-04-25T02:01:57.629+0000] {dag.py:3456} INFO - Setting next_dagrun for dataset_consumes_unknown_never_scheduled to None, run_after=None
[2023-04-25T02:01:57.631+0000] {logging_mixin.py:137} INFO - [2023-04-25T02:01:57.631+0000] {dag.py:3456} INFO - Setting next_dagrun for dataset_produces_1 to 2023-04-24T00:00:00+00:00, run_after=2023-04-25T00:00:00+00:00
[2023-04-25T02:01:57.632+0000] {logging_mixin.py:137} INFO - [2023-04-25T02:01:57.632+0000] {dag.py:3456} INFO - Setting next_dagrun for dataset_produces_2 to None, run_after=None
[2023-04-25T02:01:57.653+0000] {processor.py:175} INFO - Processing /home/airflow/.local/lib/python3.7/site-packages/airflow/example_dags/example_datasets.py took 0.106 seconds
[2023-04-25T02:02:28.163+0000] {processor.py:153} INFO - Started process (PID=1409) to work on /home/airflow/.local/lib/python3.7/site-packages/airflow/example_dags/example_datasets.py
[2023-04-25T02:02:28.168+0000] {processor.py:743} INFO - Processing file /home/airflow/.local/lib/python3.7/site-packages/airflow/example_dags/example_datasets.py for tasks to queue
[2023-04-25T02:02:28.169+0000] {logging_mixin.py:137} INFO - [2023-04-25T02:02:28.169+0000] {dagbag.py:532} INFO - Filling up the DagBag from /home/airflow/.local/lib/python3.7/site-packages/airflow/example_dags/example_datasets.py
[2023-04-25T02:02:28.187+0000] {processor.py:753} INFO - DAG(s) dict_keys(['dataset_produces_1', 'dataset_produces_2', 'dataset_consumes_unknown_never_scheduled', 'dataset_consumes_1_and_2', 'dataset_consumes_1_never_scheduled', 'dataset_consumes_1']) retrieved from /home/airflow/.local/lib/python3.7/site-packages/airflow/example_dags/example_datasets.py
[2023-04-25T02:02:28.219+0000] {logging_mixin.py:137} INFO - [2023-04-25T02:02:28.219+0000] {dag.py:2705} INFO - Sync 6 DAGs
[2023-04-25T02:02:28.237+0000] {logging_mixin.py:137} INFO - [2023-04-25T02:02:28.237+0000] {dag.py:3456} INFO - Setting next_dagrun for dataset_consumes_1 to None, run_after=None
[2023-04-25T02:02:28.239+0000] {logging_mixin.py:137} INFO - [2023-04-25T02:02:28.239+0000] {dag.py:3456} INFO - Setting next_dagrun for dataset_consumes_1_and_2 to None, run_after=None
[2023-04-25T02:02:28.241+0000] {logging_mixin.py:137} INFO - [2023-04-25T02:02:28.241+0000] {dag.py:3456} INFO - Setting next_dagrun for dataset_consumes_1_never_scheduled to None, run_after=None
[2023-04-25T02:02:28.242+0000] {logging_mixin.py:137} INFO - [2023-04-25T02:02:28.242+0000] {dag.py:3456} INFO - Setting next_dagrun for dataset_consumes_unknown_never_scheduled to None, run_after=None
[2023-04-25T02:02:28.244+0000] {logging_mixin.py:137} INFO - [2023-04-25T02:02:28.244+0000] {dag.py:3456} INFO - Setting next_dagrun for dataset_produces_1 to 2023-04-24T00:00:00+00:00, run_after=2023-04-25T00:00:00+00:00
[2023-04-25T02:02:28.246+0000] {logging_mixin.py:137} INFO - [2023-04-25T02:02:28.245+0000] {dag.py:3456} INFO - Setting next_dagrun for dataset_produces_2 to None, run_after=None
[2023-04-25T02:02:28.267+0000] {processor.py:175} INFO - Processing /home/airflow/.local/lib/python3.7/site-packages/airflow/example_dags/example_datasets.py took 0.113 seconds
[2023-04-25T02:02:58.755+0000] {processor.py:153} INFO - Started process (PID=1459) to work on /home/airflow/.local/lib/python3.7/site-packages/airflow/example_dags/example_datasets.py
[2023-04-25T02:02:58.759+0000] {processor.py:743} INFO - Processing file /home/airflow/.local/lib/python3.7/site-packages/airflow/example_dags/example_datasets.py for tasks to queue
[2023-04-25T02:02:58.761+0000] {logging_mixin.py:137} INFO - [2023-04-25T02:02:58.761+0000] {dagbag.py:532} INFO - Filling up the DagBag from /home/airflow/.local/lib/python3.7/site-packages/airflow/example_dags/example_datasets.py
[2023-04-25T02:02:58.782+0000] {processor.py:753} INFO - DAG(s) dict_keys(['dataset_produces_2', 'dataset_consumes_1', 'dataset_consumes_1_never_scheduled', 'dataset_produces_1', 'dataset_consumes_1_and_2', 'dataset_consumes_unknown_never_scheduled']) retrieved from /home/airflow/.local/lib/python3.7/site-packages/airflow/example_dags/example_datasets.py
[2023-04-25T02:02:58.818+0000] {logging_mixin.py:137} INFO - [2023-04-25T02:02:58.818+0000] {dag.py:2705} INFO - Sync 6 DAGs
[2023-04-25T02:02:58.840+0000] {logging_mixin.py:137} INFO - [2023-04-25T02:02:58.840+0000] {dag.py:3456} INFO - Setting next_dagrun for dataset_consumes_1 to None, run_after=None
[2023-04-25T02:02:58.849+0000] {logging_mixin.py:137} INFO - [2023-04-25T02:02:58.849+0000] {dag.py:3456} INFO - Setting next_dagrun for dataset_consumes_1_and_2 to None, run_after=None
[2023-04-25T02:02:58.851+0000] {logging_mixin.py:137} INFO - [2023-04-25T02:02:58.851+0000] {dag.py:3456} INFO - Setting next_dagrun for dataset_consumes_1_never_scheduled to None, run_after=None
[2023-04-25T02:02:58.853+0000] {logging_mixin.py:137} INFO - [2023-04-25T02:02:58.853+0000] {dag.py:3456} INFO - Setting next_dagrun for dataset_consumes_unknown_never_scheduled to None, run_after=None
[2023-04-25T02:02:58.855+0000] {logging_mixin.py:137} INFO - [2023-04-25T02:02:58.855+0000] {dag.py:3456} INFO - Setting next_dagrun for dataset_produces_1 to 2023-04-24T00:00:00+00:00, run_after=2023-04-25T00:00:00+00:00
[2023-04-25T02:02:58.862+0000] {logging_mixin.py:137} INFO - [2023-04-25T02:02:58.862+0000] {dag.py:3456} INFO - Setting next_dagrun for dataset_produces_2 to None, run_after=None
[2023-04-25T02:02:58.891+0000] {processor.py:175} INFO - Processing /home/airflow/.local/lib/python3.7/site-packages/airflow/example_dags/example_datasets.py took 0.144 seconds
