[2023-04-25T01:48:38.970+0000] {processor.py:153} INFO - Started process (PID=34) to work on /home/airflow/.local/lib/python3.7/site-packages/airflow/example_dags/example_task_group_decorator.py
[2023-04-25T01:48:38.971+0000] {processor.py:743} INFO - Processing file /home/airflow/.local/lib/python3.7/site-packages/airflow/example_dags/example_task_group_decorator.py for tasks to queue
[2023-04-25T01:48:38.972+0000] {logging_mixin.py:137} INFO - [2023-04-25T01:48:38.972+0000] {dagbag.py:532} INFO - Filling up the DagBag from /home/airflow/.local/lib/python3.7/site-packages/airflow/example_dags/example_task_group_decorator.py
[2023-04-25T01:48:39.103+0000] {processor.py:753} INFO - DAG(s) dict_keys(['example_task_group_decorator']) retrieved from /home/airflow/.local/lib/python3.7/site-packages/airflow/example_dags/example_task_group_decorator.py
[2023-04-25T01:48:39.237+0000] {logging_mixin.py:137} INFO - [2023-04-25T01:48:39.237+0000] {dag.py:2705} INFO - Sync 1 DAGs
[2023-04-25T01:48:39.285+0000] {logging_mixin.py:137} INFO - [2023-04-25T01:48:39.285+0000] {dag.py:3456} INFO - Setting next_dagrun for example_task_group_decorator to 2023-04-24T01:48:39.284935+00:00, run_after=2023-04-25T01:48:39.284935+00:00
[2023-04-25T01:48:39.439+0000] {processor.py:175} INFO - Processing /home/airflow/.local/lib/python3.7/site-packages/airflow/example_dags/example_task_group_decorator.py took 0.483 seconds
[2023-04-25T01:49:09.655+0000] {processor.py:153} INFO - Started process (PID=83) to work on /home/airflow/.local/lib/python3.7/site-packages/airflow/example_dags/example_task_group_decorator.py
[2023-04-25T01:49:09.657+0000] {processor.py:743} INFO - Processing file /home/airflow/.local/lib/python3.7/site-packages/airflow/example_dags/example_task_group_decorator.py for tasks to queue
[2023-04-25T01:49:09.659+0000] {logging_mixin.py:137} INFO - [2023-04-25T01:49:09.659+0000] {dagbag.py:532} INFO - Filling up the DagBag from /home/airflow/.local/lib/python3.7/site-packages/airflow/example_dags/example_task_group_decorator.py
[2023-04-25T01:49:09.701+0000] {processor.py:753} INFO - DAG(s) dict_keys(['example_task_group_decorator']) retrieved from /home/airflow/.local/lib/python3.7/site-packages/airflow/example_dags/example_task_group_decorator.py
[2023-04-25T01:49:09.735+0000] {logging_mixin.py:137} INFO - [2023-04-25T01:49:09.735+0000] {dag.py:2705} INFO - Sync 1 DAGs
[2023-04-25T01:49:09.792+0000] {logging_mixin.py:137} INFO - [2023-04-25T01:49:09.791+0000] {dag.py:3456} INFO - Setting next_dagrun for example_task_group_decorator to 2023-04-24T01:49:09.790204+00:00, run_after=2023-04-25T01:49:09.790204+00:00
[2023-04-25T01:49:09.825+0000] {processor.py:175} INFO - Processing /home/airflow/.local/lib/python3.7/site-packages/airflow/example_dags/example_task_group_decorator.py took 0.176 seconds
[2023-04-25T01:49:39.985+0000] {processor.py:153} INFO - Started process (PID=133) to work on /home/airflow/.local/lib/python3.7/site-packages/airflow/example_dags/example_task_group_decorator.py
[2023-04-25T01:49:39.987+0000] {processor.py:743} INFO - Processing file /home/airflow/.local/lib/python3.7/site-packages/airflow/example_dags/example_task_group_decorator.py for tasks to queue
[2023-04-25T01:49:39.989+0000] {logging_mixin.py:137} INFO - [2023-04-25T01:49:39.988+0000] {dagbag.py:532} INFO - Filling up the DagBag from /home/airflow/.local/lib/python3.7/site-packages/airflow/example_dags/example_task_group_decorator.py
[2023-04-25T01:49:40.026+0000] {processor.py:753} INFO - DAG(s) dict_keys(['example_task_group_decorator']) retrieved from /home/airflow/.local/lib/python3.7/site-packages/airflow/example_dags/example_task_group_decorator.py
[2023-04-25T01:49:40.072+0000] {logging_mixin.py:137} INFO - [2023-04-25T01:49:40.072+0000] {dag.py:2705} INFO - Sync 1 DAGs
[2023-04-25T01:49:40.101+0000] {logging_mixin.py:137} INFO - [2023-04-25T01:49:40.101+0000] {dag.py:3456} INFO - Setting next_dagrun for example_task_group_decorator to 2023-04-24T01:49:40.100600+00:00, run_after=2023-04-25T01:49:40.100600+00:00
[2023-04-25T01:49:40.127+0000] {processor.py:175} INFO - Processing /home/airflow/.local/lib/python3.7/site-packages/airflow/example_dags/example_task_group_decorator.py took 0.148 seconds
[2023-04-25T01:50:10.629+0000] {processor.py:153} INFO - Started process (PID=183) to work on /home/airflow/.local/lib/python3.7/site-packages/airflow/example_dags/example_task_group_decorator.py
[2023-04-25T01:50:10.632+0000] {processor.py:743} INFO - Processing file /home/airflow/.local/lib/python3.7/site-packages/airflow/example_dags/example_task_group_decorator.py for tasks to queue
[2023-04-25T01:50:10.633+0000] {logging_mixin.py:137} INFO - [2023-04-25T01:50:10.633+0000] {dagbag.py:532} INFO - Filling up the DagBag from /home/airflow/.local/lib/python3.7/site-packages/airflow/example_dags/example_task_group_decorator.py
[2023-04-25T01:50:10.701+0000] {processor.py:753} INFO - DAG(s) dict_keys(['example_task_group_decorator']) retrieved from /home/airflow/.local/lib/python3.7/site-packages/airflow/example_dags/example_task_group_decorator.py
[2023-04-25T01:50:10.814+0000] {logging_mixin.py:137} INFO - [2023-04-25T01:50:10.814+0000] {dag.py:2705} INFO - Sync 1 DAGs
[2023-04-25T01:50:10.859+0000] {logging_mixin.py:137} INFO - [2023-04-25T01:50:10.859+0000] {dag.py:3456} INFO - Setting next_dagrun for example_task_group_decorator to 2023-04-24T01:50:10.859336+00:00, run_after=2023-04-25T01:50:10.859336+00:00
[2023-04-25T01:50:10.911+0000] {processor.py:175} INFO - Processing /home/airflow/.local/lib/python3.7/site-packages/airflow/example_dags/example_task_group_decorator.py took 0.287 seconds
[2023-04-25T01:50:41.364+0000] {processor.py:153} INFO - Started process (PID=234) to work on /home/airflow/.local/lib/python3.7/site-packages/airflow/example_dags/example_task_group_decorator.py
[2023-04-25T01:50:41.366+0000] {processor.py:743} INFO - Processing file /home/airflow/.local/lib/python3.7/site-packages/airflow/example_dags/example_task_group_decorator.py for tasks to queue
[2023-04-25T01:50:41.367+0000] {logging_mixin.py:137} INFO - [2023-04-25T01:50:41.367+0000] {dagbag.py:532} INFO - Filling up the DagBag from /home/airflow/.local/lib/python3.7/site-packages/airflow/example_dags/example_task_group_decorator.py
[2023-04-25T01:50:41.405+0000] {processor.py:753} INFO - DAG(s) dict_keys(['example_task_group_decorator']) retrieved from /home/airflow/.local/lib/python3.7/site-packages/airflow/example_dags/example_task_group_decorator.py
[2023-04-25T01:50:41.443+0000] {logging_mixin.py:137} INFO - [2023-04-25T01:50:41.443+0000] {dag.py:2705} INFO - Sync 1 DAGs
[2023-04-25T01:50:41.481+0000] {logging_mixin.py:137} INFO - [2023-04-25T01:50:41.481+0000] {dag.py:3456} INFO - Setting next_dagrun for example_task_group_decorator to 2023-04-24T01:50:41.480908+00:00, run_after=2023-04-25T01:50:41.480908+00:00
[2023-04-25T01:50:41.502+0000] {processor.py:175} INFO - Processing /home/airflow/.local/lib/python3.7/site-packages/airflow/example_dags/example_task_group_decorator.py took 0.145 seconds
[2023-04-25T01:51:11.630+0000] {processor.py:153} INFO - Started process (PID=284) to work on /home/airflow/.local/lib/python3.7/site-packages/airflow/example_dags/example_task_group_decorator.py
[2023-04-25T01:51:11.641+0000] {processor.py:743} INFO - Processing file /home/airflow/.local/lib/python3.7/site-packages/airflow/example_dags/example_task_group_decorator.py for tasks to queue
[2023-04-25T01:51:11.651+0000] {logging_mixin.py:137} INFO - [2023-04-25T01:51:11.651+0000] {dagbag.py:532} INFO - Filling up the DagBag from /home/airflow/.local/lib/python3.7/site-packages/airflow/example_dags/example_task_group_decorator.py
[2023-04-25T01:51:11.772+0000] {processor.py:753} INFO - DAG(s) dict_keys(['example_task_group_decorator']) retrieved from /home/airflow/.local/lib/python3.7/site-packages/airflow/example_dags/example_task_group_decorator.py
[2023-04-25T01:51:11.816+0000] {logging_mixin.py:137} INFO - [2023-04-25T01:51:11.816+0000] {dag.py:2705} INFO - Sync 1 DAGs
[2023-04-25T01:51:11.866+0000] {logging_mixin.py:137} INFO - [2023-04-25T01:51:11.866+0000] {dag.py:3456} INFO - Setting next_dagrun for example_task_group_decorator to 2023-04-24T01:51:11.865916+00:00, run_after=2023-04-25T01:51:11.865916+00:00
[2023-04-25T01:51:11.886+0000] {processor.py:175} INFO - Processing /home/airflow/.local/lib/python3.7/site-packages/airflow/example_dags/example_task_group_decorator.py took 0.266 seconds
[2023-04-25T01:51:42.336+0000] {processor.py:153} INFO - Started process (PID=334) to work on /home/airflow/.local/lib/python3.7/site-packages/airflow/example_dags/example_task_group_decorator.py
[2023-04-25T01:51:42.339+0000] {processor.py:743} INFO - Processing file /home/airflow/.local/lib/python3.7/site-packages/airflow/example_dags/example_task_group_decorator.py for tasks to queue
[2023-04-25T01:51:42.340+0000] {logging_mixin.py:137} INFO - [2023-04-25T01:51:42.340+0000] {dagbag.py:532} INFO - Filling up the DagBag from /home/airflow/.local/lib/python3.7/site-packages/airflow/example_dags/example_task_group_decorator.py
[2023-04-25T01:51:42.391+0000] {processor.py:753} INFO - DAG(s) dict_keys(['example_task_group_decorator']) retrieved from /home/airflow/.local/lib/python3.7/site-packages/airflow/example_dags/example_task_group_decorator.py
[2023-04-25T01:51:42.430+0000] {logging_mixin.py:137} INFO - [2023-04-25T01:51:42.430+0000] {dag.py:2705} INFO - Sync 1 DAGs
[2023-04-25T01:51:42.463+0000] {logging_mixin.py:137} INFO - [2023-04-25T01:51:42.463+0000] {dag.py:3456} INFO - Setting next_dagrun for example_task_group_decorator to 2023-04-24T01:51:42.462723+00:00, run_after=2023-04-25T01:51:42.462723+00:00
[2023-04-25T01:51:42.482+0000] {processor.py:175} INFO - Processing /home/airflow/.local/lib/python3.7/site-packages/airflow/example_dags/example_task_group_decorator.py took 0.153 seconds
[2023-04-25T01:52:13.083+0000] {processor.py:153} INFO - Started process (PID=385) to work on /home/airflow/.local/lib/python3.7/site-packages/airflow/example_dags/example_task_group_decorator.py
[2023-04-25T01:52:13.085+0000] {processor.py:743} INFO - Processing file /home/airflow/.local/lib/python3.7/site-packages/airflow/example_dags/example_task_group_decorator.py for tasks to queue
[2023-04-25T01:52:13.086+0000] {logging_mixin.py:137} INFO - [2023-04-25T01:52:13.086+0000] {dagbag.py:532} INFO - Filling up the DagBag from /home/airflow/.local/lib/python3.7/site-packages/airflow/example_dags/example_task_group_decorator.py
[2023-04-25T01:52:13.110+0000] {processor.py:753} INFO - DAG(s) dict_keys(['example_task_group_decorator']) retrieved from /home/airflow/.local/lib/python3.7/site-packages/airflow/example_dags/example_task_group_decorator.py
[2023-04-25T01:52:13.137+0000] {logging_mixin.py:137} INFO - [2023-04-25T01:52:13.137+0000] {dag.py:2705} INFO - Sync 1 DAGs
[2023-04-25T01:52:13.156+0000] {logging_mixin.py:137} INFO - [2023-04-25T01:52:13.156+0000] {dag.py:3456} INFO - Setting next_dagrun for example_task_group_decorator to 2023-04-24T01:52:13.156312+00:00, run_after=2023-04-25T01:52:13.156312+00:00
[2023-04-25T01:52:13.171+0000] {processor.py:175} INFO - Processing /home/airflow/.local/lib/python3.7/site-packages/airflow/example_dags/example_task_group_decorator.py took 0.092 seconds
[2023-04-25T01:52:43.672+0000] {processor.py:153} INFO - Started process (PID=435) to work on /home/airflow/.local/lib/python3.7/site-packages/airflow/example_dags/example_task_group_decorator.py
[2023-04-25T01:52:43.675+0000] {processor.py:743} INFO - Processing file /home/airflow/.local/lib/python3.7/site-packages/airflow/example_dags/example_task_group_decorator.py for tasks to queue
[2023-04-25T01:52:43.677+0000] {logging_mixin.py:137} INFO - [2023-04-25T01:52:43.677+0000] {dagbag.py:532} INFO - Filling up the DagBag from /home/airflow/.local/lib/python3.7/site-packages/airflow/example_dags/example_task_group_decorator.py
[2023-04-25T01:52:43.717+0000] {processor.py:753} INFO - DAG(s) dict_keys(['example_task_group_decorator']) retrieved from /home/airflow/.local/lib/python3.7/site-packages/airflow/example_dags/example_task_group_decorator.py
[2023-04-25T01:52:43.753+0000] {logging_mixin.py:137} INFO - [2023-04-25T01:52:43.753+0000] {dag.py:2705} INFO - Sync 1 DAGs
[2023-04-25T01:52:43.781+0000] {logging_mixin.py:137} INFO - [2023-04-25T01:52:43.781+0000] {dag.py:3456} INFO - Setting next_dagrun for example_task_group_decorator to 2023-04-24T01:52:43.781121+00:00, run_after=2023-04-25T01:52:43.781121+00:00
[2023-04-25T01:52:43.798+0000] {processor.py:175} INFO - Processing /home/airflow/.local/lib/python3.7/site-packages/airflow/example_dags/example_task_group_decorator.py took 0.136 seconds
[2023-04-25T01:53:14.400+0000] {processor.py:153} INFO - Started process (PID=485) to work on /home/airflow/.local/lib/python3.7/site-packages/airflow/example_dags/example_task_group_decorator.py
[2023-04-25T01:53:14.403+0000] {processor.py:743} INFO - Processing file /home/airflow/.local/lib/python3.7/site-packages/airflow/example_dags/example_task_group_decorator.py for tasks to queue
[2023-04-25T01:53:14.405+0000] {logging_mixin.py:137} INFO - [2023-04-25T01:53:14.404+0000] {dagbag.py:532} INFO - Filling up the DagBag from /home/airflow/.local/lib/python3.7/site-packages/airflow/example_dags/example_task_group_decorator.py
[2023-04-25T01:53:14.433+0000] {processor.py:753} INFO - DAG(s) dict_keys(['example_task_group_decorator']) retrieved from /home/airflow/.local/lib/python3.7/site-packages/airflow/example_dags/example_task_group_decorator.py
[2023-04-25T01:53:14.456+0000] {logging_mixin.py:137} INFO - [2023-04-25T01:53:14.456+0000] {dag.py:2705} INFO - Sync 1 DAGs
[2023-04-25T01:53:14.472+0000] {logging_mixin.py:137} INFO - [2023-04-25T01:53:14.471+0000] {dag.py:3456} INFO - Setting next_dagrun for example_task_group_decorator to 2023-04-24T01:53:14.471787+00:00, run_after=2023-04-25T01:53:14.471787+00:00
[2023-04-25T01:53:14.485+0000] {processor.py:175} INFO - Processing /home/airflow/.local/lib/python3.7/site-packages/airflow/example_dags/example_task_group_decorator.py took 0.094 seconds
[2023-04-25T01:53:44.955+0000] {processor.py:153} INFO - Started process (PID=535) to work on /home/airflow/.local/lib/python3.7/site-packages/airflow/example_dags/example_task_group_decorator.py
[2023-04-25T01:53:44.959+0000] {processor.py:743} INFO - Processing file /home/airflow/.local/lib/python3.7/site-packages/airflow/example_dags/example_task_group_decorator.py for tasks to queue
[2023-04-25T01:53:44.961+0000] {logging_mixin.py:137} INFO - [2023-04-25T01:53:44.961+0000] {dagbag.py:532} INFO - Filling up the DagBag from /home/airflow/.local/lib/python3.7/site-packages/airflow/example_dags/example_task_group_decorator.py
[2023-04-25T01:53:44.998+0000] {processor.py:753} INFO - DAG(s) dict_keys(['example_task_group_decorator']) retrieved from /home/airflow/.local/lib/python3.7/site-packages/airflow/example_dags/example_task_group_decorator.py
[2023-04-25T01:53:45.026+0000] {logging_mixin.py:137} INFO - [2023-04-25T01:53:45.026+0000] {dag.py:2705} INFO - Sync 1 DAGs
[2023-04-25T01:53:45.045+0000] {logging_mixin.py:137} INFO - [2023-04-25T01:53:45.045+0000] {dag.py:3456} INFO - Setting next_dagrun for example_task_group_decorator to 2023-04-24T01:53:45.045322+00:00, run_after=2023-04-25T01:53:45.045322+00:00
[2023-04-25T01:53:45.061+0000] {processor.py:175} INFO - Processing /home/airflow/.local/lib/python3.7/site-packages/airflow/example_dags/example_task_group_decorator.py took 0.113 seconds
[2023-04-25T01:54:15.599+0000] {processor.py:153} INFO - Started process (PID=585) to work on /home/airflow/.local/lib/python3.7/site-packages/airflow/example_dags/example_task_group_decorator.py
[2023-04-25T01:54:15.602+0000] {processor.py:743} INFO - Processing file /home/airflow/.local/lib/python3.7/site-packages/airflow/example_dags/example_task_group_decorator.py for tasks to queue
[2023-04-25T01:54:15.603+0000] {logging_mixin.py:137} INFO - [2023-04-25T01:54:15.603+0000] {dagbag.py:532} INFO - Filling up the DagBag from /home/airflow/.local/lib/python3.7/site-packages/airflow/example_dags/example_task_group_decorator.py
[2023-04-25T01:54:15.645+0000] {processor.py:753} INFO - DAG(s) dict_keys(['example_task_group_decorator']) retrieved from /home/airflow/.local/lib/python3.7/site-packages/airflow/example_dags/example_task_group_decorator.py
[2023-04-25T01:54:15.703+0000] {logging_mixin.py:137} INFO - [2023-04-25T01:54:15.703+0000] {dag.py:2705} INFO - Sync 1 DAGs
[2023-04-25T01:54:15.731+0000] {logging_mixin.py:137} INFO - [2023-04-25T01:54:15.731+0000] {dag.py:3456} INFO - Setting next_dagrun for example_task_group_decorator to 2023-04-24T01:54:15.730774+00:00, run_after=2023-04-25T01:54:15.730774+00:00
[2023-04-25T01:54:15.749+0000] {processor.py:175} INFO - Processing /home/airflow/.local/lib/python3.7/site-packages/airflow/example_dags/example_task_group_decorator.py took 0.156 seconds
[2023-04-25T01:54:46.301+0000] {processor.py:153} INFO - Started process (PID=635) to work on /home/airflow/.local/lib/python3.7/site-packages/airflow/example_dags/example_task_group_decorator.py
[2023-04-25T01:54:46.304+0000] {processor.py:743} INFO - Processing file /home/airflow/.local/lib/python3.7/site-packages/airflow/example_dags/example_task_group_decorator.py for tasks to queue
[2023-04-25T01:54:46.307+0000] {logging_mixin.py:137} INFO - [2023-04-25T01:54:46.307+0000] {dagbag.py:532} INFO - Filling up the DagBag from /home/airflow/.local/lib/python3.7/site-packages/airflow/example_dags/example_task_group_decorator.py
[2023-04-25T01:54:46.342+0000] {processor.py:753} INFO - DAG(s) dict_keys(['example_task_group_decorator']) retrieved from /home/airflow/.local/lib/python3.7/site-packages/airflow/example_dags/example_task_group_decorator.py
[2023-04-25T01:54:46.371+0000] {logging_mixin.py:137} INFO - [2023-04-25T01:54:46.370+0000] {dag.py:2705} INFO - Sync 1 DAGs
[2023-04-25T01:54:46.392+0000] {logging_mixin.py:137} INFO - [2023-04-25T01:54:46.392+0000] {dag.py:3456} INFO - Setting next_dagrun for example_task_group_decorator to 2023-04-24T01:54:46.391988+00:00, run_after=2023-04-25T01:54:46.391988+00:00
[2023-04-25T01:54:46.408+0000] {processor.py:175} INFO - Processing /home/airflow/.local/lib/python3.7/site-packages/airflow/example_dags/example_task_group_decorator.py took 0.115 seconds
[2023-04-25T01:55:16.821+0000] {processor.py:153} INFO - Started process (PID=685) to work on /home/airflow/.local/lib/python3.7/site-packages/airflow/example_dags/example_task_group_decorator.py
[2023-04-25T01:55:16.823+0000] {processor.py:743} INFO - Processing file /home/airflow/.local/lib/python3.7/site-packages/airflow/example_dags/example_task_group_decorator.py for tasks to queue
[2023-04-25T01:55:16.825+0000] {logging_mixin.py:137} INFO - [2023-04-25T01:55:16.824+0000] {dagbag.py:532} INFO - Filling up the DagBag from /home/airflow/.local/lib/python3.7/site-packages/airflow/example_dags/example_task_group_decorator.py
[2023-04-25T01:55:16.860+0000] {processor.py:753} INFO - DAG(s) dict_keys(['example_task_group_decorator']) retrieved from /home/airflow/.local/lib/python3.7/site-packages/airflow/example_dags/example_task_group_decorator.py
[2023-04-25T01:55:16.892+0000] {logging_mixin.py:137} INFO - [2023-04-25T01:55:16.891+0000] {dag.py:2705} INFO - Sync 1 DAGs
[2023-04-25T01:55:16.913+0000] {logging_mixin.py:137} INFO - [2023-04-25T01:55:16.913+0000] {dag.py:3456} INFO - Setting next_dagrun for example_task_group_decorator to 2023-04-24T01:55:16.912742+00:00, run_after=2023-04-25T01:55:16.912742+00:00
[2023-04-25T01:55:16.929+0000] {processor.py:175} INFO - Processing /home/airflow/.local/lib/python3.7/site-packages/airflow/example_dags/example_task_group_decorator.py took 0.120 seconds
[2023-04-25T01:55:47.506+0000] {processor.py:153} INFO - Started process (PID=734) to work on /home/airflow/.local/lib/python3.7/site-packages/airflow/example_dags/example_task_group_decorator.py
[2023-04-25T01:55:47.511+0000] {processor.py:743} INFO - Processing file /home/airflow/.local/lib/python3.7/site-packages/airflow/example_dags/example_task_group_decorator.py for tasks to queue
[2023-04-25T01:55:47.513+0000] {logging_mixin.py:137} INFO - [2023-04-25T01:55:47.513+0000] {dagbag.py:532} INFO - Filling up the DagBag from /home/airflow/.local/lib/python3.7/site-packages/airflow/example_dags/example_task_group_decorator.py
[2023-04-25T01:55:47.547+0000] {processor.py:753} INFO - DAG(s) dict_keys(['example_task_group_decorator']) retrieved from /home/airflow/.local/lib/python3.7/site-packages/airflow/example_dags/example_task_group_decorator.py
[2023-04-25T01:55:47.573+0000] {logging_mixin.py:137} INFO - [2023-04-25T01:55:47.573+0000] {dag.py:2705} INFO - Sync 1 DAGs
[2023-04-25T01:55:47.591+0000] {logging_mixin.py:137} INFO - [2023-04-25T01:55:47.591+0000] {dag.py:3456} INFO - Setting next_dagrun for example_task_group_decorator to 2023-04-24T01:55:47.591037+00:00, run_after=2023-04-25T01:55:47.591037+00:00
[2023-04-25T01:55:47.603+0000] {processor.py:175} INFO - Processing /home/airflow/.local/lib/python3.7/site-packages/airflow/example_dags/example_task_group_decorator.py took 0.101 seconds
[2023-04-25T01:56:17.834+0000] {processor.py:153} INFO - Started process (PID=784) to work on /home/airflow/.local/lib/python3.7/site-packages/airflow/example_dags/example_task_group_decorator.py
[2023-04-25T01:56:17.837+0000] {processor.py:743} INFO - Processing file /home/airflow/.local/lib/python3.7/site-packages/airflow/example_dags/example_task_group_decorator.py for tasks to queue
[2023-04-25T01:56:17.839+0000] {logging_mixin.py:137} INFO - [2023-04-25T01:56:17.839+0000] {dagbag.py:532} INFO - Filling up the DagBag from /home/airflow/.local/lib/python3.7/site-packages/airflow/example_dags/example_task_group_decorator.py
[2023-04-25T01:56:17.898+0000] {processor.py:753} INFO - DAG(s) dict_keys(['example_task_group_decorator']) retrieved from /home/airflow/.local/lib/python3.7/site-packages/airflow/example_dags/example_task_group_decorator.py
[2023-04-25T01:56:17.955+0000] {logging_mixin.py:137} INFO - [2023-04-25T01:56:17.955+0000] {dag.py:2705} INFO - Sync 1 DAGs
[2023-04-25T01:56:18.004+0000] {logging_mixin.py:137} INFO - [2023-04-25T01:56:18.004+0000] {dag.py:3456} INFO - Setting next_dagrun for example_task_group_decorator to 2023-04-24T01:56:18.003609+00:00, run_after=2023-04-25T01:56:18.003609+00:00
[2023-04-25T01:56:18.026+0000] {processor.py:175} INFO - Processing /home/airflow/.local/lib/python3.7/site-packages/airflow/example_dags/example_task_group_decorator.py took 0.200 seconds
[2023-04-25T01:56:48.559+0000] {processor.py:153} INFO - Started process (PID=834) to work on /home/airflow/.local/lib/python3.7/site-packages/airflow/example_dags/example_task_group_decorator.py
[2023-04-25T01:56:48.561+0000] {processor.py:743} INFO - Processing file /home/airflow/.local/lib/python3.7/site-packages/airflow/example_dags/example_task_group_decorator.py for tasks to queue
[2023-04-25T01:56:48.562+0000] {logging_mixin.py:137} INFO - [2023-04-25T01:56:48.562+0000] {dagbag.py:532} INFO - Filling up the DagBag from /home/airflow/.local/lib/python3.7/site-packages/airflow/example_dags/example_task_group_decorator.py
[2023-04-25T01:56:48.606+0000] {processor.py:753} INFO - DAG(s) dict_keys(['example_task_group_decorator']) retrieved from /home/airflow/.local/lib/python3.7/site-packages/airflow/example_dags/example_task_group_decorator.py
[2023-04-25T01:56:48.648+0000] {logging_mixin.py:137} INFO - [2023-04-25T01:56:48.647+0000] {dag.py:2705} INFO - Sync 1 DAGs
[2023-04-25T01:56:48.682+0000] {logging_mixin.py:137} INFO - [2023-04-25T01:56:48.682+0000] {dag.py:3456} INFO - Setting next_dagrun for example_task_group_decorator to 2023-04-24T01:56:48.681639+00:00, run_after=2023-04-25T01:56:48.681639+00:00
[2023-04-25T01:56:48.702+0000] {processor.py:175} INFO - Processing /home/airflow/.local/lib/python3.7/site-packages/airflow/example_dags/example_task_group_decorator.py took 0.150 seconds
[2023-04-25T01:57:19.212+0000] {processor.py:153} INFO - Started process (PID=884) to work on /home/airflow/.local/lib/python3.7/site-packages/airflow/example_dags/example_task_group_decorator.py
[2023-04-25T01:57:19.216+0000] {processor.py:743} INFO - Processing file /home/airflow/.local/lib/python3.7/site-packages/airflow/example_dags/example_task_group_decorator.py for tasks to queue
[2023-04-25T01:57:19.218+0000] {logging_mixin.py:137} INFO - [2023-04-25T01:57:19.218+0000] {dagbag.py:532} INFO - Filling up the DagBag from /home/airflow/.local/lib/python3.7/site-packages/airflow/example_dags/example_task_group_decorator.py
[2023-04-25T01:57:19.256+0000] {processor.py:753} INFO - DAG(s) dict_keys(['example_task_group_decorator']) retrieved from /home/airflow/.local/lib/python3.7/site-packages/airflow/example_dags/example_task_group_decorator.py
[2023-04-25T01:57:19.289+0000] {logging_mixin.py:137} INFO - [2023-04-25T01:57:19.289+0000] {dag.py:2705} INFO - Sync 1 DAGs
[2023-04-25T01:57:19.309+0000] {logging_mixin.py:137} INFO - [2023-04-25T01:57:19.309+0000] {dag.py:3456} INFO - Setting next_dagrun for example_task_group_decorator to 2023-04-24T01:57:19.309133+00:00, run_after=2023-04-25T01:57:19.309133+00:00
[2023-04-25T01:57:19.324+0000] {processor.py:175} INFO - Processing /home/airflow/.local/lib/python3.7/site-packages/airflow/example_dags/example_task_group_decorator.py took 0.126 seconds
[2023-04-25T01:57:49.760+0000] {processor.py:153} INFO - Started process (PID=934) to work on /home/airflow/.local/lib/python3.7/site-packages/airflow/example_dags/example_task_group_decorator.py
[2023-04-25T01:57:49.764+0000] {processor.py:743} INFO - Processing file /home/airflow/.local/lib/python3.7/site-packages/airflow/example_dags/example_task_group_decorator.py for tasks to queue
[2023-04-25T01:57:49.766+0000] {logging_mixin.py:137} INFO - [2023-04-25T01:57:49.765+0000] {dagbag.py:532} INFO - Filling up the DagBag from /home/airflow/.local/lib/python3.7/site-packages/airflow/example_dags/example_task_group_decorator.py
[2023-04-25T01:57:49.809+0000] {processor.py:753} INFO - DAG(s) dict_keys(['example_task_group_decorator']) retrieved from /home/airflow/.local/lib/python3.7/site-packages/airflow/example_dags/example_task_group_decorator.py
[2023-04-25T01:57:49.859+0000] {logging_mixin.py:137} INFO - [2023-04-25T01:57:49.859+0000] {dag.py:2705} INFO - Sync 1 DAGs
[2023-04-25T01:57:49.887+0000] {logging_mixin.py:137} INFO - [2023-04-25T01:57:49.887+0000] {dag.py:3456} INFO - Setting next_dagrun for example_task_group_decorator to 2023-04-24T01:57:49.887257+00:00, run_after=2023-04-25T01:57:49.887257+00:00
[2023-04-25T01:57:49.914+0000] {processor.py:175} INFO - Processing /home/airflow/.local/lib/python3.7/site-packages/airflow/example_dags/example_task_group_decorator.py took 0.162 seconds
[2023-04-25T01:58:20.213+0000] {processor.py:153} INFO - Started process (PID=984) to work on /home/airflow/.local/lib/python3.7/site-packages/airflow/example_dags/example_task_group_decorator.py
[2023-04-25T01:58:20.216+0000] {processor.py:743} INFO - Processing file /home/airflow/.local/lib/python3.7/site-packages/airflow/example_dags/example_task_group_decorator.py for tasks to queue
[2023-04-25T01:58:20.217+0000] {logging_mixin.py:137} INFO - [2023-04-25T01:58:20.217+0000] {dagbag.py:532} INFO - Filling up the DagBag from /home/airflow/.local/lib/python3.7/site-packages/airflow/example_dags/example_task_group_decorator.py
[2023-04-25T01:58:20.252+0000] {processor.py:753} INFO - DAG(s) dict_keys(['example_task_group_decorator']) retrieved from /home/airflow/.local/lib/python3.7/site-packages/airflow/example_dags/example_task_group_decorator.py
[2023-04-25T01:58:20.285+0000] {logging_mixin.py:137} INFO - [2023-04-25T01:58:20.285+0000] {dag.py:2705} INFO - Sync 1 DAGs
[2023-04-25T01:58:20.307+0000] {logging_mixin.py:137} INFO - [2023-04-25T01:58:20.307+0000] {dag.py:3456} INFO - Setting next_dagrun for example_task_group_decorator to 2023-04-24T01:58:20.307076+00:00, run_after=2023-04-25T01:58:20.307076+00:00
[2023-04-25T01:58:20.323+0000] {processor.py:175} INFO - Processing /home/airflow/.local/lib/python3.7/site-packages/airflow/example_dags/example_task_group_decorator.py took 0.119 seconds
[2023-04-25T01:58:50.839+0000] {processor.py:153} INFO - Started process (PID=1034) to work on /home/airflow/.local/lib/python3.7/site-packages/airflow/example_dags/example_task_group_decorator.py
[2023-04-25T01:58:50.843+0000] {processor.py:743} INFO - Processing file /home/airflow/.local/lib/python3.7/site-packages/airflow/example_dags/example_task_group_decorator.py for tasks to queue
[2023-04-25T01:58:50.848+0000] {logging_mixin.py:137} INFO - [2023-04-25T01:58:50.847+0000] {dagbag.py:532} INFO - Filling up the DagBag from /home/airflow/.local/lib/python3.7/site-packages/airflow/example_dags/example_task_group_decorator.py
[2023-04-25T01:58:50.878+0000] {processor.py:753} INFO - DAG(s) dict_keys(['example_task_group_decorator']) retrieved from /home/airflow/.local/lib/python3.7/site-packages/airflow/example_dags/example_task_group_decorator.py
[2023-04-25T01:58:50.903+0000] {logging_mixin.py:137} INFO - [2023-04-25T01:58:50.903+0000] {dag.py:2705} INFO - Sync 1 DAGs
[2023-04-25T01:58:50.921+0000] {logging_mixin.py:137} INFO - [2023-04-25T01:58:50.920+0000] {dag.py:3456} INFO - Setting next_dagrun for example_task_group_decorator to 2023-04-24T01:58:50.920746+00:00, run_after=2023-04-25T01:58:50.920746+00:00
[2023-04-25T01:58:50.933+0000] {processor.py:175} INFO - Processing /home/airflow/.local/lib/python3.7/site-packages/airflow/example_dags/example_task_group_decorator.py took 0.104 seconds
[2023-04-25T01:59:21.363+0000] {processor.py:153} INFO - Started process (PID=1084) to work on /home/airflow/.local/lib/python3.7/site-packages/airflow/example_dags/example_task_group_decorator.py
[2023-04-25T01:59:21.367+0000] {processor.py:743} INFO - Processing file /home/airflow/.local/lib/python3.7/site-packages/airflow/example_dags/example_task_group_decorator.py for tasks to queue
[2023-04-25T01:59:21.369+0000] {logging_mixin.py:137} INFO - [2023-04-25T01:59:21.369+0000] {dagbag.py:532} INFO - Filling up the DagBag from /home/airflow/.local/lib/python3.7/site-packages/airflow/example_dags/example_task_group_decorator.py
[2023-04-25T01:59:21.408+0000] {processor.py:753} INFO - DAG(s) dict_keys(['example_task_group_decorator']) retrieved from /home/airflow/.local/lib/python3.7/site-packages/airflow/example_dags/example_task_group_decorator.py
[2023-04-25T01:59:21.434+0000] {logging_mixin.py:137} INFO - [2023-04-25T01:59:21.434+0000] {dag.py:2705} INFO - Sync 1 DAGs
[2023-04-25T01:59:21.453+0000] {logging_mixin.py:137} INFO - [2023-04-25T01:59:21.453+0000] {dag.py:3456} INFO - Setting next_dagrun for example_task_group_decorator to 2023-04-24T01:59:21.453171+00:00, run_after=2023-04-25T01:59:21.453171+00:00
[2023-04-25T01:59:21.468+0000] {processor.py:175} INFO - Processing /home/airflow/.local/lib/python3.7/site-packages/airflow/example_dags/example_task_group_decorator.py took 0.114 seconds
[2023-04-25T01:59:52.049+0000] {processor.py:153} INFO - Started process (PID=1134) to work on /home/airflow/.local/lib/python3.7/site-packages/airflow/example_dags/example_task_group_decorator.py
[2023-04-25T01:59:52.053+0000] {processor.py:743} INFO - Processing file /home/airflow/.local/lib/python3.7/site-packages/airflow/example_dags/example_task_group_decorator.py for tasks to queue
[2023-04-25T01:59:52.054+0000] {logging_mixin.py:137} INFO - [2023-04-25T01:59:52.054+0000] {dagbag.py:532} INFO - Filling up the DagBag from /home/airflow/.local/lib/python3.7/site-packages/airflow/example_dags/example_task_group_decorator.py
[2023-04-25T01:59:52.082+0000] {processor.py:753} INFO - DAG(s) dict_keys(['example_task_group_decorator']) retrieved from /home/airflow/.local/lib/python3.7/site-packages/airflow/example_dags/example_task_group_decorator.py
[2023-04-25T01:59:52.106+0000] {logging_mixin.py:137} INFO - [2023-04-25T01:59:52.106+0000] {dag.py:2705} INFO - Sync 1 DAGs
[2023-04-25T01:59:52.123+0000] {logging_mixin.py:137} INFO - [2023-04-25T01:59:52.123+0000] {dag.py:3456} INFO - Setting next_dagrun for example_task_group_decorator to 2023-04-24T01:59:52.123106+00:00, run_after=2023-04-25T01:59:52.123106+00:00
[2023-04-25T01:59:52.136+0000] {processor.py:175} INFO - Processing /home/airflow/.local/lib/python3.7/site-packages/airflow/example_dags/example_task_group_decorator.py took 0.095 seconds
[2023-04-25T02:00:22.612+0000] {processor.py:153} INFO - Started process (PID=1184) to work on /home/airflow/.local/lib/python3.7/site-packages/airflow/example_dags/example_task_group_decorator.py
[2023-04-25T02:00:22.615+0000] {processor.py:743} INFO - Processing file /home/airflow/.local/lib/python3.7/site-packages/airflow/example_dags/example_task_group_decorator.py for tasks to queue
[2023-04-25T02:00:22.619+0000] {logging_mixin.py:137} INFO - [2023-04-25T02:00:22.619+0000] {dagbag.py:532} INFO - Filling up the DagBag from /home/airflow/.local/lib/python3.7/site-packages/airflow/example_dags/example_task_group_decorator.py
[2023-04-25T02:00:22.660+0000] {processor.py:753} INFO - DAG(s) dict_keys(['example_task_group_decorator']) retrieved from /home/airflow/.local/lib/python3.7/site-packages/airflow/example_dags/example_task_group_decorator.py
[2023-04-25T02:00:22.690+0000] {logging_mixin.py:137} INFO - [2023-04-25T02:00:22.690+0000] {dag.py:2705} INFO - Sync 1 DAGs
[2023-04-25T02:00:22.713+0000] {logging_mixin.py:137} INFO - [2023-04-25T02:00:22.713+0000] {dag.py:3456} INFO - Setting next_dagrun for example_task_group_decorator to 2023-04-24T02:00:22.713198+00:00, run_after=2023-04-25T02:00:22.713198+00:00
[2023-04-25T02:00:22.728+0000] {processor.py:175} INFO - Processing /home/airflow/.local/lib/python3.7/site-packages/airflow/example_dags/example_task_group_decorator.py took 0.122 seconds
[2023-04-25T02:00:53.149+0000] {processor.py:153} INFO - Started process (PID=1234) to work on /home/airflow/.local/lib/python3.7/site-packages/airflow/example_dags/example_task_group_decorator.py
[2023-04-25T02:00:53.151+0000] {processor.py:743} INFO - Processing file /home/airflow/.local/lib/python3.7/site-packages/airflow/example_dags/example_task_group_decorator.py for tasks to queue
[2023-04-25T02:00:53.152+0000] {logging_mixin.py:137} INFO - [2023-04-25T02:00:53.152+0000] {dagbag.py:532} INFO - Filling up the DagBag from /home/airflow/.local/lib/python3.7/site-packages/airflow/example_dags/example_task_group_decorator.py
[2023-04-25T02:00:53.178+0000] {processor.py:753} INFO - DAG(s) dict_keys(['example_task_group_decorator']) retrieved from /home/airflow/.local/lib/python3.7/site-packages/airflow/example_dags/example_task_group_decorator.py
[2023-04-25T02:00:53.204+0000] {logging_mixin.py:137} INFO - [2023-04-25T02:00:53.204+0000] {dag.py:2705} INFO - Sync 1 DAGs
[2023-04-25T02:00:53.221+0000] {logging_mixin.py:137} INFO - [2023-04-25T02:00:53.221+0000] {dag.py:3456} INFO - Setting next_dagrun for example_task_group_decorator to 2023-04-24T02:00:53.221312+00:00, run_after=2023-04-25T02:00:53.221312+00:00
[2023-04-25T02:00:53.235+0000] {processor.py:175} INFO - Processing /home/airflow/.local/lib/python3.7/site-packages/airflow/example_dags/example_task_group_decorator.py took 0.090 seconds
[2023-04-25T02:01:23.746+0000] {processor.py:153} INFO - Started process (PID=1284) to work on /home/airflow/.local/lib/python3.7/site-packages/airflow/example_dags/example_task_group_decorator.py
[2023-04-25T02:01:23.749+0000] {processor.py:743} INFO - Processing file /home/airflow/.local/lib/python3.7/site-packages/airflow/example_dags/example_task_group_decorator.py for tasks to queue
[2023-04-25T02:01:23.751+0000] {logging_mixin.py:137} INFO - [2023-04-25T02:01:23.751+0000] {dagbag.py:532} INFO - Filling up the DagBag from /home/airflow/.local/lib/python3.7/site-packages/airflow/example_dags/example_task_group_decorator.py
[2023-04-25T02:01:23.783+0000] {processor.py:753} INFO - DAG(s) dict_keys(['example_task_group_decorator']) retrieved from /home/airflow/.local/lib/python3.7/site-packages/airflow/example_dags/example_task_group_decorator.py
[2023-04-25T02:01:23.807+0000] {logging_mixin.py:137} INFO - [2023-04-25T02:01:23.807+0000] {dag.py:2705} INFO - Sync 1 DAGs
[2023-04-25T02:01:23.827+0000] {logging_mixin.py:137} INFO - [2023-04-25T02:01:23.827+0000] {dag.py:3456} INFO - Setting next_dagrun for example_task_group_decorator to 2023-04-24T02:01:23.827475+00:00, run_after=2023-04-25T02:01:23.827475+00:00
[2023-04-25T02:01:23.842+0000] {processor.py:175} INFO - Processing /home/airflow/.local/lib/python3.7/site-packages/airflow/example_dags/example_task_group_decorator.py took 0.102 seconds
[2023-04-25T02:01:54.053+0000] {processor.py:153} INFO - Started process (PID=1333) to work on /home/airflow/.local/lib/python3.7/site-packages/airflow/example_dags/example_task_group_decorator.py
[2023-04-25T02:01:54.057+0000] {processor.py:743} INFO - Processing file /home/airflow/.local/lib/python3.7/site-packages/airflow/example_dags/example_task_group_decorator.py for tasks to queue
[2023-04-25T02:01:54.058+0000] {logging_mixin.py:137} INFO - [2023-04-25T02:01:54.058+0000] {dagbag.py:532} INFO - Filling up the DagBag from /home/airflow/.local/lib/python3.7/site-packages/airflow/example_dags/example_task_group_decorator.py
[2023-04-25T02:01:54.092+0000] {processor.py:753} INFO - DAG(s) dict_keys(['example_task_group_decorator']) retrieved from /home/airflow/.local/lib/python3.7/site-packages/airflow/example_dags/example_task_group_decorator.py
[2023-04-25T02:01:54.117+0000] {logging_mixin.py:137} INFO - [2023-04-25T02:01:54.117+0000] {dag.py:2705} INFO - Sync 1 DAGs
[2023-04-25T02:01:54.138+0000] {logging_mixin.py:137} INFO - [2023-04-25T02:01:54.138+0000] {dag.py:3456} INFO - Setting next_dagrun for example_task_group_decorator to 2023-04-24T02:01:54.137997+00:00, run_after=2023-04-25T02:01:54.137997+00:00
[2023-04-25T02:01:54.153+0000] {processor.py:175} INFO - Processing /home/airflow/.local/lib/python3.7/site-packages/airflow/example_dags/example_task_group_decorator.py took 0.107 seconds
[2023-04-25T02:02:24.699+0000] {processor.py:153} INFO - Started process (PID=1383) to work on /home/airflow/.local/lib/python3.7/site-packages/airflow/example_dags/example_task_group_decorator.py
[2023-04-25T02:02:24.703+0000] {processor.py:743} INFO - Processing file /home/airflow/.local/lib/python3.7/site-packages/airflow/example_dags/example_task_group_decorator.py for tasks to queue
[2023-04-25T02:02:24.704+0000] {logging_mixin.py:137} INFO - [2023-04-25T02:02:24.704+0000] {dagbag.py:532} INFO - Filling up the DagBag from /home/airflow/.local/lib/python3.7/site-packages/airflow/example_dags/example_task_group_decorator.py
[2023-04-25T02:02:24.737+0000] {processor.py:753} INFO - DAG(s) dict_keys(['example_task_group_decorator']) retrieved from /home/airflow/.local/lib/python3.7/site-packages/airflow/example_dags/example_task_group_decorator.py
[2023-04-25T02:02:24.761+0000] {logging_mixin.py:137} INFO - [2023-04-25T02:02:24.761+0000] {dag.py:2705} INFO - Sync 1 DAGs
[2023-04-25T02:02:24.779+0000] {logging_mixin.py:137} INFO - [2023-04-25T02:02:24.779+0000] {dag.py:3456} INFO - Setting next_dagrun for example_task_group_decorator to 2023-04-24T02:02:24.779058+00:00, run_after=2023-04-25T02:02:24.779058+00:00
[2023-04-25T02:02:24.793+0000] {processor.py:175} INFO - Processing /home/airflow/.local/lib/python3.7/site-packages/airflow/example_dags/example_task_group_decorator.py took 0.104 seconds
[2023-04-25T02:02:55.166+0000] {processor.py:153} INFO - Started process (PID=1433) to work on /home/airflow/.local/lib/python3.7/site-packages/airflow/example_dags/example_task_group_decorator.py
[2023-04-25T02:02:55.169+0000] {processor.py:743} INFO - Processing file /home/airflow/.local/lib/python3.7/site-packages/airflow/example_dags/example_task_group_decorator.py for tasks to queue
[2023-04-25T02:02:55.171+0000] {logging_mixin.py:137} INFO - [2023-04-25T02:02:55.170+0000] {dagbag.py:532} INFO - Filling up the DagBag from /home/airflow/.local/lib/python3.7/site-packages/airflow/example_dags/example_task_group_decorator.py
[2023-04-25T02:02:55.202+0000] {processor.py:753} INFO - DAG(s) dict_keys(['example_task_group_decorator']) retrieved from /home/airflow/.local/lib/python3.7/site-packages/airflow/example_dags/example_task_group_decorator.py
[2023-04-25T02:02:55.228+0000] {logging_mixin.py:137} INFO - [2023-04-25T02:02:55.228+0000] {dag.py:2705} INFO - Sync 1 DAGs
[2023-04-25T02:02:55.246+0000] {logging_mixin.py:137} INFO - [2023-04-25T02:02:55.246+0000] {dag.py:3456} INFO - Setting next_dagrun for example_task_group_decorator to 2023-04-24T02:02:55.246148+00:00, run_after=2023-04-25T02:02:55.246148+00:00
[2023-04-25T02:02:55.260+0000] {processor.py:175} INFO - Processing /home/airflow/.local/lib/python3.7/site-packages/airflow/example_dags/example_task_group_decorator.py took 0.101 seconds
