[2023-04-25T01:48:43.255+0000] {processor.py:153} INFO - Started process (PID=65) to work on /home/airflow/.local/lib/python3.7/site-packages/airflow/example_dags/example_branch_operator.py
[2023-04-25T01:48:43.258+0000] {processor.py:743} INFO - Processing file /home/airflow/.local/lib/python3.7/site-packages/airflow/example_dags/example_branch_operator.py for tasks to queue
[2023-04-25T01:48:43.264+0000] {logging_mixin.py:137} INFO - [2023-04-25T01:48:43.264+0000] {dagbag.py:532} INFO - Filling up the DagBag from /home/airflow/.local/lib/python3.7/site-packages/airflow/example_dags/example_branch_operator.py
[2023-04-25T01:48:43.690+0000] {processor.py:753} INFO - DAG(s) dict_keys(['example_branch_operator']) retrieved from /home/airflow/.local/lib/python3.7/site-packages/airflow/example_dags/example_branch_operator.py
[2023-04-25T01:48:43.778+0000] {logging_mixin.py:137} INFO - [2023-04-25T01:48:43.778+0000] {dag.py:2705} INFO - Sync 1 DAGs
[2023-04-25T01:48:43.846+0000] {logging_mixin.py:137} INFO - [2023-04-25T01:48:43.846+0000] {dag.py:3456} INFO - Setting next_dagrun for example_branch_operator to 2023-04-24T00:00:00+00:00, run_after=2023-04-25T00:00:00+00:00
[2023-04-25T01:48:43.891+0000] {processor.py:175} INFO - Processing /home/airflow/.local/lib/python3.7/site-packages/airflow/example_dags/example_branch_operator.py took 0.642 seconds
[2023-04-25T01:49:14.227+0000] {processor.py:153} INFO - Started process (PID=114) to work on /home/airflow/.local/lib/python3.7/site-packages/airflow/example_dags/example_branch_operator.py
[2023-04-25T01:49:14.229+0000] {processor.py:743} INFO - Processing file /home/airflow/.local/lib/python3.7/site-packages/airflow/example_dags/example_branch_operator.py for tasks to queue
[2023-04-25T01:49:14.234+0000] {logging_mixin.py:137} INFO - [2023-04-25T01:49:14.234+0000] {dagbag.py:532} INFO - Filling up the DagBag from /home/airflow/.local/lib/python3.7/site-packages/airflow/example_dags/example_branch_operator.py
[2023-04-25T01:49:14.255+0000] {processor.py:753} INFO - DAG(s) dict_keys(['example_branch_operator']) retrieved from /home/airflow/.local/lib/python3.7/site-packages/airflow/example_dags/example_branch_operator.py
[2023-04-25T01:49:14.310+0000] {logging_mixin.py:137} INFO - [2023-04-25T01:49:14.309+0000] {dag.py:2705} INFO - Sync 1 DAGs
[2023-04-25T01:49:14.331+0000] {logging_mixin.py:137} INFO - [2023-04-25T01:49:14.331+0000] {dag.py:3456} INFO - Setting next_dagrun for example_branch_operator to 2023-04-24T00:00:00+00:00, run_after=2023-04-25T00:00:00+00:00
[2023-04-25T01:49:14.363+0000] {processor.py:175} INFO - Processing /home/airflow/.local/lib/python3.7/site-packages/airflow/example_dags/example_branch_operator.py took 0.142 seconds
[2023-04-25T01:49:44.541+0000] {processor.py:153} INFO - Started process (PID=164) to work on /home/airflow/.local/lib/python3.7/site-packages/airflow/example_dags/example_branch_operator.py
[2023-04-25T01:49:44.545+0000] {processor.py:743} INFO - Processing file /home/airflow/.local/lib/python3.7/site-packages/airflow/example_dags/example_branch_operator.py for tasks to queue
[2023-04-25T01:49:44.547+0000] {logging_mixin.py:137} INFO - [2023-04-25T01:49:44.546+0000] {dagbag.py:532} INFO - Filling up the DagBag from /home/airflow/.local/lib/python3.7/site-packages/airflow/example_dags/example_branch_operator.py
[2023-04-25T01:49:44.589+0000] {processor.py:753} INFO - DAG(s) dict_keys(['example_branch_operator']) retrieved from /home/airflow/.local/lib/python3.7/site-packages/airflow/example_dags/example_branch_operator.py
[2023-04-25T01:49:44.670+0000] {logging_mixin.py:137} INFO - [2023-04-25T01:49:44.670+0000] {dag.py:2705} INFO - Sync 1 DAGs
[2023-04-25T01:49:44.704+0000] {logging_mixin.py:137} INFO - [2023-04-25T01:49:44.704+0000] {dag.py:3456} INFO - Setting next_dagrun for example_branch_operator to 2023-04-24T00:00:00+00:00, run_after=2023-04-25T00:00:00+00:00
[2023-04-25T01:49:44.750+0000] {processor.py:175} INFO - Processing /home/airflow/.local/lib/python3.7/site-packages/airflow/example_dags/example_branch_operator.py took 0.236 seconds
[2023-04-25T01:50:14.930+0000] {processor.py:153} INFO - Started process (PID=214) to work on /home/airflow/.local/lib/python3.7/site-packages/airflow/example_dags/example_branch_operator.py
[2023-04-25T01:50:14.931+0000] {processor.py:743} INFO - Processing file /home/airflow/.local/lib/python3.7/site-packages/airflow/example_dags/example_branch_operator.py for tasks to queue
[2023-04-25T01:50:14.938+0000] {logging_mixin.py:137} INFO - [2023-04-25T01:50:14.938+0000] {dagbag.py:532} INFO - Filling up the DagBag from /home/airflow/.local/lib/python3.7/site-packages/airflow/example_dags/example_branch_operator.py
[2023-04-25T01:50:14.955+0000] {processor.py:753} INFO - DAG(s) dict_keys(['example_branch_operator']) retrieved from /home/airflow/.local/lib/python3.7/site-packages/airflow/example_dags/example_branch_operator.py
[2023-04-25T01:50:14.978+0000] {logging_mixin.py:137} INFO - [2023-04-25T01:50:14.978+0000] {dag.py:2705} INFO - Sync 1 DAGs
[2023-04-25T01:50:14.994+0000] {logging_mixin.py:137} INFO - [2023-04-25T01:50:14.994+0000] {dag.py:3456} INFO - Setting next_dagrun for example_branch_operator to 2023-04-24T00:00:00+00:00, run_after=2023-04-25T00:00:00+00:00
[2023-04-25T01:50:15.007+0000] {processor.py:175} INFO - Processing /home/airflow/.local/lib/python3.7/site-packages/airflow/example_dags/example_branch_operator.py took 0.083 seconds
[2023-04-25T01:50:45.854+0000] {processor.py:153} INFO - Started process (PID=265) to work on /home/airflow/.local/lib/python3.7/site-packages/airflow/example_dags/example_branch_operator.py
[2023-04-25T01:50:45.856+0000] {processor.py:743} INFO - Processing file /home/airflow/.local/lib/python3.7/site-packages/airflow/example_dags/example_branch_operator.py for tasks to queue
[2023-04-25T01:50:45.857+0000] {logging_mixin.py:137} INFO - [2023-04-25T01:50:45.857+0000] {dagbag.py:532} INFO - Filling up the DagBag from /home/airflow/.local/lib/python3.7/site-packages/airflow/example_dags/example_branch_operator.py
[2023-04-25T01:50:45.879+0000] {processor.py:753} INFO - DAG(s) dict_keys(['example_branch_operator']) retrieved from /home/airflow/.local/lib/python3.7/site-packages/airflow/example_dags/example_branch_operator.py
[2023-04-25T01:50:45.928+0000] {logging_mixin.py:137} INFO - [2023-04-25T01:50:45.928+0000] {dag.py:2705} INFO - Sync 1 DAGs
[2023-04-25T01:50:45.952+0000] {logging_mixin.py:137} INFO - [2023-04-25T01:50:45.951+0000] {dag.py:3456} INFO - Setting next_dagrun for example_branch_operator to 2023-04-24T00:00:00+00:00, run_after=2023-04-25T00:00:00+00:00
[2023-04-25T01:50:45.972+0000] {processor.py:175} INFO - Processing /home/airflow/.local/lib/python3.7/site-packages/airflow/example_dags/example_branch_operator.py took 0.124 seconds
[2023-04-25T01:51:16.879+0000] {processor.py:153} INFO - Started process (PID=315) to work on /home/airflow/.local/lib/python3.7/site-packages/airflow/example_dags/example_branch_operator.py
[2023-04-25T01:51:16.881+0000] {processor.py:743} INFO - Processing file /home/airflow/.local/lib/python3.7/site-packages/airflow/example_dags/example_branch_operator.py for tasks to queue
[2023-04-25T01:51:16.883+0000] {logging_mixin.py:137} INFO - [2023-04-25T01:51:16.882+0000] {dagbag.py:532} INFO - Filling up the DagBag from /home/airflow/.local/lib/python3.7/site-packages/airflow/example_dags/example_branch_operator.py
[2023-04-25T01:51:16.899+0000] {processor.py:753} INFO - DAG(s) dict_keys(['example_branch_operator']) retrieved from /home/airflow/.local/lib/python3.7/site-packages/airflow/example_dags/example_branch_operator.py
[2023-04-25T01:51:16.924+0000] {logging_mixin.py:137} INFO - [2023-04-25T01:51:16.924+0000] {dag.py:2705} INFO - Sync 1 DAGs
[2023-04-25T01:51:16.945+0000] {logging_mixin.py:137} INFO - [2023-04-25T01:51:16.945+0000] {dag.py:3456} INFO - Setting next_dagrun for example_branch_operator to 2023-04-24T00:00:00+00:00, run_after=2023-04-25T00:00:00+00:00
[2023-04-25T01:51:16.963+0000] {processor.py:175} INFO - Processing /home/airflow/.local/lib/python3.7/site-packages/airflow/example_dags/example_branch_operator.py took 0.089 seconds
[2023-04-25T01:51:47.120+0000] {processor.py:153} INFO - Started process (PID=365) to work on /home/airflow/.local/lib/python3.7/site-packages/airflow/example_dags/example_branch_operator.py
[2023-04-25T01:51:47.121+0000] {processor.py:743} INFO - Processing file /home/airflow/.local/lib/python3.7/site-packages/airflow/example_dags/example_branch_operator.py for tasks to queue
[2023-04-25T01:51:47.122+0000] {logging_mixin.py:137} INFO - [2023-04-25T01:51:47.122+0000] {dagbag.py:532} INFO - Filling up the DagBag from /home/airflow/.local/lib/python3.7/site-packages/airflow/example_dags/example_branch_operator.py
[2023-04-25T01:51:47.136+0000] {processor.py:753} INFO - DAG(s) dict_keys(['example_branch_operator']) retrieved from /home/airflow/.local/lib/python3.7/site-packages/airflow/example_dags/example_branch_operator.py
[2023-04-25T01:51:47.158+0000] {logging_mixin.py:137} INFO - [2023-04-25T01:51:47.158+0000] {dag.py:2705} INFO - Sync 1 DAGs
[2023-04-25T01:51:47.174+0000] {logging_mixin.py:137} INFO - [2023-04-25T01:51:47.173+0000] {dag.py:3456} INFO - Setting next_dagrun for example_branch_operator to 2023-04-24T00:00:00+00:00, run_after=2023-04-25T00:00:00+00:00
[2023-04-25T01:51:47.186+0000] {processor.py:175} INFO - Processing /home/airflow/.local/lib/python3.7/site-packages/airflow/example_dags/example_branch_operator.py took 0.070 seconds
[2023-04-25T01:52:17.762+0000] {processor.py:153} INFO - Started process (PID=416) to work on /home/airflow/.local/lib/python3.7/site-packages/airflow/example_dags/example_branch_operator.py
[2023-04-25T01:52:17.763+0000] {processor.py:743} INFO - Processing file /home/airflow/.local/lib/python3.7/site-packages/airflow/example_dags/example_branch_operator.py for tasks to queue
[2023-04-25T01:52:17.764+0000] {logging_mixin.py:137} INFO - [2023-04-25T01:52:17.764+0000] {dagbag.py:532} INFO - Filling up the DagBag from /home/airflow/.local/lib/python3.7/site-packages/airflow/example_dags/example_branch_operator.py
[2023-04-25T01:52:17.780+0000] {processor.py:753} INFO - DAG(s) dict_keys(['example_branch_operator']) retrieved from /home/airflow/.local/lib/python3.7/site-packages/airflow/example_dags/example_branch_operator.py
[2023-04-25T01:52:17.806+0000] {logging_mixin.py:137} INFO - [2023-04-25T01:52:17.806+0000] {dag.py:2705} INFO - Sync 1 DAGs
[2023-04-25T01:52:17.823+0000] {logging_mixin.py:137} INFO - [2023-04-25T01:52:17.823+0000] {dag.py:3456} INFO - Setting next_dagrun for example_branch_operator to 2023-04-24T00:00:00+00:00, run_after=2023-04-25T00:00:00+00:00
[2023-04-25T01:52:17.837+0000] {processor.py:175} INFO - Processing /home/airflow/.local/lib/python3.7/site-packages/airflow/example_dags/example_branch_operator.py took 0.079 seconds
[2023-04-25T01:52:48.486+0000] {processor.py:153} INFO - Started process (PID=466) to work on /home/airflow/.local/lib/python3.7/site-packages/airflow/example_dags/example_branch_operator.py
[2023-04-25T01:52:48.488+0000] {processor.py:743} INFO - Processing file /home/airflow/.local/lib/python3.7/site-packages/airflow/example_dags/example_branch_operator.py for tasks to queue
[2023-04-25T01:52:48.489+0000] {logging_mixin.py:137} INFO - [2023-04-25T01:52:48.489+0000] {dagbag.py:532} INFO - Filling up the DagBag from /home/airflow/.local/lib/python3.7/site-packages/airflow/example_dags/example_branch_operator.py
[2023-04-25T01:52:48.506+0000] {processor.py:753} INFO - DAG(s) dict_keys(['example_branch_operator']) retrieved from /home/airflow/.local/lib/python3.7/site-packages/airflow/example_dags/example_branch_operator.py
[2023-04-25T01:52:48.531+0000] {logging_mixin.py:137} INFO - [2023-04-25T01:52:48.530+0000] {dag.py:2705} INFO - Sync 1 DAGs
[2023-04-25T01:52:48.549+0000] {logging_mixin.py:137} INFO - [2023-04-25T01:52:48.549+0000] {dag.py:3456} INFO - Setting next_dagrun for example_branch_operator to 2023-04-24T00:00:00+00:00, run_after=2023-04-25T00:00:00+00:00
[2023-04-25T01:52:48.561+0000] {processor.py:175} INFO - Processing /home/airflow/.local/lib/python3.7/site-packages/airflow/example_dags/example_branch_operator.py took 0.080 seconds
[2023-04-25T01:53:18.989+0000] {processor.py:153} INFO - Started process (PID=516) to work on /home/airflow/.local/lib/python3.7/site-packages/airflow/example_dags/example_branch_operator.py
[2023-04-25T01:53:18.991+0000] {processor.py:743} INFO - Processing file /home/airflow/.local/lib/python3.7/site-packages/airflow/example_dags/example_branch_operator.py for tasks to queue
[2023-04-25T01:53:18.992+0000] {logging_mixin.py:137} INFO - [2023-04-25T01:53:18.992+0000] {dagbag.py:532} INFO - Filling up the DagBag from /home/airflow/.local/lib/python3.7/site-packages/airflow/example_dags/example_branch_operator.py
[2023-04-25T01:53:19.009+0000] {processor.py:753} INFO - DAG(s) dict_keys(['example_branch_operator']) retrieved from /home/airflow/.local/lib/python3.7/site-packages/airflow/example_dags/example_branch_operator.py
[2023-04-25T01:53:19.032+0000] {logging_mixin.py:137} INFO - [2023-04-25T01:53:19.032+0000] {dag.py:2705} INFO - Sync 1 DAGs
[2023-04-25T01:53:19.050+0000] {logging_mixin.py:137} INFO - [2023-04-25T01:53:19.050+0000] {dag.py:3456} INFO - Setting next_dagrun for example_branch_operator to 2023-04-24T00:00:00+00:00, run_after=2023-04-25T00:00:00+00:00
[2023-04-25T01:53:19.062+0000] {processor.py:175} INFO - Processing /home/airflow/.local/lib/python3.7/site-packages/airflow/example_dags/example_branch_operator.py took 0.077 seconds
[2023-04-25T01:53:49.727+0000] {processor.py:153} INFO - Started process (PID=566) to work on /home/airflow/.local/lib/python3.7/site-packages/airflow/example_dags/example_branch_operator.py
[2023-04-25T01:53:49.728+0000] {processor.py:743} INFO - Processing file /home/airflow/.local/lib/python3.7/site-packages/airflow/example_dags/example_branch_operator.py for tasks to queue
[2023-04-25T01:53:49.729+0000] {logging_mixin.py:137} INFO - [2023-04-25T01:53:49.729+0000] {dagbag.py:532} INFO - Filling up the DagBag from /home/airflow/.local/lib/python3.7/site-packages/airflow/example_dags/example_branch_operator.py
[2023-04-25T01:53:49.742+0000] {processor.py:753} INFO - DAG(s) dict_keys(['example_branch_operator']) retrieved from /home/airflow/.local/lib/python3.7/site-packages/airflow/example_dags/example_branch_operator.py
[2023-04-25T01:53:49.766+0000] {logging_mixin.py:137} INFO - [2023-04-25T01:53:49.766+0000] {dag.py:2705} INFO - Sync 1 DAGs
[2023-04-25T01:53:49.786+0000] {logging_mixin.py:137} INFO - [2023-04-25T01:53:49.785+0000] {dag.py:3456} INFO - Setting next_dagrun for example_branch_operator to 2023-04-24T00:00:00+00:00, run_after=2023-04-25T00:00:00+00:00
[2023-04-25T01:53:49.798+0000] {processor.py:175} INFO - Processing /home/airflow/.local/lib/python3.7/site-packages/airflow/example_dags/example_branch_operator.py took 0.074 seconds
[2023-04-25T01:54:20.343+0000] {processor.py:153} INFO - Started process (PID=616) to work on /home/airflow/.local/lib/python3.7/site-packages/airflow/example_dags/example_branch_operator.py
[2023-04-25T01:54:20.345+0000] {processor.py:743} INFO - Processing file /home/airflow/.local/lib/python3.7/site-packages/airflow/example_dags/example_branch_operator.py for tasks to queue
[2023-04-25T01:54:20.347+0000] {logging_mixin.py:137} INFO - [2023-04-25T01:54:20.346+0000] {dagbag.py:532} INFO - Filling up the DagBag from /home/airflow/.local/lib/python3.7/site-packages/airflow/example_dags/example_branch_operator.py
[2023-04-25T01:54:20.375+0000] {processor.py:753} INFO - DAG(s) dict_keys(['example_branch_operator']) retrieved from /home/airflow/.local/lib/python3.7/site-packages/airflow/example_dags/example_branch_operator.py
[2023-04-25T01:54:20.402+0000] {logging_mixin.py:137} INFO - [2023-04-25T01:54:20.402+0000] {dag.py:2705} INFO - Sync 1 DAGs
[2023-04-25T01:54:20.426+0000] {logging_mixin.py:137} INFO - [2023-04-25T01:54:20.426+0000] {dag.py:3456} INFO - Setting next_dagrun for example_branch_operator to 2023-04-24T00:00:00+00:00, run_after=2023-04-25T00:00:00+00:00
[2023-04-25T01:54:20.443+0000] {processor.py:175} INFO - Processing /home/airflow/.local/lib/python3.7/site-packages/airflow/example_dags/example_branch_operator.py took 0.109 seconds
[2023-04-25T01:54:51.041+0000] {processor.py:153} INFO - Started process (PID=666) to work on /home/airflow/.local/lib/python3.7/site-packages/airflow/example_dags/example_branch_operator.py
[2023-04-25T01:54:51.042+0000] {processor.py:743} INFO - Processing file /home/airflow/.local/lib/python3.7/site-packages/airflow/example_dags/example_branch_operator.py for tasks to queue
[2023-04-25T01:54:51.043+0000] {logging_mixin.py:137} INFO - [2023-04-25T01:54:51.043+0000] {dagbag.py:532} INFO - Filling up the DagBag from /home/airflow/.local/lib/python3.7/site-packages/airflow/example_dags/example_branch_operator.py
[2023-04-25T01:54:51.058+0000] {processor.py:753} INFO - DAG(s) dict_keys(['example_branch_operator']) retrieved from /home/airflow/.local/lib/python3.7/site-packages/airflow/example_dags/example_branch_operator.py
[2023-04-25T01:54:51.083+0000] {logging_mixin.py:137} INFO - [2023-04-25T01:54:51.083+0000] {dag.py:2705} INFO - Sync 1 DAGs
[2023-04-25T01:54:51.104+0000] {logging_mixin.py:137} INFO - [2023-04-25T01:54:51.104+0000] {dag.py:3456} INFO - Setting next_dagrun for example_branch_operator to 2023-04-24T00:00:00+00:00, run_after=2023-04-25T00:00:00+00:00
[2023-04-25T01:54:51.121+0000] {processor.py:175} INFO - Processing /home/airflow/.local/lib/python3.7/site-packages/airflow/example_dags/example_branch_operator.py took 0.084 seconds
[2023-04-25T01:55:21.610+0000] {processor.py:153} INFO - Started process (PID=716) to work on /home/airflow/.local/lib/python3.7/site-packages/airflow/example_dags/example_branch_operator.py
[2023-04-25T01:55:21.613+0000] {processor.py:743} INFO - Processing file /home/airflow/.local/lib/python3.7/site-packages/airflow/example_dags/example_branch_operator.py for tasks to queue
[2023-04-25T01:55:21.615+0000] {logging_mixin.py:137} INFO - [2023-04-25T01:55:21.615+0000] {dagbag.py:532} INFO - Filling up the DagBag from /home/airflow/.local/lib/python3.7/site-packages/airflow/example_dags/example_branch_operator.py
[2023-04-25T01:55:21.636+0000] {processor.py:753} INFO - DAG(s) dict_keys(['example_branch_operator']) retrieved from /home/airflow/.local/lib/python3.7/site-packages/airflow/example_dags/example_branch_operator.py
[2023-04-25T01:55:21.661+0000] {logging_mixin.py:137} INFO - [2023-04-25T01:55:21.661+0000] {dag.py:2705} INFO - Sync 1 DAGs
[2023-04-25T01:55:21.677+0000] {logging_mixin.py:137} INFO - [2023-04-25T01:55:21.677+0000] {dag.py:3456} INFO - Setting next_dagrun for example_branch_operator to 2023-04-24T00:00:00+00:00, run_after=2023-04-25T00:00:00+00:00
[2023-04-25T01:55:21.689+0000] {processor.py:175} INFO - Processing /home/airflow/.local/lib/python3.7/site-packages/airflow/example_dags/example_branch_operator.py took 0.084 seconds
[2023-04-25T01:55:52.260+0000] {processor.py:153} INFO - Started process (PID=765) to work on /home/airflow/.local/lib/python3.7/site-packages/airflow/example_dags/example_branch_operator.py
[2023-04-25T01:55:52.261+0000] {processor.py:743} INFO - Processing file /home/airflow/.local/lib/python3.7/site-packages/airflow/example_dags/example_branch_operator.py for tasks to queue
[2023-04-25T01:55:52.262+0000] {logging_mixin.py:137} INFO - [2023-04-25T01:55:52.261+0000] {dagbag.py:532} INFO - Filling up the DagBag from /home/airflow/.local/lib/python3.7/site-packages/airflow/example_dags/example_branch_operator.py
[2023-04-25T01:55:52.274+0000] {processor.py:753} INFO - DAG(s) dict_keys(['example_branch_operator']) retrieved from /home/airflow/.local/lib/python3.7/site-packages/airflow/example_dags/example_branch_operator.py
[2023-04-25T01:55:52.297+0000] {logging_mixin.py:137} INFO - [2023-04-25T01:55:52.297+0000] {dag.py:2705} INFO - Sync 1 DAGs
[2023-04-25T01:55:52.315+0000] {logging_mixin.py:137} INFO - [2023-04-25T01:55:52.315+0000] {dag.py:3456} INFO - Setting next_dagrun for example_branch_operator to 2023-04-24T00:00:00+00:00, run_after=2023-04-25T00:00:00+00:00
[2023-04-25T01:55:52.327+0000] {processor.py:175} INFO - Processing /home/airflow/.local/lib/python3.7/site-packages/airflow/example_dags/example_branch_operator.py took 0.071 seconds
[2023-04-25T01:56:22.627+0000] {processor.py:153} INFO - Started process (PID=815) to work on /home/airflow/.local/lib/python3.7/site-packages/airflow/example_dags/example_branch_operator.py
[2023-04-25T01:56:22.629+0000] {processor.py:743} INFO - Processing file /home/airflow/.local/lib/python3.7/site-packages/airflow/example_dags/example_branch_operator.py for tasks to queue
[2023-04-25T01:56:22.629+0000] {logging_mixin.py:137} INFO - [2023-04-25T01:56:22.629+0000] {dagbag.py:532} INFO - Filling up the DagBag from /home/airflow/.local/lib/python3.7/site-packages/airflow/example_dags/example_branch_operator.py
[2023-04-25T01:56:22.645+0000] {processor.py:753} INFO - DAG(s) dict_keys(['example_branch_operator']) retrieved from /home/airflow/.local/lib/python3.7/site-packages/airflow/example_dags/example_branch_operator.py
[2023-04-25T01:56:22.669+0000] {logging_mixin.py:137} INFO - [2023-04-25T01:56:22.669+0000] {dag.py:2705} INFO - Sync 1 DAGs
[2023-04-25T01:56:22.689+0000] {logging_mixin.py:137} INFO - [2023-04-25T01:56:22.689+0000] {dag.py:3456} INFO - Setting next_dagrun for example_branch_operator to 2023-04-24T00:00:00+00:00, run_after=2023-04-25T00:00:00+00:00
[2023-04-25T01:56:22.706+0000] {processor.py:175} INFO - Processing /home/airflow/.local/lib/python3.7/site-packages/airflow/example_dags/example_branch_operator.py took 0.082 seconds
[2023-04-25T01:56:53.217+0000] {processor.py:153} INFO - Started process (PID=865) to work on /home/airflow/.local/lib/python3.7/site-packages/airflow/example_dags/example_branch_operator.py
[2023-04-25T01:56:53.219+0000] {processor.py:743} INFO - Processing file /home/airflow/.local/lib/python3.7/site-packages/airflow/example_dags/example_branch_operator.py for tasks to queue
[2023-04-25T01:56:53.221+0000] {logging_mixin.py:137} INFO - [2023-04-25T01:56:53.221+0000] {dagbag.py:532} INFO - Filling up the DagBag from /home/airflow/.local/lib/python3.7/site-packages/airflow/example_dags/example_branch_operator.py
[2023-04-25T01:56:53.241+0000] {processor.py:753} INFO - DAG(s) dict_keys(['example_branch_operator']) retrieved from /home/airflow/.local/lib/python3.7/site-packages/airflow/example_dags/example_branch_operator.py
[2023-04-25T01:56:53.264+0000] {logging_mixin.py:137} INFO - [2023-04-25T01:56:53.264+0000] {dag.py:2705} INFO - Sync 1 DAGs
[2023-04-25T01:56:53.280+0000] {logging_mixin.py:137} INFO - [2023-04-25T01:56:53.280+0000] {dag.py:3456} INFO - Setting next_dagrun for example_branch_operator to 2023-04-24T00:00:00+00:00, run_after=2023-04-25T00:00:00+00:00
[2023-04-25T01:56:53.291+0000] {processor.py:175} INFO - Processing /home/airflow/.local/lib/python3.7/site-packages/airflow/example_dags/example_branch_operator.py took 0.080 seconds
[2023-04-25T01:57:24.023+0000] {processor.py:153} INFO - Started process (PID=915) to work on /home/airflow/.local/lib/python3.7/site-packages/airflow/example_dags/example_branch_operator.py
[2023-04-25T01:57:24.025+0000] {processor.py:743} INFO - Processing file /home/airflow/.local/lib/python3.7/site-packages/airflow/example_dags/example_branch_operator.py for tasks to queue
[2023-04-25T01:57:24.027+0000] {logging_mixin.py:137} INFO - [2023-04-25T01:57:24.027+0000] {dagbag.py:532} INFO - Filling up the DagBag from /home/airflow/.local/lib/python3.7/site-packages/airflow/example_dags/example_branch_operator.py
[2023-04-25T01:57:24.074+0000] {processor.py:753} INFO - DAG(s) dict_keys(['example_branch_operator']) retrieved from /home/airflow/.local/lib/python3.7/site-packages/airflow/example_dags/example_branch_operator.py
[2023-04-25T01:57:24.107+0000] {logging_mixin.py:137} INFO - [2023-04-25T01:57:24.107+0000] {dag.py:2705} INFO - Sync 1 DAGs
[2023-04-25T01:57:24.124+0000] {logging_mixin.py:137} INFO - [2023-04-25T01:57:24.124+0000] {dag.py:3456} INFO - Setting next_dagrun for example_branch_operator to 2023-04-24T00:00:00+00:00, run_after=2023-04-25T00:00:00+00:00
[2023-04-25T01:57:24.136+0000] {processor.py:175} INFO - Processing /home/airflow/.local/lib/python3.7/site-packages/airflow/example_dags/example_branch_operator.py took 0.119 seconds
[2023-04-25T01:57:54.691+0000] {processor.py:153} INFO - Started process (PID=965) to work on /home/airflow/.local/lib/python3.7/site-packages/airflow/example_dags/example_branch_operator.py
[2023-04-25T01:57:54.693+0000] {processor.py:743} INFO - Processing file /home/airflow/.local/lib/python3.7/site-packages/airflow/example_dags/example_branch_operator.py for tasks to queue
[2023-04-25T01:57:54.694+0000] {logging_mixin.py:137} INFO - [2023-04-25T01:57:54.694+0000] {dagbag.py:532} INFO - Filling up the DagBag from /home/airflow/.local/lib/python3.7/site-packages/airflow/example_dags/example_branch_operator.py
[2023-04-25T01:57:54.710+0000] {processor.py:753} INFO - DAG(s) dict_keys(['example_branch_operator']) retrieved from /home/airflow/.local/lib/python3.7/site-packages/airflow/example_dags/example_branch_operator.py
[2023-04-25T01:57:54.734+0000] {logging_mixin.py:137} INFO - [2023-04-25T01:57:54.734+0000] {dag.py:2705} INFO - Sync 1 DAGs
[2023-04-25T01:57:54.751+0000] {logging_mixin.py:137} INFO - [2023-04-25T01:57:54.751+0000] {dag.py:3456} INFO - Setting next_dagrun for example_branch_operator to 2023-04-24T00:00:00+00:00, run_after=2023-04-25T00:00:00+00:00
[2023-04-25T01:57:54.763+0000] {processor.py:175} INFO - Processing /home/airflow/.local/lib/python3.7/site-packages/airflow/example_dags/example_branch_operator.py took 0.077 seconds
[2023-04-25T01:58:24.921+0000] {processor.py:153} INFO - Started process (PID=1015) to work on /home/airflow/.local/lib/python3.7/site-packages/airflow/example_dags/example_branch_operator.py
[2023-04-25T01:58:24.923+0000] {processor.py:743} INFO - Processing file /home/airflow/.local/lib/python3.7/site-packages/airflow/example_dags/example_branch_operator.py for tasks to queue
[2023-04-25T01:58:24.924+0000] {logging_mixin.py:137} INFO - [2023-04-25T01:58:24.924+0000] {dagbag.py:532} INFO - Filling up the DagBag from /home/airflow/.local/lib/python3.7/site-packages/airflow/example_dags/example_branch_operator.py
[2023-04-25T01:58:24.939+0000] {processor.py:753} INFO - DAG(s) dict_keys(['example_branch_operator']) retrieved from /home/airflow/.local/lib/python3.7/site-packages/airflow/example_dags/example_branch_operator.py
[2023-04-25T01:58:24.962+0000] {logging_mixin.py:137} INFO - [2023-04-25T01:58:24.962+0000] {dag.py:2705} INFO - Sync 1 DAGs
[2023-04-25T01:58:24.980+0000] {logging_mixin.py:137} INFO - [2023-04-25T01:58:24.979+0000] {dag.py:3456} INFO - Setting next_dagrun for example_branch_operator to 2023-04-24T00:00:00+00:00, run_after=2023-04-25T00:00:00+00:00
[2023-04-25T01:58:24.992+0000] {processor.py:175} INFO - Processing /home/airflow/.local/lib/python3.7/site-packages/airflow/example_dags/example_branch_operator.py took 0.075 seconds
[2023-04-25T01:58:55.468+0000] {processor.py:153} INFO - Started process (PID=1065) to work on /home/airflow/.local/lib/python3.7/site-packages/airflow/example_dags/example_branch_operator.py
[2023-04-25T01:58:55.470+0000] {processor.py:743} INFO - Processing file /home/airflow/.local/lib/python3.7/site-packages/airflow/example_dags/example_branch_operator.py for tasks to queue
[2023-04-25T01:58:55.471+0000] {logging_mixin.py:137} INFO - [2023-04-25T01:58:55.471+0000] {dagbag.py:532} INFO - Filling up the DagBag from /home/airflow/.local/lib/python3.7/site-packages/airflow/example_dags/example_branch_operator.py
[2023-04-25T01:58:55.486+0000] {processor.py:753} INFO - DAG(s) dict_keys(['example_branch_operator']) retrieved from /home/airflow/.local/lib/python3.7/site-packages/airflow/example_dags/example_branch_operator.py
[2023-04-25T01:58:55.509+0000] {logging_mixin.py:137} INFO - [2023-04-25T01:58:55.508+0000] {dag.py:2705} INFO - Sync 1 DAGs
[2023-04-25T01:58:55.525+0000] {logging_mixin.py:137} INFO - [2023-04-25T01:58:55.525+0000] {dag.py:3456} INFO - Setting next_dagrun for example_branch_operator to 2023-04-24T00:00:00+00:00, run_after=2023-04-25T00:00:00+00:00
[2023-04-25T01:58:55.537+0000] {processor.py:175} INFO - Processing /home/airflow/.local/lib/python3.7/site-packages/airflow/example_dags/example_branch_operator.py took 0.073 seconds
[2023-04-25T01:59:26.090+0000] {processor.py:153} INFO - Started process (PID=1115) to work on /home/airflow/.local/lib/python3.7/site-packages/airflow/example_dags/example_branch_operator.py
[2023-04-25T01:59:26.092+0000] {processor.py:743} INFO - Processing file /home/airflow/.local/lib/python3.7/site-packages/airflow/example_dags/example_branch_operator.py for tasks to queue
[2023-04-25T01:59:26.094+0000] {logging_mixin.py:137} INFO - [2023-04-25T01:59:26.094+0000] {dagbag.py:532} INFO - Filling up the DagBag from /home/airflow/.local/lib/python3.7/site-packages/airflow/example_dags/example_branch_operator.py
[2023-04-25T01:59:26.115+0000] {processor.py:753} INFO - DAG(s) dict_keys(['example_branch_operator']) retrieved from /home/airflow/.local/lib/python3.7/site-packages/airflow/example_dags/example_branch_operator.py
[2023-04-25T01:59:26.140+0000] {logging_mixin.py:137} INFO - [2023-04-25T01:59:26.140+0000] {dag.py:2705} INFO - Sync 1 DAGs
[2023-04-25T01:59:26.159+0000] {logging_mixin.py:137} INFO - [2023-04-25T01:59:26.158+0000] {dag.py:3456} INFO - Setting next_dagrun for example_branch_operator to 2023-04-24T00:00:00+00:00, run_after=2023-04-25T00:00:00+00:00
[2023-04-25T01:59:26.172+0000] {processor.py:175} INFO - Processing /home/airflow/.local/lib/python3.7/site-packages/airflow/example_dags/example_branch_operator.py took 0.089 seconds
[2023-04-25T01:59:56.705+0000] {processor.py:153} INFO - Started process (PID=1165) to work on /home/airflow/.local/lib/python3.7/site-packages/airflow/example_dags/example_branch_operator.py
[2023-04-25T01:59:56.706+0000] {processor.py:743} INFO - Processing file /home/airflow/.local/lib/python3.7/site-packages/airflow/example_dags/example_branch_operator.py for tasks to queue
[2023-04-25T01:59:56.707+0000] {logging_mixin.py:137} INFO - [2023-04-25T01:59:56.707+0000] {dagbag.py:532} INFO - Filling up the DagBag from /home/airflow/.local/lib/python3.7/site-packages/airflow/example_dags/example_branch_operator.py
[2023-04-25T01:59:56.721+0000] {processor.py:753} INFO - DAG(s) dict_keys(['example_branch_operator']) retrieved from /home/airflow/.local/lib/python3.7/site-packages/airflow/example_dags/example_branch_operator.py
[2023-04-25T01:59:56.744+0000] {logging_mixin.py:137} INFO - [2023-04-25T01:59:56.744+0000] {dag.py:2705} INFO - Sync 1 DAGs
[2023-04-25T01:59:56.762+0000] {logging_mixin.py:137} INFO - [2023-04-25T01:59:56.762+0000] {dag.py:3456} INFO - Setting next_dagrun for example_branch_operator to 2023-04-24T00:00:00+00:00, run_after=2023-04-25T00:00:00+00:00
[2023-04-25T01:59:56.775+0000] {processor.py:175} INFO - Processing /home/airflow/.local/lib/python3.7/site-packages/airflow/example_dags/example_branch_operator.py took 0.073 seconds
[2023-04-25T02:00:27.341+0000] {processor.py:153} INFO - Started process (PID=1215) to work on /home/airflow/.local/lib/python3.7/site-packages/airflow/example_dags/example_branch_operator.py
[2023-04-25T02:00:27.343+0000] {processor.py:743} INFO - Processing file /home/airflow/.local/lib/python3.7/site-packages/airflow/example_dags/example_branch_operator.py for tasks to queue
[2023-04-25T02:00:27.344+0000] {logging_mixin.py:137} INFO - [2023-04-25T02:00:27.343+0000] {dagbag.py:532} INFO - Filling up the DagBag from /home/airflow/.local/lib/python3.7/site-packages/airflow/example_dags/example_branch_operator.py
[2023-04-25T02:00:27.358+0000] {processor.py:753} INFO - DAG(s) dict_keys(['example_branch_operator']) retrieved from /home/airflow/.local/lib/python3.7/site-packages/airflow/example_dags/example_branch_operator.py
[2023-04-25T02:00:27.381+0000] {logging_mixin.py:137} INFO - [2023-04-25T02:00:27.381+0000] {dag.py:2705} INFO - Sync 1 DAGs
[2023-04-25T02:00:27.397+0000] {logging_mixin.py:137} INFO - [2023-04-25T02:00:27.397+0000] {dag.py:3456} INFO - Setting next_dagrun for example_branch_operator to 2023-04-24T00:00:00+00:00, run_after=2023-04-25T00:00:00+00:00
[2023-04-25T02:00:27.409+0000] {processor.py:175} INFO - Processing /home/airflow/.local/lib/python3.7/site-packages/airflow/example_dags/example_branch_operator.py took 0.071 seconds
[2023-04-25T02:00:57.827+0000] {processor.py:153} INFO - Started process (PID=1265) to work on /home/airflow/.local/lib/python3.7/site-packages/airflow/example_dags/example_branch_operator.py
[2023-04-25T02:00:57.828+0000] {processor.py:743} INFO - Processing file /home/airflow/.local/lib/python3.7/site-packages/airflow/example_dags/example_branch_operator.py for tasks to queue
[2023-04-25T02:00:57.829+0000] {logging_mixin.py:137} INFO - [2023-04-25T02:00:57.829+0000] {dagbag.py:532} INFO - Filling up the DagBag from /home/airflow/.local/lib/python3.7/site-packages/airflow/example_dags/example_branch_operator.py
[2023-04-25T02:00:57.843+0000] {processor.py:753} INFO - DAG(s) dict_keys(['example_branch_operator']) retrieved from /home/airflow/.local/lib/python3.7/site-packages/airflow/example_dags/example_branch_operator.py
[2023-04-25T02:00:57.866+0000] {logging_mixin.py:137} INFO - [2023-04-25T02:00:57.866+0000] {dag.py:2705} INFO - Sync 1 DAGs
[2023-04-25T02:00:57.883+0000] {logging_mixin.py:137} INFO - [2023-04-25T02:00:57.883+0000] {dag.py:3456} INFO - Setting next_dagrun for example_branch_operator to 2023-04-24T00:00:00+00:00, run_after=2023-04-25T00:00:00+00:00
[2023-04-25T02:00:57.894+0000] {processor.py:175} INFO - Processing /home/airflow/.local/lib/python3.7/site-packages/airflow/example_dags/example_branch_operator.py took 0.075 seconds
[2023-04-25T02:01:28.509+0000] {processor.py:153} INFO - Started process (PID=1315) to work on /home/airflow/.local/lib/python3.7/site-packages/airflow/example_dags/example_branch_operator.py
[2023-04-25T02:01:28.511+0000] {processor.py:743} INFO - Processing file /home/airflow/.local/lib/python3.7/site-packages/airflow/example_dags/example_branch_operator.py for tasks to queue
[2023-04-25T02:01:28.512+0000] {logging_mixin.py:137} INFO - [2023-04-25T02:01:28.512+0000] {dagbag.py:532} INFO - Filling up the DagBag from /home/airflow/.local/lib/python3.7/site-packages/airflow/example_dags/example_branch_operator.py
[2023-04-25T02:01:28.527+0000] {processor.py:753} INFO - DAG(s) dict_keys(['example_branch_operator']) retrieved from /home/airflow/.local/lib/python3.7/site-packages/airflow/example_dags/example_branch_operator.py
[2023-04-25T02:01:28.550+0000] {logging_mixin.py:137} INFO - [2023-04-25T02:01:28.550+0000] {dag.py:2705} INFO - Sync 1 DAGs
[2023-04-25T02:01:28.566+0000] {logging_mixin.py:137} INFO - [2023-04-25T02:01:28.566+0000] {dag.py:3456} INFO - Setting next_dagrun for example_branch_operator to 2023-04-24T00:00:00+00:00, run_after=2023-04-25T00:00:00+00:00
[2023-04-25T02:01:28.577+0000] {processor.py:175} INFO - Processing /home/airflow/.local/lib/python3.7/site-packages/airflow/example_dags/example_branch_operator.py took 0.072 seconds
[2023-04-25T02:01:58.802+0000] {processor.py:153} INFO - Started process (PID=1364) to work on /home/airflow/.local/lib/python3.7/site-packages/airflow/example_dags/example_branch_operator.py
[2023-04-25T02:01:58.804+0000] {processor.py:743} INFO - Processing file /home/airflow/.local/lib/python3.7/site-packages/airflow/example_dags/example_branch_operator.py for tasks to queue
[2023-04-25T02:01:58.807+0000] {logging_mixin.py:137} INFO - [2023-04-25T02:01:58.807+0000] {dagbag.py:532} INFO - Filling up the DagBag from /home/airflow/.local/lib/python3.7/site-packages/airflow/example_dags/example_branch_operator.py
[2023-04-25T02:01:58.823+0000] {processor.py:753} INFO - DAG(s) dict_keys(['example_branch_operator']) retrieved from /home/airflow/.local/lib/python3.7/site-packages/airflow/example_dags/example_branch_operator.py
[2023-04-25T02:01:58.860+0000] {logging_mixin.py:137} INFO - [2023-04-25T02:01:58.860+0000] {dag.py:2705} INFO - Sync 1 DAGs
[2023-04-25T02:01:58.880+0000] {logging_mixin.py:137} INFO - [2023-04-25T02:01:58.879+0000] {dag.py:3456} INFO - Setting next_dagrun for example_branch_operator to 2023-04-24T00:00:00+00:00, run_after=2023-04-25T00:00:00+00:00
[2023-04-25T02:01:58.894+0000] {processor.py:175} INFO - Processing /home/airflow/.local/lib/python3.7/site-packages/airflow/example_dags/example_branch_operator.py took 0.099 seconds
[2023-04-25T02:02:29.388+0000] {processor.py:153} INFO - Started process (PID=1414) to work on /home/airflow/.local/lib/python3.7/site-packages/airflow/example_dags/example_branch_operator.py
[2023-04-25T02:02:29.390+0000] {processor.py:743} INFO - Processing file /home/airflow/.local/lib/python3.7/site-packages/airflow/example_dags/example_branch_operator.py for tasks to queue
[2023-04-25T02:02:29.391+0000] {logging_mixin.py:137} INFO - [2023-04-25T02:02:29.391+0000] {dagbag.py:532} INFO - Filling up the DagBag from /home/airflow/.local/lib/python3.7/site-packages/airflow/example_dags/example_branch_operator.py
[2023-04-25T02:02:29.406+0000] {processor.py:753} INFO - DAG(s) dict_keys(['example_branch_operator']) retrieved from /home/airflow/.local/lib/python3.7/site-packages/airflow/example_dags/example_branch_operator.py
[2023-04-25T02:02:29.431+0000] {logging_mixin.py:137} INFO - [2023-04-25T02:02:29.431+0000] {dag.py:2705} INFO - Sync 1 DAGs
[2023-04-25T02:02:29.450+0000] {logging_mixin.py:137} INFO - [2023-04-25T02:02:29.450+0000] {dag.py:3456} INFO - Setting next_dagrun for example_branch_operator to 2023-04-24T00:00:00+00:00, run_after=2023-04-25T00:00:00+00:00
[2023-04-25T02:02:29.463+0000] {processor.py:175} INFO - Processing /home/airflow/.local/lib/python3.7/site-packages/airflow/example_dags/example_branch_operator.py took 0.078 seconds
[2023-04-25T02:03:00.025+0000] {processor.py:153} INFO - Started process (PID=1464) to work on /home/airflow/.local/lib/python3.7/site-packages/airflow/example_dags/example_branch_operator.py
[2023-04-25T02:03:00.027+0000] {processor.py:743} INFO - Processing file /home/airflow/.local/lib/python3.7/site-packages/airflow/example_dags/example_branch_operator.py for tasks to queue
[2023-04-25T02:03:00.029+0000] {logging_mixin.py:137} INFO - [2023-04-25T02:03:00.028+0000] {dagbag.py:532} INFO - Filling up the DagBag from /home/airflow/.local/lib/python3.7/site-packages/airflow/example_dags/example_branch_operator.py
[2023-04-25T02:03:00.048+0000] {processor.py:753} INFO - DAG(s) dict_keys(['example_branch_operator']) retrieved from /home/airflow/.local/lib/python3.7/site-packages/airflow/example_dags/example_branch_operator.py
[2023-04-25T02:03:00.073+0000] {logging_mixin.py:137} INFO - [2023-04-25T02:03:00.073+0000] {dag.py:2705} INFO - Sync 1 DAGs
[2023-04-25T02:03:00.091+0000] {logging_mixin.py:137} INFO - [2023-04-25T02:03:00.091+0000] {dag.py:3456} INFO - Setting next_dagrun for example_branch_operator to 2023-04-24T00:00:00+00:00, run_after=2023-04-25T00:00:00+00:00
[2023-04-25T02:03:00.104+0000] {processor.py:175} INFO - Processing /home/airflow/.local/lib/python3.7/site-packages/airflow/example_dags/example_branch_operator.py took 0.085 seconds
