[2023-04-25T01:48:40.223+0000] {processor.py:153} INFO - Started process (PID=44) to work on /home/airflow/.local/lib/python3.7/site-packages/airflow/example_dags/example_short_circuit_decorator.py
[2023-04-25T01:48:40.225+0000] {processor.py:743} INFO - Processing file /home/airflow/.local/lib/python3.7/site-packages/airflow/example_dags/example_short_circuit_decorator.py for tasks to queue
[2023-04-25T01:48:40.227+0000] {logging_mixin.py:137} INFO - [2023-04-25T01:48:40.227+0000] {dagbag.py:532} INFO - Filling up the DagBag from /home/airflow/.local/lib/python3.7/site-packages/airflow/example_dags/example_short_circuit_decorator.py
[2023-04-25T01:48:40.259+0000] {processor.py:753} INFO - DAG(s) dict_keys(['example_short_circuit_decorator']) retrieved from /home/airflow/.local/lib/python3.7/site-packages/airflow/example_dags/example_short_circuit_decorator.py
[2023-04-25T01:48:40.303+0000] {logging_mixin.py:137} INFO - [2023-04-25T01:48:40.303+0000] {dag.py:2705} INFO - Sync 1 DAGs
[2023-04-25T01:48:40.369+0000] {logging_mixin.py:137} INFO - [2023-04-25T01:48:40.369+0000] {dag.py:3456} INFO - Setting next_dagrun for example_short_circuit_decorator to 2023-04-24T01:48:40.369354+00:00, run_after=2023-04-25T01:48:40.369354+00:00
[2023-04-25T01:48:40.434+0000] {processor.py:175} INFO - Processing /home/airflow/.local/lib/python3.7/site-packages/airflow/example_dags/example_short_circuit_decorator.py took 0.213 seconds
[2023-04-25T01:49:10.619+0000] {processor.py:153} INFO - Started process (PID=93) to work on /home/airflow/.local/lib/python3.7/site-packages/airflow/example_dags/example_short_circuit_decorator.py
[2023-04-25T01:49:10.621+0000] {processor.py:743} INFO - Processing file /home/airflow/.local/lib/python3.7/site-packages/airflow/example_dags/example_short_circuit_decorator.py for tasks to queue
[2023-04-25T01:49:10.622+0000] {logging_mixin.py:137} INFO - [2023-04-25T01:49:10.622+0000] {dagbag.py:532} INFO - Filling up the DagBag from /home/airflow/.local/lib/python3.7/site-packages/airflow/example_dags/example_short_circuit_decorator.py
[2023-04-25T01:49:10.648+0000] {processor.py:753} INFO - DAG(s) dict_keys(['example_short_circuit_decorator']) retrieved from /home/airflow/.local/lib/python3.7/site-packages/airflow/example_dags/example_short_circuit_decorator.py
[2023-04-25T01:49:10.678+0000] {logging_mixin.py:137} INFO - [2023-04-25T01:49:10.678+0000] {dag.py:2705} INFO - Sync 1 DAGs
[2023-04-25T01:49:10.707+0000] {logging_mixin.py:137} INFO - [2023-04-25T01:49:10.707+0000] {dag.py:3456} INFO - Setting next_dagrun for example_short_circuit_decorator to 2023-04-24T01:49:10.707168+00:00, run_after=2023-04-25T01:49:10.707168+00:00
[2023-04-25T01:49:10.727+0000] {processor.py:175} INFO - Processing /home/airflow/.local/lib/python3.7/site-packages/airflow/example_dags/example_short_circuit_decorator.py took 0.112 seconds
[2023-04-25T01:49:40.816+0000] {processor.py:153} INFO - Started process (PID=143) to work on /home/airflow/.local/lib/python3.7/site-packages/airflow/example_dags/example_short_circuit_decorator.py
[2023-04-25T01:49:40.818+0000] {processor.py:743} INFO - Processing file /home/airflow/.local/lib/python3.7/site-packages/airflow/example_dags/example_short_circuit_decorator.py for tasks to queue
[2023-04-25T01:49:40.818+0000] {logging_mixin.py:137} INFO - [2023-04-25T01:49:40.818+0000] {dagbag.py:532} INFO - Filling up the DagBag from /home/airflow/.local/lib/python3.7/site-packages/airflow/example_dags/example_short_circuit_decorator.py
[2023-04-25T01:49:40.836+0000] {processor.py:753} INFO - DAG(s) dict_keys(['example_short_circuit_decorator']) retrieved from /home/airflow/.local/lib/python3.7/site-packages/airflow/example_dags/example_short_circuit_decorator.py
[2023-04-25T01:49:40.860+0000] {logging_mixin.py:137} INFO - [2023-04-25T01:49:40.860+0000] {dag.py:2705} INFO - Sync 1 DAGs
[2023-04-25T01:49:40.879+0000] {logging_mixin.py:137} INFO - [2023-04-25T01:49:40.879+0000] {dag.py:3456} INFO - Setting next_dagrun for example_short_circuit_decorator to 2023-04-24T01:49:40.879201+00:00, run_after=2023-04-25T01:49:40.879201+00:00
[2023-04-25T01:49:40.892+0000] {processor.py:175} INFO - Processing /home/airflow/.local/lib/python3.7/site-packages/airflow/example_dags/example_short_circuit_decorator.py took 0.079 seconds
[2023-04-25T01:50:11.770+0000] {processor.py:153} INFO - Started process (PID=193) to work on /home/airflow/.local/lib/python3.7/site-packages/airflow/example_dags/example_short_circuit_decorator.py
[2023-04-25T01:50:11.771+0000] {processor.py:743} INFO - Processing file /home/airflow/.local/lib/python3.7/site-packages/airflow/example_dags/example_short_circuit_decorator.py for tasks to queue
[2023-04-25T01:50:11.772+0000] {logging_mixin.py:137} INFO - [2023-04-25T01:50:11.772+0000] {dagbag.py:532} INFO - Filling up the DagBag from /home/airflow/.local/lib/python3.7/site-packages/airflow/example_dags/example_short_circuit_decorator.py
[2023-04-25T01:50:11.793+0000] {processor.py:753} INFO - DAG(s) dict_keys(['example_short_circuit_decorator']) retrieved from /home/airflow/.local/lib/python3.7/site-packages/airflow/example_dags/example_short_circuit_decorator.py
[2023-04-25T01:50:11.820+0000] {logging_mixin.py:137} INFO - [2023-04-25T01:50:11.820+0000] {dag.py:2705} INFO - Sync 1 DAGs
[2023-04-25T01:50:11.839+0000] {logging_mixin.py:137} INFO - [2023-04-25T01:50:11.838+0000] {dag.py:3456} INFO - Setting next_dagrun for example_short_circuit_decorator to 2023-04-24T01:50:11.838721+00:00, run_after=2023-04-25T01:50:11.838721+00:00
[2023-04-25T01:50:11.852+0000] {processor.py:175} INFO - Processing /home/airflow/.local/lib/python3.7/site-packages/airflow/example_dags/example_short_circuit_decorator.py took 0.086 seconds
[2023-04-25T01:50:42.158+0000] {processor.py:153} INFO - Started process (PID=244) to work on /home/airflow/.local/lib/python3.7/site-packages/airflow/example_dags/example_short_circuit_decorator.py
[2023-04-25T01:50:42.160+0000] {processor.py:743} INFO - Processing file /home/airflow/.local/lib/python3.7/site-packages/airflow/example_dags/example_short_circuit_decorator.py for tasks to queue
[2023-04-25T01:50:42.161+0000] {logging_mixin.py:137} INFO - [2023-04-25T01:50:42.161+0000] {dagbag.py:532} INFO - Filling up the DagBag from /home/airflow/.local/lib/python3.7/site-packages/airflow/example_dags/example_short_circuit_decorator.py
[2023-04-25T01:50:42.185+0000] {processor.py:753} INFO - DAG(s) dict_keys(['example_short_circuit_decorator']) retrieved from /home/airflow/.local/lib/python3.7/site-packages/airflow/example_dags/example_short_circuit_decorator.py
[2023-04-25T01:50:42.228+0000] {logging_mixin.py:137} INFO - [2023-04-25T01:50:42.228+0000] {dag.py:2705} INFO - Sync 1 DAGs
[2023-04-25T01:50:42.257+0000] {logging_mixin.py:137} INFO - [2023-04-25T01:50:42.257+0000] {dag.py:3456} INFO - Setting next_dagrun for example_short_circuit_decorator to 2023-04-24T01:50:42.257531+00:00, run_after=2023-04-25T01:50:42.257531+00:00
[2023-04-25T01:50:42.275+0000] {processor.py:175} INFO - Processing /home/airflow/.local/lib/python3.7/site-packages/airflow/example_dags/example_short_circuit_decorator.py took 0.122 seconds
[2023-04-25T01:51:12.796+0000] {processor.py:153} INFO - Started process (PID=294) to work on /home/airflow/.local/lib/python3.7/site-packages/airflow/example_dags/example_short_circuit_decorator.py
[2023-04-25T01:51:12.798+0000] {processor.py:743} INFO - Processing file /home/airflow/.local/lib/python3.7/site-packages/airflow/example_dags/example_short_circuit_decorator.py for tasks to queue
[2023-04-25T01:51:12.799+0000] {logging_mixin.py:137} INFO - [2023-04-25T01:51:12.799+0000] {dagbag.py:532} INFO - Filling up the DagBag from /home/airflow/.local/lib/python3.7/site-packages/airflow/example_dags/example_short_circuit_decorator.py
[2023-04-25T01:51:12.821+0000] {processor.py:753} INFO - DAG(s) dict_keys(['example_short_circuit_decorator']) retrieved from /home/airflow/.local/lib/python3.7/site-packages/airflow/example_dags/example_short_circuit_decorator.py
[2023-04-25T01:51:12.847+0000] {logging_mixin.py:137} INFO - [2023-04-25T01:51:12.847+0000] {dag.py:2705} INFO - Sync 1 DAGs
[2023-04-25T01:51:12.866+0000] {logging_mixin.py:137} INFO - [2023-04-25T01:51:12.866+0000] {dag.py:3456} INFO - Setting next_dagrun for example_short_circuit_decorator to 2023-04-24T01:51:12.865828+00:00, run_after=2023-04-25T01:51:12.865828+00:00
[2023-04-25T01:51:12.879+0000] {processor.py:175} INFO - Processing /home/airflow/.local/lib/python3.7/site-packages/airflow/example_dags/example_short_circuit_decorator.py took 0.087 seconds
[2023-04-25T01:51:43.041+0000] {processor.py:153} INFO - Started process (PID=344) to work on /home/airflow/.local/lib/python3.7/site-packages/airflow/example_dags/example_short_circuit_decorator.py
[2023-04-25T01:51:43.043+0000] {processor.py:743} INFO - Processing file /home/airflow/.local/lib/python3.7/site-packages/airflow/example_dags/example_short_circuit_decorator.py for tasks to queue
[2023-04-25T01:51:43.043+0000] {logging_mixin.py:137} INFO - [2023-04-25T01:51:43.043+0000] {dagbag.py:532} INFO - Filling up the DagBag from /home/airflow/.local/lib/python3.7/site-packages/airflow/example_dags/example_short_circuit_decorator.py
[2023-04-25T01:51:43.061+0000] {processor.py:753} INFO - DAG(s) dict_keys(['example_short_circuit_decorator']) retrieved from /home/airflow/.local/lib/python3.7/site-packages/airflow/example_dags/example_short_circuit_decorator.py
[2023-04-25T01:51:43.083+0000] {logging_mixin.py:137} INFO - [2023-04-25T01:51:43.083+0000] {dag.py:2705} INFO - Sync 1 DAGs
[2023-04-25T01:51:43.099+0000] {logging_mixin.py:137} INFO - [2023-04-25T01:51:43.099+0000] {dag.py:3456} INFO - Setting next_dagrun for example_short_circuit_decorator to 2023-04-24T01:51:43.099108+00:00, run_after=2023-04-25T01:51:43.099108+00:00
[2023-04-25T01:51:43.111+0000] {processor.py:175} INFO - Processing /home/airflow/.local/lib/python3.7/site-packages/airflow/example_dags/example_short_circuit_decorator.py took 0.072 seconds
[2023-04-25T01:52:13.713+0000] {processor.py:153} INFO - Started process (PID=395) to work on /home/airflow/.local/lib/python3.7/site-packages/airflow/example_dags/example_short_circuit_decorator.py
[2023-04-25T01:52:13.714+0000] {processor.py:743} INFO - Processing file /home/airflow/.local/lib/python3.7/site-packages/airflow/example_dags/example_short_circuit_decorator.py for tasks to queue
[2023-04-25T01:52:13.715+0000] {logging_mixin.py:137} INFO - [2023-04-25T01:52:13.715+0000] {dagbag.py:532} INFO - Filling up the DagBag from /home/airflow/.local/lib/python3.7/site-packages/airflow/example_dags/example_short_circuit_decorator.py
[2023-04-25T01:52:13.734+0000] {processor.py:753} INFO - DAG(s) dict_keys(['example_short_circuit_decorator']) retrieved from /home/airflow/.local/lib/python3.7/site-packages/airflow/example_dags/example_short_circuit_decorator.py
[2023-04-25T01:52:13.756+0000] {logging_mixin.py:137} INFO - [2023-04-25T01:52:13.756+0000] {dag.py:2705} INFO - Sync 1 DAGs
[2023-04-25T01:52:13.774+0000] {logging_mixin.py:137} INFO - [2023-04-25T01:52:13.774+0000] {dag.py:3456} INFO - Setting next_dagrun for example_short_circuit_decorator to 2023-04-24T01:52:13.774050+00:00, run_after=2023-04-25T01:52:13.774050+00:00
[2023-04-25T01:52:13.787+0000] {processor.py:175} INFO - Processing /home/airflow/.local/lib/python3.7/site-packages/airflow/example_dags/example_short_circuit_decorator.py took 0.077 seconds
[2023-04-25T01:52:44.312+0000] {processor.py:153} INFO - Started process (PID=445) to work on /home/airflow/.local/lib/python3.7/site-packages/airflow/example_dags/example_short_circuit_decorator.py
[2023-04-25T01:52:44.313+0000] {processor.py:743} INFO - Processing file /home/airflow/.local/lib/python3.7/site-packages/airflow/example_dags/example_short_circuit_decorator.py for tasks to queue
[2023-04-25T01:52:44.314+0000] {logging_mixin.py:137} INFO - [2023-04-25T01:52:44.313+0000] {dagbag.py:532} INFO - Filling up the DagBag from /home/airflow/.local/lib/python3.7/site-packages/airflow/example_dags/example_short_circuit_decorator.py
[2023-04-25T01:52:44.331+0000] {processor.py:753} INFO - DAG(s) dict_keys(['example_short_circuit_decorator']) retrieved from /home/airflow/.local/lib/python3.7/site-packages/airflow/example_dags/example_short_circuit_decorator.py
[2023-04-25T01:52:44.353+0000] {logging_mixin.py:137} INFO - [2023-04-25T01:52:44.353+0000] {dag.py:2705} INFO - Sync 1 DAGs
[2023-04-25T01:52:44.370+0000] {logging_mixin.py:137} INFO - [2023-04-25T01:52:44.370+0000] {dag.py:3456} INFO - Setting next_dagrun for example_short_circuit_decorator to 2023-04-24T01:52:44.370099+00:00, run_after=2023-04-25T01:52:44.370099+00:00
[2023-04-25T01:52:44.386+0000] {processor.py:175} INFO - Processing /home/airflow/.local/lib/python3.7/site-packages/airflow/example_dags/example_short_circuit_decorator.py took 0.077 seconds
[2023-04-25T01:53:14.973+0000] {processor.py:153} INFO - Started process (PID=495) to work on /home/airflow/.local/lib/python3.7/site-packages/airflow/example_dags/example_short_circuit_decorator.py
[2023-04-25T01:53:14.974+0000] {processor.py:743} INFO - Processing file /home/airflow/.local/lib/python3.7/site-packages/airflow/example_dags/example_short_circuit_decorator.py for tasks to queue
[2023-04-25T01:53:14.974+0000] {logging_mixin.py:137} INFO - [2023-04-25T01:53:14.974+0000] {dagbag.py:532} INFO - Filling up the DagBag from /home/airflow/.local/lib/python3.7/site-packages/airflow/example_dags/example_short_circuit_decorator.py
[2023-04-25T01:53:14.993+0000] {processor.py:753} INFO - DAG(s) dict_keys(['example_short_circuit_decorator']) retrieved from /home/airflow/.local/lib/python3.7/site-packages/airflow/example_dags/example_short_circuit_decorator.py
[2023-04-25T01:53:15.013+0000] {logging_mixin.py:137} INFO - [2023-04-25T01:53:15.013+0000] {dag.py:2705} INFO - Sync 1 DAGs
[2023-04-25T01:53:15.029+0000] {logging_mixin.py:137} INFO - [2023-04-25T01:53:15.029+0000] {dag.py:3456} INFO - Setting next_dagrun for example_short_circuit_decorator to 2023-04-24T01:53:15.029662+00:00, run_after=2023-04-25T01:53:15.029662+00:00
[2023-04-25T01:53:15.041+0000] {processor.py:175} INFO - Processing /home/airflow/.local/lib/python3.7/site-packages/airflow/example_dags/example_short_circuit_decorator.py took 0.072 seconds
[2023-04-25T01:53:45.563+0000] {processor.py:153} INFO - Started process (PID=545) to work on /home/airflow/.local/lib/python3.7/site-packages/airflow/example_dags/example_short_circuit_decorator.py
[2023-04-25T01:53:45.564+0000] {processor.py:743} INFO - Processing file /home/airflow/.local/lib/python3.7/site-packages/airflow/example_dags/example_short_circuit_decorator.py for tasks to queue
[2023-04-25T01:53:45.565+0000] {logging_mixin.py:137} INFO - [2023-04-25T01:53:45.565+0000] {dagbag.py:532} INFO - Filling up the DagBag from /home/airflow/.local/lib/python3.7/site-packages/airflow/example_dags/example_short_circuit_decorator.py
[2023-04-25T01:53:45.583+0000] {processor.py:753} INFO - DAG(s) dict_keys(['example_short_circuit_decorator']) retrieved from /home/airflow/.local/lib/python3.7/site-packages/airflow/example_dags/example_short_circuit_decorator.py
[2023-04-25T01:53:45.604+0000] {logging_mixin.py:137} INFO - [2023-04-25T01:53:45.604+0000] {dag.py:2705} INFO - Sync 1 DAGs
[2023-04-25T01:53:45.621+0000] {logging_mixin.py:137} INFO - [2023-04-25T01:53:45.621+0000] {dag.py:3456} INFO - Setting next_dagrun for example_short_circuit_decorator to 2023-04-24T01:53:45.621573+00:00, run_after=2023-04-25T01:53:45.621573+00:00
[2023-04-25T01:53:45.635+0000] {processor.py:175} INFO - Processing /home/airflow/.local/lib/python3.7/site-packages/airflow/example_dags/example_short_circuit_decorator.py took 0.076 seconds
[2023-04-25T01:54:16.268+0000] {processor.py:153} INFO - Started process (PID=595) to work on /home/airflow/.local/lib/python3.7/site-packages/airflow/example_dags/example_short_circuit_decorator.py
[2023-04-25T01:54:16.269+0000] {processor.py:743} INFO - Processing file /home/airflow/.local/lib/python3.7/site-packages/airflow/example_dags/example_short_circuit_decorator.py for tasks to queue
[2023-04-25T01:54:16.270+0000] {logging_mixin.py:137} INFO - [2023-04-25T01:54:16.270+0000] {dagbag.py:532} INFO - Filling up the DagBag from /home/airflow/.local/lib/python3.7/site-packages/airflow/example_dags/example_short_circuit_decorator.py
[2023-04-25T01:54:16.291+0000] {processor.py:753} INFO - DAG(s) dict_keys(['example_short_circuit_decorator']) retrieved from /home/airflow/.local/lib/python3.7/site-packages/airflow/example_dags/example_short_circuit_decorator.py
[2023-04-25T01:54:16.312+0000] {logging_mixin.py:137} INFO - [2023-04-25T01:54:16.312+0000] {dag.py:2705} INFO - Sync 1 DAGs
[2023-04-25T01:54:16.329+0000] {logging_mixin.py:137} INFO - [2023-04-25T01:54:16.329+0000] {dag.py:3456} INFO - Setting next_dagrun for example_short_circuit_decorator to 2023-04-24T01:54:16.329482+00:00, run_after=2023-04-25T01:54:16.329482+00:00
[2023-04-25T01:54:16.343+0000] {processor.py:175} INFO - Processing /home/airflow/.local/lib/python3.7/site-packages/airflow/example_dags/example_short_circuit_decorator.py took 0.078 seconds
[2023-04-25T01:54:46.945+0000] {processor.py:153} INFO - Started process (PID=645) to work on /home/airflow/.local/lib/python3.7/site-packages/airflow/example_dags/example_short_circuit_decorator.py
[2023-04-25T01:54:46.947+0000] {processor.py:743} INFO - Processing file /home/airflow/.local/lib/python3.7/site-packages/airflow/example_dags/example_short_circuit_decorator.py for tasks to queue
[2023-04-25T01:54:46.947+0000] {logging_mixin.py:137} INFO - [2023-04-25T01:54:46.947+0000] {dagbag.py:532} INFO - Filling up the DagBag from /home/airflow/.local/lib/python3.7/site-packages/airflow/example_dags/example_short_circuit_decorator.py
[2023-04-25T01:54:46.965+0000] {processor.py:753} INFO - DAG(s) dict_keys(['example_short_circuit_decorator']) retrieved from /home/airflow/.local/lib/python3.7/site-packages/airflow/example_dags/example_short_circuit_decorator.py
[2023-04-25T01:54:46.986+0000] {logging_mixin.py:137} INFO - [2023-04-25T01:54:46.986+0000] {dag.py:2705} INFO - Sync 1 DAGs
[2023-04-25T01:54:47.003+0000] {logging_mixin.py:137} INFO - [2023-04-25T01:54:47.003+0000] {dag.py:3456} INFO - Setting next_dagrun for example_short_circuit_decorator to 2023-04-24T01:54:47.003374+00:00, run_after=2023-04-25T01:54:47.003374+00:00
[2023-04-25T01:54:47.015+0000] {processor.py:175} INFO - Processing /home/airflow/.local/lib/python3.7/site-packages/airflow/example_dags/example_short_circuit_decorator.py took 0.073 seconds
[2023-04-25T01:55:17.461+0000] {processor.py:153} INFO - Started process (PID=695) to work on /home/airflow/.local/lib/python3.7/site-packages/airflow/example_dags/example_short_circuit_decorator.py
[2023-04-25T01:55:17.463+0000] {processor.py:743} INFO - Processing file /home/airflow/.local/lib/python3.7/site-packages/airflow/example_dags/example_short_circuit_decorator.py for tasks to queue
[2023-04-25T01:55:17.465+0000] {logging_mixin.py:137} INFO - [2023-04-25T01:55:17.465+0000] {dagbag.py:532} INFO - Filling up the DagBag from /home/airflow/.local/lib/python3.7/site-packages/airflow/example_dags/example_short_circuit_decorator.py
[2023-04-25T01:55:17.484+0000] {processor.py:753} INFO - DAG(s) dict_keys(['example_short_circuit_decorator']) retrieved from /home/airflow/.local/lib/python3.7/site-packages/airflow/example_dags/example_short_circuit_decorator.py
[2023-04-25T01:55:17.506+0000] {logging_mixin.py:137} INFO - [2023-04-25T01:55:17.506+0000] {dag.py:2705} INFO - Sync 1 DAGs
[2023-04-25T01:55:17.522+0000] {logging_mixin.py:137} INFO - [2023-04-25T01:55:17.522+0000] {dag.py:3456} INFO - Setting next_dagrun for example_short_circuit_decorator to 2023-04-24T01:55:17.522497+00:00, run_after=2023-04-25T01:55:17.522497+00:00
[2023-04-25T01:55:17.534+0000] {processor.py:175} INFO - Processing /home/airflow/.local/lib/python3.7/site-packages/airflow/example_dags/example_short_circuit_decorator.py took 0.076 seconds
[2023-04-25T01:55:48.110+0000] {processor.py:153} INFO - Started process (PID=744) to work on /home/airflow/.local/lib/python3.7/site-packages/airflow/example_dags/example_short_circuit_decorator.py
[2023-04-25T01:55:48.111+0000] {processor.py:743} INFO - Processing file /home/airflow/.local/lib/python3.7/site-packages/airflow/example_dags/example_short_circuit_decorator.py for tasks to queue
[2023-04-25T01:55:48.112+0000] {logging_mixin.py:137} INFO - [2023-04-25T01:55:48.112+0000] {dagbag.py:532} INFO - Filling up the DagBag from /home/airflow/.local/lib/python3.7/site-packages/airflow/example_dags/example_short_circuit_decorator.py
[2023-04-25T01:55:48.130+0000] {processor.py:753} INFO - DAG(s) dict_keys(['example_short_circuit_decorator']) retrieved from /home/airflow/.local/lib/python3.7/site-packages/airflow/example_dags/example_short_circuit_decorator.py
[2023-04-25T01:55:48.153+0000] {logging_mixin.py:137} INFO - [2023-04-25T01:55:48.153+0000] {dag.py:2705} INFO - Sync 1 DAGs
[2023-04-25T01:55:48.170+0000] {logging_mixin.py:137} INFO - [2023-04-25T01:55:48.170+0000] {dag.py:3456} INFO - Setting next_dagrun for example_short_circuit_decorator to 2023-04-24T01:55:48.170403+00:00, run_after=2023-04-25T01:55:48.170403+00:00
[2023-04-25T01:55:48.183+0000] {processor.py:175} INFO - Processing /home/airflow/.local/lib/python3.7/site-packages/airflow/example_dags/example_short_circuit_decorator.py took 0.076 seconds
[2023-04-25T01:56:18.543+0000] {processor.py:153} INFO - Started process (PID=794) to work on /home/airflow/.local/lib/python3.7/site-packages/airflow/example_dags/example_short_circuit_decorator.py
[2023-04-25T01:56:18.544+0000] {processor.py:743} INFO - Processing file /home/airflow/.local/lib/python3.7/site-packages/airflow/example_dags/example_short_circuit_decorator.py for tasks to queue
[2023-04-25T01:56:18.545+0000] {logging_mixin.py:137} INFO - [2023-04-25T01:56:18.545+0000] {dagbag.py:532} INFO - Filling up the DagBag from /home/airflow/.local/lib/python3.7/site-packages/airflow/example_dags/example_short_circuit_decorator.py
[2023-04-25T01:56:18.564+0000] {processor.py:753} INFO - DAG(s) dict_keys(['example_short_circuit_decorator']) retrieved from /home/airflow/.local/lib/python3.7/site-packages/airflow/example_dags/example_short_circuit_decorator.py
[2023-04-25T01:56:18.587+0000] {logging_mixin.py:137} INFO - [2023-04-25T01:56:18.587+0000] {dag.py:2705} INFO - Sync 1 DAGs
[2023-04-25T01:56:18.606+0000] {logging_mixin.py:137} INFO - [2023-04-25T01:56:18.606+0000] {dag.py:3456} INFO - Setting next_dagrun for example_short_circuit_decorator to 2023-04-24T01:56:18.605956+00:00, run_after=2023-04-25T01:56:18.605956+00:00
[2023-04-25T01:56:18.618+0000] {processor.py:175} INFO - Processing /home/airflow/.local/lib/python3.7/site-packages/airflow/example_dags/example_short_circuit_decorator.py took 0.078 seconds
[2023-04-25T01:56:49.128+0000] {processor.py:153} INFO - Started process (PID=844) to work on /home/airflow/.local/lib/python3.7/site-packages/airflow/example_dags/example_short_circuit_decorator.py
[2023-04-25T01:56:49.129+0000] {processor.py:743} INFO - Processing file /home/airflow/.local/lib/python3.7/site-packages/airflow/example_dags/example_short_circuit_decorator.py for tasks to queue
[2023-04-25T01:56:49.130+0000] {logging_mixin.py:137} INFO - [2023-04-25T01:56:49.130+0000] {dagbag.py:532} INFO - Filling up the DagBag from /home/airflow/.local/lib/python3.7/site-packages/airflow/example_dags/example_short_circuit_decorator.py
[2023-04-25T01:56:49.147+0000] {processor.py:753} INFO - DAG(s) dict_keys(['example_short_circuit_decorator']) retrieved from /home/airflow/.local/lib/python3.7/site-packages/airflow/example_dags/example_short_circuit_decorator.py
[2023-04-25T01:56:49.171+0000] {logging_mixin.py:137} INFO - [2023-04-25T01:56:49.170+0000] {dag.py:2705} INFO - Sync 1 DAGs
[2023-04-25T01:56:49.187+0000] {logging_mixin.py:137} INFO - [2023-04-25T01:56:49.187+0000] {dag.py:3456} INFO - Setting next_dagrun for example_short_circuit_decorator to 2023-04-24T01:56:49.187416+00:00, run_after=2023-04-25T01:56:49.187416+00:00
[2023-04-25T01:56:49.200+0000] {processor.py:175} INFO - Processing /home/airflow/.local/lib/python3.7/site-packages/airflow/example_dags/example_short_circuit_decorator.py took 0.075 seconds
[2023-04-25T01:57:19.926+0000] {processor.py:153} INFO - Started process (PID=894) to work on /home/airflow/.local/lib/python3.7/site-packages/airflow/example_dags/example_short_circuit_decorator.py
[2023-04-25T01:57:19.928+0000] {processor.py:743} INFO - Processing file /home/airflow/.local/lib/python3.7/site-packages/airflow/example_dags/example_short_circuit_decorator.py for tasks to queue
[2023-04-25T01:57:19.929+0000] {logging_mixin.py:137} INFO - [2023-04-25T01:57:19.929+0000] {dagbag.py:532} INFO - Filling up the DagBag from /home/airflow/.local/lib/python3.7/site-packages/airflow/example_dags/example_short_circuit_decorator.py
[2023-04-25T01:57:19.947+0000] {processor.py:753} INFO - DAG(s) dict_keys(['example_short_circuit_decorator']) retrieved from /home/airflow/.local/lib/python3.7/site-packages/airflow/example_dags/example_short_circuit_decorator.py
[2023-04-25T01:57:19.969+0000] {logging_mixin.py:137} INFO - [2023-04-25T01:57:19.969+0000] {dag.py:2705} INFO - Sync 1 DAGs
[2023-04-25T01:57:19.985+0000] {logging_mixin.py:137} INFO - [2023-04-25T01:57:19.985+0000] {dag.py:3456} INFO - Setting next_dagrun for example_short_circuit_decorator to 2023-04-24T01:57:19.985081+00:00, run_after=2023-04-25T01:57:19.985081+00:00
[2023-04-25T01:57:19.998+0000] {processor.py:175} INFO - Processing /home/airflow/.local/lib/python3.7/site-packages/airflow/example_dags/example_short_circuit_decorator.py took 0.074 seconds
[2023-04-25T01:57:50.553+0000] {processor.py:153} INFO - Started process (PID=944) to work on /home/airflow/.local/lib/python3.7/site-packages/airflow/example_dags/example_short_circuit_decorator.py
[2023-04-25T01:57:50.555+0000] {processor.py:743} INFO - Processing file /home/airflow/.local/lib/python3.7/site-packages/airflow/example_dags/example_short_circuit_decorator.py for tasks to queue
[2023-04-25T01:57:50.555+0000] {logging_mixin.py:137} INFO - [2023-04-25T01:57:50.555+0000] {dagbag.py:532} INFO - Filling up the DagBag from /home/airflow/.local/lib/python3.7/site-packages/airflow/example_dags/example_short_circuit_decorator.py
[2023-04-25T01:57:50.573+0000] {processor.py:753} INFO - DAG(s) dict_keys(['example_short_circuit_decorator']) retrieved from /home/airflow/.local/lib/python3.7/site-packages/airflow/example_dags/example_short_circuit_decorator.py
[2023-04-25T01:57:50.595+0000] {logging_mixin.py:137} INFO - [2023-04-25T01:57:50.595+0000] {dag.py:2705} INFO - Sync 1 DAGs
[2023-04-25T01:57:50.611+0000] {logging_mixin.py:137} INFO - [2023-04-25T01:57:50.611+0000] {dag.py:3456} INFO - Setting next_dagrun for example_short_circuit_decorator to 2023-04-24T01:57:50.610898+00:00, run_after=2023-04-25T01:57:50.610898+00:00
[2023-04-25T01:57:50.625+0000] {processor.py:175} INFO - Processing /home/airflow/.local/lib/python3.7/site-packages/airflow/example_dags/example_short_circuit_decorator.py took 0.075 seconds
[2023-04-25T01:58:20.816+0000] {processor.py:153} INFO - Started process (PID=994) to work on /home/airflow/.local/lib/python3.7/site-packages/airflow/example_dags/example_short_circuit_decorator.py
[2023-04-25T01:58:20.817+0000] {processor.py:743} INFO - Processing file /home/airflow/.local/lib/python3.7/site-packages/airflow/example_dags/example_short_circuit_decorator.py for tasks to queue
[2023-04-25T01:58:20.818+0000] {logging_mixin.py:137} INFO - [2023-04-25T01:58:20.818+0000] {dagbag.py:532} INFO - Filling up the DagBag from /home/airflow/.local/lib/python3.7/site-packages/airflow/example_dags/example_short_circuit_decorator.py
[2023-04-25T01:58:20.836+0000] {processor.py:753} INFO - DAG(s) dict_keys(['example_short_circuit_decorator']) retrieved from /home/airflow/.local/lib/python3.7/site-packages/airflow/example_dags/example_short_circuit_decorator.py
[2023-04-25T01:58:20.856+0000] {logging_mixin.py:137} INFO - [2023-04-25T01:58:20.856+0000] {dag.py:2705} INFO - Sync 1 DAGs
[2023-04-25T01:58:20.873+0000] {logging_mixin.py:137} INFO - [2023-04-25T01:58:20.873+0000] {dag.py:3456} INFO - Setting next_dagrun for example_short_circuit_decorator to 2023-04-24T01:58:20.873558+00:00, run_after=2023-04-25T01:58:20.873558+00:00
[2023-04-25T01:58:20.885+0000] {processor.py:175} INFO - Processing /home/airflow/.local/lib/python3.7/site-packages/airflow/example_dags/example_short_circuit_decorator.py took 0.072 seconds
[2023-04-25T01:58:51.421+0000] {processor.py:153} INFO - Started process (PID=1044) to work on /home/airflow/.local/lib/python3.7/site-packages/airflow/example_dags/example_short_circuit_decorator.py
[2023-04-25T01:58:51.422+0000] {processor.py:743} INFO - Processing file /home/airflow/.local/lib/python3.7/site-packages/airflow/example_dags/example_short_circuit_decorator.py for tasks to queue
[2023-04-25T01:58:51.423+0000] {logging_mixin.py:137} INFO - [2023-04-25T01:58:51.423+0000] {dagbag.py:532} INFO - Filling up the DagBag from /home/airflow/.local/lib/python3.7/site-packages/airflow/example_dags/example_short_circuit_decorator.py
[2023-04-25T01:58:51.441+0000] {processor.py:753} INFO - DAG(s) dict_keys(['example_short_circuit_decorator']) retrieved from /home/airflow/.local/lib/python3.7/site-packages/airflow/example_dags/example_short_circuit_decorator.py
[2023-04-25T01:58:51.461+0000] {logging_mixin.py:137} INFO - [2023-04-25T01:58:51.460+0000] {dag.py:2705} INFO - Sync 1 DAGs
[2023-04-25T01:58:51.477+0000] {logging_mixin.py:137} INFO - [2023-04-25T01:58:51.477+0000] {dag.py:3456} INFO - Setting next_dagrun for example_short_circuit_decorator to 2023-04-24T01:58:51.477470+00:00, run_after=2023-04-25T01:58:51.477470+00:00
[2023-04-25T01:58:51.489+0000] {processor.py:175} INFO - Processing /home/airflow/.local/lib/python3.7/site-packages/airflow/example_dags/example_short_circuit_decorator.py took 0.072 seconds
[2023-04-25T01:59:21.957+0000] {processor.py:153} INFO - Started process (PID=1094) to work on /home/airflow/.local/lib/python3.7/site-packages/airflow/example_dags/example_short_circuit_decorator.py
[2023-04-25T01:59:21.959+0000] {processor.py:743} INFO - Processing file /home/airflow/.local/lib/python3.7/site-packages/airflow/example_dags/example_short_circuit_decorator.py for tasks to queue
[2023-04-25T01:59:21.959+0000] {logging_mixin.py:137} INFO - [2023-04-25T01:59:21.959+0000] {dagbag.py:532} INFO - Filling up the DagBag from /home/airflow/.local/lib/python3.7/site-packages/airflow/example_dags/example_short_circuit_decorator.py
[2023-04-25T01:59:21.977+0000] {processor.py:753} INFO - DAG(s) dict_keys(['example_short_circuit_decorator']) retrieved from /home/airflow/.local/lib/python3.7/site-packages/airflow/example_dags/example_short_circuit_decorator.py
[2023-04-25T01:59:21.998+0000] {logging_mixin.py:137} INFO - [2023-04-25T01:59:21.998+0000] {dag.py:2705} INFO - Sync 1 DAGs
[2023-04-25T01:59:22.014+0000] {logging_mixin.py:137} INFO - [2023-04-25T01:59:22.014+0000] {dag.py:3456} INFO - Setting next_dagrun for example_short_circuit_decorator to 2023-04-24T01:59:22.014548+00:00, run_after=2023-04-25T01:59:22.014548+00:00
[2023-04-25T01:59:22.026+0000] {processor.py:175} INFO - Processing /home/airflow/.local/lib/python3.7/site-packages/airflow/example_dags/example_short_circuit_decorator.py took 0.072 seconds
[2023-04-25T01:59:52.630+0000] {processor.py:153} INFO - Started process (PID=1144) to work on /home/airflow/.local/lib/python3.7/site-packages/airflow/example_dags/example_short_circuit_decorator.py
[2023-04-25T01:59:52.631+0000] {processor.py:743} INFO - Processing file /home/airflow/.local/lib/python3.7/site-packages/airflow/example_dags/example_short_circuit_decorator.py for tasks to queue
[2023-04-25T01:59:52.632+0000] {logging_mixin.py:137} INFO - [2023-04-25T01:59:52.632+0000] {dagbag.py:532} INFO - Filling up the DagBag from /home/airflow/.local/lib/python3.7/site-packages/airflow/example_dags/example_short_circuit_decorator.py
[2023-04-25T01:59:52.650+0000] {processor.py:753} INFO - DAG(s) dict_keys(['example_short_circuit_decorator']) retrieved from /home/airflow/.local/lib/python3.7/site-packages/airflow/example_dags/example_short_circuit_decorator.py
[2023-04-25T01:59:52.671+0000] {logging_mixin.py:137} INFO - [2023-04-25T01:59:52.671+0000] {dag.py:2705} INFO - Sync 1 DAGs
[2023-04-25T01:59:52.687+0000] {logging_mixin.py:137} INFO - [2023-04-25T01:59:52.687+0000] {dag.py:3456} INFO - Setting next_dagrun for example_short_circuit_decorator to 2023-04-24T01:59:52.687080+00:00, run_after=2023-04-25T01:59:52.687080+00:00
[2023-04-25T01:59:52.699+0000] {processor.py:175} INFO - Processing /home/airflow/.local/lib/python3.7/site-packages/airflow/example_dags/example_short_circuit_decorator.py took 0.071 seconds
[2023-04-25T02:00:23.230+0000] {processor.py:153} INFO - Started process (PID=1194) to work on /home/airflow/.local/lib/python3.7/site-packages/airflow/example_dags/example_short_circuit_decorator.py
[2023-04-25T02:00:23.231+0000] {processor.py:743} INFO - Processing file /home/airflow/.local/lib/python3.7/site-packages/airflow/example_dags/example_short_circuit_decorator.py for tasks to queue
[2023-04-25T02:00:23.232+0000] {logging_mixin.py:137} INFO - [2023-04-25T02:00:23.232+0000] {dagbag.py:532} INFO - Filling up the DagBag from /home/airflow/.local/lib/python3.7/site-packages/airflow/example_dags/example_short_circuit_decorator.py
[2023-04-25T02:00:23.251+0000] {processor.py:753} INFO - DAG(s) dict_keys(['example_short_circuit_decorator']) retrieved from /home/airflow/.local/lib/python3.7/site-packages/airflow/example_dags/example_short_circuit_decorator.py
[2023-04-25T02:00:23.271+0000] {logging_mixin.py:137} INFO - [2023-04-25T02:00:23.271+0000] {dag.py:2705} INFO - Sync 1 DAGs
[2023-04-25T02:00:23.288+0000] {logging_mixin.py:137} INFO - [2023-04-25T02:00:23.288+0000] {dag.py:3456} INFO - Setting next_dagrun for example_short_circuit_decorator to 2023-04-24T02:00:23.288410+00:00, run_after=2023-04-25T02:00:23.288410+00:00
[2023-04-25T02:00:23.299+0000] {processor.py:175} INFO - Processing /home/airflow/.local/lib/python3.7/site-packages/airflow/example_dags/example_short_circuit_decorator.py took 0.073 seconds
[2023-04-25T02:00:53.732+0000] {processor.py:153} INFO - Started process (PID=1244) to work on /home/airflow/.local/lib/python3.7/site-packages/airflow/example_dags/example_short_circuit_decorator.py
[2023-04-25T02:00:53.733+0000] {processor.py:743} INFO - Processing file /home/airflow/.local/lib/python3.7/site-packages/airflow/example_dags/example_short_circuit_decorator.py for tasks to queue
[2023-04-25T02:00:53.734+0000] {logging_mixin.py:137} INFO - [2023-04-25T02:00:53.734+0000] {dagbag.py:532} INFO - Filling up the DagBag from /home/airflow/.local/lib/python3.7/site-packages/airflow/example_dags/example_short_circuit_decorator.py
[2023-04-25T02:00:53.750+0000] {processor.py:753} INFO - DAG(s) dict_keys(['example_short_circuit_decorator']) retrieved from /home/airflow/.local/lib/python3.7/site-packages/airflow/example_dags/example_short_circuit_decorator.py
[2023-04-25T02:00:53.771+0000] {logging_mixin.py:137} INFO - [2023-04-25T02:00:53.771+0000] {dag.py:2705} INFO - Sync 1 DAGs
[2023-04-25T02:00:53.788+0000] {logging_mixin.py:137} INFO - [2023-04-25T02:00:53.788+0000] {dag.py:3456} INFO - Setting next_dagrun for example_short_circuit_decorator to 2023-04-24T02:00:53.787792+00:00, run_after=2023-04-25T02:00:53.787792+00:00
[2023-04-25T02:00:53.800+0000] {processor.py:175} INFO - Processing /home/airflow/.local/lib/python3.7/site-packages/airflow/example_dags/example_short_circuit_decorator.py took 0.071 seconds
[2023-04-25T02:01:24.357+0000] {processor.py:153} INFO - Started process (PID=1294) to work on /home/airflow/.local/lib/python3.7/site-packages/airflow/example_dags/example_short_circuit_decorator.py
[2023-04-25T02:01:24.358+0000] {processor.py:743} INFO - Processing file /home/airflow/.local/lib/python3.7/site-packages/airflow/example_dags/example_short_circuit_decorator.py for tasks to queue
[2023-04-25T02:01:24.359+0000] {logging_mixin.py:137} INFO - [2023-04-25T02:01:24.359+0000] {dagbag.py:532} INFO - Filling up the DagBag from /home/airflow/.local/lib/python3.7/site-packages/airflow/example_dags/example_short_circuit_decorator.py
[2023-04-25T02:01:24.376+0000] {processor.py:753} INFO - DAG(s) dict_keys(['example_short_circuit_decorator']) retrieved from /home/airflow/.local/lib/python3.7/site-packages/airflow/example_dags/example_short_circuit_decorator.py
[2023-04-25T02:01:24.398+0000] {logging_mixin.py:137} INFO - [2023-04-25T02:01:24.398+0000] {dag.py:2705} INFO - Sync 1 DAGs
[2023-04-25T02:01:24.414+0000] {logging_mixin.py:137} INFO - [2023-04-25T02:01:24.414+0000] {dag.py:3456} INFO - Setting next_dagrun for example_short_circuit_decorator to 2023-04-24T02:01:24.414110+00:00, run_after=2023-04-25T02:01:24.414110+00:00
[2023-04-25T02:01:24.425+0000] {processor.py:175} INFO - Processing /home/airflow/.local/lib/python3.7/site-packages/airflow/example_dags/example_short_circuit_decorator.py took 0.071 seconds
[2023-04-25T02:01:54.697+0000] {processor.py:153} INFO - Started process (PID=1343) to work on /home/airflow/.local/lib/python3.7/site-packages/airflow/example_dags/example_short_circuit_decorator.py
[2023-04-25T02:01:54.698+0000] {processor.py:743} INFO - Processing file /home/airflow/.local/lib/python3.7/site-packages/airflow/example_dags/example_short_circuit_decorator.py for tasks to queue
[2023-04-25T02:01:54.699+0000] {logging_mixin.py:137} INFO - [2023-04-25T02:01:54.699+0000] {dagbag.py:532} INFO - Filling up the DagBag from /home/airflow/.local/lib/python3.7/site-packages/airflow/example_dags/example_short_circuit_decorator.py
[2023-04-25T02:01:54.717+0000] {processor.py:753} INFO - DAG(s) dict_keys(['example_short_circuit_decorator']) retrieved from /home/airflow/.local/lib/python3.7/site-packages/airflow/example_dags/example_short_circuit_decorator.py
[2023-04-25T02:01:54.737+0000] {logging_mixin.py:137} INFO - [2023-04-25T02:01:54.737+0000] {dag.py:2705} INFO - Sync 1 DAGs
[2023-04-25T02:01:54.755+0000] {logging_mixin.py:137} INFO - [2023-04-25T02:01:54.754+0000] {dag.py:3456} INFO - Setting next_dagrun for example_short_circuit_decorator to 2023-04-24T02:01:54.754779+00:00, run_after=2023-04-25T02:01:54.754779+00:00
[2023-04-25T02:01:54.767+0000] {processor.py:175} INFO - Processing /home/airflow/.local/lib/python3.7/site-packages/airflow/example_dags/example_short_circuit_decorator.py took 0.074 seconds
[2023-04-25T02:02:25.285+0000] {processor.py:153} INFO - Started process (PID=1393) to work on /home/airflow/.local/lib/python3.7/site-packages/airflow/example_dags/example_short_circuit_decorator.py
[2023-04-25T02:02:25.287+0000] {processor.py:743} INFO - Processing file /home/airflow/.local/lib/python3.7/site-packages/airflow/example_dags/example_short_circuit_decorator.py for tasks to queue
[2023-04-25T02:02:25.288+0000] {logging_mixin.py:137} INFO - [2023-04-25T02:02:25.288+0000] {dagbag.py:532} INFO - Filling up the DagBag from /home/airflow/.local/lib/python3.7/site-packages/airflow/example_dags/example_short_circuit_decorator.py
[2023-04-25T02:02:25.305+0000] {processor.py:753} INFO - DAG(s) dict_keys(['example_short_circuit_decorator']) retrieved from /home/airflow/.local/lib/python3.7/site-packages/airflow/example_dags/example_short_circuit_decorator.py
[2023-04-25T02:02:25.328+0000] {logging_mixin.py:137} INFO - [2023-04-25T02:02:25.328+0000] {dag.py:2705} INFO - Sync 1 DAGs
[2023-04-25T02:02:25.344+0000] {logging_mixin.py:137} INFO - [2023-04-25T02:02:25.344+0000] {dag.py:3456} INFO - Setting next_dagrun for example_short_circuit_decorator to 2023-04-24T02:02:25.344379+00:00, run_after=2023-04-25T02:02:25.344379+00:00
[2023-04-25T02:02:25.357+0000] {processor.py:175} INFO - Processing /home/airflow/.local/lib/python3.7/site-packages/airflow/example_dags/example_short_circuit_decorator.py took 0.075 seconds
[2023-04-25T02:02:55.891+0000] {processor.py:153} INFO - Started process (PID=1443) to work on /home/airflow/.local/lib/python3.7/site-packages/airflow/example_dags/example_short_circuit_decorator.py
[2023-04-25T02:02:55.893+0000] {processor.py:743} INFO - Processing file /home/airflow/.local/lib/python3.7/site-packages/airflow/example_dags/example_short_circuit_decorator.py for tasks to queue
[2023-04-25T02:02:55.894+0000] {logging_mixin.py:137} INFO - [2023-04-25T02:02:55.894+0000] {dagbag.py:532} INFO - Filling up the DagBag from /home/airflow/.local/lib/python3.7/site-packages/airflow/example_dags/example_short_circuit_decorator.py
[2023-04-25T02:02:55.912+0000] {processor.py:753} INFO - DAG(s) dict_keys(['example_short_circuit_decorator']) retrieved from /home/airflow/.local/lib/python3.7/site-packages/airflow/example_dags/example_short_circuit_decorator.py
[2023-04-25T02:02:55.933+0000] {logging_mixin.py:137} INFO - [2023-04-25T02:02:55.933+0000] {dag.py:2705} INFO - Sync 1 DAGs
[2023-04-25T02:02:55.949+0000] {logging_mixin.py:137} INFO - [2023-04-25T02:02:55.949+0000] {dag.py:3456} INFO - Setting next_dagrun for example_short_circuit_decorator to 2023-04-24T02:02:55.949668+00:00, run_after=2023-04-25T02:02:55.949668+00:00
[2023-04-25T02:02:55.962+0000] {processor.py:175} INFO - Processing /home/airflow/.local/lib/python3.7/site-packages/airflow/example_dags/example_short_circuit_decorator.py took 0.074 seconds
