[2023-04-25T01:48:40.513+0000] {processor.py:153} INFO - Started process (PID=46) to work on /home/airflow/.local/lib/python3.7/site-packages/airflow/example_dags/example_latest_only_with_trigger.py
[2023-04-25T01:48:40.520+0000] {processor.py:743} INFO - Processing file /home/airflow/.local/lib/python3.7/site-packages/airflow/example_dags/example_latest_only_with_trigger.py for tasks to queue
[2023-04-25T01:48:40.524+0000] {logging_mixin.py:137} INFO - [2023-04-25T01:48:40.523+0000] {dagbag.py:532} INFO - Filling up the DagBag from /home/airflow/.local/lib/python3.7/site-packages/airflow/example_dags/example_latest_only_with_trigger.py
[2023-04-25T01:48:40.567+0000] {processor.py:753} INFO - DAG(s) dict_keys(['latest_only_with_trigger']) retrieved from /home/airflow/.local/lib/python3.7/site-packages/airflow/example_dags/example_latest_only_with_trigger.py
[2023-04-25T01:48:40.620+0000] {logging_mixin.py:137} INFO - [2023-04-25T01:48:40.620+0000] {dag.py:2705} INFO - Sync 1 DAGs
[2023-04-25T01:48:40.677+0000] {logging_mixin.py:137} INFO - [2023-04-25T01:48:40.677+0000] {dag.py:3456} INFO - Setting next_dagrun for latest_only_with_trigger to 2023-04-24T21:48:40.677419+00:00, run_after=2023-04-25T01:48:40.677419+00:00
[2023-04-25T01:48:40.739+0000] {processor.py:175} INFO - Processing /home/airflow/.local/lib/python3.7/site-packages/airflow/example_dags/example_latest_only_with_trigger.py took 0.247 seconds
[2023-04-25T01:49:10.842+0000] {processor.py:153} INFO - Started process (PID=95) to work on /home/airflow/.local/lib/python3.7/site-packages/airflow/example_dags/example_latest_only_with_trigger.py
[2023-04-25T01:49:10.843+0000] {processor.py:743} INFO - Processing file /home/airflow/.local/lib/python3.7/site-packages/airflow/example_dags/example_latest_only_with_trigger.py for tasks to queue
[2023-04-25T01:49:10.844+0000] {logging_mixin.py:137} INFO - [2023-04-25T01:49:10.844+0000] {dagbag.py:532} INFO - Filling up the DagBag from /home/airflow/.local/lib/python3.7/site-packages/airflow/example_dags/example_latest_only_with_trigger.py
[2023-04-25T01:49:10.858+0000] {processor.py:753} INFO - DAG(s) dict_keys(['latest_only_with_trigger']) retrieved from /home/airflow/.local/lib/python3.7/site-packages/airflow/example_dags/example_latest_only_with_trigger.py
[2023-04-25T01:49:10.883+0000] {logging_mixin.py:137} INFO - [2023-04-25T01:49:10.882+0000] {dag.py:2705} INFO - Sync 1 DAGs
[2023-04-25T01:49:10.916+0000] {logging_mixin.py:137} INFO - [2023-04-25T01:49:10.916+0000] {dag.py:3456} INFO - Setting next_dagrun for latest_only_with_trigger to 2023-04-24T21:49:10.915623+00:00, run_after=2023-04-25T01:49:10.915623+00:00
[2023-04-25T01:49:10.932+0000] {processor.py:175} INFO - Processing /home/airflow/.local/lib/python3.7/site-packages/airflow/example_dags/example_latest_only_with_trigger.py took 0.094 seconds
[2023-04-25T01:49:41.073+0000] {processor.py:153} INFO - Started process (PID=145) to work on /home/airflow/.local/lib/python3.7/site-packages/airflow/example_dags/example_latest_only_with_trigger.py
[2023-04-25T01:49:41.074+0000] {processor.py:743} INFO - Processing file /home/airflow/.local/lib/python3.7/site-packages/airflow/example_dags/example_latest_only_with_trigger.py for tasks to queue
[2023-04-25T01:49:41.075+0000] {logging_mixin.py:137} INFO - [2023-04-25T01:49:41.075+0000] {dagbag.py:532} INFO - Filling up the DagBag from /home/airflow/.local/lib/python3.7/site-packages/airflow/example_dags/example_latest_only_with_trigger.py
[2023-04-25T01:49:41.086+0000] {processor.py:753} INFO - DAG(s) dict_keys(['latest_only_with_trigger']) retrieved from /home/airflow/.local/lib/python3.7/site-packages/airflow/example_dags/example_latest_only_with_trigger.py
[2023-04-25T01:49:41.120+0000] {logging_mixin.py:137} INFO - [2023-04-25T01:49:41.120+0000] {dag.py:2705} INFO - Sync 1 DAGs
[2023-04-25T01:49:41.145+0000] {logging_mixin.py:137} INFO - [2023-04-25T01:49:41.145+0000] {dag.py:3456} INFO - Setting next_dagrun for latest_only_with_trigger to 2023-04-24T21:49:41.145338+00:00, run_after=2023-04-25T01:49:41.145338+00:00
[2023-04-25T01:49:41.168+0000] {processor.py:175} INFO - Processing /home/airflow/.local/lib/python3.7/site-packages/airflow/example_dags/example_latest_only_with_trigger.py took 0.098 seconds
[2023-04-25T01:50:11.885+0000] {processor.py:153} INFO - Started process (PID=195) to work on /home/airflow/.local/lib/python3.7/site-packages/airflow/example_dags/example_latest_only_with_trigger.py
[2023-04-25T01:50:11.886+0000] {processor.py:743} INFO - Processing file /home/airflow/.local/lib/python3.7/site-packages/airflow/example_dags/example_latest_only_with_trigger.py for tasks to queue
[2023-04-25T01:50:11.887+0000] {logging_mixin.py:137} INFO - [2023-04-25T01:50:11.887+0000] {dagbag.py:532} INFO - Filling up the DagBag from /home/airflow/.local/lib/python3.7/site-packages/airflow/example_dags/example_latest_only_with_trigger.py
[2023-04-25T01:50:11.901+0000] {processor.py:753} INFO - DAG(s) dict_keys(['latest_only_with_trigger']) retrieved from /home/airflow/.local/lib/python3.7/site-packages/airflow/example_dags/example_latest_only_with_trigger.py
[2023-04-25T01:50:11.925+0000] {logging_mixin.py:137} INFO - [2023-04-25T01:50:11.925+0000] {dag.py:2705} INFO - Sync 1 DAGs
[2023-04-25T01:50:11.944+0000] {logging_mixin.py:137} INFO - [2023-04-25T01:50:11.944+0000] {dag.py:3456} INFO - Setting next_dagrun for latest_only_with_trigger to 2023-04-24T21:50:11.944213+00:00, run_after=2023-04-25T01:50:11.944213+00:00
[2023-04-25T01:50:11.959+0000] {processor.py:175} INFO - Processing /home/airflow/.local/lib/python3.7/site-packages/airflow/example_dags/example_latest_only_with_trigger.py took 0.078 seconds
[2023-04-25T01:50:42.432+0000] {processor.py:153} INFO - Started process (PID=246) to work on /home/airflow/.local/lib/python3.7/site-packages/airflow/example_dags/example_latest_only_with_trigger.py
[2023-04-25T01:50:42.434+0000] {processor.py:743} INFO - Processing file /home/airflow/.local/lib/python3.7/site-packages/airflow/example_dags/example_latest_only_with_trigger.py for tasks to queue
[2023-04-25T01:50:42.435+0000] {logging_mixin.py:137} INFO - [2023-04-25T01:50:42.435+0000] {dagbag.py:532} INFO - Filling up the DagBag from /home/airflow/.local/lib/python3.7/site-packages/airflow/example_dags/example_latest_only_with_trigger.py
[2023-04-25T01:50:42.448+0000] {processor.py:753} INFO - DAG(s) dict_keys(['latest_only_with_trigger']) retrieved from /home/airflow/.local/lib/python3.7/site-packages/airflow/example_dags/example_latest_only_with_trigger.py
[2023-04-25T01:50:42.472+0000] {logging_mixin.py:137} INFO - [2023-04-25T01:50:42.472+0000] {dag.py:2705} INFO - Sync 1 DAGs
[2023-04-25T01:50:42.507+0000] {logging_mixin.py:137} INFO - [2023-04-25T01:50:42.507+0000] {dag.py:3456} INFO - Setting next_dagrun for latest_only_with_trigger to 2023-04-24T21:50:42.507022+00:00, run_after=2023-04-25T01:50:42.507022+00:00
[2023-04-25T01:50:42.529+0000] {processor.py:175} INFO - Processing /home/airflow/.local/lib/python3.7/site-packages/airflow/example_dags/example_latest_only_with_trigger.py took 0.100 seconds
[2023-04-25T01:51:12.910+0000] {processor.py:153} INFO - Started process (PID=296) to work on /home/airflow/.local/lib/python3.7/site-packages/airflow/example_dags/example_latest_only_with_trigger.py
[2023-04-25T01:51:12.912+0000] {processor.py:743} INFO - Processing file /home/airflow/.local/lib/python3.7/site-packages/airflow/example_dags/example_latest_only_with_trigger.py for tasks to queue
[2023-04-25T01:51:12.913+0000] {logging_mixin.py:137} INFO - [2023-04-25T01:51:12.913+0000] {dagbag.py:532} INFO - Filling up the DagBag from /home/airflow/.local/lib/python3.7/site-packages/airflow/example_dags/example_latest_only_with_trigger.py
[2023-04-25T01:51:12.931+0000] {processor.py:753} INFO - DAG(s) dict_keys(['latest_only_with_trigger']) retrieved from /home/airflow/.local/lib/python3.7/site-packages/airflow/example_dags/example_latest_only_with_trigger.py
[2023-04-25T01:51:12.953+0000] {logging_mixin.py:137} INFO - [2023-04-25T01:51:12.953+0000] {dag.py:2705} INFO - Sync 1 DAGs
[2023-04-25T01:51:12.971+0000] {logging_mixin.py:137} INFO - [2023-04-25T01:51:12.971+0000] {dag.py:3456} INFO - Setting next_dagrun for latest_only_with_trigger to 2023-04-24T21:51:12.971269+00:00, run_after=2023-04-25T01:51:12.971269+00:00
[2023-04-25T01:51:12.985+0000] {processor.py:175} INFO - Processing /home/airflow/.local/lib/python3.7/site-packages/airflow/example_dags/example_latest_only_with_trigger.py took 0.079 seconds
[2023-04-25T01:51:43.259+0000] {processor.py:153} INFO - Started process (PID=346) to work on /home/airflow/.local/lib/python3.7/site-packages/airflow/example_dags/example_latest_only_with_trigger.py
[2023-04-25T01:51:43.262+0000] {processor.py:743} INFO - Processing file /home/airflow/.local/lib/python3.7/site-packages/airflow/example_dags/example_latest_only_with_trigger.py for tasks to queue
[2023-04-25T01:51:43.264+0000] {logging_mixin.py:137} INFO - [2023-04-25T01:51:43.264+0000] {dagbag.py:532} INFO - Filling up the DagBag from /home/airflow/.local/lib/python3.7/site-packages/airflow/example_dags/example_latest_only_with_trigger.py
[2023-04-25T01:51:43.283+0000] {processor.py:753} INFO - DAG(s) dict_keys(['latest_only_with_trigger']) retrieved from /home/airflow/.local/lib/python3.7/site-packages/airflow/example_dags/example_latest_only_with_trigger.py
[2023-04-25T01:51:43.308+0000] {logging_mixin.py:137} INFO - [2023-04-25T01:51:43.308+0000] {dag.py:2705} INFO - Sync 1 DAGs
[2023-04-25T01:51:43.325+0000] {logging_mixin.py:137} INFO - [2023-04-25T01:51:43.325+0000] {dag.py:3456} INFO - Setting next_dagrun for latest_only_with_trigger to 2023-04-24T21:51:43.325276+00:00, run_after=2023-04-25T01:51:43.325276+00:00
[2023-04-25T01:51:43.338+0000] {processor.py:175} INFO - Processing /home/airflow/.local/lib/python3.7/site-packages/airflow/example_dags/example_latest_only_with_trigger.py took 0.082 seconds
[2023-04-25T01:52:13.815+0000] {processor.py:153} INFO - Started process (PID=397) to work on /home/airflow/.local/lib/python3.7/site-packages/airflow/example_dags/example_latest_only_with_trigger.py
[2023-04-25T01:52:13.816+0000] {processor.py:743} INFO - Processing file /home/airflow/.local/lib/python3.7/site-packages/airflow/example_dags/example_latest_only_with_trigger.py for tasks to queue
[2023-04-25T01:52:13.817+0000] {logging_mixin.py:137} INFO - [2023-04-25T01:52:13.817+0000] {dagbag.py:532} INFO - Filling up the DagBag from /home/airflow/.local/lib/python3.7/site-packages/airflow/example_dags/example_latest_only_with_trigger.py
[2023-04-25T01:52:13.833+0000] {processor.py:753} INFO - DAG(s) dict_keys(['latest_only_with_trigger']) retrieved from /home/airflow/.local/lib/python3.7/site-packages/airflow/example_dags/example_latest_only_with_trigger.py
[2023-04-25T01:52:13.858+0000] {logging_mixin.py:137} INFO - [2023-04-25T01:52:13.858+0000] {dag.py:2705} INFO - Sync 1 DAGs
[2023-04-25T01:52:13.877+0000] {logging_mixin.py:137} INFO - [2023-04-25T01:52:13.877+0000] {dag.py:3456} INFO - Setting next_dagrun for latest_only_with_trigger to 2023-04-24T21:52:13.876909+00:00, run_after=2023-04-25T01:52:13.876909+00:00
[2023-04-25T01:52:13.890+0000] {processor.py:175} INFO - Processing /home/airflow/.local/lib/python3.7/site-packages/airflow/example_dags/example_latest_only_with_trigger.py took 0.079 seconds
[2023-04-25T01:52:44.413+0000] {processor.py:153} INFO - Started process (PID=447) to work on /home/airflow/.local/lib/python3.7/site-packages/airflow/example_dags/example_latest_only_with_trigger.py
[2023-04-25T01:52:44.415+0000] {processor.py:743} INFO - Processing file /home/airflow/.local/lib/python3.7/site-packages/airflow/example_dags/example_latest_only_with_trigger.py for tasks to queue
[2023-04-25T01:52:44.416+0000] {logging_mixin.py:137} INFO - [2023-04-25T01:52:44.415+0000] {dagbag.py:532} INFO - Filling up the DagBag from /home/airflow/.local/lib/python3.7/site-packages/airflow/example_dags/example_latest_only_with_trigger.py
[2023-04-25T01:52:44.428+0000] {processor.py:753} INFO - DAG(s) dict_keys(['latest_only_with_trigger']) retrieved from /home/airflow/.local/lib/python3.7/site-packages/airflow/example_dags/example_latest_only_with_trigger.py
[2023-04-25T01:52:44.451+0000] {logging_mixin.py:137} INFO - [2023-04-25T01:52:44.451+0000] {dag.py:2705} INFO - Sync 1 DAGs
[2023-04-25T01:52:44.468+0000] {logging_mixin.py:137} INFO - [2023-04-25T01:52:44.468+0000] {dag.py:3456} INFO - Setting next_dagrun for latest_only_with_trigger to 2023-04-24T21:52:44.468234+00:00, run_after=2023-04-25T01:52:44.468234+00:00
[2023-04-25T01:52:44.481+0000] {processor.py:175} INFO - Processing /home/airflow/.local/lib/python3.7/site-packages/airflow/example_dags/example_latest_only_with_trigger.py took 0.071 seconds
[2023-04-25T01:53:15.066+0000] {processor.py:153} INFO - Started process (PID=497) to work on /home/airflow/.local/lib/python3.7/site-packages/airflow/example_dags/example_latest_only_with_trigger.py
[2023-04-25T01:53:15.067+0000] {processor.py:743} INFO - Processing file /home/airflow/.local/lib/python3.7/site-packages/airflow/example_dags/example_latest_only_with_trigger.py for tasks to queue
[2023-04-25T01:53:15.068+0000] {logging_mixin.py:137} INFO - [2023-04-25T01:53:15.068+0000] {dagbag.py:532} INFO - Filling up the DagBag from /home/airflow/.local/lib/python3.7/site-packages/airflow/example_dags/example_latest_only_with_trigger.py
[2023-04-25T01:53:15.079+0000] {processor.py:753} INFO - DAG(s) dict_keys(['latest_only_with_trigger']) retrieved from /home/airflow/.local/lib/python3.7/site-packages/airflow/example_dags/example_latest_only_with_trigger.py
[2023-04-25T01:53:15.101+0000] {logging_mixin.py:137} INFO - [2023-04-25T01:53:15.101+0000] {dag.py:2705} INFO - Sync 1 DAGs
[2023-04-25T01:53:15.117+0000] {logging_mixin.py:137} INFO - [2023-04-25T01:53:15.117+0000] {dag.py:3456} INFO - Setting next_dagrun for latest_only_with_trigger to 2023-04-24T21:53:15.116939+00:00, run_after=2023-04-25T01:53:15.116939+00:00
[2023-04-25T01:53:15.129+0000] {processor.py:175} INFO - Processing /home/airflow/.local/lib/python3.7/site-packages/airflow/example_dags/example_latest_only_with_trigger.py took 0.066 seconds
[2023-04-25T01:53:45.661+0000] {processor.py:153} INFO - Started process (PID=547) to work on /home/airflow/.local/lib/python3.7/site-packages/airflow/example_dags/example_latest_only_with_trigger.py
[2023-04-25T01:53:45.663+0000] {processor.py:743} INFO - Processing file /home/airflow/.local/lib/python3.7/site-packages/airflow/example_dags/example_latest_only_with_trigger.py for tasks to queue
[2023-04-25T01:53:45.664+0000] {logging_mixin.py:137} INFO - [2023-04-25T01:53:45.664+0000] {dagbag.py:532} INFO - Filling up the DagBag from /home/airflow/.local/lib/python3.7/site-packages/airflow/example_dags/example_latest_only_with_trigger.py
[2023-04-25T01:53:45.676+0000] {processor.py:753} INFO - DAG(s) dict_keys(['latest_only_with_trigger']) retrieved from /home/airflow/.local/lib/python3.7/site-packages/airflow/example_dags/example_latest_only_with_trigger.py
[2023-04-25T01:53:45.698+0000] {logging_mixin.py:137} INFO - [2023-04-25T01:53:45.698+0000] {dag.py:2705} INFO - Sync 1 DAGs
[2023-04-25T01:53:45.715+0000] {logging_mixin.py:137} INFO - [2023-04-25T01:53:45.715+0000] {dag.py:3456} INFO - Setting next_dagrun for latest_only_with_trigger to 2023-04-24T21:53:45.714843+00:00, run_after=2023-04-25T01:53:45.714843+00:00
[2023-04-25T01:53:45.727+0000] {processor.py:175} INFO - Processing /home/airflow/.local/lib/python3.7/site-packages/airflow/example_dags/example_latest_only_with_trigger.py took 0.068 seconds
[2023-04-25T01:54:16.371+0000] {processor.py:153} INFO - Started process (PID=597) to work on /home/airflow/.local/lib/python3.7/site-packages/airflow/example_dags/example_latest_only_with_trigger.py
[2023-04-25T01:54:16.372+0000] {processor.py:743} INFO - Processing file /home/airflow/.local/lib/python3.7/site-packages/airflow/example_dags/example_latest_only_with_trigger.py for tasks to queue
[2023-04-25T01:54:16.373+0000] {logging_mixin.py:137} INFO - [2023-04-25T01:54:16.373+0000] {dagbag.py:532} INFO - Filling up the DagBag from /home/airflow/.local/lib/python3.7/site-packages/airflow/example_dags/example_latest_only_with_trigger.py
[2023-04-25T01:54:16.384+0000] {processor.py:753} INFO - DAG(s) dict_keys(['latest_only_with_trigger']) retrieved from /home/airflow/.local/lib/python3.7/site-packages/airflow/example_dags/example_latest_only_with_trigger.py
[2023-04-25T01:54:16.408+0000] {logging_mixin.py:137} INFO - [2023-04-25T01:54:16.408+0000] {dag.py:2705} INFO - Sync 1 DAGs
[2023-04-25T01:54:16.426+0000] {logging_mixin.py:137} INFO - [2023-04-25T01:54:16.426+0000] {dag.py:3456} INFO - Setting next_dagrun for latest_only_with_trigger to 2023-04-24T21:54:16.426567+00:00, run_after=2023-04-25T01:54:16.426567+00:00
[2023-04-25T01:54:16.440+0000] {processor.py:175} INFO - Processing /home/airflow/.local/lib/python3.7/site-packages/airflow/example_dags/example_latest_only_with_trigger.py took 0.072 seconds
[2023-04-25T01:54:47.041+0000] {processor.py:153} INFO - Started process (PID=647) to work on /home/airflow/.local/lib/python3.7/site-packages/airflow/example_dags/example_latest_only_with_trigger.py
[2023-04-25T01:54:47.043+0000] {processor.py:743} INFO - Processing file /home/airflow/.local/lib/python3.7/site-packages/airflow/example_dags/example_latest_only_with_trigger.py for tasks to queue
[2023-04-25T01:54:47.043+0000] {logging_mixin.py:137} INFO - [2023-04-25T01:54:47.043+0000] {dagbag.py:532} INFO - Filling up the DagBag from /home/airflow/.local/lib/python3.7/site-packages/airflow/example_dags/example_latest_only_with_trigger.py
[2023-04-25T01:54:47.056+0000] {processor.py:753} INFO - DAG(s) dict_keys(['latest_only_with_trigger']) retrieved from /home/airflow/.local/lib/python3.7/site-packages/airflow/example_dags/example_latest_only_with_trigger.py
[2023-04-25T01:54:47.077+0000] {logging_mixin.py:137} INFO - [2023-04-25T01:54:47.077+0000] {dag.py:2705} INFO - Sync 1 DAGs
[2023-04-25T01:54:47.095+0000] {logging_mixin.py:137} INFO - [2023-04-25T01:54:47.095+0000] {dag.py:3456} INFO - Setting next_dagrun for latest_only_with_trigger to 2023-04-24T21:54:47.095550+00:00, run_after=2023-04-25T01:54:47.095550+00:00
[2023-04-25T01:54:47.108+0000] {processor.py:175} INFO - Processing /home/airflow/.local/lib/python3.7/site-packages/airflow/example_dags/example_latest_only_with_trigger.py took 0.070 seconds
[2023-04-25T01:55:17.560+0000] {processor.py:153} INFO - Started process (PID=697) to work on /home/airflow/.local/lib/python3.7/site-packages/airflow/example_dags/example_latest_only_with_trigger.py
[2023-04-25T01:55:17.561+0000] {processor.py:743} INFO - Processing file /home/airflow/.local/lib/python3.7/site-packages/airflow/example_dags/example_latest_only_with_trigger.py for tasks to queue
[2023-04-25T01:55:17.562+0000] {logging_mixin.py:137} INFO - [2023-04-25T01:55:17.562+0000] {dagbag.py:532} INFO - Filling up the DagBag from /home/airflow/.local/lib/python3.7/site-packages/airflow/example_dags/example_latest_only_with_trigger.py
[2023-04-25T01:55:17.574+0000] {processor.py:753} INFO - DAG(s) dict_keys(['latest_only_with_trigger']) retrieved from /home/airflow/.local/lib/python3.7/site-packages/airflow/example_dags/example_latest_only_with_trigger.py
[2023-04-25T01:55:17.599+0000] {logging_mixin.py:137} INFO - [2023-04-25T01:55:17.599+0000] {dag.py:2705} INFO - Sync 1 DAGs
[2023-04-25T01:55:17.616+0000] {logging_mixin.py:137} INFO - [2023-04-25T01:55:17.616+0000] {dag.py:3456} INFO - Setting next_dagrun for latest_only_with_trigger to 2023-04-24T21:55:17.616264+00:00, run_after=2023-04-25T01:55:17.616264+00:00
[2023-04-25T01:55:17.628+0000] {processor.py:175} INFO - Processing /home/airflow/.local/lib/python3.7/site-packages/airflow/example_dags/example_latest_only_with_trigger.py took 0.072 seconds
[2023-04-25T01:55:48.212+0000] {processor.py:153} INFO - Started process (PID=746) to work on /home/airflow/.local/lib/python3.7/site-packages/airflow/example_dags/example_latest_only_with_trigger.py
[2023-04-25T01:55:48.213+0000] {processor.py:743} INFO - Processing file /home/airflow/.local/lib/python3.7/site-packages/airflow/example_dags/example_latest_only_with_trigger.py for tasks to queue
[2023-04-25T01:55:48.214+0000] {logging_mixin.py:137} INFO - [2023-04-25T01:55:48.214+0000] {dagbag.py:532} INFO - Filling up the DagBag from /home/airflow/.local/lib/python3.7/site-packages/airflow/example_dags/example_latest_only_with_trigger.py
[2023-04-25T01:55:48.225+0000] {processor.py:753} INFO - DAG(s) dict_keys(['latest_only_with_trigger']) retrieved from /home/airflow/.local/lib/python3.7/site-packages/airflow/example_dags/example_latest_only_with_trigger.py
[2023-04-25T01:55:48.246+0000] {logging_mixin.py:137} INFO - [2023-04-25T01:55:48.246+0000] {dag.py:2705} INFO - Sync 1 DAGs
[2023-04-25T01:55:48.262+0000] {logging_mixin.py:137} INFO - [2023-04-25T01:55:48.262+0000] {dag.py:3456} INFO - Setting next_dagrun for latest_only_with_trigger to 2023-04-24T21:55:48.262351+00:00, run_after=2023-04-25T01:55:48.262351+00:00
[2023-04-25T01:55:48.276+0000] {processor.py:175} INFO - Processing /home/airflow/.local/lib/python3.7/site-packages/airflow/example_dags/example_latest_only_with_trigger.py took 0.066 seconds
[2023-04-25T01:56:18.643+0000] {processor.py:153} INFO - Started process (PID=796) to work on /home/airflow/.local/lib/python3.7/site-packages/airflow/example_dags/example_latest_only_with_trigger.py
[2023-04-25T01:56:18.644+0000] {processor.py:743} INFO - Processing file /home/airflow/.local/lib/python3.7/site-packages/airflow/example_dags/example_latest_only_with_trigger.py for tasks to queue
[2023-04-25T01:56:18.645+0000] {logging_mixin.py:137} INFO - [2023-04-25T01:56:18.645+0000] {dagbag.py:532} INFO - Filling up the DagBag from /home/airflow/.local/lib/python3.7/site-packages/airflow/example_dags/example_latest_only_with_trigger.py
[2023-04-25T01:56:18.656+0000] {processor.py:753} INFO - DAG(s) dict_keys(['latest_only_with_trigger']) retrieved from /home/airflow/.local/lib/python3.7/site-packages/airflow/example_dags/example_latest_only_with_trigger.py
[2023-04-25T01:56:18.678+0000] {logging_mixin.py:137} INFO - [2023-04-25T01:56:18.678+0000] {dag.py:2705} INFO - Sync 1 DAGs
[2023-04-25T01:56:18.694+0000] {logging_mixin.py:137} INFO - [2023-04-25T01:56:18.694+0000] {dag.py:3456} INFO - Setting next_dagrun for latest_only_with_trigger to 2023-04-24T21:56:18.694231+00:00, run_after=2023-04-25T01:56:18.694231+00:00
[2023-04-25T01:56:18.706+0000] {processor.py:175} INFO - Processing /home/airflow/.local/lib/python3.7/site-packages/airflow/example_dags/example_latest_only_with_trigger.py took 0.066 seconds
[2023-04-25T01:56:49.226+0000] {processor.py:153} INFO - Started process (PID=846) to work on /home/airflow/.local/lib/python3.7/site-packages/airflow/example_dags/example_latest_only_with_trigger.py
[2023-04-25T01:56:49.227+0000] {processor.py:743} INFO - Processing file /home/airflow/.local/lib/python3.7/site-packages/airflow/example_dags/example_latest_only_with_trigger.py for tasks to queue
[2023-04-25T01:56:49.228+0000] {logging_mixin.py:137} INFO - [2023-04-25T01:56:49.228+0000] {dagbag.py:532} INFO - Filling up the DagBag from /home/airflow/.local/lib/python3.7/site-packages/airflow/example_dags/example_latest_only_with_trigger.py
[2023-04-25T01:56:49.240+0000] {processor.py:753} INFO - DAG(s) dict_keys(['latest_only_with_trigger']) retrieved from /home/airflow/.local/lib/python3.7/site-packages/airflow/example_dags/example_latest_only_with_trigger.py
[2023-04-25T01:56:49.261+0000] {logging_mixin.py:137} INFO - [2023-04-25T01:56:49.261+0000] {dag.py:2705} INFO - Sync 1 DAGs
[2023-04-25T01:56:49.279+0000] {logging_mixin.py:137} INFO - [2023-04-25T01:56:49.279+0000] {dag.py:3456} INFO - Setting next_dagrun for latest_only_with_trigger to 2023-04-24T21:56:49.279521+00:00, run_after=2023-04-25T01:56:49.279521+00:00
[2023-04-25T01:56:49.290+0000] {processor.py:175} INFO - Processing /home/airflow/.local/lib/python3.7/site-packages/airflow/example_dags/example_latest_only_with_trigger.py took 0.067 seconds
[2023-04-25T01:57:20.021+0000] {processor.py:153} INFO - Started process (PID=896) to work on /home/airflow/.local/lib/python3.7/site-packages/airflow/example_dags/example_latest_only_with_trigger.py
[2023-04-25T01:57:20.022+0000] {processor.py:743} INFO - Processing file /home/airflow/.local/lib/python3.7/site-packages/airflow/example_dags/example_latest_only_with_trigger.py for tasks to queue
[2023-04-25T01:57:20.024+0000] {logging_mixin.py:137} INFO - [2023-04-25T01:57:20.024+0000] {dagbag.py:532} INFO - Filling up the DagBag from /home/airflow/.local/lib/python3.7/site-packages/airflow/example_dags/example_latest_only_with_trigger.py
[2023-04-25T01:57:20.036+0000] {processor.py:753} INFO - DAG(s) dict_keys(['latest_only_with_trigger']) retrieved from /home/airflow/.local/lib/python3.7/site-packages/airflow/example_dags/example_latest_only_with_trigger.py
[2023-04-25T01:57:20.056+0000] {logging_mixin.py:137} INFO - [2023-04-25T01:57:20.056+0000] {dag.py:2705} INFO - Sync 1 DAGs
[2023-04-25T01:57:20.072+0000] {logging_mixin.py:137} INFO - [2023-04-25T01:57:20.072+0000] {dag.py:3456} INFO - Setting next_dagrun for latest_only_with_trigger to 2023-04-24T21:57:20.072628+00:00, run_after=2023-04-25T01:57:20.072628+00:00
[2023-04-25T01:57:20.084+0000] {processor.py:175} INFO - Processing /home/airflow/.local/lib/python3.7/site-packages/airflow/example_dags/example_latest_only_with_trigger.py took 0.065 seconds
[2023-04-25T01:57:50.649+0000] {processor.py:153} INFO - Started process (PID=946) to work on /home/airflow/.local/lib/python3.7/site-packages/airflow/example_dags/example_latest_only_with_trigger.py
[2023-04-25T01:57:50.651+0000] {processor.py:743} INFO - Processing file /home/airflow/.local/lib/python3.7/site-packages/airflow/example_dags/example_latest_only_with_trigger.py for tasks to queue
[2023-04-25T01:57:50.651+0000] {logging_mixin.py:137} INFO - [2023-04-25T01:57:50.651+0000] {dagbag.py:532} INFO - Filling up the DagBag from /home/airflow/.local/lib/python3.7/site-packages/airflow/example_dags/example_latest_only_with_trigger.py
[2023-04-25T01:57:50.663+0000] {processor.py:753} INFO - DAG(s) dict_keys(['latest_only_with_trigger']) retrieved from /home/airflow/.local/lib/python3.7/site-packages/airflow/example_dags/example_latest_only_with_trigger.py
[2023-04-25T01:57:50.682+0000] {logging_mixin.py:137} INFO - [2023-04-25T01:57:50.682+0000] {dag.py:2705} INFO - Sync 1 DAGs
[2023-04-25T01:57:50.699+0000] {logging_mixin.py:137} INFO - [2023-04-25T01:57:50.699+0000] {dag.py:3456} INFO - Setting next_dagrun for latest_only_with_trigger to 2023-04-24T21:57:50.699227+00:00, run_after=2023-04-25T01:57:50.699227+00:00
[2023-04-25T01:57:50.711+0000] {processor.py:175} INFO - Processing /home/airflow/.local/lib/python3.7/site-packages/airflow/example_dags/example_latest_only_with_trigger.py took 0.064 seconds
[2023-04-25T01:58:20.910+0000] {processor.py:153} INFO - Started process (PID=996) to work on /home/airflow/.local/lib/python3.7/site-packages/airflow/example_dags/example_latest_only_with_trigger.py
[2023-04-25T01:58:20.911+0000] {processor.py:743} INFO - Processing file /home/airflow/.local/lib/python3.7/site-packages/airflow/example_dags/example_latest_only_with_trigger.py for tasks to queue
[2023-04-25T01:58:20.912+0000] {logging_mixin.py:137} INFO - [2023-04-25T01:58:20.912+0000] {dagbag.py:532} INFO - Filling up the DagBag from /home/airflow/.local/lib/python3.7/site-packages/airflow/example_dags/example_latest_only_with_trigger.py
[2023-04-25T01:58:20.923+0000] {processor.py:753} INFO - DAG(s) dict_keys(['latest_only_with_trigger']) retrieved from /home/airflow/.local/lib/python3.7/site-packages/airflow/example_dags/example_latest_only_with_trigger.py
[2023-04-25T01:58:20.945+0000] {logging_mixin.py:137} INFO - [2023-04-25T01:58:20.944+0000] {dag.py:2705} INFO - Sync 1 DAGs
[2023-04-25T01:58:20.961+0000] {logging_mixin.py:137} INFO - [2023-04-25T01:58:20.961+0000] {dag.py:3456} INFO - Setting next_dagrun for latest_only_with_trigger to 2023-04-24T21:58:20.961501+00:00, run_after=2023-04-25T01:58:20.961501+00:00
[2023-04-25T01:58:20.973+0000] {processor.py:175} INFO - Processing /home/airflow/.local/lib/python3.7/site-packages/airflow/example_dags/example_latest_only_with_trigger.py took 0.066 seconds
[2023-04-25T01:58:51.514+0000] {processor.py:153} INFO - Started process (PID=1046) to work on /home/airflow/.local/lib/python3.7/site-packages/airflow/example_dags/example_latest_only_with_trigger.py
[2023-04-25T01:58:51.515+0000] {processor.py:743} INFO - Processing file /home/airflow/.local/lib/python3.7/site-packages/airflow/example_dags/example_latest_only_with_trigger.py for tasks to queue
[2023-04-25T01:58:51.516+0000] {logging_mixin.py:137} INFO - [2023-04-25T01:58:51.516+0000] {dagbag.py:532} INFO - Filling up the DagBag from /home/airflow/.local/lib/python3.7/site-packages/airflow/example_dags/example_latest_only_with_trigger.py
[2023-04-25T01:58:51.528+0000] {processor.py:753} INFO - DAG(s) dict_keys(['latest_only_with_trigger']) retrieved from /home/airflow/.local/lib/python3.7/site-packages/airflow/example_dags/example_latest_only_with_trigger.py
[2023-04-25T01:58:51.549+0000] {logging_mixin.py:137} INFO - [2023-04-25T01:58:51.549+0000] {dag.py:2705} INFO - Sync 1 DAGs
[2023-04-25T01:58:51.566+0000] {logging_mixin.py:137} INFO - [2023-04-25T01:58:51.566+0000] {dag.py:3456} INFO - Setting next_dagrun for latest_only_with_trigger to 2023-04-24T21:58:51.565872+00:00, run_after=2023-04-25T01:58:51.565872+00:00
[2023-04-25T01:58:51.578+0000] {processor.py:175} INFO - Processing /home/airflow/.local/lib/python3.7/site-packages/airflow/example_dags/example_latest_only_with_trigger.py took 0.067 seconds
[2023-04-25T01:59:22.057+0000] {processor.py:153} INFO - Started process (PID=1096) to work on /home/airflow/.local/lib/python3.7/site-packages/airflow/example_dags/example_latest_only_with_trigger.py
[2023-04-25T01:59:22.061+0000] {processor.py:743} INFO - Processing file /home/airflow/.local/lib/python3.7/site-packages/airflow/example_dags/example_latest_only_with_trigger.py for tasks to queue
[2023-04-25T01:59:22.062+0000] {logging_mixin.py:137} INFO - [2023-04-25T01:59:22.062+0000] {dagbag.py:532} INFO - Filling up the DagBag from /home/airflow/.local/lib/python3.7/site-packages/airflow/example_dags/example_latest_only_with_trigger.py
[2023-04-25T01:59:22.073+0000] {processor.py:753} INFO - DAG(s) dict_keys(['latest_only_with_trigger']) retrieved from /home/airflow/.local/lib/python3.7/site-packages/airflow/example_dags/example_latest_only_with_trigger.py
[2023-04-25T01:59:22.098+0000] {logging_mixin.py:137} INFO - [2023-04-25T01:59:22.098+0000] {dag.py:2705} INFO - Sync 1 DAGs
[2023-04-25T01:59:22.115+0000] {logging_mixin.py:137} INFO - [2023-04-25T01:59:22.114+0000] {dag.py:3456} INFO - Setting next_dagrun for latest_only_with_trigger to 2023-04-24T21:59:22.114774+00:00, run_after=2023-04-25T01:59:22.114774+00:00
[2023-04-25T01:59:22.127+0000] {processor.py:175} INFO - Processing /home/airflow/.local/lib/python3.7/site-packages/airflow/example_dags/example_latest_only_with_trigger.py took 0.073 seconds
[2023-04-25T01:59:52.725+0000] {processor.py:153} INFO - Started process (PID=1146) to work on /home/airflow/.local/lib/python3.7/site-packages/airflow/example_dags/example_latest_only_with_trigger.py
[2023-04-25T01:59:52.726+0000] {processor.py:743} INFO - Processing file /home/airflow/.local/lib/python3.7/site-packages/airflow/example_dags/example_latest_only_with_trigger.py for tasks to queue
[2023-04-25T01:59:52.727+0000] {logging_mixin.py:137} INFO - [2023-04-25T01:59:52.727+0000] {dagbag.py:532} INFO - Filling up the DagBag from /home/airflow/.local/lib/python3.7/site-packages/airflow/example_dags/example_latest_only_with_trigger.py
[2023-04-25T01:59:52.738+0000] {processor.py:753} INFO - DAG(s) dict_keys(['latest_only_with_trigger']) retrieved from /home/airflow/.local/lib/python3.7/site-packages/airflow/example_dags/example_latest_only_with_trigger.py
[2023-04-25T01:59:52.759+0000] {logging_mixin.py:137} INFO - [2023-04-25T01:59:52.759+0000] {dag.py:2705} INFO - Sync 1 DAGs
[2023-04-25T01:59:52.775+0000] {logging_mixin.py:137} INFO - [2023-04-25T01:59:52.775+0000] {dag.py:3456} INFO - Setting next_dagrun for latest_only_with_trigger to 2023-04-24T21:59:52.775537+00:00, run_after=2023-04-25T01:59:52.775537+00:00
[2023-04-25T01:59:52.787+0000] {processor.py:175} INFO - Processing /home/airflow/.local/lib/python3.7/site-packages/airflow/example_dags/example_latest_only_with_trigger.py took 0.066 seconds
[2023-04-25T02:00:23.324+0000] {processor.py:153} INFO - Started process (PID=1196) to work on /home/airflow/.local/lib/python3.7/site-packages/airflow/example_dags/example_latest_only_with_trigger.py
[2023-04-25T02:00:23.325+0000] {processor.py:743} INFO - Processing file /home/airflow/.local/lib/python3.7/site-packages/airflow/example_dags/example_latest_only_with_trigger.py for tasks to queue
[2023-04-25T02:00:23.326+0000] {logging_mixin.py:137} INFO - [2023-04-25T02:00:23.326+0000] {dagbag.py:532} INFO - Filling up the DagBag from /home/airflow/.local/lib/python3.7/site-packages/airflow/example_dags/example_latest_only_with_trigger.py
[2023-04-25T02:00:23.337+0000] {processor.py:753} INFO - DAG(s) dict_keys(['latest_only_with_trigger']) retrieved from /home/airflow/.local/lib/python3.7/site-packages/airflow/example_dags/example_latest_only_with_trigger.py
[2023-04-25T02:00:23.358+0000] {logging_mixin.py:137} INFO - [2023-04-25T02:00:23.357+0000] {dag.py:2705} INFO - Sync 1 DAGs
[2023-04-25T02:00:23.374+0000] {logging_mixin.py:137} INFO - [2023-04-25T02:00:23.374+0000] {dag.py:3456} INFO - Setting next_dagrun for latest_only_with_trigger to 2023-04-24T22:00:23.374194+00:00, run_after=2023-04-25T02:00:23.374194+00:00
[2023-04-25T02:00:23.386+0000] {processor.py:175} INFO - Processing /home/airflow/.local/lib/python3.7/site-packages/airflow/example_dags/example_latest_only_with_trigger.py took 0.065 seconds
[2023-04-25T02:00:53.925+0000] {processor.py:153} INFO - Started process (PID=1246) to work on /home/airflow/.local/lib/python3.7/site-packages/airflow/example_dags/example_latest_only_with_trigger.py
[2023-04-25T02:00:53.927+0000] {processor.py:743} INFO - Processing file /home/airflow/.local/lib/python3.7/site-packages/airflow/example_dags/example_latest_only_with_trigger.py for tasks to queue
[2023-04-25T02:00:53.927+0000] {logging_mixin.py:137} INFO - [2023-04-25T02:00:53.927+0000] {dagbag.py:532} INFO - Filling up the DagBag from /home/airflow/.local/lib/python3.7/site-packages/airflow/example_dags/example_latest_only_with_trigger.py
[2023-04-25T02:00:53.938+0000] {processor.py:753} INFO - DAG(s) dict_keys(['latest_only_with_trigger']) retrieved from /home/airflow/.local/lib/python3.7/site-packages/airflow/example_dags/example_latest_only_with_trigger.py
[2023-04-25T02:00:53.960+0000] {logging_mixin.py:137} INFO - [2023-04-25T02:00:53.960+0000] {dag.py:2705} INFO - Sync 1 DAGs
[2023-04-25T02:00:53.977+0000] {logging_mixin.py:137} INFO - [2023-04-25T02:00:53.977+0000] {dag.py:3456} INFO - Setting next_dagrun for latest_only_with_trigger to 2023-04-24T22:00:53.976854+00:00, run_after=2023-04-25T02:00:53.976854+00:00
[2023-04-25T02:00:53.989+0000] {processor.py:175} INFO - Processing /home/airflow/.local/lib/python3.7/site-packages/airflow/example_dags/example_latest_only_with_trigger.py took 0.067 seconds
[2023-04-25T02:01:24.561+0000] {processor.py:153} INFO - Started process (PID=1296) to work on /home/airflow/.local/lib/python3.7/site-packages/airflow/example_dags/example_latest_only_with_trigger.py
[2023-04-25T02:01:24.563+0000] {processor.py:743} INFO - Processing file /home/airflow/.local/lib/python3.7/site-packages/airflow/example_dags/example_latest_only_with_trigger.py for tasks to queue
[2023-04-25T02:01:24.563+0000] {logging_mixin.py:137} INFO - [2023-04-25T02:01:24.563+0000] {dagbag.py:532} INFO - Filling up the DagBag from /home/airflow/.local/lib/python3.7/site-packages/airflow/example_dags/example_latest_only_with_trigger.py
[2023-04-25T02:01:24.575+0000] {processor.py:753} INFO - DAG(s) dict_keys(['latest_only_with_trigger']) retrieved from /home/airflow/.local/lib/python3.7/site-packages/airflow/example_dags/example_latest_only_with_trigger.py
[2023-04-25T02:01:24.598+0000] {logging_mixin.py:137} INFO - [2023-04-25T02:01:24.597+0000] {dag.py:2705} INFO - Sync 1 DAGs
[2023-04-25T02:01:24.614+0000] {logging_mixin.py:137} INFO - [2023-04-25T02:01:24.614+0000] {dag.py:3456} INFO - Setting next_dagrun for latest_only_with_trigger to 2023-04-24T22:01:24.613902+00:00, run_after=2023-04-25T02:01:24.613902+00:00
[2023-04-25T02:01:24.627+0000] {processor.py:175} INFO - Processing /home/airflow/.local/lib/python3.7/site-packages/airflow/example_dags/example_latest_only_with_trigger.py took 0.069 seconds
[2023-04-25T02:01:54.794+0000] {processor.py:153} INFO - Started process (PID=1345) to work on /home/airflow/.local/lib/python3.7/site-packages/airflow/example_dags/example_latest_only_with_trigger.py
[2023-04-25T02:01:54.795+0000] {processor.py:743} INFO - Processing file /home/airflow/.local/lib/python3.7/site-packages/airflow/example_dags/example_latest_only_with_trigger.py for tasks to queue
[2023-04-25T02:01:54.796+0000] {logging_mixin.py:137} INFO - [2023-04-25T02:01:54.795+0000] {dagbag.py:532} INFO - Filling up the DagBag from /home/airflow/.local/lib/python3.7/site-packages/airflow/example_dags/example_latest_only_with_trigger.py
[2023-04-25T02:01:54.807+0000] {processor.py:753} INFO - DAG(s) dict_keys(['latest_only_with_trigger']) retrieved from /home/airflow/.local/lib/python3.7/site-packages/airflow/example_dags/example_latest_only_with_trigger.py
[2023-04-25T02:01:54.828+0000] {logging_mixin.py:137} INFO - [2023-04-25T02:01:54.828+0000] {dag.py:2705} INFO - Sync 1 DAGs
[2023-04-25T02:01:54.844+0000] {logging_mixin.py:137} INFO - [2023-04-25T02:01:54.844+0000] {dag.py:3456} INFO - Setting next_dagrun for latest_only_with_trigger to 2023-04-24T22:01:54.844479+00:00, run_after=2023-04-25T02:01:54.844479+00:00
[2023-04-25T02:01:54.857+0000] {processor.py:175} INFO - Processing /home/airflow/.local/lib/python3.7/site-packages/airflow/example_dags/example_latest_only_with_trigger.py took 0.067 seconds
[2023-04-25T02:02:25.381+0000] {processor.py:153} INFO - Started process (PID=1395) to work on /home/airflow/.local/lib/python3.7/site-packages/airflow/example_dags/example_latest_only_with_trigger.py
[2023-04-25T02:02:25.382+0000] {processor.py:743} INFO - Processing file /home/airflow/.local/lib/python3.7/site-packages/airflow/example_dags/example_latest_only_with_trigger.py for tasks to queue
[2023-04-25T02:02:25.383+0000] {logging_mixin.py:137} INFO - [2023-04-25T02:02:25.383+0000] {dagbag.py:532} INFO - Filling up the DagBag from /home/airflow/.local/lib/python3.7/site-packages/airflow/example_dags/example_latest_only_with_trigger.py
[2023-04-25T02:02:25.394+0000] {processor.py:753} INFO - DAG(s) dict_keys(['latest_only_with_trigger']) retrieved from /home/airflow/.local/lib/python3.7/site-packages/airflow/example_dags/example_latest_only_with_trigger.py
[2023-04-25T02:02:25.414+0000] {logging_mixin.py:137} INFO - [2023-04-25T02:02:25.414+0000] {dag.py:2705} INFO - Sync 1 DAGs
[2023-04-25T02:02:25.430+0000] {logging_mixin.py:137} INFO - [2023-04-25T02:02:25.430+0000] {dag.py:3456} INFO - Setting next_dagrun for latest_only_with_trigger to 2023-04-24T22:02:25.430633+00:00, run_after=2023-04-25T02:02:25.430633+00:00
[2023-04-25T02:02:25.442+0000] {processor.py:175} INFO - Processing /home/airflow/.local/lib/python3.7/site-packages/airflow/example_dags/example_latest_only_with_trigger.py took 0.064 seconds
[2023-04-25T02:02:55.987+0000] {processor.py:153} INFO - Started process (PID=1445) to work on /home/airflow/.local/lib/python3.7/site-packages/airflow/example_dags/example_latest_only_with_trigger.py
[2023-04-25T02:02:55.988+0000] {processor.py:743} INFO - Processing file /home/airflow/.local/lib/python3.7/site-packages/airflow/example_dags/example_latest_only_with_trigger.py for tasks to queue
[2023-04-25T02:02:55.989+0000] {logging_mixin.py:137} INFO - [2023-04-25T02:02:55.989+0000] {dagbag.py:532} INFO - Filling up the DagBag from /home/airflow/.local/lib/python3.7/site-packages/airflow/example_dags/example_latest_only_with_trigger.py
[2023-04-25T02:02:56.000+0000] {processor.py:753} INFO - DAG(s) dict_keys(['latest_only_with_trigger']) retrieved from /home/airflow/.local/lib/python3.7/site-packages/airflow/example_dags/example_latest_only_with_trigger.py
[2023-04-25T02:02:56.021+0000] {logging_mixin.py:137} INFO - [2023-04-25T02:02:56.021+0000] {dag.py:2705} INFO - Sync 1 DAGs
[2023-04-25T02:02:56.039+0000] {logging_mixin.py:137} INFO - [2023-04-25T02:02:56.039+0000] {dag.py:3456} INFO - Setting next_dagrun for latest_only_with_trigger to 2023-04-24T22:02:56.039122+00:00, run_after=2023-04-25T02:02:56.039122+00:00
[2023-04-25T02:02:56.051+0000] {processor.py:175} INFO - Processing /home/airflow/.local/lib/python3.7/site-packages/airflow/example_dags/example_latest_only_with_trigger.py took 0.066 seconds
