[2023-04-25T01:48:40.160+0000] {processor.py:153} INFO - Started process (PID=43) to work on /home/airflow/.local/lib/python3.7/site-packages/airflow/example_dags/example_sla_dag.py
[2023-04-25T01:48:40.162+0000] {processor.py:743} INFO - Processing file /home/airflow/.local/lib/python3.7/site-packages/airflow/example_dags/example_sla_dag.py for tasks to queue
[2023-04-25T01:48:40.163+0000] {logging_mixin.py:137} INFO - [2023-04-25T01:48:40.163+0000] {dagbag.py:532} INFO - Filling up the DagBag from /home/airflow/.local/lib/python3.7/site-packages/airflow/example_dags/example_sla_dag.py
[2023-04-25T01:48:40.195+0000] {processor.py:753} INFO - DAG(s) dict_keys(['example_sla_dag']) retrieved from /home/airflow/.local/lib/python3.7/site-packages/airflow/example_dags/example_sla_dag.py
[2023-04-25T01:48:40.214+0000] {logging_mixin.py:137} INFO - [2023-04-25T01:48:40.214+0000] {dag.py:2705} INFO - Sync 1 DAGs
[2023-04-25T01:48:40.253+0000] {logging_mixin.py:137} INFO - [2023-04-25T01:48:40.253+0000] {dag.py:3456} INFO - Setting next_dagrun for example_sla_dag to 2023-04-25T01:46:00+00:00, run_after=2023-04-25T01:48:00+00:00
[2023-04-25T01:48:40.281+0000] {processor.py:175} INFO - Processing /home/airflow/.local/lib/python3.7/site-packages/airflow/example_dags/example_sla_dag.py took 0.124 seconds
[2023-04-25T01:49:10.579+0000] {processor.py:153} INFO - Started process (PID=92) to work on /home/airflow/.local/lib/python3.7/site-packages/airflow/example_dags/example_sla_dag.py
[2023-04-25T01:49:10.580+0000] {processor.py:743} INFO - Processing file /home/airflow/.local/lib/python3.7/site-packages/airflow/example_dags/example_sla_dag.py for tasks to queue
[2023-04-25T01:49:10.581+0000] {logging_mixin.py:137} INFO - [2023-04-25T01:49:10.581+0000] {dagbag.py:532} INFO - Filling up the DagBag from /home/airflow/.local/lib/python3.7/site-packages/airflow/example_dags/example_sla_dag.py
[2023-04-25T01:49:10.605+0000] {processor.py:753} INFO - DAG(s) dict_keys(['example_sla_dag']) retrieved from /home/airflow/.local/lib/python3.7/site-packages/airflow/example_dags/example_sla_dag.py
[2023-04-25T01:49:10.630+0000] {logging_mixin.py:137} INFO - [2023-04-25T01:49:10.630+0000] {dag.py:2705} INFO - Sync 1 DAGs
[2023-04-25T01:49:10.657+0000] {logging_mixin.py:137} INFO - [2023-04-25T01:49:10.657+0000] {dag.py:3456} INFO - Setting next_dagrun for example_sla_dag to 2023-04-25T01:46:00+00:00, run_after=2023-04-25T01:48:00+00:00
[2023-04-25T01:49:10.677+0000] {processor.py:175} INFO - Processing /home/airflow/.local/lib/python3.7/site-packages/airflow/example_dags/example_sla_dag.py took 0.102 seconds
[2023-04-25T01:49:40.720+0000] {processor.py:153} INFO - Started process (PID=142) to work on /home/airflow/.local/lib/python3.7/site-packages/airflow/example_dags/example_sla_dag.py
[2023-04-25T01:49:40.721+0000] {processor.py:743} INFO - Processing file /home/airflow/.local/lib/python3.7/site-packages/airflow/example_dags/example_sla_dag.py for tasks to queue
[2023-04-25T01:49:40.722+0000] {logging_mixin.py:137} INFO - [2023-04-25T01:49:40.722+0000] {dagbag.py:532} INFO - Filling up the DagBag from /home/airflow/.local/lib/python3.7/site-packages/airflow/example_dags/example_sla_dag.py
[2023-04-25T01:49:40.739+0000] {processor.py:753} INFO - DAG(s) dict_keys(['example_sla_dag']) retrieved from /home/airflow/.local/lib/python3.7/site-packages/airflow/example_dags/example_sla_dag.py
[2023-04-25T01:49:40.760+0000] {logging_mixin.py:137} INFO - [2023-04-25T01:49:40.760+0000] {dag.py:2705} INFO - Sync 1 DAGs
[2023-04-25T01:49:40.781+0000] {logging_mixin.py:137} INFO - [2023-04-25T01:49:40.780+0000] {dag.py:3456} INFO - Setting next_dagrun for example_sla_dag to 2023-04-25T01:46:00+00:00, run_after=2023-04-25T01:48:00+00:00
[2023-04-25T01:49:40.792+0000] {processor.py:175} INFO - Processing /home/airflow/.local/lib/python3.7/site-packages/airflow/example_dags/example_sla_dag.py took 0.074 seconds
[2023-04-25T01:50:11.753+0000] {processor.py:153} INFO - Started process (PID=192) to work on /home/airflow/.local/lib/python3.7/site-packages/airflow/example_dags/example_sla_dag.py
[2023-04-25T01:50:11.755+0000] {processor.py:743} INFO - Processing file /home/airflow/.local/lib/python3.7/site-packages/airflow/example_dags/example_sla_dag.py for tasks to queue
[2023-04-25T01:50:11.757+0000] {logging_mixin.py:137} INFO - [2023-04-25T01:50:11.757+0000] {dagbag.py:532} INFO - Filling up the DagBag from /home/airflow/.local/lib/python3.7/site-packages/airflow/example_dags/example_sla_dag.py
[2023-04-25T01:50:11.780+0000] {processor.py:753} INFO - DAG(s) dict_keys(['example_sla_dag']) retrieved from /home/airflow/.local/lib/python3.7/site-packages/airflow/example_dags/example_sla_dag.py
[2023-04-25T01:50:11.805+0000] {logging_mixin.py:137} INFO - [2023-04-25T01:50:11.805+0000] {dag.py:2705} INFO - Sync 1 DAGs
[2023-04-25T01:50:11.828+0000] {logging_mixin.py:137} INFO - [2023-04-25T01:50:11.828+0000] {dag.py:3456} INFO - Setting next_dagrun for example_sla_dag to 2023-04-25T01:48:00+00:00, run_after=2023-04-25T01:50:00+00:00
[2023-04-25T01:50:11.843+0000] {processor.py:175} INFO - Processing /home/airflow/.local/lib/python3.7/site-packages/airflow/example_dags/example_sla_dag.py took 0.099 seconds
[2023-04-25T01:50:42.153+0000] {processor.py:153} INFO - Started process (PID=243) to work on /home/airflow/.local/lib/python3.7/site-packages/airflow/example_dags/example_sla_dag.py
[2023-04-25T01:50:42.155+0000] {processor.py:743} INFO - Processing file /home/airflow/.local/lib/python3.7/site-packages/airflow/example_dags/example_sla_dag.py for tasks to queue
[2023-04-25T01:50:42.156+0000] {logging_mixin.py:137} INFO - [2023-04-25T01:50:42.156+0000] {dagbag.py:532} INFO - Filling up the DagBag from /home/airflow/.local/lib/python3.7/site-packages/airflow/example_dags/example_sla_dag.py
[2023-04-25T01:50:42.182+0000] {processor.py:753} INFO - DAG(s) dict_keys(['example_sla_dag']) retrieved from /home/airflow/.local/lib/python3.7/site-packages/airflow/example_dags/example_sla_dag.py
[2023-04-25T01:50:42.222+0000] {logging_mixin.py:137} INFO - [2023-04-25T01:50:42.221+0000] {dag.py:2705} INFO - Sync 1 DAGs
[2023-04-25T01:50:42.257+0000] {logging_mixin.py:137} INFO - [2023-04-25T01:50:42.257+0000] {dag.py:3456} INFO - Setting next_dagrun for example_sla_dag to 2023-04-25T01:48:00+00:00, run_after=2023-04-25T01:50:00+00:00
[2023-04-25T01:50:42.275+0000] {processor.py:175} INFO - Processing /home/airflow/.local/lib/python3.7/site-packages/airflow/example_dags/example_sla_dag.py took 0.127 seconds
[2023-04-25T01:51:12.684+0000] {processor.py:153} INFO - Started process (PID=293) to work on /home/airflow/.local/lib/python3.7/site-packages/airflow/example_dags/example_sla_dag.py
[2023-04-25T01:51:12.685+0000] {processor.py:743} INFO - Processing file /home/airflow/.local/lib/python3.7/site-packages/airflow/example_dags/example_sla_dag.py for tasks to queue
[2023-04-25T01:51:12.686+0000] {logging_mixin.py:137} INFO - [2023-04-25T01:51:12.686+0000] {dagbag.py:532} INFO - Filling up the DagBag from /home/airflow/.local/lib/python3.7/site-packages/airflow/example_dags/example_sla_dag.py
[2023-04-25T01:51:12.705+0000] {processor.py:753} INFO - DAG(s) dict_keys(['example_sla_dag']) retrieved from /home/airflow/.local/lib/python3.7/site-packages/airflow/example_dags/example_sla_dag.py
[2023-04-25T01:51:12.737+0000] {logging_mixin.py:137} INFO - [2023-04-25T01:51:12.737+0000] {dag.py:2705} INFO - Sync 1 DAGs
[2023-04-25T01:51:12.757+0000] {logging_mixin.py:137} INFO - [2023-04-25T01:51:12.757+0000] {dag.py:3456} INFO - Setting next_dagrun for example_sla_dag to 2023-04-25T01:48:00+00:00, run_after=2023-04-25T01:50:00+00:00
[2023-04-25T01:51:12.769+0000] {processor.py:175} INFO - Processing /home/airflow/.local/lib/python3.7/site-packages/airflow/example_dags/example_sla_dag.py took 0.087 seconds
[2023-04-25T01:51:43.037+0000] {processor.py:153} INFO - Started process (PID=343) to work on /home/airflow/.local/lib/python3.7/site-packages/airflow/example_dags/example_sla_dag.py
[2023-04-25T01:51:43.038+0000] {processor.py:743} INFO - Processing file /home/airflow/.local/lib/python3.7/site-packages/airflow/example_dags/example_sla_dag.py for tasks to queue
[2023-04-25T01:51:43.039+0000] {logging_mixin.py:137} INFO - [2023-04-25T01:51:43.039+0000] {dagbag.py:532} INFO - Filling up the DagBag from /home/airflow/.local/lib/python3.7/site-packages/airflow/example_dags/example_sla_dag.py
[2023-04-25T01:51:43.057+0000] {processor.py:753} INFO - DAG(s) dict_keys(['example_sla_dag']) retrieved from /home/airflow/.local/lib/python3.7/site-packages/airflow/example_dags/example_sla_dag.py
[2023-04-25T01:51:43.080+0000] {logging_mixin.py:137} INFO - [2023-04-25T01:51:43.080+0000] {dag.py:2705} INFO - Sync 1 DAGs
[2023-04-25T01:51:43.097+0000] {logging_mixin.py:137} INFO - [2023-04-25T01:51:43.097+0000] {dag.py:3456} INFO - Setting next_dagrun for example_sla_dag to 2023-04-25T01:48:00+00:00, run_after=2023-04-25T01:50:00+00:00
[2023-04-25T01:51:43.109+0000] {processor.py:175} INFO - Processing /home/airflow/.local/lib/python3.7/site-packages/airflow/example_dags/example_sla_dag.py took 0.076 seconds
[2023-04-25T01:52:13.628+0000] {processor.py:153} INFO - Started process (PID=394) to work on /home/airflow/.local/lib/python3.7/site-packages/airflow/example_dags/example_sla_dag.py
[2023-04-25T01:52:13.629+0000] {processor.py:743} INFO - Processing file /home/airflow/.local/lib/python3.7/site-packages/airflow/example_dags/example_sla_dag.py for tasks to queue
[2023-04-25T01:52:13.630+0000] {logging_mixin.py:137} INFO - [2023-04-25T01:52:13.630+0000] {dagbag.py:532} INFO - Filling up the DagBag from /home/airflow/.local/lib/python3.7/site-packages/airflow/example_dags/example_sla_dag.py
[2023-04-25T01:52:13.647+0000] {processor.py:753} INFO - DAG(s) dict_keys(['example_sla_dag']) retrieved from /home/airflow/.local/lib/python3.7/site-packages/airflow/example_dags/example_sla_dag.py
[2023-04-25T01:52:13.668+0000] {logging_mixin.py:137} INFO - [2023-04-25T01:52:13.668+0000] {dag.py:2705} INFO - Sync 1 DAGs
[2023-04-25T01:52:13.687+0000] {logging_mixin.py:137} INFO - [2023-04-25T01:52:13.687+0000] {dag.py:3456} INFO - Setting next_dagrun for example_sla_dag to 2023-04-25T01:50:00+00:00, run_after=2023-04-25T01:52:00+00:00
[2023-04-25T01:52:13.700+0000] {processor.py:175} INFO - Processing /home/airflow/.local/lib/python3.7/site-packages/airflow/example_dags/example_sla_dag.py took 0.075 seconds
[2023-04-25T01:52:44.224+0000] {processor.py:153} INFO - Started process (PID=444) to work on /home/airflow/.local/lib/python3.7/site-packages/airflow/example_dags/example_sla_dag.py
[2023-04-25T01:52:44.225+0000] {processor.py:743} INFO - Processing file /home/airflow/.local/lib/python3.7/site-packages/airflow/example_dags/example_sla_dag.py for tasks to queue
[2023-04-25T01:52:44.226+0000] {logging_mixin.py:137} INFO - [2023-04-25T01:52:44.226+0000] {dagbag.py:532} INFO - Filling up the DagBag from /home/airflow/.local/lib/python3.7/site-packages/airflow/example_dags/example_sla_dag.py
[2023-04-25T01:52:44.243+0000] {processor.py:753} INFO - DAG(s) dict_keys(['example_sla_dag']) retrieved from /home/airflow/.local/lib/python3.7/site-packages/airflow/example_dags/example_sla_dag.py
[2023-04-25T01:52:44.264+0000] {logging_mixin.py:137} INFO - [2023-04-25T01:52:44.264+0000] {dag.py:2705} INFO - Sync 1 DAGs
[2023-04-25T01:52:44.284+0000] {logging_mixin.py:137} INFO - [2023-04-25T01:52:44.284+0000] {dag.py:3456} INFO - Setting next_dagrun for example_sla_dag to 2023-04-25T01:50:00+00:00, run_after=2023-04-25T01:52:00+00:00
[2023-04-25T01:52:44.298+0000] {processor.py:175} INFO - Processing /home/airflow/.local/lib/python3.7/site-packages/airflow/example_dags/example_sla_dag.py took 0.077 seconds
[2023-04-25T01:53:14.898+0000] {processor.py:153} INFO - Started process (PID=494) to work on /home/airflow/.local/lib/python3.7/site-packages/airflow/example_dags/example_sla_dag.py
[2023-04-25T01:53:14.899+0000] {processor.py:743} INFO - Processing file /home/airflow/.local/lib/python3.7/site-packages/airflow/example_dags/example_sla_dag.py for tasks to queue
[2023-04-25T01:53:14.900+0000] {logging_mixin.py:137} INFO - [2023-04-25T01:53:14.900+0000] {dagbag.py:532} INFO - Filling up the DagBag from /home/airflow/.local/lib/python3.7/site-packages/airflow/example_dags/example_sla_dag.py
[2023-04-25T01:53:14.916+0000] {processor.py:753} INFO - DAG(s) dict_keys(['example_sla_dag']) retrieved from /home/airflow/.local/lib/python3.7/site-packages/airflow/example_dags/example_sla_dag.py
[2023-04-25T01:53:14.938+0000] {logging_mixin.py:137} INFO - [2023-04-25T01:53:14.937+0000] {dag.py:2705} INFO - Sync 1 DAGs
[2023-04-25T01:53:14.955+0000] {logging_mixin.py:137} INFO - [2023-04-25T01:53:14.955+0000] {dag.py:3456} INFO - Setting next_dagrun for example_sla_dag to 2023-04-25T01:50:00+00:00, run_after=2023-04-25T01:52:00+00:00
[2023-04-25T01:53:14.967+0000] {processor.py:175} INFO - Processing /home/airflow/.local/lib/python3.7/site-packages/airflow/example_dags/example_sla_dag.py took 0.072 seconds
[2023-04-25T01:53:45.477+0000] {processor.py:153} INFO - Started process (PID=544) to work on /home/airflow/.local/lib/python3.7/site-packages/airflow/example_dags/example_sla_dag.py
[2023-04-25T01:53:45.479+0000] {processor.py:743} INFO - Processing file /home/airflow/.local/lib/python3.7/site-packages/airflow/example_dags/example_sla_dag.py for tasks to queue
[2023-04-25T01:53:45.479+0000] {logging_mixin.py:137} INFO - [2023-04-25T01:53:45.479+0000] {dagbag.py:532} INFO - Filling up the DagBag from /home/airflow/.local/lib/python3.7/site-packages/airflow/example_dags/example_sla_dag.py
[2023-04-25T01:53:45.496+0000] {processor.py:753} INFO - DAG(s) dict_keys(['example_sla_dag']) retrieved from /home/airflow/.local/lib/python3.7/site-packages/airflow/example_dags/example_sla_dag.py
[2023-04-25T01:53:45.517+0000] {logging_mixin.py:137} INFO - [2023-04-25T01:53:45.517+0000] {dag.py:2705} INFO - Sync 1 DAGs
[2023-04-25T01:53:45.534+0000] {logging_mixin.py:137} INFO - [2023-04-25T01:53:45.534+0000] {dag.py:3456} INFO - Setting next_dagrun for example_sla_dag to 2023-04-25T01:50:00+00:00, run_after=2023-04-25T01:52:00+00:00
[2023-04-25T01:53:45.546+0000] {processor.py:175} INFO - Processing /home/airflow/.local/lib/python3.7/site-packages/airflow/example_dags/example_sla_dag.py took 0.072 seconds
[2023-04-25T01:54:16.267+0000] {processor.py:153} INFO - Started process (PID=594) to work on /home/airflow/.local/lib/python3.7/site-packages/airflow/example_dags/example_sla_dag.py
[2023-04-25T01:54:16.268+0000] {processor.py:743} INFO - Processing file /home/airflow/.local/lib/python3.7/site-packages/airflow/example_dags/example_sla_dag.py for tasks to queue
[2023-04-25T01:54:16.269+0000] {logging_mixin.py:137} INFO - [2023-04-25T01:54:16.269+0000] {dagbag.py:532} INFO - Filling up the DagBag from /home/airflow/.local/lib/python3.7/site-packages/airflow/example_dags/example_sla_dag.py
[2023-04-25T01:54:16.290+0000] {processor.py:753} INFO - DAG(s) dict_keys(['example_sla_dag']) retrieved from /home/airflow/.local/lib/python3.7/site-packages/airflow/example_dags/example_sla_dag.py
[2023-04-25T01:54:16.312+0000] {logging_mixin.py:137} INFO - [2023-04-25T01:54:16.312+0000] {dag.py:2705} INFO - Sync 1 DAGs
[2023-04-25T01:54:16.331+0000] {logging_mixin.py:137} INFO - [2023-04-25T01:54:16.331+0000] {dag.py:3456} INFO - Setting next_dagrun for example_sla_dag to 2023-04-25T01:52:00+00:00, run_after=2023-04-25T01:54:00+00:00
[2023-04-25T01:54:16.343+0000] {processor.py:175} INFO - Processing /home/airflow/.local/lib/python3.7/site-packages/airflow/example_dags/example_sla_dag.py took 0.082 seconds
[2023-04-25T01:54:46.862+0000] {processor.py:153} INFO - Started process (PID=644) to work on /home/airflow/.local/lib/python3.7/site-packages/airflow/example_dags/example_sla_dag.py
[2023-04-25T01:54:46.863+0000] {processor.py:743} INFO - Processing file /home/airflow/.local/lib/python3.7/site-packages/airflow/example_dags/example_sla_dag.py for tasks to queue
[2023-04-25T01:54:46.864+0000] {logging_mixin.py:137} INFO - [2023-04-25T01:54:46.863+0000] {dagbag.py:532} INFO - Filling up the DagBag from /home/airflow/.local/lib/python3.7/site-packages/airflow/example_dags/example_sla_dag.py
[2023-04-25T01:54:46.879+0000] {processor.py:753} INFO - DAG(s) dict_keys(['example_sla_dag']) retrieved from /home/airflow/.local/lib/python3.7/site-packages/airflow/example_dags/example_sla_dag.py
[2023-04-25T01:54:46.899+0000] {logging_mixin.py:137} INFO - [2023-04-25T01:54:46.899+0000] {dag.py:2705} INFO - Sync 1 DAGs
[2023-04-25T01:54:46.918+0000] {logging_mixin.py:137} INFO - [2023-04-25T01:54:46.918+0000] {dag.py:3456} INFO - Setting next_dagrun for example_sla_dag to 2023-04-25T01:52:00+00:00, run_after=2023-04-25T01:54:00+00:00
[2023-04-25T01:54:46.935+0000] {processor.py:175} INFO - Processing /home/airflow/.local/lib/python3.7/site-packages/airflow/example_dags/example_sla_dag.py took 0.076 seconds
[2023-04-25T01:55:17.363+0000] {processor.py:153} INFO - Started process (PID=694) to work on /home/airflow/.local/lib/python3.7/site-packages/airflow/example_dags/example_sla_dag.py
[2023-04-25T01:55:17.365+0000] {processor.py:743} INFO - Processing file /home/airflow/.local/lib/python3.7/site-packages/airflow/example_dags/example_sla_dag.py for tasks to queue
[2023-04-25T01:55:17.367+0000] {logging_mixin.py:137} INFO - [2023-04-25T01:55:17.367+0000] {dagbag.py:532} INFO - Filling up the DagBag from /home/airflow/.local/lib/python3.7/site-packages/airflow/example_dags/example_sla_dag.py
[2023-04-25T01:55:17.390+0000] {processor.py:753} INFO - DAG(s) dict_keys(['example_sla_dag']) retrieved from /home/airflow/.local/lib/python3.7/site-packages/airflow/example_dags/example_sla_dag.py
[2023-04-25T01:55:17.414+0000] {logging_mixin.py:137} INFO - [2023-04-25T01:55:17.414+0000] {dag.py:2705} INFO - Sync 1 DAGs
[2023-04-25T01:55:17.438+0000] {logging_mixin.py:137} INFO - [2023-04-25T01:55:17.438+0000] {dag.py:3456} INFO - Setting next_dagrun for example_sla_dag to 2023-04-25T01:52:00+00:00, run_after=2023-04-25T01:54:00+00:00
[2023-04-25T01:55:17.452+0000] {processor.py:175} INFO - Processing /home/airflow/.local/lib/python3.7/site-packages/airflow/example_dags/example_sla_dag.py took 0.093 seconds
[2023-04-25T01:55:48.016+0000] {processor.py:153} INFO - Started process (PID=743) to work on /home/airflow/.local/lib/python3.7/site-packages/airflow/example_dags/example_sla_dag.py
[2023-04-25T01:55:48.018+0000] {processor.py:743} INFO - Processing file /home/airflow/.local/lib/python3.7/site-packages/airflow/example_dags/example_sla_dag.py for tasks to queue
[2023-04-25T01:55:48.018+0000] {logging_mixin.py:137} INFO - [2023-04-25T01:55:48.018+0000] {dagbag.py:532} INFO - Filling up the DagBag from /home/airflow/.local/lib/python3.7/site-packages/airflow/example_dags/example_sla_dag.py
[2023-04-25T01:55:48.035+0000] {processor.py:753} INFO - DAG(s) dict_keys(['example_sla_dag']) retrieved from /home/airflow/.local/lib/python3.7/site-packages/airflow/example_dags/example_sla_dag.py
[2023-04-25T01:55:48.055+0000] {logging_mixin.py:137} INFO - [2023-04-25T01:55:48.054+0000] {dag.py:2705} INFO - Sync 1 DAGs
[2023-04-25T01:55:48.072+0000] {logging_mixin.py:137} INFO - [2023-04-25T01:55:48.071+0000] {dag.py:3456} INFO - Setting next_dagrun for example_sla_dag to 2023-04-25T01:52:00+00:00, run_after=2023-04-25T01:54:00+00:00
[2023-04-25T01:55:48.083+0000] {processor.py:175} INFO - Processing /home/airflow/.local/lib/python3.7/site-packages/airflow/example_dags/example_sla_dag.py took 0.070 seconds
[2023-04-25T01:56:18.458+0000] {processor.py:153} INFO - Started process (PID=793) to work on /home/airflow/.local/lib/python3.7/site-packages/airflow/example_dags/example_sla_dag.py
[2023-04-25T01:56:18.459+0000] {processor.py:743} INFO - Processing file /home/airflow/.local/lib/python3.7/site-packages/airflow/example_dags/example_sla_dag.py for tasks to queue
[2023-04-25T01:56:18.460+0000] {logging_mixin.py:137} INFO - [2023-04-25T01:56:18.460+0000] {dagbag.py:532} INFO - Filling up the DagBag from /home/airflow/.local/lib/python3.7/site-packages/airflow/example_dags/example_sla_dag.py
[2023-04-25T01:56:18.477+0000] {processor.py:753} INFO - DAG(s) dict_keys(['example_sla_dag']) retrieved from /home/airflow/.local/lib/python3.7/site-packages/airflow/example_dags/example_sla_dag.py
[2023-04-25T01:56:18.499+0000] {logging_mixin.py:137} INFO - [2023-04-25T01:56:18.498+0000] {dag.py:2705} INFO - Sync 1 DAGs
[2023-04-25T01:56:18.518+0000] {logging_mixin.py:137} INFO - [2023-04-25T01:56:18.518+0000] {dag.py:3456} INFO - Setting next_dagrun for example_sla_dag to 2023-04-25T01:54:00+00:00, run_after=2023-04-25T01:56:00+00:00
[2023-04-25T01:56:18.531+0000] {processor.py:175} INFO - Processing /home/airflow/.local/lib/python3.7/site-packages/airflow/example_dags/example_sla_dag.py took 0.076 seconds
[2023-04-25T01:56:49.063+0000] {processor.py:153} INFO - Started process (PID=843) to work on /home/airflow/.local/lib/python3.7/site-packages/airflow/example_dags/example_sla_dag.py
[2023-04-25T01:56:49.065+0000] {processor.py:743} INFO - Processing file /home/airflow/.local/lib/python3.7/site-packages/airflow/example_dags/example_sla_dag.py for tasks to queue
[2023-04-25T01:56:49.068+0000] {logging_mixin.py:137} INFO - [2023-04-25T01:56:49.068+0000] {dagbag.py:532} INFO - Filling up the DagBag from /home/airflow/.local/lib/python3.7/site-packages/airflow/example_dags/example_sla_dag.py
[2023-04-25T01:56:49.094+0000] {processor.py:753} INFO - DAG(s) dict_keys(['example_sla_dag']) retrieved from /home/airflow/.local/lib/python3.7/site-packages/airflow/example_dags/example_sla_dag.py
[2023-04-25T01:56:49.115+0000] {logging_mixin.py:137} INFO - [2023-04-25T01:56:49.115+0000] {dag.py:2705} INFO - Sync 1 DAGs
[2023-04-25T01:56:49.135+0000] {logging_mixin.py:137} INFO - [2023-04-25T01:56:49.135+0000] {dag.py:3456} INFO - Setting next_dagrun for example_sla_dag to 2023-04-25T01:54:00+00:00, run_after=2023-04-25T01:56:00+00:00
[2023-04-25T01:56:49.145+0000] {processor.py:175} INFO - Processing /home/airflow/.local/lib/python3.7/site-packages/airflow/example_dags/example_sla_dag.py took 0.085 seconds
[2023-04-25T01:57:19.831+0000] {processor.py:153} INFO - Started process (PID=893) to work on /home/airflow/.local/lib/python3.7/site-packages/airflow/example_dags/example_sla_dag.py
[2023-04-25T01:57:19.833+0000] {processor.py:743} INFO - Processing file /home/airflow/.local/lib/python3.7/site-packages/airflow/example_dags/example_sla_dag.py for tasks to queue
[2023-04-25T01:57:19.834+0000] {logging_mixin.py:137} INFO - [2023-04-25T01:57:19.833+0000] {dagbag.py:532} INFO - Filling up the DagBag from /home/airflow/.local/lib/python3.7/site-packages/airflow/example_dags/example_sla_dag.py
[2023-04-25T01:57:19.850+0000] {processor.py:753} INFO - DAG(s) dict_keys(['example_sla_dag']) retrieved from /home/airflow/.local/lib/python3.7/site-packages/airflow/example_dags/example_sla_dag.py
[2023-04-25T01:57:19.871+0000] {logging_mixin.py:137} INFO - [2023-04-25T01:57:19.871+0000] {dag.py:2705} INFO - Sync 1 DAGs
[2023-04-25T01:57:19.888+0000] {logging_mixin.py:137} INFO - [2023-04-25T01:57:19.888+0000] {dag.py:3456} INFO - Setting next_dagrun for example_sla_dag to 2023-04-25T01:54:00+00:00, run_after=2023-04-25T01:56:00+00:00
[2023-04-25T01:57:19.900+0000] {processor.py:175} INFO - Processing /home/airflow/.local/lib/python3.7/site-packages/airflow/example_dags/example_sla_dag.py took 0.073 seconds
[2023-04-25T01:57:50.457+0000] {processor.py:153} INFO - Started process (PID=943) to work on /home/airflow/.local/lib/python3.7/site-packages/airflow/example_dags/example_sla_dag.py
[2023-04-25T01:57:50.459+0000] {processor.py:743} INFO - Processing file /home/airflow/.local/lib/python3.7/site-packages/airflow/example_dags/example_sla_dag.py for tasks to queue
[2023-04-25T01:57:50.460+0000] {logging_mixin.py:137} INFO - [2023-04-25T01:57:50.460+0000] {dagbag.py:532} INFO - Filling up the DagBag from /home/airflow/.local/lib/python3.7/site-packages/airflow/example_dags/example_sla_dag.py
[2023-04-25T01:57:50.476+0000] {processor.py:753} INFO - DAG(s) dict_keys(['example_sla_dag']) retrieved from /home/airflow/.local/lib/python3.7/site-packages/airflow/example_dags/example_sla_dag.py
[2023-04-25T01:57:50.498+0000] {logging_mixin.py:137} INFO - [2023-04-25T01:57:50.498+0000] {dag.py:2705} INFO - Sync 1 DAGs
[2023-04-25T01:57:50.516+0000] {logging_mixin.py:137} INFO - [2023-04-25T01:57:50.516+0000] {dag.py:3456} INFO - Setting next_dagrun for example_sla_dag to 2023-04-25T01:54:00+00:00, run_after=2023-04-25T01:56:00+00:00
[2023-04-25T01:57:50.529+0000] {processor.py:175} INFO - Processing /home/airflow/.local/lib/python3.7/site-packages/airflow/example_dags/example_sla_dag.py took 0.076 seconds
[2023-04-25T01:58:20.734+0000] {processor.py:153} INFO - Started process (PID=993) to work on /home/airflow/.local/lib/python3.7/site-packages/airflow/example_dags/example_sla_dag.py
[2023-04-25T01:58:20.735+0000] {processor.py:743} INFO - Processing file /home/airflow/.local/lib/python3.7/site-packages/airflow/example_dags/example_sla_dag.py for tasks to queue
[2023-04-25T01:58:20.736+0000] {logging_mixin.py:137} INFO - [2023-04-25T01:58:20.736+0000] {dagbag.py:532} INFO - Filling up the DagBag from /home/airflow/.local/lib/python3.7/site-packages/airflow/example_dags/example_sla_dag.py
[2023-04-25T01:58:20.752+0000] {processor.py:753} INFO - DAG(s) dict_keys(['example_sla_dag']) retrieved from /home/airflow/.local/lib/python3.7/site-packages/airflow/example_dags/example_sla_dag.py
[2023-04-25T01:58:20.773+0000] {logging_mixin.py:137} INFO - [2023-04-25T01:58:20.773+0000] {dag.py:2705} INFO - Sync 1 DAGs
[2023-04-25T01:58:20.791+0000] {logging_mixin.py:137} INFO - [2023-04-25T01:58:20.791+0000] {dag.py:3456} INFO - Setting next_dagrun for example_sla_dag to 2023-04-25T01:56:00+00:00, run_after=2023-04-25T01:58:00+00:00
[2023-04-25T01:58:20.804+0000] {processor.py:175} INFO - Processing /home/airflow/.local/lib/python3.7/site-packages/airflow/example_dags/example_sla_dag.py took 0.073 seconds
[2023-04-25T01:58:51.340+0000] {processor.py:153} INFO - Started process (PID=1043) to work on /home/airflow/.local/lib/python3.7/site-packages/airflow/example_dags/example_sla_dag.py
[2023-04-25T01:58:51.341+0000] {processor.py:743} INFO - Processing file /home/airflow/.local/lib/python3.7/site-packages/airflow/example_dags/example_sla_dag.py for tasks to queue
[2023-04-25T01:58:51.342+0000] {logging_mixin.py:137} INFO - [2023-04-25T01:58:51.342+0000] {dagbag.py:532} INFO - Filling up the DagBag from /home/airflow/.local/lib/python3.7/site-packages/airflow/example_dags/example_sla_dag.py
[2023-04-25T01:58:51.358+0000] {processor.py:753} INFO - DAG(s) dict_keys(['example_sla_dag']) retrieved from /home/airflow/.local/lib/python3.7/site-packages/airflow/example_dags/example_sla_dag.py
[2023-04-25T01:58:51.378+0000] {logging_mixin.py:137} INFO - [2023-04-25T01:58:51.378+0000] {dag.py:2705} INFO - Sync 1 DAGs
[2023-04-25T01:58:51.395+0000] {logging_mixin.py:137} INFO - [2023-04-25T01:58:51.395+0000] {dag.py:3456} INFO - Setting next_dagrun for example_sla_dag to 2023-04-25T01:56:00+00:00, run_after=2023-04-25T01:58:00+00:00
[2023-04-25T01:58:51.408+0000] {processor.py:175} INFO - Processing /home/airflow/.local/lib/python3.7/site-packages/airflow/example_dags/example_sla_dag.py took 0.071 seconds
[2023-04-25T01:59:21.863+0000] {processor.py:153} INFO - Started process (PID=1093) to work on /home/airflow/.local/lib/python3.7/site-packages/airflow/example_dags/example_sla_dag.py
[2023-04-25T01:59:21.864+0000] {processor.py:743} INFO - Processing file /home/airflow/.local/lib/python3.7/site-packages/airflow/example_dags/example_sla_dag.py for tasks to queue
[2023-04-25T01:59:21.865+0000] {logging_mixin.py:137} INFO - [2023-04-25T01:59:21.865+0000] {dagbag.py:532} INFO - Filling up the DagBag from /home/airflow/.local/lib/python3.7/site-packages/airflow/example_dags/example_sla_dag.py
[2023-04-25T01:59:21.881+0000] {processor.py:753} INFO - DAG(s) dict_keys(['example_sla_dag']) retrieved from /home/airflow/.local/lib/python3.7/site-packages/airflow/example_dags/example_sla_dag.py
[2023-04-25T01:59:21.904+0000] {logging_mixin.py:137} INFO - [2023-04-25T01:59:21.904+0000] {dag.py:2705} INFO - Sync 1 DAGs
[2023-04-25T01:59:21.922+0000] {logging_mixin.py:137} INFO - [2023-04-25T01:59:21.922+0000] {dag.py:3456} INFO - Setting next_dagrun for example_sla_dag to 2023-04-25T01:56:00+00:00, run_after=2023-04-25T01:58:00+00:00
[2023-04-25T01:59:21.934+0000] {processor.py:175} INFO - Processing /home/airflow/.local/lib/python3.7/site-packages/airflow/example_dags/example_sla_dag.py took 0.074 seconds
[2023-04-25T01:59:52.549+0000] {processor.py:153} INFO - Started process (PID=1143) to work on /home/airflow/.local/lib/python3.7/site-packages/airflow/example_dags/example_sla_dag.py
[2023-04-25T01:59:52.551+0000] {processor.py:743} INFO - Processing file /home/airflow/.local/lib/python3.7/site-packages/airflow/example_dags/example_sla_dag.py for tasks to queue
[2023-04-25T01:59:52.552+0000] {logging_mixin.py:137} INFO - [2023-04-25T01:59:52.551+0000] {dagbag.py:532} INFO - Filling up the DagBag from /home/airflow/.local/lib/python3.7/site-packages/airflow/example_dags/example_sla_dag.py
[2023-04-25T01:59:52.567+0000] {processor.py:753} INFO - DAG(s) dict_keys(['example_sla_dag']) retrieved from /home/airflow/.local/lib/python3.7/site-packages/airflow/example_dags/example_sla_dag.py
[2023-04-25T01:59:52.588+0000] {logging_mixin.py:137} INFO - [2023-04-25T01:59:52.588+0000] {dag.py:2705} INFO - Sync 1 DAGs
[2023-04-25T01:59:52.606+0000] {logging_mixin.py:137} INFO - [2023-04-25T01:59:52.606+0000] {dag.py:3456} INFO - Setting next_dagrun for example_sla_dag to 2023-04-25T01:56:00+00:00, run_after=2023-04-25T01:58:00+00:00
[2023-04-25T01:59:52.617+0000] {processor.py:175} INFO - Processing /home/airflow/.local/lib/python3.7/site-packages/airflow/example_dags/example_sla_dag.py took 0.071 seconds
[2023-04-25T02:00:23.149+0000] {processor.py:153} INFO - Started process (PID=1193) to work on /home/airflow/.local/lib/python3.7/site-packages/airflow/example_dags/example_sla_dag.py
[2023-04-25T02:00:23.151+0000] {processor.py:743} INFO - Processing file /home/airflow/.local/lib/python3.7/site-packages/airflow/example_dags/example_sla_dag.py for tasks to queue
[2023-04-25T02:00:23.152+0000] {logging_mixin.py:137} INFO - [2023-04-25T02:00:23.151+0000] {dagbag.py:532} INFO - Filling up the DagBag from /home/airflow/.local/lib/python3.7/site-packages/airflow/example_dags/example_sla_dag.py
[2023-04-25T02:00:23.168+0000] {processor.py:753} INFO - DAG(s) dict_keys(['example_sla_dag']) retrieved from /home/airflow/.local/lib/python3.7/site-packages/airflow/example_dags/example_sla_dag.py
[2023-04-25T02:00:23.189+0000] {logging_mixin.py:137} INFO - [2023-04-25T02:00:23.189+0000] {dag.py:2705} INFO - Sync 1 DAGs
[2023-04-25T02:00:23.207+0000] {logging_mixin.py:137} INFO - [2023-04-25T02:00:23.207+0000] {dag.py:3456} INFO - Setting next_dagrun for example_sla_dag to 2023-04-25T01:58:00+00:00, run_after=2023-04-25T02:00:00+00:00
[2023-04-25T02:00:23.219+0000] {processor.py:175} INFO - Processing /home/airflow/.local/lib/python3.7/site-packages/airflow/example_dags/example_sla_dag.py took 0.073 seconds
[2023-04-25T02:00:53.730+0000] {processor.py:153} INFO - Started process (PID=1243) to work on /home/airflow/.local/lib/python3.7/site-packages/airflow/example_dags/example_sla_dag.py
[2023-04-25T02:00:53.731+0000] {processor.py:743} INFO - Processing file /home/airflow/.local/lib/python3.7/site-packages/airflow/example_dags/example_sla_dag.py for tasks to queue
[2023-04-25T02:00:53.732+0000] {logging_mixin.py:137} INFO - [2023-04-25T02:00:53.732+0000] {dagbag.py:532} INFO - Filling up the DagBag from /home/airflow/.local/lib/python3.7/site-packages/airflow/example_dags/example_sla_dag.py
[2023-04-25T02:00:53.749+0000] {processor.py:753} INFO - DAG(s) dict_keys(['example_sla_dag']) retrieved from /home/airflow/.local/lib/python3.7/site-packages/airflow/example_dags/example_sla_dag.py
[2023-04-25T02:00:53.771+0000] {logging_mixin.py:137} INFO - [2023-04-25T02:00:53.771+0000] {dag.py:2705} INFO - Sync 1 DAGs
[2023-04-25T02:00:53.789+0000] {logging_mixin.py:137} INFO - [2023-04-25T02:00:53.789+0000] {dag.py:3456} INFO - Setting next_dagrun for example_sla_dag to 2023-04-25T01:58:00+00:00, run_after=2023-04-25T02:00:00+00:00
[2023-04-25T02:00:53.800+0000] {processor.py:175} INFO - Processing /home/airflow/.local/lib/python3.7/site-packages/airflow/example_dags/example_sla_dag.py took 0.074 seconds
[2023-04-25T02:01:24.355+0000] {processor.py:153} INFO - Started process (PID=1293) to work on /home/airflow/.local/lib/python3.7/site-packages/airflow/example_dags/example_sla_dag.py
[2023-04-25T02:01:24.356+0000] {processor.py:743} INFO - Processing file /home/airflow/.local/lib/python3.7/site-packages/airflow/example_dags/example_sla_dag.py for tasks to queue
[2023-04-25T02:01:24.357+0000] {logging_mixin.py:137} INFO - [2023-04-25T02:01:24.357+0000] {dagbag.py:532} INFO - Filling up the DagBag from /home/airflow/.local/lib/python3.7/site-packages/airflow/example_dags/example_sla_dag.py
[2023-04-25T02:01:24.374+0000] {processor.py:753} INFO - DAG(s) dict_keys(['example_sla_dag']) retrieved from /home/airflow/.local/lib/python3.7/site-packages/airflow/example_dags/example_sla_dag.py
[2023-04-25T02:01:24.396+0000] {logging_mixin.py:137} INFO - [2023-04-25T02:01:24.396+0000] {dag.py:2705} INFO - Sync 1 DAGs
[2023-04-25T02:01:24.414+0000] {logging_mixin.py:137} INFO - [2023-04-25T02:01:24.414+0000] {dag.py:3456} INFO - Setting next_dagrun for example_sla_dag to 2023-04-25T01:58:00+00:00, run_after=2023-04-25T02:00:00+00:00
[2023-04-25T02:01:24.425+0000] {processor.py:175} INFO - Processing /home/airflow/.local/lib/python3.7/site-packages/airflow/example_dags/example_sla_dag.py took 0.074 seconds
[2023-04-25T02:01:54.615+0000] {processor.py:153} INFO - Started process (PID=1342) to work on /home/airflow/.local/lib/python3.7/site-packages/airflow/example_dags/example_sla_dag.py
[2023-04-25T02:01:54.616+0000] {processor.py:743} INFO - Processing file /home/airflow/.local/lib/python3.7/site-packages/airflow/example_dags/example_sla_dag.py for tasks to queue
[2023-04-25T02:01:54.617+0000] {logging_mixin.py:137} INFO - [2023-04-25T02:01:54.617+0000] {dagbag.py:532} INFO - Filling up the DagBag from /home/airflow/.local/lib/python3.7/site-packages/airflow/example_dags/example_sla_dag.py
[2023-04-25T02:01:54.633+0000] {processor.py:753} INFO - DAG(s) dict_keys(['example_sla_dag']) retrieved from /home/airflow/.local/lib/python3.7/site-packages/airflow/example_dags/example_sla_dag.py
[2023-04-25T02:01:54.654+0000] {logging_mixin.py:137} INFO - [2023-04-25T02:01:54.654+0000] {dag.py:2705} INFO - Sync 1 DAGs
[2023-04-25T02:01:54.673+0000] {logging_mixin.py:137} INFO - [2023-04-25T02:01:54.673+0000] {dag.py:3456} INFO - Setting next_dagrun for example_sla_dag to 2023-04-25T01:58:00+00:00, run_after=2023-04-25T02:00:00+00:00
[2023-04-25T02:01:54.686+0000] {processor.py:175} INFO - Processing /home/airflow/.local/lib/python3.7/site-packages/airflow/example_dags/example_sla_dag.py took 0.075 seconds
[2023-04-25T02:02:25.193+0000] {processor.py:153} INFO - Started process (PID=1392) to work on /home/airflow/.local/lib/python3.7/site-packages/airflow/example_dags/example_sla_dag.py
[2023-04-25T02:02:25.195+0000] {processor.py:743} INFO - Processing file /home/airflow/.local/lib/python3.7/site-packages/airflow/example_dags/example_sla_dag.py for tasks to queue
[2023-04-25T02:02:25.195+0000] {logging_mixin.py:137} INFO - [2023-04-25T02:02:25.195+0000] {dagbag.py:532} INFO - Filling up the DagBag from /home/airflow/.local/lib/python3.7/site-packages/airflow/example_dags/example_sla_dag.py
[2023-04-25T02:02:25.211+0000] {processor.py:753} INFO - DAG(s) dict_keys(['example_sla_dag']) retrieved from /home/airflow/.local/lib/python3.7/site-packages/airflow/example_dags/example_sla_dag.py
[2023-04-25T02:02:25.232+0000] {logging_mixin.py:137} INFO - [2023-04-25T02:02:25.232+0000] {dag.py:2705} INFO - Sync 1 DAGs
[2023-04-25T02:02:25.249+0000] {logging_mixin.py:137} INFO - [2023-04-25T02:02:25.249+0000] {dag.py:3456} INFO - Setting next_dagrun for example_sla_dag to 2023-04-25T02:00:00+00:00, run_after=2023-04-25T02:02:00+00:00
[2023-04-25T02:02:25.261+0000] {processor.py:175} INFO - Processing /home/airflow/.local/lib/python3.7/site-packages/airflow/example_dags/example_sla_dag.py took 0.071 seconds
[2023-04-25T02:02:55.788+0000] {processor.py:153} INFO - Started process (PID=1442) to work on /home/airflow/.local/lib/python3.7/site-packages/airflow/example_dags/example_sla_dag.py
[2023-04-25T02:02:55.789+0000] {processor.py:743} INFO - Processing file /home/airflow/.local/lib/python3.7/site-packages/airflow/example_dags/example_sla_dag.py for tasks to queue
[2023-04-25T02:02:55.790+0000] {logging_mixin.py:137} INFO - [2023-04-25T02:02:55.790+0000] {dagbag.py:532} INFO - Filling up the DagBag from /home/airflow/.local/lib/python3.7/site-packages/airflow/example_dags/example_sla_dag.py
[2023-04-25T02:02:55.806+0000] {processor.py:753} INFO - DAG(s) dict_keys(['example_sla_dag']) retrieved from /home/airflow/.local/lib/python3.7/site-packages/airflow/example_dags/example_sla_dag.py
[2023-04-25T02:02:55.828+0000] {logging_mixin.py:137} INFO - [2023-04-25T02:02:55.828+0000] {dag.py:2705} INFO - Sync 1 DAGs
[2023-04-25T02:02:55.845+0000] {logging_mixin.py:137} INFO - [2023-04-25T02:02:55.845+0000] {dag.py:3456} INFO - Setting next_dagrun for example_sla_dag to 2023-04-25T02:00:00+00:00, run_after=2023-04-25T02:02:00+00:00
[2023-04-25T02:02:55.859+0000] {processor.py:175} INFO - Processing /home/airflow/.local/lib/python3.7/site-packages/airflow/example_dags/example_sla_dag.py took 0.075 seconds
