[2023-04-25T01:48:39.930+0000] {processor.py:153} INFO - Started process (PID=41) to work on /home/airflow/.local/lib/python3.7/site-packages/airflow/example_dags/example_xcomargs.py
[2023-04-25T01:48:39.932+0000] {processor.py:743} INFO - Processing file /home/airflow/.local/lib/python3.7/site-packages/airflow/example_dags/example_xcomargs.py for tasks to queue
[2023-04-25T01:48:39.934+0000] {logging_mixin.py:137} INFO - [2023-04-25T01:48:39.933+0000] {dagbag.py:532} INFO - Filling up the DagBag from /home/airflow/.local/lib/python3.7/site-packages/airflow/example_dags/example_xcomargs.py
[2023-04-25T01:48:39.976+0000] {processor.py:753} INFO - DAG(s) dict_keys(['example_xcom_args', 'example_xcom_args_with_operators']) retrieved from /home/airflow/.local/lib/python3.7/site-packages/airflow/example_dags/example_xcomargs.py
[2023-04-25T01:48:39.997+0000] {logging_mixin.py:137} INFO - [2023-04-25T01:48:39.997+0000] {dag.py:2705} INFO - Sync 2 DAGs
[2023-04-25T01:48:40.037+0000] {logging_mixin.py:137} INFO - [2023-04-25T01:48:40.036+0000] {dag.py:3456} INFO - Setting next_dagrun for example_xcom_args to None, run_after=None
[2023-04-25T01:48:40.068+0000] {logging_mixin.py:137} INFO - [2023-04-25T01:48:40.068+0000] {dag.py:3456} INFO - Setting next_dagrun for example_xcom_args_with_operators to None, run_after=None
[2023-04-25T01:48:40.109+0000] {processor.py:175} INFO - Processing /home/airflow/.local/lib/python3.7/site-packages/airflow/example_dags/example_xcomargs.py took 0.185 seconds
[2023-04-25T01:49:10.451+0000] {processor.py:153} INFO - Started process (PID=90) to work on /home/airflow/.local/lib/python3.7/site-packages/airflow/example_dags/example_xcomargs.py
[2023-04-25T01:49:10.452+0000] {processor.py:743} INFO - Processing file /home/airflow/.local/lib/python3.7/site-packages/airflow/example_dags/example_xcomargs.py for tasks to queue
[2023-04-25T01:49:10.453+0000] {logging_mixin.py:137} INFO - [2023-04-25T01:49:10.453+0000] {dagbag.py:532} INFO - Filling up the DagBag from /home/airflow/.local/lib/python3.7/site-packages/airflow/example_dags/example_xcomargs.py
[2023-04-25T01:49:10.478+0000] {processor.py:753} INFO - DAG(s) dict_keys(['example_xcom_args_with_operators', 'example_xcom_args']) retrieved from /home/airflow/.local/lib/python3.7/site-packages/airflow/example_dags/example_xcomargs.py
[2023-04-25T01:49:10.509+0000] {logging_mixin.py:137} INFO - [2023-04-25T01:49:10.508+0000] {dag.py:2705} INFO - Sync 2 DAGs
[2023-04-25T01:49:10.531+0000] {logging_mixin.py:137} INFO - [2023-04-25T01:49:10.531+0000] {dag.py:3456} INFO - Setting next_dagrun for example_xcom_args to None, run_after=None
[2023-04-25T01:49:10.534+0000] {logging_mixin.py:137} INFO - [2023-04-25T01:49:10.534+0000] {dag.py:3456} INFO - Setting next_dagrun for example_xcom_args_with_operators to None, run_after=None
[2023-04-25T01:49:10.548+0000] {processor.py:175} INFO - Processing /home/airflow/.local/lib/python3.7/site-packages/airflow/example_dags/example_xcomargs.py took 0.101 seconds
[2023-04-25T01:49:40.618+0000] {processor.py:153} INFO - Started process (PID=140) to work on /home/airflow/.local/lib/python3.7/site-packages/airflow/example_dags/example_xcomargs.py
[2023-04-25T01:49:40.619+0000] {processor.py:743} INFO - Processing file /home/airflow/.local/lib/python3.7/site-packages/airflow/example_dags/example_xcomargs.py for tasks to queue
[2023-04-25T01:49:40.620+0000] {logging_mixin.py:137} INFO - [2023-04-25T01:49:40.620+0000] {dagbag.py:532} INFO - Filling up the DagBag from /home/airflow/.local/lib/python3.7/site-packages/airflow/example_dags/example_xcomargs.py
[2023-04-25T01:49:40.638+0000] {processor.py:753} INFO - DAG(s) dict_keys(['example_xcom_args', 'example_xcom_args_with_operators']) retrieved from /home/airflow/.local/lib/python3.7/site-packages/airflow/example_dags/example_xcomargs.py
[2023-04-25T01:49:40.662+0000] {logging_mixin.py:137} INFO - [2023-04-25T01:49:40.662+0000] {dag.py:2705} INFO - Sync 2 DAGs
[2023-04-25T01:49:40.679+0000] {logging_mixin.py:137} INFO - [2023-04-25T01:49:40.679+0000] {dag.py:3456} INFO - Setting next_dagrun for example_xcom_args to None, run_after=None
[2023-04-25T01:49:40.682+0000] {logging_mixin.py:137} INFO - [2023-04-25T01:49:40.682+0000] {dag.py:3456} INFO - Setting next_dagrun for example_xcom_args_with_operators to None, run_after=None
[2023-04-25T01:49:40.693+0000] {processor.py:175} INFO - Processing /home/airflow/.local/lib/python3.7/site-packages/airflow/example_dags/example_xcomargs.py took 0.078 seconds
[2023-04-25T01:50:11.589+0000] {processor.py:153} INFO - Started process (PID=190) to work on /home/airflow/.local/lib/python3.7/site-packages/airflow/example_dags/example_xcomargs.py
[2023-04-25T01:50:11.592+0000] {processor.py:743} INFO - Processing file /home/airflow/.local/lib/python3.7/site-packages/airflow/example_dags/example_xcomargs.py for tasks to queue
[2023-04-25T01:50:11.593+0000] {logging_mixin.py:137} INFO - [2023-04-25T01:50:11.593+0000] {dagbag.py:532} INFO - Filling up the DagBag from /home/airflow/.local/lib/python3.7/site-packages/airflow/example_dags/example_xcomargs.py
[2023-04-25T01:50:11.624+0000] {processor.py:753} INFO - DAG(s) dict_keys(['example_xcom_args_with_operators', 'example_xcom_args']) retrieved from /home/airflow/.local/lib/python3.7/site-packages/airflow/example_dags/example_xcomargs.py
[2023-04-25T01:50:11.657+0000] {logging_mixin.py:137} INFO - [2023-04-25T01:50:11.657+0000] {dag.py:2705} INFO - Sync 2 DAGs
[2023-04-25T01:50:11.689+0000] {logging_mixin.py:137} INFO - [2023-04-25T01:50:11.689+0000] {dag.py:3456} INFO - Setting next_dagrun for example_xcom_args to None, run_after=None
[2023-04-25T01:50:11.693+0000] {logging_mixin.py:137} INFO - [2023-04-25T01:50:11.693+0000] {dag.py:3456} INFO - Setting next_dagrun for example_xcom_args_with_operators to None, run_after=None
[2023-04-25T01:50:11.708+0000] {processor.py:175} INFO - Processing /home/airflow/.local/lib/python3.7/site-packages/airflow/example_dags/example_xcomargs.py took 0.130 seconds
[2023-04-25T01:50:41.904+0000] {processor.py:153} INFO - Started process (PID=241) to work on /home/airflow/.local/lib/python3.7/site-packages/airflow/example_dags/example_xcomargs.py
[2023-04-25T01:50:41.905+0000] {processor.py:743} INFO - Processing file /home/airflow/.local/lib/python3.7/site-packages/airflow/example_dags/example_xcomargs.py for tasks to queue
[2023-04-25T01:50:41.906+0000] {logging_mixin.py:137} INFO - [2023-04-25T01:50:41.906+0000] {dagbag.py:532} INFO - Filling up the DagBag from /home/airflow/.local/lib/python3.7/site-packages/airflow/example_dags/example_xcomargs.py
[2023-04-25T01:50:41.925+0000] {processor.py:753} INFO - DAG(s) dict_keys(['example_xcom_args_with_operators', 'example_xcom_args']) retrieved from /home/airflow/.local/lib/python3.7/site-packages/airflow/example_dags/example_xcomargs.py
[2023-04-25T01:50:41.961+0000] {logging_mixin.py:137} INFO - [2023-04-25T01:50:41.961+0000] {dag.py:2705} INFO - Sync 2 DAGs
[2023-04-25T01:50:41.981+0000] {logging_mixin.py:137} INFO - [2023-04-25T01:50:41.981+0000] {dag.py:3456} INFO - Setting next_dagrun for example_xcom_args to None, run_after=None
[2023-04-25T01:50:41.985+0000] {logging_mixin.py:137} INFO - [2023-04-25T01:50:41.985+0000] {dag.py:3456} INFO - Setting next_dagrun for example_xcom_args_with_operators to None, run_after=None
[2023-04-25T01:50:41.998+0000] {processor.py:175} INFO - Processing /home/airflow/.local/lib/python3.7/site-packages/airflow/example_dags/example_xcomargs.py took 0.098 seconds
[2023-04-25T01:51:12.580+0000] {processor.py:153} INFO - Started process (PID=291) to work on /home/airflow/.local/lib/python3.7/site-packages/airflow/example_dags/example_xcomargs.py
[2023-04-25T01:51:12.582+0000] {processor.py:743} INFO - Processing file /home/airflow/.local/lib/python3.7/site-packages/airflow/example_dags/example_xcomargs.py for tasks to queue
[2023-04-25T01:51:12.583+0000] {logging_mixin.py:137} INFO - [2023-04-25T01:51:12.583+0000] {dagbag.py:532} INFO - Filling up the DagBag from /home/airflow/.local/lib/python3.7/site-packages/airflow/example_dags/example_xcomargs.py
[2023-04-25T01:51:12.605+0000] {processor.py:753} INFO - DAG(s) dict_keys(['example_xcom_args', 'example_xcom_args_with_operators']) retrieved from /home/airflow/.local/lib/python3.7/site-packages/airflow/example_dags/example_xcomargs.py
[2023-04-25T01:51:12.631+0000] {logging_mixin.py:137} INFO - [2023-04-25T01:51:12.630+0000] {dag.py:2705} INFO - Sync 2 DAGs
[2023-04-25T01:51:12.648+0000] {logging_mixin.py:137} INFO - [2023-04-25T01:51:12.648+0000] {dag.py:3456} INFO - Setting next_dagrun for example_xcom_args to None, run_after=None
[2023-04-25T01:51:12.651+0000] {logging_mixin.py:137} INFO - [2023-04-25T01:51:12.651+0000] {dag.py:3456} INFO - Setting next_dagrun for example_xcom_args_with_operators to None, run_after=None
[2023-04-25T01:51:12.663+0000] {processor.py:175} INFO - Processing /home/airflow/.local/lib/python3.7/site-packages/airflow/example_dags/example_xcomargs.py took 0.086 seconds
[2023-04-25T01:51:42.836+0000] {processor.py:153} INFO - Started process (PID=341) to work on /home/airflow/.local/lib/python3.7/site-packages/airflow/example_dags/example_xcomargs.py
[2023-04-25T01:51:42.838+0000] {processor.py:743} INFO - Processing file /home/airflow/.local/lib/python3.7/site-packages/airflow/example_dags/example_xcomargs.py for tasks to queue
[2023-04-25T01:51:42.839+0000] {logging_mixin.py:137} INFO - [2023-04-25T01:51:42.839+0000] {dagbag.py:532} INFO - Filling up the DagBag from /home/airflow/.local/lib/python3.7/site-packages/airflow/example_dags/example_xcomargs.py
[2023-04-25T01:51:42.855+0000] {processor.py:753} INFO - DAG(s) dict_keys(['example_xcom_args_with_operators', 'example_xcom_args']) retrieved from /home/airflow/.local/lib/python3.7/site-packages/airflow/example_dags/example_xcomargs.py
[2023-04-25T01:51:42.881+0000] {logging_mixin.py:137} INFO - [2023-04-25T01:51:42.881+0000] {dag.py:2705} INFO - Sync 2 DAGs
[2023-04-25T01:51:42.898+0000] {logging_mixin.py:137} INFO - [2023-04-25T01:51:42.898+0000] {dag.py:3456} INFO - Setting next_dagrun for example_xcom_args to None, run_after=None
[2023-04-25T01:51:42.901+0000] {logging_mixin.py:137} INFO - [2023-04-25T01:51:42.901+0000] {dag.py:3456} INFO - Setting next_dagrun for example_xcom_args_with_operators to None, run_after=None
[2023-04-25T01:51:42.912+0000] {processor.py:175} INFO - Processing /home/airflow/.local/lib/python3.7/site-packages/airflow/example_dags/example_xcomargs.py took 0.079 seconds
[2023-04-25T01:52:13.513+0000] {processor.py:153} INFO - Started process (PID=392) to work on /home/airflow/.local/lib/python3.7/site-packages/airflow/example_dags/example_xcomargs.py
[2023-04-25T01:52:13.514+0000] {processor.py:743} INFO - Processing file /home/airflow/.local/lib/python3.7/site-packages/airflow/example_dags/example_xcomargs.py for tasks to queue
[2023-04-25T01:52:13.515+0000] {logging_mixin.py:137} INFO - [2023-04-25T01:52:13.515+0000] {dagbag.py:532} INFO - Filling up the DagBag from /home/airflow/.local/lib/python3.7/site-packages/airflow/example_dags/example_xcomargs.py
[2023-04-25T01:52:13.532+0000] {processor.py:753} INFO - DAG(s) dict_keys(['example_xcom_args', 'example_xcom_args_with_operators']) retrieved from /home/airflow/.local/lib/python3.7/site-packages/airflow/example_dags/example_xcomargs.py
[2023-04-25T01:52:13.562+0000] {logging_mixin.py:137} INFO - [2023-04-25T01:52:13.562+0000] {dag.py:2705} INFO - Sync 2 DAGs
[2023-04-25T01:52:13.585+0000] {logging_mixin.py:137} INFO - [2023-04-25T01:52:13.585+0000] {dag.py:3456} INFO - Setting next_dagrun for example_xcom_args to None, run_after=None
[2023-04-25T01:52:13.588+0000] {logging_mixin.py:137} INFO - [2023-04-25T01:52:13.588+0000] {dag.py:3456} INFO - Setting next_dagrun for example_xcom_args_with_operators to None, run_after=None
[2023-04-25T01:52:13.599+0000] {processor.py:175} INFO - Processing /home/airflow/.local/lib/python3.7/site-packages/airflow/example_dags/example_xcomargs.py took 0.090 seconds
[2023-04-25T01:52:44.114+0000] {processor.py:153} INFO - Started process (PID=442) to work on /home/airflow/.local/lib/python3.7/site-packages/airflow/example_dags/example_xcomargs.py
[2023-04-25T01:52:44.115+0000] {processor.py:743} INFO - Processing file /home/airflow/.local/lib/python3.7/site-packages/airflow/example_dags/example_xcomargs.py for tasks to queue
[2023-04-25T01:52:44.116+0000] {logging_mixin.py:137} INFO - [2023-04-25T01:52:44.116+0000] {dagbag.py:532} INFO - Filling up the DagBag from /home/airflow/.local/lib/python3.7/site-packages/airflow/example_dags/example_xcomargs.py
[2023-04-25T01:52:44.132+0000] {processor.py:753} INFO - DAG(s) dict_keys(['example_xcom_args', 'example_xcom_args_with_operators']) retrieved from /home/airflow/.local/lib/python3.7/site-packages/airflow/example_dags/example_xcomargs.py
[2023-04-25T01:52:44.157+0000] {logging_mixin.py:137} INFO - [2023-04-25T01:52:44.157+0000] {dag.py:2705} INFO - Sync 2 DAGs
[2023-04-25T01:52:44.176+0000] {logging_mixin.py:137} INFO - [2023-04-25T01:52:44.176+0000] {dag.py:3456} INFO - Setting next_dagrun for example_xcom_args to None, run_after=None
[2023-04-25T01:52:44.179+0000] {logging_mixin.py:137} INFO - [2023-04-25T01:52:44.179+0000] {dag.py:3456} INFO - Setting next_dagrun for example_xcom_args_with_operators to None, run_after=None
[2023-04-25T01:52:44.192+0000] {processor.py:175} INFO - Processing /home/airflow/.local/lib/python3.7/site-packages/airflow/example_dags/example_xcomargs.py took 0.081 seconds
[2023-04-25T01:53:14.796+0000] {processor.py:153} INFO - Started process (PID=492) to work on /home/airflow/.local/lib/python3.7/site-packages/airflow/example_dags/example_xcomargs.py
[2023-04-25T01:53:14.797+0000] {processor.py:743} INFO - Processing file /home/airflow/.local/lib/python3.7/site-packages/airflow/example_dags/example_xcomargs.py for tasks to queue
[2023-04-25T01:53:14.798+0000] {logging_mixin.py:137} INFO - [2023-04-25T01:53:14.798+0000] {dagbag.py:532} INFO - Filling up the DagBag from /home/airflow/.local/lib/python3.7/site-packages/airflow/example_dags/example_xcomargs.py
[2023-04-25T01:53:14.814+0000] {processor.py:753} INFO - DAG(s) dict_keys(['example_xcom_args', 'example_xcom_args_with_operators']) retrieved from /home/airflow/.local/lib/python3.7/site-packages/airflow/example_dags/example_xcomargs.py
[2023-04-25T01:53:14.837+0000] {logging_mixin.py:137} INFO - [2023-04-25T01:53:14.837+0000] {dag.py:2705} INFO - Sync 2 DAGs
[2023-04-25T01:53:14.853+0000] {logging_mixin.py:137} INFO - [2023-04-25T01:53:14.853+0000] {dag.py:3456} INFO - Setting next_dagrun for example_xcom_args to None, run_after=None
[2023-04-25T01:53:14.855+0000] {logging_mixin.py:137} INFO - [2023-04-25T01:53:14.855+0000] {dag.py:3456} INFO - Setting next_dagrun for example_xcom_args_with_operators to None, run_after=None
[2023-04-25T01:53:14.872+0000] {processor.py:175} INFO - Processing /home/airflow/.local/lib/python3.7/site-packages/airflow/example_dags/example_xcomargs.py took 0.078 seconds
[2023-04-25T01:53:45.378+0000] {processor.py:153} INFO - Started process (PID=542) to work on /home/airflow/.local/lib/python3.7/site-packages/airflow/example_dags/example_xcomargs.py
[2023-04-25T01:53:45.380+0000] {processor.py:743} INFO - Processing file /home/airflow/.local/lib/python3.7/site-packages/airflow/example_dags/example_xcomargs.py for tasks to queue
[2023-04-25T01:53:45.380+0000] {logging_mixin.py:137} INFO - [2023-04-25T01:53:45.380+0000] {dagbag.py:532} INFO - Filling up the DagBag from /home/airflow/.local/lib/python3.7/site-packages/airflow/example_dags/example_xcomargs.py
[2023-04-25T01:53:45.397+0000] {processor.py:753} INFO - DAG(s) dict_keys(['example_xcom_args_with_operators', 'example_xcom_args']) retrieved from /home/airflow/.local/lib/python3.7/site-packages/airflow/example_dags/example_xcomargs.py
[2023-04-25T01:53:45.420+0000] {logging_mixin.py:137} INFO - [2023-04-25T01:53:45.420+0000] {dag.py:2705} INFO - Sync 2 DAGs
[2023-04-25T01:53:45.436+0000] {logging_mixin.py:137} INFO - [2023-04-25T01:53:45.436+0000] {dag.py:3456} INFO - Setting next_dagrun for example_xcom_args to None, run_after=None
[2023-04-25T01:53:45.439+0000] {logging_mixin.py:137} INFO - [2023-04-25T01:53:45.439+0000] {dag.py:3456} INFO - Setting next_dagrun for example_xcom_args_with_operators to None, run_after=None
[2023-04-25T01:53:45.451+0000] {processor.py:175} INFO - Processing /home/airflow/.local/lib/python3.7/site-packages/airflow/example_dags/example_xcomargs.py took 0.075 seconds
[2023-04-25T01:54:16.070+0000] {processor.py:153} INFO - Started process (PID=592) to work on /home/airflow/.local/lib/python3.7/site-packages/airflow/example_dags/example_xcomargs.py
[2023-04-25T01:54:16.071+0000] {processor.py:743} INFO - Processing file /home/airflow/.local/lib/python3.7/site-packages/airflow/example_dags/example_xcomargs.py for tasks to queue
[2023-04-25T01:54:16.072+0000] {logging_mixin.py:137} INFO - [2023-04-25T01:54:16.072+0000] {dagbag.py:532} INFO - Filling up the DagBag from /home/airflow/.local/lib/python3.7/site-packages/airflow/example_dags/example_xcomargs.py
[2023-04-25T01:54:16.088+0000] {processor.py:753} INFO - DAG(s) dict_keys(['example_xcom_args', 'example_xcom_args_with_operators']) retrieved from /home/airflow/.local/lib/python3.7/site-packages/airflow/example_dags/example_xcomargs.py
[2023-04-25T01:54:16.111+0000] {logging_mixin.py:137} INFO - [2023-04-25T01:54:16.111+0000] {dag.py:2705} INFO - Sync 2 DAGs
[2023-04-25T01:54:16.126+0000] {logging_mixin.py:137} INFO - [2023-04-25T01:54:16.125+0000] {dag.py:3456} INFO - Setting next_dagrun for example_xcom_args to None, run_after=None
[2023-04-25T01:54:16.129+0000] {logging_mixin.py:137} INFO - [2023-04-25T01:54:16.129+0000] {dag.py:3456} INFO - Setting next_dagrun for example_xcom_args_with_operators to None, run_after=None
[2023-04-25T01:54:16.139+0000] {processor.py:175} INFO - Processing /home/airflow/.local/lib/python3.7/site-packages/airflow/example_dags/example_xcomargs.py took 0.073 seconds
[2023-04-25T01:54:46.761+0000] {processor.py:153} INFO - Started process (PID=642) to work on /home/airflow/.local/lib/python3.7/site-packages/airflow/example_dags/example_xcomargs.py
[2023-04-25T01:54:46.762+0000] {processor.py:743} INFO - Processing file /home/airflow/.local/lib/python3.7/site-packages/airflow/example_dags/example_xcomargs.py for tasks to queue
[2023-04-25T01:54:46.763+0000] {logging_mixin.py:137} INFO - [2023-04-25T01:54:46.763+0000] {dagbag.py:532} INFO - Filling up the DagBag from /home/airflow/.local/lib/python3.7/site-packages/airflow/example_dags/example_xcomargs.py
[2023-04-25T01:54:46.778+0000] {processor.py:753} INFO - DAG(s) dict_keys(['example_xcom_args_with_operators', 'example_xcom_args']) retrieved from /home/airflow/.local/lib/python3.7/site-packages/airflow/example_dags/example_xcomargs.py
[2023-04-25T01:54:46.805+0000] {logging_mixin.py:137} INFO - [2023-04-25T01:54:46.805+0000] {dag.py:2705} INFO - Sync 2 DAGs
[2023-04-25T01:54:46.821+0000] {logging_mixin.py:137} INFO - [2023-04-25T01:54:46.821+0000] {dag.py:3456} INFO - Setting next_dagrun for example_xcom_args to None, run_after=None
[2023-04-25T01:54:46.824+0000] {logging_mixin.py:137} INFO - [2023-04-25T01:54:46.824+0000] {dag.py:3456} INFO - Setting next_dagrun for example_xcom_args_with_operators to None, run_after=None
[2023-04-25T01:54:46.835+0000] {processor.py:175} INFO - Processing /home/airflow/.local/lib/python3.7/site-packages/airflow/example_dags/example_xcomargs.py took 0.077 seconds
[2023-04-25T01:55:17.246+0000] {processor.py:153} INFO - Started process (PID=692) to work on /home/airflow/.local/lib/python3.7/site-packages/airflow/example_dags/example_xcomargs.py
[2023-04-25T01:55:17.248+0000] {processor.py:743} INFO - Processing file /home/airflow/.local/lib/python3.7/site-packages/airflow/example_dags/example_xcomargs.py for tasks to queue
[2023-04-25T01:55:17.248+0000] {logging_mixin.py:137} INFO - [2023-04-25T01:55:17.248+0000] {dagbag.py:532} INFO - Filling up the DagBag from /home/airflow/.local/lib/python3.7/site-packages/airflow/example_dags/example_xcomargs.py
[2023-04-25T01:55:17.265+0000] {processor.py:753} INFO - DAG(s) dict_keys(['example_xcom_args_with_operators', 'example_xcom_args']) retrieved from /home/airflow/.local/lib/python3.7/site-packages/airflow/example_dags/example_xcomargs.py
[2023-04-25T01:55:17.290+0000] {logging_mixin.py:137} INFO - [2023-04-25T01:55:17.290+0000] {dag.py:2705} INFO - Sync 2 DAGs
[2023-04-25T01:55:17.310+0000] {logging_mixin.py:137} INFO - [2023-04-25T01:55:17.310+0000] {dag.py:3456} INFO - Setting next_dagrun for example_xcom_args to None, run_after=None
[2023-04-25T01:55:17.313+0000] {logging_mixin.py:137} INFO - [2023-04-25T01:55:17.313+0000] {dag.py:3456} INFO - Setting next_dagrun for example_xcom_args_with_operators to None, run_after=None
[2023-04-25T01:55:17.330+0000] {processor.py:175} INFO - Processing /home/airflow/.local/lib/python3.7/site-packages/airflow/example_dags/example_xcomargs.py took 0.087 seconds
[2023-04-25T01:55:47.918+0000] {processor.py:153} INFO - Started process (PID=741) to work on /home/airflow/.local/lib/python3.7/site-packages/airflow/example_dags/example_xcomargs.py
[2023-04-25T01:55:47.920+0000] {processor.py:743} INFO - Processing file /home/airflow/.local/lib/python3.7/site-packages/airflow/example_dags/example_xcomargs.py for tasks to queue
[2023-04-25T01:55:47.920+0000] {logging_mixin.py:137} INFO - [2023-04-25T01:55:47.920+0000] {dagbag.py:532} INFO - Filling up the DagBag from /home/airflow/.local/lib/python3.7/site-packages/airflow/example_dags/example_xcomargs.py
[2023-04-25T01:55:47.937+0000] {processor.py:753} INFO - DAG(s) dict_keys(['example_xcom_args_with_operators', 'example_xcom_args']) retrieved from /home/airflow/.local/lib/python3.7/site-packages/airflow/example_dags/example_xcomargs.py
[2023-04-25T01:55:47.960+0000] {logging_mixin.py:137} INFO - [2023-04-25T01:55:47.960+0000] {dag.py:2705} INFO - Sync 2 DAGs
[2023-04-25T01:55:47.976+0000] {logging_mixin.py:137} INFO - [2023-04-25T01:55:47.975+0000] {dag.py:3456} INFO - Setting next_dagrun for example_xcom_args to None, run_after=None
[2023-04-25T01:55:47.978+0000] {logging_mixin.py:137} INFO - [2023-04-25T01:55:47.978+0000] {dag.py:3456} INFO - Setting next_dagrun for example_xcom_args_with_operators to None, run_after=None
[2023-04-25T01:55:47.989+0000] {processor.py:175} INFO - Processing /home/airflow/.local/lib/python3.7/site-packages/airflow/example_dags/example_xcomargs.py took 0.074 seconds
[2023-04-25T01:56:18.359+0000] {processor.py:153} INFO - Started process (PID=791) to work on /home/airflow/.local/lib/python3.7/site-packages/airflow/example_dags/example_xcomargs.py
[2023-04-25T01:56:18.360+0000] {processor.py:743} INFO - Processing file /home/airflow/.local/lib/python3.7/site-packages/airflow/example_dags/example_xcomargs.py for tasks to queue
[2023-04-25T01:56:18.360+0000] {logging_mixin.py:137} INFO - [2023-04-25T01:56:18.360+0000] {dagbag.py:532} INFO - Filling up the DagBag from /home/airflow/.local/lib/python3.7/site-packages/airflow/example_dags/example_xcomargs.py
[2023-04-25T01:56:18.377+0000] {processor.py:753} INFO - DAG(s) dict_keys(['example_xcom_args_with_operators', 'example_xcom_args']) retrieved from /home/airflow/.local/lib/python3.7/site-packages/airflow/example_dags/example_xcomargs.py
[2023-04-25T01:56:18.400+0000] {logging_mixin.py:137} INFO - [2023-04-25T01:56:18.400+0000] {dag.py:2705} INFO - Sync 2 DAGs
[2023-04-25T01:56:18.417+0000] {logging_mixin.py:137} INFO - [2023-04-25T01:56:18.417+0000] {dag.py:3456} INFO - Setting next_dagrun for example_xcom_args to None, run_after=None
[2023-04-25T01:56:18.419+0000] {logging_mixin.py:137} INFO - [2023-04-25T01:56:18.419+0000] {dag.py:3456} INFO - Setting next_dagrun for example_xcom_args_with_operators to None, run_after=None
[2023-04-25T01:56:18.429+0000] {processor.py:175} INFO - Processing /home/airflow/.local/lib/python3.7/site-packages/airflow/example_dags/example_xcomargs.py took 0.074 seconds
[2023-04-25T01:56:48.956+0000] {processor.py:153} INFO - Started process (PID=841) to work on /home/airflow/.local/lib/python3.7/site-packages/airflow/example_dags/example_xcomargs.py
[2023-04-25T01:56:48.957+0000] {processor.py:743} INFO - Processing file /home/airflow/.local/lib/python3.7/site-packages/airflow/example_dags/example_xcomargs.py for tasks to queue
[2023-04-25T01:56:48.958+0000] {logging_mixin.py:137} INFO - [2023-04-25T01:56:48.958+0000] {dagbag.py:532} INFO - Filling up the DagBag from /home/airflow/.local/lib/python3.7/site-packages/airflow/example_dags/example_xcomargs.py
[2023-04-25T01:56:48.977+0000] {processor.py:753} INFO - DAG(s) dict_keys(['example_xcom_args_with_operators', 'example_xcom_args']) retrieved from /home/airflow/.local/lib/python3.7/site-packages/airflow/example_dags/example_xcomargs.py
[2023-04-25T01:56:49.004+0000] {logging_mixin.py:137} INFO - [2023-04-25T01:56:49.003+0000] {dag.py:2705} INFO - Sync 2 DAGs
[2023-04-25T01:56:49.022+0000] {logging_mixin.py:137} INFO - [2023-04-25T01:56:49.021+0000] {dag.py:3456} INFO - Setting next_dagrun for example_xcom_args to None, run_after=None
[2023-04-25T01:56:49.024+0000] {logging_mixin.py:137} INFO - [2023-04-25T01:56:49.024+0000] {dag.py:3456} INFO - Setting next_dagrun for example_xcom_args_with_operators to None, run_after=None
[2023-04-25T01:56:49.036+0000] {processor.py:175} INFO - Processing /home/airflow/.local/lib/python3.7/site-packages/airflow/example_dags/example_xcomargs.py took 0.083 seconds
[2023-04-25T01:57:19.648+0000] {processor.py:153} INFO - Started process (PID=891) to work on /home/airflow/.local/lib/python3.7/site-packages/airflow/example_dags/example_xcomargs.py
[2023-04-25T01:57:19.649+0000] {processor.py:743} INFO - Processing file /home/airflow/.local/lib/python3.7/site-packages/airflow/example_dags/example_xcomargs.py for tasks to queue
[2023-04-25T01:57:19.650+0000] {logging_mixin.py:137} INFO - [2023-04-25T01:57:19.650+0000] {dagbag.py:532} INFO - Filling up the DagBag from /home/airflow/.local/lib/python3.7/site-packages/airflow/example_dags/example_xcomargs.py
[2023-04-25T01:57:19.667+0000] {processor.py:753} INFO - DAG(s) dict_keys(['example_xcom_args', 'example_xcom_args_with_operators']) retrieved from /home/airflow/.local/lib/python3.7/site-packages/airflow/example_dags/example_xcomargs.py
[2023-04-25T01:57:19.691+0000] {logging_mixin.py:137} INFO - [2023-04-25T01:57:19.691+0000] {dag.py:2705} INFO - Sync 2 DAGs
[2023-04-25T01:57:19.706+0000] {logging_mixin.py:137} INFO - [2023-04-25T01:57:19.706+0000] {dag.py:3456} INFO - Setting next_dagrun for example_xcom_args to None, run_after=None
[2023-04-25T01:57:19.709+0000] {logging_mixin.py:137} INFO - [2023-04-25T01:57:19.709+0000] {dag.py:3456} INFO - Setting next_dagrun for example_xcom_args_with_operators to None, run_after=None
[2023-04-25T01:57:19.719+0000] {processor.py:175} INFO - Processing /home/airflow/.local/lib/python3.7/site-packages/airflow/example_dags/example_xcomargs.py took 0.075 seconds
[2023-04-25T01:57:50.349+0000] {processor.py:153} INFO - Started process (PID=941) to work on /home/airflow/.local/lib/python3.7/site-packages/airflow/example_dags/example_xcomargs.py
[2023-04-25T01:57:50.351+0000] {processor.py:743} INFO - Processing file /home/airflow/.local/lib/python3.7/site-packages/airflow/example_dags/example_xcomargs.py for tasks to queue
[2023-04-25T01:57:50.352+0000] {logging_mixin.py:137} INFO - [2023-04-25T01:57:50.352+0000] {dagbag.py:532} INFO - Filling up the DagBag from /home/airflow/.local/lib/python3.7/site-packages/airflow/example_dags/example_xcomargs.py
[2023-04-25T01:57:50.370+0000] {processor.py:753} INFO - DAG(s) dict_keys(['example_xcom_args_with_operators', 'example_xcom_args']) retrieved from /home/airflow/.local/lib/python3.7/site-packages/airflow/example_dags/example_xcomargs.py
[2023-04-25T01:57:50.397+0000] {logging_mixin.py:137} INFO - [2023-04-25T01:57:50.396+0000] {dag.py:2705} INFO - Sync 2 DAGs
[2023-04-25T01:57:50.413+0000] {logging_mixin.py:137} INFO - [2023-04-25T01:57:50.413+0000] {dag.py:3456} INFO - Setting next_dagrun for example_xcom_args to None, run_after=None
[2023-04-25T01:57:50.416+0000] {logging_mixin.py:137} INFO - [2023-04-25T01:57:50.416+0000] {dag.py:3456} INFO - Setting next_dagrun for example_xcom_args_with_operators to None, run_after=None
[2023-04-25T01:57:50.428+0000] {processor.py:175} INFO - Processing /home/airflow/.local/lib/python3.7/site-packages/airflow/example_dags/example_xcomargs.py took 0.082 seconds
[2023-04-25T01:58:20.633+0000] {processor.py:153} INFO - Started process (PID=991) to work on /home/airflow/.local/lib/python3.7/site-packages/airflow/example_dags/example_xcomargs.py
[2023-04-25T01:58:20.635+0000] {processor.py:743} INFO - Processing file /home/airflow/.local/lib/python3.7/site-packages/airflow/example_dags/example_xcomargs.py for tasks to queue
[2023-04-25T01:58:20.635+0000] {logging_mixin.py:137} INFO - [2023-04-25T01:58:20.635+0000] {dagbag.py:532} INFO - Filling up the DagBag from /home/airflow/.local/lib/python3.7/site-packages/airflow/example_dags/example_xcomargs.py
[2023-04-25T01:58:20.652+0000] {processor.py:753} INFO - DAG(s) dict_keys(['example_xcom_args_with_operators', 'example_xcom_args']) retrieved from /home/airflow/.local/lib/python3.7/site-packages/airflow/example_dags/example_xcomargs.py
[2023-04-25T01:58:20.677+0000] {logging_mixin.py:137} INFO - [2023-04-25T01:58:20.677+0000] {dag.py:2705} INFO - Sync 2 DAGs
[2023-04-25T01:58:20.693+0000] {logging_mixin.py:137} INFO - [2023-04-25T01:58:20.693+0000] {dag.py:3456} INFO - Setting next_dagrun for example_xcom_args to None, run_after=None
[2023-04-25T01:58:20.695+0000] {logging_mixin.py:137} INFO - [2023-04-25T01:58:20.695+0000] {dag.py:3456} INFO - Setting next_dagrun for example_xcom_args_with_operators to None, run_after=None
[2023-04-25T01:58:20.706+0000] {processor.py:175} INFO - Processing /home/airflow/.local/lib/python3.7/site-packages/airflow/example_dags/example_xcomargs.py took 0.076 seconds
[2023-04-25T01:58:51.243+0000] {processor.py:153} INFO - Started process (PID=1041) to work on /home/airflow/.local/lib/python3.7/site-packages/airflow/example_dags/example_xcomargs.py
[2023-04-25T01:58:51.245+0000] {processor.py:743} INFO - Processing file /home/airflow/.local/lib/python3.7/site-packages/airflow/example_dags/example_xcomargs.py for tasks to queue
[2023-04-25T01:58:51.245+0000] {logging_mixin.py:137} INFO - [2023-04-25T01:58:51.245+0000] {dagbag.py:532} INFO - Filling up the DagBag from /home/airflow/.local/lib/python3.7/site-packages/airflow/example_dags/example_xcomargs.py
[2023-04-25T01:58:51.262+0000] {processor.py:753} INFO - DAG(s) dict_keys(['example_xcom_args', 'example_xcom_args_with_operators']) retrieved from /home/airflow/.local/lib/python3.7/site-packages/airflow/example_dags/example_xcomargs.py
[2023-04-25T01:58:51.285+0000] {logging_mixin.py:137} INFO - [2023-04-25T01:58:51.285+0000] {dag.py:2705} INFO - Sync 2 DAGs
[2023-04-25T01:58:51.301+0000] {logging_mixin.py:137} INFO - [2023-04-25T01:58:51.301+0000] {dag.py:3456} INFO - Setting next_dagrun for example_xcom_args to None, run_after=None
[2023-04-25T01:58:51.304+0000] {logging_mixin.py:137} INFO - [2023-04-25T01:58:51.304+0000] {dag.py:3456} INFO - Setting next_dagrun for example_xcom_args_with_operators to None, run_after=None
[2023-04-25T01:58:51.313+0000] {processor.py:175} INFO - Processing /home/airflow/.local/lib/python3.7/site-packages/airflow/example_dags/example_xcomargs.py took 0.073 seconds
[2023-04-25T01:59:21.767+0000] {processor.py:153} INFO - Started process (PID=1091) to work on /home/airflow/.local/lib/python3.7/site-packages/airflow/example_dags/example_xcomargs.py
[2023-04-25T01:59:21.768+0000] {processor.py:743} INFO - Processing file /home/airflow/.local/lib/python3.7/site-packages/airflow/example_dags/example_xcomargs.py for tasks to queue
[2023-04-25T01:59:21.768+0000] {logging_mixin.py:137} INFO - [2023-04-25T01:59:21.768+0000] {dagbag.py:532} INFO - Filling up the DagBag from /home/airflow/.local/lib/python3.7/site-packages/airflow/example_dags/example_xcomargs.py
[2023-04-25T01:59:21.785+0000] {processor.py:753} INFO - DAG(s) dict_keys(['example_xcom_args_with_operators', 'example_xcom_args']) retrieved from /home/airflow/.local/lib/python3.7/site-packages/airflow/example_dags/example_xcomargs.py
[2023-04-25T01:59:21.807+0000] {logging_mixin.py:137} INFO - [2023-04-25T01:59:21.807+0000] {dag.py:2705} INFO - Sync 2 DAGs
[2023-04-25T01:59:21.823+0000] {logging_mixin.py:137} INFO - [2023-04-25T01:59:21.823+0000] {dag.py:3456} INFO - Setting next_dagrun for example_xcom_args to None, run_after=None
[2023-04-25T01:59:21.826+0000] {logging_mixin.py:137} INFO - [2023-04-25T01:59:21.826+0000] {dag.py:3456} INFO - Setting next_dagrun for example_xcom_args_with_operators to None, run_after=None
[2023-04-25T01:59:21.836+0000] {processor.py:175} INFO - Processing /home/airflow/.local/lib/python3.7/site-packages/airflow/example_dags/example_xcomargs.py took 0.072 seconds
[2023-04-25T01:59:52.452+0000] {processor.py:153} INFO - Started process (PID=1141) to work on /home/airflow/.local/lib/python3.7/site-packages/airflow/example_dags/example_xcomargs.py
[2023-04-25T01:59:52.454+0000] {processor.py:743} INFO - Processing file /home/airflow/.local/lib/python3.7/site-packages/airflow/example_dags/example_xcomargs.py for tasks to queue
[2023-04-25T01:59:52.454+0000] {logging_mixin.py:137} INFO - [2023-04-25T01:59:52.454+0000] {dagbag.py:532} INFO - Filling up the DagBag from /home/airflow/.local/lib/python3.7/site-packages/airflow/example_dags/example_xcomargs.py
[2023-04-25T01:59:52.470+0000] {processor.py:753} INFO - DAG(s) dict_keys(['example_xcom_args', 'example_xcom_args_with_operators']) retrieved from /home/airflow/.local/lib/python3.7/site-packages/airflow/example_dags/example_xcomargs.py
[2023-04-25T01:59:52.493+0000] {logging_mixin.py:137} INFO - [2023-04-25T01:59:52.493+0000] {dag.py:2705} INFO - Sync 2 DAGs
[2023-04-25T01:59:52.509+0000] {logging_mixin.py:137} INFO - [2023-04-25T01:59:52.509+0000] {dag.py:3456} INFO - Setting next_dagrun for example_xcom_args to None, run_after=None
[2023-04-25T01:59:52.512+0000] {logging_mixin.py:137} INFO - [2023-04-25T01:59:52.512+0000] {dag.py:3456} INFO - Setting next_dagrun for example_xcom_args_with_operators to None, run_after=None
[2023-04-25T01:59:52.522+0000] {processor.py:175} INFO - Processing /home/airflow/.local/lib/python3.7/site-packages/airflow/example_dags/example_xcomargs.py took 0.073 seconds
[2023-04-25T02:00:23.042+0000] {processor.py:153} INFO - Started process (PID=1191) to work on /home/airflow/.local/lib/python3.7/site-packages/airflow/example_dags/example_xcomargs.py
[2023-04-25T02:00:23.043+0000] {processor.py:743} INFO - Processing file /home/airflow/.local/lib/python3.7/site-packages/airflow/example_dags/example_xcomargs.py for tasks to queue
[2023-04-25T02:00:23.043+0000] {logging_mixin.py:137} INFO - [2023-04-25T02:00:23.043+0000] {dagbag.py:532} INFO - Filling up the DagBag from /home/airflow/.local/lib/python3.7/site-packages/airflow/example_dags/example_xcomargs.py
[2023-04-25T02:00:23.059+0000] {processor.py:753} INFO - DAG(s) dict_keys(['example_xcom_args_with_operators', 'example_xcom_args']) retrieved from /home/airflow/.local/lib/python3.7/site-packages/airflow/example_dags/example_xcomargs.py
[2023-04-25T02:00:23.083+0000] {logging_mixin.py:137} INFO - [2023-04-25T02:00:23.083+0000] {dag.py:2705} INFO - Sync 2 DAGs
[2023-04-25T02:00:23.101+0000] {logging_mixin.py:137} INFO - [2023-04-25T02:00:23.101+0000] {dag.py:3456} INFO - Setting next_dagrun for example_xcom_args to None, run_after=None
[2023-04-25T02:00:23.104+0000] {logging_mixin.py:137} INFO - [2023-04-25T02:00:23.104+0000] {dag.py:3456} INFO - Setting next_dagrun for example_xcom_args_with_operators to None, run_after=None
[2023-04-25T02:00:23.116+0000] {processor.py:175} INFO - Processing /home/airflow/.local/lib/python3.7/site-packages/airflow/example_dags/example_xcomargs.py took 0.078 seconds
[2023-04-25T02:00:53.548+0000] {processor.py:153} INFO - Started process (PID=1241) to work on /home/airflow/.local/lib/python3.7/site-packages/airflow/example_dags/example_xcomargs.py
[2023-04-25T02:00:53.549+0000] {processor.py:743} INFO - Processing file /home/airflow/.local/lib/python3.7/site-packages/airflow/example_dags/example_xcomargs.py for tasks to queue
[2023-04-25T02:00:53.550+0000] {logging_mixin.py:137} INFO - [2023-04-25T02:00:53.550+0000] {dagbag.py:532} INFO - Filling up the DagBag from /home/airflow/.local/lib/python3.7/site-packages/airflow/example_dags/example_xcomargs.py
[2023-04-25T02:00:53.566+0000] {processor.py:753} INFO - DAG(s) dict_keys(['example_xcom_args_with_operators', 'example_xcom_args']) retrieved from /home/airflow/.local/lib/python3.7/site-packages/airflow/example_dags/example_xcomargs.py
[2023-04-25T02:00:53.591+0000] {logging_mixin.py:137} INFO - [2023-04-25T02:00:53.591+0000] {dag.py:2705} INFO - Sync 2 DAGs
[2023-04-25T02:00:53.607+0000] {logging_mixin.py:137} INFO - [2023-04-25T02:00:53.607+0000] {dag.py:3456} INFO - Setting next_dagrun for example_xcom_args to None, run_after=None
[2023-04-25T02:00:53.609+0000] {logging_mixin.py:137} INFO - [2023-04-25T02:00:53.609+0000] {dag.py:3456} INFO - Setting next_dagrun for example_xcom_args_with_operators to None, run_after=None
[2023-04-25T02:00:53.619+0000] {processor.py:175} INFO - Processing /home/airflow/.local/lib/python3.7/site-packages/airflow/example_dags/example_xcomargs.py took 0.075 seconds
[2023-04-25T02:01:24.159+0000] {processor.py:153} INFO - Started process (PID=1291) to work on /home/airflow/.local/lib/python3.7/site-packages/airflow/example_dags/example_xcomargs.py
[2023-04-25T02:01:24.160+0000] {processor.py:743} INFO - Processing file /home/airflow/.local/lib/python3.7/site-packages/airflow/example_dags/example_xcomargs.py for tasks to queue
[2023-04-25T02:01:24.161+0000] {logging_mixin.py:137} INFO - [2023-04-25T02:01:24.161+0000] {dagbag.py:532} INFO - Filling up the DagBag from /home/airflow/.local/lib/python3.7/site-packages/airflow/example_dags/example_xcomargs.py
[2023-04-25T02:01:24.178+0000] {processor.py:753} INFO - DAG(s) dict_keys(['example_xcom_args', 'example_xcom_args_with_operators']) retrieved from /home/airflow/.local/lib/python3.7/site-packages/airflow/example_dags/example_xcomargs.py
[2023-04-25T02:01:24.203+0000] {logging_mixin.py:137} INFO - [2023-04-25T02:01:24.203+0000] {dag.py:2705} INFO - Sync 2 DAGs
[2023-04-25T02:01:24.222+0000] {logging_mixin.py:137} INFO - [2023-04-25T02:01:24.222+0000] {dag.py:3456} INFO - Setting next_dagrun for example_xcom_args to None, run_after=None
[2023-04-25T02:01:24.225+0000] {logging_mixin.py:137} INFO - [2023-04-25T02:01:24.225+0000] {dag.py:3456} INFO - Setting next_dagrun for example_xcom_args_with_operators to None, run_after=None
[2023-04-25T02:01:24.237+0000] {processor.py:175} INFO - Processing /home/airflow/.local/lib/python3.7/site-packages/airflow/example_dags/example_xcomargs.py took 0.082 seconds
[2023-04-25T02:01:54.514+0000] {processor.py:153} INFO - Started process (PID=1340) to work on /home/airflow/.local/lib/python3.7/site-packages/airflow/example_dags/example_xcomargs.py
[2023-04-25T02:01:54.515+0000] {processor.py:743} INFO - Processing file /home/airflow/.local/lib/python3.7/site-packages/airflow/example_dags/example_xcomargs.py for tasks to queue
[2023-04-25T02:01:54.516+0000] {logging_mixin.py:137} INFO - [2023-04-25T02:01:54.516+0000] {dagbag.py:532} INFO - Filling up the DagBag from /home/airflow/.local/lib/python3.7/site-packages/airflow/example_dags/example_xcomargs.py
[2023-04-25T02:01:54.533+0000] {processor.py:753} INFO - DAG(s) dict_keys(['example_xcom_args_with_operators', 'example_xcom_args']) retrieved from /home/airflow/.local/lib/python3.7/site-packages/airflow/example_dags/example_xcomargs.py
[2023-04-25T02:01:54.559+0000] {logging_mixin.py:137} INFO - [2023-04-25T02:01:54.558+0000] {dag.py:2705} INFO - Sync 2 DAGs
[2023-04-25T02:01:54.575+0000] {logging_mixin.py:137} INFO - [2023-04-25T02:01:54.575+0000] {dag.py:3456} INFO - Setting next_dagrun for example_xcom_args to None, run_after=None
[2023-04-25T02:01:54.578+0000] {logging_mixin.py:137} INFO - [2023-04-25T02:01:54.578+0000] {dag.py:3456} INFO - Setting next_dagrun for example_xcom_args_with_operators to None, run_after=None
[2023-04-25T02:01:54.588+0000] {processor.py:175} INFO - Processing /home/airflow/.local/lib/python3.7/site-packages/airflow/example_dags/example_xcomargs.py took 0.077 seconds
[2023-04-25T02:02:25.095+0000] {processor.py:153} INFO - Started process (PID=1390) to work on /home/airflow/.local/lib/python3.7/site-packages/airflow/example_dags/example_xcomargs.py
[2023-04-25T02:02:25.097+0000] {processor.py:743} INFO - Processing file /home/airflow/.local/lib/python3.7/site-packages/airflow/example_dags/example_xcomargs.py for tasks to queue
[2023-04-25T02:02:25.097+0000] {logging_mixin.py:137} INFO - [2023-04-25T02:02:25.097+0000] {dagbag.py:532} INFO - Filling up the DagBag from /home/airflow/.local/lib/python3.7/site-packages/airflow/example_dags/example_xcomargs.py
[2023-04-25T02:02:25.114+0000] {processor.py:753} INFO - DAG(s) dict_keys(['example_xcom_args_with_operators', 'example_xcom_args']) retrieved from /home/airflow/.local/lib/python3.7/site-packages/airflow/example_dags/example_xcomargs.py
[2023-04-25T02:02:25.138+0000] {logging_mixin.py:137} INFO - [2023-04-25T02:02:25.138+0000] {dag.py:2705} INFO - Sync 2 DAGs
[2023-04-25T02:02:25.154+0000] {logging_mixin.py:137} INFO - [2023-04-25T02:02:25.154+0000] {dag.py:3456} INFO - Setting next_dagrun for example_xcom_args to None, run_after=None
[2023-04-25T02:02:25.157+0000] {logging_mixin.py:137} INFO - [2023-04-25T02:02:25.157+0000] {dag.py:3456} INFO - Setting next_dagrun for example_xcom_args_with_operators to None, run_after=None
[2023-04-25T02:02:25.168+0000] {processor.py:175} INFO - Processing /home/airflow/.local/lib/python3.7/site-packages/airflow/example_dags/example_xcomargs.py took 0.075 seconds
[2023-04-25T02:02:55.682+0000] {processor.py:153} INFO - Started process (PID=1440) to work on /home/airflow/.local/lib/python3.7/site-packages/airflow/example_dags/example_xcomargs.py
[2023-04-25T02:02:55.684+0000] {processor.py:743} INFO - Processing file /home/airflow/.local/lib/python3.7/site-packages/airflow/example_dags/example_xcomargs.py for tasks to queue
[2023-04-25T02:02:55.685+0000] {logging_mixin.py:137} INFO - [2023-04-25T02:02:55.685+0000] {dagbag.py:532} INFO - Filling up the DagBag from /home/airflow/.local/lib/python3.7/site-packages/airflow/example_dags/example_xcomargs.py
[2023-04-25T02:02:55.705+0000] {processor.py:753} INFO - DAG(s) dict_keys(['example_xcom_args', 'example_xcom_args_with_operators']) retrieved from /home/airflow/.local/lib/python3.7/site-packages/airflow/example_dags/example_xcomargs.py
[2023-04-25T02:02:55.734+0000] {logging_mixin.py:137} INFO - [2023-04-25T02:02:55.734+0000] {dag.py:2705} INFO - Sync 2 DAGs
[2023-04-25T02:02:55.752+0000] {logging_mixin.py:137} INFO - [2023-04-25T02:02:55.752+0000] {dag.py:3456} INFO - Setting next_dagrun for example_xcom_args to None, run_after=None
[2023-04-25T02:02:55.755+0000] {logging_mixin.py:137} INFO - [2023-04-25T02:02:55.755+0000] {dag.py:3456} INFO - Setting next_dagrun for example_xcom_args_with_operators to None, run_after=None
[2023-04-25T02:02:55.767+0000] {processor.py:175} INFO - Processing /home/airflow/.local/lib/python3.7/site-packages/airflow/example_dags/example_xcomargs.py took 0.088 seconds
