[2023-04-25T01:48:41.449+0000] {processor.py:153} INFO - Started process (PID=53) to work on /home/airflow/.local/lib/python3.7/site-packages/airflow/example_dags/example_skip_dag.py
[2023-04-25T01:48:41.451+0000] {processor.py:743} INFO - Processing file /home/airflow/.local/lib/python3.7/site-packages/airflow/example_dags/example_skip_dag.py for tasks to queue
[2023-04-25T01:48:41.457+0000] {logging_mixin.py:137} INFO - [2023-04-25T01:48:41.457+0000] {dagbag.py:532} INFO - Filling up the DagBag from /home/airflow/.local/lib/python3.7/site-packages/airflow/example_dags/example_skip_dag.py
[2023-04-25T01:48:41.514+0000] {processor.py:753} INFO - DAG(s) dict_keys(['example_skip_dag']) retrieved from /home/airflow/.local/lib/python3.7/site-packages/airflow/example_dags/example_skip_dag.py
[2023-04-25T01:48:41.535+0000] {logging_mixin.py:137} INFO - [2023-04-25T01:48:41.535+0000] {dag.py:2705} INFO - Sync 1 DAGs
[2023-04-25T01:48:41.596+0000] {logging_mixin.py:137} INFO - [2023-04-25T01:48:41.596+0000] {dag.py:3456} INFO - Setting next_dagrun for example_skip_dag to 2023-04-24T01:48:41.596367+00:00, run_after=2023-04-25T01:48:41.596367+00:00
[2023-04-25T01:48:41.683+0000] {processor.py:175} INFO - Processing /home/airflow/.local/lib/python3.7/site-packages/airflow/example_dags/example_skip_dag.py took 0.240 seconds
[2023-04-25T01:49:12.368+0000] {processor.py:153} INFO - Started process (PID=102) to work on /home/airflow/.local/lib/python3.7/site-packages/airflow/example_dags/example_skip_dag.py
[2023-04-25T01:49:12.370+0000] {processor.py:743} INFO - Processing file /home/airflow/.local/lib/python3.7/site-packages/airflow/example_dags/example_skip_dag.py for tasks to queue
[2023-04-25T01:49:12.371+0000] {logging_mixin.py:137} INFO - [2023-04-25T01:49:12.371+0000] {dagbag.py:532} INFO - Filling up the DagBag from /home/airflow/.local/lib/python3.7/site-packages/airflow/example_dags/example_skip_dag.py
[2023-04-25T01:49:12.388+0000] {processor.py:753} INFO - DAG(s) dict_keys(['example_skip_dag']) retrieved from /home/airflow/.local/lib/python3.7/site-packages/airflow/example_dags/example_skip_dag.py
[2023-04-25T01:49:12.412+0000] {logging_mixin.py:137} INFO - [2023-04-25T01:49:12.412+0000] {dag.py:2705} INFO - Sync 1 DAGs
[2023-04-25T01:49:12.435+0000] {logging_mixin.py:137} INFO - [2023-04-25T01:49:12.435+0000] {dag.py:3456} INFO - Setting next_dagrun for example_skip_dag to 2023-04-24T01:49:12.434867+00:00, run_after=2023-04-25T01:49:12.434867+00:00
[2023-04-25T01:49:12.457+0000] {processor.py:175} INFO - Processing /home/airflow/.local/lib/python3.7/site-packages/airflow/example_dags/example_skip_dag.py took 0.093 seconds
[2023-04-25T01:49:42.584+0000] {processor.py:153} INFO - Started process (PID=152) to work on /home/airflow/.local/lib/python3.7/site-packages/airflow/example_dags/example_skip_dag.py
[2023-04-25T01:49:42.586+0000] {processor.py:743} INFO - Processing file /home/airflow/.local/lib/python3.7/site-packages/airflow/example_dags/example_skip_dag.py for tasks to queue
[2023-04-25T01:49:42.588+0000] {logging_mixin.py:137} INFO - [2023-04-25T01:49:42.587+0000] {dagbag.py:532} INFO - Filling up the DagBag from /home/airflow/.local/lib/python3.7/site-packages/airflow/example_dags/example_skip_dag.py
[2023-04-25T01:49:42.621+0000] {processor.py:753} INFO - DAG(s) dict_keys(['example_skip_dag']) retrieved from /home/airflow/.local/lib/python3.7/site-packages/airflow/example_dags/example_skip_dag.py
[2023-04-25T01:49:42.687+0000] {logging_mixin.py:137} INFO - [2023-04-25T01:49:42.687+0000] {dag.py:2705} INFO - Sync 1 DAGs
[2023-04-25T01:49:42.713+0000] {logging_mixin.py:137} INFO - [2023-04-25T01:49:42.713+0000] {dag.py:3456} INFO - Setting next_dagrun for example_skip_dag to 2023-04-24T01:49:42.713049+00:00, run_after=2023-04-25T01:49:42.713049+00:00
[2023-04-25T01:49:42.759+0000] {processor.py:175} INFO - Processing /home/airflow/.local/lib/python3.7/site-packages/airflow/example_dags/example_skip_dag.py took 0.180 seconds
[2023-04-25T01:50:13.277+0000] {processor.py:153} INFO - Started process (PID=202) to work on /home/airflow/.local/lib/python3.7/site-packages/airflow/example_dags/example_skip_dag.py
[2023-04-25T01:50:13.279+0000] {processor.py:743} INFO - Processing file /home/airflow/.local/lib/python3.7/site-packages/airflow/example_dags/example_skip_dag.py for tasks to queue
[2023-04-25T01:50:13.280+0000] {logging_mixin.py:137} INFO - [2023-04-25T01:50:13.279+0000] {dagbag.py:532} INFO - Filling up the DagBag from /home/airflow/.local/lib/python3.7/site-packages/airflow/example_dags/example_skip_dag.py
[2023-04-25T01:50:13.290+0000] {processor.py:753} INFO - DAG(s) dict_keys(['example_skip_dag']) retrieved from /home/airflow/.local/lib/python3.7/site-packages/airflow/example_dags/example_skip_dag.py
[2023-04-25T01:50:13.313+0000] {logging_mixin.py:137} INFO - [2023-04-25T01:50:13.313+0000] {dag.py:2705} INFO - Sync 1 DAGs
[2023-04-25T01:50:13.336+0000] {logging_mixin.py:137} INFO - [2023-04-25T01:50:13.336+0000] {dag.py:3456} INFO - Setting next_dagrun for example_skip_dag to 2023-04-24T01:50:13.336072+00:00, run_after=2023-04-25T01:50:13.336072+00:00
[2023-04-25T01:50:13.352+0000] {processor.py:175} INFO - Processing /home/airflow/.local/lib/python3.7/site-packages/airflow/example_dags/example_skip_dag.py took 0.078 seconds
[2023-04-25T01:50:43.913+0000] {processor.py:153} INFO - Started process (PID=253) to work on /home/airflow/.local/lib/python3.7/site-packages/airflow/example_dags/example_skip_dag.py
[2023-04-25T01:50:43.917+0000] {processor.py:743} INFO - Processing file /home/airflow/.local/lib/python3.7/site-packages/airflow/example_dags/example_skip_dag.py for tasks to queue
[2023-04-25T01:50:43.923+0000] {logging_mixin.py:137} INFO - [2023-04-25T01:50:43.923+0000] {dagbag.py:532} INFO - Filling up the DagBag from /home/airflow/.local/lib/python3.7/site-packages/airflow/example_dags/example_skip_dag.py
[2023-04-25T01:50:43.956+0000] {processor.py:753} INFO - DAG(s) dict_keys(['example_skip_dag']) retrieved from /home/airflow/.local/lib/python3.7/site-packages/airflow/example_dags/example_skip_dag.py
[2023-04-25T01:50:43.990+0000] {logging_mixin.py:137} INFO - [2023-04-25T01:50:43.990+0000] {dag.py:2705} INFO - Sync 1 DAGs
[2023-04-25T01:50:44.021+0000] {logging_mixin.py:137} INFO - [2023-04-25T01:50:44.021+0000] {dag.py:3456} INFO - Setting next_dagrun for example_skip_dag to 2023-04-24T01:50:44.021531+00:00, run_after=2023-04-25T01:50:44.021531+00:00
[2023-04-25T01:50:44.042+0000] {processor.py:175} INFO - Processing /home/airflow/.local/lib/python3.7/site-packages/airflow/example_dags/example_skip_dag.py took 0.132 seconds
[2023-04-25T01:51:14.319+0000] {processor.py:153} INFO - Started process (PID=303) to work on /home/airflow/.local/lib/python3.7/site-packages/airflow/example_dags/example_skip_dag.py
[2023-04-25T01:51:14.320+0000] {processor.py:743} INFO - Processing file /home/airflow/.local/lib/python3.7/site-packages/airflow/example_dags/example_skip_dag.py for tasks to queue
[2023-04-25T01:51:14.321+0000] {logging_mixin.py:137} INFO - [2023-04-25T01:51:14.321+0000] {dagbag.py:532} INFO - Filling up the DagBag from /home/airflow/.local/lib/python3.7/site-packages/airflow/example_dags/example_skip_dag.py
[2023-04-25T01:51:14.333+0000] {processor.py:753} INFO - DAG(s) dict_keys(['example_skip_dag']) retrieved from /home/airflow/.local/lib/python3.7/site-packages/airflow/example_dags/example_skip_dag.py
[2023-04-25T01:51:14.354+0000] {logging_mixin.py:137} INFO - [2023-04-25T01:51:14.354+0000] {dag.py:2705} INFO - Sync 1 DAGs
[2023-04-25T01:51:14.373+0000] {logging_mixin.py:137} INFO - [2023-04-25T01:51:14.373+0000] {dag.py:3456} INFO - Setting next_dagrun for example_skip_dag to 2023-04-24T01:51:14.373004+00:00, run_after=2023-04-25T01:51:14.373004+00:00
[2023-04-25T01:51:14.383+0000] {processor.py:175} INFO - Processing /home/airflow/.local/lib/python3.7/site-packages/airflow/example_dags/example_skip_dag.py took 0.068 seconds
[2023-04-25T01:51:44.551+0000] {processor.py:153} INFO - Started process (PID=353) to work on /home/airflow/.local/lib/python3.7/site-packages/airflow/example_dags/example_skip_dag.py
[2023-04-25T01:51:44.553+0000] {processor.py:743} INFO - Processing file /home/airflow/.local/lib/python3.7/site-packages/airflow/example_dags/example_skip_dag.py for tasks to queue
[2023-04-25T01:51:44.554+0000] {logging_mixin.py:137} INFO - [2023-04-25T01:51:44.554+0000] {dagbag.py:532} INFO - Filling up the DagBag from /home/airflow/.local/lib/python3.7/site-packages/airflow/example_dags/example_skip_dag.py
[2023-04-25T01:51:44.565+0000] {processor.py:753} INFO - DAG(s) dict_keys(['example_skip_dag']) retrieved from /home/airflow/.local/lib/python3.7/site-packages/airflow/example_dags/example_skip_dag.py
[2023-04-25T01:51:44.587+0000] {logging_mixin.py:137} INFO - [2023-04-25T01:51:44.587+0000] {dag.py:2705} INFO - Sync 1 DAGs
[2023-04-25T01:51:44.605+0000] {logging_mixin.py:137} INFO - [2023-04-25T01:51:44.604+0000] {dag.py:3456} INFO - Setting next_dagrun for example_skip_dag to 2023-04-24T01:51:44.604723+00:00, run_after=2023-04-25T01:51:44.604723+00:00
[2023-04-25T01:51:44.616+0000] {processor.py:175} INFO - Processing /home/airflow/.local/lib/python3.7/site-packages/airflow/example_dags/example_skip_dag.py took 0.068 seconds
[2023-04-25T01:52:15.157+0000] {processor.py:153} INFO - Started process (PID=404) to work on /home/airflow/.local/lib/python3.7/site-packages/airflow/example_dags/example_skip_dag.py
[2023-04-25T01:52:15.159+0000] {processor.py:743} INFO - Processing file /home/airflow/.local/lib/python3.7/site-packages/airflow/example_dags/example_skip_dag.py for tasks to queue
[2023-04-25T01:52:15.160+0000] {logging_mixin.py:137} INFO - [2023-04-25T01:52:15.160+0000] {dagbag.py:532} INFO - Filling up the DagBag from /home/airflow/.local/lib/python3.7/site-packages/airflow/example_dags/example_skip_dag.py
[2023-04-25T01:52:15.171+0000] {processor.py:753} INFO - DAG(s) dict_keys(['example_skip_dag']) retrieved from /home/airflow/.local/lib/python3.7/site-packages/airflow/example_dags/example_skip_dag.py
[2023-04-25T01:52:15.191+0000] {logging_mixin.py:137} INFO - [2023-04-25T01:52:15.191+0000] {dag.py:2705} INFO - Sync 1 DAGs
[2023-04-25T01:52:15.208+0000] {logging_mixin.py:137} INFO - [2023-04-25T01:52:15.208+0000] {dag.py:3456} INFO - Setting next_dagrun for example_skip_dag to 2023-04-24T01:52:15.208278+00:00, run_after=2023-04-25T01:52:15.208278+00:00
[2023-04-25T01:52:15.222+0000] {processor.py:175} INFO - Processing /home/airflow/.local/lib/python3.7/site-packages/airflow/example_dags/example_skip_dag.py took 0.068 seconds
[2023-04-25T01:52:45.894+0000] {processor.py:153} INFO - Started process (PID=454) to work on /home/airflow/.local/lib/python3.7/site-packages/airflow/example_dags/example_skip_dag.py
[2023-04-25T01:52:45.895+0000] {processor.py:743} INFO - Processing file /home/airflow/.local/lib/python3.7/site-packages/airflow/example_dags/example_skip_dag.py for tasks to queue
[2023-04-25T01:52:45.897+0000] {logging_mixin.py:137} INFO - [2023-04-25T01:52:45.897+0000] {dagbag.py:532} INFO - Filling up the DagBag from /home/airflow/.local/lib/python3.7/site-packages/airflow/example_dags/example_skip_dag.py
[2023-04-25T01:52:45.907+0000] {processor.py:753} INFO - DAG(s) dict_keys(['example_skip_dag']) retrieved from /home/airflow/.local/lib/python3.7/site-packages/airflow/example_dags/example_skip_dag.py
[2023-04-25T01:52:45.931+0000] {logging_mixin.py:137} INFO - [2023-04-25T01:52:45.931+0000] {dag.py:2705} INFO - Sync 1 DAGs
[2023-04-25T01:52:45.948+0000] {logging_mixin.py:137} INFO - [2023-04-25T01:52:45.947+0000] {dag.py:3456} INFO - Setting next_dagrun for example_skip_dag to 2023-04-24T01:52:45.947649+00:00, run_after=2023-04-25T01:52:45.947649+00:00
[2023-04-25T01:52:45.960+0000] {processor.py:175} INFO - Processing /home/airflow/.local/lib/python3.7/site-packages/airflow/example_dags/example_skip_dag.py took 0.069 seconds
[2023-04-25T01:53:16.408+0000] {processor.py:153} INFO - Started process (PID=504) to work on /home/airflow/.local/lib/python3.7/site-packages/airflow/example_dags/example_skip_dag.py
[2023-04-25T01:53:16.410+0000] {processor.py:743} INFO - Processing file /home/airflow/.local/lib/python3.7/site-packages/airflow/example_dags/example_skip_dag.py for tasks to queue
[2023-04-25T01:53:16.411+0000] {logging_mixin.py:137} INFO - [2023-04-25T01:53:16.411+0000] {dagbag.py:532} INFO - Filling up the DagBag from /home/airflow/.local/lib/python3.7/site-packages/airflow/example_dags/example_skip_dag.py
[2023-04-25T01:53:16.422+0000] {processor.py:753} INFO - DAG(s) dict_keys(['example_skip_dag']) retrieved from /home/airflow/.local/lib/python3.7/site-packages/airflow/example_dags/example_skip_dag.py
[2023-04-25T01:53:16.445+0000] {logging_mixin.py:137} INFO - [2023-04-25T01:53:16.445+0000] {dag.py:2705} INFO - Sync 1 DAGs
[2023-04-25T01:53:16.464+0000] {logging_mixin.py:137} INFO - [2023-04-25T01:53:16.464+0000] {dag.py:3456} INFO - Setting next_dagrun for example_skip_dag to 2023-04-24T01:53:16.464516+00:00, run_after=2023-04-25T01:53:16.464516+00:00
[2023-04-25T01:53:16.476+0000] {processor.py:175} INFO - Processing /home/airflow/.local/lib/python3.7/site-packages/airflow/example_dags/example_skip_dag.py took 0.071 seconds
[2023-04-25T01:53:47.041+0000] {processor.py:153} INFO - Started process (PID=554) to work on /home/airflow/.local/lib/python3.7/site-packages/airflow/example_dags/example_skip_dag.py
[2023-04-25T01:53:47.043+0000] {processor.py:743} INFO - Processing file /home/airflow/.local/lib/python3.7/site-packages/airflow/example_dags/example_skip_dag.py for tasks to queue
[2023-04-25T01:53:47.045+0000] {logging_mixin.py:137} INFO - [2023-04-25T01:53:47.045+0000] {dagbag.py:532} INFO - Filling up the DagBag from /home/airflow/.local/lib/python3.7/site-packages/airflow/example_dags/example_skip_dag.py
[2023-04-25T01:53:47.057+0000] {processor.py:753} INFO - DAG(s) dict_keys(['example_skip_dag']) retrieved from /home/airflow/.local/lib/python3.7/site-packages/airflow/example_dags/example_skip_dag.py
[2023-04-25T01:53:47.079+0000] {logging_mixin.py:137} INFO - [2023-04-25T01:53:47.078+0000] {dag.py:2705} INFO - Sync 1 DAGs
[2023-04-25T01:53:47.096+0000] {logging_mixin.py:137} INFO - [2023-04-25T01:53:47.096+0000] {dag.py:3456} INFO - Setting next_dagrun for example_skip_dag to 2023-04-24T01:53:47.095926+00:00, run_after=2023-04-25T01:53:47.095926+00:00
[2023-04-25T01:53:47.107+0000] {processor.py:175} INFO - Processing /home/airflow/.local/lib/python3.7/site-packages/airflow/example_dags/example_skip_dag.py took 0.069 seconds
[2023-04-25T01:54:17.731+0000] {processor.py:153} INFO - Started process (PID=604) to work on /home/airflow/.local/lib/python3.7/site-packages/airflow/example_dags/example_skip_dag.py
[2023-04-25T01:54:17.732+0000] {processor.py:743} INFO - Processing file /home/airflow/.local/lib/python3.7/site-packages/airflow/example_dags/example_skip_dag.py for tasks to queue
[2023-04-25T01:54:17.733+0000] {logging_mixin.py:137} INFO - [2023-04-25T01:54:17.733+0000] {dagbag.py:532} INFO - Filling up the DagBag from /home/airflow/.local/lib/python3.7/site-packages/airflow/example_dags/example_skip_dag.py
[2023-04-25T01:54:17.743+0000] {processor.py:753} INFO - DAG(s) dict_keys(['example_skip_dag']) retrieved from /home/airflow/.local/lib/python3.7/site-packages/airflow/example_dags/example_skip_dag.py
[2023-04-25T01:54:17.764+0000] {logging_mixin.py:137} INFO - [2023-04-25T01:54:17.764+0000] {dag.py:2705} INFO - Sync 1 DAGs
[2023-04-25T01:54:17.781+0000] {logging_mixin.py:137} INFO - [2023-04-25T01:54:17.781+0000] {dag.py:3456} INFO - Setting next_dagrun for example_skip_dag to 2023-04-24T01:54:17.781326+00:00, run_after=2023-04-25T01:54:17.781326+00:00
[2023-04-25T01:54:17.793+0000] {processor.py:175} INFO - Processing /home/airflow/.local/lib/python3.7/site-packages/airflow/example_dags/example_skip_dag.py took 0.065 seconds
[2023-04-25T01:54:48.434+0000] {processor.py:153} INFO - Started process (PID=654) to work on /home/airflow/.local/lib/python3.7/site-packages/airflow/example_dags/example_skip_dag.py
[2023-04-25T01:54:48.435+0000] {processor.py:743} INFO - Processing file /home/airflow/.local/lib/python3.7/site-packages/airflow/example_dags/example_skip_dag.py for tasks to queue
[2023-04-25T01:54:48.436+0000] {logging_mixin.py:137} INFO - [2023-04-25T01:54:48.436+0000] {dagbag.py:532} INFO - Filling up the DagBag from /home/airflow/.local/lib/python3.7/site-packages/airflow/example_dags/example_skip_dag.py
[2023-04-25T01:54:48.447+0000] {processor.py:753} INFO - DAG(s) dict_keys(['example_skip_dag']) retrieved from /home/airflow/.local/lib/python3.7/site-packages/airflow/example_dags/example_skip_dag.py
[2023-04-25T01:54:48.469+0000] {logging_mixin.py:137} INFO - [2023-04-25T01:54:48.469+0000] {dag.py:2705} INFO - Sync 1 DAGs
[2023-04-25T01:54:48.487+0000] {logging_mixin.py:137} INFO - [2023-04-25T01:54:48.487+0000] {dag.py:3456} INFO - Setting next_dagrun for example_skip_dag to 2023-04-24T01:54:48.487638+00:00, run_after=2023-04-25T01:54:48.487638+00:00
[2023-04-25T01:54:48.499+0000] {processor.py:175} INFO - Processing /home/airflow/.local/lib/python3.7/site-packages/airflow/example_dags/example_skip_dag.py took 0.069 seconds
[2023-04-25T01:55:18.943+0000] {processor.py:153} INFO - Started process (PID=704) to work on /home/airflow/.local/lib/python3.7/site-packages/airflow/example_dags/example_skip_dag.py
[2023-04-25T01:55:18.944+0000] {processor.py:743} INFO - Processing file /home/airflow/.local/lib/python3.7/site-packages/airflow/example_dags/example_skip_dag.py for tasks to queue
[2023-04-25T01:55:18.945+0000] {logging_mixin.py:137} INFO - [2023-04-25T01:55:18.945+0000] {dagbag.py:532} INFO - Filling up the DagBag from /home/airflow/.local/lib/python3.7/site-packages/airflow/example_dags/example_skip_dag.py
[2023-04-25T01:55:18.955+0000] {processor.py:753} INFO - DAG(s) dict_keys(['example_skip_dag']) retrieved from /home/airflow/.local/lib/python3.7/site-packages/airflow/example_dags/example_skip_dag.py
[2023-04-25T01:55:18.979+0000] {logging_mixin.py:137} INFO - [2023-04-25T01:55:18.978+0000] {dag.py:2705} INFO - Sync 1 DAGs
[2023-04-25T01:55:18.997+0000] {logging_mixin.py:137} INFO - [2023-04-25T01:55:18.997+0000] {dag.py:3456} INFO - Setting next_dagrun for example_skip_dag to 2023-04-24T01:55:18.997243+00:00, run_after=2023-04-25T01:55:18.997243+00:00
[2023-04-25T01:55:19.008+0000] {processor.py:175} INFO - Processing /home/airflow/.local/lib/python3.7/site-packages/airflow/example_dags/example_skip_dag.py took 0.068 seconds
[2023-04-25T01:55:49.652+0000] {processor.py:153} INFO - Started process (PID=753) to work on /home/airflow/.local/lib/python3.7/site-packages/airflow/example_dags/example_skip_dag.py
[2023-04-25T01:55:49.654+0000] {processor.py:743} INFO - Processing file /home/airflow/.local/lib/python3.7/site-packages/airflow/example_dags/example_skip_dag.py for tasks to queue
[2023-04-25T01:55:49.656+0000] {logging_mixin.py:137} INFO - [2023-04-25T01:55:49.655+0000] {dagbag.py:532} INFO - Filling up the DagBag from /home/airflow/.local/lib/python3.7/site-packages/airflow/example_dags/example_skip_dag.py
[2023-04-25T01:55:49.667+0000] {processor.py:753} INFO - DAG(s) dict_keys(['example_skip_dag']) retrieved from /home/airflow/.local/lib/python3.7/site-packages/airflow/example_dags/example_skip_dag.py
[2023-04-25T01:55:49.693+0000] {logging_mixin.py:137} INFO - [2023-04-25T01:55:49.693+0000] {dag.py:2705} INFO - Sync 1 DAGs
[2023-04-25T01:55:49.714+0000] {logging_mixin.py:137} INFO - [2023-04-25T01:55:49.714+0000] {dag.py:3456} INFO - Setting next_dagrun for example_skip_dag to 2023-04-24T01:55:49.714202+00:00, run_after=2023-04-25T01:55:49.714202+00:00
[2023-04-25T01:55:49.727+0000] {processor.py:175} INFO - Processing /home/airflow/.local/lib/python3.7/site-packages/airflow/example_dags/example_skip_dag.py took 0.078 seconds
[2023-04-25T01:56:20.015+0000] {processor.py:153} INFO - Started process (PID=803) to work on /home/airflow/.local/lib/python3.7/site-packages/airflow/example_dags/example_skip_dag.py
[2023-04-25T01:56:20.016+0000] {processor.py:743} INFO - Processing file /home/airflow/.local/lib/python3.7/site-packages/airflow/example_dags/example_skip_dag.py for tasks to queue
[2023-04-25T01:56:20.017+0000] {logging_mixin.py:137} INFO - [2023-04-25T01:56:20.017+0000] {dagbag.py:532} INFO - Filling up the DagBag from /home/airflow/.local/lib/python3.7/site-packages/airflow/example_dags/example_skip_dag.py
[2023-04-25T01:56:20.029+0000] {processor.py:753} INFO - DAG(s) dict_keys(['example_skip_dag']) retrieved from /home/airflow/.local/lib/python3.7/site-packages/airflow/example_dags/example_skip_dag.py
[2023-04-25T01:56:20.050+0000] {logging_mixin.py:137} INFO - [2023-04-25T01:56:20.050+0000] {dag.py:2705} INFO - Sync 1 DAGs
[2023-04-25T01:56:20.068+0000] {logging_mixin.py:137} INFO - [2023-04-25T01:56:20.068+0000] {dag.py:3456} INFO - Setting next_dagrun for example_skip_dag to 2023-04-24T01:56:20.067905+00:00, run_after=2023-04-25T01:56:20.067905+00:00
[2023-04-25T01:56:20.080+0000] {processor.py:175} INFO - Processing /home/airflow/.local/lib/python3.7/site-packages/airflow/example_dags/example_skip_dag.py took 0.068 seconds
[2023-04-25T01:56:50.592+0000] {processor.py:153} INFO - Started process (PID=853) to work on /home/airflow/.local/lib/python3.7/site-packages/airflow/example_dags/example_skip_dag.py
[2023-04-25T01:56:50.593+0000] {processor.py:743} INFO - Processing file /home/airflow/.local/lib/python3.7/site-packages/airflow/example_dags/example_skip_dag.py for tasks to queue
[2023-04-25T01:56:50.594+0000] {logging_mixin.py:137} INFO - [2023-04-25T01:56:50.594+0000] {dagbag.py:532} INFO - Filling up the DagBag from /home/airflow/.local/lib/python3.7/site-packages/airflow/example_dags/example_skip_dag.py
[2023-04-25T01:56:50.606+0000] {processor.py:753} INFO - DAG(s) dict_keys(['example_skip_dag']) retrieved from /home/airflow/.local/lib/python3.7/site-packages/airflow/example_dags/example_skip_dag.py
[2023-04-25T01:56:50.630+0000] {logging_mixin.py:137} INFO - [2023-04-25T01:56:50.630+0000] {dag.py:2705} INFO - Sync 1 DAGs
[2023-04-25T01:56:50.647+0000] {logging_mixin.py:137} INFO - [2023-04-25T01:56:50.647+0000] {dag.py:3456} INFO - Setting next_dagrun for example_skip_dag to 2023-04-24T01:56:50.647630+00:00, run_after=2023-04-25T01:56:50.647630+00:00
[2023-04-25T01:56:50.660+0000] {processor.py:175} INFO - Processing /home/airflow/.local/lib/python3.7/site-packages/airflow/example_dags/example_skip_dag.py took 0.071 seconds
[2023-04-25T01:57:21.388+0000] {processor.py:153} INFO - Started process (PID=903) to work on /home/airflow/.local/lib/python3.7/site-packages/airflow/example_dags/example_skip_dag.py
[2023-04-25T01:57:21.389+0000] {processor.py:743} INFO - Processing file /home/airflow/.local/lib/python3.7/site-packages/airflow/example_dags/example_skip_dag.py for tasks to queue
[2023-04-25T01:57:21.390+0000] {logging_mixin.py:137} INFO - [2023-04-25T01:57:21.390+0000] {dagbag.py:532} INFO - Filling up the DagBag from /home/airflow/.local/lib/python3.7/site-packages/airflow/example_dags/example_skip_dag.py
[2023-04-25T01:57:21.400+0000] {processor.py:753} INFO - DAG(s) dict_keys(['example_skip_dag']) retrieved from /home/airflow/.local/lib/python3.7/site-packages/airflow/example_dags/example_skip_dag.py
[2023-04-25T01:57:21.422+0000] {logging_mixin.py:137} INFO - [2023-04-25T01:57:21.422+0000] {dag.py:2705} INFO - Sync 1 DAGs
[2023-04-25T01:57:21.440+0000] {logging_mixin.py:137} INFO - [2023-04-25T01:57:21.440+0000] {dag.py:3456} INFO - Setting next_dagrun for example_skip_dag to 2023-04-24T01:57:21.440418+00:00, run_after=2023-04-25T01:57:21.440418+00:00
[2023-04-25T01:57:21.452+0000] {processor.py:175} INFO - Processing /home/airflow/.local/lib/python3.7/site-packages/airflow/example_dags/example_skip_dag.py took 0.068 seconds
[2023-04-25T01:57:52.050+0000] {processor.py:153} INFO - Started process (PID=953) to work on /home/airflow/.local/lib/python3.7/site-packages/airflow/example_dags/example_skip_dag.py
[2023-04-25T01:57:52.051+0000] {processor.py:743} INFO - Processing file /home/airflow/.local/lib/python3.7/site-packages/airflow/example_dags/example_skip_dag.py for tasks to queue
[2023-04-25T01:57:52.052+0000] {logging_mixin.py:137} INFO - [2023-04-25T01:57:52.052+0000] {dagbag.py:532} INFO - Filling up the DagBag from /home/airflow/.local/lib/python3.7/site-packages/airflow/example_dags/example_skip_dag.py
[2023-04-25T01:57:52.063+0000] {processor.py:753} INFO - DAG(s) dict_keys(['example_skip_dag']) retrieved from /home/airflow/.local/lib/python3.7/site-packages/airflow/example_dags/example_skip_dag.py
[2023-04-25T01:57:52.085+0000] {logging_mixin.py:137} INFO - [2023-04-25T01:57:52.085+0000] {dag.py:2705} INFO - Sync 1 DAGs
[2023-04-25T01:57:52.103+0000] {logging_mixin.py:137} INFO - [2023-04-25T01:57:52.103+0000] {dag.py:3456} INFO - Setting next_dagrun for example_skip_dag to 2023-04-24T01:57:52.103513+00:00, run_after=2023-04-25T01:57:52.103513+00:00
[2023-04-25T01:57:52.115+0000] {processor.py:175} INFO - Processing /home/airflow/.local/lib/python3.7/site-packages/airflow/example_dags/example_skip_dag.py took 0.068 seconds
[2023-04-25T01:58:22.290+0000] {processor.py:153} INFO - Started process (PID=1003) to work on /home/airflow/.local/lib/python3.7/site-packages/airflow/example_dags/example_skip_dag.py
[2023-04-25T01:58:22.291+0000] {processor.py:743} INFO - Processing file /home/airflow/.local/lib/python3.7/site-packages/airflow/example_dags/example_skip_dag.py for tasks to queue
[2023-04-25T01:58:22.292+0000] {logging_mixin.py:137} INFO - [2023-04-25T01:58:22.292+0000] {dagbag.py:532} INFO - Filling up the DagBag from /home/airflow/.local/lib/python3.7/site-packages/airflow/example_dags/example_skip_dag.py
[2023-04-25T01:58:22.303+0000] {processor.py:753} INFO - DAG(s) dict_keys(['example_skip_dag']) retrieved from /home/airflow/.local/lib/python3.7/site-packages/airflow/example_dags/example_skip_dag.py
[2023-04-25T01:58:22.331+0000] {logging_mixin.py:137} INFO - [2023-04-25T01:58:22.331+0000] {dag.py:2705} INFO - Sync 1 DAGs
[2023-04-25T01:58:22.350+0000] {logging_mixin.py:137} INFO - [2023-04-25T01:58:22.350+0000] {dag.py:3456} INFO - Setting next_dagrun for example_skip_dag to 2023-04-24T01:58:22.350583+00:00, run_after=2023-04-25T01:58:22.350583+00:00
[2023-04-25T01:58:22.363+0000] {processor.py:175} INFO - Processing /home/airflow/.local/lib/python3.7/site-packages/airflow/example_dags/example_skip_dag.py took 0.076 seconds
[2023-04-25T01:58:52.880+0000] {processor.py:153} INFO - Started process (PID=1053) to work on /home/airflow/.local/lib/python3.7/site-packages/airflow/example_dags/example_skip_dag.py
[2023-04-25T01:58:52.881+0000] {processor.py:743} INFO - Processing file /home/airflow/.local/lib/python3.7/site-packages/airflow/example_dags/example_skip_dag.py for tasks to queue
[2023-04-25T01:58:52.882+0000] {logging_mixin.py:137} INFO - [2023-04-25T01:58:52.882+0000] {dagbag.py:532} INFO - Filling up the DagBag from /home/airflow/.local/lib/python3.7/site-packages/airflow/example_dags/example_skip_dag.py
[2023-04-25T01:58:52.892+0000] {processor.py:753} INFO - DAG(s) dict_keys(['example_skip_dag']) retrieved from /home/airflow/.local/lib/python3.7/site-packages/airflow/example_dags/example_skip_dag.py
[2023-04-25T01:58:52.914+0000] {logging_mixin.py:137} INFO - [2023-04-25T01:58:52.913+0000] {dag.py:2705} INFO - Sync 1 DAGs
[2023-04-25T01:58:52.931+0000] {logging_mixin.py:137} INFO - [2023-04-25T01:58:52.931+0000] {dag.py:3456} INFO - Setting next_dagrun for example_skip_dag to 2023-04-24T01:58:52.931516+00:00, run_after=2023-04-25T01:58:52.931516+00:00
[2023-04-25T01:58:52.943+0000] {processor.py:175} INFO - Processing /home/airflow/.local/lib/python3.7/site-packages/airflow/example_dags/example_skip_dag.py took 0.066 seconds
[2023-04-25T01:59:23.475+0000] {processor.py:153} INFO - Started process (PID=1103) to work on /home/airflow/.local/lib/python3.7/site-packages/airflow/example_dags/example_skip_dag.py
[2023-04-25T01:59:23.477+0000] {processor.py:743} INFO - Processing file /home/airflow/.local/lib/python3.7/site-packages/airflow/example_dags/example_skip_dag.py for tasks to queue
[2023-04-25T01:59:23.478+0000] {logging_mixin.py:137} INFO - [2023-04-25T01:59:23.478+0000] {dagbag.py:532} INFO - Filling up the DagBag from /home/airflow/.local/lib/python3.7/site-packages/airflow/example_dags/example_skip_dag.py
[2023-04-25T01:59:23.487+0000] {processor.py:753} INFO - DAG(s) dict_keys(['example_skip_dag']) retrieved from /home/airflow/.local/lib/python3.7/site-packages/airflow/example_dags/example_skip_dag.py
[2023-04-25T01:59:23.511+0000] {logging_mixin.py:137} INFO - [2023-04-25T01:59:23.511+0000] {dag.py:2705} INFO - Sync 1 DAGs
[2023-04-25T01:59:23.529+0000] {logging_mixin.py:137} INFO - [2023-04-25T01:59:23.529+0000] {dag.py:3456} INFO - Setting next_dagrun for example_skip_dag to 2023-04-24T01:59:23.529525+00:00, run_after=2023-04-25T01:59:23.529525+00:00
[2023-04-25T01:59:23.542+0000] {processor.py:175} INFO - Processing /home/airflow/.local/lib/python3.7/site-packages/airflow/example_dags/example_skip_dag.py took 0.070 seconds
[2023-04-25T01:59:54.096+0000] {processor.py:153} INFO - Started process (PID=1153) to work on /home/airflow/.local/lib/python3.7/site-packages/airflow/example_dags/example_skip_dag.py
[2023-04-25T01:59:54.098+0000] {processor.py:743} INFO - Processing file /home/airflow/.local/lib/python3.7/site-packages/airflow/example_dags/example_skip_dag.py for tasks to queue
[2023-04-25T01:59:54.099+0000] {logging_mixin.py:137} INFO - [2023-04-25T01:59:54.098+0000] {dagbag.py:532} INFO - Filling up the DagBag from /home/airflow/.local/lib/python3.7/site-packages/airflow/example_dags/example_skip_dag.py
[2023-04-25T01:59:54.109+0000] {processor.py:753} INFO - DAG(s) dict_keys(['example_skip_dag']) retrieved from /home/airflow/.local/lib/python3.7/site-packages/airflow/example_dags/example_skip_dag.py
[2023-04-25T01:59:54.131+0000] {logging_mixin.py:137} INFO - [2023-04-25T01:59:54.131+0000] {dag.py:2705} INFO - Sync 1 DAGs
[2023-04-25T01:59:54.149+0000] {logging_mixin.py:137} INFO - [2023-04-25T01:59:54.149+0000] {dag.py:3456} INFO - Setting next_dagrun for example_skip_dag to 2023-04-24T01:59:54.149203+00:00, run_after=2023-04-25T01:59:54.149203+00:00
[2023-04-25T01:59:54.160+0000] {processor.py:175} INFO - Processing /home/airflow/.local/lib/python3.7/site-packages/airflow/example_dags/example_skip_dag.py took 0.067 seconds
[2023-04-25T02:00:24.690+0000] {processor.py:153} INFO - Started process (PID=1203) to work on /home/airflow/.local/lib/python3.7/site-packages/airflow/example_dags/example_skip_dag.py
[2023-04-25T02:00:24.691+0000] {processor.py:743} INFO - Processing file /home/airflow/.local/lib/python3.7/site-packages/airflow/example_dags/example_skip_dag.py for tasks to queue
[2023-04-25T02:00:24.692+0000] {logging_mixin.py:137} INFO - [2023-04-25T02:00:24.692+0000] {dagbag.py:532} INFO - Filling up the DagBag from /home/airflow/.local/lib/python3.7/site-packages/airflow/example_dags/example_skip_dag.py
[2023-04-25T02:00:24.706+0000] {processor.py:753} INFO - DAG(s) dict_keys(['example_skip_dag']) retrieved from /home/airflow/.local/lib/python3.7/site-packages/airflow/example_dags/example_skip_dag.py
[2023-04-25T02:00:24.729+0000] {logging_mixin.py:137} INFO - [2023-04-25T02:00:24.729+0000] {dag.py:2705} INFO - Sync 1 DAGs
[2023-04-25T02:00:24.749+0000] {logging_mixin.py:137} INFO - [2023-04-25T02:00:24.749+0000] {dag.py:3456} INFO - Setting next_dagrun for example_skip_dag to 2023-04-24T02:00:24.749288+00:00, run_after=2023-04-25T02:00:24.749288+00:00
[2023-04-25T02:00:24.762+0000] {processor.py:175} INFO - Processing /home/airflow/.local/lib/python3.7/site-packages/airflow/example_dags/example_skip_dag.py took 0.078 seconds
[2023-04-25T02:00:55.221+0000] {processor.py:153} INFO - Started process (PID=1253) to work on /home/airflow/.local/lib/python3.7/site-packages/airflow/example_dags/example_skip_dag.py
[2023-04-25T02:00:55.222+0000] {processor.py:743} INFO - Processing file /home/airflow/.local/lib/python3.7/site-packages/airflow/example_dags/example_skip_dag.py for tasks to queue
[2023-04-25T02:00:55.223+0000] {logging_mixin.py:137} INFO - [2023-04-25T02:00:55.223+0000] {dagbag.py:532} INFO - Filling up the DagBag from /home/airflow/.local/lib/python3.7/site-packages/airflow/example_dags/example_skip_dag.py
[2023-04-25T02:00:55.234+0000] {processor.py:753} INFO - DAG(s) dict_keys(['example_skip_dag']) retrieved from /home/airflow/.local/lib/python3.7/site-packages/airflow/example_dags/example_skip_dag.py
[2023-04-25T02:00:55.256+0000] {logging_mixin.py:137} INFO - [2023-04-25T02:00:55.256+0000] {dag.py:2705} INFO - Sync 1 DAGs
[2023-04-25T02:00:55.273+0000] {logging_mixin.py:137} INFO - [2023-04-25T02:00:55.272+0000] {dag.py:3456} INFO - Setting next_dagrun for example_skip_dag to 2023-04-24T02:00:55.272753+00:00, run_after=2023-04-25T02:00:55.272753+00:00
[2023-04-25T02:00:55.284+0000] {processor.py:175} INFO - Processing /home/airflow/.local/lib/python3.7/site-packages/airflow/example_dags/example_skip_dag.py took 0.067 seconds
[2023-04-25T02:01:25.873+0000] {processor.py:153} INFO - Started process (PID=1303) to work on /home/airflow/.local/lib/python3.7/site-packages/airflow/example_dags/example_skip_dag.py
[2023-04-25T02:01:25.874+0000] {processor.py:743} INFO - Processing file /home/airflow/.local/lib/python3.7/site-packages/airflow/example_dags/example_skip_dag.py for tasks to queue
[2023-04-25T02:01:25.875+0000] {logging_mixin.py:137} INFO - [2023-04-25T02:01:25.875+0000] {dagbag.py:532} INFO - Filling up the DagBag from /home/airflow/.local/lib/python3.7/site-packages/airflow/example_dags/example_skip_dag.py
[2023-04-25T02:01:25.888+0000] {processor.py:753} INFO - DAG(s) dict_keys(['example_skip_dag']) retrieved from /home/airflow/.local/lib/python3.7/site-packages/airflow/example_dags/example_skip_dag.py
[2023-04-25T02:01:25.919+0000] {logging_mixin.py:137} INFO - [2023-04-25T02:01:25.918+0000] {dag.py:2705} INFO - Sync 1 DAGs
[2023-04-25T02:01:25.939+0000] {logging_mixin.py:137} INFO - [2023-04-25T02:01:25.939+0000] {dag.py:3456} INFO - Setting next_dagrun for example_skip_dag to 2023-04-24T02:01:25.939299+00:00, run_after=2023-04-25T02:01:25.939299+00:00
[2023-04-25T02:01:25.952+0000] {processor.py:175} INFO - Processing /home/airflow/.local/lib/python3.7/site-packages/airflow/example_dags/example_skip_dag.py took 0.082 seconds
[2023-04-25T02:01:56.179+0000] {processor.py:153} INFO - Started process (PID=1352) to work on /home/airflow/.local/lib/python3.7/site-packages/airflow/example_dags/example_skip_dag.py
[2023-04-25T02:01:56.180+0000] {processor.py:743} INFO - Processing file /home/airflow/.local/lib/python3.7/site-packages/airflow/example_dags/example_skip_dag.py for tasks to queue
[2023-04-25T02:01:56.181+0000] {logging_mixin.py:137} INFO - [2023-04-25T02:01:56.181+0000] {dagbag.py:532} INFO - Filling up the DagBag from /home/airflow/.local/lib/python3.7/site-packages/airflow/example_dags/example_skip_dag.py
[2023-04-25T02:01:56.192+0000] {processor.py:753} INFO - DAG(s) dict_keys(['example_skip_dag']) retrieved from /home/airflow/.local/lib/python3.7/site-packages/airflow/example_dags/example_skip_dag.py
[2023-04-25T02:01:56.214+0000] {logging_mixin.py:137} INFO - [2023-04-25T02:01:56.214+0000] {dag.py:2705} INFO - Sync 1 DAGs
[2023-04-25T02:01:56.232+0000] {logging_mixin.py:137} INFO - [2023-04-25T02:01:56.231+0000] {dag.py:3456} INFO - Setting next_dagrun for example_skip_dag to 2023-04-24T02:01:56.231701+00:00, run_after=2023-04-25T02:01:56.231701+00:00
[2023-04-25T02:01:56.245+0000] {processor.py:175} INFO - Processing /home/airflow/.local/lib/python3.7/site-packages/airflow/example_dags/example_skip_dag.py took 0.069 seconds
[2023-04-25T02:02:26.775+0000] {processor.py:153} INFO - Started process (PID=1402) to work on /home/airflow/.local/lib/python3.7/site-packages/airflow/example_dags/example_skip_dag.py
[2023-04-25T02:02:26.777+0000] {processor.py:743} INFO - Processing file /home/airflow/.local/lib/python3.7/site-packages/airflow/example_dags/example_skip_dag.py for tasks to queue
[2023-04-25T02:02:26.778+0000] {logging_mixin.py:137} INFO - [2023-04-25T02:02:26.777+0000] {dagbag.py:532} INFO - Filling up the DagBag from /home/airflow/.local/lib/python3.7/site-packages/airflow/example_dags/example_skip_dag.py
[2023-04-25T02:02:26.788+0000] {processor.py:753} INFO - DAG(s) dict_keys(['example_skip_dag']) retrieved from /home/airflow/.local/lib/python3.7/site-packages/airflow/example_dags/example_skip_dag.py
[2023-04-25T02:02:26.810+0000] {logging_mixin.py:137} INFO - [2023-04-25T02:02:26.810+0000] {dag.py:2705} INFO - Sync 1 DAGs
[2023-04-25T02:02:26.829+0000] {logging_mixin.py:137} INFO - [2023-04-25T02:02:26.829+0000] {dag.py:3456} INFO - Setting next_dagrun for example_skip_dag to 2023-04-24T02:02:26.829327+00:00, run_after=2023-04-25T02:02:26.829327+00:00
[2023-04-25T02:02:26.841+0000] {processor.py:175} INFO - Processing /home/airflow/.local/lib/python3.7/site-packages/airflow/example_dags/example_skip_dag.py took 0.069 seconds
[2023-04-25T02:02:57.368+0000] {processor.py:153} INFO - Started process (PID=1452) to work on /home/airflow/.local/lib/python3.7/site-packages/airflow/example_dags/example_skip_dag.py
[2023-04-25T02:02:57.369+0000] {processor.py:743} INFO - Processing file /home/airflow/.local/lib/python3.7/site-packages/airflow/example_dags/example_skip_dag.py for tasks to queue
[2023-04-25T02:02:57.370+0000] {logging_mixin.py:137} INFO - [2023-04-25T02:02:57.369+0000] {dagbag.py:532} INFO - Filling up the DagBag from /home/airflow/.local/lib/python3.7/site-packages/airflow/example_dags/example_skip_dag.py
[2023-04-25T02:02:57.379+0000] {processor.py:753} INFO - DAG(s) dict_keys(['example_skip_dag']) retrieved from /home/airflow/.local/lib/python3.7/site-packages/airflow/example_dags/example_skip_dag.py
[2023-04-25T02:02:57.400+0000] {logging_mixin.py:137} INFO - [2023-04-25T02:02:57.400+0000] {dag.py:2705} INFO - Sync 1 DAGs
[2023-04-25T02:02:57.418+0000] {logging_mixin.py:137} INFO - [2023-04-25T02:02:57.418+0000] {dag.py:3456} INFO - Setting next_dagrun for example_skip_dag to 2023-04-24T02:02:57.418164+00:00, run_after=2023-04-25T02:02:57.418164+00:00
[2023-04-25T02:02:57.431+0000] {processor.py:175} INFO - Processing /home/airflow/.local/lib/python3.7/site-packages/airflow/example_dags/example_skip_dag.py took 0.067 seconds
