[2023-04-25T01:48:40.782+0000] {processor.py:153} INFO - Started process (PID=48) to work on /home/airflow/.local/lib/python3.7/site-packages/airflow/example_dags/example_complex.py
[2023-04-25T01:48:40.787+0000] {processor.py:743} INFO - Processing file /home/airflow/.local/lib/python3.7/site-packages/airflow/example_dags/example_complex.py for tasks to queue
[2023-04-25T01:48:40.790+0000] {logging_mixin.py:137} INFO - [2023-04-25T01:48:40.789+0000] {dagbag.py:532} INFO - Filling up the DagBag from /home/airflow/.local/lib/python3.7/site-packages/airflow/example_dags/example_complex.py
[2023-04-25T01:48:40.827+0000] {logging_mixin.py:137} INFO - [2023-04-25T01:48:40.827+0000] {taskmixin.py:211} WARNING - Dependency <Task(BashOperator): create_entry_group>, delete_entry_group already registered for DAG: example_complex
[2023-04-25T01:48:40.828+0000] {logging_mixin.py:137} INFO - [2023-04-25T01:48:40.828+0000] {taskmixin.py:211} WARNING - Dependency <Task(BashOperator): delete_entry_group>, create_entry_group already registered for DAG: example_complex
[2023-04-25T01:48:40.830+0000] {logging_mixin.py:137} INFO - [2023-04-25T01:48:40.829+0000] {taskmixin.py:211} WARNING - Dependency <Task(BashOperator): create_entry_gcs>, delete_entry already registered for DAG: example_complex
[2023-04-25T01:48:40.831+0000] {logging_mixin.py:137} INFO - [2023-04-25T01:48:40.831+0000] {taskmixin.py:211} WARNING - Dependency <Task(BashOperator): delete_entry>, create_entry_gcs already registered for DAG: example_complex
[2023-04-25T01:48:40.832+0000] {logging_mixin.py:137} INFO - [2023-04-25T01:48:40.832+0000] {taskmixin.py:211} WARNING - Dependency <Task(BashOperator): create_tag>, delete_tag already registered for DAG: example_complex
[2023-04-25T01:48:40.833+0000] {logging_mixin.py:137} INFO - [2023-04-25T01:48:40.833+0000] {taskmixin.py:211} WARNING - Dependency <Task(BashOperator): delete_tag>, create_tag already registered for DAG: example_complex
[2023-04-25T01:48:40.858+0000] {processor.py:753} INFO - DAG(s) dict_keys(['example_complex']) retrieved from /home/airflow/.local/lib/python3.7/site-packages/airflow/example_dags/example_complex.py
[2023-04-25T01:48:40.888+0000] {logging_mixin.py:137} INFO - [2023-04-25T01:48:40.887+0000] {dag.py:2705} INFO - Sync 1 DAGs
[2023-04-25T01:48:40.963+0000] {logging_mixin.py:137} INFO - [2023-04-25T01:48:40.963+0000] {dag.py:3456} INFO - Setting next_dagrun for example_complex to None, run_after=None
[2023-04-25T01:48:41.004+0000] {processor.py:175} INFO - Processing /home/airflow/.local/lib/python3.7/site-packages/airflow/example_dags/example_complex.py took 0.228 seconds
[2023-04-25T01:49:11.966+0000] {processor.py:153} INFO - Started process (PID=97) to work on /home/airflow/.local/lib/python3.7/site-packages/airflow/example_dags/example_complex.py
[2023-04-25T01:49:11.968+0000] {processor.py:743} INFO - Processing file /home/airflow/.local/lib/python3.7/site-packages/airflow/example_dags/example_complex.py for tasks to queue
[2023-04-25T01:49:11.969+0000] {logging_mixin.py:137} INFO - [2023-04-25T01:49:11.969+0000] {dagbag.py:532} INFO - Filling up the DagBag from /home/airflow/.local/lib/python3.7/site-packages/airflow/example_dags/example_complex.py
[2023-04-25T01:49:11.979+0000] {logging_mixin.py:137} INFO - [2023-04-25T01:49:11.979+0000] {taskmixin.py:211} WARNING - Dependency <Task(BashOperator): create_entry_group>, delete_entry_group already registered for DAG: example_complex
[2023-04-25T01:49:11.980+0000] {logging_mixin.py:137} INFO - [2023-04-25T01:49:11.980+0000] {taskmixin.py:211} WARNING - Dependency <Task(BashOperator): delete_entry_group>, create_entry_group already registered for DAG: example_complex
[2023-04-25T01:49:11.980+0000] {logging_mixin.py:137} INFO - [2023-04-25T01:49:11.980+0000] {taskmixin.py:211} WARNING - Dependency <Task(BashOperator): create_entry_gcs>, delete_entry already registered for DAG: example_complex
[2023-04-25T01:49:11.981+0000] {logging_mixin.py:137} INFO - [2023-04-25T01:49:11.981+0000] {taskmixin.py:211} WARNING - Dependency <Task(BashOperator): delete_entry>, create_entry_gcs already registered for DAG: example_complex
[2023-04-25T01:49:11.982+0000] {logging_mixin.py:137} INFO - [2023-04-25T01:49:11.982+0000] {taskmixin.py:211} WARNING - Dependency <Task(BashOperator): create_tag>, delete_tag already registered for DAG: example_complex
[2023-04-25T01:49:11.982+0000] {logging_mixin.py:137} INFO - [2023-04-25T01:49:11.982+0000] {taskmixin.py:211} WARNING - Dependency <Task(BashOperator): delete_tag>, create_tag already registered for DAG: example_complex
[2023-04-25T01:49:11.989+0000] {processor.py:753} INFO - DAG(s) dict_keys(['example_complex']) retrieved from /home/airflow/.local/lib/python3.7/site-packages/airflow/example_dags/example_complex.py
[2023-04-25T01:49:12.024+0000] {logging_mixin.py:137} INFO - [2023-04-25T01:49:12.023+0000] {dag.py:2705} INFO - Sync 1 DAGs
[2023-04-25T01:49:12.048+0000] {logging_mixin.py:137} INFO - [2023-04-25T01:49:12.048+0000] {dag.py:3456} INFO - Setting next_dagrun for example_complex to None, run_after=None
[2023-04-25T01:49:12.106+0000] {processor.py:175} INFO - Processing /home/airflow/.local/lib/python3.7/site-packages/airflow/example_dags/example_complex.py took 0.144 seconds
[2023-04-25T01:49:42.197+0000] {processor.py:153} INFO - Started process (PID=147) to work on /home/airflow/.local/lib/python3.7/site-packages/airflow/example_dags/example_complex.py
[2023-04-25T01:49:42.200+0000] {processor.py:743} INFO - Processing file /home/airflow/.local/lib/python3.7/site-packages/airflow/example_dags/example_complex.py for tasks to queue
[2023-04-25T01:49:42.202+0000] {logging_mixin.py:137} INFO - [2023-04-25T01:49:42.202+0000] {dagbag.py:532} INFO - Filling up the DagBag from /home/airflow/.local/lib/python3.7/site-packages/airflow/example_dags/example_complex.py
[2023-04-25T01:49:42.216+0000] {logging_mixin.py:137} INFO - [2023-04-25T01:49:42.216+0000] {taskmixin.py:211} WARNING - Dependency <Task(BashOperator): create_entry_group>, delete_entry_group already registered for DAG: example_complex
[2023-04-25T01:49:42.217+0000] {logging_mixin.py:137} INFO - [2023-04-25T01:49:42.217+0000] {taskmixin.py:211} WARNING - Dependency <Task(BashOperator): delete_entry_group>, create_entry_group already registered for DAG: example_complex
[2023-04-25T01:49:42.217+0000] {logging_mixin.py:137} INFO - [2023-04-25T01:49:42.217+0000] {taskmixin.py:211} WARNING - Dependency <Task(BashOperator): create_entry_gcs>, delete_entry already registered for DAG: example_complex
[2023-04-25T01:49:42.218+0000] {logging_mixin.py:137} INFO - [2023-04-25T01:49:42.218+0000] {taskmixin.py:211} WARNING - Dependency <Task(BashOperator): delete_entry>, create_entry_gcs already registered for DAG: example_complex
[2023-04-25T01:49:42.222+0000] {logging_mixin.py:137} INFO - [2023-04-25T01:49:42.222+0000] {taskmixin.py:211} WARNING - Dependency <Task(BashOperator): create_tag>, delete_tag already registered for DAG: example_complex
[2023-04-25T01:49:42.224+0000] {logging_mixin.py:137} INFO - [2023-04-25T01:49:42.224+0000] {taskmixin.py:211} WARNING - Dependency <Task(BashOperator): delete_tag>, create_tag already registered for DAG: example_complex
[2023-04-25T01:49:42.232+0000] {processor.py:753} INFO - DAG(s) dict_keys(['example_complex']) retrieved from /home/airflow/.local/lib/python3.7/site-packages/airflow/example_dags/example_complex.py
[2023-04-25T01:49:42.263+0000] {logging_mixin.py:137} INFO - [2023-04-25T01:49:42.263+0000] {dag.py:2705} INFO - Sync 1 DAGs
[2023-04-25T01:49:42.285+0000] {logging_mixin.py:137} INFO - [2023-04-25T01:49:42.285+0000] {dag.py:3456} INFO - Setting next_dagrun for example_complex to None, run_after=None
[2023-04-25T01:49:42.299+0000] {processor.py:175} INFO - Processing /home/airflow/.local/lib/python3.7/site-packages/airflow/example_dags/example_complex.py took 0.106 seconds
[2023-04-25T01:50:13.039+0000] {processor.py:153} INFO - Started process (PID=197) to work on /home/airflow/.local/lib/python3.7/site-packages/airflow/example_dags/example_complex.py
[2023-04-25T01:50:13.041+0000] {processor.py:743} INFO - Processing file /home/airflow/.local/lib/python3.7/site-packages/airflow/example_dags/example_complex.py for tasks to queue
[2023-04-25T01:50:13.042+0000] {logging_mixin.py:137} INFO - [2023-04-25T01:50:13.042+0000] {dagbag.py:532} INFO - Filling up the DagBag from /home/airflow/.local/lib/python3.7/site-packages/airflow/example_dags/example_complex.py
[2023-04-25T01:50:13.055+0000] {logging_mixin.py:137} INFO - [2023-04-25T01:50:13.054+0000] {taskmixin.py:211} WARNING - Dependency <Task(BashOperator): create_entry_group>, delete_entry_group already registered for DAG: example_complex
[2023-04-25T01:50:13.055+0000] {logging_mixin.py:137} INFO - [2023-04-25T01:50:13.055+0000] {taskmixin.py:211} WARNING - Dependency <Task(BashOperator): delete_entry_group>, create_entry_group already registered for DAG: example_complex
[2023-04-25T01:50:13.056+0000] {logging_mixin.py:137} INFO - [2023-04-25T01:50:13.056+0000] {taskmixin.py:211} WARNING - Dependency <Task(BashOperator): create_entry_gcs>, delete_entry already registered for DAG: example_complex
[2023-04-25T01:50:13.057+0000] {logging_mixin.py:137} INFO - [2023-04-25T01:50:13.056+0000] {taskmixin.py:211} WARNING - Dependency <Task(BashOperator): delete_entry>, create_entry_gcs already registered for DAG: example_complex
[2023-04-25T01:50:13.057+0000] {logging_mixin.py:137} INFO - [2023-04-25T01:50:13.057+0000] {taskmixin.py:211} WARNING - Dependency <Task(BashOperator): create_tag>, delete_tag already registered for DAG: example_complex
[2023-04-25T01:50:13.058+0000] {logging_mixin.py:137} INFO - [2023-04-25T01:50:13.058+0000] {taskmixin.py:211} WARNING - Dependency <Task(BashOperator): delete_tag>, create_tag already registered for DAG: example_complex
[2023-04-25T01:50:13.064+0000] {processor.py:753} INFO - DAG(s) dict_keys(['example_complex']) retrieved from /home/airflow/.local/lib/python3.7/site-packages/airflow/example_dags/example_complex.py
[2023-04-25T01:50:13.092+0000] {logging_mixin.py:137} INFO - [2023-04-25T01:50:13.092+0000] {dag.py:2705} INFO - Sync 1 DAGs
[2023-04-25T01:50:13.109+0000] {logging_mixin.py:137} INFO - [2023-04-25T01:50:13.109+0000] {dag.py:3456} INFO - Setting next_dagrun for example_complex to None, run_after=None
[2023-04-25T01:50:13.120+0000] {processor.py:175} INFO - Processing /home/airflow/.local/lib/python3.7/site-packages/airflow/example_dags/example_complex.py took 0.088 seconds
[2023-04-25T01:50:43.572+0000] {processor.py:153} INFO - Started process (PID=248) to work on /home/airflow/.local/lib/python3.7/site-packages/airflow/example_dags/example_complex.py
[2023-04-25T01:50:43.574+0000] {processor.py:743} INFO - Processing file /home/airflow/.local/lib/python3.7/site-packages/airflow/example_dags/example_complex.py for tasks to queue
[2023-04-25T01:50:43.576+0000] {logging_mixin.py:137} INFO - [2023-04-25T01:50:43.576+0000] {dagbag.py:532} INFO - Filling up the DagBag from /home/airflow/.local/lib/python3.7/site-packages/airflow/example_dags/example_complex.py
[2023-04-25T01:50:43.589+0000] {logging_mixin.py:137} INFO - [2023-04-25T01:50:43.589+0000] {taskmixin.py:211} WARNING - Dependency <Task(BashOperator): create_entry_group>, delete_entry_group already registered for DAG: example_complex
[2023-04-25T01:50:43.590+0000] {logging_mixin.py:137} INFO - [2023-04-25T01:50:43.590+0000] {taskmixin.py:211} WARNING - Dependency <Task(BashOperator): delete_entry_group>, create_entry_group already registered for DAG: example_complex
[2023-04-25T01:50:43.590+0000] {logging_mixin.py:137} INFO - [2023-04-25T01:50:43.590+0000] {taskmixin.py:211} WARNING - Dependency <Task(BashOperator): create_entry_gcs>, delete_entry already registered for DAG: example_complex
[2023-04-25T01:50:43.591+0000] {logging_mixin.py:137} INFO - [2023-04-25T01:50:43.591+0000] {taskmixin.py:211} WARNING - Dependency <Task(BashOperator): delete_entry>, create_entry_gcs already registered for DAG: example_complex
[2023-04-25T01:50:43.591+0000] {logging_mixin.py:137} INFO - [2023-04-25T01:50:43.591+0000] {taskmixin.py:211} WARNING - Dependency <Task(BashOperator): create_tag>, delete_tag already registered for DAG: example_complex
[2023-04-25T01:50:43.592+0000] {logging_mixin.py:137} INFO - [2023-04-25T01:50:43.592+0000] {taskmixin.py:211} WARNING - Dependency <Task(BashOperator): delete_tag>, create_tag already registered for DAG: example_complex
[2023-04-25T01:50:43.600+0000] {processor.py:753} INFO - DAG(s) dict_keys(['example_complex']) retrieved from /home/airflow/.local/lib/python3.7/site-packages/airflow/example_dags/example_complex.py
[2023-04-25T01:50:43.647+0000] {logging_mixin.py:137} INFO - [2023-04-25T01:50:43.647+0000] {dag.py:2705} INFO - Sync 1 DAGs
[2023-04-25T01:50:43.680+0000] {logging_mixin.py:137} INFO - [2023-04-25T01:50:43.680+0000] {dag.py:3456} INFO - Setting next_dagrun for example_complex to None, run_after=None
[2023-04-25T01:50:43.701+0000] {processor.py:175} INFO - Processing /home/airflow/.local/lib/python3.7/site-packages/airflow/example_dags/example_complex.py took 0.135 seconds
[2023-04-25T01:51:14.055+0000] {processor.py:153} INFO - Started process (PID=298) to work on /home/airflow/.local/lib/python3.7/site-packages/airflow/example_dags/example_complex.py
[2023-04-25T01:51:14.057+0000] {processor.py:743} INFO - Processing file /home/airflow/.local/lib/python3.7/site-packages/airflow/example_dags/example_complex.py for tasks to queue
[2023-04-25T01:51:14.059+0000] {logging_mixin.py:137} INFO - [2023-04-25T01:51:14.059+0000] {dagbag.py:532} INFO - Filling up the DagBag from /home/airflow/.local/lib/python3.7/site-packages/airflow/example_dags/example_complex.py
[2023-04-25T01:51:14.071+0000] {logging_mixin.py:137} INFO - [2023-04-25T01:51:14.071+0000] {taskmixin.py:211} WARNING - Dependency <Task(BashOperator): create_entry_group>, delete_entry_group already registered for DAG: example_complex
[2023-04-25T01:51:14.072+0000] {logging_mixin.py:137} INFO - [2023-04-25T01:51:14.072+0000] {taskmixin.py:211} WARNING - Dependency <Task(BashOperator): delete_entry_group>, create_entry_group already registered for DAG: example_complex
[2023-04-25T01:51:14.073+0000] {logging_mixin.py:137} INFO - [2023-04-25T01:51:14.073+0000] {taskmixin.py:211} WARNING - Dependency <Task(BashOperator): create_entry_gcs>, delete_entry already registered for DAG: example_complex
[2023-04-25T01:51:14.073+0000] {logging_mixin.py:137} INFO - [2023-04-25T01:51:14.073+0000] {taskmixin.py:211} WARNING - Dependency <Task(BashOperator): delete_entry>, create_entry_gcs already registered for DAG: example_complex
[2023-04-25T01:51:14.074+0000] {logging_mixin.py:137} INFO - [2023-04-25T01:51:14.074+0000] {taskmixin.py:211} WARNING - Dependency <Task(BashOperator): create_tag>, delete_tag already registered for DAG: example_complex
[2023-04-25T01:51:14.074+0000] {logging_mixin.py:137} INFO - [2023-04-25T01:51:14.074+0000] {taskmixin.py:211} WARNING - Dependency <Task(BashOperator): delete_tag>, create_tag already registered for DAG: example_complex
[2023-04-25T01:51:14.081+0000] {processor.py:753} INFO - DAG(s) dict_keys(['example_complex']) retrieved from /home/airflow/.local/lib/python3.7/site-packages/airflow/example_dags/example_complex.py
[2023-04-25T01:51:14.112+0000] {logging_mixin.py:137} INFO - [2023-04-25T01:51:14.112+0000] {dag.py:2705} INFO - Sync 1 DAGs
[2023-04-25T01:51:14.134+0000] {logging_mixin.py:137} INFO - [2023-04-25T01:51:14.134+0000] {dag.py:3456} INFO - Setting next_dagrun for example_complex to None, run_after=None
[2023-04-25T01:51:14.147+0000] {processor.py:175} INFO - Processing /home/airflow/.local/lib/python3.7/site-packages/airflow/example_dags/example_complex.py took 0.099 seconds
[2023-04-25T01:51:44.306+0000] {processor.py:153} INFO - Started process (PID=348) to work on /home/airflow/.local/lib/python3.7/site-packages/airflow/example_dags/example_complex.py
[2023-04-25T01:51:44.310+0000] {processor.py:743} INFO - Processing file /home/airflow/.local/lib/python3.7/site-packages/airflow/example_dags/example_complex.py for tasks to queue
[2023-04-25T01:51:44.312+0000] {logging_mixin.py:137} INFO - [2023-04-25T01:51:44.311+0000] {dagbag.py:532} INFO - Filling up the DagBag from /home/airflow/.local/lib/python3.7/site-packages/airflow/example_dags/example_complex.py
[2023-04-25T01:51:44.328+0000] {logging_mixin.py:137} INFO - [2023-04-25T01:51:44.327+0000] {taskmixin.py:211} WARNING - Dependency <Task(BashOperator): create_entry_group>, delete_entry_group already registered for DAG: example_complex
[2023-04-25T01:51:44.328+0000] {logging_mixin.py:137} INFO - [2023-04-25T01:51:44.328+0000] {taskmixin.py:211} WARNING - Dependency <Task(BashOperator): delete_entry_group>, create_entry_group already registered for DAG: example_complex
[2023-04-25T01:51:44.329+0000] {logging_mixin.py:137} INFO - [2023-04-25T01:51:44.329+0000] {taskmixin.py:211} WARNING - Dependency <Task(BashOperator): create_entry_gcs>, delete_entry already registered for DAG: example_complex
[2023-04-25T01:51:44.330+0000] {logging_mixin.py:137} INFO - [2023-04-25T01:51:44.330+0000] {taskmixin.py:211} WARNING - Dependency <Task(BashOperator): delete_entry>, create_entry_gcs already registered for DAG: example_complex
[2023-04-25T01:51:44.330+0000] {logging_mixin.py:137} INFO - [2023-04-25T01:51:44.330+0000] {taskmixin.py:211} WARNING - Dependency <Task(BashOperator): create_tag>, delete_tag already registered for DAG: example_complex
[2023-04-25T01:51:44.331+0000] {logging_mixin.py:137} INFO - [2023-04-25T01:51:44.331+0000] {taskmixin.py:211} WARNING - Dependency <Task(BashOperator): delete_tag>, create_tag already registered for DAG: example_complex
[2023-04-25T01:51:44.338+0000] {processor.py:753} INFO - DAG(s) dict_keys(['example_complex']) retrieved from /home/airflow/.local/lib/python3.7/site-packages/airflow/example_dags/example_complex.py
[2023-04-25T01:51:44.367+0000] {logging_mixin.py:137} INFO - [2023-04-25T01:51:44.366+0000] {dag.py:2705} INFO - Sync 1 DAGs
[2023-04-25T01:51:44.382+0000] {logging_mixin.py:137} INFO - [2023-04-25T01:51:44.382+0000] {dag.py:3456} INFO - Setting next_dagrun for example_complex to None, run_after=None
[2023-04-25T01:51:44.395+0000] {processor.py:175} INFO - Processing /home/airflow/.local/lib/python3.7/site-packages/airflow/example_dags/example_complex.py took 0.098 seconds
[2023-04-25T01:52:14.919+0000] {processor.py:153} INFO - Started process (PID=399) to work on /home/airflow/.local/lib/python3.7/site-packages/airflow/example_dags/example_complex.py
[2023-04-25T01:52:14.921+0000] {processor.py:743} INFO - Processing file /home/airflow/.local/lib/python3.7/site-packages/airflow/example_dags/example_complex.py for tasks to queue
[2023-04-25T01:52:14.922+0000] {logging_mixin.py:137} INFO - [2023-04-25T01:52:14.922+0000] {dagbag.py:532} INFO - Filling up the DagBag from /home/airflow/.local/lib/python3.7/site-packages/airflow/example_dags/example_complex.py
[2023-04-25T01:52:14.930+0000] {logging_mixin.py:137} INFO - [2023-04-25T01:52:14.930+0000] {taskmixin.py:211} WARNING - Dependency <Task(BashOperator): create_entry_group>, delete_entry_group already registered for DAG: example_complex
[2023-04-25T01:52:14.931+0000] {logging_mixin.py:137} INFO - [2023-04-25T01:52:14.931+0000] {taskmixin.py:211} WARNING - Dependency <Task(BashOperator): delete_entry_group>, create_entry_group already registered for DAG: example_complex
[2023-04-25T01:52:14.931+0000] {logging_mixin.py:137} INFO - [2023-04-25T01:52:14.931+0000] {taskmixin.py:211} WARNING - Dependency <Task(BashOperator): create_entry_gcs>, delete_entry already registered for DAG: example_complex
[2023-04-25T01:52:14.932+0000] {logging_mixin.py:137} INFO - [2023-04-25T01:52:14.932+0000] {taskmixin.py:211} WARNING - Dependency <Task(BashOperator): delete_entry>, create_entry_gcs already registered for DAG: example_complex
[2023-04-25T01:52:14.932+0000] {logging_mixin.py:137} INFO - [2023-04-25T01:52:14.932+0000] {taskmixin.py:211} WARNING - Dependency <Task(BashOperator): create_tag>, delete_tag already registered for DAG: example_complex
[2023-04-25T01:52:14.933+0000] {logging_mixin.py:137} INFO - [2023-04-25T01:52:14.933+0000] {taskmixin.py:211} WARNING - Dependency <Task(BashOperator): delete_tag>, create_tag already registered for DAG: example_complex
[2023-04-25T01:52:14.939+0000] {processor.py:753} INFO - DAG(s) dict_keys(['example_complex']) retrieved from /home/airflow/.local/lib/python3.7/site-packages/airflow/example_dags/example_complex.py
[2023-04-25T01:52:14.969+0000] {logging_mixin.py:137} INFO - [2023-04-25T01:52:14.968+0000] {dag.py:2705} INFO - Sync 1 DAGs
[2023-04-25T01:52:14.984+0000] {logging_mixin.py:137} INFO - [2023-04-25T01:52:14.984+0000] {dag.py:3456} INFO - Setting next_dagrun for example_complex to None, run_after=None
[2023-04-25T01:52:14.997+0000] {processor.py:175} INFO - Processing /home/airflow/.local/lib/python3.7/site-packages/airflow/example_dags/example_complex.py took 0.080 seconds
[2023-04-25T01:52:45.514+0000] {processor.py:153} INFO - Started process (PID=449) to work on /home/airflow/.local/lib/python3.7/site-packages/airflow/example_dags/example_complex.py
[2023-04-25T01:52:45.516+0000] {processor.py:743} INFO - Processing file /home/airflow/.local/lib/python3.7/site-packages/airflow/example_dags/example_complex.py for tasks to queue
[2023-04-25T01:52:45.517+0000] {logging_mixin.py:137} INFO - [2023-04-25T01:52:45.517+0000] {dagbag.py:532} INFO - Filling up the DagBag from /home/airflow/.local/lib/python3.7/site-packages/airflow/example_dags/example_complex.py
[2023-04-25T01:52:45.538+0000] {logging_mixin.py:137} INFO - [2023-04-25T01:52:45.538+0000] {taskmixin.py:211} WARNING - Dependency <Task(BashOperator): create_entry_group>, delete_entry_group already registered for DAG: example_complex
[2023-04-25T01:52:45.539+0000] {logging_mixin.py:137} INFO - [2023-04-25T01:52:45.539+0000] {taskmixin.py:211} WARNING - Dependency <Task(BashOperator): delete_entry_group>, create_entry_group already registered for DAG: example_complex
[2023-04-25T01:52:45.539+0000] {logging_mixin.py:137} INFO - [2023-04-25T01:52:45.539+0000] {taskmixin.py:211} WARNING - Dependency <Task(BashOperator): create_entry_gcs>, delete_entry already registered for DAG: example_complex
[2023-04-25T01:52:45.540+0000] {logging_mixin.py:137} INFO - [2023-04-25T01:52:45.540+0000] {taskmixin.py:211} WARNING - Dependency <Task(BashOperator): delete_entry>, create_entry_gcs already registered for DAG: example_complex
[2023-04-25T01:52:45.541+0000] {logging_mixin.py:137} INFO - [2023-04-25T01:52:45.541+0000] {taskmixin.py:211} WARNING - Dependency <Task(BashOperator): create_tag>, delete_tag already registered for DAG: example_complex
[2023-04-25T01:52:45.542+0000] {logging_mixin.py:137} INFO - [2023-04-25T01:52:45.541+0000] {taskmixin.py:211} WARNING - Dependency <Task(BashOperator): delete_tag>, create_tag already registered for DAG: example_complex
[2023-04-25T01:52:45.551+0000] {processor.py:753} INFO - DAG(s) dict_keys(['example_complex']) retrieved from /home/airflow/.local/lib/python3.7/site-packages/airflow/example_dags/example_complex.py
[2023-04-25T01:52:45.606+0000] {logging_mixin.py:137} INFO - [2023-04-25T01:52:45.606+0000] {dag.py:2705} INFO - Sync 1 DAGs
[2023-04-25T01:52:45.633+0000] {logging_mixin.py:137} INFO - [2023-04-25T01:52:45.633+0000] {dag.py:3456} INFO - Setting next_dagrun for example_complex to None, run_after=None
[2023-04-25T01:52:45.660+0000] {processor.py:175} INFO - Processing /home/airflow/.local/lib/python3.7/site-packages/airflow/example_dags/example_complex.py took 0.150 seconds
[2023-04-25T01:53:16.158+0000] {processor.py:153} INFO - Started process (PID=499) to work on /home/airflow/.local/lib/python3.7/site-packages/airflow/example_dags/example_complex.py
[2023-04-25T01:53:16.159+0000] {processor.py:743} INFO - Processing file /home/airflow/.local/lib/python3.7/site-packages/airflow/example_dags/example_complex.py for tasks to queue
[2023-04-25T01:53:16.160+0000] {logging_mixin.py:137} INFO - [2023-04-25T01:53:16.160+0000] {dagbag.py:532} INFO - Filling up the DagBag from /home/airflow/.local/lib/python3.7/site-packages/airflow/example_dags/example_complex.py
[2023-04-25T01:53:16.168+0000] {logging_mixin.py:137} INFO - [2023-04-25T01:53:16.168+0000] {taskmixin.py:211} WARNING - Dependency <Task(BashOperator): create_entry_group>, delete_entry_group already registered for DAG: example_complex
[2023-04-25T01:53:16.169+0000] {logging_mixin.py:137} INFO - [2023-04-25T01:53:16.169+0000] {taskmixin.py:211} WARNING - Dependency <Task(BashOperator): delete_entry_group>, create_entry_group already registered for DAG: example_complex
[2023-04-25T01:53:16.170+0000] {logging_mixin.py:137} INFO - [2023-04-25T01:53:16.170+0000] {taskmixin.py:211} WARNING - Dependency <Task(BashOperator): create_entry_gcs>, delete_entry already registered for DAG: example_complex
[2023-04-25T01:53:16.170+0000] {logging_mixin.py:137} INFO - [2023-04-25T01:53:16.170+0000] {taskmixin.py:211} WARNING - Dependency <Task(BashOperator): delete_entry>, create_entry_gcs already registered for DAG: example_complex
[2023-04-25T01:53:16.171+0000] {logging_mixin.py:137} INFO - [2023-04-25T01:53:16.171+0000] {taskmixin.py:211} WARNING - Dependency <Task(BashOperator): create_tag>, delete_tag already registered for DAG: example_complex
[2023-04-25T01:53:16.171+0000] {logging_mixin.py:137} INFO - [2023-04-25T01:53:16.171+0000] {taskmixin.py:211} WARNING - Dependency <Task(BashOperator): delete_tag>, create_tag already registered for DAG: example_complex
[2023-04-25T01:53:16.179+0000] {processor.py:753} INFO - DAG(s) dict_keys(['example_complex']) retrieved from /home/airflow/.local/lib/python3.7/site-packages/airflow/example_dags/example_complex.py
[2023-04-25T01:53:16.206+0000] {logging_mixin.py:137} INFO - [2023-04-25T01:53:16.206+0000] {dag.py:2705} INFO - Sync 1 DAGs
[2023-04-25T01:53:16.222+0000] {logging_mixin.py:137} INFO - [2023-04-25T01:53:16.222+0000] {dag.py:3456} INFO - Setting next_dagrun for example_complex to None, run_after=None
[2023-04-25T01:53:16.235+0000] {processor.py:175} INFO - Processing /home/airflow/.local/lib/python3.7/site-packages/airflow/example_dags/example_complex.py took 0.081 seconds
[2023-04-25T01:53:46.794+0000] {processor.py:153} INFO - Started process (PID=549) to work on /home/airflow/.local/lib/python3.7/site-packages/airflow/example_dags/example_complex.py
[2023-04-25T01:53:46.798+0000] {processor.py:743} INFO - Processing file /home/airflow/.local/lib/python3.7/site-packages/airflow/example_dags/example_complex.py for tasks to queue
[2023-04-25T01:53:46.800+0000] {logging_mixin.py:137} INFO - [2023-04-25T01:53:46.799+0000] {dagbag.py:532} INFO - Filling up the DagBag from /home/airflow/.local/lib/python3.7/site-packages/airflow/example_dags/example_complex.py
[2023-04-25T01:53:46.812+0000] {logging_mixin.py:137} INFO - [2023-04-25T01:53:46.812+0000] {taskmixin.py:211} WARNING - Dependency <Task(BashOperator): create_entry_group>, delete_entry_group already registered for DAG: example_complex
[2023-04-25T01:53:46.814+0000] {logging_mixin.py:137} INFO - [2023-04-25T01:53:46.813+0000] {taskmixin.py:211} WARNING - Dependency <Task(BashOperator): delete_entry_group>, create_entry_group already registered for DAG: example_complex
[2023-04-25T01:53:46.814+0000] {logging_mixin.py:137} INFO - [2023-04-25T01:53:46.814+0000] {taskmixin.py:211} WARNING - Dependency <Task(BashOperator): create_entry_gcs>, delete_entry already registered for DAG: example_complex
[2023-04-25T01:53:46.815+0000] {logging_mixin.py:137} INFO - [2023-04-25T01:53:46.815+0000] {taskmixin.py:211} WARNING - Dependency <Task(BashOperator): delete_entry>, create_entry_gcs already registered for DAG: example_complex
[2023-04-25T01:53:46.816+0000] {logging_mixin.py:137} INFO - [2023-04-25T01:53:46.816+0000] {taskmixin.py:211} WARNING - Dependency <Task(BashOperator): create_tag>, delete_tag already registered for DAG: example_complex
[2023-04-25T01:53:46.816+0000] {logging_mixin.py:137} INFO - [2023-04-25T01:53:46.816+0000] {taskmixin.py:211} WARNING - Dependency <Task(BashOperator): delete_tag>, create_tag already registered for DAG: example_complex
[2023-04-25T01:53:46.823+0000] {processor.py:753} INFO - DAG(s) dict_keys(['example_complex']) retrieved from /home/airflow/.local/lib/python3.7/site-packages/airflow/example_dags/example_complex.py
[2023-04-25T01:53:46.851+0000] {logging_mixin.py:137} INFO - [2023-04-25T01:53:46.851+0000] {dag.py:2705} INFO - Sync 1 DAGs
[2023-04-25T01:53:46.867+0000] {logging_mixin.py:137} INFO - [2023-04-25T01:53:46.867+0000] {dag.py:3456} INFO - Setting next_dagrun for example_complex to None, run_after=None
[2023-04-25T01:53:46.879+0000] {processor.py:175} INFO - Processing /home/airflow/.local/lib/python3.7/site-packages/airflow/example_dags/example_complex.py took 0.094 seconds
[2023-04-25T01:54:17.494+0000] {processor.py:153} INFO - Started process (PID=599) to work on /home/airflow/.local/lib/python3.7/site-packages/airflow/example_dags/example_complex.py
[2023-04-25T01:54:17.496+0000] {processor.py:743} INFO - Processing file /home/airflow/.local/lib/python3.7/site-packages/airflow/example_dags/example_complex.py for tasks to queue
[2023-04-25T01:54:17.497+0000] {logging_mixin.py:137} INFO - [2023-04-25T01:54:17.497+0000] {dagbag.py:532} INFO - Filling up the DagBag from /home/airflow/.local/lib/python3.7/site-packages/airflow/example_dags/example_complex.py
[2023-04-25T01:54:17.507+0000] {logging_mixin.py:137} INFO - [2023-04-25T01:54:17.507+0000] {taskmixin.py:211} WARNING - Dependency <Task(BashOperator): create_entry_group>, delete_entry_group already registered for DAG: example_complex
[2023-04-25T01:54:17.508+0000] {logging_mixin.py:137} INFO - [2023-04-25T01:54:17.508+0000] {taskmixin.py:211} WARNING - Dependency <Task(BashOperator): delete_entry_group>, create_entry_group already registered for DAG: example_complex
[2023-04-25T01:54:17.508+0000] {logging_mixin.py:137} INFO - [2023-04-25T01:54:17.508+0000] {taskmixin.py:211} WARNING - Dependency <Task(BashOperator): create_entry_gcs>, delete_entry already registered for DAG: example_complex
[2023-04-25T01:54:17.509+0000] {logging_mixin.py:137} INFO - [2023-04-25T01:54:17.509+0000] {taskmixin.py:211} WARNING - Dependency <Task(BashOperator): delete_entry>, create_entry_gcs already registered for DAG: example_complex
[2023-04-25T01:54:17.509+0000] {logging_mixin.py:137} INFO - [2023-04-25T01:54:17.509+0000] {taskmixin.py:211} WARNING - Dependency <Task(BashOperator): create_tag>, delete_tag already registered for DAG: example_complex
[2023-04-25T01:54:17.510+0000] {logging_mixin.py:137} INFO - [2023-04-25T01:54:17.510+0000] {taskmixin.py:211} WARNING - Dependency <Task(BashOperator): delete_tag>, create_tag already registered for DAG: example_complex
[2023-04-25T01:54:17.516+0000] {processor.py:753} INFO - DAG(s) dict_keys(['example_complex']) retrieved from /home/airflow/.local/lib/python3.7/site-packages/airflow/example_dags/example_complex.py
[2023-04-25T01:54:17.545+0000] {logging_mixin.py:137} INFO - [2023-04-25T01:54:17.544+0000] {dag.py:2705} INFO - Sync 1 DAGs
[2023-04-25T01:54:17.559+0000] {logging_mixin.py:137} INFO - [2023-04-25T01:54:17.559+0000] {dag.py:3456} INFO - Setting next_dagrun for example_complex to None, run_after=None
[2023-04-25T01:54:17.572+0000] {processor.py:175} INFO - Processing /home/airflow/.local/lib/python3.7/site-packages/airflow/example_dags/example_complex.py took 0.082 seconds
[2023-04-25T01:54:48.164+0000] {processor.py:153} INFO - Started process (PID=649) to work on /home/airflow/.local/lib/python3.7/site-packages/airflow/example_dags/example_complex.py
[2023-04-25T01:54:48.165+0000] {processor.py:743} INFO - Processing file /home/airflow/.local/lib/python3.7/site-packages/airflow/example_dags/example_complex.py for tasks to queue
[2023-04-25T01:54:48.167+0000] {logging_mixin.py:137} INFO - [2023-04-25T01:54:48.167+0000] {dagbag.py:532} INFO - Filling up the DagBag from /home/airflow/.local/lib/python3.7/site-packages/airflow/example_dags/example_complex.py
[2023-04-25T01:54:48.180+0000] {logging_mixin.py:137} INFO - [2023-04-25T01:54:48.180+0000] {taskmixin.py:211} WARNING - Dependency <Task(BashOperator): create_entry_group>, delete_entry_group already registered for DAG: example_complex
[2023-04-25T01:54:48.181+0000] {logging_mixin.py:137} INFO - [2023-04-25T01:54:48.181+0000] {taskmixin.py:211} WARNING - Dependency <Task(BashOperator): delete_entry_group>, create_entry_group already registered for DAG: example_complex
[2023-04-25T01:54:48.183+0000] {logging_mixin.py:137} INFO - [2023-04-25T01:54:48.183+0000] {taskmixin.py:211} WARNING - Dependency <Task(BashOperator): create_entry_gcs>, delete_entry already registered for DAG: example_complex
[2023-04-25T01:54:48.183+0000] {logging_mixin.py:137} INFO - [2023-04-25T01:54:48.183+0000] {taskmixin.py:211} WARNING - Dependency <Task(BashOperator): delete_entry>, create_entry_gcs already registered for DAG: example_complex
[2023-04-25T01:54:48.184+0000] {logging_mixin.py:137} INFO - [2023-04-25T01:54:48.184+0000] {taskmixin.py:211} WARNING - Dependency <Task(BashOperator): create_tag>, delete_tag already registered for DAG: example_complex
[2023-04-25T01:54:48.185+0000] {logging_mixin.py:137} INFO - [2023-04-25T01:54:48.184+0000] {taskmixin.py:211} WARNING - Dependency <Task(BashOperator): delete_tag>, create_tag already registered for DAG: example_complex
[2023-04-25T01:54:48.192+0000] {processor.py:753} INFO - DAG(s) dict_keys(['example_complex']) retrieved from /home/airflow/.local/lib/python3.7/site-packages/airflow/example_dags/example_complex.py
[2023-04-25T01:54:48.229+0000] {logging_mixin.py:137} INFO - [2023-04-25T01:54:48.229+0000] {dag.py:2705} INFO - Sync 1 DAGs
[2023-04-25T01:54:48.248+0000] {logging_mixin.py:137} INFO - [2023-04-25T01:54:48.248+0000] {dag.py:3456} INFO - Setting next_dagrun for example_complex to None, run_after=None
[2023-04-25T01:54:48.263+0000] {processor.py:175} INFO - Processing /home/airflow/.local/lib/python3.7/site-packages/airflow/example_dags/example_complex.py took 0.106 seconds
[2023-04-25T01:55:18.697+0000] {processor.py:153} INFO - Started process (PID=699) to work on /home/airflow/.local/lib/python3.7/site-packages/airflow/example_dags/example_complex.py
[2023-04-25T01:55:18.699+0000] {processor.py:743} INFO - Processing file /home/airflow/.local/lib/python3.7/site-packages/airflow/example_dags/example_complex.py for tasks to queue
[2023-04-25T01:55:18.702+0000] {logging_mixin.py:137} INFO - [2023-04-25T01:55:18.702+0000] {dagbag.py:532} INFO - Filling up the DagBag from /home/airflow/.local/lib/python3.7/site-packages/airflow/example_dags/example_complex.py
[2023-04-25T01:55:18.717+0000] {logging_mixin.py:137} INFO - [2023-04-25T01:55:18.717+0000] {taskmixin.py:211} WARNING - Dependency <Task(BashOperator): create_entry_group>, delete_entry_group already registered for DAG: example_complex
[2023-04-25T01:55:18.719+0000] {logging_mixin.py:137} INFO - [2023-04-25T01:55:18.718+0000] {taskmixin.py:211} WARNING - Dependency <Task(BashOperator): delete_entry_group>, create_entry_group already registered for DAG: example_complex
[2023-04-25T01:55:18.719+0000] {logging_mixin.py:137} INFO - [2023-04-25T01:55:18.719+0000] {taskmixin.py:211} WARNING - Dependency <Task(BashOperator): create_entry_gcs>, delete_entry already registered for DAG: example_complex
[2023-04-25T01:55:18.720+0000] {logging_mixin.py:137} INFO - [2023-04-25T01:55:18.720+0000] {taskmixin.py:211} WARNING - Dependency <Task(BashOperator): delete_entry>, create_entry_gcs already registered for DAG: example_complex
[2023-04-25T01:55:18.721+0000] {logging_mixin.py:137} INFO - [2023-04-25T01:55:18.721+0000] {taskmixin.py:211} WARNING - Dependency <Task(BashOperator): create_tag>, delete_tag already registered for DAG: example_complex
[2023-04-25T01:55:18.722+0000] {logging_mixin.py:137} INFO - [2023-04-25T01:55:18.722+0000] {taskmixin.py:211} WARNING - Dependency <Task(BashOperator): delete_tag>, create_tag already registered for DAG: example_complex
[2023-04-25T01:55:18.730+0000] {processor.py:753} INFO - DAG(s) dict_keys(['example_complex']) retrieved from /home/airflow/.local/lib/python3.7/site-packages/airflow/example_dags/example_complex.py
[2023-04-25T01:55:18.762+0000] {logging_mixin.py:137} INFO - [2023-04-25T01:55:18.762+0000] {dag.py:2705} INFO - Sync 1 DAGs
[2023-04-25T01:55:18.777+0000] {logging_mixin.py:137} INFO - [2023-04-25T01:55:18.777+0000] {dag.py:3456} INFO - Setting next_dagrun for example_complex to None, run_after=None
[2023-04-25T01:55:18.790+0000] {processor.py:175} INFO - Processing /home/airflow/.local/lib/python3.7/site-packages/airflow/example_dags/example_complex.py took 0.097 seconds
[2023-04-25T01:55:49.346+0000] {processor.py:153} INFO - Started process (PID=748) to work on /home/airflow/.local/lib/python3.7/site-packages/airflow/example_dags/example_complex.py
[2023-04-25T01:55:49.348+0000] {processor.py:743} INFO - Processing file /home/airflow/.local/lib/python3.7/site-packages/airflow/example_dags/example_complex.py for tasks to queue
[2023-04-25T01:55:49.349+0000] {logging_mixin.py:137} INFO - [2023-04-25T01:55:49.349+0000] {dagbag.py:532} INFO - Filling up the DagBag from /home/airflow/.local/lib/python3.7/site-packages/airflow/example_dags/example_complex.py
[2023-04-25T01:55:49.365+0000] {logging_mixin.py:137} INFO - [2023-04-25T01:55:49.365+0000] {taskmixin.py:211} WARNING - Dependency <Task(BashOperator): create_entry_group>, delete_entry_group already registered for DAG: example_complex
[2023-04-25T01:55:49.369+0000] {logging_mixin.py:137} INFO - [2023-04-25T01:55:49.368+0000] {taskmixin.py:211} WARNING - Dependency <Task(BashOperator): delete_entry_group>, create_entry_group already registered for DAG: example_complex
[2023-04-25T01:55:49.370+0000] {logging_mixin.py:137} INFO - [2023-04-25T01:55:49.369+0000] {taskmixin.py:211} WARNING - Dependency <Task(BashOperator): create_entry_gcs>, delete_entry already registered for DAG: example_complex
[2023-04-25T01:55:49.370+0000] {logging_mixin.py:137} INFO - [2023-04-25T01:55:49.370+0000] {taskmixin.py:211} WARNING - Dependency <Task(BashOperator): delete_entry>, create_entry_gcs already registered for DAG: example_complex
[2023-04-25T01:55:49.371+0000] {logging_mixin.py:137} INFO - [2023-04-25T01:55:49.371+0000] {taskmixin.py:211} WARNING - Dependency <Task(BashOperator): create_tag>, delete_tag already registered for DAG: example_complex
[2023-04-25T01:55:49.372+0000] {logging_mixin.py:137} INFO - [2023-04-25T01:55:49.372+0000] {taskmixin.py:211} WARNING - Dependency <Task(BashOperator): delete_tag>, create_tag already registered for DAG: example_complex
[2023-04-25T01:55:49.383+0000] {processor.py:753} INFO - DAG(s) dict_keys(['example_complex']) retrieved from /home/airflow/.local/lib/python3.7/site-packages/airflow/example_dags/example_complex.py
[2023-04-25T01:55:49.421+0000] {logging_mixin.py:137} INFO - [2023-04-25T01:55:49.421+0000] {dag.py:2705} INFO - Sync 1 DAGs
[2023-04-25T01:55:49.442+0000] {logging_mixin.py:137} INFO - [2023-04-25T01:55:49.442+0000] {dag.py:3456} INFO - Setting next_dagrun for example_complex to None, run_after=None
[2023-04-25T01:55:49.461+0000] {processor.py:175} INFO - Processing /home/airflow/.local/lib/python3.7/site-packages/airflow/example_dags/example_complex.py took 0.121 seconds
[2023-04-25T01:56:19.771+0000] {processor.py:153} INFO - Started process (PID=798) to work on /home/airflow/.local/lib/python3.7/site-packages/airflow/example_dags/example_complex.py
[2023-04-25T01:56:19.775+0000] {processor.py:743} INFO - Processing file /home/airflow/.local/lib/python3.7/site-packages/airflow/example_dags/example_complex.py for tasks to queue
[2023-04-25T01:56:19.776+0000] {logging_mixin.py:137} INFO - [2023-04-25T01:56:19.776+0000] {dagbag.py:532} INFO - Filling up the DagBag from /home/airflow/.local/lib/python3.7/site-packages/airflow/example_dags/example_complex.py
[2023-04-25T01:56:19.789+0000] {logging_mixin.py:137} INFO - [2023-04-25T01:56:19.789+0000] {taskmixin.py:211} WARNING - Dependency <Task(BashOperator): create_entry_group>, delete_entry_group already registered for DAG: example_complex
[2023-04-25T01:56:19.790+0000] {logging_mixin.py:137} INFO - [2023-04-25T01:56:19.789+0000] {taskmixin.py:211} WARNING - Dependency <Task(BashOperator): delete_entry_group>, create_entry_group already registered for DAG: example_complex
[2023-04-25T01:56:19.790+0000] {logging_mixin.py:137} INFO - [2023-04-25T01:56:19.790+0000] {taskmixin.py:211} WARNING - Dependency <Task(BashOperator): create_entry_gcs>, delete_entry already registered for DAG: example_complex
[2023-04-25T01:56:19.791+0000] {logging_mixin.py:137} INFO - [2023-04-25T01:56:19.791+0000] {taskmixin.py:211} WARNING - Dependency <Task(BashOperator): delete_entry>, create_entry_gcs already registered for DAG: example_complex
[2023-04-25T01:56:19.792+0000] {logging_mixin.py:137} INFO - [2023-04-25T01:56:19.792+0000] {taskmixin.py:211} WARNING - Dependency <Task(BashOperator): create_tag>, delete_tag already registered for DAG: example_complex
[2023-04-25T01:56:19.792+0000] {logging_mixin.py:137} INFO - [2023-04-25T01:56:19.792+0000] {taskmixin.py:211} WARNING - Dependency <Task(BashOperator): delete_tag>, create_tag already registered for DAG: example_complex
[2023-04-25T01:56:19.799+0000] {processor.py:753} INFO - DAG(s) dict_keys(['example_complex']) retrieved from /home/airflow/.local/lib/python3.7/site-packages/airflow/example_dags/example_complex.py
[2023-04-25T01:56:19.829+0000] {logging_mixin.py:137} INFO - [2023-04-25T01:56:19.829+0000] {dag.py:2705} INFO - Sync 1 DAGs
[2023-04-25T01:56:19.845+0000] {logging_mixin.py:137} INFO - [2023-04-25T01:56:19.845+0000] {dag.py:3456} INFO - Setting next_dagrun for example_complex to None, run_after=None
[2023-04-25T01:56:19.860+0000] {processor.py:175} INFO - Processing /home/airflow/.local/lib/python3.7/site-packages/airflow/example_dags/example_complex.py took 0.096 seconds
[2023-04-25T01:56:50.325+0000] {processor.py:153} INFO - Started process (PID=848) to work on /home/airflow/.local/lib/python3.7/site-packages/airflow/example_dags/example_complex.py
[2023-04-25T01:56:50.327+0000] {processor.py:743} INFO - Processing file /home/airflow/.local/lib/python3.7/site-packages/airflow/example_dags/example_complex.py for tasks to queue
[2023-04-25T01:56:50.329+0000] {logging_mixin.py:137} INFO - [2023-04-25T01:56:50.328+0000] {dagbag.py:532} INFO - Filling up the DagBag from /home/airflow/.local/lib/python3.7/site-packages/airflow/example_dags/example_complex.py
[2023-04-25T01:56:50.343+0000] {logging_mixin.py:137} INFO - [2023-04-25T01:56:50.343+0000] {taskmixin.py:211} WARNING - Dependency <Task(BashOperator): create_entry_group>, delete_entry_group already registered for DAG: example_complex
[2023-04-25T01:56:50.344+0000] {logging_mixin.py:137} INFO - [2023-04-25T01:56:50.344+0000] {taskmixin.py:211} WARNING - Dependency <Task(BashOperator): delete_entry_group>, create_entry_group already registered for DAG: example_complex
[2023-04-25T01:56:50.346+0000] {logging_mixin.py:137} INFO - [2023-04-25T01:56:50.345+0000] {taskmixin.py:211} WARNING - Dependency <Task(BashOperator): create_entry_gcs>, delete_entry already registered for DAG: example_complex
[2023-04-25T01:56:50.346+0000] {logging_mixin.py:137} INFO - [2023-04-25T01:56:50.346+0000] {taskmixin.py:211} WARNING - Dependency <Task(BashOperator): delete_entry>, create_entry_gcs already registered for DAG: example_complex
[2023-04-25T01:56:50.347+0000] {logging_mixin.py:137} INFO - [2023-04-25T01:56:50.347+0000] {taskmixin.py:211} WARNING - Dependency <Task(BashOperator): create_tag>, delete_tag already registered for DAG: example_complex
[2023-04-25T01:56:50.348+0000] {logging_mixin.py:137} INFO - [2023-04-25T01:56:50.348+0000] {taskmixin.py:211} WARNING - Dependency <Task(BashOperator): delete_tag>, create_tag already registered for DAG: example_complex
[2023-04-25T01:56:50.357+0000] {processor.py:753} INFO - DAG(s) dict_keys(['example_complex']) retrieved from /home/airflow/.local/lib/python3.7/site-packages/airflow/example_dags/example_complex.py
[2023-04-25T01:56:50.390+0000] {logging_mixin.py:137} INFO - [2023-04-25T01:56:50.390+0000] {dag.py:2705} INFO - Sync 1 DAGs
[2023-04-25T01:56:50.407+0000] {logging_mixin.py:137} INFO - [2023-04-25T01:56:50.407+0000] {dag.py:3456} INFO - Setting next_dagrun for example_complex to None, run_after=None
[2023-04-25T01:56:50.419+0000] {processor.py:175} INFO - Processing /home/airflow/.local/lib/python3.7/site-packages/airflow/example_dags/example_complex.py took 0.098 seconds
[2023-04-25T01:57:21.149+0000] {processor.py:153} INFO - Started process (PID=898) to work on /home/airflow/.local/lib/python3.7/site-packages/airflow/example_dags/example_complex.py
[2023-04-25T01:57:21.153+0000] {processor.py:743} INFO - Processing file /home/airflow/.local/lib/python3.7/site-packages/airflow/example_dags/example_complex.py for tasks to queue
[2023-04-25T01:57:21.155+0000] {logging_mixin.py:137} INFO - [2023-04-25T01:57:21.155+0000] {dagbag.py:532} INFO - Filling up the DagBag from /home/airflow/.local/lib/python3.7/site-packages/airflow/example_dags/example_complex.py
[2023-04-25T01:57:21.172+0000] {logging_mixin.py:137} INFO - [2023-04-25T01:57:21.171+0000] {taskmixin.py:211} WARNING - Dependency <Task(BashOperator): create_entry_group>, delete_entry_group already registered for DAG: example_complex
[2023-04-25T01:57:21.173+0000] {logging_mixin.py:137} INFO - [2023-04-25T01:57:21.172+0000] {taskmixin.py:211} WARNING - Dependency <Task(BashOperator): delete_entry_group>, create_entry_group already registered for DAG: example_complex
[2023-04-25T01:57:21.173+0000] {logging_mixin.py:137} INFO - [2023-04-25T01:57:21.173+0000] {taskmixin.py:211} WARNING - Dependency <Task(BashOperator): create_entry_gcs>, delete_entry already registered for DAG: example_complex
[2023-04-25T01:57:21.174+0000] {logging_mixin.py:137} INFO - [2023-04-25T01:57:21.174+0000] {taskmixin.py:211} WARNING - Dependency <Task(BashOperator): delete_entry>, create_entry_gcs already registered for DAG: example_complex
[2023-04-25T01:57:21.174+0000] {logging_mixin.py:137} INFO - [2023-04-25T01:57:21.174+0000] {taskmixin.py:211} WARNING - Dependency <Task(BashOperator): create_tag>, delete_tag already registered for DAG: example_complex
[2023-04-25T01:57:21.175+0000] {logging_mixin.py:137} INFO - [2023-04-25T01:57:21.175+0000] {taskmixin.py:211} WARNING - Dependency <Task(BashOperator): delete_tag>, create_tag already registered for DAG: example_complex
[2023-04-25T01:57:21.181+0000] {processor.py:753} INFO - DAG(s) dict_keys(['example_complex']) retrieved from /home/airflow/.local/lib/python3.7/site-packages/airflow/example_dags/example_complex.py
[2023-04-25T01:57:21.209+0000] {logging_mixin.py:137} INFO - [2023-04-25T01:57:21.209+0000] {dag.py:2705} INFO - Sync 1 DAGs
[2023-04-25T01:57:21.225+0000] {logging_mixin.py:137} INFO - [2023-04-25T01:57:21.225+0000] {dag.py:3456} INFO - Setting next_dagrun for example_complex to None, run_after=None
[2023-04-25T01:57:21.236+0000] {processor.py:175} INFO - Processing /home/airflow/.local/lib/python3.7/site-packages/airflow/example_dags/example_complex.py took 0.094 seconds
[2023-04-25T01:57:51.774+0000] {processor.py:153} INFO - Started process (PID=948) to work on /home/airflow/.local/lib/python3.7/site-packages/airflow/example_dags/example_complex.py
[2023-04-25T01:57:51.777+0000] {processor.py:743} INFO - Processing file /home/airflow/.local/lib/python3.7/site-packages/airflow/example_dags/example_complex.py for tasks to queue
[2023-04-25T01:57:51.779+0000] {logging_mixin.py:137} INFO - [2023-04-25T01:57:51.778+0000] {dagbag.py:532} INFO - Filling up the DagBag from /home/airflow/.local/lib/python3.7/site-packages/airflow/example_dags/example_complex.py
[2023-04-25T01:57:51.793+0000] {logging_mixin.py:137} INFO - [2023-04-25T01:57:51.793+0000] {taskmixin.py:211} WARNING - Dependency <Task(BashOperator): create_entry_group>, delete_entry_group already registered for DAG: example_complex
[2023-04-25T01:57:51.794+0000] {logging_mixin.py:137} INFO - [2023-04-25T01:57:51.794+0000] {taskmixin.py:211} WARNING - Dependency <Task(BashOperator): delete_entry_group>, create_entry_group already registered for DAG: example_complex
[2023-04-25T01:57:51.795+0000] {logging_mixin.py:137} INFO - [2023-04-25T01:57:51.795+0000] {taskmixin.py:211} WARNING - Dependency <Task(BashOperator): create_entry_gcs>, delete_entry already registered for DAG: example_complex
[2023-04-25T01:57:51.796+0000] {logging_mixin.py:137} INFO - [2023-04-25T01:57:51.796+0000] {taskmixin.py:211} WARNING - Dependency <Task(BashOperator): delete_entry>, create_entry_gcs already registered for DAG: example_complex
[2023-04-25T01:57:51.797+0000] {logging_mixin.py:137} INFO - [2023-04-25T01:57:51.797+0000] {taskmixin.py:211} WARNING - Dependency <Task(BashOperator): create_tag>, delete_tag already registered for DAG: example_complex
[2023-04-25T01:57:51.798+0000] {logging_mixin.py:137} INFO - [2023-04-25T01:57:51.798+0000] {taskmixin.py:211} WARNING - Dependency <Task(BashOperator): delete_tag>, create_tag already registered for DAG: example_complex
[2023-04-25T01:57:51.806+0000] {processor.py:753} INFO - DAG(s) dict_keys(['example_complex']) retrieved from /home/airflow/.local/lib/python3.7/site-packages/airflow/example_dags/example_complex.py
[2023-04-25T01:57:51.839+0000] {logging_mixin.py:137} INFO - [2023-04-25T01:57:51.838+0000] {dag.py:2705} INFO - Sync 1 DAGs
[2023-04-25T01:57:51.858+0000] {logging_mixin.py:137} INFO - [2023-04-25T01:57:51.858+0000] {dag.py:3456} INFO - Setting next_dagrun for example_complex to None, run_after=None
[2023-04-25T01:57:51.870+0000] {processor.py:175} INFO - Processing /home/airflow/.local/lib/python3.7/site-packages/airflow/example_dags/example_complex.py took 0.103 seconds
[2023-04-25T01:58:22.042+0000] {processor.py:153} INFO - Started process (PID=998) to work on /home/airflow/.local/lib/python3.7/site-packages/airflow/example_dags/example_complex.py
[2023-04-25T01:58:22.046+0000] {processor.py:743} INFO - Processing file /home/airflow/.local/lib/python3.7/site-packages/airflow/example_dags/example_complex.py for tasks to queue
[2023-04-25T01:58:22.048+0000] {logging_mixin.py:137} INFO - [2023-04-25T01:58:22.048+0000] {dagbag.py:532} INFO - Filling up the DagBag from /home/airflow/.local/lib/python3.7/site-packages/airflow/example_dags/example_complex.py
[2023-04-25T01:58:22.065+0000] {logging_mixin.py:137} INFO - [2023-04-25T01:58:22.064+0000] {taskmixin.py:211} WARNING - Dependency <Task(BashOperator): create_entry_group>, delete_entry_group already registered for DAG: example_complex
[2023-04-25T01:58:22.066+0000] {logging_mixin.py:137} INFO - [2023-04-25T01:58:22.065+0000] {taskmixin.py:211} WARNING - Dependency <Task(BashOperator): delete_entry_group>, create_entry_group already registered for DAG: example_complex
[2023-04-25T01:58:22.066+0000] {logging_mixin.py:137} INFO - [2023-04-25T01:58:22.066+0000] {taskmixin.py:211} WARNING - Dependency <Task(BashOperator): create_entry_gcs>, delete_entry already registered for DAG: example_complex
[2023-04-25T01:58:22.067+0000] {logging_mixin.py:137} INFO - [2023-04-25T01:58:22.067+0000] {taskmixin.py:211} WARNING - Dependency <Task(BashOperator): delete_entry>, create_entry_gcs already registered for DAG: example_complex
[2023-04-25T01:58:22.068+0000] {logging_mixin.py:137} INFO - [2023-04-25T01:58:22.068+0000] {taskmixin.py:211} WARNING - Dependency <Task(BashOperator): create_tag>, delete_tag already registered for DAG: example_complex
[2023-04-25T01:58:22.068+0000] {logging_mixin.py:137} INFO - [2023-04-25T01:58:22.068+0000] {taskmixin.py:211} WARNING - Dependency <Task(BashOperator): delete_tag>, create_tag already registered for DAG: example_complex
[2023-04-25T01:58:22.075+0000] {processor.py:753} INFO - DAG(s) dict_keys(['example_complex']) retrieved from /home/airflow/.local/lib/python3.7/site-packages/airflow/example_dags/example_complex.py
[2023-04-25T01:58:22.104+0000] {logging_mixin.py:137} INFO - [2023-04-25T01:58:22.104+0000] {dag.py:2705} INFO - Sync 1 DAGs
[2023-04-25T01:58:22.120+0000] {logging_mixin.py:137} INFO - [2023-04-25T01:58:22.120+0000] {dag.py:3456} INFO - Setting next_dagrun for example_complex to None, run_after=None
[2023-04-25T01:58:22.133+0000] {processor.py:175} INFO - Processing /home/airflow/.local/lib/python3.7/site-packages/airflow/example_dags/example_complex.py took 0.099 seconds
[2023-04-25T01:58:52.646+0000] {processor.py:153} INFO - Started process (PID=1048) to work on /home/airflow/.local/lib/python3.7/site-packages/airflow/example_dags/example_complex.py
[2023-04-25T01:58:52.649+0000] {processor.py:743} INFO - Processing file /home/airflow/.local/lib/python3.7/site-packages/airflow/example_dags/example_complex.py for tasks to queue
[2023-04-25T01:58:52.652+0000] {logging_mixin.py:137} INFO - [2023-04-25T01:58:52.652+0000] {dagbag.py:532} INFO - Filling up the DagBag from /home/airflow/.local/lib/python3.7/site-packages/airflow/example_dags/example_complex.py
[2023-04-25T01:58:52.666+0000] {logging_mixin.py:137} INFO - [2023-04-25T01:58:52.666+0000] {taskmixin.py:211} WARNING - Dependency <Task(BashOperator): create_entry_group>, delete_entry_group already registered for DAG: example_complex
[2023-04-25T01:58:52.667+0000] {logging_mixin.py:137} INFO - [2023-04-25T01:58:52.667+0000] {taskmixin.py:211} WARNING - Dependency <Task(BashOperator): delete_entry_group>, create_entry_group already registered for DAG: example_complex
[2023-04-25T01:58:52.668+0000] {logging_mixin.py:137} INFO - [2023-04-25T01:58:52.668+0000] {taskmixin.py:211} WARNING - Dependency <Task(BashOperator): create_entry_gcs>, delete_entry already registered for DAG: example_complex
[2023-04-25T01:58:52.668+0000] {logging_mixin.py:137} INFO - [2023-04-25T01:58:52.668+0000] {taskmixin.py:211} WARNING - Dependency <Task(BashOperator): delete_entry>, create_entry_gcs already registered for DAG: example_complex
[2023-04-25T01:58:52.669+0000] {logging_mixin.py:137} INFO - [2023-04-25T01:58:52.669+0000] {taskmixin.py:211} WARNING - Dependency <Task(BashOperator): create_tag>, delete_tag already registered for DAG: example_complex
[2023-04-25T01:58:52.670+0000] {logging_mixin.py:137} INFO - [2023-04-25T01:58:52.670+0000] {taskmixin.py:211} WARNING - Dependency <Task(BashOperator): delete_tag>, create_tag already registered for DAG: example_complex
[2023-04-25T01:58:52.676+0000] {processor.py:753} INFO - DAG(s) dict_keys(['example_complex']) retrieved from /home/airflow/.local/lib/python3.7/site-packages/airflow/example_dags/example_complex.py
[2023-04-25T01:58:52.704+0000] {logging_mixin.py:137} INFO - [2023-04-25T01:58:52.704+0000] {dag.py:2705} INFO - Sync 1 DAGs
[2023-04-25T01:58:52.720+0000] {logging_mixin.py:137} INFO - [2023-04-25T01:58:52.720+0000] {dag.py:3456} INFO - Setting next_dagrun for example_complex to None, run_after=None
[2023-04-25T01:58:52.732+0000] {processor.py:175} INFO - Processing /home/airflow/.local/lib/python3.7/site-packages/airflow/example_dags/example_complex.py took 0.093 seconds
[2023-04-25T01:59:23.218+0000] {processor.py:153} INFO - Started process (PID=1098) to work on /home/airflow/.local/lib/python3.7/site-packages/airflow/example_dags/example_complex.py
[2023-04-25T01:59:23.222+0000] {processor.py:743} INFO - Processing file /home/airflow/.local/lib/python3.7/site-packages/airflow/example_dags/example_complex.py for tasks to queue
[2023-04-25T01:59:23.224+0000] {logging_mixin.py:137} INFO - [2023-04-25T01:59:23.223+0000] {dagbag.py:532} INFO - Filling up the DagBag from /home/airflow/.local/lib/python3.7/site-packages/airflow/example_dags/example_complex.py
[2023-04-25T01:59:23.240+0000] {logging_mixin.py:137} INFO - [2023-04-25T01:59:23.239+0000] {taskmixin.py:211} WARNING - Dependency <Task(BashOperator): create_entry_group>, delete_entry_group already registered for DAG: example_complex
[2023-04-25T01:59:23.241+0000] {logging_mixin.py:137} INFO - [2023-04-25T01:59:23.240+0000] {taskmixin.py:211} WARNING - Dependency <Task(BashOperator): delete_entry_group>, create_entry_group already registered for DAG: example_complex
[2023-04-25T01:59:23.241+0000] {logging_mixin.py:137} INFO - [2023-04-25T01:59:23.241+0000] {taskmixin.py:211} WARNING - Dependency <Task(BashOperator): create_entry_gcs>, delete_entry already registered for DAG: example_complex
[2023-04-25T01:59:23.242+0000] {logging_mixin.py:137} INFO - [2023-04-25T01:59:23.242+0000] {taskmixin.py:211} WARNING - Dependency <Task(BashOperator): delete_entry>, create_entry_gcs already registered for DAG: example_complex
[2023-04-25T01:59:23.243+0000] {logging_mixin.py:137} INFO - [2023-04-25T01:59:23.243+0000] {taskmixin.py:211} WARNING - Dependency <Task(BashOperator): create_tag>, delete_tag already registered for DAG: example_complex
[2023-04-25T01:59:23.243+0000] {logging_mixin.py:137} INFO - [2023-04-25T01:59:23.243+0000] {taskmixin.py:211} WARNING - Dependency <Task(BashOperator): delete_tag>, create_tag already registered for DAG: example_complex
[2023-04-25T01:59:23.251+0000] {processor.py:753} INFO - DAG(s) dict_keys(['example_complex']) retrieved from /home/airflow/.local/lib/python3.7/site-packages/airflow/example_dags/example_complex.py
[2023-04-25T01:59:23.282+0000] {logging_mixin.py:137} INFO - [2023-04-25T01:59:23.282+0000] {dag.py:2705} INFO - Sync 1 DAGs
[2023-04-25T01:59:23.301+0000] {logging_mixin.py:137} INFO - [2023-04-25T01:59:23.301+0000] {dag.py:3456} INFO - Setting next_dagrun for example_complex to None, run_after=None
[2023-04-25T01:59:23.317+0000] {processor.py:175} INFO - Processing /home/airflow/.local/lib/python3.7/site-packages/airflow/example_dags/example_complex.py took 0.108 seconds
[2023-04-25T01:59:53.854+0000] {processor.py:153} INFO - Started process (PID=1148) to work on /home/airflow/.local/lib/python3.7/site-packages/airflow/example_dags/example_complex.py
[2023-04-25T01:59:53.857+0000] {processor.py:743} INFO - Processing file /home/airflow/.local/lib/python3.7/site-packages/airflow/example_dags/example_complex.py for tasks to queue
[2023-04-25T01:59:53.859+0000] {logging_mixin.py:137} INFO - [2023-04-25T01:59:53.859+0000] {dagbag.py:532} INFO - Filling up the DagBag from /home/airflow/.local/lib/python3.7/site-packages/airflow/example_dags/example_complex.py
[2023-04-25T01:59:53.876+0000] {logging_mixin.py:137} INFO - [2023-04-25T01:59:53.875+0000] {taskmixin.py:211} WARNING - Dependency <Task(BashOperator): create_entry_group>, delete_entry_group already registered for DAG: example_complex
[2023-04-25T01:59:53.876+0000] {logging_mixin.py:137} INFO - [2023-04-25T01:59:53.876+0000] {taskmixin.py:211} WARNING - Dependency <Task(BashOperator): delete_entry_group>, create_entry_group already registered for DAG: example_complex
[2023-04-25T01:59:53.877+0000] {logging_mixin.py:137} INFO - [2023-04-25T01:59:53.877+0000] {taskmixin.py:211} WARNING - Dependency <Task(BashOperator): create_entry_gcs>, delete_entry already registered for DAG: example_complex
[2023-04-25T01:59:53.878+0000] {logging_mixin.py:137} INFO - [2023-04-25T01:59:53.878+0000] {taskmixin.py:211} WARNING - Dependency <Task(BashOperator): delete_entry>, create_entry_gcs already registered for DAG: example_complex
[2023-04-25T01:59:53.879+0000] {logging_mixin.py:137} INFO - [2023-04-25T01:59:53.879+0000] {taskmixin.py:211} WARNING - Dependency <Task(BashOperator): create_tag>, delete_tag already registered for DAG: example_complex
[2023-04-25T01:59:53.879+0000] {logging_mixin.py:137} INFO - [2023-04-25T01:59:53.879+0000] {taskmixin.py:211} WARNING - Dependency <Task(BashOperator): delete_tag>, create_tag already registered for DAG: example_complex
[2023-04-25T01:59:53.885+0000] {processor.py:753} INFO - DAG(s) dict_keys(['example_complex']) retrieved from /home/airflow/.local/lib/python3.7/site-packages/airflow/example_dags/example_complex.py
[2023-04-25T01:59:53.913+0000] {logging_mixin.py:137} INFO - [2023-04-25T01:59:53.913+0000] {dag.py:2705} INFO - Sync 1 DAGs
[2023-04-25T01:59:53.928+0000] {logging_mixin.py:137} INFO - [2023-04-25T01:59:53.928+0000] {dag.py:3456} INFO - Setting next_dagrun for example_complex to None, run_after=None
[2023-04-25T01:59:53.941+0000] {processor.py:175} INFO - Processing /home/airflow/.local/lib/python3.7/site-packages/airflow/example_dags/example_complex.py took 0.095 seconds
[2023-04-25T02:00:24.436+0000] {processor.py:153} INFO - Started process (PID=1198) to work on /home/airflow/.local/lib/python3.7/site-packages/airflow/example_dags/example_complex.py
[2023-04-25T02:00:24.438+0000] {processor.py:743} INFO - Processing file /home/airflow/.local/lib/python3.7/site-packages/airflow/example_dags/example_complex.py for tasks to queue
[2023-04-25T02:00:24.439+0000] {logging_mixin.py:137} INFO - [2023-04-25T02:00:24.439+0000] {dagbag.py:532} INFO - Filling up the DagBag from /home/airflow/.local/lib/python3.7/site-packages/airflow/example_dags/example_complex.py
[2023-04-25T02:00:24.452+0000] {logging_mixin.py:137} INFO - [2023-04-25T02:00:24.452+0000] {taskmixin.py:211} WARNING - Dependency <Task(BashOperator): create_entry_group>, delete_entry_group already registered for DAG: example_complex
[2023-04-25T02:00:24.453+0000] {logging_mixin.py:137} INFO - [2023-04-25T02:00:24.453+0000] {taskmixin.py:211} WARNING - Dependency <Task(BashOperator): delete_entry_group>, create_entry_group already registered for DAG: example_complex
[2023-04-25T02:00:24.453+0000] {logging_mixin.py:137} INFO - [2023-04-25T02:00:24.453+0000] {taskmixin.py:211} WARNING - Dependency <Task(BashOperator): create_entry_gcs>, delete_entry already registered for DAG: example_complex
[2023-04-25T02:00:24.454+0000] {logging_mixin.py:137} INFO - [2023-04-25T02:00:24.454+0000] {taskmixin.py:211} WARNING - Dependency <Task(BashOperator): delete_entry>, create_entry_gcs already registered for DAG: example_complex
[2023-04-25T02:00:24.455+0000] {logging_mixin.py:137} INFO - [2023-04-25T02:00:24.455+0000] {taskmixin.py:211} WARNING - Dependency <Task(BashOperator): create_tag>, delete_tag already registered for DAG: example_complex
[2023-04-25T02:00:24.456+0000] {logging_mixin.py:137} INFO - [2023-04-25T02:00:24.455+0000] {taskmixin.py:211} WARNING - Dependency <Task(BashOperator): delete_tag>, create_tag already registered for DAG: example_complex
[2023-04-25T02:00:24.463+0000] {processor.py:753} INFO - DAG(s) dict_keys(['example_complex']) retrieved from /home/airflow/.local/lib/python3.7/site-packages/airflow/example_dags/example_complex.py
[2023-04-25T02:00:24.492+0000] {logging_mixin.py:137} INFO - [2023-04-25T02:00:24.492+0000] {dag.py:2705} INFO - Sync 1 DAGs
[2023-04-25T02:00:24.509+0000] {logging_mixin.py:137} INFO - [2023-04-25T02:00:24.509+0000] {dag.py:3456} INFO - Setting next_dagrun for example_complex to None, run_after=None
[2023-04-25T02:00:24.522+0000] {processor.py:175} INFO - Processing /home/airflow/.local/lib/python3.7/site-packages/airflow/example_dags/example_complex.py took 0.092 seconds
[2023-04-25T02:00:54.967+0000] {processor.py:153} INFO - Started process (PID=1248) to work on /home/airflow/.local/lib/python3.7/site-packages/airflow/example_dags/example_complex.py
[2023-04-25T02:00:54.970+0000] {processor.py:743} INFO - Processing file /home/airflow/.local/lib/python3.7/site-packages/airflow/example_dags/example_complex.py for tasks to queue
[2023-04-25T02:00:54.971+0000] {logging_mixin.py:137} INFO - [2023-04-25T02:00:54.970+0000] {dagbag.py:532} INFO - Filling up the DagBag from /home/airflow/.local/lib/python3.7/site-packages/airflow/example_dags/example_complex.py
[2023-04-25T02:00:54.984+0000] {logging_mixin.py:137} INFO - [2023-04-25T02:00:54.984+0000] {taskmixin.py:211} WARNING - Dependency <Task(BashOperator): create_entry_group>, delete_entry_group already registered for DAG: example_complex
[2023-04-25T02:00:54.985+0000] {logging_mixin.py:137} INFO - [2023-04-25T02:00:54.985+0000] {taskmixin.py:211} WARNING - Dependency <Task(BashOperator): delete_entry_group>, create_entry_group already registered for DAG: example_complex
[2023-04-25T02:00:54.986+0000] {logging_mixin.py:137} INFO - [2023-04-25T02:00:54.985+0000] {taskmixin.py:211} WARNING - Dependency <Task(BashOperator): create_entry_gcs>, delete_entry already registered for DAG: example_complex
[2023-04-25T02:00:54.986+0000] {logging_mixin.py:137} INFO - [2023-04-25T02:00:54.986+0000] {taskmixin.py:211} WARNING - Dependency <Task(BashOperator): delete_entry>, create_entry_gcs already registered for DAG: example_complex
[2023-04-25T02:00:54.987+0000] {logging_mixin.py:137} INFO - [2023-04-25T02:00:54.987+0000] {taskmixin.py:211} WARNING - Dependency <Task(BashOperator): create_tag>, delete_tag already registered for DAG: example_complex
[2023-04-25T02:00:54.988+0000] {logging_mixin.py:137} INFO - [2023-04-25T02:00:54.988+0000] {taskmixin.py:211} WARNING - Dependency <Task(BashOperator): delete_tag>, create_tag already registered for DAG: example_complex
[2023-04-25T02:00:54.995+0000] {processor.py:753} INFO - DAG(s) dict_keys(['example_complex']) retrieved from /home/airflow/.local/lib/python3.7/site-packages/airflow/example_dags/example_complex.py
[2023-04-25T02:00:55.026+0000] {logging_mixin.py:137} INFO - [2023-04-25T02:00:55.026+0000] {dag.py:2705} INFO - Sync 1 DAGs
[2023-04-25T02:00:55.042+0000] {logging_mixin.py:137} INFO - [2023-04-25T02:00:55.042+0000] {dag.py:3456} INFO - Setting next_dagrun for example_complex to None, run_after=None
[2023-04-25T02:00:55.055+0000] {processor.py:175} INFO - Processing /home/airflow/.local/lib/python3.7/site-packages/airflow/example_dags/example_complex.py took 0.093 seconds
[2023-04-25T02:01:25.610+0000] {processor.py:153} INFO - Started process (PID=1298) to work on /home/airflow/.local/lib/python3.7/site-packages/airflow/example_dags/example_complex.py
[2023-04-25T02:01:25.613+0000] {processor.py:743} INFO - Processing file /home/airflow/.local/lib/python3.7/site-packages/airflow/example_dags/example_complex.py for tasks to queue
[2023-04-25T02:01:25.615+0000] {logging_mixin.py:137} INFO - [2023-04-25T02:01:25.615+0000] {dagbag.py:532} INFO - Filling up the DagBag from /home/airflow/.local/lib/python3.7/site-packages/airflow/example_dags/example_complex.py
[2023-04-25T02:01:25.630+0000] {logging_mixin.py:137} INFO - [2023-04-25T02:01:25.630+0000] {taskmixin.py:211} WARNING - Dependency <Task(BashOperator): create_entry_group>, delete_entry_group already registered for DAG: example_complex
[2023-04-25T02:01:25.631+0000] {logging_mixin.py:137} INFO - [2023-04-25T02:01:25.631+0000] {taskmixin.py:211} WARNING - Dependency <Task(BashOperator): delete_entry_group>, create_entry_group already registered for DAG: example_complex
[2023-04-25T02:01:25.631+0000] {logging_mixin.py:137} INFO - [2023-04-25T02:01:25.631+0000] {taskmixin.py:211} WARNING - Dependency <Task(BashOperator): create_entry_gcs>, delete_entry already registered for DAG: example_complex
[2023-04-25T02:01:25.632+0000] {logging_mixin.py:137} INFO - [2023-04-25T02:01:25.632+0000] {taskmixin.py:211} WARNING - Dependency <Task(BashOperator): delete_entry>, create_entry_gcs already registered for DAG: example_complex
[2023-04-25T02:01:25.633+0000] {logging_mixin.py:137} INFO - [2023-04-25T02:01:25.633+0000] {taskmixin.py:211} WARNING - Dependency <Task(BashOperator): create_tag>, delete_tag already registered for DAG: example_complex
[2023-04-25T02:01:25.633+0000] {logging_mixin.py:137} INFO - [2023-04-25T02:01:25.633+0000] {taskmixin.py:211} WARNING - Dependency <Task(BashOperator): delete_tag>, create_tag already registered for DAG: example_complex
[2023-04-25T02:01:25.640+0000] {processor.py:753} INFO - DAG(s) dict_keys(['example_complex']) retrieved from /home/airflow/.local/lib/python3.7/site-packages/airflow/example_dags/example_complex.py
[2023-04-25T02:01:25.669+0000] {logging_mixin.py:137} INFO - [2023-04-25T02:01:25.669+0000] {dag.py:2705} INFO - Sync 1 DAGs
[2023-04-25T02:01:25.685+0000] {logging_mixin.py:137} INFO - [2023-04-25T02:01:25.685+0000] {dag.py:3456} INFO - Setting next_dagrun for example_complex to None, run_after=None
[2023-04-25T02:01:25.701+0000] {processor.py:175} INFO - Processing /home/airflow/.local/lib/python3.7/site-packages/airflow/example_dags/example_complex.py took 0.099 seconds
[2023-04-25T02:01:55.909+0000] {processor.py:153} INFO - Started process (PID=1347) to work on /home/airflow/.local/lib/python3.7/site-packages/airflow/example_dags/example_complex.py
[2023-04-25T02:01:55.913+0000] {processor.py:743} INFO - Processing file /home/airflow/.local/lib/python3.7/site-packages/airflow/example_dags/example_complex.py for tasks to queue
[2023-04-25T02:01:55.915+0000] {logging_mixin.py:137} INFO - [2023-04-25T02:01:55.915+0000] {dagbag.py:532} INFO - Filling up the DagBag from /home/airflow/.local/lib/python3.7/site-packages/airflow/example_dags/example_complex.py
[2023-04-25T02:01:55.938+0000] {logging_mixin.py:137} INFO - [2023-04-25T02:01:55.938+0000] {taskmixin.py:211} WARNING - Dependency <Task(BashOperator): create_entry_group>, delete_entry_group already registered for DAG: example_complex
[2023-04-25T02:01:55.939+0000] {logging_mixin.py:137} INFO - [2023-04-25T02:01:55.939+0000] {taskmixin.py:211} WARNING - Dependency <Task(BashOperator): delete_entry_group>, create_entry_group already registered for DAG: example_complex
[2023-04-25T02:01:55.940+0000] {logging_mixin.py:137} INFO - [2023-04-25T02:01:55.940+0000] {taskmixin.py:211} WARNING - Dependency <Task(BashOperator): create_entry_gcs>, delete_entry already registered for DAG: example_complex
[2023-04-25T02:01:55.941+0000] {logging_mixin.py:137} INFO - [2023-04-25T02:01:55.941+0000] {taskmixin.py:211} WARNING - Dependency <Task(BashOperator): delete_entry>, create_entry_gcs already registered for DAG: example_complex
[2023-04-25T02:01:55.942+0000] {logging_mixin.py:137} INFO - [2023-04-25T02:01:55.942+0000] {taskmixin.py:211} WARNING - Dependency <Task(BashOperator): create_tag>, delete_tag already registered for DAG: example_complex
[2023-04-25T02:01:55.942+0000] {logging_mixin.py:137} INFO - [2023-04-25T02:01:55.942+0000] {taskmixin.py:211} WARNING - Dependency <Task(BashOperator): delete_tag>, create_tag already registered for DAG: example_complex
[2023-04-25T02:01:55.949+0000] {processor.py:753} INFO - DAG(s) dict_keys(['example_complex']) retrieved from /home/airflow/.local/lib/python3.7/site-packages/airflow/example_dags/example_complex.py
[2023-04-25T02:01:55.980+0000] {logging_mixin.py:137} INFO - [2023-04-25T02:01:55.980+0000] {dag.py:2705} INFO - Sync 1 DAGs
[2023-04-25T02:01:55.999+0000] {logging_mixin.py:137} INFO - [2023-04-25T02:01:55.999+0000] {dag.py:3456} INFO - Setting next_dagrun for example_complex to None, run_after=None
[2023-04-25T02:01:56.012+0000] {processor.py:175} INFO - Processing /home/airflow/.local/lib/python3.7/site-packages/airflow/example_dags/example_complex.py took 0.112 seconds
[2023-04-25T02:02:26.512+0000] {processor.py:153} INFO - Started process (PID=1397) to work on /home/airflow/.local/lib/python3.7/site-packages/airflow/example_dags/example_complex.py
[2023-04-25T02:02:26.515+0000] {processor.py:743} INFO - Processing file /home/airflow/.local/lib/python3.7/site-packages/airflow/example_dags/example_complex.py for tasks to queue
[2023-04-25T02:02:26.516+0000] {logging_mixin.py:137} INFO - [2023-04-25T02:02:26.516+0000] {dagbag.py:532} INFO - Filling up the DagBag from /home/airflow/.local/lib/python3.7/site-packages/airflow/example_dags/example_complex.py
[2023-04-25T02:02:26.530+0000] {logging_mixin.py:137} INFO - [2023-04-25T02:02:26.529+0000] {taskmixin.py:211} WARNING - Dependency <Task(BashOperator): create_entry_group>, delete_entry_group already registered for DAG: example_complex
[2023-04-25T02:02:26.530+0000] {logging_mixin.py:137} INFO - [2023-04-25T02:02:26.530+0000] {taskmixin.py:211} WARNING - Dependency <Task(BashOperator): delete_entry_group>, create_entry_group already registered for DAG: example_complex
[2023-04-25T02:02:26.531+0000] {logging_mixin.py:137} INFO - [2023-04-25T02:02:26.531+0000] {taskmixin.py:211} WARNING - Dependency <Task(BashOperator): create_entry_gcs>, delete_entry already registered for DAG: example_complex
[2023-04-25T02:02:26.532+0000] {logging_mixin.py:137} INFO - [2023-04-25T02:02:26.532+0000] {taskmixin.py:211} WARNING - Dependency <Task(BashOperator): delete_entry>, create_entry_gcs already registered for DAG: example_complex
[2023-04-25T02:02:26.533+0000] {logging_mixin.py:137} INFO - [2023-04-25T02:02:26.533+0000] {taskmixin.py:211} WARNING - Dependency <Task(BashOperator): create_tag>, delete_tag already registered for DAG: example_complex
[2023-04-25T02:02:26.533+0000] {logging_mixin.py:137} INFO - [2023-04-25T02:02:26.533+0000] {taskmixin.py:211} WARNING - Dependency <Task(BashOperator): delete_tag>, create_tag already registered for DAG: example_complex
[2023-04-25T02:02:26.541+0000] {processor.py:753} INFO - DAG(s) dict_keys(['example_complex']) retrieved from /home/airflow/.local/lib/python3.7/site-packages/airflow/example_dags/example_complex.py
[2023-04-25T02:02:26.571+0000] {logging_mixin.py:137} INFO - [2023-04-25T02:02:26.571+0000] {dag.py:2705} INFO - Sync 1 DAGs
[2023-04-25T02:02:26.590+0000] {logging_mixin.py:137} INFO - [2023-04-25T02:02:26.590+0000] {dag.py:3456} INFO - Setting next_dagrun for example_complex to None, run_after=None
[2023-04-25T02:02:26.603+0000] {processor.py:175} INFO - Processing /home/airflow/.local/lib/python3.7/site-packages/airflow/example_dags/example_complex.py took 0.097 seconds
[2023-04-25T02:02:57.122+0000] {processor.py:153} INFO - Started process (PID=1447) to work on /home/airflow/.local/lib/python3.7/site-packages/airflow/example_dags/example_complex.py
[2023-04-25T02:02:57.125+0000] {processor.py:743} INFO - Processing file /home/airflow/.local/lib/python3.7/site-packages/airflow/example_dags/example_complex.py for tasks to queue
[2023-04-25T02:02:57.127+0000] {logging_mixin.py:137} INFO - [2023-04-25T02:02:57.127+0000] {dagbag.py:532} INFO - Filling up the DagBag from /home/airflow/.local/lib/python3.7/site-packages/airflow/example_dags/example_complex.py
[2023-04-25T02:02:57.144+0000] {logging_mixin.py:137} INFO - [2023-04-25T02:02:57.144+0000] {taskmixin.py:211} WARNING - Dependency <Task(BashOperator): create_entry_group>, delete_entry_group already registered for DAG: example_complex
[2023-04-25T02:02:57.145+0000] {logging_mixin.py:137} INFO - [2023-04-25T02:02:57.145+0000] {taskmixin.py:211} WARNING - Dependency <Task(BashOperator): delete_entry_group>, create_entry_group already registered for DAG: example_complex
[2023-04-25T02:02:57.146+0000] {logging_mixin.py:137} INFO - [2023-04-25T02:02:57.146+0000] {taskmixin.py:211} WARNING - Dependency <Task(BashOperator): create_entry_gcs>, delete_entry already registered for DAG: example_complex
[2023-04-25T02:02:57.146+0000] {logging_mixin.py:137} INFO - [2023-04-25T02:02:57.146+0000] {taskmixin.py:211} WARNING - Dependency <Task(BashOperator): delete_entry>, create_entry_gcs already registered for DAG: example_complex
[2023-04-25T02:02:57.147+0000] {logging_mixin.py:137} INFO - [2023-04-25T02:02:57.147+0000] {taskmixin.py:211} WARNING - Dependency <Task(BashOperator): create_tag>, delete_tag already registered for DAG: example_complex
[2023-04-25T02:02:57.148+0000] {logging_mixin.py:137} INFO - [2023-04-25T02:02:57.148+0000] {taskmixin.py:211} WARNING - Dependency <Task(BashOperator): delete_tag>, create_tag already registered for DAG: example_complex
[2023-04-25T02:02:57.155+0000] {processor.py:753} INFO - DAG(s) dict_keys(['example_complex']) retrieved from /home/airflow/.local/lib/python3.7/site-packages/airflow/example_dags/example_complex.py
[2023-04-25T02:02:57.184+0000] {logging_mixin.py:137} INFO - [2023-04-25T02:02:57.184+0000] {dag.py:2705} INFO - Sync 1 DAGs
[2023-04-25T02:02:57.200+0000] {logging_mixin.py:137} INFO - [2023-04-25T02:02:57.200+0000] {dag.py:3456} INFO - Setting next_dagrun for example_complex to None, run_after=None
[2023-04-25T02:02:57.213+0000] {processor.py:175} INFO - Processing /home/airflow/.local/lib/python3.7/site-packages/airflow/example_dags/example_complex.py took 0.100 seconds
