[2023-04-25T01:48:44.900+0000] {processor.py:153} INFO - Started process (PID=71) to work on /home/airflow/.local/lib/python3.7/site-packages/airflow/example_dags/example_bash_operator.py
[2023-04-25T01:48:44.902+0000] {processor.py:743} INFO - Processing file /home/airflow/.local/lib/python3.7/site-packages/airflow/example_dags/example_bash_operator.py for tasks to queue
[2023-04-25T01:48:44.903+0000] {logging_mixin.py:137} INFO - [2023-04-25T01:48:44.902+0000] {dagbag.py:532} INFO - Filling up the DagBag from /home/airflow/.local/lib/python3.7/site-packages/airflow/example_dags/example_bash_operator.py
[2023-04-25T01:48:44.924+0000] {processor.py:753} INFO - DAG(s) dict_keys(['example_bash_operator']) retrieved from /home/airflow/.local/lib/python3.7/site-packages/airflow/example_dags/example_bash_operator.py
[2023-04-25T01:48:44.973+0000] {logging_mixin.py:137} INFO - [2023-04-25T01:48:44.972+0000] {dag.py:2705} INFO - Sync 1 DAGs
[2023-04-25T01:48:45.002+0000] {logging_mixin.py:137} INFO - [2023-04-25T01:48:45.002+0000] {dag.py:3456} INFO - Setting next_dagrun for example_bash_operator to 2023-04-24T00:00:00+00:00, run_after=2023-04-25T00:00:00+00:00
[2023-04-25T01:48:45.043+0000] {processor.py:175} INFO - Processing /home/airflow/.local/lib/python3.7/site-packages/airflow/example_dags/example_bash_operator.py took 0.146 seconds
[2023-04-25T01:49:15.856+0000] {processor.py:153} INFO - Started process (PID=120) to work on /home/airflow/.local/lib/python3.7/site-packages/airflow/example_dags/example_bash_operator.py
[2023-04-25T01:49:15.857+0000] {processor.py:743} INFO - Processing file /home/airflow/.local/lib/python3.7/site-packages/airflow/example_dags/example_bash_operator.py for tasks to queue
[2023-04-25T01:49:15.858+0000] {logging_mixin.py:137} INFO - [2023-04-25T01:49:15.858+0000] {dagbag.py:532} INFO - Filling up the DagBag from /home/airflow/.local/lib/python3.7/site-packages/airflow/example_dags/example_bash_operator.py
[2023-04-25T01:49:15.877+0000] {processor.py:753} INFO - DAG(s) dict_keys(['example_bash_operator']) retrieved from /home/airflow/.local/lib/python3.7/site-packages/airflow/example_dags/example_bash_operator.py
[2023-04-25T01:49:15.912+0000] {logging_mixin.py:137} INFO - [2023-04-25T01:49:15.912+0000] {dag.py:2705} INFO - Sync 1 DAGs
[2023-04-25T01:49:15.935+0000] {logging_mixin.py:137} INFO - [2023-04-25T01:49:15.935+0000] {dag.py:3456} INFO - Setting next_dagrun for example_bash_operator to 2023-04-24T00:00:00+00:00, run_after=2023-04-25T00:00:00+00:00
[2023-04-25T01:49:15.956+0000] {processor.py:175} INFO - Processing /home/airflow/.local/lib/python3.7/site-packages/airflow/example_dags/example_bash_operator.py took 0.104 seconds
[2023-04-25T01:49:46.125+0000] {processor.py:153} INFO - Started process (PID=170) to work on /home/airflow/.local/lib/python3.7/site-packages/airflow/example_dags/example_bash_operator.py
[2023-04-25T01:49:46.129+0000] {processor.py:743} INFO - Processing file /home/airflow/.local/lib/python3.7/site-packages/airflow/example_dags/example_bash_operator.py for tasks to queue
[2023-04-25T01:49:46.131+0000] {logging_mixin.py:137} INFO - [2023-04-25T01:49:46.130+0000] {dagbag.py:532} INFO - Filling up the DagBag from /home/airflow/.local/lib/python3.7/site-packages/airflow/example_dags/example_bash_operator.py
[2023-04-25T01:49:46.174+0000] {processor.py:753} INFO - DAG(s) dict_keys(['example_bash_operator']) retrieved from /home/airflow/.local/lib/python3.7/site-packages/airflow/example_dags/example_bash_operator.py
[2023-04-25T01:49:46.217+0000] {logging_mixin.py:137} INFO - [2023-04-25T01:49:46.217+0000] {dag.py:2705} INFO - Sync 1 DAGs
[2023-04-25T01:49:46.252+0000] {logging_mixin.py:137} INFO - [2023-04-25T01:49:46.252+0000] {dag.py:3456} INFO - Setting next_dagrun for example_bash_operator to 2023-04-24T00:00:00+00:00, run_after=2023-04-25T00:00:00+00:00
[2023-04-25T01:49:46.282+0000] {processor.py:175} INFO - Processing /home/airflow/.local/lib/python3.7/site-packages/airflow/example_dags/example_bash_operator.py took 0.167 seconds
[2023-04-25T01:50:17.258+0000] {processor.py:153} INFO - Started process (PID=220) to work on /home/airflow/.local/lib/python3.7/site-packages/airflow/example_dags/example_bash_operator.py
[2023-04-25T01:50:17.260+0000] {processor.py:743} INFO - Processing file /home/airflow/.local/lib/python3.7/site-packages/airflow/example_dags/example_bash_operator.py for tasks to queue
[2023-04-25T01:50:17.261+0000] {logging_mixin.py:137} INFO - [2023-04-25T01:50:17.261+0000] {dagbag.py:532} INFO - Filling up the DagBag from /home/airflow/.local/lib/python3.7/site-packages/airflow/example_dags/example_bash_operator.py
[2023-04-25T01:50:17.293+0000] {processor.py:753} INFO - DAG(s) dict_keys(['example_bash_operator']) retrieved from /home/airflow/.local/lib/python3.7/site-packages/airflow/example_dags/example_bash_operator.py
[2023-04-25T01:50:17.336+0000] {logging_mixin.py:137} INFO - [2023-04-25T01:50:17.336+0000] {dag.py:2705} INFO - Sync 1 DAGs
[2023-04-25T01:50:17.365+0000] {logging_mixin.py:137} INFO - [2023-04-25T01:50:17.365+0000] {dag.py:3456} INFO - Setting next_dagrun for example_bash_operator to 2023-04-24T00:00:00+00:00, run_after=2023-04-25T00:00:00+00:00
[2023-04-25T01:50:17.381+0000] {processor.py:175} INFO - Processing /home/airflow/.local/lib/python3.7/site-packages/airflow/example_dags/example_bash_operator.py took 0.127 seconds
[2023-04-25T01:50:48.143+0000] {processor.py:153} INFO - Started process (PID=271) to work on /home/airflow/.local/lib/python3.7/site-packages/airflow/example_dags/example_bash_operator.py
[2023-04-25T01:50:48.145+0000] {processor.py:743} INFO - Processing file /home/airflow/.local/lib/python3.7/site-packages/airflow/example_dags/example_bash_operator.py for tasks to queue
[2023-04-25T01:50:48.147+0000] {logging_mixin.py:137} INFO - [2023-04-25T01:50:48.146+0000] {dagbag.py:532} INFO - Filling up the DagBag from /home/airflow/.local/lib/python3.7/site-packages/airflow/example_dags/example_bash_operator.py
[2023-04-25T01:50:48.207+0000] {processor.py:753} INFO - DAG(s) dict_keys(['example_bash_operator']) retrieved from /home/airflow/.local/lib/python3.7/site-packages/airflow/example_dags/example_bash_operator.py
[2023-04-25T01:50:48.262+0000] {logging_mixin.py:137} INFO - [2023-04-25T01:50:48.262+0000] {dag.py:2705} INFO - Sync 1 DAGs
[2023-04-25T01:50:48.297+0000] {logging_mixin.py:137} INFO - [2023-04-25T01:50:48.297+0000] {dag.py:3456} INFO - Setting next_dagrun for example_bash_operator to 2023-04-24T00:00:00+00:00, run_after=2023-04-25T00:00:00+00:00
[2023-04-25T01:50:48.315+0000] {processor.py:175} INFO - Processing /home/airflow/.local/lib/python3.7/site-packages/airflow/example_dags/example_bash_operator.py took 0.179 seconds
[2023-04-25T01:51:19.165+0000] {processor.py:153} INFO - Started process (PID=321) to work on /home/airflow/.local/lib/python3.7/site-packages/airflow/example_dags/example_bash_operator.py
[2023-04-25T01:51:19.167+0000] {processor.py:743} INFO - Processing file /home/airflow/.local/lib/python3.7/site-packages/airflow/example_dags/example_bash_operator.py for tasks to queue
[2023-04-25T01:51:19.169+0000] {logging_mixin.py:137} INFO - [2023-04-25T01:51:19.168+0000] {dagbag.py:532} INFO - Filling up the DagBag from /home/airflow/.local/lib/python3.7/site-packages/airflow/example_dags/example_bash_operator.py
[2023-04-25T01:51:19.195+0000] {processor.py:753} INFO - DAG(s) dict_keys(['example_bash_operator']) retrieved from /home/airflow/.local/lib/python3.7/site-packages/airflow/example_dags/example_bash_operator.py
[2023-04-25T01:51:19.235+0000] {logging_mixin.py:137} INFO - [2023-04-25T01:51:19.235+0000] {dag.py:2705} INFO - Sync 1 DAGs
[2023-04-25T01:51:19.258+0000] {logging_mixin.py:137} INFO - [2023-04-25T01:51:19.258+0000] {dag.py:3456} INFO - Setting next_dagrun for example_bash_operator to 2023-04-24T00:00:00+00:00, run_after=2023-04-25T00:00:00+00:00
[2023-04-25T01:51:19.330+0000] {processor.py:175} INFO - Processing /home/airflow/.local/lib/python3.7/site-packages/airflow/example_dags/example_bash_operator.py took 0.169 seconds
[2023-04-25T01:51:49.502+0000] {processor.py:153} INFO - Started process (PID=371) to work on /home/airflow/.local/lib/python3.7/site-packages/airflow/example_dags/example_bash_operator.py
[2023-04-25T01:51:49.504+0000] {processor.py:743} INFO - Processing file /home/airflow/.local/lib/python3.7/site-packages/airflow/example_dags/example_bash_operator.py for tasks to queue
[2023-04-25T01:51:49.506+0000] {logging_mixin.py:137} INFO - [2023-04-25T01:51:49.506+0000] {dagbag.py:532} INFO - Filling up the DagBag from /home/airflow/.local/lib/python3.7/site-packages/airflow/example_dags/example_bash_operator.py
[2023-04-25T01:51:49.527+0000] {processor.py:753} INFO - DAG(s) dict_keys(['example_bash_operator']) retrieved from /home/airflow/.local/lib/python3.7/site-packages/airflow/example_dags/example_bash_operator.py
[2023-04-25T01:51:49.554+0000] {logging_mixin.py:137} INFO - [2023-04-25T01:51:49.554+0000] {dag.py:2705} INFO - Sync 1 DAGs
[2023-04-25T01:51:49.572+0000] {logging_mixin.py:137} INFO - [2023-04-25T01:51:49.571+0000] {dag.py:3456} INFO - Setting next_dagrun for example_bash_operator to 2023-04-24T00:00:00+00:00, run_after=2023-04-25T00:00:00+00:00
[2023-04-25T01:51:49.584+0000] {processor.py:175} INFO - Processing /home/airflow/.local/lib/python3.7/site-packages/airflow/example_dags/example_bash_operator.py took 0.087 seconds
[2023-04-25T01:52:20.038+0000] {processor.py:153} INFO - Started process (PID=422) to work on /home/airflow/.local/lib/python3.7/site-packages/airflow/example_dags/example_bash_operator.py
[2023-04-25T01:52:20.039+0000] {processor.py:743} INFO - Processing file /home/airflow/.local/lib/python3.7/site-packages/airflow/example_dags/example_bash_operator.py for tasks to queue
[2023-04-25T01:52:20.040+0000] {logging_mixin.py:137} INFO - [2023-04-25T01:52:20.040+0000] {dagbag.py:532} INFO - Filling up the DagBag from /home/airflow/.local/lib/python3.7/site-packages/airflow/example_dags/example_bash_operator.py
[2023-04-25T01:52:20.061+0000] {processor.py:753} INFO - DAG(s) dict_keys(['example_bash_operator']) retrieved from /home/airflow/.local/lib/python3.7/site-packages/airflow/example_dags/example_bash_operator.py
[2023-04-25T01:52:20.088+0000] {logging_mixin.py:137} INFO - [2023-04-25T01:52:20.088+0000] {dag.py:2705} INFO - Sync 1 DAGs
[2023-04-25T01:52:20.104+0000] {logging_mixin.py:137} INFO - [2023-04-25T01:52:20.104+0000] {dag.py:3456} INFO - Setting next_dagrun for example_bash_operator to 2023-04-24T00:00:00+00:00, run_after=2023-04-25T00:00:00+00:00
[2023-04-25T01:52:20.116+0000] {processor.py:175} INFO - Processing /home/airflow/.local/lib/python3.7/site-packages/airflow/example_dags/example_bash_operator.py took 0.082 seconds
[2023-04-25T01:52:50.866+0000] {processor.py:153} INFO - Started process (PID=472) to work on /home/airflow/.local/lib/python3.7/site-packages/airflow/example_dags/example_bash_operator.py
[2023-04-25T01:52:50.868+0000] {processor.py:743} INFO - Processing file /home/airflow/.local/lib/python3.7/site-packages/airflow/example_dags/example_bash_operator.py for tasks to queue
[2023-04-25T01:52:50.869+0000] {logging_mixin.py:137} INFO - [2023-04-25T01:52:50.869+0000] {dagbag.py:532} INFO - Filling up the DagBag from /home/airflow/.local/lib/python3.7/site-packages/airflow/example_dags/example_bash_operator.py
[2023-04-25T01:52:50.892+0000] {processor.py:753} INFO - DAG(s) dict_keys(['example_bash_operator']) retrieved from /home/airflow/.local/lib/python3.7/site-packages/airflow/example_dags/example_bash_operator.py
[2023-04-25T01:52:50.922+0000] {logging_mixin.py:137} INFO - [2023-04-25T01:52:50.921+0000] {dag.py:2705} INFO - Sync 1 DAGs
[2023-04-25T01:52:50.941+0000] {logging_mixin.py:137} INFO - [2023-04-25T01:52:50.941+0000] {dag.py:3456} INFO - Setting next_dagrun for example_bash_operator to 2023-04-24T00:00:00+00:00, run_after=2023-04-25T00:00:00+00:00
[2023-04-25T01:52:50.955+0000] {processor.py:175} INFO - Processing /home/airflow/.local/lib/python3.7/site-packages/airflow/example_dags/example_bash_operator.py took 0.095 seconds
[2023-04-25T01:53:21.363+0000] {processor.py:153} INFO - Started process (PID=522) to work on /home/airflow/.local/lib/python3.7/site-packages/airflow/example_dags/example_bash_operator.py
[2023-04-25T01:53:21.365+0000] {processor.py:743} INFO - Processing file /home/airflow/.local/lib/python3.7/site-packages/airflow/example_dags/example_bash_operator.py for tasks to queue
[2023-04-25T01:53:21.366+0000] {logging_mixin.py:137} INFO - [2023-04-25T01:53:21.366+0000] {dagbag.py:532} INFO - Filling up the DagBag from /home/airflow/.local/lib/python3.7/site-packages/airflow/example_dags/example_bash_operator.py
[2023-04-25T01:53:21.399+0000] {processor.py:753} INFO - DAG(s) dict_keys(['example_bash_operator']) retrieved from /home/airflow/.local/lib/python3.7/site-packages/airflow/example_dags/example_bash_operator.py
[2023-04-25T01:53:21.435+0000] {logging_mixin.py:137} INFO - [2023-04-25T01:53:21.435+0000] {dag.py:2705} INFO - Sync 1 DAGs
[2023-04-25T01:53:21.459+0000] {logging_mixin.py:137} INFO - [2023-04-25T01:53:21.459+0000] {dag.py:3456} INFO - Setting next_dagrun for example_bash_operator to 2023-04-24T00:00:00+00:00, run_after=2023-04-25T00:00:00+00:00
[2023-04-25T01:53:21.476+0000] {processor.py:175} INFO - Processing /home/airflow/.local/lib/python3.7/site-packages/airflow/example_dags/example_bash_operator.py took 0.118 seconds
[2023-04-25T01:53:52.098+0000] {processor.py:153} INFO - Started process (PID=572) to work on /home/airflow/.local/lib/python3.7/site-packages/airflow/example_dags/example_bash_operator.py
[2023-04-25T01:53:52.100+0000] {processor.py:743} INFO - Processing file /home/airflow/.local/lib/python3.7/site-packages/airflow/example_dags/example_bash_operator.py for tasks to queue
[2023-04-25T01:53:52.101+0000] {logging_mixin.py:137} INFO - [2023-04-25T01:53:52.101+0000] {dagbag.py:532} INFO - Filling up the DagBag from /home/airflow/.local/lib/python3.7/site-packages/airflow/example_dags/example_bash_operator.py
[2023-04-25T01:53:52.126+0000] {processor.py:753} INFO - DAG(s) dict_keys(['example_bash_operator']) retrieved from /home/airflow/.local/lib/python3.7/site-packages/airflow/example_dags/example_bash_operator.py
[2023-04-25T01:53:52.156+0000] {logging_mixin.py:137} INFO - [2023-04-25T01:53:52.156+0000] {dag.py:2705} INFO - Sync 1 DAGs
[2023-04-25T01:53:52.174+0000] {logging_mixin.py:137} INFO - [2023-04-25T01:53:52.174+0000] {dag.py:3456} INFO - Setting next_dagrun for example_bash_operator to 2023-04-24T00:00:00+00:00, run_after=2023-04-25T00:00:00+00:00
[2023-04-25T01:53:52.186+0000] {processor.py:175} INFO - Processing /home/airflow/.local/lib/python3.7/site-packages/airflow/example_dags/example_bash_operator.py took 0.092 seconds
[2023-04-25T01:54:22.721+0000] {processor.py:153} INFO - Started process (PID=622) to work on /home/airflow/.local/lib/python3.7/site-packages/airflow/example_dags/example_bash_operator.py
[2023-04-25T01:54:22.724+0000] {processor.py:743} INFO - Processing file /home/airflow/.local/lib/python3.7/site-packages/airflow/example_dags/example_bash_operator.py for tasks to queue
[2023-04-25T01:54:22.725+0000] {logging_mixin.py:137} INFO - [2023-04-25T01:54:22.725+0000] {dagbag.py:532} INFO - Filling up the DagBag from /home/airflow/.local/lib/python3.7/site-packages/airflow/example_dags/example_bash_operator.py
[2023-04-25T01:54:22.749+0000] {processor.py:753} INFO - DAG(s) dict_keys(['example_bash_operator']) retrieved from /home/airflow/.local/lib/python3.7/site-packages/airflow/example_dags/example_bash_operator.py
[2023-04-25T01:54:22.777+0000] {logging_mixin.py:137} INFO - [2023-04-25T01:54:22.777+0000] {dag.py:2705} INFO - Sync 1 DAGs
[2023-04-25T01:54:22.796+0000] {logging_mixin.py:137} INFO - [2023-04-25T01:54:22.796+0000] {dag.py:3456} INFO - Setting next_dagrun for example_bash_operator to 2023-04-24T00:00:00+00:00, run_after=2023-04-25T00:00:00+00:00
[2023-04-25T01:54:22.809+0000] {processor.py:175} INFO - Processing /home/airflow/.local/lib/python3.7/site-packages/airflow/example_dags/example_bash_operator.py took 0.092 seconds
[2023-04-25T01:54:53.280+0000] {processor.py:153} INFO - Started process (PID=672) to work on /home/airflow/.local/lib/python3.7/site-packages/airflow/example_dags/example_bash_operator.py
[2023-04-25T01:54:53.282+0000] {processor.py:743} INFO - Processing file /home/airflow/.local/lib/python3.7/site-packages/airflow/example_dags/example_bash_operator.py for tasks to queue
[2023-04-25T01:54:53.283+0000] {logging_mixin.py:137} INFO - [2023-04-25T01:54:53.283+0000] {dagbag.py:532} INFO - Filling up the DagBag from /home/airflow/.local/lib/python3.7/site-packages/airflow/example_dags/example_bash_operator.py
[2023-04-25T01:54:53.299+0000] {processor.py:753} INFO - DAG(s) dict_keys(['example_bash_operator']) retrieved from /home/airflow/.local/lib/python3.7/site-packages/airflow/example_dags/example_bash_operator.py
[2023-04-25T01:54:53.330+0000] {logging_mixin.py:137} INFO - [2023-04-25T01:54:53.330+0000] {dag.py:2705} INFO - Sync 1 DAGs
[2023-04-25T01:54:53.347+0000] {logging_mixin.py:137} INFO - [2023-04-25T01:54:53.347+0000] {dag.py:3456} INFO - Setting next_dagrun for example_bash_operator to 2023-04-24T00:00:00+00:00, run_after=2023-04-25T00:00:00+00:00
[2023-04-25T01:54:53.359+0000] {processor.py:175} INFO - Processing /home/airflow/.local/lib/python3.7/site-packages/airflow/example_dags/example_bash_operator.py took 0.082 seconds
[2023-04-25T01:55:24.010+0000] {processor.py:153} INFO - Started process (PID=722) to work on /home/airflow/.local/lib/python3.7/site-packages/airflow/example_dags/example_bash_operator.py
[2023-04-25T01:55:24.012+0000] {processor.py:743} INFO - Processing file /home/airflow/.local/lib/python3.7/site-packages/airflow/example_dags/example_bash_operator.py for tasks to queue
[2023-04-25T01:55:24.012+0000] {logging_mixin.py:137} INFO - [2023-04-25T01:55:24.012+0000] {dagbag.py:532} INFO - Filling up the DagBag from /home/airflow/.local/lib/python3.7/site-packages/airflow/example_dags/example_bash_operator.py
[2023-04-25T01:55:24.033+0000] {processor.py:753} INFO - DAG(s) dict_keys(['example_bash_operator']) retrieved from /home/airflow/.local/lib/python3.7/site-packages/airflow/example_dags/example_bash_operator.py
[2023-04-25T01:55:24.063+0000] {logging_mixin.py:137} INFO - [2023-04-25T01:55:24.062+0000] {dag.py:2705} INFO - Sync 1 DAGs
[2023-04-25T01:55:24.080+0000] {logging_mixin.py:137} INFO - [2023-04-25T01:55:24.080+0000] {dag.py:3456} INFO - Setting next_dagrun for example_bash_operator to 2023-04-24T00:00:00+00:00, run_after=2023-04-25T00:00:00+00:00
[2023-04-25T01:55:24.100+0000] {processor.py:175} INFO - Processing /home/airflow/.local/lib/python3.7/site-packages/airflow/example_dags/example_bash_operator.py took 0.092 seconds
[2023-04-25T01:55:54.590+0000] {processor.py:153} INFO - Started process (PID=771) to work on /home/airflow/.local/lib/python3.7/site-packages/airflow/example_dags/example_bash_operator.py
[2023-04-25T01:55:54.591+0000] {processor.py:743} INFO - Processing file /home/airflow/.local/lib/python3.7/site-packages/airflow/example_dags/example_bash_operator.py for tasks to queue
[2023-04-25T01:55:54.593+0000] {logging_mixin.py:137} INFO - [2023-04-25T01:55:54.592+0000] {dagbag.py:532} INFO - Filling up the DagBag from /home/airflow/.local/lib/python3.7/site-packages/airflow/example_dags/example_bash_operator.py
[2023-04-25T01:55:54.630+0000] {processor.py:753} INFO - DAG(s) dict_keys(['example_bash_operator']) retrieved from /home/airflow/.local/lib/python3.7/site-packages/airflow/example_dags/example_bash_operator.py
[2023-04-25T01:55:54.752+0000] {logging_mixin.py:137} INFO - [2023-04-25T01:55:54.751+0000] {dag.py:2705} INFO - Sync 1 DAGs
[2023-04-25T01:55:54.777+0000] {logging_mixin.py:137} INFO - [2023-04-25T01:55:54.777+0000] {dag.py:3456} INFO - Setting next_dagrun for example_bash_operator to 2023-04-24T00:00:00+00:00, run_after=2023-04-25T00:00:00+00:00
[2023-04-25T01:55:54.795+0000] {processor.py:175} INFO - Processing /home/airflow/.local/lib/python3.7/site-packages/airflow/example_dags/example_bash_operator.py took 0.210 seconds
[2023-04-25T01:56:24.962+0000] {processor.py:153} INFO - Started process (PID=821) to work on /home/airflow/.local/lib/python3.7/site-packages/airflow/example_dags/example_bash_operator.py
[2023-04-25T01:56:24.963+0000] {processor.py:743} INFO - Processing file /home/airflow/.local/lib/python3.7/site-packages/airflow/example_dags/example_bash_operator.py for tasks to queue
[2023-04-25T01:56:24.964+0000] {logging_mixin.py:137} INFO - [2023-04-25T01:56:24.964+0000] {dagbag.py:532} INFO - Filling up the DagBag from /home/airflow/.local/lib/python3.7/site-packages/airflow/example_dags/example_bash_operator.py
[2023-04-25T01:56:24.987+0000] {processor.py:753} INFO - DAG(s) dict_keys(['example_bash_operator']) retrieved from /home/airflow/.local/lib/python3.7/site-packages/airflow/example_dags/example_bash_operator.py
[2023-04-25T01:56:25.023+0000] {logging_mixin.py:137} INFO - [2023-04-25T01:56:25.023+0000] {dag.py:2705} INFO - Sync 1 DAGs
[2023-04-25T01:56:25.045+0000] {logging_mixin.py:137} INFO - [2023-04-25T01:56:25.045+0000] {dag.py:3456} INFO - Setting next_dagrun for example_bash_operator to 2023-04-24T00:00:00+00:00, run_after=2023-04-25T00:00:00+00:00
[2023-04-25T01:56:25.060+0000] {processor.py:175} INFO - Processing /home/airflow/.local/lib/python3.7/site-packages/airflow/example_dags/example_bash_operator.py took 0.103 seconds
[2023-04-25T01:56:55.628+0000] {processor.py:153} INFO - Started process (PID=871) to work on /home/airflow/.local/lib/python3.7/site-packages/airflow/example_dags/example_bash_operator.py
[2023-04-25T01:56:55.633+0000] {processor.py:743} INFO - Processing file /home/airflow/.local/lib/python3.7/site-packages/airflow/example_dags/example_bash_operator.py for tasks to queue
[2023-04-25T01:56:55.635+0000] {logging_mixin.py:137} INFO - [2023-04-25T01:56:55.635+0000] {dagbag.py:532} INFO - Filling up the DagBag from /home/airflow/.local/lib/python3.7/site-packages/airflow/example_dags/example_bash_operator.py
[2023-04-25T01:56:55.657+0000] {processor.py:753} INFO - DAG(s) dict_keys(['example_bash_operator']) retrieved from /home/airflow/.local/lib/python3.7/site-packages/airflow/example_dags/example_bash_operator.py
[2023-04-25T01:56:55.684+0000] {logging_mixin.py:137} INFO - [2023-04-25T01:56:55.684+0000] {dag.py:2705} INFO - Sync 1 DAGs
[2023-04-25T01:56:55.701+0000] {logging_mixin.py:137} INFO - [2023-04-25T01:56:55.701+0000] {dag.py:3456} INFO - Setting next_dagrun for example_bash_operator to 2023-04-24T00:00:00+00:00, run_after=2023-04-25T00:00:00+00:00
[2023-04-25T01:56:55.713+0000] {processor.py:175} INFO - Processing /home/airflow/.local/lib/python3.7/site-packages/airflow/example_dags/example_bash_operator.py took 0.092 seconds
[2023-04-25T01:57:26.453+0000] {processor.py:153} INFO - Started process (PID=921) to work on /home/airflow/.local/lib/python3.7/site-packages/airflow/example_dags/example_bash_operator.py
[2023-04-25T01:57:26.454+0000] {processor.py:743} INFO - Processing file /home/airflow/.local/lib/python3.7/site-packages/airflow/example_dags/example_bash_operator.py for tasks to queue
[2023-04-25T01:57:26.455+0000] {logging_mixin.py:137} INFO - [2023-04-25T01:57:26.455+0000] {dagbag.py:532} INFO - Filling up the DagBag from /home/airflow/.local/lib/python3.7/site-packages/airflow/example_dags/example_bash_operator.py
[2023-04-25T01:57:26.481+0000] {processor.py:753} INFO - DAG(s) dict_keys(['example_bash_operator']) retrieved from /home/airflow/.local/lib/python3.7/site-packages/airflow/example_dags/example_bash_operator.py
[2023-04-25T01:57:26.515+0000] {logging_mixin.py:137} INFO - [2023-04-25T01:57:26.515+0000] {dag.py:2705} INFO - Sync 1 DAGs
[2023-04-25T01:57:26.550+0000] {logging_mixin.py:137} INFO - [2023-04-25T01:57:26.549+0000] {dag.py:3456} INFO - Setting next_dagrun for example_bash_operator to 2023-04-24T00:00:00+00:00, run_after=2023-04-25T00:00:00+00:00
[2023-04-25T01:57:26.641+0000] {processor.py:175} INFO - Processing /home/airflow/.local/lib/python3.7/site-packages/airflow/example_dags/example_bash_operator.py took 0.191 seconds
[2023-04-25T01:57:57.033+0000] {processor.py:153} INFO - Started process (PID=971) to work on /home/airflow/.local/lib/python3.7/site-packages/airflow/example_dags/example_bash_operator.py
[2023-04-25T01:57:57.035+0000] {processor.py:743} INFO - Processing file /home/airflow/.local/lib/python3.7/site-packages/airflow/example_dags/example_bash_operator.py for tasks to queue
[2023-04-25T01:57:57.036+0000] {logging_mixin.py:137} INFO - [2023-04-25T01:57:57.036+0000] {dagbag.py:532} INFO - Filling up the DagBag from /home/airflow/.local/lib/python3.7/site-packages/airflow/example_dags/example_bash_operator.py
[2023-04-25T01:57:57.058+0000] {processor.py:753} INFO - DAG(s) dict_keys(['example_bash_operator']) retrieved from /home/airflow/.local/lib/python3.7/site-packages/airflow/example_dags/example_bash_operator.py
[2023-04-25T01:57:57.086+0000] {logging_mixin.py:137} INFO - [2023-04-25T01:57:57.086+0000] {dag.py:2705} INFO - Sync 1 DAGs
[2023-04-25T01:57:57.104+0000] {logging_mixin.py:137} INFO - [2023-04-25T01:57:57.104+0000] {dag.py:3456} INFO - Setting next_dagrun for example_bash_operator to 2023-04-24T00:00:00+00:00, run_after=2023-04-25T00:00:00+00:00
[2023-04-25T01:57:57.117+0000] {processor.py:175} INFO - Processing /home/airflow/.local/lib/python3.7/site-packages/airflow/example_dags/example_bash_operator.py took 0.089 seconds
[2023-04-25T01:58:27.238+0000] {processor.py:153} INFO - Started process (PID=1021) to work on /home/airflow/.local/lib/python3.7/site-packages/airflow/example_dags/example_bash_operator.py
[2023-04-25T01:58:27.240+0000] {processor.py:743} INFO - Processing file /home/airflow/.local/lib/python3.7/site-packages/airflow/example_dags/example_bash_operator.py for tasks to queue
[2023-04-25T01:58:27.242+0000] {logging_mixin.py:137} INFO - [2023-04-25T01:58:27.242+0000] {dagbag.py:532} INFO - Filling up the DagBag from /home/airflow/.local/lib/python3.7/site-packages/airflow/example_dags/example_bash_operator.py
[2023-04-25T01:58:27.265+0000] {processor.py:753} INFO - DAG(s) dict_keys(['example_bash_operator']) retrieved from /home/airflow/.local/lib/python3.7/site-packages/airflow/example_dags/example_bash_operator.py
[2023-04-25T01:58:27.293+0000] {logging_mixin.py:137} INFO - [2023-04-25T01:58:27.293+0000] {dag.py:2705} INFO - Sync 1 DAGs
[2023-04-25T01:58:27.311+0000] {logging_mixin.py:137} INFO - [2023-04-25T01:58:27.311+0000] {dag.py:3456} INFO - Setting next_dagrun for example_bash_operator to 2023-04-24T00:00:00+00:00, run_after=2023-04-25T00:00:00+00:00
[2023-04-25T01:58:27.324+0000] {processor.py:175} INFO - Processing /home/airflow/.local/lib/python3.7/site-packages/airflow/example_dags/example_bash_operator.py took 0.091 seconds
[2023-04-25T01:58:57.830+0000] {processor.py:153} INFO - Started process (PID=1071) to work on /home/airflow/.local/lib/python3.7/site-packages/airflow/example_dags/example_bash_operator.py
[2023-04-25T01:58:57.831+0000] {processor.py:743} INFO - Processing file /home/airflow/.local/lib/python3.7/site-packages/airflow/example_dags/example_bash_operator.py for tasks to queue
[2023-04-25T01:58:57.833+0000] {logging_mixin.py:137} INFO - [2023-04-25T01:58:57.833+0000] {dagbag.py:532} INFO - Filling up the DagBag from /home/airflow/.local/lib/python3.7/site-packages/airflow/example_dags/example_bash_operator.py
[2023-04-25T01:58:57.857+0000] {processor.py:753} INFO - DAG(s) dict_keys(['example_bash_operator']) retrieved from /home/airflow/.local/lib/python3.7/site-packages/airflow/example_dags/example_bash_operator.py
[2023-04-25T01:58:57.884+0000] {logging_mixin.py:137} INFO - [2023-04-25T01:58:57.884+0000] {dag.py:2705} INFO - Sync 1 DAGs
[2023-04-25T01:58:57.900+0000] {logging_mixin.py:137} INFO - [2023-04-25T01:58:57.900+0000] {dag.py:3456} INFO - Setting next_dagrun for example_bash_operator to 2023-04-24T00:00:00+00:00, run_after=2023-04-25T00:00:00+00:00
[2023-04-25T01:58:57.912+0000] {processor.py:175} INFO - Processing /home/airflow/.local/lib/python3.7/site-packages/airflow/example_dags/example_bash_operator.py took 0.087 seconds
[2023-04-25T01:59:28.485+0000] {processor.py:153} INFO - Started process (PID=1121) to work on /home/airflow/.local/lib/python3.7/site-packages/airflow/example_dags/example_bash_operator.py
[2023-04-25T01:59:28.487+0000] {processor.py:743} INFO - Processing file /home/airflow/.local/lib/python3.7/site-packages/airflow/example_dags/example_bash_operator.py for tasks to queue
[2023-04-25T01:59:28.488+0000] {logging_mixin.py:137} INFO - [2023-04-25T01:59:28.488+0000] {dagbag.py:532} INFO - Filling up the DagBag from /home/airflow/.local/lib/python3.7/site-packages/airflow/example_dags/example_bash_operator.py
[2023-04-25T01:59:28.512+0000] {processor.py:753} INFO - DAG(s) dict_keys(['example_bash_operator']) retrieved from /home/airflow/.local/lib/python3.7/site-packages/airflow/example_dags/example_bash_operator.py
[2023-04-25T01:59:28.540+0000] {logging_mixin.py:137} INFO - [2023-04-25T01:59:28.540+0000] {dag.py:2705} INFO - Sync 1 DAGs
[2023-04-25T01:59:28.559+0000] {logging_mixin.py:137} INFO - [2023-04-25T01:59:28.559+0000] {dag.py:3456} INFO - Setting next_dagrun for example_bash_operator to 2023-04-24T00:00:00+00:00, run_after=2023-04-25T00:00:00+00:00
[2023-04-25T01:59:28.573+0000] {processor.py:175} INFO - Processing /home/airflow/.local/lib/python3.7/site-packages/airflow/example_dags/example_bash_operator.py took 0.092 seconds
[2023-04-25T01:59:59.097+0000] {processor.py:153} INFO - Started process (PID=1171) to work on /home/airflow/.local/lib/python3.7/site-packages/airflow/example_dags/example_bash_operator.py
[2023-04-25T01:59:59.099+0000] {processor.py:743} INFO - Processing file /home/airflow/.local/lib/python3.7/site-packages/airflow/example_dags/example_bash_operator.py for tasks to queue
[2023-04-25T01:59:59.101+0000] {logging_mixin.py:137} INFO - [2023-04-25T01:59:59.101+0000] {dagbag.py:532} INFO - Filling up the DagBag from /home/airflow/.local/lib/python3.7/site-packages/airflow/example_dags/example_bash_operator.py
[2023-04-25T01:59:59.125+0000] {processor.py:753} INFO - DAG(s) dict_keys(['example_bash_operator']) retrieved from /home/airflow/.local/lib/python3.7/site-packages/airflow/example_dags/example_bash_operator.py
[2023-04-25T01:59:59.152+0000] {logging_mixin.py:137} INFO - [2023-04-25T01:59:59.152+0000] {dag.py:2705} INFO - Sync 1 DAGs
[2023-04-25T01:59:59.170+0000] {logging_mixin.py:137} INFO - [2023-04-25T01:59:59.170+0000] {dag.py:3456} INFO - Setting next_dagrun for example_bash_operator to 2023-04-24T00:00:00+00:00, run_after=2023-04-25T00:00:00+00:00
[2023-04-25T01:59:59.182+0000] {processor.py:175} INFO - Processing /home/airflow/.local/lib/python3.7/site-packages/airflow/example_dags/example_bash_operator.py took 0.091 seconds
[2023-04-25T02:00:29.636+0000] {processor.py:153} INFO - Started process (PID=1221) to work on /home/airflow/.local/lib/python3.7/site-packages/airflow/example_dags/example_bash_operator.py
[2023-04-25T02:00:29.637+0000] {processor.py:743} INFO - Processing file /home/airflow/.local/lib/python3.7/site-packages/airflow/example_dags/example_bash_operator.py for tasks to queue
[2023-04-25T02:00:29.638+0000] {logging_mixin.py:137} INFO - [2023-04-25T02:00:29.638+0000] {dagbag.py:532} INFO - Filling up the DagBag from /home/airflow/.local/lib/python3.7/site-packages/airflow/example_dags/example_bash_operator.py
[2023-04-25T02:00:29.658+0000] {processor.py:753} INFO - DAG(s) dict_keys(['example_bash_operator']) retrieved from /home/airflow/.local/lib/python3.7/site-packages/airflow/example_dags/example_bash_operator.py
[2023-04-25T02:00:29.685+0000] {logging_mixin.py:137} INFO - [2023-04-25T02:00:29.685+0000] {dag.py:2705} INFO - Sync 1 DAGs
[2023-04-25T02:00:29.702+0000] {logging_mixin.py:137} INFO - [2023-04-25T02:00:29.702+0000] {dag.py:3456} INFO - Setting next_dagrun for example_bash_operator to 2023-04-24T00:00:00+00:00, run_after=2023-04-25T00:00:00+00:00
[2023-04-25T02:00:29.715+0000] {processor.py:175} INFO - Processing /home/airflow/.local/lib/python3.7/site-packages/airflow/example_dags/example_bash_operator.py took 0.082 seconds
[2023-04-25T02:01:00.184+0000] {processor.py:153} INFO - Started process (PID=1271) to work on /home/airflow/.local/lib/python3.7/site-packages/airflow/example_dags/example_bash_operator.py
[2023-04-25T02:01:00.186+0000] {processor.py:743} INFO - Processing file /home/airflow/.local/lib/python3.7/site-packages/airflow/example_dags/example_bash_operator.py for tasks to queue
[2023-04-25T02:01:00.187+0000] {logging_mixin.py:137} INFO - [2023-04-25T02:01:00.187+0000] {dagbag.py:532} INFO - Filling up the DagBag from /home/airflow/.local/lib/python3.7/site-packages/airflow/example_dags/example_bash_operator.py
[2023-04-25T02:01:00.211+0000] {processor.py:753} INFO - DAG(s) dict_keys(['example_bash_operator']) retrieved from /home/airflow/.local/lib/python3.7/site-packages/airflow/example_dags/example_bash_operator.py
[2023-04-25T02:01:00.243+0000] {logging_mixin.py:137} INFO - [2023-04-25T02:01:00.242+0000] {dag.py:2705} INFO - Sync 1 DAGs
[2023-04-25T02:01:00.260+0000] {logging_mixin.py:137} INFO - [2023-04-25T02:01:00.260+0000] {dag.py:3456} INFO - Setting next_dagrun for example_bash_operator to 2023-04-24T00:00:00+00:00, run_after=2023-04-25T00:00:00+00:00
[2023-04-25T02:01:00.272+0000] {processor.py:175} INFO - Processing /home/airflow/.local/lib/python3.7/site-packages/airflow/example_dags/example_bash_operator.py took 0.092 seconds
[2023-04-25T02:01:30.890+0000] {processor.py:153} INFO - Started process (PID=1321) to work on /home/airflow/.local/lib/python3.7/site-packages/airflow/example_dags/example_bash_operator.py
[2023-04-25T02:01:30.892+0000] {processor.py:743} INFO - Processing file /home/airflow/.local/lib/python3.7/site-packages/airflow/example_dags/example_bash_operator.py for tasks to queue
[2023-04-25T02:01:30.893+0000] {logging_mixin.py:137} INFO - [2023-04-25T02:01:30.893+0000] {dagbag.py:532} INFO - Filling up the DagBag from /home/airflow/.local/lib/python3.7/site-packages/airflow/example_dags/example_bash_operator.py
[2023-04-25T02:01:30.916+0000] {processor.py:753} INFO - DAG(s) dict_keys(['example_bash_operator']) retrieved from /home/airflow/.local/lib/python3.7/site-packages/airflow/example_dags/example_bash_operator.py
[2023-04-25T02:01:30.944+0000] {logging_mixin.py:137} INFO - [2023-04-25T02:01:30.943+0000] {dag.py:2705} INFO - Sync 1 DAGs
[2023-04-25T02:01:30.960+0000] {logging_mixin.py:137} INFO - [2023-04-25T02:01:30.960+0000] {dag.py:3456} INFO - Setting next_dagrun for example_bash_operator to 2023-04-24T00:00:00+00:00, run_after=2023-04-25T00:00:00+00:00
[2023-04-25T02:01:30.973+0000] {processor.py:175} INFO - Processing /home/airflow/.local/lib/python3.7/site-packages/airflow/example_dags/example_bash_operator.py took 0.088 seconds
[2023-04-25T02:02:01.197+0000] {processor.py:153} INFO - Started process (PID=1370) to work on /home/airflow/.local/lib/python3.7/site-packages/airflow/example_dags/example_bash_operator.py
[2023-04-25T02:02:01.198+0000] {processor.py:743} INFO - Processing file /home/airflow/.local/lib/python3.7/site-packages/airflow/example_dags/example_bash_operator.py for tasks to queue
[2023-04-25T02:02:01.199+0000] {logging_mixin.py:137} INFO - [2023-04-25T02:02:01.199+0000] {dagbag.py:532} INFO - Filling up the DagBag from /home/airflow/.local/lib/python3.7/site-packages/airflow/example_dags/example_bash_operator.py
[2023-04-25T02:02:01.225+0000] {processor.py:753} INFO - DAG(s) dict_keys(['example_bash_operator']) retrieved from /home/airflow/.local/lib/python3.7/site-packages/airflow/example_dags/example_bash_operator.py
[2023-04-25T02:02:01.257+0000] {logging_mixin.py:137} INFO - [2023-04-25T02:02:01.257+0000] {dag.py:2705} INFO - Sync 1 DAGs
[2023-04-25T02:02:01.275+0000] {logging_mixin.py:137} INFO - [2023-04-25T02:02:01.275+0000] {dag.py:3456} INFO - Setting next_dagrun for example_bash_operator to 2023-04-24T00:00:00+00:00, run_after=2023-04-25T00:00:00+00:00
[2023-04-25T02:02:01.289+0000] {processor.py:175} INFO - Processing /home/airflow/.local/lib/python3.7/site-packages/airflow/example_dags/example_bash_operator.py took 0.096 seconds
[2023-04-25T02:02:31.649+0000] {processor.py:153} INFO - Started process (PID=1420) to work on /home/airflow/.local/lib/python3.7/site-packages/airflow/example_dags/example_bash_operator.py
[2023-04-25T02:02:31.651+0000] {processor.py:743} INFO - Processing file /home/airflow/.local/lib/python3.7/site-packages/airflow/example_dags/example_bash_operator.py for tasks to queue
[2023-04-25T02:02:31.652+0000] {logging_mixin.py:137} INFO - [2023-04-25T02:02:31.652+0000] {dagbag.py:532} INFO - Filling up the DagBag from /home/airflow/.local/lib/python3.7/site-packages/airflow/example_dags/example_bash_operator.py
[2023-04-25T02:02:31.671+0000] {processor.py:753} INFO - DAG(s) dict_keys(['example_bash_operator']) retrieved from /home/airflow/.local/lib/python3.7/site-packages/airflow/example_dags/example_bash_operator.py
[2023-04-25T02:02:31.700+0000] {logging_mixin.py:137} INFO - [2023-04-25T02:02:31.699+0000] {dag.py:2705} INFO - Sync 1 DAGs
[2023-04-25T02:02:31.718+0000] {logging_mixin.py:137} INFO - [2023-04-25T02:02:31.718+0000] {dag.py:3456} INFO - Setting next_dagrun for example_bash_operator to 2023-04-24T00:00:00+00:00, run_after=2023-04-25T00:00:00+00:00
[2023-04-25T02:02:31.731+0000] {processor.py:175} INFO - Processing /home/airflow/.local/lib/python3.7/site-packages/airflow/example_dags/example_bash_operator.py took 0.085 seconds
[2023-04-25T02:03:02.365+0000] {processor.py:153} INFO - Started process (PID=1471) to work on /home/airflow/.local/lib/python3.7/site-packages/airflow/example_dags/example_bash_operator.py
[2023-04-25T02:03:02.367+0000] {processor.py:743} INFO - Processing file /home/airflow/.local/lib/python3.7/site-packages/airflow/example_dags/example_bash_operator.py for tasks to queue
[2023-04-25T02:03:02.369+0000] {logging_mixin.py:137} INFO - [2023-04-25T02:03:02.369+0000] {dagbag.py:532} INFO - Filling up the DagBag from /home/airflow/.local/lib/python3.7/site-packages/airflow/example_dags/example_bash_operator.py
[2023-04-25T02:03:02.400+0000] {processor.py:753} INFO - DAG(s) dict_keys(['example_bash_operator']) retrieved from /home/airflow/.local/lib/python3.7/site-packages/airflow/example_dags/example_bash_operator.py
[2023-04-25T02:03:02.441+0000] {logging_mixin.py:137} INFO - [2023-04-25T02:03:02.441+0000] {dag.py:2705} INFO - Sync 1 DAGs
[2023-04-25T02:03:02.464+0000] {logging_mixin.py:137} INFO - [2023-04-25T02:03:02.464+0000] {dag.py:3456} INFO - Setting next_dagrun for example_bash_operator to 2023-04-24T00:00:00+00:00, run_after=2023-04-25T00:00:00+00:00
[2023-04-25T02:03:02.479+0000] {processor.py:175} INFO - Processing /home/airflow/.local/lib/python3.7/site-packages/airflow/example_dags/example_bash_operator.py took 0.120 seconds
