[2023-04-25T01:48:40.346+0000] {processor.py:153} INFO - Started process (PID=45) to work on /home/airflow/.local/lib/python3.7/site-packages/airflow/example_dags/example_subdag_operator.py
[2023-04-25T01:48:40.348+0000] {processor.py:743} INFO - Processing file /home/airflow/.local/lib/python3.7/site-packages/airflow/example_dags/example_subdag_operator.py for tasks to queue
[2023-04-25T01:48:40.349+0000] {logging_mixin.py:137} INFO - [2023-04-25T01:48:40.348+0000] {dagbag.py:532} INFO - Filling up the DagBag from /home/airflow/.local/lib/python3.7/site-packages/airflow/example_dags/example_subdag_operator.py
[2023-04-25T01:48:40.432+0000] {processor.py:753} INFO - DAG(s) dict_keys(['example_subdag_operator.section-1', 'example_subdag_operator.section-2', 'example_subdag_operator']) retrieved from /home/airflow/.local/lib/python3.7/site-packages/airflow/example_dags/example_subdag_operator.py
[2023-04-25T01:48:40.454+0000] {logging_mixin.py:137} INFO - [2023-04-25T01:48:40.454+0000] {dag.py:2705} INFO - Sync 3 DAGs
[2023-04-25T01:48:40.486+0000] {logging_mixin.py:137} INFO - [2023-04-25T01:48:40.485+0000] {dag.py:3456} INFO - Setting next_dagrun for example_subdag_operator to 2022-01-01T00:00:00+00:00, run_after=2022-01-01T00:00:00+00:00
[2023-04-25T01:48:40.499+0000] {logging_mixin.py:137} INFO - [2023-04-25T01:48:40.498+0000] {dag.py:3456} INFO - Setting next_dagrun for example_subdag_operator.section-1 to None, run_after=None
[2023-04-25T01:48:40.504+0000] {logging_mixin.py:137} INFO - [2023-04-25T01:48:40.503+0000] {dag.py:3456} INFO - Setting next_dagrun for example_subdag_operator.section-2 to None, run_after=None
[2023-04-25T01:48:40.529+0000] {logging_mixin.py:137} INFO - [2023-04-25T01:48:40.529+0000] {dag.py:2705} INFO - Sync 2 DAGs
[2023-04-25T01:48:40.541+0000] {logging_mixin.py:137} INFO - [2023-04-25T01:48:40.541+0000] {dag.py:3456} INFO - Setting next_dagrun for example_subdag_operator.section-1 to None, run_after=None
[2023-04-25T01:48:40.542+0000] {logging_mixin.py:137} INFO - [2023-04-25T01:48:40.542+0000] {dag.py:3456} INFO - Setting next_dagrun for example_subdag_operator.section-2 to None, run_after=None
[2023-04-25T01:48:40.576+0000] {processor.py:175} INFO - Processing /home/airflow/.local/lib/python3.7/site-packages/airflow/example_dags/example_subdag_operator.py took 0.233 seconds
[2023-04-25T01:49:10.715+0000] {processor.py:153} INFO - Started process (PID=94) to work on /home/airflow/.local/lib/python3.7/site-packages/airflow/example_dags/example_subdag_operator.py
[2023-04-25T01:49:10.717+0000] {processor.py:743} INFO - Processing file /home/airflow/.local/lib/python3.7/site-packages/airflow/example_dags/example_subdag_operator.py for tasks to queue
[2023-04-25T01:49:10.718+0000] {logging_mixin.py:137} INFO - [2023-04-25T01:49:10.718+0000] {dagbag.py:532} INFO - Filling up the DagBag from /home/airflow/.local/lib/python3.7/site-packages/airflow/example_dags/example_subdag_operator.py
[2023-04-25T01:49:10.750+0000] {processor.py:753} INFO - DAG(s) dict_keys(['example_subdag_operator.section-1', 'example_subdag_operator.section-2', 'example_subdag_operator']) retrieved from /home/airflow/.local/lib/python3.7/site-packages/airflow/example_dags/example_subdag_operator.py
[2023-04-25T01:49:10.766+0000] {logging_mixin.py:137} INFO - [2023-04-25T01:49:10.766+0000] {dag.py:2705} INFO - Sync 3 DAGs
[2023-04-25T01:49:10.786+0000] {logging_mixin.py:137} INFO - [2023-04-25T01:49:10.786+0000] {dag.py:3456} INFO - Setting next_dagrun for example_subdag_operator to 2022-01-01T00:00:00+00:00, run_after=2022-01-01T00:00:00+00:00
[2023-04-25T01:49:10.789+0000] {logging_mixin.py:137} INFO - [2023-04-25T01:49:10.789+0000] {dag.py:3456} INFO - Setting next_dagrun for example_subdag_operator.section-1 to None, run_after=None
[2023-04-25T01:49:10.791+0000] {logging_mixin.py:137} INFO - [2023-04-25T01:49:10.791+0000] {dag.py:3456} INFO - Setting next_dagrun for example_subdag_operator.section-2 to None, run_after=None
[2023-04-25T01:49:10.797+0000] {logging_mixin.py:137} INFO - [2023-04-25T01:49:10.797+0000] {dag.py:2705} INFO - Sync 2 DAGs
[2023-04-25T01:49:10.802+0000] {logging_mixin.py:137} INFO - [2023-04-25T01:49:10.802+0000] {dag.py:3456} INFO - Setting next_dagrun for example_subdag_operator.section-1 to None, run_after=None
[2023-04-25T01:49:10.803+0000] {logging_mixin.py:137} INFO - [2023-04-25T01:49:10.803+0000] {dag.py:3456} INFO - Setting next_dagrun for example_subdag_operator.section-2 to None, run_after=None
[2023-04-25T01:49:10.811+0000] {processor.py:175} INFO - Processing /home/airflow/.local/lib/python3.7/site-packages/airflow/example_dags/example_subdag_operator.py took 0.100 seconds
[2023-04-25T01:49:40.916+0000] {processor.py:153} INFO - Started process (PID=144) to work on /home/airflow/.local/lib/python3.7/site-packages/airflow/example_dags/example_subdag_operator.py
[2023-04-25T01:49:40.918+0000] {processor.py:743} INFO - Processing file /home/airflow/.local/lib/python3.7/site-packages/airflow/example_dags/example_subdag_operator.py for tasks to queue
[2023-04-25T01:49:40.918+0000] {logging_mixin.py:137} INFO - [2023-04-25T01:49:40.918+0000] {dagbag.py:532} INFO - Filling up the DagBag from /home/airflow/.local/lib/python3.7/site-packages/airflow/example_dags/example_subdag_operator.py
[2023-04-25T01:49:40.945+0000] {processor.py:753} INFO - DAG(s) dict_keys(['example_subdag_operator.section-1', 'example_subdag_operator.section-2', 'example_subdag_operator']) retrieved from /home/airflow/.local/lib/python3.7/site-packages/airflow/example_dags/example_subdag_operator.py
[2023-04-25T01:49:40.958+0000] {logging_mixin.py:137} INFO - [2023-04-25T01:49:40.958+0000] {dag.py:2705} INFO - Sync 3 DAGs
[2023-04-25T01:49:40.978+0000] {logging_mixin.py:137} INFO - [2023-04-25T01:49:40.978+0000] {dag.py:3456} INFO - Setting next_dagrun for example_subdag_operator to 2022-01-01T00:00:00+00:00, run_after=2022-01-01T00:00:00+00:00
[2023-04-25T01:49:40.982+0000] {logging_mixin.py:137} INFO - [2023-04-25T01:49:40.982+0000] {dag.py:3456} INFO - Setting next_dagrun for example_subdag_operator.section-1 to None, run_after=None
[2023-04-25T01:49:40.987+0000] {logging_mixin.py:137} INFO - [2023-04-25T01:49:40.987+0000] {dag.py:3456} INFO - Setting next_dagrun for example_subdag_operator.section-2 to None, run_after=None
[2023-04-25T01:49:41.002+0000] {logging_mixin.py:137} INFO - [2023-04-25T01:49:41.002+0000] {dag.py:2705} INFO - Sync 2 DAGs
[2023-04-25T01:49:41.008+0000] {logging_mixin.py:137} INFO - [2023-04-25T01:49:41.008+0000] {dag.py:3456} INFO - Setting next_dagrun for example_subdag_operator.section-1 to None, run_after=None
[2023-04-25T01:49:41.008+0000] {logging_mixin.py:137} INFO - [2023-04-25T01:49:41.008+0000] {dag.py:3456} INFO - Setting next_dagrun for example_subdag_operator.section-2 to None, run_after=None
[2023-04-25T01:49:41.047+0000] {processor.py:175} INFO - Processing /home/airflow/.local/lib/python3.7/site-packages/airflow/example_dags/example_subdag_operator.py took 0.134 seconds
[2023-04-25T01:50:11.872+0000] {processor.py:153} INFO - Started process (PID=194) to work on /home/airflow/.local/lib/python3.7/site-packages/airflow/example_dags/example_subdag_operator.py
[2023-04-25T01:50:11.874+0000] {processor.py:743} INFO - Processing file /home/airflow/.local/lib/python3.7/site-packages/airflow/example_dags/example_subdag_operator.py for tasks to queue
[2023-04-25T01:50:11.875+0000] {logging_mixin.py:137} INFO - [2023-04-25T01:50:11.875+0000] {dagbag.py:532} INFO - Filling up the DagBag from /home/airflow/.local/lib/python3.7/site-packages/airflow/example_dags/example_subdag_operator.py
[2023-04-25T01:50:11.905+0000] {processor.py:753} INFO - DAG(s) dict_keys(['example_subdag_operator.section-1', 'example_subdag_operator.section-2', 'example_subdag_operator']) retrieved from /home/airflow/.local/lib/python3.7/site-packages/airflow/example_dags/example_subdag_operator.py
[2023-04-25T01:50:11.921+0000] {logging_mixin.py:137} INFO - [2023-04-25T01:50:11.921+0000] {dag.py:2705} INFO - Sync 3 DAGs
[2023-04-25T01:50:11.941+0000] {logging_mixin.py:137} INFO - [2023-04-25T01:50:11.941+0000] {dag.py:3456} INFO - Setting next_dagrun for example_subdag_operator to 2022-01-01T00:00:00+00:00, run_after=2022-01-01T00:00:00+00:00
[2023-04-25T01:50:11.945+0000] {logging_mixin.py:137} INFO - [2023-04-25T01:50:11.945+0000] {dag.py:3456} INFO - Setting next_dagrun for example_subdag_operator.section-1 to None, run_after=None
[2023-04-25T01:50:11.946+0000] {logging_mixin.py:137} INFO - [2023-04-25T01:50:11.946+0000] {dag.py:3456} INFO - Setting next_dagrun for example_subdag_operator.section-2 to None, run_after=None
[2023-04-25T01:50:11.952+0000] {logging_mixin.py:137} INFO - [2023-04-25T01:50:11.952+0000] {dag.py:2705} INFO - Sync 2 DAGs
[2023-04-25T01:50:11.957+0000] {logging_mixin.py:137} INFO - [2023-04-25T01:50:11.957+0000] {dag.py:3456} INFO - Setting next_dagrun for example_subdag_operator.section-1 to None, run_after=None
[2023-04-25T01:50:11.957+0000] {logging_mixin.py:137} INFO - [2023-04-25T01:50:11.957+0000] {dag.py:3456} INFO - Setting next_dagrun for example_subdag_operator.section-2 to None, run_after=None
[2023-04-25T01:50:11.966+0000] {processor.py:175} INFO - Processing /home/airflow/.local/lib/python3.7/site-packages/airflow/example_dags/example_subdag_operator.py took 0.096 seconds
[2023-04-25T01:50:42.306+0000] {processor.py:153} INFO - Started process (PID=245) to work on /home/airflow/.local/lib/python3.7/site-packages/airflow/example_dags/example_subdag_operator.py
[2023-04-25T01:50:42.308+0000] {processor.py:743} INFO - Processing file /home/airflow/.local/lib/python3.7/site-packages/airflow/example_dags/example_subdag_operator.py for tasks to queue
[2023-04-25T01:50:42.309+0000] {logging_mixin.py:137} INFO - [2023-04-25T01:50:42.309+0000] {dagbag.py:532} INFO - Filling up the DagBag from /home/airflow/.local/lib/python3.7/site-packages/airflow/example_dags/example_subdag_operator.py
[2023-04-25T01:50:42.342+0000] {processor.py:753} INFO - DAG(s) dict_keys(['example_subdag_operator.section-1', 'example_subdag_operator.section-2', 'example_subdag_operator']) retrieved from /home/airflow/.local/lib/python3.7/site-packages/airflow/example_dags/example_subdag_operator.py
[2023-04-25T01:50:42.358+0000] {logging_mixin.py:137} INFO - [2023-04-25T01:50:42.358+0000] {dag.py:2705} INFO - Sync 3 DAGs
[2023-04-25T01:50:42.376+0000] {logging_mixin.py:137} INFO - [2023-04-25T01:50:42.376+0000] {dag.py:3456} INFO - Setting next_dagrun for example_subdag_operator to 2022-01-01T00:00:00+00:00, run_after=2022-01-01T00:00:00+00:00
[2023-04-25T01:50:42.379+0000] {logging_mixin.py:137} INFO - [2023-04-25T01:50:42.379+0000] {dag.py:3456} INFO - Setting next_dagrun for example_subdag_operator.section-1 to None, run_after=None
[2023-04-25T01:50:42.381+0000] {logging_mixin.py:137} INFO - [2023-04-25T01:50:42.381+0000] {dag.py:3456} INFO - Setting next_dagrun for example_subdag_operator.section-2 to None, run_after=None
[2023-04-25T01:50:42.387+0000] {logging_mixin.py:137} INFO - [2023-04-25T01:50:42.387+0000] {dag.py:2705} INFO - Sync 2 DAGs
[2023-04-25T01:50:42.392+0000] {logging_mixin.py:137} INFO - [2023-04-25T01:50:42.392+0000] {dag.py:3456} INFO - Setting next_dagrun for example_subdag_operator.section-1 to None, run_after=None
[2023-04-25T01:50:42.393+0000] {logging_mixin.py:137} INFO - [2023-04-25T01:50:42.393+0000] {dag.py:3456} INFO - Setting next_dagrun for example_subdag_operator.section-2 to None, run_after=None
[2023-04-25T01:50:42.403+0000] {processor.py:175} INFO - Processing /home/airflow/.local/lib/python3.7/site-packages/airflow/example_dags/example_subdag_operator.py took 0.100 seconds
[2023-04-25T01:51:12.799+0000] {processor.py:153} INFO - Started process (PID=295) to work on /home/airflow/.local/lib/python3.7/site-packages/airflow/example_dags/example_subdag_operator.py
[2023-04-25T01:51:12.800+0000] {processor.py:743} INFO - Processing file /home/airflow/.local/lib/python3.7/site-packages/airflow/example_dags/example_subdag_operator.py for tasks to queue
[2023-04-25T01:51:12.801+0000] {logging_mixin.py:137} INFO - [2023-04-25T01:51:12.801+0000] {dagbag.py:532} INFO - Filling up the DagBag from /home/airflow/.local/lib/python3.7/site-packages/airflow/example_dags/example_subdag_operator.py
[2023-04-25T01:51:12.834+0000] {processor.py:753} INFO - DAG(s) dict_keys(['example_subdag_operator.section-1', 'example_subdag_operator.section-2', 'example_subdag_operator']) retrieved from /home/airflow/.local/lib/python3.7/site-packages/airflow/example_dags/example_subdag_operator.py
[2023-04-25T01:51:12.849+0000] {logging_mixin.py:137} INFO - [2023-04-25T01:51:12.848+0000] {dag.py:2705} INFO - Sync 3 DAGs
[2023-04-25T01:51:12.866+0000] {logging_mixin.py:137} INFO - [2023-04-25T01:51:12.866+0000] {dag.py:3456} INFO - Setting next_dagrun for example_subdag_operator to 2022-01-01T00:00:00+00:00, run_after=2022-01-01T00:00:00+00:00
[2023-04-25T01:51:12.869+0000] {logging_mixin.py:137} INFO - [2023-04-25T01:51:12.869+0000] {dag.py:3456} INFO - Setting next_dagrun for example_subdag_operator.section-1 to None, run_after=None
[2023-04-25T01:51:12.870+0000] {logging_mixin.py:137} INFO - [2023-04-25T01:51:12.870+0000] {dag.py:3456} INFO - Setting next_dagrun for example_subdag_operator.section-2 to None, run_after=None
[2023-04-25T01:51:12.875+0000] {logging_mixin.py:137} INFO - [2023-04-25T01:51:12.875+0000] {dag.py:2705} INFO - Sync 2 DAGs
[2023-04-25T01:51:12.880+0000] {logging_mixin.py:137} INFO - [2023-04-25T01:51:12.880+0000] {dag.py:3456} INFO - Setting next_dagrun for example_subdag_operator.section-1 to None, run_after=None
[2023-04-25T01:51:12.881+0000] {logging_mixin.py:137} INFO - [2023-04-25T01:51:12.881+0000] {dag.py:3456} INFO - Setting next_dagrun for example_subdag_operator.section-2 to None, run_after=None
[2023-04-25T01:51:12.889+0000] {processor.py:175} INFO - Processing /home/airflow/.local/lib/python3.7/site-packages/airflow/example_dags/example_subdag_operator.py took 0.093 seconds
[2023-04-25T01:51:43.136+0000] {processor.py:153} INFO - Started process (PID=345) to work on /home/airflow/.local/lib/python3.7/site-packages/airflow/example_dags/example_subdag_operator.py
[2023-04-25T01:51:43.137+0000] {processor.py:743} INFO - Processing file /home/airflow/.local/lib/python3.7/site-packages/airflow/example_dags/example_subdag_operator.py for tasks to queue
[2023-04-25T01:51:43.138+0000] {logging_mixin.py:137} INFO - [2023-04-25T01:51:43.138+0000] {dagbag.py:532} INFO - Filling up the DagBag from /home/airflow/.local/lib/python3.7/site-packages/airflow/example_dags/example_subdag_operator.py
[2023-04-25T01:51:43.165+0000] {processor.py:753} INFO - DAG(s) dict_keys(['example_subdag_operator.section-1', 'example_subdag_operator.section-2', 'example_subdag_operator']) retrieved from /home/airflow/.local/lib/python3.7/site-packages/airflow/example_dags/example_subdag_operator.py
[2023-04-25T01:51:43.179+0000] {logging_mixin.py:137} INFO - [2023-04-25T01:51:43.179+0000] {dag.py:2705} INFO - Sync 3 DAGs
[2023-04-25T01:51:43.194+0000] {logging_mixin.py:137} INFO - [2023-04-25T01:51:43.194+0000] {dag.py:3456} INFO - Setting next_dagrun for example_subdag_operator to 2022-01-01T00:00:00+00:00, run_after=2022-01-01T00:00:00+00:00
[2023-04-25T01:51:43.197+0000] {logging_mixin.py:137} INFO - [2023-04-25T01:51:43.197+0000] {dag.py:3456} INFO - Setting next_dagrun for example_subdag_operator.section-1 to None, run_after=None
[2023-04-25T01:51:43.198+0000] {logging_mixin.py:137} INFO - [2023-04-25T01:51:43.198+0000] {dag.py:3456} INFO - Setting next_dagrun for example_subdag_operator.section-2 to None, run_after=None
[2023-04-25T01:51:43.203+0000] {logging_mixin.py:137} INFO - [2023-04-25T01:51:43.203+0000] {dag.py:2705} INFO - Sync 2 DAGs
[2023-04-25T01:51:43.207+0000] {logging_mixin.py:137} INFO - [2023-04-25T01:51:43.207+0000] {dag.py:3456} INFO - Setting next_dagrun for example_subdag_operator.section-1 to None, run_after=None
[2023-04-25T01:51:43.207+0000] {logging_mixin.py:137} INFO - [2023-04-25T01:51:43.207+0000] {dag.py:3456} INFO - Setting next_dagrun for example_subdag_operator.section-2 to None, run_after=None
[2023-04-25T01:51:43.216+0000] {processor.py:175} INFO - Processing /home/airflow/.local/lib/python3.7/site-packages/airflow/example_dags/example_subdag_operator.py took 0.083 seconds
[2023-04-25T01:52:13.728+0000] {processor.py:153} INFO - Started process (PID=396) to work on /home/airflow/.local/lib/python3.7/site-packages/airflow/example_dags/example_subdag_operator.py
[2023-04-25T01:52:13.730+0000] {processor.py:743} INFO - Processing file /home/airflow/.local/lib/python3.7/site-packages/airflow/example_dags/example_subdag_operator.py for tasks to queue
[2023-04-25T01:52:13.731+0000] {logging_mixin.py:137} INFO - [2023-04-25T01:52:13.731+0000] {dagbag.py:532} INFO - Filling up the DagBag from /home/airflow/.local/lib/python3.7/site-packages/airflow/example_dags/example_subdag_operator.py
[2023-04-25T01:52:13.758+0000] {processor.py:753} INFO - DAG(s) dict_keys(['example_subdag_operator.section-1', 'example_subdag_operator.section-2', 'example_subdag_operator']) retrieved from /home/airflow/.local/lib/python3.7/site-packages/airflow/example_dags/example_subdag_operator.py
[2023-04-25T01:52:13.771+0000] {logging_mixin.py:137} INFO - [2023-04-25T01:52:13.771+0000] {dag.py:2705} INFO - Sync 3 DAGs
[2023-04-25T01:52:13.790+0000] {logging_mixin.py:137} INFO - [2023-04-25T01:52:13.790+0000] {dag.py:3456} INFO - Setting next_dagrun for example_subdag_operator to 2022-01-01T00:00:00+00:00, run_after=2022-01-01T00:00:00+00:00
[2023-04-25T01:52:13.793+0000] {logging_mixin.py:137} INFO - [2023-04-25T01:52:13.793+0000] {dag.py:3456} INFO - Setting next_dagrun for example_subdag_operator.section-1 to None, run_after=None
[2023-04-25T01:52:13.795+0000] {logging_mixin.py:137} INFO - [2023-04-25T01:52:13.795+0000] {dag.py:3456} INFO - Setting next_dagrun for example_subdag_operator.section-2 to None, run_after=None
[2023-04-25T01:52:13.808+0000] {logging_mixin.py:137} INFO - [2023-04-25T01:52:13.808+0000] {dag.py:2705} INFO - Sync 2 DAGs
[2023-04-25T01:52:13.814+0000] {logging_mixin.py:137} INFO - [2023-04-25T01:52:13.814+0000] {dag.py:3456} INFO - Setting next_dagrun for example_subdag_operator.section-1 to None, run_after=None
[2023-04-25T01:52:13.815+0000] {logging_mixin.py:137} INFO - [2023-04-25T01:52:13.815+0000] {dag.py:3456} INFO - Setting next_dagrun for example_subdag_operator.section-2 to None, run_after=None
[2023-04-25T01:52:13.824+0000] {processor.py:175} INFO - Processing /home/airflow/.local/lib/python3.7/site-packages/airflow/example_dags/example_subdag_operator.py took 0.099 seconds
[2023-04-25T01:52:44.325+0000] {processor.py:153} INFO - Started process (PID=446) to work on /home/airflow/.local/lib/python3.7/site-packages/airflow/example_dags/example_subdag_operator.py
[2023-04-25T01:52:44.326+0000] {processor.py:743} INFO - Processing file /home/airflow/.local/lib/python3.7/site-packages/airflow/example_dags/example_subdag_operator.py for tasks to queue
[2023-04-25T01:52:44.327+0000] {logging_mixin.py:137} INFO - [2023-04-25T01:52:44.327+0000] {dagbag.py:532} INFO - Filling up the DagBag from /home/airflow/.local/lib/python3.7/site-packages/airflow/example_dags/example_subdag_operator.py
[2023-04-25T01:52:44.352+0000] {processor.py:753} INFO - DAG(s) dict_keys(['example_subdag_operator.section-1', 'example_subdag_operator.section-2', 'example_subdag_operator']) retrieved from /home/airflow/.local/lib/python3.7/site-packages/airflow/example_dags/example_subdag_operator.py
[2023-04-25T01:52:44.365+0000] {logging_mixin.py:137} INFO - [2023-04-25T01:52:44.365+0000] {dag.py:2705} INFO - Sync 3 DAGs
[2023-04-25T01:52:44.387+0000] {logging_mixin.py:137} INFO - [2023-04-25T01:52:44.387+0000] {dag.py:3456} INFO - Setting next_dagrun for example_subdag_operator to 2022-01-01T00:00:00+00:00, run_after=2022-01-01T00:00:00+00:00
[2023-04-25T01:52:44.391+0000] {logging_mixin.py:137} INFO - [2023-04-25T01:52:44.391+0000] {dag.py:3456} INFO - Setting next_dagrun for example_subdag_operator.section-1 to None, run_after=None
[2023-04-25T01:52:44.393+0000] {logging_mixin.py:137} INFO - [2023-04-25T01:52:44.393+0000] {dag.py:3456} INFO - Setting next_dagrun for example_subdag_operator.section-2 to None, run_after=None
[2023-04-25T01:52:44.400+0000] {logging_mixin.py:137} INFO - [2023-04-25T01:52:44.400+0000] {dag.py:2705} INFO - Sync 2 DAGs
[2023-04-25T01:52:44.405+0000] {logging_mixin.py:137} INFO - [2023-04-25T01:52:44.405+0000] {dag.py:3456} INFO - Setting next_dagrun for example_subdag_operator.section-1 to None, run_after=None
[2023-04-25T01:52:44.406+0000] {logging_mixin.py:137} INFO - [2023-04-25T01:52:44.406+0000] {dag.py:3456} INFO - Setting next_dagrun for example_subdag_operator.section-2 to None, run_after=None
[2023-04-25T01:52:44.414+0000] {processor.py:175} INFO - Processing /home/airflow/.local/lib/python3.7/site-packages/airflow/example_dags/example_subdag_operator.py took 0.092 seconds
[2023-04-25T01:53:14.994+0000] {processor.py:153} INFO - Started process (PID=496) to work on /home/airflow/.local/lib/python3.7/site-packages/airflow/example_dags/example_subdag_operator.py
[2023-04-25T01:53:14.995+0000] {processor.py:743} INFO - Processing file /home/airflow/.local/lib/python3.7/site-packages/airflow/example_dags/example_subdag_operator.py for tasks to queue
[2023-04-25T01:53:14.996+0000] {logging_mixin.py:137} INFO - [2023-04-25T01:53:14.996+0000] {dagbag.py:532} INFO - Filling up the DagBag from /home/airflow/.local/lib/python3.7/site-packages/airflow/example_dags/example_subdag_operator.py
[2023-04-25T01:53:15.021+0000] {processor.py:753} INFO - DAG(s) dict_keys(['example_subdag_operator.section-1', 'example_subdag_operator.section-2', 'example_subdag_operator']) retrieved from /home/airflow/.local/lib/python3.7/site-packages/airflow/example_dags/example_subdag_operator.py
[2023-04-25T01:53:15.035+0000] {logging_mixin.py:137} INFO - [2023-04-25T01:53:15.035+0000] {dag.py:2705} INFO - Sync 3 DAGs
[2023-04-25T01:53:15.051+0000] {logging_mixin.py:137} INFO - [2023-04-25T01:53:15.051+0000] {dag.py:3456} INFO - Setting next_dagrun for example_subdag_operator to 2022-01-01T00:00:00+00:00, run_after=2022-01-01T00:00:00+00:00
[2023-04-25T01:53:15.054+0000] {logging_mixin.py:137} INFO - [2023-04-25T01:53:15.054+0000] {dag.py:3456} INFO - Setting next_dagrun for example_subdag_operator.section-1 to None, run_after=None
[2023-04-25T01:53:15.055+0000] {logging_mixin.py:137} INFO - [2023-04-25T01:53:15.055+0000] {dag.py:3456} INFO - Setting next_dagrun for example_subdag_operator.section-2 to None, run_after=None
[2023-04-25T01:53:15.060+0000] {logging_mixin.py:137} INFO - [2023-04-25T01:53:15.060+0000] {dag.py:2705} INFO - Sync 2 DAGs
[2023-04-25T01:53:15.064+0000] {logging_mixin.py:137} INFO - [2023-04-25T01:53:15.064+0000] {dag.py:3456} INFO - Setting next_dagrun for example_subdag_operator.section-1 to None, run_after=None
[2023-04-25T01:53:15.064+0000] {logging_mixin.py:137} INFO - [2023-04-25T01:53:15.064+0000] {dag.py:3456} INFO - Setting next_dagrun for example_subdag_operator.section-2 to None, run_after=None
[2023-04-25T01:53:15.072+0000] {processor.py:175} INFO - Processing /home/airflow/.local/lib/python3.7/site-packages/airflow/example_dags/example_subdag_operator.py took 0.081 seconds
[2023-04-25T01:53:45.575+0000] {processor.py:153} INFO - Started process (PID=546) to work on /home/airflow/.local/lib/python3.7/site-packages/airflow/example_dags/example_subdag_operator.py
[2023-04-25T01:53:45.576+0000] {processor.py:743} INFO - Processing file /home/airflow/.local/lib/python3.7/site-packages/airflow/example_dags/example_subdag_operator.py for tasks to queue
[2023-04-25T01:53:45.577+0000] {logging_mixin.py:137} INFO - [2023-04-25T01:53:45.577+0000] {dagbag.py:532} INFO - Filling up the DagBag from /home/airflow/.local/lib/python3.7/site-packages/airflow/example_dags/example_subdag_operator.py
[2023-04-25T01:53:45.602+0000] {processor.py:753} INFO - DAG(s) dict_keys(['example_subdag_operator.section-1', 'example_subdag_operator.section-2', 'example_subdag_operator']) retrieved from /home/airflow/.local/lib/python3.7/site-packages/airflow/example_dags/example_subdag_operator.py
[2023-04-25T01:53:45.616+0000] {logging_mixin.py:137} INFO - [2023-04-25T01:53:45.616+0000] {dag.py:2705} INFO - Sync 3 DAGs
[2023-04-25T01:53:45.633+0000] {logging_mixin.py:137} INFO - [2023-04-25T01:53:45.633+0000] {dag.py:3456} INFO - Setting next_dagrun for example_subdag_operator to 2022-01-01T00:00:00+00:00, run_after=2022-01-01T00:00:00+00:00
[2023-04-25T01:53:45.637+0000] {logging_mixin.py:137} INFO - [2023-04-25T01:53:45.637+0000] {dag.py:3456} INFO - Setting next_dagrun for example_subdag_operator.section-1 to None, run_after=None
[2023-04-25T01:53:45.638+0000] {logging_mixin.py:137} INFO - [2023-04-25T01:53:45.638+0000] {dag.py:3456} INFO - Setting next_dagrun for example_subdag_operator.section-2 to None, run_after=None
[2023-04-25T01:53:45.643+0000] {logging_mixin.py:137} INFO - [2023-04-25T01:53:45.643+0000] {dag.py:2705} INFO - Sync 2 DAGs
[2023-04-25T01:53:45.647+0000] {logging_mixin.py:137} INFO - [2023-04-25T01:53:45.647+0000] {dag.py:3456} INFO - Setting next_dagrun for example_subdag_operator.section-1 to None, run_after=None
[2023-04-25T01:53:45.648+0000] {logging_mixin.py:137} INFO - [2023-04-25T01:53:45.648+0000] {dag.py:3456} INFO - Setting next_dagrun for example_subdag_operator.section-2 to None, run_after=None
[2023-04-25T01:53:45.655+0000] {processor.py:175} INFO - Processing /home/airflow/.local/lib/python3.7/site-packages/airflow/example_dags/example_subdag_operator.py took 0.084 seconds
[2023-04-25T01:54:16.369+0000] {processor.py:153} INFO - Started process (PID=596) to work on /home/airflow/.local/lib/python3.7/site-packages/airflow/example_dags/example_subdag_operator.py
[2023-04-25T01:54:16.370+0000] {processor.py:743} INFO - Processing file /home/airflow/.local/lib/python3.7/site-packages/airflow/example_dags/example_subdag_operator.py for tasks to queue
[2023-04-25T01:54:16.371+0000] {logging_mixin.py:137} INFO - [2023-04-25T01:54:16.371+0000] {dagbag.py:532} INFO - Filling up the DagBag from /home/airflow/.local/lib/python3.7/site-packages/airflow/example_dags/example_subdag_operator.py
[2023-04-25T01:54:16.399+0000] {processor.py:753} INFO - DAG(s) dict_keys(['example_subdag_operator.section-1', 'example_subdag_operator.section-2', 'example_subdag_operator']) retrieved from /home/airflow/.local/lib/python3.7/site-packages/airflow/example_dags/example_subdag_operator.py
[2023-04-25T01:54:16.414+0000] {logging_mixin.py:137} INFO - [2023-04-25T01:54:16.414+0000] {dag.py:2705} INFO - Sync 3 DAGs
[2023-04-25T01:54:16.431+0000] {logging_mixin.py:137} INFO - [2023-04-25T01:54:16.431+0000] {dag.py:3456} INFO - Setting next_dagrun for example_subdag_operator to 2022-01-01T00:00:00+00:00, run_after=2022-01-01T00:00:00+00:00
[2023-04-25T01:54:16.434+0000] {logging_mixin.py:137} INFO - [2023-04-25T01:54:16.433+0000] {dag.py:3456} INFO - Setting next_dagrun for example_subdag_operator.section-1 to None, run_after=None
[2023-04-25T01:54:16.435+0000] {logging_mixin.py:137} INFO - [2023-04-25T01:54:16.435+0000] {dag.py:3456} INFO - Setting next_dagrun for example_subdag_operator.section-2 to None, run_after=None
[2023-04-25T01:54:16.440+0000] {logging_mixin.py:137} INFO - [2023-04-25T01:54:16.440+0000] {dag.py:2705} INFO - Sync 2 DAGs
[2023-04-25T01:54:16.444+0000] {logging_mixin.py:137} INFO - [2023-04-25T01:54:16.444+0000] {dag.py:3456} INFO - Setting next_dagrun for example_subdag_operator.section-1 to None, run_after=None
[2023-04-25T01:54:16.444+0000] {logging_mixin.py:137} INFO - [2023-04-25T01:54:16.444+0000] {dag.py:3456} INFO - Setting next_dagrun for example_subdag_operator.section-2 to None, run_after=None
[2023-04-25T01:54:16.453+0000] {processor.py:175} INFO - Processing /home/airflow/.local/lib/python3.7/site-packages/airflow/example_dags/example_subdag_operator.py took 0.087 seconds
[2023-04-25T01:54:46.961+0000] {processor.py:153} INFO - Started process (PID=646) to work on /home/airflow/.local/lib/python3.7/site-packages/airflow/example_dags/example_subdag_operator.py
[2023-04-25T01:54:46.962+0000] {processor.py:743} INFO - Processing file /home/airflow/.local/lib/python3.7/site-packages/airflow/example_dags/example_subdag_operator.py for tasks to queue
[2023-04-25T01:54:46.963+0000] {logging_mixin.py:137} INFO - [2023-04-25T01:54:46.963+0000] {dagbag.py:532} INFO - Filling up the DagBag from /home/airflow/.local/lib/python3.7/site-packages/airflow/example_dags/example_subdag_operator.py
[2023-04-25T01:54:46.990+0000] {processor.py:753} INFO - DAG(s) dict_keys(['example_subdag_operator.section-1', 'example_subdag_operator.section-2', 'example_subdag_operator']) retrieved from /home/airflow/.local/lib/python3.7/site-packages/airflow/example_dags/example_subdag_operator.py
[2023-04-25T01:54:47.003+0000] {logging_mixin.py:137} INFO - [2023-04-25T01:54:47.003+0000] {dag.py:2705} INFO - Sync 3 DAGs
[2023-04-25T01:54:47.021+0000] {logging_mixin.py:137} INFO - [2023-04-25T01:54:47.021+0000] {dag.py:3456} INFO - Setting next_dagrun for example_subdag_operator to 2022-01-01T00:00:00+00:00, run_after=2022-01-01T00:00:00+00:00
[2023-04-25T01:54:47.024+0000] {logging_mixin.py:137} INFO - [2023-04-25T01:54:47.024+0000] {dag.py:3456} INFO - Setting next_dagrun for example_subdag_operator.section-1 to None, run_after=None
[2023-04-25T01:54:47.026+0000] {logging_mixin.py:137} INFO - [2023-04-25T01:54:47.026+0000] {dag.py:3456} INFO - Setting next_dagrun for example_subdag_operator.section-2 to None, run_after=None
[2023-04-25T01:54:47.031+0000] {logging_mixin.py:137} INFO - [2023-04-25T01:54:47.031+0000] {dag.py:2705} INFO - Sync 2 DAGs
[2023-04-25T01:54:47.035+0000] {logging_mixin.py:137} INFO - [2023-04-25T01:54:47.035+0000] {dag.py:3456} INFO - Setting next_dagrun for example_subdag_operator.section-1 to None, run_after=None
[2023-04-25T01:54:47.035+0000] {logging_mixin.py:137} INFO - [2023-04-25T01:54:47.035+0000] {dag.py:3456} INFO - Setting next_dagrun for example_subdag_operator.section-2 to None, run_after=None
[2023-04-25T01:54:47.043+0000] {processor.py:175} INFO - Processing /home/airflow/.local/lib/python3.7/site-packages/airflow/example_dags/example_subdag_operator.py took 0.086 seconds
[2023-04-25T01:55:17.478+0000] {processor.py:153} INFO - Started process (PID=696) to work on /home/airflow/.local/lib/python3.7/site-packages/airflow/example_dags/example_subdag_operator.py
[2023-04-25T01:55:17.479+0000] {processor.py:743} INFO - Processing file /home/airflow/.local/lib/python3.7/site-packages/airflow/example_dags/example_subdag_operator.py for tasks to queue
[2023-04-25T01:55:17.480+0000] {logging_mixin.py:137} INFO - [2023-04-25T01:55:17.480+0000] {dagbag.py:532} INFO - Filling up the DagBag from /home/airflow/.local/lib/python3.7/site-packages/airflow/example_dags/example_subdag_operator.py
[2023-04-25T01:55:17.506+0000] {processor.py:753} INFO - DAG(s) dict_keys(['example_subdag_operator.section-1', 'example_subdag_operator.section-2', 'example_subdag_operator']) retrieved from /home/airflow/.local/lib/python3.7/site-packages/airflow/example_dags/example_subdag_operator.py
[2023-04-25T01:55:17.519+0000] {logging_mixin.py:137} INFO - [2023-04-25T01:55:17.519+0000] {dag.py:2705} INFO - Sync 3 DAGs
[2023-04-25T01:55:17.537+0000] {logging_mixin.py:137} INFO - [2023-04-25T01:55:17.537+0000] {dag.py:3456} INFO - Setting next_dagrun for example_subdag_operator to 2022-01-01T00:00:00+00:00, run_after=2022-01-01T00:00:00+00:00
[2023-04-25T01:55:17.539+0000] {logging_mixin.py:137} INFO - [2023-04-25T01:55:17.539+0000] {dag.py:3456} INFO - Setting next_dagrun for example_subdag_operator.section-1 to None, run_after=None
[2023-04-25T01:55:17.541+0000] {logging_mixin.py:137} INFO - [2023-04-25T01:55:17.541+0000] {dag.py:3456} INFO - Setting next_dagrun for example_subdag_operator.section-2 to None, run_after=None
[2023-04-25T01:55:17.546+0000] {logging_mixin.py:137} INFO - [2023-04-25T01:55:17.546+0000] {dag.py:2705} INFO - Sync 2 DAGs
[2023-04-25T01:55:17.550+0000] {logging_mixin.py:137} INFO - [2023-04-25T01:55:17.550+0000] {dag.py:3456} INFO - Setting next_dagrun for example_subdag_operator.section-1 to None, run_after=None
[2023-04-25T01:55:17.551+0000] {logging_mixin.py:137} INFO - [2023-04-25T01:55:17.551+0000] {dag.py:3456} INFO - Setting next_dagrun for example_subdag_operator.section-2 to None, run_after=None
[2023-04-25T01:55:17.559+0000] {processor.py:175} INFO - Processing /home/airflow/.local/lib/python3.7/site-packages/airflow/example_dags/example_subdag_operator.py took 0.084 seconds
[2023-04-25T01:55:48.207+0000] {processor.py:153} INFO - Started process (PID=745) to work on /home/airflow/.local/lib/python3.7/site-packages/airflow/example_dags/example_subdag_operator.py
[2023-04-25T01:55:48.209+0000] {processor.py:743} INFO - Processing file /home/airflow/.local/lib/python3.7/site-packages/airflow/example_dags/example_subdag_operator.py for tasks to queue
[2023-04-25T01:55:48.210+0000] {logging_mixin.py:137} INFO - [2023-04-25T01:55:48.210+0000] {dagbag.py:532} INFO - Filling up the DagBag from /home/airflow/.local/lib/python3.7/site-packages/airflow/example_dags/example_subdag_operator.py
[2023-04-25T01:55:48.236+0000] {processor.py:753} INFO - DAG(s) dict_keys(['example_subdag_operator.section-1', 'example_subdag_operator.section-2', 'example_subdag_operator']) retrieved from /home/airflow/.local/lib/python3.7/site-packages/airflow/example_dags/example_subdag_operator.py
[2023-04-25T01:55:48.249+0000] {logging_mixin.py:137} INFO - [2023-04-25T01:55:48.249+0000] {dag.py:2705} INFO - Sync 3 DAGs
[2023-04-25T01:55:48.265+0000] {logging_mixin.py:137} INFO - [2023-04-25T01:55:48.265+0000] {dag.py:3456} INFO - Setting next_dagrun for example_subdag_operator to 2022-01-01T00:00:00+00:00, run_after=2022-01-01T00:00:00+00:00
[2023-04-25T01:55:48.267+0000] {logging_mixin.py:137} INFO - [2023-04-25T01:55:48.267+0000] {dag.py:3456} INFO - Setting next_dagrun for example_subdag_operator.section-1 to None, run_after=None
[2023-04-25T01:55:48.269+0000] {logging_mixin.py:137} INFO - [2023-04-25T01:55:48.269+0000] {dag.py:3456} INFO - Setting next_dagrun for example_subdag_operator.section-2 to None, run_after=None
[2023-04-25T01:55:48.274+0000] {logging_mixin.py:137} INFO - [2023-04-25T01:55:48.274+0000] {dag.py:2705} INFO - Sync 2 DAGs
[2023-04-25T01:55:48.278+0000] {logging_mixin.py:137} INFO - [2023-04-25T01:55:48.278+0000] {dag.py:3456} INFO - Setting next_dagrun for example_subdag_operator.section-1 to None, run_after=None
[2023-04-25T01:55:48.279+0000] {logging_mixin.py:137} INFO - [2023-04-25T01:55:48.278+0000] {dag.py:3456} INFO - Setting next_dagrun for example_subdag_operator.section-2 to None, run_after=None
[2023-04-25T01:55:48.286+0000] {processor.py:175} INFO - Processing /home/airflow/.local/lib/python3.7/site-packages/airflow/example_dags/example_subdag_operator.py took 0.081 seconds
[2023-04-25T01:56:18.560+0000] {processor.py:153} INFO - Started process (PID=795) to work on /home/airflow/.local/lib/python3.7/site-packages/airflow/example_dags/example_subdag_operator.py
[2023-04-25T01:56:18.561+0000] {processor.py:743} INFO - Processing file /home/airflow/.local/lib/python3.7/site-packages/airflow/example_dags/example_subdag_operator.py for tasks to queue
[2023-04-25T01:56:18.562+0000] {logging_mixin.py:137} INFO - [2023-04-25T01:56:18.562+0000] {dagbag.py:532} INFO - Filling up the DagBag from /home/airflow/.local/lib/python3.7/site-packages/airflow/example_dags/example_subdag_operator.py
[2023-04-25T01:56:18.592+0000] {processor.py:753} INFO - DAG(s) dict_keys(['example_subdag_operator.section-1', 'example_subdag_operator.section-2', 'example_subdag_operator']) retrieved from /home/airflow/.local/lib/python3.7/site-packages/airflow/example_dags/example_subdag_operator.py
[2023-04-25T01:56:18.607+0000] {logging_mixin.py:137} INFO - [2023-04-25T01:56:18.606+0000] {dag.py:2705} INFO - Sync 3 DAGs
[2023-04-25T01:56:18.624+0000] {logging_mixin.py:137} INFO - [2023-04-25T01:56:18.624+0000] {dag.py:3456} INFO - Setting next_dagrun for example_subdag_operator to 2022-01-01T00:00:00+00:00, run_after=2022-01-01T00:00:00+00:00
[2023-04-25T01:56:18.626+0000] {logging_mixin.py:137} INFO - [2023-04-25T01:56:18.626+0000] {dag.py:3456} INFO - Setting next_dagrun for example_subdag_operator.section-1 to None, run_after=None
[2023-04-25T01:56:18.628+0000] {logging_mixin.py:137} INFO - [2023-04-25T01:56:18.628+0000] {dag.py:3456} INFO - Setting next_dagrun for example_subdag_operator.section-2 to None, run_after=None
[2023-04-25T01:56:18.635+0000] {logging_mixin.py:137} INFO - [2023-04-25T01:56:18.635+0000] {dag.py:2705} INFO - Sync 2 DAGs
[2023-04-25T01:56:18.639+0000] {logging_mixin.py:137} INFO - [2023-04-25T01:56:18.639+0000] {dag.py:3456} INFO - Setting next_dagrun for example_subdag_operator.section-1 to None, run_after=None
[2023-04-25T01:56:18.640+0000] {logging_mixin.py:137} INFO - [2023-04-25T01:56:18.640+0000] {dag.py:3456} INFO - Setting next_dagrun for example_subdag_operator.section-2 to None, run_after=None
[2023-04-25T01:56:18.647+0000] {processor.py:175} INFO - Processing /home/airflow/.local/lib/python3.7/site-packages/airflow/example_dags/example_subdag_operator.py took 0.091 seconds
[2023-04-25T01:56:49.171+0000] {processor.py:153} INFO - Started process (PID=845) to work on /home/airflow/.local/lib/python3.7/site-packages/airflow/example_dags/example_subdag_operator.py
[2023-04-25T01:56:49.172+0000] {processor.py:743} INFO - Processing file /home/airflow/.local/lib/python3.7/site-packages/airflow/example_dags/example_subdag_operator.py for tasks to queue
[2023-04-25T01:56:49.173+0000] {logging_mixin.py:137} INFO - [2023-04-25T01:56:49.173+0000] {dagbag.py:532} INFO - Filling up the DagBag from /home/airflow/.local/lib/python3.7/site-packages/airflow/example_dags/example_subdag_operator.py
[2023-04-25T01:56:49.199+0000] {processor.py:753} INFO - DAG(s) dict_keys(['example_subdag_operator.section-1', 'example_subdag_operator.section-2', 'example_subdag_operator']) retrieved from /home/airflow/.local/lib/python3.7/site-packages/airflow/example_dags/example_subdag_operator.py
[2023-04-25T01:56:49.213+0000] {logging_mixin.py:137} INFO - [2023-04-25T01:56:49.213+0000] {dag.py:2705} INFO - Sync 3 DAGs
[2023-04-25T01:56:49.232+0000] {logging_mixin.py:137} INFO - [2023-04-25T01:56:49.231+0000] {dag.py:3456} INFO - Setting next_dagrun for example_subdag_operator to 2022-01-01T00:00:00+00:00, run_after=2022-01-01T00:00:00+00:00
[2023-04-25T01:56:49.234+0000] {logging_mixin.py:137} INFO - [2023-04-25T01:56:49.234+0000] {dag.py:3456} INFO - Setting next_dagrun for example_subdag_operator.section-1 to None, run_after=None
[2023-04-25T01:56:49.235+0000] {logging_mixin.py:137} INFO - [2023-04-25T01:56:49.235+0000] {dag.py:3456} INFO - Setting next_dagrun for example_subdag_operator.section-2 to None, run_after=None
[2023-04-25T01:56:49.240+0000] {logging_mixin.py:137} INFO - [2023-04-25T01:56:49.240+0000] {dag.py:2705} INFO - Sync 2 DAGs
[2023-04-25T01:56:49.244+0000] {logging_mixin.py:137} INFO - [2023-04-25T01:56:49.244+0000] {dag.py:3456} INFO - Setting next_dagrun for example_subdag_operator.section-1 to None, run_after=None
[2023-04-25T01:56:49.244+0000] {logging_mixin.py:137} INFO - [2023-04-25T01:56:49.244+0000] {dag.py:3456} INFO - Setting next_dagrun for example_subdag_operator.section-2 to None, run_after=None
[2023-04-25T01:56:49.252+0000] {processor.py:175} INFO - Processing /home/airflow/.local/lib/python3.7/site-packages/airflow/example_dags/example_subdag_operator.py took 0.084 seconds
[2023-04-25T01:57:19.928+0000] {processor.py:153} INFO - Started process (PID=895) to work on /home/airflow/.local/lib/python3.7/site-packages/airflow/example_dags/example_subdag_operator.py
[2023-04-25T01:57:19.929+0000] {processor.py:743} INFO - Processing file /home/airflow/.local/lib/python3.7/site-packages/airflow/example_dags/example_subdag_operator.py for tasks to queue
[2023-04-25T01:57:19.930+0000] {logging_mixin.py:137} INFO - [2023-04-25T01:57:19.929+0000] {dagbag.py:532} INFO - Filling up the DagBag from /home/airflow/.local/lib/python3.7/site-packages/airflow/example_dags/example_subdag_operator.py
[2023-04-25T01:57:19.956+0000] {processor.py:753} INFO - DAG(s) dict_keys(['example_subdag_operator.section-1', 'example_subdag_operator.section-2', 'example_subdag_operator']) retrieved from /home/airflow/.local/lib/python3.7/site-packages/airflow/example_dags/example_subdag_operator.py
[2023-04-25T01:57:19.969+0000] {logging_mixin.py:137} INFO - [2023-04-25T01:57:19.969+0000] {dag.py:2705} INFO - Sync 3 DAGs
[2023-04-25T01:57:19.985+0000] {logging_mixin.py:137} INFO - [2023-04-25T01:57:19.985+0000] {dag.py:3456} INFO - Setting next_dagrun for example_subdag_operator to 2022-01-01T00:00:00+00:00, run_after=2022-01-01T00:00:00+00:00
[2023-04-25T01:57:19.988+0000] {logging_mixin.py:137} INFO - [2023-04-25T01:57:19.987+0000] {dag.py:3456} INFO - Setting next_dagrun for example_subdag_operator.section-1 to None, run_after=None
[2023-04-25T01:57:19.989+0000] {logging_mixin.py:137} INFO - [2023-04-25T01:57:19.989+0000] {dag.py:3456} INFO - Setting next_dagrun for example_subdag_operator.section-2 to None, run_after=None
[2023-04-25T01:57:19.994+0000] {logging_mixin.py:137} INFO - [2023-04-25T01:57:19.994+0000] {dag.py:2705} INFO - Sync 2 DAGs
[2023-04-25T01:57:19.998+0000] {logging_mixin.py:137} INFO - [2023-04-25T01:57:19.998+0000] {dag.py:3456} INFO - Setting next_dagrun for example_subdag_operator.section-1 to None, run_after=None
[2023-04-25T01:57:20.001+0000] {logging_mixin.py:137} INFO - [2023-04-25T01:57:20.001+0000] {dag.py:3456} INFO - Setting next_dagrun for example_subdag_operator.section-2 to None, run_after=None
[2023-04-25T01:57:20.007+0000] {processor.py:175} INFO - Processing /home/airflow/.local/lib/python3.7/site-packages/airflow/example_dags/example_subdag_operator.py took 0.083 seconds
[2023-04-25T01:57:50.557+0000] {processor.py:153} INFO - Started process (PID=945) to work on /home/airflow/.local/lib/python3.7/site-packages/airflow/example_dags/example_subdag_operator.py
[2023-04-25T01:57:50.558+0000] {processor.py:743} INFO - Processing file /home/airflow/.local/lib/python3.7/site-packages/airflow/example_dags/example_subdag_operator.py for tasks to queue
[2023-04-25T01:57:50.559+0000] {logging_mixin.py:137} INFO - [2023-04-25T01:57:50.558+0000] {dagbag.py:532} INFO - Filling up the DagBag from /home/airflow/.local/lib/python3.7/site-packages/airflow/example_dags/example_subdag_operator.py
[2023-04-25T01:57:50.585+0000] {processor.py:753} INFO - DAG(s) dict_keys(['example_subdag_operator.section-1', 'example_subdag_operator.section-2', 'example_subdag_operator']) retrieved from /home/airflow/.local/lib/python3.7/site-packages/airflow/example_dags/example_subdag_operator.py
[2023-04-25T01:57:50.598+0000] {logging_mixin.py:137} INFO - [2023-04-25T01:57:50.598+0000] {dag.py:2705} INFO - Sync 3 DAGs
[2023-04-25T01:57:50.614+0000] {logging_mixin.py:137} INFO - [2023-04-25T01:57:50.613+0000] {dag.py:3456} INFO - Setting next_dagrun for example_subdag_operator to 2022-01-01T00:00:00+00:00, run_after=2022-01-01T00:00:00+00:00
[2023-04-25T01:57:50.616+0000] {logging_mixin.py:137} INFO - [2023-04-25T01:57:50.616+0000] {dag.py:3456} INFO - Setting next_dagrun for example_subdag_operator.section-1 to None, run_after=None
[2023-04-25T01:57:50.617+0000] {logging_mixin.py:137} INFO - [2023-04-25T01:57:50.617+0000] {dag.py:3456} INFO - Setting next_dagrun for example_subdag_operator.section-2 to None, run_after=None
[2023-04-25T01:57:50.622+0000] {logging_mixin.py:137} INFO - [2023-04-25T01:57:50.622+0000] {dag.py:2705} INFO - Sync 2 DAGs
[2023-04-25T01:57:50.626+0000] {logging_mixin.py:137} INFO - [2023-04-25T01:57:50.626+0000] {dag.py:3456} INFO - Setting next_dagrun for example_subdag_operator.section-1 to None, run_after=None
[2023-04-25T01:57:50.626+0000] {logging_mixin.py:137} INFO - [2023-04-25T01:57:50.626+0000] {dag.py:3456} INFO - Setting next_dagrun for example_subdag_operator.section-2 to None, run_after=None
[2023-04-25T01:57:50.633+0000] {processor.py:175} INFO - Processing /home/airflow/.local/lib/python3.7/site-packages/airflow/example_dags/example_subdag_operator.py took 0.079 seconds
[2023-04-25T01:58:20.830+0000] {processor.py:153} INFO - Started process (PID=995) to work on /home/airflow/.local/lib/python3.7/site-packages/airflow/example_dags/example_subdag_operator.py
[2023-04-25T01:58:20.832+0000] {processor.py:743} INFO - Processing file /home/airflow/.local/lib/python3.7/site-packages/airflow/example_dags/example_subdag_operator.py for tasks to queue
[2023-04-25T01:58:20.833+0000] {logging_mixin.py:137} INFO - [2023-04-25T01:58:20.832+0000] {dagbag.py:532} INFO - Filling up the DagBag from /home/airflow/.local/lib/python3.7/site-packages/airflow/example_dags/example_subdag_operator.py
[2023-04-25T01:58:20.859+0000] {processor.py:753} INFO - DAG(s) dict_keys(['example_subdag_operator.section-1', 'example_subdag_operator.section-2', 'example_subdag_operator']) retrieved from /home/airflow/.local/lib/python3.7/site-packages/airflow/example_dags/example_subdag_operator.py
[2023-04-25T01:58:20.872+0000] {logging_mixin.py:137} INFO - [2023-04-25T01:58:20.872+0000] {dag.py:2705} INFO - Sync 3 DAGs
[2023-04-25T01:58:20.889+0000] {logging_mixin.py:137} INFO - [2023-04-25T01:58:20.889+0000] {dag.py:3456} INFO - Setting next_dagrun for example_subdag_operator to 2022-01-01T00:00:00+00:00, run_after=2022-01-01T00:00:00+00:00
[2023-04-25T01:58:20.892+0000] {logging_mixin.py:137} INFO - [2023-04-25T01:58:20.892+0000] {dag.py:3456} INFO - Setting next_dagrun for example_subdag_operator.section-1 to None, run_after=None
[2023-04-25T01:58:20.893+0000] {logging_mixin.py:137} INFO - [2023-04-25T01:58:20.893+0000] {dag.py:3456} INFO - Setting next_dagrun for example_subdag_operator.section-2 to None, run_after=None
[2023-04-25T01:58:20.899+0000] {logging_mixin.py:137} INFO - [2023-04-25T01:58:20.899+0000] {dag.py:2705} INFO - Sync 2 DAGs
[2023-04-25T01:58:20.903+0000] {logging_mixin.py:137} INFO - [2023-04-25T01:58:20.903+0000] {dag.py:3456} INFO - Setting next_dagrun for example_subdag_operator.section-1 to None, run_after=None
[2023-04-25T01:58:20.903+0000] {logging_mixin.py:137} INFO - [2023-04-25T01:58:20.903+0000] {dag.py:3456} INFO - Setting next_dagrun for example_subdag_operator.section-2 to None, run_after=None
[2023-04-25T01:58:20.911+0000] {processor.py:175} INFO - Processing /home/airflow/.local/lib/python3.7/site-packages/airflow/example_dags/example_subdag_operator.py took 0.084 seconds
[2023-04-25T01:58:51.435+0000] {processor.py:153} INFO - Started process (PID=1045) to work on /home/airflow/.local/lib/python3.7/site-packages/airflow/example_dags/example_subdag_operator.py
[2023-04-25T01:58:51.436+0000] {processor.py:743} INFO - Processing file /home/airflow/.local/lib/python3.7/site-packages/airflow/example_dags/example_subdag_operator.py for tasks to queue
[2023-04-25T01:58:51.437+0000] {logging_mixin.py:137} INFO - [2023-04-25T01:58:51.437+0000] {dagbag.py:532} INFO - Filling up the DagBag from /home/airflow/.local/lib/python3.7/site-packages/airflow/example_dags/example_subdag_operator.py
[2023-04-25T01:58:51.461+0000] {processor.py:753} INFO - DAG(s) dict_keys(['example_subdag_operator.section-1', 'example_subdag_operator.section-2', 'example_subdag_operator']) retrieved from /home/airflow/.local/lib/python3.7/site-packages/airflow/example_dags/example_subdag_operator.py
[2023-04-25T01:58:51.475+0000] {logging_mixin.py:137} INFO - [2023-04-25T01:58:51.474+0000] {dag.py:2705} INFO - Sync 3 DAGs
[2023-04-25T01:58:51.491+0000] {logging_mixin.py:137} INFO - [2023-04-25T01:58:51.491+0000] {dag.py:3456} INFO - Setting next_dagrun for example_subdag_operator to 2022-01-01T00:00:00+00:00, run_after=2022-01-01T00:00:00+00:00
[2023-04-25T01:58:51.493+0000] {logging_mixin.py:137} INFO - [2023-04-25T01:58:51.493+0000] {dag.py:3456} INFO - Setting next_dagrun for example_subdag_operator.section-1 to None, run_after=None
[2023-04-25T01:58:51.495+0000] {logging_mixin.py:137} INFO - [2023-04-25T01:58:51.495+0000] {dag.py:3456} INFO - Setting next_dagrun for example_subdag_operator.section-2 to None, run_after=None
[2023-04-25T01:58:51.501+0000] {logging_mixin.py:137} INFO - [2023-04-25T01:58:51.501+0000] {dag.py:2705} INFO - Sync 2 DAGs
[2023-04-25T01:58:51.505+0000] {logging_mixin.py:137} INFO - [2023-04-25T01:58:51.505+0000] {dag.py:3456} INFO - Setting next_dagrun for example_subdag_operator.section-1 to None, run_after=None
[2023-04-25T01:58:51.506+0000] {logging_mixin.py:137} INFO - [2023-04-25T01:58:51.506+0000] {dag.py:3456} INFO - Setting next_dagrun for example_subdag_operator.section-2 to None, run_after=None
[2023-04-25T01:58:51.512+0000] {processor.py:175} INFO - Processing /home/airflow/.local/lib/python3.7/site-packages/airflow/example_dags/example_subdag_operator.py took 0.080 seconds
[2023-04-25T01:59:22.051+0000] {processor.py:153} INFO - Started process (PID=1095) to work on /home/airflow/.local/lib/python3.7/site-packages/airflow/example_dags/example_subdag_operator.py
[2023-04-25T01:59:22.052+0000] {processor.py:743} INFO - Processing file /home/airflow/.local/lib/python3.7/site-packages/airflow/example_dags/example_subdag_operator.py for tasks to queue
[2023-04-25T01:59:22.053+0000] {logging_mixin.py:137} INFO - [2023-04-25T01:59:22.053+0000] {dagbag.py:532} INFO - Filling up the DagBag from /home/airflow/.local/lib/python3.7/site-packages/airflow/example_dags/example_subdag_operator.py
[2023-04-25T01:59:22.088+0000] {processor.py:753} INFO - DAG(s) dict_keys(['example_subdag_operator.section-1', 'example_subdag_operator.section-2', 'example_subdag_operator']) retrieved from /home/airflow/.local/lib/python3.7/site-packages/airflow/example_dags/example_subdag_operator.py
[2023-04-25T01:59:22.101+0000] {logging_mixin.py:137} INFO - [2023-04-25T01:59:22.101+0000] {dag.py:2705} INFO - Sync 3 DAGs
[2023-04-25T01:59:22.117+0000] {logging_mixin.py:137} INFO - [2023-04-25T01:59:22.117+0000] {dag.py:3456} INFO - Setting next_dagrun for example_subdag_operator to 2022-01-01T00:00:00+00:00, run_after=2022-01-01T00:00:00+00:00
[2023-04-25T01:59:22.119+0000] {logging_mixin.py:137} INFO - [2023-04-25T01:59:22.119+0000] {dag.py:3456} INFO - Setting next_dagrun for example_subdag_operator.section-1 to None, run_after=None
[2023-04-25T01:59:22.121+0000] {logging_mixin.py:137} INFO - [2023-04-25T01:59:22.120+0000] {dag.py:3456} INFO - Setting next_dagrun for example_subdag_operator.section-2 to None, run_after=None
[2023-04-25T01:59:22.126+0000] {logging_mixin.py:137} INFO - [2023-04-25T01:59:22.126+0000] {dag.py:2705} INFO - Sync 2 DAGs
[2023-04-25T01:59:22.130+0000] {logging_mixin.py:137} INFO - [2023-04-25T01:59:22.130+0000] {dag.py:3456} INFO - Setting next_dagrun for example_subdag_operator.section-1 to None, run_after=None
[2023-04-25T01:59:22.131+0000] {logging_mixin.py:137} INFO - [2023-04-25T01:59:22.131+0000] {dag.py:3456} INFO - Setting next_dagrun for example_subdag_operator.section-2 to None, run_after=None
[2023-04-25T01:59:22.137+0000] {processor.py:175} INFO - Processing /home/airflow/.local/lib/python3.7/site-packages/airflow/example_dags/example_subdag_operator.py took 0.089 seconds
[2023-04-25T01:59:52.643+0000] {processor.py:153} INFO - Started process (PID=1145) to work on /home/airflow/.local/lib/python3.7/site-packages/airflow/example_dags/example_subdag_operator.py
[2023-04-25T01:59:52.644+0000] {processor.py:743} INFO - Processing file /home/airflow/.local/lib/python3.7/site-packages/airflow/example_dags/example_subdag_operator.py for tasks to queue
[2023-04-25T01:59:52.645+0000] {logging_mixin.py:137} INFO - [2023-04-25T01:59:52.645+0000] {dagbag.py:532} INFO - Filling up the DagBag from /home/airflow/.local/lib/python3.7/site-packages/airflow/example_dags/example_subdag_operator.py
[2023-04-25T01:59:52.670+0000] {processor.py:753} INFO - DAG(s) dict_keys(['example_subdag_operator.section-1', 'example_subdag_operator.section-2', 'example_subdag_operator']) retrieved from /home/airflow/.local/lib/python3.7/site-packages/airflow/example_dags/example_subdag_operator.py
[2023-04-25T01:59:52.683+0000] {logging_mixin.py:137} INFO - [2023-04-25T01:59:52.683+0000] {dag.py:2705} INFO - Sync 3 DAGs
[2023-04-25T01:59:52.699+0000] {logging_mixin.py:137} INFO - [2023-04-25T01:59:52.699+0000] {dag.py:3456} INFO - Setting next_dagrun for example_subdag_operator to 2022-01-01T00:00:00+00:00, run_after=2022-01-01T00:00:00+00:00
[2023-04-25T01:59:52.702+0000] {logging_mixin.py:137} INFO - [2023-04-25T01:59:52.701+0000] {dag.py:3456} INFO - Setting next_dagrun for example_subdag_operator.section-1 to None, run_after=None
[2023-04-25T01:59:52.703+0000] {logging_mixin.py:137} INFO - [2023-04-25T01:59:52.703+0000] {dag.py:3456} INFO - Setting next_dagrun for example_subdag_operator.section-2 to None, run_after=None
[2023-04-25T01:59:52.709+0000] {logging_mixin.py:137} INFO - [2023-04-25T01:59:52.709+0000] {dag.py:2705} INFO - Sync 2 DAGs
[2023-04-25T01:59:52.714+0000] {logging_mixin.py:137} INFO - [2023-04-25T01:59:52.714+0000] {dag.py:3456} INFO - Setting next_dagrun for example_subdag_operator.section-1 to None, run_after=None
[2023-04-25T01:59:52.714+0000] {logging_mixin.py:137} INFO - [2023-04-25T01:59:52.714+0000] {dag.py:3456} INFO - Setting next_dagrun for example_subdag_operator.section-2 to None, run_after=None
[2023-04-25T01:59:52.721+0000] {processor.py:175} INFO - Processing /home/airflow/.local/lib/python3.7/site-packages/airflow/example_dags/example_subdag_operator.py took 0.081 seconds
[2023-04-25T02:00:23.246+0000] {processor.py:153} INFO - Started process (PID=1195) to work on /home/airflow/.local/lib/python3.7/site-packages/airflow/example_dags/example_subdag_operator.py
[2023-04-25T02:00:23.247+0000] {processor.py:743} INFO - Processing file /home/airflow/.local/lib/python3.7/site-packages/airflow/example_dags/example_subdag_operator.py for tasks to queue
[2023-04-25T02:00:23.248+0000] {logging_mixin.py:137} INFO - [2023-04-25T02:00:23.248+0000] {dagbag.py:532} INFO - Filling up the DagBag from /home/airflow/.local/lib/python3.7/site-packages/airflow/example_dags/example_subdag_operator.py
[2023-04-25T02:00:23.273+0000] {processor.py:753} INFO - DAG(s) dict_keys(['example_subdag_operator.section-1', 'example_subdag_operator.section-2', 'example_subdag_operator']) retrieved from /home/airflow/.local/lib/python3.7/site-packages/airflow/example_dags/example_subdag_operator.py
[2023-04-25T02:00:23.286+0000] {logging_mixin.py:137} INFO - [2023-04-25T02:00:23.286+0000] {dag.py:2705} INFO - Sync 3 DAGs
[2023-04-25T02:00:23.303+0000] {logging_mixin.py:137} INFO - [2023-04-25T02:00:23.303+0000] {dag.py:3456} INFO - Setting next_dagrun for example_subdag_operator to 2022-01-01T00:00:00+00:00, run_after=2022-01-01T00:00:00+00:00
[2023-04-25T02:00:23.306+0000] {logging_mixin.py:137} INFO - [2023-04-25T02:00:23.306+0000] {dag.py:3456} INFO - Setting next_dagrun for example_subdag_operator.section-1 to None, run_after=None
[2023-04-25T02:00:23.307+0000] {logging_mixin.py:137} INFO - [2023-04-25T02:00:23.307+0000] {dag.py:3456} INFO - Setting next_dagrun for example_subdag_operator.section-2 to None, run_after=None
[2023-04-25T02:00:23.312+0000] {logging_mixin.py:137} INFO - [2023-04-25T02:00:23.312+0000] {dag.py:2705} INFO - Sync 2 DAGs
[2023-04-25T02:00:23.316+0000] {logging_mixin.py:137} INFO - [2023-04-25T02:00:23.316+0000] {dag.py:3456} INFO - Setting next_dagrun for example_subdag_operator.section-1 to None, run_after=None
[2023-04-25T02:00:23.317+0000] {logging_mixin.py:137} INFO - [2023-04-25T02:00:23.317+0000] {dag.py:3456} INFO - Setting next_dagrun for example_subdag_operator.section-2 to None, run_after=None
[2023-04-25T02:00:23.324+0000] {processor.py:175} INFO - Processing /home/airflow/.local/lib/python3.7/site-packages/airflow/example_dags/example_subdag_operator.py took 0.081 seconds
[2023-04-25T02:00:53.826+0000] {processor.py:153} INFO - Started process (PID=1245) to work on /home/airflow/.local/lib/python3.7/site-packages/airflow/example_dags/example_subdag_operator.py
[2023-04-25T02:00:53.827+0000] {processor.py:743} INFO - Processing file /home/airflow/.local/lib/python3.7/site-packages/airflow/example_dags/example_subdag_operator.py for tasks to queue
[2023-04-25T02:00:53.828+0000] {logging_mixin.py:137} INFO - [2023-04-25T02:00:53.828+0000] {dagbag.py:532} INFO - Filling up the DagBag from /home/airflow/.local/lib/python3.7/site-packages/airflow/example_dags/example_subdag_operator.py
[2023-04-25T02:00:53.853+0000] {processor.py:753} INFO - DAG(s) dict_keys(['example_subdag_operator.section-1', 'example_subdag_operator.section-2', 'example_subdag_operator']) retrieved from /home/airflow/.local/lib/python3.7/site-packages/airflow/example_dags/example_subdag_operator.py
[2023-04-25T02:00:53.866+0000] {logging_mixin.py:137} INFO - [2023-04-25T02:00:53.866+0000] {dag.py:2705} INFO - Sync 3 DAGs
[2023-04-25T02:00:53.882+0000] {logging_mixin.py:137} INFO - [2023-04-25T02:00:53.882+0000] {dag.py:3456} INFO - Setting next_dagrun for example_subdag_operator to 2022-01-01T00:00:00+00:00, run_after=2022-01-01T00:00:00+00:00
[2023-04-25T02:00:53.884+0000] {logging_mixin.py:137} INFO - [2023-04-25T02:00:53.884+0000] {dag.py:3456} INFO - Setting next_dagrun for example_subdag_operator.section-1 to None, run_after=None
[2023-04-25T02:00:53.885+0000] {logging_mixin.py:137} INFO - [2023-04-25T02:00:53.885+0000] {dag.py:3456} INFO - Setting next_dagrun for example_subdag_operator.section-2 to None, run_after=None
[2023-04-25T02:00:53.890+0000] {logging_mixin.py:137} INFO - [2023-04-25T02:00:53.890+0000] {dag.py:2705} INFO - Sync 2 DAGs
[2023-04-25T02:00:53.893+0000] {logging_mixin.py:137} INFO - [2023-04-25T02:00:53.893+0000] {dag.py:3456} INFO - Setting next_dagrun for example_subdag_operator.section-1 to None, run_after=None
[2023-04-25T02:00:53.894+0000] {logging_mixin.py:137} INFO - [2023-04-25T02:00:53.894+0000] {dag.py:3456} INFO - Setting next_dagrun for example_subdag_operator.section-2 to None, run_after=None
[2023-04-25T02:00:53.901+0000] {processor.py:175} INFO - Processing /home/airflow/.local/lib/python3.7/site-packages/airflow/example_dags/example_subdag_operator.py took 0.078 seconds
[2023-04-25T02:01:24.453+0000] {processor.py:153} INFO - Started process (PID=1295) to work on /home/airflow/.local/lib/python3.7/site-packages/airflow/example_dags/example_subdag_operator.py
[2023-04-25T02:01:24.454+0000] {processor.py:743} INFO - Processing file /home/airflow/.local/lib/python3.7/site-packages/airflow/example_dags/example_subdag_operator.py for tasks to queue
[2023-04-25T02:01:24.455+0000] {logging_mixin.py:137} INFO - [2023-04-25T02:01:24.455+0000] {dagbag.py:532} INFO - Filling up the DagBag from /home/airflow/.local/lib/python3.7/site-packages/airflow/example_dags/example_subdag_operator.py
[2023-04-25T02:01:24.480+0000] {processor.py:753} INFO - DAG(s) dict_keys(['example_subdag_operator.section-1', 'example_subdag_operator.section-2', 'example_subdag_operator']) retrieved from /home/airflow/.local/lib/python3.7/site-packages/airflow/example_dags/example_subdag_operator.py
[2023-04-25T02:01:24.494+0000] {logging_mixin.py:137} INFO - [2023-04-25T02:01:24.494+0000] {dag.py:2705} INFO - Sync 3 DAGs
[2023-04-25T02:01:24.510+0000] {logging_mixin.py:137} INFO - [2023-04-25T02:01:24.510+0000] {dag.py:3456} INFO - Setting next_dagrun for example_subdag_operator to 2022-01-01T00:00:00+00:00, run_after=2022-01-01T00:00:00+00:00
[2023-04-25T02:01:24.513+0000] {logging_mixin.py:137} INFO - [2023-04-25T02:01:24.513+0000] {dag.py:3456} INFO - Setting next_dagrun for example_subdag_operator.section-1 to None, run_after=None
[2023-04-25T02:01:24.515+0000] {logging_mixin.py:137} INFO - [2023-04-25T02:01:24.515+0000] {dag.py:3456} INFO - Setting next_dagrun for example_subdag_operator.section-2 to None, run_after=None
[2023-04-25T02:01:24.520+0000] {logging_mixin.py:137} INFO - [2023-04-25T02:01:24.520+0000] {dag.py:2705} INFO - Sync 2 DAGs
[2023-04-25T02:01:24.524+0000] {logging_mixin.py:137} INFO - [2023-04-25T02:01:24.524+0000] {dag.py:3456} INFO - Setting next_dagrun for example_subdag_operator.section-1 to None, run_after=None
[2023-04-25T02:01:24.525+0000] {logging_mixin.py:137} INFO - [2023-04-25T02:01:24.525+0000] {dag.py:3456} INFO - Setting next_dagrun for example_subdag_operator.section-2 to None, run_after=None
[2023-04-25T02:01:24.534+0000] {processor.py:175} INFO - Processing /home/airflow/.local/lib/python3.7/site-packages/airflow/example_dags/example_subdag_operator.py took 0.085 seconds
[2023-04-25T02:01:54.714+0000] {processor.py:153} INFO - Started process (PID=1344) to work on /home/airflow/.local/lib/python3.7/site-packages/airflow/example_dags/example_subdag_operator.py
[2023-04-25T02:01:54.715+0000] {processor.py:743} INFO - Processing file /home/airflow/.local/lib/python3.7/site-packages/airflow/example_dags/example_subdag_operator.py for tasks to queue
[2023-04-25T02:01:54.716+0000] {logging_mixin.py:137} INFO - [2023-04-25T02:01:54.716+0000] {dagbag.py:532} INFO - Filling up the DagBag from /home/airflow/.local/lib/python3.7/site-packages/airflow/example_dags/example_subdag_operator.py
[2023-04-25T02:01:54.741+0000] {processor.py:753} INFO - DAG(s) dict_keys(['example_subdag_operator.section-1', 'example_subdag_operator.section-2', 'example_subdag_operator']) retrieved from /home/airflow/.local/lib/python3.7/site-packages/airflow/example_dags/example_subdag_operator.py
[2023-04-25T02:01:54.754+0000] {logging_mixin.py:137} INFO - [2023-04-25T02:01:54.754+0000] {dag.py:2705} INFO - Sync 3 DAGs
[2023-04-25T02:01:54.771+0000] {logging_mixin.py:137} INFO - [2023-04-25T02:01:54.771+0000] {dag.py:3456} INFO - Setting next_dagrun for example_subdag_operator to 2022-01-01T00:00:00+00:00, run_after=2022-01-01T00:00:00+00:00
[2023-04-25T02:01:54.775+0000] {logging_mixin.py:137} INFO - [2023-04-25T02:01:54.775+0000] {dag.py:3456} INFO - Setting next_dagrun for example_subdag_operator.section-1 to None, run_after=None
[2023-04-25T02:01:54.776+0000] {logging_mixin.py:137} INFO - [2023-04-25T02:01:54.776+0000] {dag.py:3456} INFO - Setting next_dagrun for example_subdag_operator.section-2 to None, run_after=None
[2023-04-25T02:01:54.782+0000] {logging_mixin.py:137} INFO - [2023-04-25T02:01:54.782+0000] {dag.py:2705} INFO - Sync 2 DAGs
[2023-04-25T02:01:54.786+0000] {logging_mixin.py:137} INFO - [2023-04-25T02:01:54.786+0000] {dag.py:3456} INFO - Setting next_dagrun for example_subdag_operator.section-1 to None, run_after=None
[2023-04-25T02:01:54.787+0000] {logging_mixin.py:137} INFO - [2023-04-25T02:01:54.787+0000] {dag.py:3456} INFO - Setting next_dagrun for example_subdag_operator.section-2 to None, run_after=None
[2023-04-25T02:01:54.794+0000] {processor.py:175} INFO - Processing /home/airflow/.local/lib/python3.7/site-packages/airflow/example_dags/example_subdag_operator.py took 0.084 seconds
[2023-04-25T02:02:25.291+0000] {processor.py:153} INFO - Started process (PID=1394) to work on /home/airflow/.local/lib/python3.7/site-packages/airflow/example_dags/example_subdag_operator.py
[2023-04-25T02:02:25.292+0000] {processor.py:743} INFO - Processing file /home/airflow/.local/lib/python3.7/site-packages/airflow/example_dags/example_subdag_operator.py for tasks to queue
[2023-04-25T02:02:25.293+0000] {logging_mixin.py:137} INFO - [2023-04-25T02:02:25.293+0000] {dagbag.py:532} INFO - Filling up the DagBag from /home/airflow/.local/lib/python3.7/site-packages/airflow/example_dags/example_subdag_operator.py
[2023-04-25T02:02:25.319+0000] {processor.py:753} INFO - DAG(s) dict_keys(['example_subdag_operator.section-1', 'example_subdag_operator.section-2', 'example_subdag_operator']) retrieved from /home/airflow/.local/lib/python3.7/site-packages/airflow/example_dags/example_subdag_operator.py
[2023-04-25T02:02:25.333+0000] {logging_mixin.py:137} INFO - [2023-04-25T02:02:25.332+0000] {dag.py:2705} INFO - Sync 3 DAGs
[2023-04-25T02:02:25.348+0000] {logging_mixin.py:137} INFO - [2023-04-25T02:02:25.348+0000] {dag.py:3456} INFO - Setting next_dagrun for example_subdag_operator to 2022-01-01T00:00:00+00:00, run_after=2022-01-01T00:00:00+00:00
[2023-04-25T02:02:25.351+0000] {logging_mixin.py:137} INFO - [2023-04-25T02:02:25.351+0000] {dag.py:3456} INFO - Setting next_dagrun for example_subdag_operator.section-1 to None, run_after=None
[2023-04-25T02:02:25.353+0000] {logging_mixin.py:137} INFO - [2023-04-25T02:02:25.353+0000] {dag.py:3456} INFO - Setting next_dagrun for example_subdag_operator.section-2 to None, run_after=None
[2023-04-25T02:02:25.358+0000] {logging_mixin.py:137} INFO - [2023-04-25T02:02:25.358+0000] {dag.py:2705} INFO - Sync 2 DAGs
[2023-04-25T02:02:25.361+0000] {logging_mixin.py:137} INFO - [2023-04-25T02:02:25.361+0000] {dag.py:3456} INFO - Setting next_dagrun for example_subdag_operator.section-1 to None, run_after=None
[2023-04-25T02:02:25.362+0000] {logging_mixin.py:137} INFO - [2023-04-25T02:02:25.362+0000] {dag.py:3456} INFO - Setting next_dagrun for example_subdag_operator.section-2 to None, run_after=None
[2023-04-25T02:02:25.369+0000] {processor.py:175} INFO - Processing /home/airflow/.local/lib/python3.7/site-packages/airflow/example_dags/example_subdag_operator.py took 0.081 seconds
[2023-04-25T02:02:55.893+0000] {processor.py:153} INFO - Started process (PID=1444) to work on /home/airflow/.local/lib/python3.7/site-packages/airflow/example_dags/example_subdag_operator.py
[2023-04-25T02:02:55.894+0000] {processor.py:743} INFO - Processing file /home/airflow/.local/lib/python3.7/site-packages/airflow/example_dags/example_subdag_operator.py for tasks to queue
[2023-04-25T02:02:55.895+0000] {logging_mixin.py:137} INFO - [2023-04-25T02:02:55.895+0000] {dagbag.py:532} INFO - Filling up the DagBag from /home/airflow/.local/lib/python3.7/site-packages/airflow/example_dags/example_subdag_operator.py
[2023-04-25T02:02:55.921+0000] {processor.py:753} INFO - DAG(s) dict_keys(['example_subdag_operator.section-1', 'example_subdag_operator.section-2', 'example_subdag_operator']) retrieved from /home/airflow/.local/lib/python3.7/site-packages/airflow/example_dags/example_subdag_operator.py
[2023-04-25T02:02:55.935+0000] {logging_mixin.py:137} INFO - [2023-04-25T02:02:55.934+0000] {dag.py:2705} INFO - Sync 3 DAGs
[2023-04-25T02:02:55.950+0000] {logging_mixin.py:137} INFO - [2023-04-25T02:02:55.950+0000] {dag.py:3456} INFO - Setting next_dagrun for example_subdag_operator to 2022-01-01T00:00:00+00:00, run_after=2022-01-01T00:00:00+00:00
[2023-04-25T02:02:55.953+0000] {logging_mixin.py:137} INFO - [2023-04-25T02:02:55.953+0000] {dag.py:3456} INFO - Setting next_dagrun for example_subdag_operator.section-1 to None, run_after=None
[2023-04-25T02:02:55.954+0000] {logging_mixin.py:137} INFO - [2023-04-25T02:02:55.954+0000] {dag.py:3456} INFO - Setting next_dagrun for example_subdag_operator.section-2 to None, run_after=None
[2023-04-25T02:02:55.959+0000] {logging_mixin.py:137} INFO - [2023-04-25T02:02:55.959+0000] {dag.py:2705} INFO - Sync 2 DAGs
[2023-04-25T02:02:55.963+0000] {logging_mixin.py:137} INFO - [2023-04-25T02:02:55.963+0000] {dag.py:3456} INFO - Setting next_dagrun for example_subdag_operator.section-1 to None, run_after=None
[2023-04-25T02:02:55.963+0000] {logging_mixin.py:137} INFO - [2023-04-25T02:02:55.963+0000] {dag.py:3456} INFO - Setting next_dagrun for example_subdag_operator.section-2 to None, run_after=None
[2023-04-25T02:02:55.971+0000] {processor.py:175} INFO - Processing /home/airflow/.local/lib/python3.7/site-packages/airflow/example_dags/example_subdag_operator.py took 0.082 seconds
