[2023-04-25T01:48:42.358+0000] {processor.py:153} INFO - Started process (PID=59) to work on /home/airflow/.local/lib/python3.7/site-packages/airflow/example_dags/example_external_task_marker_dag.py
[2023-04-25T01:48:42.361+0000] {processor.py:743} INFO - Processing file /home/airflow/.local/lib/python3.7/site-packages/airflow/example_dags/example_external_task_marker_dag.py for tasks to queue
[2023-04-25T01:48:42.363+0000] {logging_mixin.py:137} INFO - [2023-04-25T01:48:42.363+0000] {dagbag.py:532} INFO - Filling up the DagBag from /home/airflow/.local/lib/python3.7/site-packages/airflow/example_dags/example_external_task_marker_dag.py
[2023-04-25T01:48:42.439+0000] {processor.py:753} INFO - DAG(s) dict_keys(['example_external_task_marker_child', 'example_external_task_marker_parent']) retrieved from /home/airflow/.local/lib/python3.7/site-packages/airflow/example_dags/example_external_task_marker_dag.py
[2023-04-25T01:48:42.483+0000] {logging_mixin.py:137} INFO - [2023-04-25T01:48:42.483+0000] {dag.py:2705} INFO - Sync 2 DAGs
[2023-04-25T01:48:42.558+0000] {logging_mixin.py:137} INFO - [2023-04-25T01:48:42.558+0000] {dag.py:3456} INFO - Setting next_dagrun for example_external_task_marker_child to None, run_after=None
[2023-04-25T01:48:42.564+0000] {logging_mixin.py:137} INFO - [2023-04-25T01:48:42.564+0000] {dag.py:3456} INFO - Setting next_dagrun for example_external_task_marker_parent to None, run_after=None
[2023-04-25T01:48:42.669+0000] {processor.py:175} INFO - Processing /home/airflow/.local/lib/python3.7/site-packages/airflow/example_dags/example_external_task_marker_dag.py took 0.317 seconds
[2023-04-25T01:49:12.895+0000] {processor.py:153} INFO - Started process (PID=108) to work on /home/airflow/.local/lib/python3.7/site-packages/airflow/example_dags/example_external_task_marker_dag.py
[2023-04-25T01:49:12.896+0000] {processor.py:743} INFO - Processing file /home/airflow/.local/lib/python3.7/site-packages/airflow/example_dags/example_external_task_marker_dag.py for tasks to queue
[2023-04-25T01:49:12.897+0000] {logging_mixin.py:137} INFO - [2023-04-25T01:49:12.897+0000] {dagbag.py:532} INFO - Filling up the DagBag from /home/airflow/.local/lib/python3.7/site-packages/airflow/example_dags/example_external_task_marker_dag.py
[2023-04-25T01:49:12.908+0000] {processor.py:753} INFO - DAG(s) dict_keys(['example_external_task_marker_child', 'example_external_task_marker_parent']) retrieved from /home/airflow/.local/lib/python3.7/site-packages/airflow/example_dags/example_external_task_marker_dag.py
[2023-04-25T01:49:12.936+0000] {logging_mixin.py:137} INFO - [2023-04-25T01:49:12.936+0000] {dag.py:2705} INFO - Sync 2 DAGs
[2023-04-25T01:49:12.957+0000] {logging_mixin.py:137} INFO - [2023-04-25T01:49:12.956+0000] {dag.py:3456} INFO - Setting next_dagrun for example_external_task_marker_child to None, run_after=None
[2023-04-25T01:49:12.960+0000] {logging_mixin.py:137} INFO - [2023-04-25T01:49:12.959+0000] {dag.py:3456} INFO - Setting next_dagrun for example_external_task_marker_parent to None, run_after=None
[2023-04-25T01:49:12.971+0000] {processor.py:175} INFO - Processing /home/airflow/.local/lib/python3.7/site-packages/airflow/example_dags/example_external_task_marker_dag.py took 0.082 seconds
[2023-04-25T01:49:43.064+0000] {processor.py:153} INFO - Started process (PID=158) to work on /home/airflow/.local/lib/python3.7/site-packages/airflow/example_dags/example_external_task_marker_dag.py
[2023-04-25T01:49:43.066+0000] {processor.py:743} INFO - Processing file /home/airflow/.local/lib/python3.7/site-packages/airflow/example_dags/example_external_task_marker_dag.py for tasks to queue
[2023-04-25T01:49:43.068+0000] {logging_mixin.py:137} INFO - [2023-04-25T01:49:43.068+0000] {dagbag.py:532} INFO - Filling up the DagBag from /home/airflow/.local/lib/python3.7/site-packages/airflow/example_dags/example_external_task_marker_dag.py
[2023-04-25T01:49:43.082+0000] {processor.py:753} INFO - DAG(s) dict_keys(['example_external_task_marker_child', 'example_external_task_marker_parent']) retrieved from /home/airflow/.local/lib/python3.7/site-packages/airflow/example_dags/example_external_task_marker_dag.py
[2023-04-25T01:49:43.114+0000] {logging_mixin.py:137} INFO - [2023-04-25T01:49:43.114+0000] {dag.py:2705} INFO - Sync 2 DAGs
[2023-04-25T01:49:43.137+0000] {logging_mixin.py:137} INFO - [2023-04-25T01:49:43.137+0000] {dag.py:3456} INFO - Setting next_dagrun for example_external_task_marker_child to None, run_after=None
[2023-04-25T01:49:43.142+0000] {logging_mixin.py:137} INFO - [2023-04-25T01:49:43.142+0000] {dag.py:3456} INFO - Setting next_dagrun for example_external_task_marker_parent to None, run_after=None
[2023-04-25T01:49:43.163+0000] {processor.py:175} INFO - Processing /home/airflow/.local/lib/python3.7/site-packages/airflow/example_dags/example_external_task_marker_dag.py took 0.102 seconds
[2023-04-25T01:50:13.600+0000] {processor.py:153} INFO - Started process (PID=208) to work on /home/airflow/.local/lib/python3.7/site-packages/airflow/example_dags/example_external_task_marker_dag.py
[2023-04-25T01:50:13.601+0000] {processor.py:743} INFO - Processing file /home/airflow/.local/lib/python3.7/site-packages/airflow/example_dags/example_external_task_marker_dag.py for tasks to queue
[2023-04-25T01:50:13.602+0000] {logging_mixin.py:137} INFO - [2023-04-25T01:50:13.602+0000] {dagbag.py:532} INFO - Filling up the DagBag from /home/airflow/.local/lib/python3.7/site-packages/airflow/example_dags/example_external_task_marker_dag.py
[2023-04-25T01:50:13.612+0000] {processor.py:753} INFO - DAG(s) dict_keys(['example_external_task_marker_child', 'example_external_task_marker_parent']) retrieved from /home/airflow/.local/lib/python3.7/site-packages/airflow/example_dags/example_external_task_marker_dag.py
[2023-04-25T01:50:13.639+0000] {logging_mixin.py:137} INFO - [2023-04-25T01:50:13.639+0000] {dag.py:2705} INFO - Sync 2 DAGs
[2023-04-25T01:50:13.656+0000] {logging_mixin.py:137} INFO - [2023-04-25T01:50:13.656+0000] {dag.py:3456} INFO - Setting next_dagrun for example_external_task_marker_child to None, run_after=None
[2023-04-25T01:50:13.659+0000] {logging_mixin.py:137} INFO - [2023-04-25T01:50:13.659+0000] {dag.py:3456} INFO - Setting next_dagrun for example_external_task_marker_parent to None, run_after=None
[2023-04-25T01:50:13.670+0000] {processor.py:175} INFO - Processing /home/airflow/.local/lib/python3.7/site-packages/airflow/example_dags/example_external_task_marker_dag.py took 0.073 seconds
[2023-04-25T01:50:44.474+0000] {processor.py:153} INFO - Started process (PID=259) to work on /home/airflow/.local/lib/python3.7/site-packages/airflow/example_dags/example_external_task_marker_dag.py
[2023-04-25T01:50:44.476+0000] {processor.py:743} INFO - Processing file /home/airflow/.local/lib/python3.7/site-packages/airflow/example_dags/example_external_task_marker_dag.py for tasks to queue
[2023-04-25T01:50:44.477+0000] {logging_mixin.py:137} INFO - [2023-04-25T01:50:44.477+0000] {dagbag.py:532} INFO - Filling up the DagBag from /home/airflow/.local/lib/python3.7/site-packages/airflow/example_dags/example_external_task_marker_dag.py
[2023-04-25T01:50:44.489+0000] {processor.py:753} INFO - DAG(s) dict_keys(['example_external_task_marker_child', 'example_external_task_marker_parent']) retrieved from /home/airflow/.local/lib/python3.7/site-packages/airflow/example_dags/example_external_task_marker_dag.py
[2023-04-25T01:50:44.516+0000] {logging_mixin.py:137} INFO - [2023-04-25T01:50:44.516+0000] {dag.py:2705} INFO - Sync 2 DAGs
[2023-04-25T01:50:44.540+0000] {logging_mixin.py:137} INFO - [2023-04-25T01:50:44.540+0000] {dag.py:3456} INFO - Setting next_dagrun for example_external_task_marker_child to None, run_after=None
[2023-04-25T01:50:44.543+0000] {logging_mixin.py:137} INFO - [2023-04-25T01:50:44.543+0000] {dag.py:3456} INFO - Setting next_dagrun for example_external_task_marker_parent to None, run_after=None
[2023-04-25T01:50:44.558+0000] {processor.py:175} INFO - Processing /home/airflow/.local/lib/python3.7/site-packages/airflow/example_dags/example_external_task_marker_dag.py took 0.088 seconds
[2023-04-25T01:51:14.601+0000] {processor.py:153} INFO - Started process (PID=309) to work on /home/airflow/.local/lib/python3.7/site-packages/airflow/example_dags/example_external_task_marker_dag.py
[2023-04-25T01:51:14.603+0000] {processor.py:743} INFO - Processing file /home/airflow/.local/lib/python3.7/site-packages/airflow/example_dags/example_external_task_marker_dag.py for tasks to queue
[2023-04-25T01:51:14.604+0000] {logging_mixin.py:137} INFO - [2023-04-25T01:51:14.604+0000] {dagbag.py:532} INFO - Filling up the DagBag from /home/airflow/.local/lib/python3.7/site-packages/airflow/example_dags/example_external_task_marker_dag.py
[2023-04-25T01:51:14.614+0000] {processor.py:753} INFO - DAG(s) dict_keys(['example_external_task_marker_child', 'example_external_task_marker_parent']) retrieved from /home/airflow/.local/lib/python3.7/site-packages/airflow/example_dags/example_external_task_marker_dag.py
[2023-04-25T01:51:14.639+0000] {logging_mixin.py:137} INFO - [2023-04-25T01:51:14.639+0000] {dag.py:2705} INFO - Sync 2 DAGs
[2023-04-25T01:51:14.655+0000] {logging_mixin.py:137} INFO - [2023-04-25T01:51:14.655+0000] {dag.py:3456} INFO - Setting next_dagrun for example_external_task_marker_child to None, run_after=None
[2023-04-25T01:51:14.657+0000] {logging_mixin.py:137} INFO - [2023-04-25T01:51:14.657+0000] {dag.py:3456} INFO - Setting next_dagrun for example_external_task_marker_parent to None, run_after=None
[2023-04-25T01:51:14.668+0000] {processor.py:175} INFO - Processing /home/airflow/.local/lib/python3.7/site-packages/airflow/example_dags/example_external_task_marker_dag.py took 0.070 seconds
[2023-04-25T01:51:44.828+0000] {processor.py:153} INFO - Started process (PID=359) to work on /home/airflow/.local/lib/python3.7/site-packages/airflow/example_dags/example_external_task_marker_dag.py
[2023-04-25T01:51:44.829+0000] {processor.py:743} INFO - Processing file /home/airflow/.local/lib/python3.7/site-packages/airflow/example_dags/example_external_task_marker_dag.py for tasks to queue
[2023-04-25T01:51:44.830+0000] {logging_mixin.py:137} INFO - [2023-04-25T01:51:44.830+0000] {dagbag.py:532} INFO - Filling up the DagBag from /home/airflow/.local/lib/python3.7/site-packages/airflow/example_dags/example_external_task_marker_dag.py
[2023-04-25T01:51:44.841+0000] {processor.py:753} INFO - DAG(s) dict_keys(['example_external_task_marker_parent', 'example_external_task_marker_child']) retrieved from /home/airflow/.local/lib/python3.7/site-packages/airflow/example_dags/example_external_task_marker_dag.py
[2023-04-25T01:51:44.866+0000] {logging_mixin.py:137} INFO - [2023-04-25T01:51:44.866+0000] {dag.py:2705} INFO - Sync 2 DAGs
[2023-04-25T01:51:44.883+0000] {logging_mixin.py:137} INFO - [2023-04-25T01:51:44.883+0000] {dag.py:3456} INFO - Setting next_dagrun for example_external_task_marker_child to None, run_after=None
[2023-04-25T01:51:44.885+0000] {logging_mixin.py:137} INFO - [2023-04-25T01:51:44.885+0000] {dag.py:3456} INFO - Setting next_dagrun for example_external_task_marker_parent to None, run_after=None
[2023-04-25T01:51:44.895+0000] {processor.py:175} INFO - Processing /home/airflow/.local/lib/python3.7/site-packages/airflow/example_dags/example_external_task_marker_dag.py took 0.070 seconds
[2023-04-25T01:52:15.462+0000] {processor.py:153} INFO - Started process (PID=410) to work on /home/airflow/.local/lib/python3.7/site-packages/airflow/example_dags/example_external_task_marker_dag.py
[2023-04-25T01:52:15.465+0000] {processor.py:743} INFO - Processing file /home/airflow/.local/lib/python3.7/site-packages/airflow/example_dags/example_external_task_marker_dag.py for tasks to queue
[2023-04-25T01:52:15.465+0000] {logging_mixin.py:137} INFO - [2023-04-25T01:52:15.465+0000] {dagbag.py:532} INFO - Filling up the DagBag from /home/airflow/.local/lib/python3.7/site-packages/airflow/example_dags/example_external_task_marker_dag.py
[2023-04-25T01:52:15.477+0000] {processor.py:753} INFO - DAG(s) dict_keys(['example_external_task_marker_child', 'example_external_task_marker_parent']) retrieved from /home/airflow/.local/lib/python3.7/site-packages/airflow/example_dags/example_external_task_marker_dag.py
[2023-04-25T01:52:15.500+0000] {logging_mixin.py:137} INFO - [2023-04-25T01:52:15.499+0000] {dag.py:2705} INFO - Sync 2 DAGs
[2023-04-25T01:52:15.515+0000] {logging_mixin.py:137} INFO - [2023-04-25T01:52:15.515+0000] {dag.py:3456} INFO - Setting next_dagrun for example_external_task_marker_child to None, run_after=None
[2023-04-25T01:52:15.519+0000] {logging_mixin.py:137} INFO - [2023-04-25T01:52:15.519+0000] {dag.py:3456} INFO - Setting next_dagrun for example_external_task_marker_parent to None, run_after=None
[2023-04-25T01:52:15.529+0000] {processor.py:175} INFO - Processing /home/airflow/.local/lib/python3.7/site-packages/airflow/example_dags/example_external_task_marker_dag.py took 0.070 seconds
[2023-04-25T01:52:46.192+0000] {processor.py:153} INFO - Started process (PID=460) to work on /home/airflow/.local/lib/python3.7/site-packages/airflow/example_dags/example_external_task_marker_dag.py
[2023-04-25T01:52:46.193+0000] {processor.py:743} INFO - Processing file /home/airflow/.local/lib/python3.7/site-packages/airflow/example_dags/example_external_task_marker_dag.py for tasks to queue
[2023-04-25T01:52:46.194+0000] {logging_mixin.py:137} INFO - [2023-04-25T01:52:46.194+0000] {dagbag.py:532} INFO - Filling up the DagBag from /home/airflow/.local/lib/python3.7/site-packages/airflow/example_dags/example_external_task_marker_dag.py
[2023-04-25T01:52:46.205+0000] {processor.py:753} INFO - DAG(s) dict_keys(['example_external_task_marker_child', 'example_external_task_marker_parent']) retrieved from /home/airflow/.local/lib/python3.7/site-packages/airflow/example_dags/example_external_task_marker_dag.py
[2023-04-25T01:52:46.232+0000] {logging_mixin.py:137} INFO - [2023-04-25T01:52:46.232+0000] {dag.py:2705} INFO - Sync 2 DAGs
[2023-04-25T01:52:46.249+0000] {logging_mixin.py:137} INFO - [2023-04-25T01:52:46.249+0000] {dag.py:3456} INFO - Setting next_dagrun for example_external_task_marker_child to None, run_after=None
[2023-04-25T01:52:46.252+0000] {logging_mixin.py:137} INFO - [2023-04-25T01:52:46.251+0000] {dag.py:3456} INFO - Setting next_dagrun for example_external_task_marker_parent to None, run_after=None
[2023-04-25T01:52:46.262+0000] {processor.py:175} INFO - Processing /home/airflow/.local/lib/python3.7/site-packages/airflow/example_dags/example_external_task_marker_dag.py took 0.074 seconds
[2023-04-25T01:53:16.693+0000] {processor.py:153} INFO - Started process (PID=510) to work on /home/airflow/.local/lib/python3.7/site-packages/airflow/example_dags/example_external_task_marker_dag.py
[2023-04-25T01:53:16.694+0000] {processor.py:743} INFO - Processing file /home/airflow/.local/lib/python3.7/site-packages/airflow/example_dags/example_external_task_marker_dag.py for tasks to queue
[2023-04-25T01:53:16.695+0000] {logging_mixin.py:137} INFO - [2023-04-25T01:53:16.695+0000] {dagbag.py:532} INFO - Filling up the DagBag from /home/airflow/.local/lib/python3.7/site-packages/airflow/example_dags/example_external_task_marker_dag.py
[2023-04-25T01:53:16.707+0000] {processor.py:753} INFO - DAG(s) dict_keys(['example_external_task_marker_child', 'example_external_task_marker_parent']) retrieved from /home/airflow/.local/lib/python3.7/site-packages/airflow/example_dags/example_external_task_marker_dag.py
[2023-04-25T01:53:16.744+0000] {logging_mixin.py:137} INFO - [2023-04-25T01:53:16.743+0000] {dag.py:2705} INFO - Sync 2 DAGs
[2023-04-25T01:53:16.762+0000] {logging_mixin.py:137} INFO - [2023-04-25T01:53:16.761+0000] {dag.py:3456} INFO - Setting next_dagrun for example_external_task_marker_child to None, run_after=None
[2023-04-25T01:53:16.764+0000] {logging_mixin.py:137} INFO - [2023-04-25T01:53:16.764+0000] {dag.py:3456} INFO - Setting next_dagrun for example_external_task_marker_parent to None, run_after=None
[2023-04-25T01:53:16.775+0000] {processor.py:175} INFO - Processing /home/airflow/.local/lib/python3.7/site-packages/airflow/example_dags/example_external_task_marker_dag.py took 0.085 seconds
[2023-04-25T01:53:47.332+0000] {processor.py:153} INFO - Started process (PID=560) to work on /home/airflow/.local/lib/python3.7/site-packages/airflow/example_dags/example_external_task_marker_dag.py
[2023-04-25T01:53:47.334+0000] {processor.py:743} INFO - Processing file /home/airflow/.local/lib/python3.7/site-packages/airflow/example_dags/example_external_task_marker_dag.py for tasks to queue
[2023-04-25T01:53:47.335+0000] {logging_mixin.py:137} INFO - [2023-04-25T01:53:47.335+0000] {dagbag.py:532} INFO - Filling up the DagBag from /home/airflow/.local/lib/python3.7/site-packages/airflow/example_dags/example_external_task_marker_dag.py
[2023-04-25T01:53:47.348+0000] {processor.py:753} INFO - DAG(s) dict_keys(['example_external_task_marker_parent', 'example_external_task_marker_child']) retrieved from /home/airflow/.local/lib/python3.7/site-packages/airflow/example_dags/example_external_task_marker_dag.py
[2023-04-25T01:53:47.377+0000] {logging_mixin.py:137} INFO - [2023-04-25T01:53:47.377+0000] {dag.py:2705} INFO - Sync 2 DAGs
[2023-04-25T01:53:47.396+0000] {logging_mixin.py:137} INFO - [2023-04-25T01:53:47.395+0000] {dag.py:3456} INFO - Setting next_dagrun for example_external_task_marker_child to None, run_after=None
[2023-04-25T01:53:47.398+0000] {logging_mixin.py:137} INFO - [2023-04-25T01:53:47.398+0000] {dag.py:3456} INFO - Setting next_dagrun for example_external_task_marker_parent to None, run_after=None
[2023-04-25T01:53:47.409+0000] {processor.py:175} INFO - Processing /home/airflow/.local/lib/python3.7/site-packages/airflow/example_dags/example_external_task_marker_dag.py took 0.081 seconds
[2023-04-25T01:54:18.013+0000] {processor.py:153} INFO - Started process (PID=610) to work on /home/airflow/.local/lib/python3.7/site-packages/airflow/example_dags/example_external_task_marker_dag.py
[2023-04-25T01:54:18.014+0000] {processor.py:743} INFO - Processing file /home/airflow/.local/lib/python3.7/site-packages/airflow/example_dags/example_external_task_marker_dag.py for tasks to queue
[2023-04-25T01:54:18.015+0000] {logging_mixin.py:137} INFO - [2023-04-25T01:54:18.015+0000] {dagbag.py:532} INFO - Filling up the DagBag from /home/airflow/.local/lib/python3.7/site-packages/airflow/example_dags/example_external_task_marker_dag.py
[2023-04-25T01:54:18.026+0000] {processor.py:753} INFO - DAG(s) dict_keys(['example_external_task_marker_parent', 'example_external_task_marker_child']) retrieved from /home/airflow/.local/lib/python3.7/site-packages/airflow/example_dags/example_external_task_marker_dag.py
[2023-04-25T01:54:18.050+0000] {logging_mixin.py:137} INFO - [2023-04-25T01:54:18.050+0000] {dag.py:2705} INFO - Sync 2 DAGs
[2023-04-25T01:54:18.066+0000] {logging_mixin.py:137} INFO - [2023-04-25T01:54:18.066+0000] {dag.py:3456} INFO - Setting next_dagrun for example_external_task_marker_child to None, run_after=None
[2023-04-25T01:54:18.069+0000] {logging_mixin.py:137} INFO - [2023-04-25T01:54:18.069+0000] {dag.py:3456} INFO - Setting next_dagrun for example_external_task_marker_parent to None, run_after=None
[2023-04-25T01:54:18.079+0000] {processor.py:175} INFO - Processing /home/airflow/.local/lib/python3.7/site-packages/airflow/example_dags/example_external_task_marker_dag.py took 0.069 seconds
[2023-04-25T01:54:48.714+0000] {processor.py:153} INFO - Started process (PID=660) to work on /home/airflow/.local/lib/python3.7/site-packages/airflow/example_dags/example_external_task_marker_dag.py
[2023-04-25T01:54:48.716+0000] {processor.py:743} INFO - Processing file /home/airflow/.local/lib/python3.7/site-packages/airflow/example_dags/example_external_task_marker_dag.py for tasks to queue
[2023-04-25T01:54:48.717+0000] {logging_mixin.py:137} INFO - [2023-04-25T01:54:48.717+0000] {dagbag.py:532} INFO - Filling up the DagBag from /home/airflow/.local/lib/python3.7/site-packages/airflow/example_dags/example_external_task_marker_dag.py
[2023-04-25T01:54:48.728+0000] {processor.py:753} INFO - DAG(s) dict_keys(['example_external_task_marker_child', 'example_external_task_marker_parent']) retrieved from /home/airflow/.local/lib/python3.7/site-packages/airflow/example_dags/example_external_task_marker_dag.py
[2023-04-25T01:54:48.754+0000] {logging_mixin.py:137} INFO - [2023-04-25T01:54:48.754+0000] {dag.py:2705} INFO - Sync 2 DAGs
[2023-04-25T01:54:48.775+0000] {logging_mixin.py:137} INFO - [2023-04-25T01:54:48.775+0000] {dag.py:3456} INFO - Setting next_dagrun for example_external_task_marker_child to None, run_after=None
[2023-04-25T01:54:48.777+0000] {logging_mixin.py:137} INFO - [2023-04-25T01:54:48.777+0000] {dag.py:3456} INFO - Setting next_dagrun for example_external_task_marker_parent to None, run_after=None
[2023-04-25T01:54:48.790+0000] {processor.py:175} INFO - Processing /home/airflow/.local/lib/python3.7/site-packages/airflow/example_dags/example_external_task_marker_dag.py took 0.079 seconds
[2023-04-25T01:55:19.233+0000] {processor.py:153} INFO - Started process (PID=710) to work on /home/airflow/.local/lib/python3.7/site-packages/airflow/example_dags/example_external_task_marker_dag.py
[2023-04-25T01:55:19.235+0000] {processor.py:743} INFO - Processing file /home/airflow/.local/lib/python3.7/site-packages/airflow/example_dags/example_external_task_marker_dag.py for tasks to queue
[2023-04-25T01:55:19.235+0000] {logging_mixin.py:137} INFO - [2023-04-25T01:55:19.235+0000] {dagbag.py:532} INFO - Filling up the DagBag from /home/airflow/.local/lib/python3.7/site-packages/airflow/example_dags/example_external_task_marker_dag.py
[2023-04-25T01:55:19.247+0000] {processor.py:753} INFO - DAG(s) dict_keys(['example_external_task_marker_child', 'example_external_task_marker_parent']) retrieved from /home/airflow/.local/lib/python3.7/site-packages/airflow/example_dags/example_external_task_marker_dag.py
[2023-04-25T01:55:19.272+0000] {logging_mixin.py:137} INFO - [2023-04-25T01:55:19.272+0000] {dag.py:2705} INFO - Sync 2 DAGs
[2023-04-25T01:55:19.290+0000] {logging_mixin.py:137} INFO - [2023-04-25T01:55:19.290+0000] {dag.py:3456} INFO - Setting next_dagrun for example_external_task_marker_child to None, run_after=None
[2023-04-25T01:55:19.294+0000] {logging_mixin.py:137} INFO - [2023-04-25T01:55:19.293+0000] {dag.py:3456} INFO - Setting next_dagrun for example_external_task_marker_parent to None, run_after=None
[2023-04-25T01:55:19.305+0000] {processor.py:175} INFO - Processing /home/airflow/.local/lib/python3.7/site-packages/airflow/example_dags/example_external_task_marker_dag.py took 0.075 seconds
[2023-04-25T01:55:49.971+0000] {processor.py:153} INFO - Started process (PID=759) to work on /home/airflow/.local/lib/python3.7/site-packages/airflow/example_dags/example_external_task_marker_dag.py
[2023-04-25T01:55:49.972+0000] {processor.py:743} INFO - Processing file /home/airflow/.local/lib/python3.7/site-packages/airflow/example_dags/example_external_task_marker_dag.py for tasks to queue
[2023-04-25T01:55:49.973+0000] {logging_mixin.py:137} INFO - [2023-04-25T01:55:49.973+0000] {dagbag.py:532} INFO - Filling up the DagBag from /home/airflow/.local/lib/python3.7/site-packages/airflow/example_dags/example_external_task_marker_dag.py
[2023-04-25T01:55:49.984+0000] {processor.py:753} INFO - DAG(s) dict_keys(['example_external_task_marker_parent', 'example_external_task_marker_child']) retrieved from /home/airflow/.local/lib/python3.7/site-packages/airflow/example_dags/example_external_task_marker_dag.py
[2023-04-25T01:55:50.009+0000] {logging_mixin.py:137} INFO - [2023-04-25T01:55:50.009+0000] {dag.py:2705} INFO - Sync 2 DAGs
[2023-04-25T01:55:50.027+0000] {logging_mixin.py:137} INFO - [2023-04-25T01:55:50.027+0000] {dag.py:3456} INFO - Setting next_dagrun for example_external_task_marker_child to None, run_after=None
[2023-04-25T01:55:50.030+0000] {logging_mixin.py:137} INFO - [2023-04-25T01:55:50.030+0000] {dag.py:3456} INFO - Setting next_dagrun for example_external_task_marker_parent to None, run_after=None
[2023-04-25T01:55:50.042+0000] {processor.py:175} INFO - Processing /home/airflow/.local/lib/python3.7/site-packages/airflow/example_dags/example_external_task_marker_dag.py took 0.075 seconds
[2023-04-25T01:56:20.306+0000] {processor.py:153} INFO - Started process (PID=809) to work on /home/airflow/.local/lib/python3.7/site-packages/airflow/example_dags/example_external_task_marker_dag.py
[2023-04-25T01:56:20.307+0000] {processor.py:743} INFO - Processing file /home/airflow/.local/lib/python3.7/site-packages/airflow/example_dags/example_external_task_marker_dag.py for tasks to queue
[2023-04-25T01:56:20.308+0000] {logging_mixin.py:137} INFO - [2023-04-25T01:56:20.308+0000] {dagbag.py:532} INFO - Filling up the DagBag from /home/airflow/.local/lib/python3.7/site-packages/airflow/example_dags/example_external_task_marker_dag.py
[2023-04-25T01:56:20.319+0000] {processor.py:753} INFO - DAG(s) dict_keys(['example_external_task_marker_child', 'example_external_task_marker_parent']) retrieved from /home/airflow/.local/lib/python3.7/site-packages/airflow/example_dags/example_external_task_marker_dag.py
[2023-04-25T01:56:20.345+0000] {logging_mixin.py:137} INFO - [2023-04-25T01:56:20.345+0000] {dag.py:2705} INFO - Sync 2 DAGs
[2023-04-25T01:56:20.361+0000] {logging_mixin.py:137} INFO - [2023-04-25T01:56:20.361+0000] {dag.py:3456} INFO - Setting next_dagrun for example_external_task_marker_child to None, run_after=None
[2023-04-25T01:56:20.363+0000] {logging_mixin.py:137} INFO - [2023-04-25T01:56:20.363+0000] {dag.py:3456} INFO - Setting next_dagrun for example_external_task_marker_parent to None, run_after=None
[2023-04-25T01:56:20.374+0000] {processor.py:175} INFO - Processing /home/airflow/.local/lib/python3.7/site-packages/airflow/example_dags/example_external_task_marker_dag.py took 0.072 seconds
[2023-04-25T01:56:50.873+0000] {processor.py:153} INFO - Started process (PID=859) to work on /home/airflow/.local/lib/python3.7/site-packages/airflow/example_dags/example_external_task_marker_dag.py
[2023-04-25T01:56:50.874+0000] {processor.py:743} INFO - Processing file /home/airflow/.local/lib/python3.7/site-packages/airflow/example_dags/example_external_task_marker_dag.py for tasks to queue
[2023-04-25T01:56:50.875+0000] {logging_mixin.py:137} INFO - [2023-04-25T01:56:50.875+0000] {dagbag.py:532} INFO - Filling up the DagBag from /home/airflow/.local/lib/python3.7/site-packages/airflow/example_dags/example_external_task_marker_dag.py
[2023-04-25T01:56:50.885+0000] {processor.py:753} INFO - DAG(s) dict_keys(['example_external_task_marker_child', 'example_external_task_marker_parent']) retrieved from /home/airflow/.local/lib/python3.7/site-packages/airflow/example_dags/example_external_task_marker_dag.py
[2023-04-25T01:56:50.907+0000] {logging_mixin.py:137} INFO - [2023-04-25T01:56:50.907+0000] {dag.py:2705} INFO - Sync 2 DAGs
[2023-04-25T01:56:50.924+0000] {logging_mixin.py:137} INFO - [2023-04-25T01:56:50.924+0000] {dag.py:3456} INFO - Setting next_dagrun for example_external_task_marker_child to None, run_after=None
[2023-04-25T01:56:50.927+0000] {logging_mixin.py:137} INFO - [2023-04-25T01:56:50.927+0000] {dag.py:3456} INFO - Setting next_dagrun for example_external_task_marker_parent to None, run_after=None
[2023-04-25T01:56:50.943+0000] {processor.py:175} INFO - Processing /home/airflow/.local/lib/python3.7/site-packages/airflow/example_dags/example_external_task_marker_dag.py took 0.074 seconds
[2023-04-25T01:57:21.672+0000] {processor.py:153} INFO - Started process (PID=909) to work on /home/airflow/.local/lib/python3.7/site-packages/airflow/example_dags/example_external_task_marker_dag.py
[2023-04-25T01:57:21.673+0000] {processor.py:743} INFO - Processing file /home/airflow/.local/lib/python3.7/site-packages/airflow/example_dags/example_external_task_marker_dag.py for tasks to queue
[2023-04-25T01:57:21.674+0000] {logging_mixin.py:137} INFO - [2023-04-25T01:57:21.674+0000] {dagbag.py:532} INFO - Filling up the DagBag from /home/airflow/.local/lib/python3.7/site-packages/airflow/example_dags/example_external_task_marker_dag.py
[2023-04-25T01:57:21.685+0000] {processor.py:753} INFO - DAG(s) dict_keys(['example_external_task_marker_child', 'example_external_task_marker_parent']) retrieved from /home/airflow/.local/lib/python3.7/site-packages/airflow/example_dags/example_external_task_marker_dag.py
[2023-04-25T01:57:21.707+0000] {logging_mixin.py:137} INFO - [2023-04-25T01:57:21.707+0000] {dag.py:2705} INFO - Sync 2 DAGs
[2023-04-25T01:57:21.725+0000] {logging_mixin.py:137} INFO - [2023-04-25T01:57:21.724+0000] {dag.py:3456} INFO - Setting next_dagrun for example_external_task_marker_child to None, run_after=None
[2023-04-25T01:57:21.727+0000] {logging_mixin.py:137} INFO - [2023-04-25T01:57:21.727+0000] {dag.py:3456} INFO - Setting next_dagrun for example_external_task_marker_parent to None, run_after=None
[2023-04-25T01:57:21.737+0000] {processor.py:175} INFO - Processing /home/airflow/.local/lib/python3.7/site-packages/airflow/example_dags/example_external_task_marker_dag.py took 0.068 seconds
[2023-04-25T01:57:52.334+0000] {processor.py:153} INFO - Started process (PID=959) to work on /home/airflow/.local/lib/python3.7/site-packages/airflow/example_dags/example_external_task_marker_dag.py
[2023-04-25T01:57:52.336+0000] {processor.py:743} INFO - Processing file /home/airflow/.local/lib/python3.7/site-packages/airflow/example_dags/example_external_task_marker_dag.py for tasks to queue
[2023-04-25T01:57:52.336+0000] {logging_mixin.py:137} INFO - [2023-04-25T01:57:52.336+0000] {dagbag.py:532} INFO - Filling up the DagBag from /home/airflow/.local/lib/python3.7/site-packages/airflow/example_dags/example_external_task_marker_dag.py
[2023-04-25T01:57:52.348+0000] {processor.py:753} INFO - DAG(s) dict_keys(['example_external_task_marker_parent', 'example_external_task_marker_child']) retrieved from /home/airflow/.local/lib/python3.7/site-packages/airflow/example_dags/example_external_task_marker_dag.py
[2023-04-25T01:57:52.376+0000] {logging_mixin.py:137} INFO - [2023-04-25T01:57:52.376+0000] {dag.py:2705} INFO - Sync 2 DAGs
[2023-04-25T01:57:52.395+0000] {logging_mixin.py:137} INFO - [2023-04-25T01:57:52.395+0000] {dag.py:3456} INFO - Setting next_dagrun for example_external_task_marker_child to None, run_after=None
[2023-04-25T01:57:52.398+0000] {logging_mixin.py:137} INFO - [2023-04-25T01:57:52.398+0000] {dag.py:3456} INFO - Setting next_dagrun for example_external_task_marker_parent to None, run_after=None
[2023-04-25T01:57:52.412+0000] {processor.py:175} INFO - Processing /home/airflow/.local/lib/python3.7/site-packages/airflow/example_dags/example_external_task_marker_dag.py took 0.080 seconds
[2023-04-25T01:58:22.586+0000] {processor.py:153} INFO - Started process (PID=1009) to work on /home/airflow/.local/lib/python3.7/site-packages/airflow/example_dags/example_external_task_marker_dag.py
[2023-04-25T01:58:22.588+0000] {processor.py:743} INFO - Processing file /home/airflow/.local/lib/python3.7/site-packages/airflow/example_dags/example_external_task_marker_dag.py for tasks to queue
[2023-04-25T01:58:22.589+0000] {logging_mixin.py:137} INFO - [2023-04-25T01:58:22.589+0000] {dagbag.py:532} INFO - Filling up the DagBag from /home/airflow/.local/lib/python3.7/site-packages/airflow/example_dags/example_external_task_marker_dag.py
[2023-04-25T01:58:22.600+0000] {processor.py:753} INFO - DAG(s) dict_keys(['example_external_task_marker_child', 'example_external_task_marker_parent']) retrieved from /home/airflow/.local/lib/python3.7/site-packages/airflow/example_dags/example_external_task_marker_dag.py
[2023-04-25T01:58:22.626+0000] {logging_mixin.py:137} INFO - [2023-04-25T01:58:22.626+0000] {dag.py:2705} INFO - Sync 2 DAGs
[2023-04-25T01:58:22.645+0000] {logging_mixin.py:137} INFO - [2023-04-25T01:58:22.645+0000] {dag.py:3456} INFO - Setting next_dagrun for example_external_task_marker_child to None, run_after=None
[2023-04-25T01:58:22.648+0000] {logging_mixin.py:137} INFO - [2023-04-25T01:58:22.648+0000] {dag.py:3456} INFO - Setting next_dagrun for example_external_task_marker_parent to None, run_after=None
[2023-04-25T01:58:22.659+0000] {processor.py:175} INFO - Processing /home/airflow/.local/lib/python3.7/site-packages/airflow/example_dags/example_external_task_marker_dag.py took 0.076 seconds
[2023-04-25T01:58:53.153+0000] {processor.py:153} INFO - Started process (PID=1059) to work on /home/airflow/.local/lib/python3.7/site-packages/airflow/example_dags/example_external_task_marker_dag.py
[2023-04-25T01:58:53.155+0000] {processor.py:743} INFO - Processing file /home/airflow/.local/lib/python3.7/site-packages/airflow/example_dags/example_external_task_marker_dag.py for tasks to queue
[2023-04-25T01:58:53.155+0000] {logging_mixin.py:137} INFO - [2023-04-25T01:58:53.155+0000] {dagbag.py:532} INFO - Filling up the DagBag from /home/airflow/.local/lib/python3.7/site-packages/airflow/example_dags/example_external_task_marker_dag.py
[2023-04-25T01:58:53.166+0000] {processor.py:753} INFO - DAG(s) dict_keys(['example_external_task_marker_parent', 'example_external_task_marker_child']) retrieved from /home/airflow/.local/lib/python3.7/site-packages/airflow/example_dags/example_external_task_marker_dag.py
[2023-04-25T01:58:53.189+0000] {logging_mixin.py:137} INFO - [2023-04-25T01:58:53.189+0000] {dag.py:2705} INFO - Sync 2 DAGs
[2023-04-25T01:58:53.206+0000] {logging_mixin.py:137} INFO - [2023-04-25T01:58:53.205+0000] {dag.py:3456} INFO - Setting next_dagrun for example_external_task_marker_child to None, run_after=None
[2023-04-25T01:58:53.208+0000] {logging_mixin.py:137} INFO - [2023-04-25T01:58:53.208+0000] {dag.py:3456} INFO - Setting next_dagrun for example_external_task_marker_parent to None, run_after=None
[2023-04-25T01:58:53.218+0000] {processor.py:175} INFO - Processing /home/airflow/.local/lib/python3.7/site-packages/airflow/example_dags/example_external_task_marker_dag.py took 0.068 seconds
[2023-04-25T01:59:23.753+0000] {processor.py:153} INFO - Started process (PID=1109) to work on /home/airflow/.local/lib/python3.7/site-packages/airflow/example_dags/example_external_task_marker_dag.py
[2023-04-25T01:59:23.754+0000] {processor.py:743} INFO - Processing file /home/airflow/.local/lib/python3.7/site-packages/airflow/example_dags/example_external_task_marker_dag.py for tasks to queue
[2023-04-25T01:59:23.755+0000] {logging_mixin.py:137} INFO - [2023-04-25T01:59:23.755+0000] {dagbag.py:532} INFO - Filling up the DagBag from /home/airflow/.local/lib/python3.7/site-packages/airflow/example_dags/example_external_task_marker_dag.py
[2023-04-25T01:59:23.765+0000] {processor.py:753} INFO - DAG(s) dict_keys(['example_external_task_marker_parent', 'example_external_task_marker_child']) retrieved from /home/airflow/.local/lib/python3.7/site-packages/airflow/example_dags/example_external_task_marker_dag.py
[2023-04-25T01:59:23.790+0000] {logging_mixin.py:137} INFO - [2023-04-25T01:59:23.790+0000] {dag.py:2705} INFO - Sync 2 DAGs
[2023-04-25T01:59:23.807+0000] {logging_mixin.py:137} INFO - [2023-04-25T01:59:23.807+0000] {dag.py:3456} INFO - Setting next_dagrun for example_external_task_marker_child to None, run_after=None
[2023-04-25T01:59:23.809+0000] {logging_mixin.py:137} INFO - [2023-04-25T01:59:23.809+0000] {dag.py:3456} INFO - Setting next_dagrun for example_external_task_marker_parent to None, run_after=None
[2023-04-25T01:59:23.819+0000] {processor.py:175} INFO - Processing /home/airflow/.local/lib/python3.7/site-packages/airflow/example_dags/example_external_task_marker_dag.py took 0.069 seconds
[2023-04-25T01:59:54.376+0000] {processor.py:153} INFO - Started process (PID=1159) to work on /home/airflow/.local/lib/python3.7/site-packages/airflow/example_dags/example_external_task_marker_dag.py
[2023-04-25T01:59:54.378+0000] {processor.py:743} INFO - Processing file /home/airflow/.local/lib/python3.7/site-packages/airflow/example_dags/example_external_task_marker_dag.py for tasks to queue
[2023-04-25T01:59:54.379+0000] {logging_mixin.py:137} INFO - [2023-04-25T01:59:54.378+0000] {dagbag.py:532} INFO - Filling up the DagBag from /home/airflow/.local/lib/python3.7/site-packages/airflow/example_dags/example_external_task_marker_dag.py
[2023-04-25T01:59:54.389+0000] {processor.py:753} INFO - DAG(s) dict_keys(['example_external_task_marker_parent', 'example_external_task_marker_child']) retrieved from /home/airflow/.local/lib/python3.7/site-packages/airflow/example_dags/example_external_task_marker_dag.py
[2023-04-25T01:59:54.412+0000] {logging_mixin.py:137} INFO - [2023-04-25T01:59:54.412+0000] {dag.py:2705} INFO - Sync 2 DAGs
[2023-04-25T01:59:54.429+0000] {logging_mixin.py:137} INFO - [2023-04-25T01:59:54.429+0000] {dag.py:3456} INFO - Setting next_dagrun for example_external_task_marker_child to None, run_after=None
[2023-04-25T01:59:54.432+0000] {logging_mixin.py:137} INFO - [2023-04-25T01:59:54.432+0000] {dag.py:3456} INFO - Setting next_dagrun for example_external_task_marker_parent to None, run_after=None
[2023-04-25T01:59:54.443+0000] {processor.py:175} INFO - Processing /home/airflow/.local/lib/python3.7/site-packages/airflow/example_dags/example_external_task_marker_dag.py took 0.069 seconds
[2023-04-25T02:00:25.009+0000] {processor.py:153} INFO - Started process (PID=1209) to work on /home/airflow/.local/lib/python3.7/site-packages/airflow/example_dags/example_external_task_marker_dag.py
[2023-04-25T02:00:25.010+0000] {processor.py:743} INFO - Processing file /home/airflow/.local/lib/python3.7/site-packages/airflow/example_dags/example_external_task_marker_dag.py for tasks to queue
[2023-04-25T02:00:25.011+0000] {logging_mixin.py:137} INFO - [2023-04-25T02:00:25.011+0000] {dagbag.py:532} INFO - Filling up the DagBag from /home/airflow/.local/lib/python3.7/site-packages/airflow/example_dags/example_external_task_marker_dag.py
[2023-04-25T02:00:25.022+0000] {processor.py:753} INFO - DAG(s) dict_keys(['example_external_task_marker_parent', 'example_external_task_marker_child']) retrieved from /home/airflow/.local/lib/python3.7/site-packages/airflow/example_dags/example_external_task_marker_dag.py
[2023-04-25T02:00:25.045+0000] {logging_mixin.py:137} INFO - [2023-04-25T02:00:25.045+0000] {dag.py:2705} INFO - Sync 2 DAGs
[2023-04-25T02:00:25.062+0000] {logging_mixin.py:137} INFO - [2023-04-25T02:00:25.062+0000] {dag.py:3456} INFO - Setting next_dagrun for example_external_task_marker_child to None, run_after=None
[2023-04-25T02:00:25.064+0000] {logging_mixin.py:137} INFO - [2023-04-25T02:00:25.064+0000] {dag.py:3456} INFO - Setting next_dagrun for example_external_task_marker_parent to None, run_after=None
[2023-04-25T02:00:25.075+0000] {processor.py:175} INFO - Processing /home/airflow/.local/lib/python3.7/site-packages/airflow/example_dags/example_external_task_marker_dag.py took 0.070 seconds
[2023-04-25T02:00:55.495+0000] {processor.py:153} INFO - Started process (PID=1259) to work on /home/airflow/.local/lib/python3.7/site-packages/airflow/example_dags/example_external_task_marker_dag.py
[2023-04-25T02:00:55.496+0000] {processor.py:743} INFO - Processing file /home/airflow/.local/lib/python3.7/site-packages/airflow/example_dags/example_external_task_marker_dag.py for tasks to queue
[2023-04-25T02:00:55.497+0000] {logging_mixin.py:137} INFO - [2023-04-25T02:00:55.497+0000] {dagbag.py:532} INFO - Filling up the DagBag from /home/airflow/.local/lib/python3.7/site-packages/airflow/example_dags/example_external_task_marker_dag.py
[2023-04-25T02:00:55.507+0000] {processor.py:753} INFO - DAG(s) dict_keys(['example_external_task_marker_child', 'example_external_task_marker_parent']) retrieved from /home/airflow/.local/lib/python3.7/site-packages/airflow/example_dags/example_external_task_marker_dag.py
[2023-04-25T02:00:55.531+0000] {logging_mixin.py:137} INFO - [2023-04-25T02:00:55.530+0000] {dag.py:2705} INFO - Sync 2 DAGs
[2023-04-25T02:00:55.548+0000] {logging_mixin.py:137} INFO - [2023-04-25T02:00:55.548+0000] {dag.py:3456} INFO - Setting next_dagrun for example_external_task_marker_child to None, run_after=None
[2023-04-25T02:00:55.551+0000] {logging_mixin.py:137} INFO - [2023-04-25T02:00:55.550+0000] {dag.py:3456} INFO - Setting next_dagrun for example_external_task_marker_parent to None, run_after=None
[2023-04-25T02:00:55.561+0000] {processor.py:175} INFO - Processing /home/airflow/.local/lib/python3.7/site-packages/airflow/example_dags/example_external_task_marker_dag.py took 0.069 seconds
[2023-04-25T02:01:26.165+0000] {processor.py:153} INFO - Started process (PID=1309) to work on /home/airflow/.local/lib/python3.7/site-packages/airflow/example_dags/example_external_task_marker_dag.py
[2023-04-25T02:01:26.167+0000] {processor.py:743} INFO - Processing file /home/airflow/.local/lib/python3.7/site-packages/airflow/example_dags/example_external_task_marker_dag.py for tasks to queue
[2023-04-25T02:01:26.168+0000] {logging_mixin.py:137} INFO - [2023-04-25T02:01:26.168+0000] {dagbag.py:532} INFO - Filling up the DagBag from /home/airflow/.local/lib/python3.7/site-packages/airflow/example_dags/example_external_task_marker_dag.py
[2023-04-25T02:01:26.179+0000] {processor.py:753} INFO - DAG(s) dict_keys(['example_external_task_marker_child', 'example_external_task_marker_parent']) retrieved from /home/airflow/.local/lib/python3.7/site-packages/airflow/example_dags/example_external_task_marker_dag.py
[2023-04-25T02:01:26.203+0000] {logging_mixin.py:137} INFO - [2023-04-25T02:01:26.203+0000] {dag.py:2705} INFO - Sync 2 DAGs
[2023-04-25T02:01:26.221+0000] {logging_mixin.py:137} INFO - [2023-04-25T02:01:26.220+0000] {dag.py:3456} INFO - Setting next_dagrun for example_external_task_marker_child to None, run_after=None
[2023-04-25T02:01:26.223+0000] {logging_mixin.py:137} INFO - [2023-04-25T02:01:26.223+0000] {dag.py:3456} INFO - Setting next_dagrun for example_external_task_marker_parent to None, run_after=None
[2023-04-25T02:01:26.233+0000] {processor.py:175} INFO - Processing /home/airflow/.local/lib/python3.7/site-packages/airflow/example_dags/example_external_task_marker_dag.py took 0.071 seconds
[2023-04-25T02:01:56.469+0000] {processor.py:153} INFO - Started process (PID=1358) to work on /home/airflow/.local/lib/python3.7/site-packages/airflow/example_dags/example_external_task_marker_dag.py
[2023-04-25T02:01:56.470+0000] {processor.py:743} INFO - Processing file /home/airflow/.local/lib/python3.7/site-packages/airflow/example_dags/example_external_task_marker_dag.py for tasks to queue
[2023-04-25T02:01:56.471+0000] {logging_mixin.py:137} INFO - [2023-04-25T02:01:56.471+0000] {dagbag.py:532} INFO - Filling up the DagBag from /home/airflow/.local/lib/python3.7/site-packages/airflow/example_dags/example_external_task_marker_dag.py
[2023-04-25T02:01:56.482+0000] {processor.py:753} INFO - DAG(s) dict_keys(['example_external_task_marker_parent', 'example_external_task_marker_child']) retrieved from /home/airflow/.local/lib/python3.7/site-packages/airflow/example_dags/example_external_task_marker_dag.py
[2023-04-25T02:01:56.506+0000] {logging_mixin.py:137} INFO - [2023-04-25T02:01:56.506+0000] {dag.py:2705} INFO - Sync 2 DAGs
[2023-04-25T02:01:56.523+0000] {logging_mixin.py:137} INFO - [2023-04-25T02:01:56.523+0000] {dag.py:3456} INFO - Setting next_dagrun for example_external_task_marker_child to None, run_after=None
[2023-04-25T02:01:56.526+0000] {logging_mixin.py:137} INFO - [2023-04-25T02:01:56.526+0000] {dag.py:3456} INFO - Setting next_dagrun for example_external_task_marker_parent to None, run_after=None
[2023-04-25T02:01:56.537+0000] {processor.py:175} INFO - Processing /home/airflow/.local/lib/python3.7/site-packages/airflow/example_dags/example_external_task_marker_dag.py took 0.071 seconds
[2023-04-25T02:02:27.058+0000] {processor.py:153} INFO - Started process (PID=1408) to work on /home/airflow/.local/lib/python3.7/site-packages/airflow/example_dags/example_external_task_marker_dag.py
[2023-04-25T02:02:27.059+0000] {processor.py:743} INFO - Processing file /home/airflow/.local/lib/python3.7/site-packages/airflow/example_dags/example_external_task_marker_dag.py for tasks to queue
[2023-04-25T02:02:27.060+0000] {logging_mixin.py:137} INFO - [2023-04-25T02:02:27.060+0000] {dagbag.py:532} INFO - Filling up the DagBag from /home/airflow/.local/lib/python3.7/site-packages/airflow/example_dags/example_external_task_marker_dag.py
[2023-04-25T02:02:27.070+0000] {processor.py:753} INFO - DAG(s) dict_keys(['example_external_task_marker_parent', 'example_external_task_marker_child']) retrieved from /home/airflow/.local/lib/python3.7/site-packages/airflow/example_dags/example_external_task_marker_dag.py
[2023-04-25T02:02:27.093+0000] {logging_mixin.py:137} INFO - [2023-04-25T02:02:27.093+0000] {dag.py:2705} INFO - Sync 2 DAGs
[2023-04-25T02:02:27.110+0000] {logging_mixin.py:137} INFO - [2023-04-25T02:02:27.110+0000] {dag.py:3456} INFO - Setting next_dagrun for example_external_task_marker_child to None, run_after=None
[2023-04-25T02:02:27.113+0000] {logging_mixin.py:137} INFO - [2023-04-25T02:02:27.113+0000] {dag.py:3456} INFO - Setting next_dagrun for example_external_task_marker_parent to None, run_after=None
[2023-04-25T02:02:27.122+0000] {processor.py:175} INFO - Processing /home/airflow/.local/lib/python3.7/site-packages/airflow/example_dags/example_external_task_marker_dag.py took 0.068 seconds
[2023-04-25T02:02:57.649+0000] {processor.py:153} INFO - Started process (PID=1458) to work on /home/airflow/.local/lib/python3.7/site-packages/airflow/example_dags/example_external_task_marker_dag.py
[2023-04-25T02:02:57.650+0000] {processor.py:743} INFO - Processing file /home/airflow/.local/lib/python3.7/site-packages/airflow/example_dags/example_external_task_marker_dag.py for tasks to queue
[2023-04-25T02:02:57.651+0000] {logging_mixin.py:137} INFO - [2023-04-25T02:02:57.651+0000] {dagbag.py:532} INFO - Filling up the DagBag from /home/airflow/.local/lib/python3.7/site-packages/airflow/example_dags/example_external_task_marker_dag.py
[2023-04-25T02:02:57.661+0000] {processor.py:753} INFO - DAG(s) dict_keys(['example_external_task_marker_parent', 'example_external_task_marker_child']) retrieved from /home/airflow/.local/lib/python3.7/site-packages/airflow/example_dags/example_external_task_marker_dag.py
[2023-04-25T02:02:57.684+0000] {logging_mixin.py:137} INFO - [2023-04-25T02:02:57.684+0000] {dag.py:2705} INFO - Sync 2 DAGs
[2023-04-25T02:02:57.701+0000] {logging_mixin.py:137} INFO - [2023-04-25T02:02:57.701+0000] {dag.py:3456} INFO - Setting next_dagrun for example_external_task_marker_child to None, run_after=None
[2023-04-25T02:02:57.703+0000] {logging_mixin.py:137} INFO - [2023-04-25T02:02:57.703+0000] {dag.py:3456} INFO - Setting next_dagrun for example_external_task_marker_parent to None, run_after=None
[2023-04-25T02:02:57.714+0000] {processor.py:175} INFO - Processing /home/airflow/.local/lib/python3.7/site-packages/airflow/example_dags/example_external_task_marker_dag.py took 0.068 seconds
