[2023-04-25T01:48:42.858+0000] {processor.py:153} INFO - Started process (PID=62) to work on /home/airflow/.local/lib/python3.7/site-packages/airflow/example_dags/example_sensors.py
[2023-04-25T01:48:42.860+0000] {processor.py:743} INFO - Processing file /home/airflow/.local/lib/python3.7/site-packages/airflow/example_dags/example_sensors.py for tasks to queue
[2023-04-25T01:48:42.861+0000] {logging_mixin.py:137} INFO - [2023-04-25T01:48:42.861+0000] {dagbag.py:532} INFO - Filling up the DagBag from /home/airflow/.local/lib/python3.7/site-packages/airflow/example_dags/example_sensors.py
[2023-04-25T01:48:42.898+0000] {processor.py:753} INFO - DAG(s) dict_keys(['example_sensors']) retrieved from /home/airflow/.local/lib/python3.7/site-packages/airflow/example_dags/example_sensors.py
[2023-04-25T01:48:42.929+0000] {logging_mixin.py:137} INFO - [2023-04-25T01:48:42.928+0000] {dag.py:2705} INFO - Sync 1 DAGs
[2023-04-25T01:48:42.997+0000] {logging_mixin.py:137} INFO - [2023-04-25T01:48:42.997+0000] {dag.py:3456} INFO - Setting next_dagrun for example_sensors to None, run_after=None
[2023-04-25T01:48:43.043+0000] {processor.py:175} INFO - Processing /home/airflow/.local/lib/python3.7/site-packages/airflow/example_dags/example_sensors.py took 0.189 seconds
[2023-04-25T01:49:13.090+0000] {processor.py:153} INFO - Started process (PID=111) to work on /home/airflow/.local/lib/python3.7/site-packages/airflow/example_dags/example_sensors.py
[2023-04-25T01:49:13.092+0000] {processor.py:743} INFO - Processing file /home/airflow/.local/lib/python3.7/site-packages/airflow/example_dags/example_sensors.py for tasks to queue
[2023-04-25T01:49:13.093+0000] {logging_mixin.py:137} INFO - [2023-04-25T01:49:13.093+0000] {dagbag.py:532} INFO - Filling up the DagBag from /home/airflow/.local/lib/python3.7/site-packages/airflow/example_dags/example_sensors.py
[2023-04-25T01:49:13.110+0000] {processor.py:753} INFO - DAG(s) dict_keys(['example_sensors']) retrieved from /home/airflow/.local/lib/python3.7/site-packages/airflow/example_dags/example_sensors.py
[2023-04-25T01:49:13.133+0000] {logging_mixin.py:137} INFO - [2023-04-25T01:49:13.133+0000] {dag.py:2705} INFO - Sync 1 DAGs
[2023-04-25T01:49:13.150+0000] {logging_mixin.py:137} INFO - [2023-04-25T01:49:13.150+0000] {dag.py:3456} INFO - Setting next_dagrun for example_sensors to None, run_after=None
[2023-04-25T01:49:13.163+0000] {processor.py:175} INFO - Processing /home/airflow/.local/lib/python3.7/site-packages/airflow/example_dags/example_sensors.py took 0.076 seconds
[2023-04-25T01:49:43.316+0000] {processor.py:153} INFO - Started process (PID=161) to work on /home/airflow/.local/lib/python3.7/site-packages/airflow/example_dags/example_sensors.py
[2023-04-25T01:49:43.318+0000] {processor.py:743} INFO - Processing file /home/airflow/.local/lib/python3.7/site-packages/airflow/example_dags/example_sensors.py for tasks to queue
[2023-04-25T01:49:43.319+0000] {logging_mixin.py:137} INFO - [2023-04-25T01:49:43.319+0000] {dagbag.py:532} INFO - Filling up the DagBag from /home/airflow/.local/lib/python3.7/site-packages/airflow/example_dags/example_sensors.py
[2023-04-25T01:49:43.342+0000] {processor.py:753} INFO - DAG(s) dict_keys(['example_sensors']) retrieved from /home/airflow/.local/lib/python3.7/site-packages/airflow/example_dags/example_sensors.py
[2023-04-25T01:49:43.391+0000] {logging_mixin.py:137} INFO - [2023-04-25T01:49:43.391+0000] {dag.py:2705} INFO - Sync 1 DAGs
[2023-04-25T01:49:43.429+0000] {logging_mixin.py:137} INFO - [2023-04-25T01:49:43.428+0000] {dag.py:3456} INFO - Setting next_dagrun for example_sensors to None, run_after=None
[2023-04-25T01:49:43.451+0000] {processor.py:175} INFO - Processing /home/airflow/.local/lib/python3.7/site-packages/airflow/example_dags/example_sensors.py took 0.148 seconds
[2023-04-25T01:50:13.774+0000] {processor.py:153} INFO - Started process (PID=211) to work on /home/airflow/.local/lib/python3.7/site-packages/airflow/example_dags/example_sensors.py
[2023-04-25T01:50:13.775+0000] {processor.py:743} INFO - Processing file /home/airflow/.local/lib/python3.7/site-packages/airflow/example_dags/example_sensors.py for tasks to queue
[2023-04-25T01:50:13.777+0000] {logging_mixin.py:137} INFO - [2023-04-25T01:50:13.777+0000] {dagbag.py:532} INFO - Filling up the DagBag from /home/airflow/.local/lib/python3.7/site-packages/airflow/example_dags/example_sensors.py
[2023-04-25T01:50:13.792+0000] {processor.py:753} INFO - DAG(s) dict_keys(['example_sensors']) retrieved from /home/airflow/.local/lib/python3.7/site-packages/airflow/example_dags/example_sensors.py
[2023-04-25T01:50:13.818+0000] {logging_mixin.py:137} INFO - [2023-04-25T01:50:13.818+0000] {dag.py:2705} INFO - Sync 1 DAGs
[2023-04-25T01:50:13.842+0000] {logging_mixin.py:137} INFO - [2023-04-25T01:50:13.841+0000] {dag.py:3456} INFO - Setting next_dagrun for example_sensors to None, run_after=None
[2023-04-25T01:50:13.854+0000] {processor.py:175} INFO - Processing /home/airflow/.local/lib/python3.7/site-packages/airflow/example_dags/example_sensors.py took 0.083 seconds
[2023-04-25T01:50:44.721+0000] {processor.py:153} INFO - Started process (PID=262) to work on /home/airflow/.local/lib/python3.7/site-packages/airflow/example_dags/example_sensors.py
[2023-04-25T01:50:44.723+0000] {processor.py:743} INFO - Processing file /home/airflow/.local/lib/python3.7/site-packages/airflow/example_dags/example_sensors.py for tasks to queue
[2023-04-25T01:50:44.724+0000] {logging_mixin.py:137} INFO - [2023-04-25T01:50:44.724+0000] {dagbag.py:532} INFO - Filling up the DagBag from /home/airflow/.local/lib/python3.7/site-packages/airflow/example_dags/example_sensors.py
[2023-04-25T01:50:44.748+0000] {processor.py:753} INFO - DAG(s) dict_keys(['example_sensors']) retrieved from /home/airflow/.local/lib/python3.7/site-packages/airflow/example_dags/example_sensors.py
[2023-04-25T01:50:44.776+0000] {logging_mixin.py:137} INFO - [2023-04-25T01:50:44.776+0000] {dag.py:2705} INFO - Sync 1 DAGs
[2023-04-25T01:50:44.797+0000] {logging_mixin.py:137} INFO - [2023-04-25T01:50:44.797+0000] {dag.py:3456} INFO - Setting next_dagrun for example_sensors to None, run_after=None
[2023-04-25T01:50:44.811+0000] {processor.py:175} INFO - Processing /home/airflow/.local/lib/python3.7/site-packages/airflow/example_dags/example_sensors.py took 0.098 seconds
[2023-04-25T01:51:15.753+0000] {processor.py:153} INFO - Started process (PID=312) to work on /home/airflow/.local/lib/python3.7/site-packages/airflow/example_dags/example_sensors.py
[2023-04-25T01:51:15.754+0000] {processor.py:743} INFO - Processing file /home/airflow/.local/lib/python3.7/site-packages/airflow/example_dags/example_sensors.py for tasks to queue
[2023-04-25T01:51:15.755+0000] {logging_mixin.py:137} INFO - [2023-04-25T01:51:15.755+0000] {dagbag.py:532} INFO - Filling up the DagBag from /home/airflow/.local/lib/python3.7/site-packages/airflow/example_dags/example_sensors.py
[2023-04-25T01:51:15.773+0000] {processor.py:753} INFO - DAG(s) dict_keys(['example_sensors']) retrieved from /home/airflow/.local/lib/python3.7/site-packages/airflow/example_dags/example_sensors.py
[2023-04-25T01:51:15.800+0000] {logging_mixin.py:137} INFO - [2023-04-25T01:51:15.800+0000] {dag.py:2705} INFO - Sync 1 DAGs
[2023-04-25T01:51:15.820+0000] {logging_mixin.py:137} INFO - [2023-04-25T01:51:15.820+0000] {dag.py:3456} INFO - Setting next_dagrun for example_sensors to None, run_after=None
[2023-04-25T01:51:15.834+0000] {processor.py:175} INFO - Processing /home/airflow/.local/lib/python3.7/site-packages/airflow/example_dags/example_sensors.py took 0.085 seconds
[2023-04-25T01:51:46.004+0000] {processor.py:153} INFO - Started process (PID=362) to work on /home/airflow/.local/lib/python3.7/site-packages/airflow/example_dags/example_sensors.py
[2023-04-25T01:51:46.005+0000] {processor.py:743} INFO - Processing file /home/airflow/.local/lib/python3.7/site-packages/airflow/example_dags/example_sensors.py for tasks to queue
[2023-04-25T01:51:46.006+0000] {logging_mixin.py:137} INFO - [2023-04-25T01:51:46.006+0000] {dagbag.py:532} INFO - Filling up the DagBag from /home/airflow/.local/lib/python3.7/site-packages/airflow/example_dags/example_sensors.py
[2023-04-25T01:51:46.022+0000] {processor.py:753} INFO - DAG(s) dict_keys(['example_sensors']) retrieved from /home/airflow/.local/lib/python3.7/site-packages/airflow/example_dags/example_sensors.py
[2023-04-25T01:51:46.045+0000] {logging_mixin.py:137} INFO - [2023-04-25T01:51:46.045+0000] {dag.py:2705} INFO - Sync 1 DAGs
[2023-04-25T01:51:46.062+0000] {logging_mixin.py:137} INFO - [2023-04-25T01:51:46.062+0000] {dag.py:3456} INFO - Setting next_dagrun for example_sensors to None, run_after=None
[2023-04-25T01:51:46.074+0000] {processor.py:175} INFO - Processing /home/airflow/.local/lib/python3.7/site-packages/airflow/example_dags/example_sensors.py took 0.073 seconds
[2023-04-25T01:52:16.648+0000] {processor.py:153} INFO - Started process (PID=413) to work on /home/airflow/.local/lib/python3.7/site-packages/airflow/example_dags/example_sensors.py
[2023-04-25T01:52:16.649+0000] {processor.py:743} INFO - Processing file /home/airflow/.local/lib/python3.7/site-packages/airflow/example_dags/example_sensors.py for tasks to queue
[2023-04-25T01:52:16.650+0000] {logging_mixin.py:137} INFO - [2023-04-25T01:52:16.649+0000] {dagbag.py:532} INFO - Filling up the DagBag from /home/airflow/.local/lib/python3.7/site-packages/airflow/example_dags/example_sensors.py
[2023-04-25T01:52:16.664+0000] {processor.py:753} INFO - DAG(s) dict_keys(['example_sensors']) retrieved from /home/airflow/.local/lib/python3.7/site-packages/airflow/example_dags/example_sensors.py
[2023-04-25T01:52:16.687+0000] {logging_mixin.py:137} INFO - [2023-04-25T01:52:16.687+0000] {dag.py:2705} INFO - Sync 1 DAGs
[2023-04-25T01:52:16.705+0000] {logging_mixin.py:137} INFO - [2023-04-25T01:52:16.705+0000] {dag.py:3456} INFO - Setting next_dagrun for example_sensors to None, run_after=None
[2023-04-25T01:52:16.717+0000] {processor.py:175} INFO - Processing /home/airflow/.local/lib/python3.7/site-packages/airflow/example_dags/example_sensors.py took 0.073 seconds
[2023-04-25T01:52:47.343+0000] {processor.py:153} INFO - Started process (PID=463) to work on /home/airflow/.local/lib/python3.7/site-packages/airflow/example_dags/example_sensors.py
[2023-04-25T01:52:47.345+0000] {processor.py:743} INFO - Processing file /home/airflow/.local/lib/python3.7/site-packages/airflow/example_dags/example_sensors.py for tasks to queue
[2023-04-25T01:52:47.346+0000] {logging_mixin.py:137} INFO - [2023-04-25T01:52:47.346+0000] {dagbag.py:532} INFO - Filling up the DagBag from /home/airflow/.local/lib/python3.7/site-packages/airflow/example_dags/example_sensors.py
[2023-04-25T01:52:47.360+0000] {processor.py:753} INFO - DAG(s) dict_keys(['example_sensors']) retrieved from /home/airflow/.local/lib/python3.7/site-packages/airflow/example_dags/example_sensors.py
[2023-04-25T01:52:47.385+0000] {logging_mixin.py:137} INFO - [2023-04-25T01:52:47.384+0000] {dag.py:2705} INFO - Sync 1 DAGs
[2023-04-25T01:52:47.403+0000] {logging_mixin.py:137} INFO - [2023-04-25T01:52:47.402+0000] {dag.py:3456} INFO - Setting next_dagrun for example_sensors to None, run_after=None
[2023-04-25T01:52:47.415+0000] {processor.py:175} INFO - Processing /home/airflow/.local/lib/python3.7/site-packages/airflow/example_dags/example_sensors.py took 0.074 seconds
[2023-04-25T01:53:17.857+0000] {processor.py:153} INFO - Started process (PID=513) to work on /home/airflow/.local/lib/python3.7/site-packages/airflow/example_dags/example_sensors.py
[2023-04-25T01:53:17.858+0000] {processor.py:743} INFO - Processing file /home/airflow/.local/lib/python3.7/site-packages/airflow/example_dags/example_sensors.py for tasks to queue
[2023-04-25T01:53:17.859+0000] {logging_mixin.py:137} INFO - [2023-04-25T01:53:17.859+0000] {dagbag.py:532} INFO - Filling up the DagBag from /home/airflow/.local/lib/python3.7/site-packages/airflow/example_dags/example_sensors.py
[2023-04-25T01:53:17.873+0000] {processor.py:753} INFO - DAG(s) dict_keys(['example_sensors']) retrieved from /home/airflow/.local/lib/python3.7/site-packages/airflow/example_dags/example_sensors.py
[2023-04-25T01:53:17.897+0000] {logging_mixin.py:137} INFO - [2023-04-25T01:53:17.897+0000] {dag.py:2705} INFO - Sync 1 DAGs
[2023-04-25T01:53:17.920+0000] {logging_mixin.py:137} INFO - [2023-04-25T01:53:17.919+0000] {dag.py:3456} INFO - Setting next_dagrun for example_sensors to None, run_after=None
[2023-04-25T01:53:17.941+0000] {processor.py:175} INFO - Processing /home/airflow/.local/lib/python3.7/site-packages/airflow/example_dags/example_sensors.py took 0.087 seconds
[2023-04-25T01:53:48.600+0000] {processor.py:153} INFO - Started process (PID=563) to work on /home/airflow/.local/lib/python3.7/site-packages/airflow/example_dags/example_sensors.py
[2023-04-25T01:53:48.601+0000] {processor.py:743} INFO - Processing file /home/airflow/.local/lib/python3.7/site-packages/airflow/example_dags/example_sensors.py for tasks to queue
[2023-04-25T01:53:48.602+0000] {logging_mixin.py:137} INFO - [2023-04-25T01:53:48.602+0000] {dagbag.py:532} INFO - Filling up the DagBag from /home/airflow/.local/lib/python3.7/site-packages/airflow/example_dags/example_sensors.py
[2023-04-25T01:53:48.620+0000] {processor.py:753} INFO - DAG(s) dict_keys(['example_sensors']) retrieved from /home/airflow/.local/lib/python3.7/site-packages/airflow/example_dags/example_sensors.py
[2023-04-25T01:53:48.653+0000] {logging_mixin.py:137} INFO - [2023-04-25T01:53:48.653+0000] {dag.py:2705} INFO - Sync 1 DAGs
[2023-04-25T01:53:48.674+0000] {logging_mixin.py:137} INFO - [2023-04-25T01:53:48.674+0000] {dag.py:3456} INFO - Setting next_dagrun for example_sensors to None, run_after=None
[2023-04-25T01:53:48.686+0000] {processor.py:175} INFO - Processing /home/airflow/.local/lib/python3.7/site-packages/airflow/example_dags/example_sensors.py took 0.090 seconds
[2023-04-25T01:54:19.215+0000] {processor.py:153} INFO - Started process (PID=613) to work on /home/airflow/.local/lib/python3.7/site-packages/airflow/example_dags/example_sensors.py
[2023-04-25T01:54:19.217+0000] {processor.py:743} INFO - Processing file /home/airflow/.local/lib/python3.7/site-packages/airflow/example_dags/example_sensors.py for tasks to queue
[2023-04-25T01:54:19.218+0000] {logging_mixin.py:137} INFO - [2023-04-25T01:54:19.218+0000] {dagbag.py:532} INFO - Filling up the DagBag from /home/airflow/.local/lib/python3.7/site-packages/airflow/example_dags/example_sensors.py
[2023-04-25T01:54:19.232+0000] {processor.py:753} INFO - DAG(s) dict_keys(['example_sensors']) retrieved from /home/airflow/.local/lib/python3.7/site-packages/airflow/example_dags/example_sensors.py
[2023-04-25T01:54:19.257+0000] {logging_mixin.py:137} INFO - [2023-04-25T01:54:19.257+0000] {dag.py:2705} INFO - Sync 1 DAGs
[2023-04-25T01:54:19.273+0000] {logging_mixin.py:137} INFO - [2023-04-25T01:54:19.273+0000] {dag.py:3456} INFO - Setting next_dagrun for example_sensors to None, run_after=None
[2023-04-25T01:54:19.292+0000] {processor.py:175} INFO - Processing /home/airflow/.local/lib/python3.7/site-packages/airflow/example_dags/example_sensors.py took 0.080 seconds
[2023-04-25T01:54:49.922+0000] {processor.py:153} INFO - Started process (PID=663) to work on /home/airflow/.local/lib/python3.7/site-packages/airflow/example_dags/example_sensors.py
[2023-04-25T01:54:49.924+0000] {processor.py:743} INFO - Processing file /home/airflow/.local/lib/python3.7/site-packages/airflow/example_dags/example_sensors.py for tasks to queue
[2023-04-25T01:54:49.924+0000] {logging_mixin.py:137} INFO - [2023-04-25T01:54:49.924+0000] {dagbag.py:532} INFO - Filling up the DagBag from /home/airflow/.local/lib/python3.7/site-packages/airflow/example_dags/example_sensors.py
[2023-04-25T01:54:49.940+0000] {processor.py:753} INFO - DAG(s) dict_keys(['example_sensors']) retrieved from /home/airflow/.local/lib/python3.7/site-packages/airflow/example_dags/example_sensors.py
[2023-04-25T01:54:49.967+0000] {logging_mixin.py:137} INFO - [2023-04-25T01:54:49.966+0000] {dag.py:2705} INFO - Sync 1 DAGs
[2023-04-25T01:54:49.986+0000] {logging_mixin.py:137} INFO - [2023-04-25T01:54:49.985+0000] {dag.py:3456} INFO - Setting next_dagrun for example_sensors to None, run_after=None
[2023-04-25T01:54:50.000+0000] {processor.py:175} INFO - Processing /home/airflow/.local/lib/python3.7/site-packages/airflow/example_dags/example_sensors.py took 0.081 seconds
[2023-04-25T01:55:20.477+0000] {processor.py:153} INFO - Started process (PID=713) to work on /home/airflow/.local/lib/python3.7/site-packages/airflow/example_dags/example_sensors.py
[2023-04-25T01:55:20.478+0000] {processor.py:743} INFO - Processing file /home/airflow/.local/lib/python3.7/site-packages/airflow/example_dags/example_sensors.py for tasks to queue
[2023-04-25T01:55:20.479+0000] {logging_mixin.py:137} INFO - [2023-04-25T01:55:20.479+0000] {dagbag.py:532} INFO - Filling up the DagBag from /home/airflow/.local/lib/python3.7/site-packages/airflow/example_dags/example_sensors.py
[2023-04-25T01:55:20.496+0000] {processor.py:753} INFO - DAG(s) dict_keys(['example_sensors']) retrieved from /home/airflow/.local/lib/python3.7/site-packages/airflow/example_dags/example_sensors.py
[2023-04-25T01:55:20.521+0000] {logging_mixin.py:137} INFO - [2023-04-25T01:55:20.521+0000] {dag.py:2705} INFO - Sync 1 DAGs
[2023-04-25T01:55:20.537+0000] {logging_mixin.py:137} INFO - [2023-04-25T01:55:20.537+0000] {dag.py:3456} INFO - Setting next_dagrun for example_sensors to None, run_after=None
[2023-04-25T01:55:20.550+0000] {processor.py:175} INFO - Processing /home/airflow/.local/lib/python3.7/site-packages/airflow/example_dags/example_sensors.py took 0.076 seconds
[2023-04-25T01:55:51.158+0000] {processor.py:153} INFO - Started process (PID=762) to work on /home/airflow/.local/lib/python3.7/site-packages/airflow/example_dags/example_sensors.py
[2023-04-25T01:55:51.159+0000] {processor.py:743} INFO - Processing file /home/airflow/.local/lib/python3.7/site-packages/airflow/example_dags/example_sensors.py for tasks to queue
[2023-04-25T01:55:51.160+0000] {logging_mixin.py:137} INFO - [2023-04-25T01:55:51.160+0000] {dagbag.py:532} INFO - Filling up the DagBag from /home/airflow/.local/lib/python3.7/site-packages/airflow/example_dags/example_sensors.py
[2023-04-25T01:55:51.175+0000] {processor.py:753} INFO - DAG(s) dict_keys(['example_sensors']) retrieved from /home/airflow/.local/lib/python3.7/site-packages/airflow/example_dags/example_sensors.py
[2023-04-25T01:55:51.198+0000] {logging_mixin.py:137} INFO - [2023-04-25T01:55:51.197+0000] {dag.py:2705} INFO - Sync 1 DAGs
[2023-04-25T01:55:51.214+0000] {logging_mixin.py:137} INFO - [2023-04-25T01:55:51.214+0000] {dag.py:3456} INFO - Setting next_dagrun for example_sensors to None, run_after=None
[2023-04-25T01:55:51.225+0000] {processor.py:175} INFO - Processing /home/airflow/.local/lib/python3.7/site-packages/airflow/example_dags/example_sensors.py took 0.070 seconds
[2023-04-25T01:56:21.500+0000] {processor.py:153} INFO - Started process (PID=812) to work on /home/airflow/.local/lib/python3.7/site-packages/airflow/example_dags/example_sensors.py
[2023-04-25T01:56:21.502+0000] {processor.py:743} INFO - Processing file /home/airflow/.local/lib/python3.7/site-packages/airflow/example_dags/example_sensors.py for tasks to queue
[2023-04-25T01:56:21.503+0000] {logging_mixin.py:137} INFO - [2023-04-25T01:56:21.503+0000] {dagbag.py:532} INFO - Filling up the DagBag from /home/airflow/.local/lib/python3.7/site-packages/airflow/example_dags/example_sensors.py
[2023-04-25T01:56:21.518+0000] {processor.py:753} INFO - DAG(s) dict_keys(['example_sensors']) retrieved from /home/airflow/.local/lib/python3.7/site-packages/airflow/example_dags/example_sensors.py
[2023-04-25T01:56:21.541+0000] {logging_mixin.py:137} INFO - [2023-04-25T01:56:21.541+0000] {dag.py:2705} INFO - Sync 1 DAGs
[2023-04-25T01:56:21.557+0000] {logging_mixin.py:137} INFO - [2023-04-25T01:56:21.557+0000] {dag.py:3456} INFO - Setting next_dagrun for example_sensors to None, run_after=None
[2023-04-25T01:56:21.569+0000] {processor.py:175} INFO - Processing /home/airflow/.local/lib/python3.7/site-packages/airflow/example_dags/example_sensors.py took 0.072 seconds
[2023-04-25T01:56:52.072+0000] {processor.py:153} INFO - Started process (PID=862) to work on /home/airflow/.local/lib/python3.7/site-packages/airflow/example_dags/example_sensors.py
[2023-04-25T01:56:52.074+0000] {processor.py:743} INFO - Processing file /home/airflow/.local/lib/python3.7/site-packages/airflow/example_dags/example_sensors.py for tasks to queue
[2023-04-25T01:56:52.075+0000] {logging_mixin.py:137} INFO - [2023-04-25T01:56:52.075+0000] {dagbag.py:532} INFO - Filling up the DagBag from /home/airflow/.local/lib/python3.7/site-packages/airflow/example_dags/example_sensors.py
[2023-04-25T01:56:52.090+0000] {processor.py:753} INFO - DAG(s) dict_keys(['example_sensors']) retrieved from /home/airflow/.local/lib/python3.7/site-packages/airflow/example_dags/example_sensors.py
[2023-04-25T01:56:52.118+0000] {logging_mixin.py:137} INFO - [2023-04-25T01:56:52.118+0000] {dag.py:2705} INFO - Sync 1 DAGs
[2023-04-25T01:56:52.134+0000] {logging_mixin.py:137} INFO - [2023-04-25T01:56:52.134+0000] {dag.py:3456} INFO - Setting next_dagrun for example_sensors to None, run_after=None
[2023-04-25T01:56:52.146+0000] {processor.py:175} INFO - Processing /home/airflow/.local/lib/python3.7/site-packages/airflow/example_dags/example_sensors.py took 0.078 seconds
[2023-04-25T01:57:22.880+0000] {processor.py:153} INFO - Started process (PID=912) to work on /home/airflow/.local/lib/python3.7/site-packages/airflow/example_dags/example_sensors.py
[2023-04-25T01:57:22.881+0000] {processor.py:743} INFO - Processing file /home/airflow/.local/lib/python3.7/site-packages/airflow/example_dags/example_sensors.py for tasks to queue
[2023-04-25T01:57:22.881+0000] {logging_mixin.py:137} INFO - [2023-04-25T01:57:22.881+0000] {dagbag.py:532} INFO - Filling up the DagBag from /home/airflow/.local/lib/python3.7/site-packages/airflow/example_dags/example_sensors.py
[2023-04-25T01:57:22.897+0000] {processor.py:753} INFO - DAG(s) dict_keys(['example_sensors']) retrieved from /home/airflow/.local/lib/python3.7/site-packages/airflow/example_dags/example_sensors.py
[2023-04-25T01:57:22.921+0000] {logging_mixin.py:137} INFO - [2023-04-25T01:57:22.920+0000] {dag.py:2705} INFO - Sync 1 DAGs
[2023-04-25T01:57:22.937+0000] {logging_mixin.py:137} INFO - [2023-04-25T01:57:22.937+0000] {dag.py:3456} INFO - Setting next_dagrun for example_sensors to None, run_after=None
[2023-04-25T01:57:22.949+0000] {processor.py:175} INFO - Processing /home/airflow/.local/lib/python3.7/site-packages/airflow/example_dags/example_sensors.py took 0.073 seconds
[2023-04-25T01:57:53.553+0000] {processor.py:153} INFO - Started process (PID=962) to work on /home/airflow/.local/lib/python3.7/site-packages/airflow/example_dags/example_sensors.py
[2023-04-25T01:57:53.555+0000] {processor.py:743} INFO - Processing file /home/airflow/.local/lib/python3.7/site-packages/airflow/example_dags/example_sensors.py for tasks to queue
[2023-04-25T01:57:53.555+0000] {logging_mixin.py:137} INFO - [2023-04-25T01:57:53.555+0000] {dagbag.py:532} INFO - Filling up the DagBag from /home/airflow/.local/lib/python3.7/site-packages/airflow/example_dags/example_sensors.py
[2023-04-25T01:57:53.571+0000] {processor.py:753} INFO - DAG(s) dict_keys(['example_sensors']) retrieved from /home/airflow/.local/lib/python3.7/site-packages/airflow/example_dags/example_sensors.py
[2023-04-25T01:57:53.594+0000] {logging_mixin.py:137} INFO - [2023-04-25T01:57:53.594+0000] {dag.py:2705} INFO - Sync 1 DAGs
[2023-04-25T01:57:53.610+0000] {logging_mixin.py:137} INFO - [2023-04-25T01:57:53.610+0000] {dag.py:3456} INFO - Setting next_dagrun for example_sensors to None, run_after=None
[2023-04-25T01:57:53.622+0000] {processor.py:175} INFO - Processing /home/airflow/.local/lib/python3.7/site-packages/airflow/example_dags/example_sensors.py took 0.072 seconds
[2023-04-25T01:58:23.801+0000] {processor.py:153} INFO - Started process (PID=1012) to work on /home/airflow/.local/lib/python3.7/site-packages/airflow/example_dags/example_sensors.py
[2023-04-25T01:58:23.802+0000] {processor.py:743} INFO - Processing file /home/airflow/.local/lib/python3.7/site-packages/airflow/example_dags/example_sensors.py for tasks to queue
[2023-04-25T01:58:23.803+0000] {logging_mixin.py:137} INFO - [2023-04-25T01:58:23.803+0000] {dagbag.py:532} INFO - Filling up the DagBag from /home/airflow/.local/lib/python3.7/site-packages/airflow/example_dags/example_sensors.py
[2023-04-25T01:58:23.819+0000] {processor.py:753} INFO - DAG(s) dict_keys(['example_sensors']) retrieved from /home/airflow/.local/lib/python3.7/site-packages/airflow/example_dags/example_sensors.py
[2023-04-25T01:58:23.845+0000] {logging_mixin.py:137} INFO - [2023-04-25T01:58:23.845+0000] {dag.py:2705} INFO - Sync 1 DAGs
[2023-04-25T01:58:23.862+0000] {logging_mixin.py:137} INFO - [2023-04-25T01:58:23.862+0000] {dag.py:3456} INFO - Setting next_dagrun for example_sensors to None, run_after=None
[2023-04-25T01:58:23.874+0000] {processor.py:175} INFO - Processing /home/airflow/.local/lib/python3.7/site-packages/airflow/example_dags/example_sensors.py took 0.076 seconds
[2023-04-25T01:58:54.336+0000] {processor.py:153} INFO - Started process (PID=1062) to work on /home/airflow/.local/lib/python3.7/site-packages/airflow/example_dags/example_sensors.py
[2023-04-25T01:58:54.337+0000] {processor.py:743} INFO - Processing file /home/airflow/.local/lib/python3.7/site-packages/airflow/example_dags/example_sensors.py for tasks to queue
[2023-04-25T01:58:54.338+0000] {logging_mixin.py:137} INFO - [2023-04-25T01:58:54.338+0000] {dagbag.py:532} INFO - Filling up the DagBag from /home/airflow/.local/lib/python3.7/site-packages/airflow/example_dags/example_sensors.py
[2023-04-25T01:58:54.353+0000] {processor.py:753} INFO - DAG(s) dict_keys(['example_sensors']) retrieved from /home/airflow/.local/lib/python3.7/site-packages/airflow/example_dags/example_sensors.py
[2023-04-25T01:58:54.376+0000] {logging_mixin.py:137} INFO - [2023-04-25T01:58:54.376+0000] {dag.py:2705} INFO - Sync 1 DAGs
[2023-04-25T01:58:54.392+0000] {logging_mixin.py:137} INFO - [2023-04-25T01:58:54.392+0000] {dag.py:3456} INFO - Setting next_dagrun for example_sensors to None, run_after=None
[2023-04-25T01:58:54.404+0000] {processor.py:175} INFO - Processing /home/airflow/.local/lib/python3.7/site-packages/airflow/example_dags/example_sensors.py took 0.071 seconds
[2023-04-25T01:59:24.959+0000] {processor.py:153} INFO - Started process (PID=1112) to work on /home/airflow/.local/lib/python3.7/site-packages/airflow/example_dags/example_sensors.py
[2023-04-25T01:59:24.960+0000] {processor.py:743} INFO - Processing file /home/airflow/.local/lib/python3.7/site-packages/airflow/example_dags/example_sensors.py for tasks to queue
[2023-04-25T01:59:24.961+0000] {logging_mixin.py:137} INFO - [2023-04-25T01:59:24.961+0000] {dagbag.py:532} INFO - Filling up the DagBag from /home/airflow/.local/lib/python3.7/site-packages/airflow/example_dags/example_sensors.py
[2023-04-25T01:59:24.976+0000] {processor.py:753} INFO - DAG(s) dict_keys(['example_sensors']) retrieved from /home/airflow/.local/lib/python3.7/site-packages/airflow/example_dags/example_sensors.py
[2023-04-25T01:59:24.999+0000] {logging_mixin.py:137} INFO - [2023-04-25T01:59:24.999+0000] {dag.py:2705} INFO - Sync 1 DAGs
[2023-04-25T01:59:25.015+0000] {logging_mixin.py:137} INFO - [2023-04-25T01:59:25.015+0000] {dag.py:3456} INFO - Setting next_dagrun for example_sensors to None, run_after=None
[2023-04-25T01:59:25.027+0000] {processor.py:175} INFO - Processing /home/airflow/.local/lib/python3.7/site-packages/airflow/example_dags/example_sensors.py took 0.071 seconds
[2023-04-25T01:59:55.577+0000] {processor.py:153} INFO - Started process (PID=1162) to work on /home/airflow/.local/lib/python3.7/site-packages/airflow/example_dags/example_sensors.py
[2023-04-25T01:59:55.578+0000] {processor.py:743} INFO - Processing file /home/airflow/.local/lib/python3.7/site-packages/airflow/example_dags/example_sensors.py for tasks to queue
[2023-04-25T01:59:55.579+0000] {logging_mixin.py:137} INFO - [2023-04-25T01:59:55.579+0000] {dagbag.py:532} INFO - Filling up the DagBag from /home/airflow/.local/lib/python3.7/site-packages/airflow/example_dags/example_sensors.py
[2023-04-25T01:59:55.593+0000] {processor.py:753} INFO - DAG(s) dict_keys(['example_sensors']) retrieved from /home/airflow/.local/lib/python3.7/site-packages/airflow/example_dags/example_sensors.py
[2023-04-25T01:59:55.616+0000] {logging_mixin.py:137} INFO - [2023-04-25T01:59:55.616+0000] {dag.py:2705} INFO - Sync 1 DAGs
[2023-04-25T01:59:55.633+0000] {logging_mixin.py:137} INFO - [2023-04-25T01:59:55.633+0000] {dag.py:3456} INFO - Setting next_dagrun for example_sensors to None, run_after=None
[2023-04-25T01:59:55.644+0000] {processor.py:175} INFO - Processing /home/airflow/.local/lib/python3.7/site-packages/airflow/example_dags/example_sensors.py took 0.070 seconds
[2023-04-25T02:00:26.206+0000] {processor.py:153} INFO - Started process (PID=1212) to work on /home/airflow/.local/lib/python3.7/site-packages/airflow/example_dags/example_sensors.py
[2023-04-25T02:00:26.207+0000] {processor.py:743} INFO - Processing file /home/airflow/.local/lib/python3.7/site-packages/airflow/example_dags/example_sensors.py for tasks to queue
[2023-04-25T02:00:26.208+0000] {logging_mixin.py:137} INFO - [2023-04-25T02:00:26.208+0000] {dagbag.py:532} INFO - Filling up the DagBag from /home/airflow/.local/lib/python3.7/site-packages/airflow/example_dags/example_sensors.py
[2023-04-25T02:00:26.223+0000] {processor.py:753} INFO - DAG(s) dict_keys(['example_sensors']) retrieved from /home/airflow/.local/lib/python3.7/site-packages/airflow/example_dags/example_sensors.py
[2023-04-25T02:00:26.247+0000] {logging_mixin.py:137} INFO - [2023-04-25T02:00:26.247+0000] {dag.py:2705} INFO - Sync 1 DAGs
[2023-04-25T02:00:26.266+0000] {logging_mixin.py:137} INFO - [2023-04-25T02:00:26.266+0000] {dag.py:3456} INFO - Setting next_dagrun for example_sensors to None, run_after=None
[2023-04-25T02:00:26.278+0000] {processor.py:175} INFO - Processing /home/airflow/.local/lib/python3.7/site-packages/airflow/example_dags/example_sensors.py took 0.076 seconds
[2023-04-25T02:00:56.701+0000] {processor.py:153} INFO - Started process (PID=1262) to work on /home/airflow/.local/lib/python3.7/site-packages/airflow/example_dags/example_sensors.py
[2023-04-25T02:00:56.702+0000] {processor.py:743} INFO - Processing file /home/airflow/.local/lib/python3.7/site-packages/airflow/example_dags/example_sensors.py for tasks to queue
[2023-04-25T02:00:56.703+0000] {logging_mixin.py:137} INFO - [2023-04-25T02:00:56.703+0000] {dagbag.py:532} INFO - Filling up the DagBag from /home/airflow/.local/lib/python3.7/site-packages/airflow/example_dags/example_sensors.py
[2023-04-25T02:00:56.719+0000] {processor.py:753} INFO - DAG(s) dict_keys(['example_sensors']) retrieved from /home/airflow/.local/lib/python3.7/site-packages/airflow/example_dags/example_sensors.py
[2023-04-25T02:00:56.744+0000] {logging_mixin.py:137} INFO - [2023-04-25T02:00:56.743+0000] {dag.py:2705} INFO - Sync 1 DAGs
[2023-04-25T02:00:56.760+0000] {logging_mixin.py:137} INFO - [2023-04-25T02:00:56.760+0000] {dag.py:3456} INFO - Setting next_dagrun for example_sensors to None, run_after=None
[2023-04-25T02:00:56.772+0000] {processor.py:175} INFO - Processing /home/airflow/.local/lib/python3.7/site-packages/airflow/example_dags/example_sensors.py took 0.075 seconds
[2023-04-25T02:01:27.381+0000] {processor.py:153} INFO - Started process (PID=1312) to work on /home/airflow/.local/lib/python3.7/site-packages/airflow/example_dags/example_sensors.py
[2023-04-25T02:01:27.382+0000] {processor.py:743} INFO - Processing file /home/airflow/.local/lib/python3.7/site-packages/airflow/example_dags/example_sensors.py for tasks to queue
[2023-04-25T02:01:27.383+0000] {logging_mixin.py:137} INFO - [2023-04-25T02:01:27.383+0000] {dagbag.py:532} INFO - Filling up the DagBag from /home/airflow/.local/lib/python3.7/site-packages/airflow/example_dags/example_sensors.py
[2023-04-25T02:01:27.399+0000] {processor.py:753} INFO - DAG(s) dict_keys(['example_sensors']) retrieved from /home/airflow/.local/lib/python3.7/site-packages/airflow/example_dags/example_sensors.py
[2023-04-25T02:01:27.424+0000] {logging_mixin.py:137} INFO - [2023-04-25T02:01:27.424+0000] {dag.py:2705} INFO - Sync 1 DAGs
[2023-04-25T02:01:27.441+0000] {logging_mixin.py:137} INFO - [2023-04-25T02:01:27.441+0000] {dag.py:3456} INFO - Setting next_dagrun for example_sensors to None, run_after=None
[2023-04-25T02:01:27.455+0000] {processor.py:175} INFO - Processing /home/airflow/.local/lib/python3.7/site-packages/airflow/example_dags/example_sensors.py took 0.077 seconds
[2023-04-25T02:01:57.649+0000] {processor.py:153} INFO - Started process (PID=1361) to work on /home/airflow/.local/lib/python3.7/site-packages/airflow/example_dags/example_sensors.py
[2023-04-25T02:01:57.650+0000] {processor.py:743} INFO - Processing file /home/airflow/.local/lib/python3.7/site-packages/airflow/example_dags/example_sensors.py for tasks to queue
[2023-04-25T02:01:57.651+0000] {logging_mixin.py:137} INFO - [2023-04-25T02:01:57.651+0000] {dagbag.py:532} INFO - Filling up the DagBag from /home/airflow/.local/lib/python3.7/site-packages/airflow/example_dags/example_sensors.py
[2023-04-25T02:01:57.667+0000] {processor.py:753} INFO - DAG(s) dict_keys(['example_sensors']) retrieved from /home/airflow/.local/lib/python3.7/site-packages/airflow/example_dags/example_sensors.py
[2023-04-25T02:01:57.691+0000] {logging_mixin.py:137} INFO - [2023-04-25T02:01:57.691+0000] {dag.py:2705} INFO - Sync 1 DAGs
[2023-04-25T02:01:57.708+0000] {logging_mixin.py:137} INFO - [2023-04-25T02:01:57.708+0000] {dag.py:3456} INFO - Setting next_dagrun for example_sensors to None, run_after=None
[2023-04-25T02:01:57.720+0000] {processor.py:175} INFO - Processing /home/airflow/.local/lib/python3.7/site-packages/airflow/example_dags/example_sensors.py took 0.074 seconds
[2023-04-25T02:02:28.263+0000] {processor.py:153} INFO - Started process (PID=1411) to work on /home/airflow/.local/lib/python3.7/site-packages/airflow/example_dags/example_sensors.py
[2023-04-25T02:02:28.264+0000] {processor.py:743} INFO - Processing file /home/airflow/.local/lib/python3.7/site-packages/airflow/example_dags/example_sensors.py for tasks to queue
[2023-04-25T02:02:28.265+0000] {logging_mixin.py:137} INFO - [2023-04-25T02:02:28.265+0000] {dagbag.py:532} INFO - Filling up the DagBag from /home/airflow/.local/lib/python3.7/site-packages/airflow/example_dags/example_sensors.py
[2023-04-25T02:02:28.281+0000] {processor.py:753} INFO - DAG(s) dict_keys(['example_sensors']) retrieved from /home/airflow/.local/lib/python3.7/site-packages/airflow/example_dags/example_sensors.py
[2023-04-25T02:02:28.303+0000] {logging_mixin.py:137} INFO - [2023-04-25T02:02:28.303+0000] {dag.py:2705} INFO - Sync 1 DAGs
[2023-04-25T02:02:28.319+0000] {logging_mixin.py:137} INFO - [2023-04-25T02:02:28.319+0000] {dag.py:3456} INFO - Setting next_dagrun for example_sensors to None, run_after=None
[2023-04-25T02:02:28.331+0000] {processor.py:175} INFO - Processing /home/airflow/.local/lib/python3.7/site-packages/airflow/example_dags/example_sensors.py took 0.071 seconds
[2023-04-25T02:02:58.871+0000] {processor.py:153} INFO - Started process (PID=1461) to work on /home/airflow/.local/lib/python3.7/site-packages/airflow/example_dags/example_sensors.py
[2023-04-25T02:02:58.873+0000] {processor.py:743} INFO - Processing file /home/airflow/.local/lib/python3.7/site-packages/airflow/example_dags/example_sensors.py for tasks to queue
[2023-04-25T02:02:58.874+0000] {logging_mixin.py:137} INFO - [2023-04-25T02:02:58.874+0000] {dagbag.py:532} INFO - Filling up the DagBag from /home/airflow/.local/lib/python3.7/site-packages/airflow/example_dags/example_sensors.py
[2023-04-25T02:02:58.891+0000] {processor.py:753} INFO - DAG(s) dict_keys(['example_sensors']) retrieved from /home/airflow/.local/lib/python3.7/site-packages/airflow/example_dags/example_sensors.py
[2023-04-25T02:02:58.918+0000] {logging_mixin.py:137} INFO - [2023-04-25T02:02:58.918+0000] {dag.py:2705} INFO - Sync 1 DAGs
[2023-04-25T02:02:58.935+0000] {logging_mixin.py:137} INFO - [2023-04-25T02:02:58.935+0000] {dag.py:3456} INFO - Setting next_dagrun for example_sensors to None, run_after=None
[2023-04-25T02:02:58.948+0000] {processor.py:175} INFO - Processing /home/airflow/.local/lib/python3.7/site-packages/airflow/example_dags/example_sensors.py took 0.081 seconds
