[2023-04-25T01:48:42.113+0000] {processor.py:153} INFO - Started process (PID=58) to work on /home/airflow/.local/lib/python3.7/site-packages/airflow/example_dags/example_xcom.py
[2023-04-25T01:48:42.129+0000] {processor.py:743} INFO - Processing file /home/airflow/.local/lib/python3.7/site-packages/airflow/example_dags/example_xcom.py for tasks to queue
[2023-04-25T01:48:42.132+0000] {logging_mixin.py:137} INFO - [2023-04-25T01:48:42.131+0000] {dagbag.py:532} INFO - Filling up the DagBag from /home/airflow/.local/lib/python3.7/site-packages/airflow/example_dags/example_xcom.py
[2023-04-25T01:48:42.206+0000] {processor.py:753} INFO - DAG(s) dict_keys(['example_xcom']) retrieved from /home/airflow/.local/lib/python3.7/site-packages/airflow/example_dags/example_xcom.py
[2023-04-25T01:48:42.251+0000] {logging_mixin.py:137} INFO - [2023-04-25T01:48:42.251+0000] {dag.py:2705} INFO - Sync 1 DAGs
[2023-04-25T01:48:42.288+0000] {logging_mixin.py:137} INFO - [2023-04-25T01:48:42.287+0000] {dag.py:3456} INFO - Setting next_dagrun for example_xcom to 2021-01-01T00:00:00+00:00, run_after=2021-01-01T00:00:00+00:00
[2023-04-25T01:48:42.332+0000] {processor.py:175} INFO - Processing /home/airflow/.local/lib/python3.7/site-packages/airflow/example_dags/example_xcom.py took 0.224 seconds
[2023-04-25T01:49:12.730+0000] {processor.py:153} INFO - Started process (PID=107) to work on /home/airflow/.local/lib/python3.7/site-packages/airflow/example_dags/example_xcom.py
[2023-04-25T01:49:12.731+0000] {processor.py:743} INFO - Processing file /home/airflow/.local/lib/python3.7/site-packages/airflow/example_dags/example_xcom.py for tasks to queue
[2023-04-25T01:49:12.733+0000] {logging_mixin.py:137} INFO - [2023-04-25T01:49:12.733+0000] {dagbag.py:532} INFO - Filling up the DagBag from /home/airflow/.local/lib/python3.7/site-packages/airflow/example_dags/example_xcom.py
[2023-04-25T01:49:12.786+0000] {processor.py:753} INFO - DAG(s) dict_keys(['example_xcom']) retrieved from /home/airflow/.local/lib/python3.7/site-packages/airflow/example_dags/example_xcom.py
[2023-04-25T01:49:12.834+0000] {logging_mixin.py:137} INFO - [2023-04-25T01:49:12.834+0000] {dag.py:2705} INFO - Sync 1 DAGs
[2023-04-25T01:49:12.863+0000] {logging_mixin.py:137} INFO - [2023-04-25T01:49:12.862+0000] {dag.py:3456} INFO - Setting next_dagrun for example_xcom to 2021-01-01T00:00:00+00:00, run_after=2021-01-01T00:00:00+00:00
[2023-04-25T01:49:12.884+0000] {processor.py:175} INFO - Processing /home/airflow/.local/lib/python3.7/site-packages/airflow/example_dags/example_xcom.py took 0.160 seconds
[2023-04-25T01:49:43.043+0000] {processor.py:153} INFO - Started process (PID=157) to work on /home/airflow/.local/lib/python3.7/site-packages/airflow/example_dags/example_xcom.py
[2023-04-25T01:49:43.045+0000] {processor.py:743} INFO - Processing file /home/airflow/.local/lib/python3.7/site-packages/airflow/example_dags/example_xcom.py for tasks to queue
[2023-04-25T01:49:43.051+0000] {logging_mixin.py:137} INFO - [2023-04-25T01:49:43.051+0000] {dagbag.py:532} INFO - Filling up the DagBag from /home/airflow/.local/lib/python3.7/site-packages/airflow/example_dags/example_xcom.py
[2023-04-25T01:49:43.074+0000] {processor.py:753} INFO - DAG(s) dict_keys(['example_xcom']) retrieved from /home/airflow/.local/lib/python3.7/site-packages/airflow/example_dags/example_xcom.py
[2023-04-25T01:49:43.106+0000] {logging_mixin.py:137} INFO - [2023-04-25T01:49:43.106+0000] {dag.py:2705} INFO - Sync 1 DAGs
[2023-04-25T01:49:43.126+0000] {logging_mixin.py:137} INFO - [2023-04-25T01:49:43.126+0000] {dag.py:3456} INFO - Setting next_dagrun for example_xcom to 2021-01-01T00:00:00+00:00, run_after=2021-01-01T00:00:00+00:00
[2023-04-25T01:49:43.140+0000] {processor.py:175} INFO - Processing /home/airflow/.local/lib/python3.7/site-packages/airflow/example_dags/example_xcom.py took 0.101 seconds
[2023-04-25T01:50:13.563+0000] {processor.py:153} INFO - Started process (PID=207) to work on /home/airflow/.local/lib/python3.7/site-packages/airflow/example_dags/example_xcom.py
[2023-04-25T01:50:13.564+0000] {processor.py:743} INFO - Processing file /home/airflow/.local/lib/python3.7/site-packages/airflow/example_dags/example_xcom.py for tasks to queue
[2023-04-25T01:50:13.565+0000] {logging_mixin.py:137} INFO - [2023-04-25T01:50:13.565+0000] {dagbag.py:532} INFO - Filling up the DagBag from /home/airflow/.local/lib/python3.7/site-packages/airflow/example_dags/example_xcom.py
[2023-04-25T01:50:13.583+0000] {processor.py:753} INFO - DAG(s) dict_keys(['example_xcom']) retrieved from /home/airflow/.local/lib/python3.7/site-packages/airflow/example_dags/example_xcom.py
[2023-04-25T01:50:13.605+0000] {logging_mixin.py:137} INFO - [2023-04-25T01:50:13.605+0000] {dag.py:2705} INFO - Sync 1 DAGs
[2023-04-25T01:50:13.621+0000] {logging_mixin.py:137} INFO - [2023-04-25T01:50:13.621+0000] {dag.py:3456} INFO - Setting next_dagrun for example_xcom to 2021-01-01T00:00:00+00:00, run_after=2021-01-01T00:00:00+00:00
[2023-04-25T01:50:13.633+0000] {processor.py:175} INFO - Processing /home/airflow/.local/lib/python3.7/site-packages/airflow/example_dags/example_xcom.py took 0.074 seconds
[2023-04-25T01:50:44.470+0000] {processor.py:153} INFO - Started process (PID=258) to work on /home/airflow/.local/lib/python3.7/site-packages/airflow/example_dags/example_xcom.py
[2023-04-25T01:50:44.471+0000] {processor.py:743} INFO - Processing file /home/airflow/.local/lib/python3.7/site-packages/airflow/example_dags/example_xcom.py for tasks to queue
[2023-04-25T01:50:44.472+0000] {logging_mixin.py:137} INFO - [2023-04-25T01:50:44.472+0000] {dagbag.py:532} INFO - Filling up the DagBag from /home/airflow/.local/lib/python3.7/site-packages/airflow/example_dags/example_xcom.py
[2023-04-25T01:50:44.489+0000] {processor.py:753} INFO - DAG(s) dict_keys(['example_xcom']) retrieved from /home/airflow/.local/lib/python3.7/site-packages/airflow/example_dags/example_xcom.py
[2023-04-25T01:50:44.514+0000] {logging_mixin.py:137} INFO - [2023-04-25T01:50:44.514+0000] {dag.py:2705} INFO - Sync 1 DAGs
[2023-04-25T01:50:44.542+0000] {logging_mixin.py:137} INFO - [2023-04-25T01:50:44.541+0000] {dag.py:3456} INFO - Setting next_dagrun for example_xcom to 2021-01-01T00:00:00+00:00, run_after=2021-01-01T00:00:00+00:00
[2023-04-25T01:50:44.559+0000] {processor.py:175} INFO - Processing /home/airflow/.local/lib/python3.7/site-packages/airflow/example_dags/example_xcom.py took 0.093 seconds
[2023-04-25T01:51:14.597+0000] {processor.py:153} INFO - Started process (PID=308) to work on /home/airflow/.local/lib/python3.7/site-packages/airflow/example_dags/example_xcom.py
[2023-04-25T01:51:14.598+0000] {processor.py:743} INFO - Processing file /home/airflow/.local/lib/python3.7/site-packages/airflow/example_dags/example_xcom.py for tasks to queue
[2023-04-25T01:51:14.599+0000] {logging_mixin.py:137} INFO - [2023-04-25T01:51:14.599+0000] {dagbag.py:532} INFO - Filling up the DagBag from /home/airflow/.local/lib/python3.7/site-packages/airflow/example_dags/example_xcom.py
[2023-04-25T01:51:14.616+0000] {processor.py:753} INFO - DAG(s) dict_keys(['example_xcom']) retrieved from /home/airflow/.local/lib/python3.7/site-packages/airflow/example_dags/example_xcom.py
[2023-04-25T01:51:14.637+0000] {logging_mixin.py:137} INFO - [2023-04-25T01:51:14.637+0000] {dag.py:2705} INFO - Sync 1 DAGs
[2023-04-25T01:51:14.653+0000] {logging_mixin.py:137} INFO - [2023-04-25T01:51:14.653+0000] {dag.py:3456} INFO - Setting next_dagrun for example_xcom to 2021-01-01T00:00:00+00:00, run_after=2021-01-01T00:00:00+00:00
[2023-04-25T01:51:14.666+0000] {processor.py:175} INFO - Processing /home/airflow/.local/lib/python3.7/site-packages/airflow/example_dags/example_xcom.py took 0.072 seconds
[2023-04-25T01:51:44.794+0000] {processor.py:153} INFO - Started process (PID=358) to work on /home/airflow/.local/lib/python3.7/site-packages/airflow/example_dags/example_xcom.py
[2023-04-25T01:51:44.796+0000] {processor.py:743} INFO - Processing file /home/airflow/.local/lib/python3.7/site-packages/airflow/example_dags/example_xcom.py for tasks to queue
[2023-04-25T01:51:44.797+0000] {logging_mixin.py:137} INFO - [2023-04-25T01:51:44.797+0000] {dagbag.py:532} INFO - Filling up the DagBag from /home/airflow/.local/lib/python3.7/site-packages/airflow/example_dags/example_xcom.py
[2023-04-25T01:51:44.814+0000] {processor.py:753} INFO - DAG(s) dict_keys(['example_xcom']) retrieved from /home/airflow/.local/lib/python3.7/site-packages/airflow/example_dags/example_xcom.py
[2023-04-25T01:51:44.836+0000] {logging_mixin.py:137} INFO - [2023-04-25T01:51:44.836+0000] {dag.py:2705} INFO - Sync 1 DAGs
[2023-04-25T01:51:44.852+0000] {logging_mixin.py:137} INFO - [2023-04-25T01:51:44.852+0000] {dag.py:3456} INFO - Setting next_dagrun for example_xcom to 2021-01-01T00:00:00+00:00, run_after=2021-01-01T00:00:00+00:00
[2023-04-25T01:51:44.864+0000] {processor.py:175} INFO - Processing /home/airflow/.local/lib/python3.7/site-packages/airflow/example_dags/example_xcom.py took 0.073 seconds
[2023-04-25T01:52:15.435+0000] {processor.py:153} INFO - Started process (PID=409) to work on /home/airflow/.local/lib/python3.7/site-packages/airflow/example_dags/example_xcom.py
[2023-04-25T01:52:15.437+0000] {processor.py:743} INFO - Processing file /home/airflow/.local/lib/python3.7/site-packages/airflow/example_dags/example_xcom.py for tasks to queue
[2023-04-25T01:52:15.438+0000] {logging_mixin.py:137} INFO - [2023-04-25T01:52:15.438+0000] {dagbag.py:532} INFO - Filling up the DagBag from /home/airflow/.local/lib/python3.7/site-packages/airflow/example_dags/example_xcom.py
[2023-04-25T01:52:15.457+0000] {processor.py:753} INFO - DAG(s) dict_keys(['example_xcom']) retrieved from /home/airflow/.local/lib/python3.7/site-packages/airflow/example_dags/example_xcom.py
[2023-04-25T01:52:15.480+0000] {logging_mixin.py:137} INFO - [2023-04-25T01:52:15.480+0000] {dag.py:2705} INFO - Sync 1 DAGs
[2023-04-25T01:52:15.495+0000] {logging_mixin.py:137} INFO - [2023-04-25T01:52:15.495+0000] {dag.py:3456} INFO - Setting next_dagrun for example_xcom to 2021-01-01T00:00:00+00:00, run_after=2021-01-01T00:00:00+00:00
[2023-04-25T01:52:15.506+0000] {processor.py:175} INFO - Processing /home/airflow/.local/lib/python3.7/site-packages/airflow/example_dags/example_xcom.py took 0.074 seconds
[2023-04-25T01:52:46.132+0000] {processor.py:153} INFO - Started process (PID=459) to work on /home/airflow/.local/lib/python3.7/site-packages/airflow/example_dags/example_xcom.py
[2023-04-25T01:52:46.133+0000] {processor.py:743} INFO - Processing file /home/airflow/.local/lib/python3.7/site-packages/airflow/example_dags/example_xcom.py for tasks to queue
[2023-04-25T01:52:46.134+0000] {logging_mixin.py:137} INFO - [2023-04-25T01:52:46.134+0000] {dagbag.py:532} INFO - Filling up the DagBag from /home/airflow/.local/lib/python3.7/site-packages/airflow/example_dags/example_xcom.py
[2023-04-25T01:52:46.152+0000] {processor.py:753} INFO - DAG(s) dict_keys(['example_xcom']) retrieved from /home/airflow/.local/lib/python3.7/site-packages/airflow/example_dags/example_xcom.py
[2023-04-25T01:52:46.179+0000] {logging_mixin.py:137} INFO - [2023-04-25T01:52:46.178+0000] {dag.py:2705} INFO - Sync 1 DAGs
[2023-04-25T01:52:46.197+0000] {logging_mixin.py:137} INFO - [2023-04-25T01:52:46.197+0000] {dag.py:3456} INFO - Setting next_dagrun for example_xcom to 2021-01-01T00:00:00+00:00, run_after=2021-01-01T00:00:00+00:00
[2023-04-25T01:52:46.211+0000] {processor.py:175} INFO - Processing /home/airflow/.local/lib/python3.7/site-packages/airflow/example_dags/example_xcom.py took 0.082 seconds
[2023-04-25T01:53:16.657+0000] {processor.py:153} INFO - Started process (PID=509) to work on /home/airflow/.local/lib/python3.7/site-packages/airflow/example_dags/example_xcom.py
[2023-04-25T01:53:16.658+0000] {processor.py:743} INFO - Processing file /home/airflow/.local/lib/python3.7/site-packages/airflow/example_dags/example_xcom.py for tasks to queue
[2023-04-25T01:53:16.659+0000] {logging_mixin.py:137} INFO - [2023-04-25T01:53:16.659+0000] {dagbag.py:532} INFO - Filling up the DagBag from /home/airflow/.local/lib/python3.7/site-packages/airflow/example_dags/example_xcom.py
[2023-04-25T01:53:16.676+0000] {processor.py:753} INFO - DAG(s) dict_keys(['example_xcom']) retrieved from /home/airflow/.local/lib/python3.7/site-packages/airflow/example_dags/example_xcom.py
[2023-04-25T01:53:16.702+0000] {logging_mixin.py:137} INFO - [2023-04-25T01:53:16.702+0000] {dag.py:2705} INFO - Sync 1 DAGs
[2023-04-25T01:53:16.721+0000] {logging_mixin.py:137} INFO - [2023-04-25T01:53:16.720+0000] {dag.py:3456} INFO - Setting next_dagrun for example_xcom to 2021-01-01T00:00:00+00:00, run_after=2021-01-01T00:00:00+00:00
[2023-04-25T01:53:16.736+0000] {processor.py:175} INFO - Processing /home/airflow/.local/lib/python3.7/site-packages/airflow/example_dags/example_xcom.py took 0.083 seconds
[2023-04-25T01:53:47.296+0000] {processor.py:153} INFO - Started process (PID=559) to work on /home/airflow/.local/lib/python3.7/site-packages/airflow/example_dags/example_xcom.py
[2023-04-25T01:53:47.297+0000] {processor.py:743} INFO - Processing file /home/airflow/.local/lib/python3.7/site-packages/airflow/example_dags/example_xcom.py for tasks to queue
[2023-04-25T01:53:47.298+0000] {logging_mixin.py:137} INFO - [2023-04-25T01:53:47.298+0000] {dagbag.py:532} INFO - Filling up the DagBag from /home/airflow/.local/lib/python3.7/site-packages/airflow/example_dags/example_xcom.py
[2023-04-25T01:53:47.316+0000] {processor.py:753} INFO - DAG(s) dict_keys(['example_xcom']) retrieved from /home/airflow/.local/lib/python3.7/site-packages/airflow/example_dags/example_xcom.py
[2023-04-25T01:53:47.340+0000] {logging_mixin.py:137} INFO - [2023-04-25T01:53:47.339+0000] {dag.py:2705} INFO - Sync 1 DAGs
[2023-04-25T01:53:47.358+0000] {logging_mixin.py:137} INFO - [2023-04-25T01:53:47.358+0000] {dag.py:3456} INFO - Setting next_dagrun for example_xcom to 2021-01-01T00:00:00+00:00, run_after=2021-01-01T00:00:00+00:00
[2023-04-25T01:53:47.371+0000] {processor.py:175} INFO - Processing /home/airflow/.local/lib/python3.7/site-packages/airflow/example_dags/example_xcom.py took 0.079 seconds
[2023-04-25T01:54:17.983+0000] {processor.py:153} INFO - Started process (PID=609) to work on /home/airflow/.local/lib/python3.7/site-packages/airflow/example_dags/example_xcom.py
[2023-04-25T01:54:17.985+0000] {processor.py:743} INFO - Processing file /home/airflow/.local/lib/python3.7/site-packages/airflow/example_dags/example_xcom.py for tasks to queue
[2023-04-25T01:54:17.985+0000] {logging_mixin.py:137} INFO - [2023-04-25T01:54:17.985+0000] {dagbag.py:532} INFO - Filling up the DagBag from /home/airflow/.local/lib/python3.7/site-packages/airflow/example_dags/example_xcom.py
[2023-04-25T01:54:18.002+0000] {processor.py:753} INFO - DAG(s) dict_keys(['example_xcom']) retrieved from /home/airflow/.local/lib/python3.7/site-packages/airflow/example_dags/example_xcom.py
[2023-04-25T01:54:18.025+0000] {logging_mixin.py:137} INFO - [2023-04-25T01:54:18.025+0000] {dag.py:2705} INFO - Sync 1 DAGs
[2023-04-25T01:54:18.042+0000] {logging_mixin.py:137} INFO - [2023-04-25T01:54:18.042+0000] {dag.py:3456} INFO - Setting next_dagrun for example_xcom to 2021-01-01T00:00:00+00:00, run_after=2021-01-01T00:00:00+00:00
[2023-04-25T01:54:18.054+0000] {processor.py:175} INFO - Processing /home/airflow/.local/lib/python3.7/site-packages/airflow/example_dags/example_xcom.py took 0.074 seconds
[2023-04-25T01:54:48.675+0000] {processor.py:153} INFO - Started process (PID=659) to work on /home/airflow/.local/lib/python3.7/site-packages/airflow/example_dags/example_xcom.py
[2023-04-25T01:54:48.676+0000] {processor.py:743} INFO - Processing file /home/airflow/.local/lib/python3.7/site-packages/airflow/example_dags/example_xcom.py for tasks to queue
[2023-04-25T01:54:48.677+0000] {logging_mixin.py:137} INFO - [2023-04-25T01:54:48.677+0000] {dagbag.py:532} INFO - Filling up the DagBag from /home/airflow/.local/lib/python3.7/site-packages/airflow/example_dags/example_xcom.py
[2023-04-25T01:54:48.696+0000] {processor.py:753} INFO - DAG(s) dict_keys(['example_xcom']) retrieved from /home/airflow/.local/lib/python3.7/site-packages/airflow/example_dags/example_xcom.py
[2023-04-25T01:54:48.722+0000] {logging_mixin.py:137} INFO - [2023-04-25T01:54:48.722+0000] {dag.py:2705} INFO - Sync 1 DAGs
[2023-04-25T01:54:48.741+0000] {logging_mixin.py:137} INFO - [2023-04-25T01:54:48.741+0000] {dag.py:3456} INFO - Setting next_dagrun for example_xcom to 2021-01-01T00:00:00+00:00, run_after=2021-01-01T00:00:00+00:00
[2023-04-25T01:54:48.755+0000] {processor.py:175} INFO - Processing /home/airflow/.local/lib/python3.7/site-packages/airflow/example_dags/example_xcom.py took 0.083 seconds
[2023-04-25T01:55:19.186+0000] {processor.py:153} INFO - Started process (PID=709) to work on /home/airflow/.local/lib/python3.7/site-packages/airflow/example_dags/example_xcom.py
[2023-04-25T01:55:19.188+0000] {processor.py:743} INFO - Processing file /home/airflow/.local/lib/python3.7/site-packages/airflow/example_dags/example_xcom.py for tasks to queue
[2023-04-25T01:55:19.189+0000] {logging_mixin.py:137} INFO - [2023-04-25T01:55:19.189+0000] {dagbag.py:532} INFO - Filling up the DagBag from /home/airflow/.local/lib/python3.7/site-packages/airflow/example_dags/example_xcom.py
[2023-04-25T01:55:19.207+0000] {processor.py:753} INFO - DAG(s) dict_keys(['example_xcom']) retrieved from /home/airflow/.local/lib/python3.7/site-packages/airflow/example_dags/example_xcom.py
[2023-04-25T01:55:19.232+0000] {logging_mixin.py:137} INFO - [2023-04-25T01:55:19.232+0000] {dag.py:2705} INFO - Sync 1 DAGs
[2023-04-25T01:55:19.251+0000] {logging_mixin.py:137} INFO - [2023-04-25T01:55:19.251+0000] {dag.py:3456} INFO - Setting next_dagrun for example_xcom to 2021-01-01T00:00:00+00:00, run_after=2021-01-01T00:00:00+00:00
[2023-04-25T01:55:19.264+0000] {processor.py:175} INFO - Processing /home/airflow/.local/lib/python3.7/site-packages/airflow/example_dags/example_xcom.py took 0.080 seconds
[2023-04-25T01:55:49.928+0000] {processor.py:153} INFO - Started process (PID=758) to work on /home/airflow/.local/lib/python3.7/site-packages/airflow/example_dags/example_xcom.py
[2023-04-25T01:55:49.929+0000] {processor.py:743} INFO - Processing file /home/airflow/.local/lib/python3.7/site-packages/airflow/example_dags/example_xcom.py for tasks to queue
[2023-04-25T01:55:49.930+0000] {logging_mixin.py:137} INFO - [2023-04-25T01:55:49.930+0000] {dagbag.py:532} INFO - Filling up the DagBag from /home/airflow/.local/lib/python3.7/site-packages/airflow/example_dags/example_xcom.py
[2023-04-25T01:55:49.946+0000] {processor.py:753} INFO - DAG(s) dict_keys(['example_xcom']) retrieved from /home/airflow/.local/lib/python3.7/site-packages/airflow/example_dags/example_xcom.py
[2023-04-25T01:55:49.969+0000] {logging_mixin.py:137} INFO - [2023-04-25T01:55:49.969+0000] {dag.py:2705} INFO - Sync 1 DAGs
[2023-04-25T01:55:49.986+0000] {logging_mixin.py:137} INFO - [2023-04-25T01:55:49.986+0000] {dag.py:3456} INFO - Setting next_dagrun for example_xcom to 2021-01-01T00:00:00+00:00, run_after=2021-01-01T00:00:00+00:00
[2023-04-25T01:55:49.998+0000] {processor.py:175} INFO - Processing /home/airflow/.local/lib/python3.7/site-packages/airflow/example_dags/example_xcom.py took 0.073 seconds
[2023-04-25T01:56:20.268+0000] {processor.py:153} INFO - Started process (PID=808) to work on /home/airflow/.local/lib/python3.7/site-packages/airflow/example_dags/example_xcom.py
[2023-04-25T01:56:20.269+0000] {processor.py:743} INFO - Processing file /home/airflow/.local/lib/python3.7/site-packages/airflow/example_dags/example_xcom.py for tasks to queue
[2023-04-25T01:56:20.270+0000] {logging_mixin.py:137} INFO - [2023-04-25T01:56:20.270+0000] {dagbag.py:532} INFO - Filling up the DagBag from /home/airflow/.local/lib/python3.7/site-packages/airflow/example_dags/example_xcom.py
[2023-04-25T01:56:20.286+0000] {processor.py:753} INFO - DAG(s) dict_keys(['example_xcom']) retrieved from /home/airflow/.local/lib/python3.7/site-packages/airflow/example_dags/example_xcom.py
[2023-04-25T01:56:20.309+0000] {logging_mixin.py:137} INFO - [2023-04-25T01:56:20.309+0000] {dag.py:2705} INFO - Sync 1 DAGs
[2023-04-25T01:56:20.327+0000] {logging_mixin.py:137} INFO - [2023-04-25T01:56:20.327+0000] {dag.py:3456} INFO - Setting next_dagrun for example_xcom to 2021-01-01T00:00:00+00:00, run_after=2021-01-01T00:00:00+00:00
[2023-04-25T01:56:20.341+0000] {processor.py:175} INFO - Processing /home/airflow/.local/lib/python3.7/site-packages/airflow/example_dags/example_xcom.py took 0.079 seconds
[2023-04-25T01:56:50.833+0000] {processor.py:153} INFO - Started process (PID=858) to work on /home/airflow/.local/lib/python3.7/site-packages/airflow/example_dags/example_xcom.py
[2023-04-25T01:56:50.835+0000] {processor.py:743} INFO - Processing file /home/airflow/.local/lib/python3.7/site-packages/airflow/example_dags/example_xcom.py for tasks to queue
[2023-04-25T01:56:50.836+0000] {logging_mixin.py:137} INFO - [2023-04-25T01:56:50.836+0000] {dagbag.py:532} INFO - Filling up the DagBag from /home/airflow/.local/lib/python3.7/site-packages/airflow/example_dags/example_xcom.py
[2023-04-25T01:56:50.853+0000] {processor.py:753} INFO - DAG(s) dict_keys(['example_xcom']) retrieved from /home/airflow/.local/lib/python3.7/site-packages/airflow/example_dags/example_xcom.py
[2023-04-25T01:56:50.876+0000] {logging_mixin.py:137} INFO - [2023-04-25T01:56:50.876+0000] {dag.py:2705} INFO - Sync 1 DAGs
[2023-04-25T01:56:50.892+0000] {logging_mixin.py:137} INFO - [2023-04-25T01:56:50.892+0000] {dag.py:3456} INFO - Setting next_dagrun for example_xcom to 2021-01-01T00:00:00+00:00, run_after=2021-01-01T00:00:00+00:00
[2023-04-25T01:56:50.903+0000] {processor.py:175} INFO - Processing /home/airflow/.local/lib/python3.7/site-packages/airflow/example_dags/example_xcom.py took 0.072 seconds
[2023-04-25T01:57:21.634+0000] {processor.py:153} INFO - Started process (PID=908) to work on /home/airflow/.local/lib/python3.7/site-packages/airflow/example_dags/example_xcom.py
[2023-04-25T01:57:21.635+0000] {processor.py:743} INFO - Processing file /home/airflow/.local/lib/python3.7/site-packages/airflow/example_dags/example_xcom.py for tasks to queue
[2023-04-25T01:57:21.636+0000] {logging_mixin.py:137} INFO - [2023-04-25T01:57:21.636+0000] {dagbag.py:532} INFO - Filling up the DagBag from /home/airflow/.local/lib/python3.7/site-packages/airflow/example_dags/example_xcom.py
[2023-04-25T01:57:21.653+0000] {processor.py:753} INFO - DAG(s) dict_keys(['example_xcom']) retrieved from /home/airflow/.local/lib/python3.7/site-packages/airflow/example_dags/example_xcom.py
[2023-04-25T01:57:21.677+0000] {logging_mixin.py:137} INFO - [2023-04-25T01:57:21.677+0000] {dag.py:2705} INFO - Sync 1 DAGs
[2023-04-25T01:57:21.693+0000] {logging_mixin.py:137} INFO - [2023-04-25T01:57:21.693+0000] {dag.py:3456} INFO - Setting next_dagrun for example_xcom to 2021-01-01T00:00:00+00:00, run_after=2021-01-01T00:00:00+00:00
[2023-04-25T01:57:21.704+0000] {processor.py:175} INFO - Processing /home/airflow/.local/lib/python3.7/site-packages/airflow/example_dags/example_xcom.py took 0.073 seconds
[2023-04-25T01:57:52.299+0000] {processor.py:153} INFO - Started process (PID=958) to work on /home/airflow/.local/lib/python3.7/site-packages/airflow/example_dags/example_xcom.py
[2023-04-25T01:57:52.301+0000] {processor.py:743} INFO - Processing file /home/airflow/.local/lib/python3.7/site-packages/airflow/example_dags/example_xcom.py for tasks to queue
[2023-04-25T01:57:52.302+0000] {logging_mixin.py:137} INFO - [2023-04-25T01:57:52.302+0000] {dagbag.py:532} INFO - Filling up the DagBag from /home/airflow/.local/lib/python3.7/site-packages/airflow/example_dags/example_xcom.py
[2023-04-25T01:57:52.318+0000] {processor.py:753} INFO - DAG(s) dict_keys(['example_xcom']) retrieved from /home/airflow/.local/lib/python3.7/site-packages/airflow/example_dags/example_xcom.py
[2023-04-25T01:57:52.340+0000] {logging_mixin.py:137} INFO - [2023-04-25T01:57:52.340+0000] {dag.py:2705} INFO - Sync 1 DAGs
[2023-04-25T01:57:52.360+0000] {logging_mixin.py:137} INFO - [2023-04-25T01:57:52.360+0000] {dag.py:3456} INFO - Setting next_dagrun for example_xcom to 2021-01-01T00:00:00+00:00, run_after=2021-01-01T00:00:00+00:00
[2023-04-25T01:57:52.374+0000] {processor.py:175} INFO - Processing /home/airflow/.local/lib/python3.7/site-packages/airflow/example_dags/example_xcom.py took 0.078 seconds
[2023-04-25T01:58:22.545+0000] {processor.py:153} INFO - Started process (PID=1008) to work on /home/airflow/.local/lib/python3.7/site-packages/airflow/example_dags/example_xcom.py
[2023-04-25T01:58:22.547+0000] {processor.py:743} INFO - Processing file /home/airflow/.local/lib/python3.7/site-packages/airflow/example_dags/example_xcom.py for tasks to queue
[2023-04-25T01:58:22.548+0000] {logging_mixin.py:137} INFO - [2023-04-25T01:58:22.548+0000] {dagbag.py:532} INFO - Filling up the DagBag from /home/airflow/.local/lib/python3.7/site-packages/airflow/example_dags/example_xcom.py
[2023-04-25T01:58:22.571+0000] {processor.py:753} INFO - DAG(s) dict_keys(['example_xcom']) retrieved from /home/airflow/.local/lib/python3.7/site-packages/airflow/example_dags/example_xcom.py
[2023-04-25T01:58:22.595+0000] {logging_mixin.py:137} INFO - [2023-04-25T01:58:22.595+0000] {dag.py:2705} INFO - Sync 1 DAGs
[2023-04-25T01:58:22.614+0000] {logging_mixin.py:137} INFO - [2023-04-25T01:58:22.614+0000] {dag.py:3456} INFO - Setting next_dagrun for example_xcom to 2021-01-01T00:00:00+00:00, run_after=2021-01-01T00:00:00+00:00
[2023-04-25T01:58:22.629+0000] {processor.py:175} INFO - Processing /home/airflow/.local/lib/python3.7/site-packages/airflow/example_dags/example_xcom.py took 0.088 seconds
[2023-04-25T01:58:53.117+0000] {processor.py:153} INFO - Started process (PID=1058) to work on /home/airflow/.local/lib/python3.7/site-packages/airflow/example_dags/example_xcom.py
[2023-04-25T01:58:53.118+0000] {processor.py:743} INFO - Processing file /home/airflow/.local/lib/python3.7/site-packages/airflow/example_dags/example_xcom.py for tasks to queue
[2023-04-25T01:58:53.119+0000] {logging_mixin.py:137} INFO - [2023-04-25T01:58:53.119+0000] {dagbag.py:532} INFO - Filling up the DagBag from /home/airflow/.local/lib/python3.7/site-packages/airflow/example_dags/example_xcom.py
[2023-04-25T01:58:53.135+0000] {processor.py:753} INFO - DAG(s) dict_keys(['example_xcom']) retrieved from /home/airflow/.local/lib/python3.7/site-packages/airflow/example_dags/example_xcom.py
[2023-04-25T01:58:53.158+0000] {logging_mixin.py:137} INFO - [2023-04-25T01:58:53.158+0000] {dag.py:2705} INFO - Sync 1 DAGs
[2023-04-25T01:58:53.174+0000] {logging_mixin.py:137} INFO - [2023-04-25T01:58:53.174+0000] {dag.py:3456} INFO - Setting next_dagrun for example_xcom to 2021-01-01T00:00:00+00:00, run_after=2021-01-01T00:00:00+00:00
[2023-04-25T01:58:53.186+0000] {processor.py:175} INFO - Processing /home/airflow/.local/lib/python3.7/site-packages/airflow/example_dags/example_xcom.py took 0.072 seconds
[2023-04-25T01:59:23.719+0000] {processor.py:153} INFO - Started process (PID=1108) to work on /home/airflow/.local/lib/python3.7/site-packages/airflow/example_dags/example_xcom.py
[2023-04-25T01:59:23.720+0000] {processor.py:743} INFO - Processing file /home/airflow/.local/lib/python3.7/site-packages/airflow/example_dags/example_xcom.py for tasks to queue
[2023-04-25T01:59:23.721+0000] {logging_mixin.py:137} INFO - [2023-04-25T01:59:23.721+0000] {dagbag.py:532} INFO - Filling up the DagBag from /home/airflow/.local/lib/python3.7/site-packages/airflow/example_dags/example_xcom.py
[2023-04-25T01:59:23.737+0000] {processor.py:753} INFO - DAG(s) dict_keys(['example_xcom']) retrieved from /home/airflow/.local/lib/python3.7/site-packages/airflow/example_dags/example_xcom.py
[2023-04-25T01:59:23.760+0000] {logging_mixin.py:137} INFO - [2023-04-25T01:59:23.760+0000] {dag.py:2705} INFO - Sync 1 DAGs
[2023-04-25T01:59:23.776+0000] {logging_mixin.py:137} INFO - [2023-04-25T01:59:23.776+0000] {dag.py:3456} INFO - Setting next_dagrun for example_xcom to 2021-01-01T00:00:00+00:00, run_after=2021-01-01T00:00:00+00:00
[2023-04-25T01:59:23.790+0000] {processor.py:175} INFO - Processing /home/airflow/.local/lib/python3.7/site-packages/airflow/example_dags/example_xcom.py took 0.074 seconds
[2023-04-25T01:59:54.340+0000] {processor.py:153} INFO - Started process (PID=1158) to work on /home/airflow/.local/lib/python3.7/site-packages/airflow/example_dags/example_xcom.py
[2023-04-25T01:59:54.342+0000] {processor.py:743} INFO - Processing file /home/airflow/.local/lib/python3.7/site-packages/airflow/example_dags/example_xcom.py for tasks to queue
[2023-04-25T01:59:54.343+0000] {logging_mixin.py:137} INFO - [2023-04-25T01:59:54.343+0000] {dagbag.py:532} INFO - Filling up the DagBag from /home/airflow/.local/lib/python3.7/site-packages/airflow/example_dags/example_xcom.py
[2023-04-25T01:59:54.360+0000] {processor.py:753} INFO - DAG(s) dict_keys(['example_xcom']) retrieved from /home/airflow/.local/lib/python3.7/site-packages/airflow/example_dags/example_xcom.py
[2023-04-25T01:59:54.383+0000] {logging_mixin.py:137} INFO - [2023-04-25T01:59:54.382+0000] {dag.py:2705} INFO - Sync 1 DAGs
[2023-04-25T01:59:54.399+0000] {logging_mixin.py:137} INFO - [2023-04-25T01:59:54.399+0000] {dag.py:3456} INFO - Setting next_dagrun for example_xcom to 2021-01-01T00:00:00+00:00, run_after=2021-01-01T00:00:00+00:00
[2023-04-25T01:59:54.411+0000] {processor.py:175} INFO - Processing /home/airflow/.local/lib/python3.7/site-packages/airflow/example_dags/example_xcom.py took 0.074 seconds
[2023-04-25T02:00:24.973+0000] {processor.py:153} INFO - Started process (PID=1208) to work on /home/airflow/.local/lib/python3.7/site-packages/airflow/example_dags/example_xcom.py
[2023-04-25T02:00:24.974+0000] {processor.py:743} INFO - Processing file /home/airflow/.local/lib/python3.7/site-packages/airflow/example_dags/example_xcom.py for tasks to queue
[2023-04-25T02:00:24.975+0000] {logging_mixin.py:137} INFO - [2023-04-25T02:00:24.975+0000] {dagbag.py:532} INFO - Filling up the DagBag from /home/airflow/.local/lib/python3.7/site-packages/airflow/example_dags/example_xcom.py
[2023-04-25T02:00:24.993+0000] {processor.py:753} INFO - DAG(s) dict_keys(['example_xcom']) retrieved from /home/airflow/.local/lib/python3.7/site-packages/airflow/example_dags/example_xcom.py
[2023-04-25T02:00:25.016+0000] {logging_mixin.py:137} INFO - [2023-04-25T02:00:25.016+0000] {dag.py:2705} INFO - Sync 1 DAGs
[2023-04-25T02:00:25.033+0000] {logging_mixin.py:137} INFO - [2023-04-25T02:00:25.033+0000] {dag.py:3456} INFO - Setting next_dagrun for example_xcom to 2021-01-01T00:00:00+00:00, run_after=2021-01-01T00:00:00+00:00
[2023-04-25T02:00:25.044+0000] {processor.py:175} INFO - Processing /home/airflow/.local/lib/python3.7/site-packages/airflow/example_dags/example_xcom.py took 0.074 seconds
[2023-04-25T02:00:55.458+0000] {processor.py:153} INFO - Started process (PID=1258) to work on /home/airflow/.local/lib/python3.7/site-packages/airflow/example_dags/example_xcom.py
[2023-04-25T02:00:55.459+0000] {processor.py:743} INFO - Processing file /home/airflow/.local/lib/python3.7/site-packages/airflow/example_dags/example_xcom.py for tasks to queue
[2023-04-25T02:00:55.460+0000] {logging_mixin.py:137} INFO - [2023-04-25T02:00:55.460+0000] {dagbag.py:532} INFO - Filling up the DagBag from /home/airflow/.local/lib/python3.7/site-packages/airflow/example_dags/example_xcom.py
[2023-04-25T02:00:55.476+0000] {processor.py:753} INFO - DAG(s) dict_keys(['example_xcom']) retrieved from /home/airflow/.local/lib/python3.7/site-packages/airflow/example_dags/example_xcom.py
[2023-04-25T02:00:55.499+0000] {logging_mixin.py:137} INFO - [2023-04-25T02:00:55.499+0000] {dag.py:2705} INFO - Sync 1 DAGs
[2023-04-25T02:00:55.515+0000] {logging_mixin.py:137} INFO - [2023-04-25T02:00:55.515+0000] {dag.py:3456} INFO - Setting next_dagrun for example_xcom to 2021-01-01T00:00:00+00:00, run_after=2021-01-01T00:00:00+00:00
[2023-04-25T02:00:55.526+0000] {processor.py:175} INFO - Processing /home/airflow/.local/lib/python3.7/site-packages/airflow/example_dags/example_xcom.py took 0.072 seconds
[2023-04-25T02:01:26.128+0000] {processor.py:153} INFO - Started process (PID=1308) to work on /home/airflow/.local/lib/python3.7/site-packages/airflow/example_dags/example_xcom.py
[2023-04-25T02:01:26.129+0000] {processor.py:743} INFO - Processing file /home/airflow/.local/lib/python3.7/site-packages/airflow/example_dags/example_xcom.py for tasks to queue
[2023-04-25T02:01:26.130+0000] {logging_mixin.py:137} INFO - [2023-04-25T02:01:26.130+0000] {dagbag.py:532} INFO - Filling up the DagBag from /home/airflow/.local/lib/python3.7/site-packages/airflow/example_dags/example_xcom.py
[2023-04-25T02:01:26.147+0000] {processor.py:753} INFO - DAG(s) dict_keys(['example_xcom']) retrieved from /home/airflow/.local/lib/python3.7/site-packages/airflow/example_dags/example_xcom.py
[2023-04-25T02:01:26.169+0000] {logging_mixin.py:137} INFO - [2023-04-25T02:01:26.169+0000] {dag.py:2705} INFO - Sync 1 DAGs
[2023-04-25T02:01:26.186+0000] {logging_mixin.py:137} INFO - [2023-04-25T02:01:26.186+0000] {dag.py:3456} INFO - Setting next_dagrun for example_xcom to 2021-01-01T00:00:00+00:00, run_after=2021-01-01T00:00:00+00:00
[2023-04-25T02:01:26.198+0000] {processor.py:175} INFO - Processing /home/airflow/.local/lib/python3.7/site-packages/airflow/example_dags/example_xcom.py took 0.074 seconds
[2023-04-25T02:01:56.425+0000] {processor.py:153} INFO - Started process (PID=1357) to work on /home/airflow/.local/lib/python3.7/site-packages/airflow/example_dags/example_xcom.py
[2023-04-25T02:01:56.426+0000] {processor.py:743} INFO - Processing file /home/airflow/.local/lib/python3.7/site-packages/airflow/example_dags/example_xcom.py for tasks to queue
[2023-04-25T02:01:56.427+0000] {logging_mixin.py:137} INFO - [2023-04-25T02:01:56.427+0000] {dagbag.py:532} INFO - Filling up the DagBag from /home/airflow/.local/lib/python3.7/site-packages/airflow/example_dags/example_xcom.py
[2023-04-25T02:01:56.445+0000] {processor.py:753} INFO - DAG(s) dict_keys(['example_xcom']) retrieved from /home/airflow/.local/lib/python3.7/site-packages/airflow/example_dags/example_xcom.py
[2023-04-25T02:01:56.468+0000] {logging_mixin.py:137} INFO - [2023-04-25T02:01:56.468+0000] {dag.py:2705} INFO - Sync 1 DAGs
[2023-04-25T02:01:56.486+0000] {logging_mixin.py:137} INFO - [2023-04-25T02:01:56.486+0000] {dag.py:3456} INFO - Setting next_dagrun for example_xcom to 2021-01-01T00:00:00+00:00, run_after=2021-01-01T00:00:00+00:00
[2023-04-25T02:01:56.497+0000] {processor.py:175} INFO - Processing /home/airflow/.local/lib/python3.7/site-packages/airflow/example_dags/example_xcom.py took 0.076 seconds
[2023-04-25T02:02:27.013+0000] {processor.py:153} INFO - Started process (PID=1407) to work on /home/airflow/.local/lib/python3.7/site-packages/airflow/example_dags/example_xcom.py
[2023-04-25T02:02:27.014+0000] {processor.py:743} INFO - Processing file /home/airflow/.local/lib/python3.7/site-packages/airflow/example_dags/example_xcom.py for tasks to queue
[2023-04-25T02:02:27.015+0000] {logging_mixin.py:137} INFO - [2023-04-25T02:02:27.015+0000] {dagbag.py:532} INFO - Filling up the DagBag from /home/airflow/.local/lib/python3.7/site-packages/airflow/example_dags/example_xcom.py
[2023-04-25T02:02:27.031+0000] {processor.py:753} INFO - DAG(s) dict_keys(['example_xcom']) retrieved from /home/airflow/.local/lib/python3.7/site-packages/airflow/example_dags/example_xcom.py
[2023-04-25T02:02:27.055+0000] {logging_mixin.py:137} INFO - [2023-04-25T02:02:27.055+0000] {dag.py:2705} INFO - Sync 1 DAGs
[2023-04-25T02:02:27.071+0000] {logging_mixin.py:137} INFO - [2023-04-25T02:02:27.071+0000] {dag.py:3456} INFO - Setting next_dagrun for example_xcom to 2021-01-01T00:00:00+00:00, run_after=2021-01-01T00:00:00+00:00
[2023-04-25T02:02:27.083+0000] {processor.py:175} INFO - Processing /home/airflow/.local/lib/python3.7/site-packages/airflow/example_dags/example_xcom.py took 0.074 seconds
[2023-04-25T02:02:57.614+0000] {processor.py:153} INFO - Started process (PID=1457) to work on /home/airflow/.local/lib/python3.7/site-packages/airflow/example_dags/example_xcom.py
[2023-04-25T02:02:57.616+0000] {processor.py:743} INFO - Processing file /home/airflow/.local/lib/python3.7/site-packages/airflow/example_dags/example_xcom.py for tasks to queue
[2023-04-25T02:02:57.616+0000] {logging_mixin.py:137} INFO - [2023-04-25T02:02:57.616+0000] {dagbag.py:532} INFO - Filling up the DagBag from /home/airflow/.local/lib/python3.7/site-packages/airflow/example_dags/example_xcom.py
[2023-04-25T02:02:57.634+0000] {processor.py:753} INFO - DAG(s) dict_keys(['example_xcom']) retrieved from /home/airflow/.local/lib/python3.7/site-packages/airflow/example_dags/example_xcom.py
[2023-04-25T02:02:57.656+0000] {logging_mixin.py:137} INFO - [2023-04-25T02:02:57.656+0000] {dag.py:2705} INFO - Sync 1 DAGs
[2023-04-25T02:02:57.672+0000] {logging_mixin.py:137} INFO - [2023-04-25T02:02:57.672+0000] {dag.py:3456} INFO - Setting next_dagrun for example_xcom to 2021-01-01T00:00:00+00:00, run_after=2021-01-01T00:00:00+00:00
[2023-04-25T02:02:57.683+0000] {processor.py:175} INFO - Processing /home/airflow/.local/lib/python3.7/site-packages/airflow/example_dags/example_xcom.py took 0.072 seconds
