[2023-04-25T01:48:41.898+0000] {processor.py:153} INFO - Started process (PID=56) to work on /home/airflow/.local/lib/python3.7/site-packages/airflow/example_dags/example_dynamic_task_mapping.py
[2023-04-25T01:48:41.900+0000] {processor.py:743} INFO - Processing file /home/airflow/.local/lib/python3.7/site-packages/airflow/example_dags/example_dynamic_task_mapping.py for tasks to queue
[2023-04-25T01:48:41.907+0000] {logging_mixin.py:137} INFO - [2023-04-25T01:48:41.907+0000] {dagbag.py:532} INFO - Filling up the DagBag from /home/airflow/.local/lib/python3.7/site-packages/airflow/example_dags/example_dynamic_task_mapping.py
[2023-04-25T01:48:41.943+0000] {processor.py:753} INFO - DAG(s) dict_keys(['example_dynamic_task_mapping']) retrieved from /home/airflow/.local/lib/python3.7/site-packages/airflow/example_dags/example_dynamic_task_mapping.py
[2023-04-25T01:48:41.968+0000] {logging_mixin.py:137} INFO - [2023-04-25T01:48:41.968+0000] {dag.py:2705} INFO - Sync 1 DAGs
[2023-04-25T01:48:42.010+0000] {logging_mixin.py:137} INFO - [2023-04-25T01:48:42.010+0000] {dag.py:3456} INFO - Setting next_dagrun for example_dynamic_task_mapping to 2022-03-04T00:00:00+00:00, run_after=2022-03-05T00:00:00+00:00
[2023-04-25T01:48:42.028+0000] {processor.py:175} INFO - Processing /home/airflow/.local/lib/python3.7/site-packages/airflow/example_dags/example_dynamic_task_mapping.py took 0.135 seconds
[2023-04-25T01:49:12.542+0000] {processor.py:153} INFO - Started process (PID=105) to work on /home/airflow/.local/lib/python3.7/site-packages/airflow/example_dags/example_dynamic_task_mapping.py
[2023-04-25T01:49:12.543+0000] {processor.py:743} INFO - Processing file /home/airflow/.local/lib/python3.7/site-packages/airflow/example_dags/example_dynamic_task_mapping.py for tasks to queue
[2023-04-25T01:49:12.545+0000] {logging_mixin.py:137} INFO - [2023-04-25T01:49:12.545+0000] {dagbag.py:532} INFO - Filling up the DagBag from /home/airflow/.local/lib/python3.7/site-packages/airflow/example_dags/example_dynamic_task_mapping.py
[2023-04-25T01:49:12.594+0000] {processor.py:753} INFO - DAG(s) dict_keys(['example_dynamic_task_mapping']) retrieved from /home/airflow/.local/lib/python3.7/site-packages/airflow/example_dags/example_dynamic_task_mapping.py
[2023-04-25T01:49:12.639+0000] {logging_mixin.py:137} INFO - [2023-04-25T01:49:12.639+0000] {dag.py:2705} INFO - Sync 1 DAGs
[2023-04-25T01:49:12.665+0000] {logging_mixin.py:137} INFO - [2023-04-25T01:49:12.665+0000] {dag.py:3456} INFO - Setting next_dagrun for example_dynamic_task_mapping to 2022-03-04T00:00:00+00:00, run_after=2022-03-05T00:00:00+00:00
[2023-04-25T01:49:12.690+0000] {processor.py:175} INFO - Processing /home/airflow/.local/lib/python3.7/site-packages/airflow/example_dags/example_dynamic_task_mapping.py took 0.153 seconds
[2023-04-25T01:49:42.925+0000] {processor.py:153} INFO - Started process (PID=155) to work on /home/airflow/.local/lib/python3.7/site-packages/airflow/example_dags/example_dynamic_task_mapping.py
[2023-04-25T01:49:42.927+0000] {processor.py:743} INFO - Processing file /home/airflow/.local/lib/python3.7/site-packages/airflow/example_dags/example_dynamic_task_mapping.py for tasks to queue
[2023-04-25T01:49:42.928+0000] {logging_mixin.py:137} INFO - [2023-04-25T01:49:42.928+0000] {dagbag.py:532} INFO - Filling up the DagBag from /home/airflow/.local/lib/python3.7/site-packages/airflow/example_dags/example_dynamic_task_mapping.py
[2023-04-25T01:49:42.948+0000] {processor.py:753} INFO - DAG(s) dict_keys(['example_dynamic_task_mapping']) retrieved from /home/airflow/.local/lib/python3.7/site-packages/airflow/example_dags/example_dynamic_task_mapping.py
[2023-04-25T01:49:42.972+0000] {logging_mixin.py:137} INFO - [2023-04-25T01:49:42.971+0000] {dag.py:2705} INFO - Sync 1 DAGs
[2023-04-25T01:49:42.990+0000] {logging_mixin.py:137} INFO - [2023-04-25T01:49:42.990+0000] {dag.py:3456} INFO - Setting next_dagrun for example_dynamic_task_mapping to 2022-03-04T00:00:00+00:00, run_after=2022-03-05T00:00:00+00:00
[2023-04-25T01:49:43.007+0000] {processor.py:175} INFO - Processing /home/airflow/.local/lib/python3.7/site-packages/airflow/example_dags/example_dynamic_task_mapping.py took 0.085 seconds
[2023-04-25T01:50:13.441+0000] {processor.py:153} INFO - Started process (PID=205) to work on /home/airflow/.local/lib/python3.7/site-packages/airflow/example_dags/example_dynamic_task_mapping.py
[2023-04-25T01:50:13.443+0000] {processor.py:743} INFO - Processing file /home/airflow/.local/lib/python3.7/site-packages/airflow/example_dags/example_dynamic_task_mapping.py for tasks to queue
[2023-04-25T01:50:13.444+0000] {logging_mixin.py:137} INFO - [2023-04-25T01:50:13.444+0000] {dagbag.py:532} INFO - Filling up the DagBag from /home/airflow/.local/lib/python3.7/site-packages/airflow/example_dags/example_dynamic_task_mapping.py
[2023-04-25T01:50:13.463+0000] {processor.py:753} INFO - DAG(s) dict_keys(['example_dynamic_task_mapping']) retrieved from /home/airflow/.local/lib/python3.7/site-packages/airflow/example_dags/example_dynamic_task_mapping.py
[2023-04-25T01:50:13.499+0000] {logging_mixin.py:137} INFO - [2023-04-25T01:50:13.499+0000] {dag.py:2705} INFO - Sync 1 DAGs
[2023-04-25T01:50:13.522+0000] {logging_mixin.py:137} INFO - [2023-04-25T01:50:13.522+0000] {dag.py:3456} INFO - Setting next_dagrun for example_dynamic_task_mapping to 2022-03-04T00:00:00+00:00, run_after=2022-03-05T00:00:00+00:00
[2023-04-25T01:50:13.536+0000] {processor.py:175} INFO - Processing /home/airflow/.local/lib/python3.7/site-packages/airflow/example_dags/example_dynamic_task_mapping.py took 0.098 seconds
[2023-04-25T01:50:44.230+0000] {processor.py:153} INFO - Started process (PID=256) to work on /home/airflow/.local/lib/python3.7/site-packages/airflow/example_dags/example_dynamic_task_mapping.py
[2023-04-25T01:50:44.233+0000] {processor.py:743} INFO - Processing file /home/airflow/.local/lib/python3.7/site-packages/airflow/example_dags/example_dynamic_task_mapping.py for tasks to queue
[2023-04-25T01:50:44.235+0000] {logging_mixin.py:137} INFO - [2023-04-25T01:50:44.235+0000] {dagbag.py:532} INFO - Filling up the DagBag from /home/airflow/.local/lib/python3.7/site-packages/airflow/example_dags/example_dynamic_task_mapping.py
[2023-04-25T01:50:44.257+0000] {processor.py:753} INFO - DAG(s) dict_keys(['example_dynamic_task_mapping']) retrieved from /home/airflow/.local/lib/python3.7/site-packages/airflow/example_dags/example_dynamic_task_mapping.py
[2023-04-25T01:50:44.280+0000] {logging_mixin.py:137} INFO - [2023-04-25T01:50:44.280+0000] {dag.py:2705} INFO - Sync 1 DAGs
[2023-04-25T01:50:44.302+0000] {logging_mixin.py:137} INFO - [2023-04-25T01:50:44.302+0000] {dag.py:3456} INFO - Setting next_dagrun for example_dynamic_task_mapping to 2022-03-04T00:00:00+00:00, run_after=2022-03-05T00:00:00+00:00
[2023-04-25T01:50:44.348+0000] {processor.py:175} INFO - Processing /home/airflow/.local/lib/python3.7/site-packages/airflow/example_dags/example_dynamic_task_mapping.py took 0.127 seconds
[2023-04-25T01:51:14.463+0000] {processor.py:153} INFO - Started process (PID=306) to work on /home/airflow/.local/lib/python3.7/site-packages/airflow/example_dags/example_dynamic_task_mapping.py
[2023-04-25T01:51:14.465+0000] {processor.py:743} INFO - Processing file /home/airflow/.local/lib/python3.7/site-packages/airflow/example_dags/example_dynamic_task_mapping.py for tasks to queue
[2023-04-25T01:51:14.466+0000] {logging_mixin.py:137} INFO - [2023-04-25T01:51:14.465+0000] {dagbag.py:532} INFO - Filling up the DagBag from /home/airflow/.local/lib/python3.7/site-packages/airflow/example_dags/example_dynamic_task_mapping.py
[2023-04-25T01:51:14.483+0000] {processor.py:753} INFO - DAG(s) dict_keys(['example_dynamic_task_mapping']) retrieved from /home/airflow/.local/lib/python3.7/site-packages/airflow/example_dags/example_dynamic_task_mapping.py
[2023-04-25T01:51:14.505+0000] {logging_mixin.py:137} INFO - [2023-04-25T01:51:14.505+0000] {dag.py:2705} INFO - Sync 1 DAGs
[2023-04-25T01:51:14.523+0000] {logging_mixin.py:137} INFO - [2023-04-25T01:51:14.522+0000] {dag.py:3456} INFO - Setting next_dagrun for example_dynamic_task_mapping to 2022-03-04T00:00:00+00:00, run_after=2022-03-05T00:00:00+00:00
[2023-04-25T01:51:14.534+0000] {processor.py:175} INFO - Processing /home/airflow/.local/lib/python3.7/site-packages/airflow/example_dags/example_dynamic_task_mapping.py took 0.074 seconds
[2023-04-25T01:51:44.702+0000] {processor.py:153} INFO - Started process (PID=356) to work on /home/airflow/.local/lib/python3.7/site-packages/airflow/example_dags/example_dynamic_task_mapping.py
[2023-04-25T01:51:44.704+0000] {processor.py:743} INFO - Processing file /home/airflow/.local/lib/python3.7/site-packages/airflow/example_dags/example_dynamic_task_mapping.py for tasks to queue
[2023-04-25T01:51:44.704+0000] {logging_mixin.py:137} INFO - [2023-04-25T01:51:44.704+0000] {dagbag.py:532} INFO - Filling up the DagBag from /home/airflow/.local/lib/python3.7/site-packages/airflow/example_dags/example_dynamic_task_mapping.py
[2023-04-25T01:51:44.721+0000] {processor.py:753} INFO - DAG(s) dict_keys(['example_dynamic_task_mapping']) retrieved from /home/airflow/.local/lib/python3.7/site-packages/airflow/example_dags/example_dynamic_task_mapping.py
[2023-04-25T01:51:44.743+0000] {logging_mixin.py:137} INFO - [2023-04-25T01:51:44.743+0000] {dag.py:2705} INFO - Sync 1 DAGs
[2023-04-25T01:51:44.759+0000] {logging_mixin.py:137} INFO - [2023-04-25T01:51:44.759+0000] {dag.py:3456} INFO - Setting next_dagrun for example_dynamic_task_mapping to 2022-03-04T00:00:00+00:00, run_after=2022-03-05T00:00:00+00:00
[2023-04-25T01:51:44.769+0000] {processor.py:175} INFO - Processing /home/airflow/.local/lib/python3.7/site-packages/airflow/example_dags/example_dynamic_task_mapping.py took 0.070 seconds
[2023-04-25T01:52:15.331+0000] {processor.py:153} INFO - Started process (PID=407) to work on /home/airflow/.local/lib/python3.7/site-packages/airflow/example_dags/example_dynamic_task_mapping.py
[2023-04-25T01:52:15.333+0000] {processor.py:743} INFO - Processing file /home/airflow/.local/lib/python3.7/site-packages/airflow/example_dags/example_dynamic_task_mapping.py for tasks to queue
[2023-04-25T01:52:15.334+0000] {logging_mixin.py:137} INFO - [2023-04-25T01:52:15.333+0000] {dagbag.py:532} INFO - Filling up the DagBag from /home/airflow/.local/lib/python3.7/site-packages/airflow/example_dags/example_dynamic_task_mapping.py
[2023-04-25T01:52:15.354+0000] {processor.py:753} INFO - DAG(s) dict_keys(['example_dynamic_task_mapping']) retrieved from /home/airflow/.local/lib/python3.7/site-packages/airflow/example_dags/example_dynamic_task_mapping.py
[2023-04-25T01:52:15.376+0000] {logging_mixin.py:137} INFO - [2023-04-25T01:52:15.376+0000] {dag.py:2705} INFO - Sync 1 DAGs
[2023-04-25T01:52:15.393+0000] {logging_mixin.py:137} INFO - [2023-04-25T01:52:15.393+0000] {dag.py:3456} INFO - Setting next_dagrun for example_dynamic_task_mapping to 2022-03-04T00:00:00+00:00, run_after=2022-03-05T00:00:00+00:00
[2023-04-25T01:52:15.408+0000] {processor.py:175} INFO - Processing /home/airflow/.local/lib/python3.7/site-packages/airflow/example_dags/example_dynamic_task_mapping.py took 0.080 seconds
[2023-04-25T01:52:46.026+0000] {processor.py:153} INFO - Started process (PID=457) to work on /home/airflow/.local/lib/python3.7/site-packages/airflow/example_dags/example_dynamic_task_mapping.py
[2023-04-25T01:52:46.028+0000] {processor.py:743} INFO - Processing file /home/airflow/.local/lib/python3.7/site-packages/airflow/example_dags/example_dynamic_task_mapping.py for tasks to queue
[2023-04-25T01:52:46.028+0000] {logging_mixin.py:137} INFO - [2023-04-25T01:52:46.028+0000] {dagbag.py:532} INFO - Filling up the DagBag from /home/airflow/.local/lib/python3.7/site-packages/airflow/example_dags/example_dynamic_task_mapping.py
[2023-04-25T01:52:46.044+0000] {processor.py:753} INFO - DAG(s) dict_keys(['example_dynamic_task_mapping']) retrieved from /home/airflow/.local/lib/python3.7/site-packages/airflow/example_dags/example_dynamic_task_mapping.py
[2023-04-25T01:52:46.069+0000] {logging_mixin.py:137} INFO - [2023-04-25T01:52:46.069+0000] {dag.py:2705} INFO - Sync 1 DAGs
[2023-04-25T01:52:46.088+0000] {logging_mixin.py:137} INFO - [2023-04-25T01:52:46.088+0000] {dag.py:3456} INFO - Setting next_dagrun for example_dynamic_task_mapping to 2022-03-04T00:00:00+00:00, run_after=2022-03-05T00:00:00+00:00
[2023-04-25T01:52:46.101+0000] {processor.py:175} INFO - Processing /home/airflow/.local/lib/python3.7/site-packages/airflow/example_dags/example_dynamic_task_mapping.py took 0.078 seconds
[2023-04-25T01:53:16.560+0000] {processor.py:153} INFO - Started process (PID=507) to work on /home/airflow/.local/lib/python3.7/site-packages/airflow/example_dags/example_dynamic_task_mapping.py
[2023-04-25T01:53:16.561+0000] {processor.py:743} INFO - Processing file /home/airflow/.local/lib/python3.7/site-packages/airflow/example_dags/example_dynamic_task_mapping.py for tasks to queue
[2023-04-25T01:53:16.562+0000] {logging_mixin.py:137} INFO - [2023-04-25T01:53:16.562+0000] {dagbag.py:532} INFO - Filling up the DagBag from /home/airflow/.local/lib/python3.7/site-packages/airflow/example_dags/example_dynamic_task_mapping.py
[2023-04-25T01:53:16.579+0000] {processor.py:753} INFO - DAG(s) dict_keys(['example_dynamic_task_mapping']) retrieved from /home/airflow/.local/lib/python3.7/site-packages/airflow/example_dags/example_dynamic_task_mapping.py
[2023-04-25T01:53:16.603+0000] {logging_mixin.py:137} INFO - [2023-04-25T01:53:16.603+0000] {dag.py:2705} INFO - Sync 1 DAGs
[2023-04-25T01:53:16.619+0000] {logging_mixin.py:137} INFO - [2023-04-25T01:53:16.619+0000] {dag.py:3456} INFO - Setting next_dagrun for example_dynamic_task_mapping to 2022-03-04T00:00:00+00:00, run_after=2022-03-05T00:00:00+00:00
[2023-04-25T01:53:16.631+0000] {processor.py:175} INFO - Processing /home/airflow/.local/lib/python3.7/site-packages/airflow/example_dags/example_dynamic_task_mapping.py took 0.074 seconds
[2023-04-25T01:53:47.189+0000] {processor.py:153} INFO - Started process (PID=557) to work on /home/airflow/.local/lib/python3.7/site-packages/airflow/example_dags/example_dynamic_task_mapping.py
[2023-04-25T01:53:47.190+0000] {processor.py:743} INFO - Processing file /home/airflow/.local/lib/python3.7/site-packages/airflow/example_dags/example_dynamic_task_mapping.py for tasks to queue
[2023-04-25T01:53:47.191+0000] {logging_mixin.py:137} INFO - [2023-04-25T01:53:47.191+0000] {dagbag.py:532} INFO - Filling up the DagBag from /home/airflow/.local/lib/python3.7/site-packages/airflow/example_dags/example_dynamic_task_mapping.py
[2023-04-25T01:53:47.208+0000] {processor.py:753} INFO - DAG(s) dict_keys(['example_dynamic_task_mapping']) retrieved from /home/airflow/.local/lib/python3.7/site-packages/airflow/example_dags/example_dynamic_task_mapping.py
[2023-04-25T01:53:47.231+0000] {logging_mixin.py:137} INFO - [2023-04-25T01:53:47.231+0000] {dag.py:2705} INFO - Sync 1 DAGs
[2023-04-25T01:53:47.250+0000] {logging_mixin.py:137} INFO - [2023-04-25T01:53:47.250+0000] {dag.py:3456} INFO - Setting next_dagrun for example_dynamic_task_mapping to 2022-03-04T00:00:00+00:00, run_after=2022-03-05T00:00:00+00:00
[2023-04-25T01:53:47.263+0000] {processor.py:175} INFO - Processing /home/airflow/.local/lib/python3.7/site-packages/airflow/example_dags/example_dynamic_task_mapping.py took 0.077 seconds
[2023-04-25T01:54:17.878+0000] {processor.py:153} INFO - Started process (PID=607) to work on /home/airflow/.local/lib/python3.7/site-packages/airflow/example_dags/example_dynamic_task_mapping.py
[2023-04-25T01:54:17.879+0000] {processor.py:743} INFO - Processing file /home/airflow/.local/lib/python3.7/site-packages/airflow/example_dags/example_dynamic_task_mapping.py for tasks to queue
[2023-04-25T01:54:17.880+0000] {logging_mixin.py:137} INFO - [2023-04-25T01:54:17.880+0000] {dagbag.py:532} INFO - Filling up the DagBag from /home/airflow/.local/lib/python3.7/site-packages/airflow/example_dags/example_dynamic_task_mapping.py
[2023-04-25T01:54:17.897+0000] {processor.py:753} INFO - DAG(s) dict_keys(['example_dynamic_task_mapping']) retrieved from /home/airflow/.local/lib/python3.7/site-packages/airflow/example_dags/example_dynamic_task_mapping.py
[2023-04-25T01:54:17.919+0000] {logging_mixin.py:137} INFO - [2023-04-25T01:54:17.919+0000] {dag.py:2705} INFO - Sync 1 DAGs
[2023-04-25T01:54:17.939+0000] {logging_mixin.py:137} INFO - [2023-04-25T01:54:17.939+0000] {dag.py:3456} INFO - Setting next_dagrun for example_dynamic_task_mapping to 2022-03-04T00:00:00+00:00, run_after=2022-03-05T00:00:00+00:00
[2023-04-25T01:54:17.951+0000] {processor.py:175} INFO - Processing /home/airflow/.local/lib/python3.7/site-packages/airflow/example_dags/example_dynamic_task_mapping.py took 0.076 seconds
[2023-04-25T01:54:48.582+0000] {processor.py:153} INFO - Started process (PID=657) to work on /home/airflow/.local/lib/python3.7/site-packages/airflow/example_dags/example_dynamic_task_mapping.py
[2023-04-25T01:54:48.584+0000] {processor.py:743} INFO - Processing file /home/airflow/.local/lib/python3.7/site-packages/airflow/example_dags/example_dynamic_task_mapping.py for tasks to queue
[2023-04-25T01:54:48.585+0000] {logging_mixin.py:137} INFO - [2023-04-25T01:54:48.585+0000] {dagbag.py:532} INFO - Filling up the DagBag from /home/airflow/.local/lib/python3.7/site-packages/airflow/example_dags/example_dynamic_task_mapping.py
[2023-04-25T01:54:48.601+0000] {processor.py:753} INFO - DAG(s) dict_keys(['example_dynamic_task_mapping']) retrieved from /home/airflow/.local/lib/python3.7/site-packages/airflow/example_dags/example_dynamic_task_mapping.py
[2023-04-25T01:54:48.621+0000] {logging_mixin.py:137} INFO - [2023-04-25T01:54:48.621+0000] {dag.py:2705} INFO - Sync 1 DAGs
[2023-04-25T01:54:48.638+0000] {logging_mixin.py:137} INFO - [2023-04-25T01:54:48.638+0000] {dag.py:3456} INFO - Setting next_dagrun for example_dynamic_task_mapping to 2022-03-04T00:00:00+00:00, run_after=2022-03-05T00:00:00+00:00
[2023-04-25T01:54:48.649+0000] {processor.py:175} INFO - Processing /home/airflow/.local/lib/python3.7/site-packages/airflow/example_dags/example_dynamic_task_mapping.py took 0.070 seconds
[2023-04-25T01:55:19.088+0000] {processor.py:153} INFO - Started process (PID=707) to work on /home/airflow/.local/lib/python3.7/site-packages/airflow/example_dags/example_dynamic_task_mapping.py
[2023-04-25T01:55:19.090+0000] {processor.py:743} INFO - Processing file /home/airflow/.local/lib/python3.7/site-packages/airflow/example_dags/example_dynamic_task_mapping.py for tasks to queue
[2023-04-25T01:55:19.090+0000] {logging_mixin.py:137} INFO - [2023-04-25T01:55:19.090+0000] {dagbag.py:532} INFO - Filling up the DagBag from /home/airflow/.local/lib/python3.7/site-packages/airflow/example_dags/example_dynamic_task_mapping.py
[2023-04-25T01:55:19.107+0000] {processor.py:753} INFO - DAG(s) dict_keys(['example_dynamic_task_mapping']) retrieved from /home/airflow/.local/lib/python3.7/site-packages/airflow/example_dags/example_dynamic_task_mapping.py
[2023-04-25T01:55:19.129+0000] {logging_mixin.py:137} INFO - [2023-04-25T01:55:19.128+0000] {dag.py:2705} INFO - Sync 1 DAGs
[2023-04-25T01:55:19.146+0000] {logging_mixin.py:137} INFO - [2023-04-25T01:55:19.146+0000] {dag.py:3456} INFO - Setting next_dagrun for example_dynamic_task_mapping to 2022-03-04T00:00:00+00:00, run_after=2022-03-05T00:00:00+00:00
[2023-04-25T01:55:19.159+0000] {processor.py:175} INFO - Processing /home/airflow/.local/lib/python3.7/site-packages/airflow/example_dags/example_dynamic_task_mapping.py took 0.073 seconds
[2023-04-25T01:55:49.827+0000] {processor.py:153} INFO - Started process (PID=756) to work on /home/airflow/.local/lib/python3.7/site-packages/airflow/example_dags/example_dynamic_task_mapping.py
[2023-04-25T01:55:49.829+0000] {processor.py:743} INFO - Processing file /home/airflow/.local/lib/python3.7/site-packages/airflow/example_dags/example_dynamic_task_mapping.py for tasks to queue
[2023-04-25T01:55:49.830+0000] {logging_mixin.py:137} INFO - [2023-04-25T01:55:49.829+0000] {dagbag.py:532} INFO - Filling up the DagBag from /home/airflow/.local/lib/python3.7/site-packages/airflow/example_dags/example_dynamic_task_mapping.py
[2023-04-25T01:55:49.847+0000] {processor.py:753} INFO - DAG(s) dict_keys(['example_dynamic_task_mapping']) retrieved from /home/airflow/.local/lib/python3.7/site-packages/airflow/example_dags/example_dynamic_task_mapping.py
[2023-04-25T01:55:49.873+0000] {logging_mixin.py:137} INFO - [2023-04-25T01:55:49.873+0000] {dag.py:2705} INFO - Sync 1 DAGs
[2023-04-25T01:55:49.891+0000] {logging_mixin.py:137} INFO - [2023-04-25T01:55:49.891+0000] {dag.py:3456} INFO - Setting next_dagrun for example_dynamic_task_mapping to 2022-03-04T00:00:00+00:00, run_after=2022-03-05T00:00:00+00:00
[2023-04-25T01:55:49.903+0000] {processor.py:175} INFO - Processing /home/airflow/.local/lib/python3.7/site-packages/airflow/example_dags/example_dynamic_task_mapping.py took 0.079 seconds
[2023-04-25T01:56:20.165+0000] {processor.py:153} INFO - Started process (PID=806) to work on /home/airflow/.local/lib/python3.7/site-packages/airflow/example_dags/example_dynamic_task_mapping.py
[2023-04-25T01:56:20.166+0000] {processor.py:743} INFO - Processing file /home/airflow/.local/lib/python3.7/site-packages/airflow/example_dags/example_dynamic_task_mapping.py for tasks to queue
[2023-04-25T01:56:20.167+0000] {logging_mixin.py:137} INFO - [2023-04-25T01:56:20.167+0000] {dagbag.py:532} INFO - Filling up the DagBag from /home/airflow/.local/lib/python3.7/site-packages/airflow/example_dags/example_dynamic_task_mapping.py
[2023-04-25T01:56:20.185+0000] {processor.py:753} INFO - DAG(s) dict_keys(['example_dynamic_task_mapping']) retrieved from /home/airflow/.local/lib/python3.7/site-packages/airflow/example_dags/example_dynamic_task_mapping.py
[2023-04-25T01:56:20.206+0000] {logging_mixin.py:137} INFO - [2023-04-25T01:56:20.206+0000] {dag.py:2705} INFO - Sync 1 DAGs
[2023-04-25T01:56:20.225+0000] {logging_mixin.py:137} INFO - [2023-04-25T01:56:20.225+0000] {dag.py:3456} INFO - Setting next_dagrun for example_dynamic_task_mapping to 2022-03-04T00:00:00+00:00, run_after=2022-03-05T00:00:00+00:00
[2023-04-25T01:56:20.239+0000] {processor.py:175} INFO - Processing /home/airflow/.local/lib/python3.7/site-packages/airflow/example_dags/example_dynamic_task_mapping.py took 0.077 seconds
[2023-04-25T01:56:50.740+0000] {processor.py:153} INFO - Started process (PID=856) to work on /home/airflow/.local/lib/python3.7/site-packages/airflow/example_dags/example_dynamic_task_mapping.py
[2023-04-25T01:56:50.741+0000] {processor.py:743} INFO - Processing file /home/airflow/.local/lib/python3.7/site-packages/airflow/example_dags/example_dynamic_task_mapping.py for tasks to queue
[2023-04-25T01:56:50.743+0000] {logging_mixin.py:137} INFO - [2023-04-25T01:56:50.743+0000] {dagbag.py:532} INFO - Filling up the DagBag from /home/airflow/.local/lib/python3.7/site-packages/airflow/example_dags/example_dynamic_task_mapping.py
[2023-04-25T01:56:50.759+0000] {processor.py:753} INFO - DAG(s) dict_keys(['example_dynamic_task_mapping']) retrieved from /home/airflow/.local/lib/python3.7/site-packages/airflow/example_dags/example_dynamic_task_mapping.py
[2023-04-25T01:56:50.781+0000] {logging_mixin.py:137} INFO - [2023-04-25T01:56:50.781+0000] {dag.py:2705} INFO - Sync 1 DAGs
[2023-04-25T01:56:50.798+0000] {logging_mixin.py:137} INFO - [2023-04-25T01:56:50.798+0000] {dag.py:3456} INFO - Setting next_dagrun for example_dynamic_task_mapping to 2022-03-04T00:00:00+00:00, run_after=2022-03-05T00:00:00+00:00
[2023-04-25T01:56:50.809+0000] {processor.py:175} INFO - Processing /home/airflow/.local/lib/python3.7/site-packages/airflow/example_dags/example_dynamic_task_mapping.py took 0.072 seconds
[2023-04-25T01:57:21.539+0000] {processor.py:153} INFO - Started process (PID=906) to work on /home/airflow/.local/lib/python3.7/site-packages/airflow/example_dags/example_dynamic_task_mapping.py
[2023-04-25T01:57:21.541+0000] {processor.py:743} INFO - Processing file /home/airflow/.local/lib/python3.7/site-packages/airflow/example_dags/example_dynamic_task_mapping.py for tasks to queue
[2023-04-25T01:57:21.542+0000] {logging_mixin.py:137} INFO - [2023-04-25T01:57:21.542+0000] {dagbag.py:532} INFO - Filling up the DagBag from /home/airflow/.local/lib/python3.7/site-packages/airflow/example_dags/example_dynamic_task_mapping.py
[2023-04-25T01:57:21.558+0000] {processor.py:753} INFO - DAG(s) dict_keys(['example_dynamic_task_mapping']) retrieved from /home/airflow/.local/lib/python3.7/site-packages/airflow/example_dags/example_dynamic_task_mapping.py
[2023-04-25T01:57:21.581+0000] {logging_mixin.py:137} INFO - [2023-04-25T01:57:21.581+0000] {dag.py:2705} INFO - Sync 1 DAGs
[2023-04-25T01:57:21.598+0000] {logging_mixin.py:137} INFO - [2023-04-25T01:57:21.598+0000] {dag.py:3456} INFO - Setting next_dagrun for example_dynamic_task_mapping to 2022-03-04T00:00:00+00:00, run_after=2022-03-05T00:00:00+00:00
[2023-04-25T01:57:21.610+0000] {processor.py:175} INFO - Processing /home/airflow/.local/lib/python3.7/site-packages/airflow/example_dags/example_dynamic_task_mapping.py took 0.074 seconds
[2023-04-25T01:57:52.201+0000] {processor.py:153} INFO - Started process (PID=956) to work on /home/airflow/.local/lib/python3.7/site-packages/airflow/example_dags/example_dynamic_task_mapping.py
[2023-04-25T01:57:52.202+0000] {processor.py:743} INFO - Processing file /home/airflow/.local/lib/python3.7/site-packages/airflow/example_dags/example_dynamic_task_mapping.py for tasks to queue
[2023-04-25T01:57:52.203+0000] {logging_mixin.py:137} INFO - [2023-04-25T01:57:52.203+0000] {dagbag.py:532} INFO - Filling up the DagBag from /home/airflow/.local/lib/python3.7/site-packages/airflow/example_dags/example_dynamic_task_mapping.py
[2023-04-25T01:57:52.221+0000] {processor.py:753} INFO - DAG(s) dict_keys(['example_dynamic_task_mapping']) retrieved from /home/airflow/.local/lib/python3.7/site-packages/airflow/example_dags/example_dynamic_task_mapping.py
[2023-04-25T01:57:52.243+0000] {logging_mixin.py:137} INFO - [2023-04-25T01:57:52.243+0000] {dag.py:2705} INFO - Sync 1 DAGs
[2023-04-25T01:57:52.260+0000] {logging_mixin.py:137} INFO - [2023-04-25T01:57:52.260+0000] {dag.py:3456} INFO - Setting next_dagrun for example_dynamic_task_mapping to 2022-03-04T00:00:00+00:00, run_after=2022-03-05T00:00:00+00:00
[2023-04-25T01:57:52.272+0000] {processor.py:175} INFO - Processing /home/airflow/.local/lib/python3.7/site-packages/airflow/example_dags/example_dynamic_task_mapping.py took 0.075 seconds
[2023-04-25T01:58:22.450+0000] {processor.py:153} INFO - Started process (PID=1006) to work on /home/airflow/.local/lib/python3.7/site-packages/airflow/example_dags/example_dynamic_task_mapping.py
[2023-04-25T01:58:22.452+0000] {processor.py:743} INFO - Processing file /home/airflow/.local/lib/python3.7/site-packages/airflow/example_dags/example_dynamic_task_mapping.py for tasks to queue
[2023-04-25T01:58:22.452+0000] {logging_mixin.py:137} INFO - [2023-04-25T01:58:22.452+0000] {dagbag.py:532} INFO - Filling up the DagBag from /home/airflow/.local/lib/python3.7/site-packages/airflow/example_dags/example_dynamic_task_mapping.py
[2023-04-25T01:58:22.469+0000] {processor.py:753} INFO - DAG(s) dict_keys(['example_dynamic_task_mapping']) retrieved from /home/airflow/.local/lib/python3.7/site-packages/airflow/example_dags/example_dynamic_task_mapping.py
[2023-04-25T01:58:22.490+0000] {logging_mixin.py:137} INFO - [2023-04-25T01:58:22.490+0000] {dag.py:2705} INFO - Sync 1 DAGs
[2023-04-25T01:58:22.507+0000] {logging_mixin.py:137} INFO - [2023-04-25T01:58:22.506+0000] {dag.py:3456} INFO - Setting next_dagrun for example_dynamic_task_mapping to 2022-03-04T00:00:00+00:00, run_after=2022-03-05T00:00:00+00:00
[2023-04-25T01:58:22.517+0000] {processor.py:175} INFO - Processing /home/airflow/.local/lib/python3.7/site-packages/airflow/example_dags/example_dynamic_task_mapping.py took 0.070 seconds
[2023-04-25T01:58:53.022+0000] {processor.py:153} INFO - Started process (PID=1056) to work on /home/airflow/.local/lib/python3.7/site-packages/airflow/example_dags/example_dynamic_task_mapping.py
[2023-04-25T01:58:53.024+0000] {processor.py:743} INFO - Processing file /home/airflow/.local/lib/python3.7/site-packages/airflow/example_dags/example_dynamic_task_mapping.py for tasks to queue
[2023-04-25T01:58:53.025+0000] {logging_mixin.py:137} INFO - [2023-04-25T01:58:53.025+0000] {dagbag.py:532} INFO - Filling up the DagBag from /home/airflow/.local/lib/python3.7/site-packages/airflow/example_dags/example_dynamic_task_mapping.py
[2023-04-25T01:58:53.042+0000] {processor.py:753} INFO - DAG(s) dict_keys(['example_dynamic_task_mapping']) retrieved from /home/airflow/.local/lib/python3.7/site-packages/airflow/example_dags/example_dynamic_task_mapping.py
[2023-04-25T01:58:53.064+0000] {logging_mixin.py:137} INFO - [2023-04-25T01:58:53.064+0000] {dag.py:2705} INFO - Sync 1 DAGs
[2023-04-25T01:58:53.080+0000] {logging_mixin.py:137} INFO - [2023-04-25T01:58:53.080+0000] {dag.py:3456} INFO - Setting next_dagrun for example_dynamic_task_mapping to 2022-03-04T00:00:00+00:00, run_after=2022-03-05T00:00:00+00:00
[2023-04-25T01:58:53.092+0000] {processor.py:175} INFO - Processing /home/airflow/.local/lib/python3.7/site-packages/airflow/example_dags/example_dynamic_task_mapping.py took 0.072 seconds
[2023-04-25T01:59:23.626+0000] {processor.py:153} INFO - Started process (PID=1106) to work on /home/airflow/.local/lib/python3.7/site-packages/airflow/example_dags/example_dynamic_task_mapping.py
[2023-04-25T01:59:23.627+0000] {processor.py:743} INFO - Processing file /home/airflow/.local/lib/python3.7/site-packages/airflow/example_dags/example_dynamic_task_mapping.py for tasks to queue
[2023-04-25T01:59:23.628+0000] {logging_mixin.py:137} INFO - [2023-04-25T01:59:23.628+0000] {dagbag.py:532} INFO - Filling up the DagBag from /home/airflow/.local/lib/python3.7/site-packages/airflow/example_dags/example_dynamic_task_mapping.py
[2023-04-25T01:59:23.644+0000] {processor.py:753} INFO - DAG(s) dict_keys(['example_dynamic_task_mapping']) retrieved from /home/airflow/.local/lib/python3.7/site-packages/airflow/example_dags/example_dynamic_task_mapping.py
[2023-04-25T01:59:23.665+0000] {logging_mixin.py:137} INFO - [2023-04-25T01:59:23.665+0000] {dag.py:2705} INFO - Sync 1 DAGs
[2023-04-25T01:59:23.682+0000] {logging_mixin.py:137} INFO - [2023-04-25T01:59:23.682+0000] {dag.py:3456} INFO - Setting next_dagrun for example_dynamic_task_mapping to 2022-03-04T00:00:00+00:00, run_after=2022-03-05T00:00:00+00:00
[2023-04-25T01:59:23.693+0000] {processor.py:175} INFO - Processing /home/airflow/.local/lib/python3.7/site-packages/airflow/example_dags/example_dynamic_task_mapping.py took 0.070 seconds
[2023-04-25T01:59:54.247+0000] {processor.py:153} INFO - Started process (PID=1156) to work on /home/airflow/.local/lib/python3.7/site-packages/airflow/example_dags/example_dynamic_task_mapping.py
[2023-04-25T01:59:54.248+0000] {processor.py:743} INFO - Processing file /home/airflow/.local/lib/python3.7/site-packages/airflow/example_dags/example_dynamic_task_mapping.py for tasks to queue
[2023-04-25T01:59:54.249+0000] {logging_mixin.py:137} INFO - [2023-04-25T01:59:54.249+0000] {dagbag.py:532} INFO - Filling up the DagBag from /home/airflow/.local/lib/python3.7/site-packages/airflow/example_dags/example_dynamic_task_mapping.py
[2023-04-25T01:59:54.265+0000] {processor.py:753} INFO - DAG(s) dict_keys(['example_dynamic_task_mapping']) retrieved from /home/airflow/.local/lib/python3.7/site-packages/airflow/example_dags/example_dynamic_task_mapping.py
[2023-04-25T01:59:54.286+0000] {logging_mixin.py:137} INFO - [2023-04-25T01:59:54.286+0000] {dag.py:2705} INFO - Sync 1 DAGs
[2023-04-25T01:59:54.304+0000] {logging_mixin.py:137} INFO - [2023-04-25T01:59:54.304+0000] {dag.py:3456} INFO - Setting next_dagrun for example_dynamic_task_mapping to 2022-03-04T00:00:00+00:00, run_after=2022-03-05T00:00:00+00:00
[2023-04-25T01:59:54.315+0000] {processor.py:175} INFO - Processing /home/airflow/.local/lib/python3.7/site-packages/airflow/example_dags/example_dynamic_task_mapping.py took 0.071 seconds
[2023-04-25T02:00:24.866+0000] {processor.py:153} INFO - Started process (PID=1206) to work on /home/airflow/.local/lib/python3.7/site-packages/airflow/example_dags/example_dynamic_task_mapping.py
[2023-04-25T02:00:24.868+0000] {processor.py:743} INFO - Processing file /home/airflow/.local/lib/python3.7/site-packages/airflow/example_dags/example_dynamic_task_mapping.py for tasks to queue
[2023-04-25T02:00:24.871+0000] {logging_mixin.py:137} INFO - [2023-04-25T02:00:24.871+0000] {dagbag.py:532} INFO - Filling up the DagBag from /home/airflow/.local/lib/python3.7/site-packages/airflow/example_dags/example_dynamic_task_mapping.py
[2023-04-25T02:00:24.889+0000] {processor.py:753} INFO - DAG(s) dict_keys(['example_dynamic_task_mapping']) retrieved from /home/airflow/.local/lib/python3.7/site-packages/airflow/example_dags/example_dynamic_task_mapping.py
[2023-04-25T02:00:24.912+0000] {logging_mixin.py:137} INFO - [2023-04-25T02:00:24.912+0000] {dag.py:2705} INFO - Sync 1 DAGs
[2023-04-25T02:00:24.933+0000] {logging_mixin.py:137} INFO - [2023-04-25T02:00:24.933+0000] {dag.py:3456} INFO - Setting next_dagrun for example_dynamic_task_mapping to 2022-03-04T00:00:00+00:00, run_after=2022-03-05T00:00:00+00:00
[2023-04-25T02:00:24.946+0000] {processor.py:175} INFO - Processing /home/airflow/.local/lib/python3.7/site-packages/airflow/example_dags/example_dynamic_task_mapping.py took 0.084 seconds
[2023-04-25T02:00:55.362+0000] {processor.py:153} INFO - Started process (PID=1256) to work on /home/airflow/.local/lib/python3.7/site-packages/airflow/example_dags/example_dynamic_task_mapping.py
[2023-04-25T02:00:55.363+0000] {processor.py:743} INFO - Processing file /home/airflow/.local/lib/python3.7/site-packages/airflow/example_dags/example_dynamic_task_mapping.py for tasks to queue
[2023-04-25T02:00:55.364+0000] {logging_mixin.py:137} INFO - [2023-04-25T02:00:55.364+0000] {dagbag.py:532} INFO - Filling up the DagBag from /home/airflow/.local/lib/python3.7/site-packages/airflow/example_dags/example_dynamic_task_mapping.py
[2023-04-25T02:00:55.380+0000] {processor.py:753} INFO - DAG(s) dict_keys(['example_dynamic_task_mapping']) retrieved from /home/airflow/.local/lib/python3.7/site-packages/airflow/example_dags/example_dynamic_task_mapping.py
[2023-04-25T02:00:55.401+0000] {logging_mixin.py:137} INFO - [2023-04-25T02:00:55.401+0000] {dag.py:2705} INFO - Sync 1 DAGs
[2023-04-25T02:00:55.418+0000] {logging_mixin.py:137} INFO - [2023-04-25T02:00:55.418+0000] {dag.py:3456} INFO - Setting next_dagrun for example_dynamic_task_mapping to 2022-03-04T00:00:00+00:00, run_after=2022-03-05T00:00:00+00:00
[2023-04-25T02:00:55.432+0000] {processor.py:175} INFO - Processing /home/airflow/.local/lib/python3.7/site-packages/airflow/example_dags/example_dynamic_task_mapping.py took 0.073 seconds
[2023-04-25T02:01:26.034+0000] {processor.py:153} INFO - Started process (PID=1306) to work on /home/airflow/.local/lib/python3.7/site-packages/airflow/example_dags/example_dynamic_task_mapping.py
[2023-04-25T02:01:26.035+0000] {processor.py:743} INFO - Processing file /home/airflow/.local/lib/python3.7/site-packages/airflow/example_dags/example_dynamic_task_mapping.py for tasks to queue
[2023-04-25T02:01:26.036+0000] {logging_mixin.py:137} INFO - [2023-04-25T02:01:26.036+0000] {dagbag.py:532} INFO - Filling up the DagBag from /home/airflow/.local/lib/python3.7/site-packages/airflow/example_dags/example_dynamic_task_mapping.py
[2023-04-25T02:01:26.053+0000] {processor.py:753} INFO - DAG(s) dict_keys(['example_dynamic_task_mapping']) retrieved from /home/airflow/.local/lib/python3.7/site-packages/airflow/example_dags/example_dynamic_task_mapping.py
[2023-04-25T02:01:26.074+0000] {logging_mixin.py:137} INFO - [2023-04-25T02:01:26.074+0000] {dag.py:2705} INFO - Sync 1 DAGs
[2023-04-25T02:01:26.091+0000] {logging_mixin.py:137} INFO - [2023-04-25T02:01:26.091+0000] {dag.py:3456} INFO - Setting next_dagrun for example_dynamic_task_mapping to 2022-03-04T00:00:00+00:00, run_after=2022-03-05T00:00:00+00:00
[2023-04-25T02:01:26.103+0000] {processor.py:175} INFO - Processing /home/airflow/.local/lib/python3.7/site-packages/airflow/example_dags/example_dynamic_task_mapping.py took 0.072 seconds
[2023-04-25T02:01:56.329+0000] {processor.py:153} INFO - Started process (PID=1355) to work on /home/airflow/.local/lib/python3.7/site-packages/airflow/example_dags/example_dynamic_task_mapping.py
[2023-04-25T02:01:56.330+0000] {processor.py:743} INFO - Processing file /home/airflow/.local/lib/python3.7/site-packages/airflow/example_dags/example_dynamic_task_mapping.py for tasks to queue
[2023-04-25T02:01:56.332+0000] {logging_mixin.py:137} INFO - [2023-04-25T02:01:56.332+0000] {dagbag.py:532} INFO - Filling up the DagBag from /home/airflow/.local/lib/python3.7/site-packages/airflow/example_dags/example_dynamic_task_mapping.py
[2023-04-25T02:01:56.349+0000] {processor.py:753} INFO - DAG(s) dict_keys(['example_dynamic_task_mapping']) retrieved from /home/airflow/.local/lib/python3.7/site-packages/airflow/example_dags/example_dynamic_task_mapping.py
[2023-04-25T02:01:56.370+0000] {logging_mixin.py:137} INFO - [2023-04-25T02:01:56.370+0000] {dag.py:2705} INFO - Sync 1 DAGs
[2023-04-25T02:01:56.389+0000] {logging_mixin.py:137} INFO - [2023-04-25T02:01:56.389+0000] {dag.py:3456} INFO - Setting next_dagrun for example_dynamic_task_mapping to 2022-03-04T00:00:00+00:00, run_after=2022-03-05T00:00:00+00:00
[2023-04-25T02:01:56.401+0000] {processor.py:175} INFO - Processing /home/airflow/.local/lib/python3.7/site-packages/airflow/example_dags/example_dynamic_task_mapping.py took 0.074 seconds
[2023-04-25T02:02:26.919+0000] {processor.py:153} INFO - Started process (PID=1405) to work on /home/airflow/.local/lib/python3.7/site-packages/airflow/example_dags/example_dynamic_task_mapping.py
[2023-04-25T02:02:26.921+0000] {processor.py:743} INFO - Processing file /home/airflow/.local/lib/python3.7/site-packages/airflow/example_dags/example_dynamic_task_mapping.py for tasks to queue
[2023-04-25T02:02:26.921+0000] {logging_mixin.py:137} INFO - [2023-04-25T02:02:26.921+0000] {dagbag.py:532} INFO - Filling up the DagBag from /home/airflow/.local/lib/python3.7/site-packages/airflow/example_dags/example_dynamic_task_mapping.py
[2023-04-25T02:02:26.937+0000] {processor.py:753} INFO - DAG(s) dict_keys(['example_dynamic_task_mapping']) retrieved from /home/airflow/.local/lib/python3.7/site-packages/airflow/example_dags/example_dynamic_task_mapping.py
[2023-04-25T02:02:26.959+0000] {logging_mixin.py:137} INFO - [2023-04-25T02:02:26.959+0000] {dag.py:2705} INFO - Sync 1 DAGs
[2023-04-25T02:02:26.976+0000] {logging_mixin.py:137} INFO - [2023-04-25T02:02:26.976+0000] {dag.py:3456} INFO - Setting next_dagrun for example_dynamic_task_mapping to 2022-03-04T00:00:00+00:00, run_after=2022-03-05T00:00:00+00:00
[2023-04-25T02:02:26.987+0000] {processor.py:175} INFO - Processing /home/airflow/.local/lib/python3.7/site-packages/airflow/example_dags/example_dynamic_task_mapping.py took 0.071 seconds
[2023-04-25T02:02:57.521+0000] {processor.py:153} INFO - Started process (PID=1455) to work on /home/airflow/.local/lib/python3.7/site-packages/airflow/example_dags/example_dynamic_task_mapping.py
[2023-04-25T02:02:57.522+0000] {processor.py:743} INFO - Processing file /home/airflow/.local/lib/python3.7/site-packages/airflow/example_dags/example_dynamic_task_mapping.py for tasks to queue
[2023-04-25T02:02:57.523+0000] {logging_mixin.py:137} INFO - [2023-04-25T02:02:57.523+0000] {dagbag.py:532} INFO - Filling up the DagBag from /home/airflow/.local/lib/python3.7/site-packages/airflow/example_dags/example_dynamic_task_mapping.py
[2023-04-25T02:02:57.539+0000] {processor.py:753} INFO - DAG(s) dict_keys(['example_dynamic_task_mapping']) retrieved from /home/airflow/.local/lib/python3.7/site-packages/airflow/example_dags/example_dynamic_task_mapping.py
[2023-04-25T02:02:57.561+0000] {logging_mixin.py:137} INFO - [2023-04-25T02:02:57.561+0000] {dag.py:2705} INFO - Sync 1 DAGs
[2023-04-25T02:02:57.577+0000] {logging_mixin.py:137} INFO - [2023-04-25T02:02:57.577+0000] {dag.py:3456} INFO - Setting next_dagrun for example_dynamic_task_mapping to 2022-03-04T00:00:00+00:00, run_after=2022-03-05T00:00:00+00:00
[2023-04-25T02:02:57.589+0000] {processor.py:175} INFO - Processing /home/airflow/.local/lib/python3.7/site-packages/airflow/example_dags/example_dynamic_task_mapping.py took 0.071 seconds
