[2023-06-22T03:39:51.214+0000] {taskinstance.py:1090} INFO - Dependencies all met for dep_context=non-requeueable deps ti=<TaskInstance: showpulse_dbt_dag.dbt_run scheduled__2023-06-22T03:38:47.531582+00:00 [queued]>
[2023-06-22T03:39:51.220+0000] {taskinstance.py:1090} INFO - Dependencies all met for dep_context=requeueable deps ti=<TaskInstance: showpulse_dbt_dag.dbt_run scheduled__2023-06-22T03:38:47.531582+00:00 [queued]>
[2023-06-22T03:39:51.221+0000] {taskinstance.py:1288} INFO - 
--------------------------------------------------------------------------------
[2023-06-22T03:39:51.221+0000] {taskinstance.py:1289} INFO - Starting attempt 1 of 1
[2023-06-22T03:39:51.221+0000] {taskinstance.py:1290} INFO - 
--------------------------------------------------------------------------------
[2023-06-22T03:39:51.229+0000] {taskinstance.py:1309} INFO - Executing <Task(BashOperator): dbt_run> on 2023-06-22 03:38:47.531582+00:00
[2023-06-22T03:39:51.233+0000] {standard_task_runner.py:55} INFO - Started process 15368 to run task
[2023-06-22T03:39:51.236+0000] {standard_task_runner.py:82} INFO - Running: ['***', 'tasks', 'run', 'showpulse_dbt_dag', 'dbt_run', 'scheduled__2023-06-22T03:38:47.531582+00:00', '--job-id', '1786', '--raw', '--subdir', 'DAGS_FOLDER/dbt_run.py', '--cfg-path', '/tmp/tmp3ec8zj4y']
[2023-06-22T03:39:51.237+0000] {standard_task_runner.py:83} INFO - Job 1786: Subtask dbt_run
[2023-06-22T03:39:51.289+0000] {task_command.py:389} INFO - Running <TaskInstance: showpulse_dbt_dag.dbt_run scheduled__2023-06-22T03:38:47.531582+00:00 [running]> on host 62cfed75eae1
[2023-06-22T03:39:51.346+0000] {taskinstance.py:1518} INFO - Exporting the following env vars:
AIRFLOW_CTX_DAG_OWNER=nburkett
AIRFLOW_CTX_DAG_ID=showpulse_dbt_dag
AIRFLOW_CTX_TASK_ID=dbt_run
AIRFLOW_CTX_EXECUTION_DATE=2023-06-22T03:38:47.531582+00:00
AIRFLOW_CTX_TRY_NUMBER=1
AIRFLOW_CTX_DAG_RUN_ID=scheduled__2023-06-22T03:38:47.531582+00:00
[2023-06-22T03:39:51.348+0000] {subprocess.py:63} INFO - Tmp dir root location: 
 /tmp
[2023-06-22T03:39:51.349+0000] {subprocess.py:75} INFO - Running command: ['/bin/bash', '-c', 'cd /dbt/ticketmaster_transformation && dbt run']
[2023-06-22T03:39:51.357+0000] {subprocess.py:86} INFO - Output:
[2023-06-22T03:39:52.591+0000] {subprocess.py:93} INFO - [0m03:39:52  Running with dbt=1.5.1
[2023-06-22T03:39:53.063+0000] {subprocess.py:93} INFO - [0m03:39:53  Found 4 models, 0 tests, 0 snapshots, 0 analyses, 356 macros, 0 operations, 0 seed files, 3 sources, 0 exposures, 0 metrics, 0 groups
[2023-06-22T03:39:53.066+0000] {subprocess.py:93} INFO - [0m03:39:53
[2023-06-22T03:39:54.001+0000] {subprocess.py:93} INFO - [0m03:39:54  Concurrency: 4 threads (target='dev')
[2023-06-22T03:39:54.005+0000] {subprocess.py:93} INFO - [0m03:39:54
[2023-06-22T03:39:54.022+0000] {subprocess.py:93} INFO - [0m03:39:54  1 of 4 START sql table model twitter_kafka_pyspark_test.distinct_data .......... [RUN]
[2023-06-22T03:39:54.025+0000] {subprocess.py:93} INFO - [0m03:39:54  2 of 4 START sql table model twitter_kafka_pyspark_test.dm_events .............. [RUN]
[2023-06-22T03:39:54.028+0000] {subprocess.py:93} INFO - [0m03:39:54  3 of 4 START sql table model twitter_kafka_pyspark_test.my_first_dbt_model ..... [RUN]
[2023-06-22T03:39:56.808+0000] {subprocess.py:93} INFO - [0m03:39:56  2 of 4 OK created sql table model twitter_kafka_pyspark_test.dm_events ......... [[32mCREATE TABLE (1.3k rows, 178.2 KiB processed)[0m in 2.77s]
[2023-06-22T03:39:57.029+0000] {subprocess.py:93} INFO - [0m03:39:57  3 of 4 OK created sql table model twitter_kafka_pyspark_test.my_first_dbt_model  [[32mCREATE TABLE (2.0 rows, 0 processed)[0m in 2.99s]
[2023-06-22T03:39:57.045+0000] {subprocess.py:93} INFO - [0m03:39:57  1 of 4 OK created sql table model twitter_kafka_pyspark_test.distinct_data ..... [[32mCREATE TABLE (1.1k rows, 638.3 KiB processed)[0m in 3.01s]
[2023-06-22T03:39:57.048+0000] {subprocess.py:93} INFO - [0m03:39:57  4 of 4 START sql view model twitter_kafka_pyspark_test.my_second_dbt_model ..... [RUN]
[2023-06-22T03:39:58.033+0000] {subprocess.py:93} INFO - [0m03:39:58  4 of 4 OK created sql view model twitter_kafka_pyspark_test.my_second_dbt_model  [[32mCREATE VIEW (0 processed)[0m in 0.98s]
[2023-06-22T03:39:58.161+0000] {subprocess.py:93} INFO - [0m03:39:58
[2023-06-22T03:39:58.164+0000] {subprocess.py:93} INFO - [0m03:39:58  Finished running 3 table models, 1 view model in 0 hours 0 minutes and 5.09 seconds (5.09s).
[2023-06-22T03:39:58.199+0000] {subprocess.py:93} INFO - [0m03:39:58
[2023-06-22T03:39:58.201+0000] {subprocess.py:93} INFO - [0m03:39:58  [32mCompleted successfully[0m
[2023-06-22T03:39:58.202+0000] {subprocess.py:93} INFO - [0m03:39:58
[2023-06-22T03:39:58.204+0000] {subprocess.py:93} INFO - [0m03:39:58  Done. PASS=4 WARN=0 ERROR=0 SKIP=0 TOTAL=4
[2023-06-22T03:39:58.653+0000] {subprocess.py:97} INFO - Command exited with return code 0
[2023-06-22T03:39:58.677+0000] {taskinstance.py:1332} INFO - Marking task as SUCCESS. dag_id=showpulse_dbt_dag, task_id=dbt_run, execution_date=20230622T033847, start_date=20230622T033951, end_date=20230622T033958
[2023-06-22T03:39:58.707+0000] {local_task_job.py:212} INFO - Task exited with return code 0
[2023-06-22T03:39:58.721+0000] {taskinstance.py:2596} INFO - 0 downstream tasks scheduled from follow-on schedule check
