[2023-06-21T22:31:20.236+0000] {taskinstance.py:1090} INFO - Dependencies all met for dep_context=non-requeueable deps ti=<TaskInstance: showpulse_dbt_dag.pwd2 scheduled__2023-06-21T22:30:16.386037+00:00 [queued]>
[2023-06-21T22:31:20.242+0000] {taskinstance.py:1090} INFO - Dependencies all met for dep_context=requeueable deps ti=<TaskInstance: showpulse_dbt_dag.pwd2 scheduled__2023-06-21T22:30:16.386037+00:00 [queued]>
[2023-06-21T22:31:20.243+0000] {taskinstance.py:1288} INFO - 
--------------------------------------------------------------------------------
[2023-06-21T22:31:20.243+0000] {taskinstance.py:1289} INFO - Starting attempt 1 of 1
[2023-06-21T22:31:20.244+0000] {taskinstance.py:1290} INFO - 
--------------------------------------------------------------------------------
[2023-06-21T22:31:20.251+0000] {taskinstance.py:1309} INFO - Executing <Task(BashOperator): pwd2> on 2023-06-21 22:30:16.386037+00:00
[2023-06-21T22:31:20.255+0000] {standard_task_runner.py:55} INFO - Started process 6835 to run task
[2023-06-21T22:31:20.258+0000] {standard_task_runner.py:82} INFO - Running: ['***', 'tasks', 'run', 'showpulse_dbt_dag', 'pwd2', 'scheduled__2023-06-21T22:30:16.386037+00:00', '--job-id', '1073', '--raw', '--subdir', 'DAGS_FOLDER/dbt_run.py', '--cfg-path', '/tmp/tmpvnpfel12']
[2023-06-21T22:31:20.259+0000] {standard_task_runner.py:83} INFO - Job 1073: Subtask pwd2
[2023-06-21T22:31:20.315+0000] {task_command.py:389} INFO - Running <TaskInstance: showpulse_dbt_dag.pwd2 scheduled__2023-06-21T22:30:16.386037+00:00 [running]> on host 62cfed75eae1
[2023-06-21T22:31:20.367+0000] {taskinstance.py:1518} INFO - Exporting the following env vars:
AIRFLOW_CTX_DAG_OWNER=nburkett
AIRFLOW_CTX_DAG_ID=showpulse_dbt_dag
AIRFLOW_CTX_TASK_ID=pwd2
AIRFLOW_CTX_EXECUTION_DATE=2023-06-21T22:30:16.386037+00:00
AIRFLOW_CTX_TRY_NUMBER=1
AIRFLOW_CTX_DAG_RUN_ID=scheduled__2023-06-21T22:30:16.386037+00:00
[2023-06-21T22:31:20.368+0000] {subprocess.py:63} INFO - Tmp dir root location: 
 /tmp
[2023-06-21T22:31:20.369+0000] {subprocess.py:75} INFO - Running command: ['/bin/bash', '-c', 'cd /dbt/ticketmaster_transformation && pwd && ls']
[2023-06-21T22:31:20.379+0000] {subprocess.py:86} INFO - Output:
[2023-06-21T22:31:20.381+0000] {subprocess.py:93} INFO - /dbt/ticketmaster_transformation
[2023-06-21T22:31:20.383+0000] {subprocess.py:93} INFO - README.md
[2023-06-21T22:31:20.383+0000] {subprocess.py:93} INFO - analyses
[2023-06-21T22:31:20.384+0000] {subprocess.py:93} INFO - dbt_packages
[2023-06-21T22:31:20.384+0000] {subprocess.py:93} INFO - dbt_project.yml
[2023-06-21T22:31:20.385+0000] {subprocess.py:93} INFO - logs
[2023-06-21T22:31:20.385+0000] {subprocess.py:93} INFO - macros
[2023-06-21T22:31:20.385+0000] {subprocess.py:93} INFO - models
[2023-06-21T22:31:20.386+0000] {subprocess.py:93} INFO - profiles.yml
[2023-06-21T22:31:20.386+0000] {subprocess.py:93} INFO - seeds
[2023-06-21T22:31:20.387+0000] {subprocess.py:93} INFO - snapshots
[2023-06-21T22:31:20.387+0000] {subprocess.py:93} INFO - target
[2023-06-21T22:31:20.387+0000] {subprocess.py:93} INFO - tests
[2023-06-21T22:31:20.388+0000] {subprocess.py:97} INFO - Command exited with return code 0
[2023-06-21T22:31:20.410+0000] {taskinstance.py:1332} INFO - Marking task as SUCCESS. dag_id=showpulse_dbt_dag, task_id=pwd2, execution_date=20230621T223016, start_date=20230621T223120, end_date=20230621T223120
[2023-06-21T22:31:20.431+0000] {local_task_job.py:212} INFO - Task exited with return code 0
[2023-06-21T22:31:20.450+0000] {taskinstance.py:2596} INFO - 1 downstream tasks scheduled from follow-on schedule check
