[2023-06-22T05:45:20.401+0000] {taskinstance.py:1090} INFO - Dependencies all met for dep_context=non-requeueable deps ti=<TaskInstance: showpulse_dbt_dag.dbt_run scheduled__2023-06-22T05:44:15.999001+00:00 [queued]>
[2023-06-22T05:45:20.408+0000] {taskinstance.py:1090} INFO - Dependencies all met for dep_context=requeueable deps ti=<TaskInstance: showpulse_dbt_dag.dbt_run scheduled__2023-06-22T05:44:15.999001+00:00 [queued]>
[2023-06-22T05:45:20.408+0000] {taskinstance.py:1288} INFO - 
--------------------------------------------------------------------------------
[2023-06-22T05:45:20.409+0000] {taskinstance.py:1289} INFO - Starting attempt 1 of 1
[2023-06-22T05:45:20.409+0000] {taskinstance.py:1290} INFO - 
--------------------------------------------------------------------------------
[2023-06-22T05:45:20.417+0000] {taskinstance.py:1309} INFO - Executing <Task(BashOperator): dbt_run> on 2023-06-22 05:44:15.999001+00:00
[2023-06-22T05:45:20.420+0000] {standard_task_runner.py:55} INFO - Started process 15657 to run task
[2023-06-22T05:45:20.424+0000] {standard_task_runner.py:82} INFO - Running: ['***', 'tasks', 'run', 'showpulse_dbt_dag', 'dbt_run', 'scheduled__2023-06-22T05:44:15.999001+00:00', '--job-id', '1818', '--raw', '--subdir', 'DAGS_FOLDER/dbt_run.py', '--cfg-path', '/tmp/tmp1cww5s6w']
[2023-06-22T05:45:20.425+0000] {standard_task_runner.py:83} INFO - Job 1818: Subtask dbt_run
[2023-06-22T05:45:20.478+0000] {task_command.py:389} INFO - Running <TaskInstance: showpulse_dbt_dag.dbt_run scheduled__2023-06-22T05:44:15.999001+00:00 [running]> on host 62cfed75eae1
[2023-06-22T05:45:20.529+0000] {taskinstance.py:1518} INFO - Exporting the following env vars:
AIRFLOW_CTX_DAG_OWNER=nburkett
AIRFLOW_CTX_DAG_ID=showpulse_dbt_dag
AIRFLOW_CTX_TASK_ID=dbt_run
AIRFLOW_CTX_EXECUTION_DATE=2023-06-22T05:44:15.999001+00:00
AIRFLOW_CTX_TRY_NUMBER=1
AIRFLOW_CTX_DAG_RUN_ID=scheduled__2023-06-22T05:44:15.999001+00:00
[2023-06-22T05:45:20.530+0000] {subprocess.py:63} INFO - Tmp dir root location: 
 /tmp
[2023-06-22T05:45:20.531+0000] {subprocess.py:75} INFO - Running command: ['/bin/bash', '-c', 'cd /dbt/ticketmaster_transformation && dbt run']
[2023-06-22T05:45:20.539+0000] {subprocess.py:86} INFO - Output:
[2023-06-22T05:45:21.739+0000] {subprocess.py:93} INFO - [0m05:45:21  Running with dbt=1.5.1
[2023-06-22T05:45:22.209+0000] {subprocess.py:93} INFO - [0m05:45:22  Found 4 models, 0 tests, 0 snapshots, 0 analyses, 356 macros, 0 operations, 0 seed files, 3 sources, 0 exposures, 0 metrics, 0 groups
[2023-06-22T05:45:22.212+0000] {subprocess.py:93} INFO - [0m05:45:22
[2023-06-22T05:45:22.929+0000] {subprocess.py:93} INFO - [0m05:45:22  Concurrency: 4 threads (target='dev')
[2023-06-22T05:45:22.932+0000] {subprocess.py:93} INFO - [0m05:45:22
[2023-06-22T05:45:22.943+0000] {subprocess.py:93} INFO - [0m05:45:22  1 of 4 START sql table model twitter_kafka_pyspark_test.distinct_data .......... [RUN]
[2023-06-22T05:45:22.945+0000] {subprocess.py:93} INFO - [0m05:45:22  2 of 4 START sql table model twitter_kafka_pyspark_test.dm_events .............. [RUN]
[2023-06-22T05:45:22.947+0000] {subprocess.py:93} INFO - [0m05:45:22  3 of 4 START sql table model twitter_kafka_pyspark_test.my_first_dbt_model ..... [RUN]
[2023-06-22T05:45:26.579+0000] {subprocess.py:93} INFO - [0m05:45:26  1 of 4 OK created sql table model twitter_kafka_pyspark_test.distinct_data ..... [[32mCREATE TABLE (1.1k rows, 638.3 KiB processed)[0m in 3.63s]
[2023-06-22T05:45:26.580+0000] {subprocess.py:93} INFO - [0m05:45:26  3 of 4 OK created sql table model twitter_kafka_pyspark_test.my_first_dbt_model  [[32mCREATE TABLE (2.0 rows, 0 processed)[0m in 3.62s]
[2023-06-22T05:45:26.582+0000] {subprocess.py:93} INFO - [0m05:45:26  2 of 4 OK created sql table model twitter_kafka_pyspark_test.dm_events ......... [[32mCREATE TABLE (1.3k rows, 178.2 KiB processed)[0m in 3.62s]
[2023-06-22T05:45:26.589+0000] {subprocess.py:93} INFO - [0m05:45:26  4 of 4 START sql view model twitter_kafka_pyspark_test.my_second_dbt_model ..... [RUN]
[2023-06-22T05:45:27.794+0000] {subprocess.py:93} INFO - [0m05:45:27  4 of 4 OK created sql view model twitter_kafka_pyspark_test.my_second_dbt_model  [[32mCREATE VIEW (0 processed)[0m in 1.20s]
[2023-06-22T05:45:27.847+0000] {subprocess.py:93} INFO - [0m05:45:27
[2023-06-22T05:45:27.849+0000] {subprocess.py:93} INFO - [0m05:45:27  Finished running 3 table models, 1 view model in 0 hours 0 minutes and 5.63 seconds (5.63s).
[2023-06-22T05:45:27.881+0000] {subprocess.py:93} INFO - [0m05:45:27
[2023-06-22T05:45:27.881+0000] {subprocess.py:93} INFO - [0m05:45:27  [32mCompleted successfully[0m
[2023-06-22T05:45:27.883+0000] {subprocess.py:93} INFO - [0m05:45:27
[2023-06-22T05:45:27.886+0000] {subprocess.py:93} INFO - [0m05:45:27  Done. PASS=4 WARN=0 ERROR=0 SKIP=0 TOTAL=4
[2023-06-22T05:45:28.308+0000] {subprocess.py:97} INFO - Command exited with return code 0
[2023-06-22T05:45:28.332+0000] {taskinstance.py:1332} INFO - Marking task as SUCCESS. dag_id=showpulse_dbt_dag, task_id=dbt_run, execution_date=20230622T054415, start_date=20230622T054520, end_date=20230622T054528
[2023-06-22T05:45:28.352+0000] {local_task_job.py:212} INFO - Task exited with return code 0
[2023-06-22T05:45:28.365+0000] {taskinstance.py:2596} INFO - 0 downstream tasks scheduled from follow-on schedule check
