[2023-06-21T14:44:14.041+0000] {taskinstance.py:1090} INFO - Dependencies all met for dep_context=non-requeueable deps ti=<TaskInstance: showpulse_dbt_dag.dbt_run scheduled__2023-06-21T14:43:09.458699+00:00 [queued]>
[2023-06-21T14:44:14.049+0000] {taskinstance.py:1090} INFO - Dependencies all met for dep_context=requeueable deps ti=<TaskInstance: showpulse_dbt_dag.dbt_run scheduled__2023-06-21T14:43:09.458699+00:00 [queued]>
[2023-06-21T14:44:14.049+0000] {taskinstance.py:1288} INFO - 
--------------------------------------------------------------------------------
[2023-06-21T14:44:14.050+0000] {taskinstance.py:1289} INFO - Starting attempt 1 of 1
[2023-06-21T14:44:14.050+0000] {taskinstance.py:1290} INFO - 
--------------------------------------------------------------------------------
[2023-06-21T14:44:14.060+0000] {taskinstance.py:1309} INFO - Executing <Task(BashOperator): dbt_run> on 2023-06-21 14:43:09.458699+00:00
[2023-06-21T14:44:14.065+0000] {standard_task_runner.py:55} INFO - Started process 4356 to run task
[2023-06-21T14:44:14.069+0000] {standard_task_runner.py:82} INFO - Running: ['***', 'tasks', 'run', 'showpulse_dbt_dag', 'dbt_run', 'scheduled__2023-06-21T14:43:09.458699+00:00', '--job-id', '798', '--raw', '--subdir', 'DAGS_FOLDER/dbt_run.py', '--cfg-path', '/tmp/tmp2lyh6_lm']
[2023-06-21T14:44:14.070+0000] {standard_task_runner.py:83} INFO - Job 798: Subtask dbt_run
[2023-06-21T14:44:14.141+0000] {task_command.py:389} INFO - Running <TaskInstance: showpulse_dbt_dag.dbt_run scheduled__2023-06-21T14:43:09.458699+00:00 [running]> on host 62cfed75eae1
[2023-06-21T14:44:14.202+0000] {taskinstance.py:1518} INFO - Exporting the following env vars:
AIRFLOW_CTX_DAG_OWNER=nburkett
AIRFLOW_CTX_DAG_ID=showpulse_dbt_dag
AIRFLOW_CTX_TASK_ID=dbt_run
AIRFLOW_CTX_EXECUTION_DATE=2023-06-21T14:43:09.458699+00:00
AIRFLOW_CTX_TRY_NUMBER=1
AIRFLOW_CTX_DAG_RUN_ID=scheduled__2023-06-21T14:43:09.458699+00:00
[2023-06-21T14:44:14.203+0000] {subprocess.py:63} INFO - Tmp dir root location: 
 /tmp
[2023-06-21T14:44:14.205+0000] {subprocess.py:75} INFO - Running command: ['/bin/bash', '-c', 'cd /dbt/ticketmaster_transformation && dbt run']
[2023-06-21T14:44:14.215+0000] {subprocess.py:86} INFO - Output:
[2023-06-21T14:44:15.599+0000] {subprocess.py:93} INFO - [0m14:44:15  Running with dbt=1.5.1
[2023-06-21T14:44:16.112+0000] {subprocess.py:93} INFO - [0m14:44:16  Found 4 models, 0 tests, 0 snapshots, 0 analyses, 356 macros, 0 operations, 0 seed files, 3 sources, 0 exposures, 0 metrics, 0 groups
[2023-06-21T14:44:16.115+0000] {subprocess.py:93} INFO - [0m14:44:16
[2023-06-21T14:44:16.792+0000] {subprocess.py:93} INFO - [0m14:44:16  Concurrency: 4 threads (target='dev')
[2023-06-21T14:44:16.794+0000] {subprocess.py:93} INFO - [0m14:44:16
[2023-06-21T14:44:16.808+0000] {subprocess.py:93} INFO - [0m14:44:16  1 of 4 START sql table model twitter_kafka_pyspark_test.distinct_data .......... [RUN]
[2023-06-21T14:44:16.810+0000] {subprocess.py:93} INFO - [0m14:44:16  2 of 4 START sql table model twitter_kafka_pyspark_test.dm_events .............. [RUN]
[2023-06-21T14:44:16.812+0000] {subprocess.py:93} INFO - [0m14:44:16  3 of 4 START sql table model twitter_kafka_pyspark_test.my_first_dbt_model ..... [RUN]
[2023-06-21T14:47:40.235+0000] {subprocess.py:93} INFO - [0m14:47:40  1 of 4 OK created sql table model twitter_kafka_pyspark_test.distinct_data ..... [[32mCREATE TABLE (1.1k rows, 638.3 KiB processed)[0m in 203.41s]
[2023-06-21T14:47:41.597+0000] {subprocess.py:93} INFO - [0m14:47:41  2 of 4 OK created sql table model twitter_kafka_pyspark_test.dm_events ......... [[32mCREATE TABLE (1.3k rows, 178.2 KiB processed)[0m in 204.78s]
[2023-06-21T14:47:42.053+0000] {subprocess.py:93} INFO - [0m14:47:42  3 of 4 OK created sql table model twitter_kafka_pyspark_test.my_first_dbt_model  [[32mCREATE TABLE (2.0 rows, 0 processed)[0m in 205.23s]
[2023-06-21T14:47:42.062+0000] {subprocess.py:93} INFO - [0m14:47:42  4 of 4 START sql view model twitter_kafka_pyspark_test.my_second_dbt_model ..... [RUN]
[2023-06-21T14:47:43.032+0000] {subprocess.py:93} INFO - [0m14:47:43  4 of 4 OK created sql view model twitter_kafka_pyspark_test.my_second_dbt_model  [[32mCREATE VIEW (0 processed)[0m in 0.96s]
[2023-06-21T14:47:43.139+0000] {subprocess.py:93} INFO - [0m14:47:43
[2023-06-21T14:47:43.141+0000] {subprocess.py:93} INFO - [0m14:47:43  Finished running 3 table models, 1 view model in 0 hours 3 minutes and 27.02 seconds (207.02s).
[2023-06-21T14:47:43.168+0000] {subprocess.py:93} INFO - [0m14:47:43
[2023-06-21T14:47:43.169+0000] {subprocess.py:93} INFO - [0m14:47:43  [32mCompleted successfully[0m
[2023-06-21T14:47:43.170+0000] {subprocess.py:93} INFO - [0m14:47:43
[2023-06-21T14:47:43.172+0000] {subprocess.py:93} INFO - [0m14:47:43  Done. PASS=4 WARN=0 ERROR=0 SKIP=0 TOTAL=4
[2023-06-21T14:47:43.769+0000] {subprocess.py:97} INFO - Command exited with return code 0
[2023-06-21T14:47:43.813+0000] {taskinstance.py:1332} INFO - Marking task as SUCCESS. dag_id=showpulse_dbt_dag, task_id=dbt_run, execution_date=20230621T144309, start_date=20230621T144414, end_date=20230621T144743
[2023-06-21T14:47:43.890+0000] {local_task_job.py:212} INFO - Task exited with return code 0
[2023-06-21T14:47:43.909+0000] {taskinstance.py:2596} INFO - 0 downstream tasks scheduled from follow-on schedule check
