[2023-06-21T00:35:47.529+0000] {taskinstance.py:1090} INFO - Dependencies all met for dep_context=non-requeueable deps ti=<TaskInstance: showpulse_dbt_dag.dbt_run scheduled__2023-06-21T00:34:43.539608+00:00 [queued]>
[2023-06-21T00:35:47.536+0000] {taskinstance.py:1090} INFO - Dependencies all met for dep_context=requeueable deps ti=<TaskInstance: showpulse_dbt_dag.dbt_run scheduled__2023-06-21T00:34:43.539608+00:00 [queued]>
[2023-06-21T00:35:47.537+0000] {taskinstance.py:1288} INFO - 
--------------------------------------------------------------------------------
[2023-06-21T00:35:47.537+0000] {taskinstance.py:1289} INFO - Starting attempt 1 of 1
[2023-06-21T00:35:47.538+0000] {taskinstance.py:1290} INFO - 
--------------------------------------------------------------------------------
[2023-06-21T00:35:47.546+0000] {taskinstance.py:1309} INFO - Executing <Task(BashOperator): dbt_run> on 2023-06-21 00:34:43.539608+00:00
[2023-06-21T00:35:47.550+0000] {standard_task_runner.py:55} INFO - Started process 745 to run task
[2023-06-21T00:35:47.554+0000] {standard_task_runner.py:82} INFO - Running: ['***', 'tasks', 'run', 'showpulse_dbt_dag', 'dbt_run', 'scheduled__2023-06-21T00:34:43.539608+00:00', '--job-id', '438', '--raw', '--subdir', 'DAGS_FOLDER/dbt_run.py', '--cfg-path', '/tmp/tmp_nsq4_v4']
[2023-06-21T00:35:47.555+0000] {standard_task_runner.py:83} INFO - Job 438: Subtask dbt_run
[2023-06-21T00:35:47.616+0000] {task_command.py:389} INFO - Running <TaskInstance: showpulse_dbt_dag.dbt_run scheduled__2023-06-21T00:34:43.539608+00:00 [running]> on host 62cfed75eae1
[2023-06-21T00:35:47.674+0000] {taskinstance.py:1518} INFO - Exporting the following env vars:
AIRFLOW_CTX_DAG_OWNER=nburkett
AIRFLOW_CTX_DAG_ID=showpulse_dbt_dag
AIRFLOW_CTX_TASK_ID=dbt_run
AIRFLOW_CTX_EXECUTION_DATE=2023-06-21T00:34:43.539608+00:00
AIRFLOW_CTX_TRY_NUMBER=1
AIRFLOW_CTX_DAG_RUN_ID=scheduled__2023-06-21T00:34:43.539608+00:00
[2023-06-21T00:35:47.675+0000] {subprocess.py:63} INFO - Tmp dir root location: 
 /tmp
[2023-06-21T00:35:47.676+0000] {subprocess.py:75} INFO - Running command: ['/bin/bash', '-c', 'cd /dbt/ticketmaster_transformation && dbt run']
[2023-06-21T00:35:47.685+0000] {subprocess.py:86} INFO - Output:
[2023-06-21T00:35:49.021+0000] {subprocess.py:93} INFO - [0m00:35:49  Running with dbt=1.5.1
[2023-06-21T00:35:49.530+0000] {subprocess.py:93} INFO - [0m00:35:49  Found 4 models, 0 tests, 0 snapshots, 0 analyses, 356 macros, 0 operations, 0 seed files, 3 sources, 0 exposures, 0 metrics, 0 groups
[2023-06-21T00:35:49.533+0000] {subprocess.py:93} INFO - [0m00:35:49
[2023-06-21T00:35:50.309+0000] {subprocess.py:93} INFO - [0m00:35:50  Concurrency: 4 threads (target='dev')
[2023-06-21T00:35:50.312+0000] {subprocess.py:93} INFO - [0m00:35:50
[2023-06-21T00:35:50.328+0000] {subprocess.py:93} INFO - [0m00:35:50  1 of 4 START sql table model twitter_kafka_pyspark_test.distinct_data .......... [RUN]
[2023-06-21T00:35:50.331+0000] {subprocess.py:93} INFO - [0m00:35:50  2 of 4 START sql table model twitter_kafka_pyspark_test.dm_events .............. [RUN]
[2023-06-21T00:35:50.333+0000] {subprocess.py:93} INFO - [0m00:35:50  3 of 4 START sql table model twitter_kafka_pyspark_test.my_first_dbt_model ..... [RUN]
[2023-06-21T00:35:53.616+0000] {subprocess.py:93} INFO - [0m00:35:53  1 of 4 OK created sql table model twitter_kafka_pyspark_test.distinct_data ..... [[32mCREATE TABLE (1.1k rows, 638.3 KiB processed)[0m in 3.27s]
[2023-06-21T00:35:53.636+0000] {subprocess.py:93} INFO - [0m00:35:53  2 of 4 OK created sql table model twitter_kafka_pyspark_test.dm_events ......... [[32mCREATE TABLE (1.3k rows, 178.2 KiB processed)[0m in 3.29s]
[2023-06-21T00:35:53.641+0000] {subprocess.py:93} INFO - [0m00:35:53  3 of 4 OK created sql table model twitter_kafka_pyspark_test.my_first_dbt_model  [[32mCREATE TABLE (2.0 rows, 0 processed)[0m in 3.30s]
[2023-06-21T00:35:53.648+0000] {subprocess.py:93} INFO - [0m00:35:53  4 of 4 START sql view model twitter_kafka_pyspark_test.my_second_dbt_model ..... [RUN]
[2023-06-21T00:35:54.700+0000] {subprocess.py:93} INFO - [0m00:35:54  4 of 4 OK created sql view model twitter_kafka_pyspark_test.my_second_dbt_model  [[32mCREATE VIEW (0 processed)[0m in 1.05s]
[2023-06-21T00:35:54.794+0000] {subprocess.py:93} INFO - [0m00:35:54
[2023-06-21T00:35:54.796+0000] {subprocess.py:93} INFO - [0m00:35:54  Finished running 3 table models, 1 view model in 0 hours 0 minutes and 5.26 seconds (5.26s).
[2023-06-21T00:35:54.834+0000] {subprocess.py:93} INFO - [0m00:35:54
[2023-06-21T00:35:54.836+0000] {subprocess.py:93} INFO - [0m00:35:54  [32mCompleted successfully[0m
[2023-06-21T00:35:54.837+0000] {subprocess.py:93} INFO - [0m00:35:54
[2023-06-21T00:35:54.839+0000] {subprocess.py:93} INFO - [0m00:35:54  Done. PASS=4 WARN=0 ERROR=0 SKIP=0 TOTAL=4
[2023-06-21T00:35:55.450+0000] {subprocess.py:97} INFO - Command exited with return code 0
[2023-06-21T00:35:55.488+0000] {taskinstance.py:1332} INFO - Marking task as SUCCESS. dag_id=showpulse_dbt_dag, task_id=dbt_run, execution_date=20230621T003443, start_date=20230621T003547, end_date=20230621T003555
[2023-06-21T00:35:55.551+0000] {local_task_job.py:212} INFO - Task exited with return code 0
[2023-06-21T00:35:55.569+0000] {taskinstance.py:2596} INFO - 0 downstream tasks scheduled from follow-on schedule check
