[2023-06-17T21:34:07.865+0000] {taskinstance.py:1090} INFO - Dependencies all met for dep_context=non-requeueable deps ti=<TaskInstance: showpulse_dbt_dag.pwd2 manual__2023-06-17T21:11:58.487136+00:00 [queued]>
[2023-06-17T21:34:07.874+0000] {taskinstance.py:1090} INFO - Dependencies all met for dep_context=requeueable deps ti=<TaskInstance: showpulse_dbt_dag.pwd2 manual__2023-06-17T21:11:58.487136+00:00 [queued]>
[2023-06-17T21:34:07.875+0000] {taskinstance.py:1288} INFO - 
--------------------------------------------------------------------------------
[2023-06-17T21:34:07.875+0000] {taskinstance.py:1289} INFO - Starting attempt 1 of 1
[2023-06-17T21:34:07.876+0000] {taskinstance.py:1290} INFO - 
--------------------------------------------------------------------------------
[2023-06-17T21:34:07.894+0000] {taskinstance.py:1309} INFO - Executing <Task(BashOperator): pwd2> on 2023-06-17 21:11:58.487136+00:00
[2023-06-17T21:34:07.899+0000] {standard_task_runner.py:55} INFO - Started process 1684 to run task
[2023-06-17T21:34:07.912+0000] {standard_task_runner.py:82} INFO - Running: ['***', 'tasks', 'run', 'showpulse_dbt_dag', 'pwd2', 'manual__2023-06-17T21:11:58.487136+00:00', '--job-id', '273', '--raw', '--subdir', 'DAGS_FOLDER/dbt_run.py', '--cfg-path', '/tmp/tmpzd6xoujn']
[2023-06-17T21:34:07.922+0000] {standard_task_runner.py:83} INFO - Job 273: Subtask pwd2
[2023-06-17T21:34:07.979+0000] {task_command.py:389} INFO - Running <TaskInstance: showpulse_dbt_dag.pwd2 manual__2023-06-17T21:11:58.487136+00:00 [running]> on host e60c8c77cdf9
[2023-06-17T21:34:08.038+0000] {taskinstance.py:1518} INFO - Exporting the following env vars:
AIRFLOW_CTX_DAG_OWNER=nburkett
AIRFLOW_CTX_DAG_ID=showpulse_dbt_dag
AIRFLOW_CTX_TASK_ID=pwd2
AIRFLOW_CTX_EXECUTION_DATE=2023-06-17T21:11:58.487136+00:00
AIRFLOW_CTX_TRY_NUMBER=1
AIRFLOW_CTX_DAG_RUN_ID=manual__2023-06-17T21:11:58.487136+00:00
[2023-06-17T21:34:08.040+0000] {subprocess.py:63} INFO - Tmp dir root location: 
 /tmp
[2023-06-17T21:34:08.041+0000] {subprocess.py:75} INFO - Running command: ['/bin/bash', '-c', 'pwd && ls']
[2023-06-17T21:34:08.052+0000] {subprocess.py:86} INFO - Output:
[2023-06-17T21:34:08.054+0000] {subprocess.py:93} INFO - /tmp/***tmpqqgqqn6a
[2023-06-17T21:34:08.056+0000] {subprocess.py:97} INFO - Command exited with return code 0
[2023-06-17T21:34:08.088+0000] {taskinstance.py:1332} INFO - Marking task as SUCCESS. dag_id=showpulse_dbt_dag, task_id=pwd2, execution_date=20230617T211158, start_date=20230617T213407, end_date=20230617T213408
[2023-06-17T21:34:08.116+0000] {local_task_job.py:212} INFO - Task exited with return code 0
[2023-06-17T21:34:08.138+0000] {taskinstance.py:2596} INFO - 1 downstream tasks scheduled from follow-on schedule check
