[2023-06-17T21:43:50.620+0000] {taskinstance.py:1090} INFO - Dependencies all met for dep_context=non-requeueable deps ti=<TaskInstance: showpulse_dbt_dag.pwd2 manual__2023-06-17T21:11:58.487136+00:00 [queued]>
[2023-06-17T21:43:50.626+0000] {taskinstance.py:1090} INFO - Dependencies all met for dep_context=requeueable deps ti=<TaskInstance: showpulse_dbt_dag.pwd2 manual__2023-06-17T21:11:58.487136+00:00 [queued]>
[2023-06-17T21:43:50.627+0000] {taskinstance.py:1288} INFO - 
--------------------------------------------------------------------------------
[2023-06-17T21:43:50.627+0000] {taskinstance.py:1289} INFO - Starting attempt 4 of 4
[2023-06-17T21:43:50.628+0000] {taskinstance.py:1290} INFO - 
--------------------------------------------------------------------------------
[2023-06-17T21:43:50.635+0000] {taskinstance.py:1309} INFO - Executing <Task(BashOperator): pwd2> on 2023-06-17 21:11:58.487136+00:00
[2023-06-17T21:43:50.639+0000] {standard_task_runner.py:55} INFO - Started process 123 to run task
[2023-06-17T21:43:50.642+0000] {standard_task_runner.py:82} INFO - Running: ['***', 'tasks', 'run', 'showpulse_dbt_dag', 'pwd2', 'manual__2023-06-17T21:11:58.487136+00:00', '--job-id', '287', '--raw', '--subdir', 'DAGS_FOLDER/dbt_run.py', '--cfg-path', '/tmp/tmpdl9gkouz']
[2023-06-17T21:43:50.643+0000] {standard_task_runner.py:83} INFO - Job 287: Subtask pwd2
[2023-06-17T21:43:50.692+0000] {task_command.py:389} INFO - Running <TaskInstance: showpulse_dbt_dag.pwd2 manual__2023-06-17T21:11:58.487136+00:00 [running]> on host e60c8c77cdf9
[2023-06-17T21:43:50.738+0000] {taskinstance.py:1518} INFO - Exporting the following env vars:
AIRFLOW_CTX_DAG_OWNER=nburkett
AIRFLOW_CTX_DAG_ID=showpulse_dbt_dag
AIRFLOW_CTX_TASK_ID=pwd2
AIRFLOW_CTX_EXECUTION_DATE=2023-06-17T21:11:58.487136+00:00
AIRFLOW_CTX_TRY_NUMBER=4
AIRFLOW_CTX_DAG_RUN_ID=manual__2023-06-17T21:11:58.487136+00:00
[2023-06-17T21:43:50.740+0000] {subprocess.py:63} INFO - Tmp dir root location: 
 /tmp
[2023-06-17T21:43:50.741+0000] {subprocess.py:75} INFO - Running command: ['/bin/bash', '-c', 'pwd && ls']
[2023-06-17T21:43:50.749+0000] {subprocess.py:86} INFO - Output:
[2023-06-17T21:43:50.751+0000] {subprocess.py:93} INFO - /tmp/***tmp0_ad7dio
[2023-06-17T21:43:50.753+0000] {subprocess.py:97} INFO - Command exited with return code 0
[2023-06-17T21:43:50.773+0000] {taskinstance.py:1332} INFO - Marking task as SUCCESS. dag_id=showpulse_dbt_dag, task_id=pwd2, execution_date=20230617T211158, start_date=20230617T214350, end_date=20230617T214350
[2023-06-17T21:43:50.815+0000] {local_task_job.py:212} INFO - Task exited with return code 0
[2023-06-17T21:43:50.833+0000] {taskinstance.py:2596} INFO - 1 downstream tasks scheduled from follow-on schedule check
