[2023-06-21T23:55:23.519+0000] {taskinstance.py:1090} INFO - Dependencies all met for dep_context=non-requeueable deps ti=<TaskInstance: showpulse_dbt_dag.dbt_run scheduled__2023-06-21T23:54:19.542692+00:00 [queued]>
[2023-06-21T23:55:23.525+0000] {taskinstance.py:1090} INFO - Dependencies all met for dep_context=requeueable deps ti=<TaskInstance: showpulse_dbt_dag.dbt_run scheduled__2023-06-21T23:54:19.542692+00:00 [queued]>
[2023-06-21T23:55:23.526+0000] {taskinstance.py:1288} INFO - 
--------------------------------------------------------------------------------
[2023-06-21T23:55:23.526+0000] {taskinstance.py:1289} INFO - Starting attempt 1 of 1
[2023-06-21T23:55:23.527+0000] {taskinstance.py:1290} INFO - 
--------------------------------------------------------------------------------
[2023-06-21T23:55:23.535+0000] {taskinstance.py:1309} INFO - Executing <Task(BashOperator): dbt_run> on 2023-06-21 23:54:19.542692+00:00
[2023-06-21T23:55:23.539+0000] {standard_task_runner.py:55} INFO - Started process 8653 to run task
[2023-06-21T23:55:23.542+0000] {standard_task_runner.py:82} INFO - Running: ['***', 'tasks', 'run', 'showpulse_dbt_dag', 'dbt_run', 'scheduled__2023-06-21T23:54:19.542692+00:00', '--job-id', '1234', '--raw', '--subdir', 'DAGS_FOLDER/dbt_run.py', '--cfg-path', '/tmp/tmptmoiolfg']
[2023-06-21T23:55:23.543+0000] {standard_task_runner.py:83} INFO - Job 1234: Subtask dbt_run
[2023-06-21T23:55:23.596+0000] {task_command.py:389} INFO - Running <TaskInstance: showpulse_dbt_dag.dbt_run scheduled__2023-06-21T23:54:19.542692+00:00 [running]> on host 62cfed75eae1
[2023-06-21T23:55:23.644+0000] {taskinstance.py:1518} INFO - Exporting the following env vars:
AIRFLOW_CTX_DAG_OWNER=nburkett
AIRFLOW_CTX_DAG_ID=showpulse_dbt_dag
AIRFLOW_CTX_TASK_ID=dbt_run
AIRFLOW_CTX_EXECUTION_DATE=2023-06-21T23:54:19.542692+00:00
AIRFLOW_CTX_TRY_NUMBER=1
AIRFLOW_CTX_DAG_RUN_ID=scheduled__2023-06-21T23:54:19.542692+00:00
[2023-06-21T23:55:23.645+0000] {subprocess.py:63} INFO - Tmp dir root location: 
 /tmp
[2023-06-21T23:55:23.646+0000] {subprocess.py:75} INFO - Running command: ['/bin/bash', '-c', 'cd /dbt/ticketmaster_transformation && dbt run']
[2023-06-21T23:55:23.655+0000] {subprocess.py:86} INFO - Output:
[2023-06-21T23:55:24.852+0000] {subprocess.py:93} INFO - [0m23:55:24  Running with dbt=1.5.1
[2023-06-21T23:55:25.308+0000] {subprocess.py:93} INFO - [0m23:55:25  Found 4 models, 0 tests, 0 snapshots, 0 analyses, 356 macros, 0 operations, 0 seed files, 3 sources, 0 exposures, 0 metrics, 0 groups
[2023-06-21T23:55:25.311+0000] {subprocess.py:93} INFO - [0m23:55:25
[2023-06-21T23:55:26.055+0000] {subprocess.py:93} INFO - [0m23:55:26  Concurrency: 4 threads (target='dev')
[2023-06-21T23:55:26.058+0000] {subprocess.py:93} INFO - [0m23:55:26
[2023-06-21T23:55:26.071+0000] {subprocess.py:93} INFO - [0m23:55:26  1 of 4 START sql table model twitter_kafka_pyspark_test.distinct_data .......... [RUN]
[2023-06-21T23:55:26.073+0000] {subprocess.py:93} INFO - [0m23:55:26  2 of 4 START sql table model twitter_kafka_pyspark_test.dm_events .............. [RUN]
[2023-06-21T23:55:26.075+0000] {subprocess.py:93} INFO - [0m23:55:26  3 of 4 START sql table model twitter_kafka_pyspark_test.my_first_dbt_model ..... [RUN]
[2023-06-21T23:55:28.762+0000] {subprocess.py:93} INFO - [0m23:55:28  3 of 4 OK created sql table model twitter_kafka_pyspark_test.my_first_dbt_model  [[32mCREATE TABLE (2.0 rows, 0 processed)[0m in 2.68s]
[2023-06-21T23:55:28.767+0000] {subprocess.py:93} INFO - [0m23:55:28  4 of 4 START sql view model twitter_kafka_pyspark_test.my_second_dbt_model ..... [RUN]
[2023-06-21T23:55:28.882+0000] {subprocess.py:93} INFO - [0m23:55:28  2 of 4 OK created sql table model twitter_kafka_pyspark_test.dm_events ......... [[32mCREATE TABLE (1.3k rows, 178.2 KiB processed)[0m in 2.80s]
[2023-06-21T23:55:28.910+0000] {subprocess.py:93} INFO - [0m23:55:28  1 of 4 OK created sql table model twitter_kafka_pyspark_test.distinct_data ..... [[32mCREATE TABLE (1.1k rows, 638.3 KiB processed)[0m in 2.83s]
[2023-06-21T23:55:29.642+0000] {subprocess.py:93} INFO - [0m23:55:29  4 of 4 OK created sql view model twitter_kafka_pyspark_test.my_second_dbt_model  [[32mCREATE VIEW (0 processed)[0m in 0.87s]
[2023-06-21T23:55:29.763+0000] {subprocess.py:93} INFO - [0m23:55:29
[2023-06-21T23:55:29.766+0000] {subprocess.py:93} INFO - [0m23:55:29  Finished running 3 table models, 1 view model in 0 hours 0 minutes and 4.45 seconds (4.45s).
[2023-06-21T23:55:29.796+0000] {subprocess.py:93} INFO - [0m23:55:29
[2023-06-21T23:55:29.798+0000] {subprocess.py:93} INFO - [0m23:55:29  [32mCompleted successfully[0m
[2023-06-21T23:55:29.799+0000] {subprocess.py:93} INFO - [0m23:55:29
[2023-06-21T23:55:29.800+0000] {subprocess.py:93} INFO - [0m23:55:29  Done. PASS=4 WARN=0 ERROR=0 SKIP=0 TOTAL=4
[2023-06-21T23:55:30.232+0000] {subprocess.py:97} INFO - Command exited with return code 0
[2023-06-21T23:55:30.254+0000] {taskinstance.py:1332} INFO - Marking task as SUCCESS. dag_id=showpulse_dbt_dag, task_id=dbt_run, execution_date=20230621T235419, start_date=20230621T235523, end_date=20230621T235530
[2023-06-21T23:55:30.307+0000] {local_task_job.py:212} INFO - Task exited with return code 0
[2023-06-21T23:55:30.321+0000] {taskinstance.py:2596} INFO - 0 downstream tasks scheduled from follow-on schedule check
