[2023-06-22T11:18:21.179+0000] {taskinstance.py:1090} INFO - Dependencies all met for dep_context=non-requeueable deps ti=<TaskInstance: showpulse_dbt_dag.dbt_run scheduled__2023-06-22T11:17:16.880119+00:00 [queued]>
[2023-06-22T11:18:21.189+0000] {taskinstance.py:1090} INFO - Dependencies all met for dep_context=requeueable deps ti=<TaskInstance: showpulse_dbt_dag.dbt_run scheduled__2023-06-22T11:17:16.880119+00:00 [queued]>
[2023-06-22T11:18:21.190+0000] {taskinstance.py:1288} INFO - 
--------------------------------------------------------------------------------
[2023-06-22T11:18:21.191+0000] {taskinstance.py:1289} INFO - Starting attempt 1 of 1
[2023-06-22T11:18:21.191+0000] {taskinstance.py:1290} INFO - 
--------------------------------------------------------------------------------
[2023-06-22T11:18:21.199+0000] {taskinstance.py:1309} INFO - Executing <Task(BashOperator): dbt_run> on 2023-06-22 11:17:16.880119+00:00
[2023-06-22T11:18:21.204+0000] {standard_task_runner.py:55} INFO - Started process 16018 to run task
[2023-06-22T11:18:21.208+0000] {standard_task_runner.py:82} INFO - Running: ['***', 'tasks', 'run', 'showpulse_dbt_dag', 'dbt_run', 'scheduled__2023-06-22T11:17:16.880119+00:00', '--job-id', '1858', '--raw', '--subdir', 'DAGS_FOLDER/dbt_run.py', '--cfg-path', '/tmp/tmpsv3s207f']
[2023-06-22T11:18:21.209+0000] {standard_task_runner.py:83} INFO - Job 1858: Subtask dbt_run
[2023-06-22T11:18:21.263+0000] {task_command.py:389} INFO - Running <TaskInstance: showpulse_dbt_dag.dbt_run scheduled__2023-06-22T11:17:16.880119+00:00 [running]> on host 62cfed75eae1
[2023-06-22T11:18:21.317+0000] {taskinstance.py:1518} INFO - Exporting the following env vars:
AIRFLOW_CTX_DAG_OWNER=nburkett
AIRFLOW_CTX_DAG_ID=showpulse_dbt_dag
AIRFLOW_CTX_TASK_ID=dbt_run
AIRFLOW_CTX_EXECUTION_DATE=2023-06-22T11:17:16.880119+00:00
AIRFLOW_CTX_TRY_NUMBER=1
AIRFLOW_CTX_DAG_RUN_ID=scheduled__2023-06-22T11:17:16.880119+00:00
[2023-06-22T11:18:21.318+0000] {subprocess.py:63} INFO - Tmp dir root location: 
 /tmp
[2023-06-22T11:18:21.319+0000] {subprocess.py:75} INFO - Running command: ['/bin/bash', '-c', 'cd /dbt/ticketmaster_transformation && dbt run']
[2023-06-22T11:18:21.327+0000] {subprocess.py:86} INFO - Output:
[2023-06-22T11:18:22.679+0000] {subprocess.py:93} INFO - [0m11:18:22  Running with dbt=1.5.1
[2023-06-22T11:18:23.148+0000] {subprocess.py:93} INFO - [0m11:18:23  Found 4 models, 0 tests, 0 snapshots, 0 analyses, 356 macros, 0 operations, 0 seed files, 3 sources, 0 exposures, 0 metrics, 0 groups
[2023-06-22T11:18:23.152+0000] {subprocess.py:93} INFO - [0m11:18:23
[2023-06-22T11:18:24.090+0000] {subprocess.py:93} INFO - [0m11:18:24  Concurrency: 4 threads (target='dev')
[2023-06-22T11:18:24.092+0000] {subprocess.py:93} INFO - [0m11:18:24
[2023-06-22T11:18:24.100+0000] {subprocess.py:93} INFO - [0m11:18:24  1 of 4 START sql table model twitter_kafka_pyspark_test.distinct_data .......... [RUN]
[2023-06-22T11:18:24.101+0000] {subprocess.py:93} INFO - [0m11:18:24  2 of 4 START sql table model twitter_kafka_pyspark_test.dm_events .............. [RUN]
[2023-06-22T11:18:24.103+0000] {subprocess.py:93} INFO - [0m11:18:24  3 of 4 START sql table model twitter_kafka_pyspark_test.my_first_dbt_model ..... [RUN]
[2023-06-22T11:47:10.438+0000] {subprocess.py:93} INFO - [0m11:47:10  2 of 4 OK created sql table model twitter_kafka_pyspark_test.dm_events ......... [[32mCREATE TABLE (1.3k rows, 178.2 KiB processed)[0m in 1726.33s]
[2023-06-22T11:47:10.441+0000] {subprocess.py:93} INFO - [0m11:47:10  3 of 4 OK created sql table model twitter_kafka_pyspark_test.my_first_dbt_model  [[32mCREATE TABLE (2.0 rows, 0 processed)[0m in 1726.33s]
[2023-06-22T11:47:10.442+0000] {subprocess.py:93} INFO - [0m11:47:10  1 of 4 OK created sql table model twitter_kafka_pyspark_test.distinct_data ..... [[32mCREATE TABLE (1.1k rows, 638.3 KiB processed)[0m in 1726.33s]
[2023-06-22T11:47:10.450+0000] {subprocess.py:93} INFO - [0m11:47:10  4 of 4 START sql view model twitter_kafka_pyspark_test.my_second_dbt_model ..... [RUN]
[2023-06-22T11:47:12.892+0000] {subprocess.py:93} INFO - [0m11:47:12  4 of 4 OK created sql view model twitter_kafka_pyspark_test.my_second_dbt_model  [[32mCREATE VIEW (0 processed)[0m in 2.44s]
[2023-06-22T11:47:12.944+0000] {subprocess.py:93} INFO - [0m11:47:12
[2023-06-22T11:47:12.946+0000] {subprocess.py:93} INFO - [0m11:47:12  Finished running 3 table models, 1 view model in 0 hours 28 minutes and 49.79 seconds (1729.79s).
[2023-06-22T11:47:12.970+0000] {subprocess.py:93} INFO - [0m11:47:12
[2023-06-22T11:47:12.972+0000] {subprocess.py:93} INFO - [0m11:47:12  [32mCompleted successfully[0m
[2023-06-22T11:47:12.973+0000] {subprocess.py:93} INFO - [0m11:47:12
[2023-06-22T11:47:12.975+0000] {subprocess.py:93} INFO - [0m11:47:12  Done. PASS=4 WARN=0 ERROR=0 SKIP=0 TOTAL=4
[2023-06-22T11:47:13.610+0000] {subprocess.py:97} INFO - Command exited with return code 0
[2023-06-22T11:47:13.673+0000] {taskinstance.py:1332} INFO - Marking task as SUCCESS. dag_id=showpulse_dbt_dag, task_id=dbt_run, execution_date=20230622T111716, start_date=20230622T111821, end_date=20230622T114713
[2023-06-22T11:47:13.747+0000] {local_task_job.py:212} INFO - Task exited with return code 0
[2023-06-22T11:47:13.768+0000] {taskinstance.py:2596} INFO - 0 downstream tasks scheduled from follow-on schedule check
