[2023-06-21T23:59:23.172+0000] {taskinstance.py:1090} INFO - Dependencies all met for dep_context=non-requeueable deps ti=<TaskInstance: showpulse_dbt_dag.dbt_run scheduled__2023-06-21T23:58:19.542692+00:00 [queued]>
[2023-06-21T23:59:23.178+0000] {taskinstance.py:1090} INFO - Dependencies all met for dep_context=requeueable deps ti=<TaskInstance: showpulse_dbt_dag.dbt_run scheduled__2023-06-21T23:58:19.542692+00:00 [queued]>
[2023-06-21T23:59:23.178+0000] {taskinstance.py:1288} INFO - 
--------------------------------------------------------------------------------
[2023-06-21T23:59:23.179+0000] {taskinstance.py:1289} INFO - Starting attempt 1 of 1
[2023-06-21T23:59:23.179+0000] {taskinstance.py:1290} INFO - 
--------------------------------------------------------------------------------
[2023-06-21T23:59:23.187+0000] {taskinstance.py:1309} INFO - Executing <Task(BashOperator): dbt_run> on 2023-06-21 23:58:19.542692+00:00
[2023-06-21T23:59:23.191+0000] {standard_task_runner.py:55} INFO - Started process 8845 to run task
[2023-06-21T23:59:23.194+0000] {standard_task_runner.py:82} INFO - Running: ['***', 'tasks', 'run', 'showpulse_dbt_dag', 'dbt_run', 'scheduled__2023-06-21T23:58:19.542692+00:00', '--job-id', '1250', '--raw', '--subdir', 'DAGS_FOLDER/dbt_run.py', '--cfg-path', '/tmp/tmp4wcv5i6u']
[2023-06-21T23:59:23.195+0000] {standard_task_runner.py:83} INFO - Job 1250: Subtask dbt_run
[2023-06-21T23:59:23.247+0000] {task_command.py:389} INFO - Running <TaskInstance: showpulse_dbt_dag.dbt_run scheduled__2023-06-21T23:58:19.542692+00:00 [running]> on host 62cfed75eae1
[2023-06-21T23:59:23.296+0000] {taskinstance.py:1518} INFO - Exporting the following env vars:
AIRFLOW_CTX_DAG_OWNER=nburkett
AIRFLOW_CTX_DAG_ID=showpulse_dbt_dag
AIRFLOW_CTX_TASK_ID=dbt_run
AIRFLOW_CTX_EXECUTION_DATE=2023-06-21T23:58:19.542692+00:00
AIRFLOW_CTX_TRY_NUMBER=1
AIRFLOW_CTX_DAG_RUN_ID=scheduled__2023-06-21T23:58:19.542692+00:00
[2023-06-21T23:59:23.297+0000] {subprocess.py:63} INFO - Tmp dir root location: 
 /tmp
[2023-06-21T23:59:23.298+0000] {subprocess.py:75} INFO - Running command: ['/bin/bash', '-c', 'cd /dbt/ticketmaster_transformation && dbt run']
[2023-06-21T23:59:23.305+0000] {subprocess.py:86} INFO - Output:
[2023-06-21T23:59:24.537+0000] {subprocess.py:93} INFO - [0m23:59:24  Running with dbt=1.5.1
[2023-06-21T23:59:25.041+0000] {subprocess.py:93} INFO - [0m23:59:25  Found 4 models, 0 tests, 0 snapshots, 0 analyses, 356 macros, 0 operations, 0 seed files, 3 sources, 0 exposures, 0 metrics, 0 groups
[2023-06-21T23:59:25.043+0000] {subprocess.py:93} INFO - [0m23:59:25
[2023-06-21T23:59:25.933+0000] {subprocess.py:93} INFO - [0m23:59:25  Concurrency: 4 threads (target='dev')
[2023-06-21T23:59:25.935+0000] {subprocess.py:93} INFO - [0m23:59:25
[2023-06-21T23:59:25.948+0000] {subprocess.py:93} INFO - [0m23:59:25  1 of 4 START sql table model twitter_kafka_pyspark_test.distinct_data .......... [RUN]
[2023-06-21T23:59:25.951+0000] {subprocess.py:93} INFO - [0m23:59:25  2 of 4 START sql table model twitter_kafka_pyspark_test.dm_events .............. [RUN]
[2023-06-21T23:59:25.953+0000] {subprocess.py:93} INFO - [0m23:59:25  3 of 4 START sql table model twitter_kafka_pyspark_test.my_first_dbt_model ..... [RUN]
[2023-06-21T23:59:29.128+0000] {subprocess.py:93} INFO - [0m23:59:29  1 of 4 OK created sql table model twitter_kafka_pyspark_test.distinct_data ..... [[32mCREATE TABLE (1.1k rows, 638.3 KiB processed)[0m in 3.17s]
[2023-06-21T23:59:29.181+0000] {subprocess.py:93} INFO - [0m23:59:29  3 of 4 OK created sql table model twitter_kafka_pyspark_test.my_first_dbt_model  [[32mCREATE TABLE (2.0 rows, 0 processed)[0m in 3.22s]
[2023-06-21T23:59:29.186+0000] {subprocess.py:93} INFO - [0m23:59:29  4 of 4 START sql view model twitter_kafka_pyspark_test.my_second_dbt_model ..... [RUN]
[2023-06-21T23:59:30.010+0000] {subprocess.py:93} INFO - [0m23:59:30  4 of 4 OK created sql view model twitter_kafka_pyspark_test.my_second_dbt_model  [[32mCREATE VIEW (0 processed)[0m in 0.82s]
[2023-06-21T23:59:30.106+0000] {subprocess.py:93} INFO - [0m23:59:30  2 of 4 OK created sql table model twitter_kafka_pyspark_test.dm_events ......... [[32mCREATE TABLE (1.3k rows, 178.2 KiB processed)[0m in 4.15s]
[2023-06-21T23:59:30.154+0000] {subprocess.py:93} INFO - [0m23:59:30
[2023-06-21T23:59:30.156+0000] {subprocess.py:93} INFO - [0m23:59:30  Finished running 3 table models, 1 view model in 0 hours 0 minutes and 5.11 seconds (5.11s).
[2023-06-21T23:59:30.181+0000] {subprocess.py:93} INFO - [0m23:59:30
[2023-06-21T23:59:30.182+0000] {subprocess.py:93} INFO - [0m23:59:30  [32mCompleted successfully[0m
[2023-06-21T23:59:30.184+0000] {subprocess.py:93} INFO - [0m23:59:30
[2023-06-21T23:59:30.185+0000] {subprocess.py:93} INFO - [0m23:59:30  Done. PASS=4 WARN=0 ERROR=0 SKIP=0 TOTAL=4
[2023-06-21T23:59:30.586+0000] {subprocess.py:97} INFO - Command exited with return code 0
[2023-06-21T23:59:30.610+0000] {taskinstance.py:1332} INFO - Marking task as SUCCESS. dag_id=showpulse_dbt_dag, task_id=dbt_run, execution_date=20230621T235819, start_date=20230621T235923, end_date=20230621T235930
[2023-06-21T23:59:30.629+0000] {local_task_job.py:212} INFO - Task exited with return code 0
[2023-06-21T23:59:30.643+0000] {taskinstance.py:2596} INFO - 0 downstream tasks scheduled from follow-on schedule check
