[2023-06-20T00:39:41.239+0000] {processor.py:153} INFO - Started process (PID=41) to work on /opt/airflow/dags/fetch_and_upload.py
[2023-06-20T00:39:41.240+0000] {processor.py:743} INFO - Processing file /opt/airflow/dags/fetch_and_upload.py for tasks to queue
[2023-06-20T00:39:41.241+0000] {logging_mixin.py:137} INFO - [2023-06-20T00:39:41.241+0000] {dagbag.py:532} INFO - Filling up the DagBag from /opt/airflow/dags/fetch_and_upload.py
[2023-06-20T00:39:41.728+0000] {logging_mixin.py:137} INFO - [2023-06-20T00:39:41.728+0000] {taskmixin.py:211} WARNING - Dependency <Task(_PythonDecoratedOperator): get_data.bash_get_data>, upload_data_to_GCS_Lake.local_to_gcs already registered for DAG: ny_taxi_local
[2023-06-20T00:39:41.729+0000] {logging_mixin.py:137} INFO - [2023-06-20T00:39:41.729+0000] {taskmixin.py:211} WARNING - Dependency <Task(_PythonDecoratedOperator): upload_data_to_GCS_Lake.local_to_gcs>, get_data.bash_get_data already registered for DAG: ny_taxi_local
[2023-06-20T00:39:41.732+0000] {processor.py:753} INFO - DAG(s) dict_keys(['ny_taxi_local']) retrieved from /opt/airflow/dags/fetch_and_upload.py
[2023-06-20T00:39:41.753+0000] {logging_mixin.py:137} INFO - [2023-06-20T00:39:41.752+0000] {dag.py:2705} INFO - Sync 1 DAGs
[2023-06-20T00:39:41.772+0000] {logging_mixin.py:137} INFO - [2023-06-20T00:39:41.772+0000] {dag.py:3456} INFO - Setting next_dagrun for ny_taxi_local to 2023-06-19T00:00:00+00:00, run_after=2023-06-20T00:00:00+00:00
[2023-06-20T00:39:41.785+0000] {processor.py:175} INFO - Processing /opt/airflow/dags/fetch_and_upload.py took 0.549 seconds
[2023-06-20T00:40:12.291+0000] {processor.py:153} INFO - Started process (PID=54) to work on /opt/airflow/dags/fetch_and_upload.py
[2023-06-20T00:40:12.293+0000] {processor.py:743} INFO - Processing file /opt/airflow/dags/fetch_and_upload.py for tasks to queue
[2023-06-20T00:40:12.295+0000] {logging_mixin.py:137} INFO - [2023-06-20T00:40:12.295+0000] {dagbag.py:532} INFO - Filling up the DagBag from /opt/airflow/dags/fetch_and_upload.py
[2023-06-20T00:40:12.578+0000] {logging_mixin.py:137} INFO - [2023-06-20T00:40:12.577+0000] {taskmixin.py:211} WARNING - Dependency <Task(_PythonDecoratedOperator): get_data.bash_get_data>, upload_data_to_GCS_Lake.local_to_gcs already registered for DAG: ny_taxi_local
[2023-06-20T00:40:12.578+0000] {logging_mixin.py:137} INFO - [2023-06-20T00:40:12.578+0000] {taskmixin.py:211} WARNING - Dependency <Task(_PythonDecoratedOperator): upload_data_to_GCS_Lake.local_to_gcs>, get_data.bash_get_data already registered for DAG: ny_taxi_local
[2023-06-20T00:40:12.582+0000] {processor.py:753} INFO - DAG(s) dict_keys(['ny_taxi_local']) retrieved from /opt/airflow/dags/fetch_and_upload.py
[2023-06-20T00:40:12.597+0000] {logging_mixin.py:137} INFO - [2023-06-20T00:40:12.597+0000] {dag.py:2705} INFO - Sync 1 DAGs
[2023-06-20T00:40:12.611+0000] {logging_mixin.py:137} INFO - [2023-06-20T00:40:12.611+0000] {dag.py:3456} INFO - Setting next_dagrun for ny_taxi_local to 2023-06-19T00:00:00+00:00, run_after=2023-06-20T00:00:00+00:00
[2023-06-20T00:40:12.622+0000] {processor.py:175} INFO - Processing /opt/airflow/dags/fetch_and_upload.py took 0.338 seconds
[2023-06-20T00:40:43.168+0000] {processor.py:153} INFO - Started process (PID=67) to work on /opt/airflow/dags/fetch_and_upload.py
[2023-06-20T00:40:43.169+0000] {processor.py:743} INFO - Processing file /opt/airflow/dags/fetch_and_upload.py for tasks to queue
[2023-06-20T00:40:43.170+0000] {logging_mixin.py:137} INFO - [2023-06-20T00:40:43.170+0000] {dagbag.py:532} INFO - Filling up the DagBag from /opt/airflow/dags/fetch_and_upload.py
[2023-06-20T00:40:43.472+0000] {logging_mixin.py:137} INFO - [2023-06-20T00:40:43.472+0000] {taskmixin.py:211} WARNING - Dependency <Task(_PythonDecoratedOperator): get_data.bash_get_data>, upload_data_to_GCS_Lake.local_to_gcs already registered for DAG: ny_taxi_local
[2023-06-20T00:40:43.473+0000] {logging_mixin.py:137} INFO - [2023-06-20T00:40:43.473+0000] {taskmixin.py:211} WARNING - Dependency <Task(_PythonDecoratedOperator): upload_data_to_GCS_Lake.local_to_gcs>, get_data.bash_get_data already registered for DAG: ny_taxi_local
[2023-06-20T00:40:43.477+0000] {processor.py:753} INFO - DAG(s) dict_keys(['ny_taxi_local']) retrieved from /opt/airflow/dags/fetch_and_upload.py
[2023-06-20T00:40:43.493+0000] {logging_mixin.py:137} INFO - [2023-06-20T00:40:43.493+0000] {dag.py:2705} INFO - Sync 1 DAGs
[2023-06-20T00:40:43.507+0000] {logging_mixin.py:137} INFO - [2023-06-20T00:40:43.507+0000] {dag.py:3456} INFO - Setting next_dagrun for ny_taxi_local to 2023-06-19T00:00:00+00:00, run_after=2023-06-20T00:00:00+00:00
[2023-06-20T00:40:43.518+0000] {processor.py:175} INFO - Processing /opt/airflow/dags/fetch_and_upload.py took 0.354 seconds
[2023-06-20T00:41:14.137+0000] {processor.py:153} INFO - Started process (PID=80) to work on /opt/airflow/dags/fetch_and_upload.py
[2023-06-20T00:41:14.138+0000] {processor.py:743} INFO - Processing file /opt/airflow/dags/fetch_and_upload.py for tasks to queue
[2023-06-20T00:41:14.140+0000] {logging_mixin.py:137} INFO - [2023-06-20T00:41:14.140+0000] {dagbag.py:532} INFO - Filling up the DagBag from /opt/airflow/dags/fetch_and_upload.py
[2023-06-20T00:41:14.398+0000] {logging_mixin.py:137} INFO - [2023-06-20T00:41:14.398+0000] {taskmixin.py:211} WARNING - Dependency <Task(_PythonDecoratedOperator): get_data.bash_get_data>, upload_data_to_GCS_Lake.local_to_gcs already registered for DAG: ny_taxi_local
[2023-06-20T00:41:14.399+0000] {logging_mixin.py:137} INFO - [2023-06-20T00:41:14.399+0000] {taskmixin.py:211} WARNING - Dependency <Task(_PythonDecoratedOperator): upload_data_to_GCS_Lake.local_to_gcs>, get_data.bash_get_data already registered for DAG: ny_taxi_local
[2023-06-20T00:41:14.402+0000] {processor.py:753} INFO - DAG(s) dict_keys(['ny_taxi_local']) retrieved from /opt/airflow/dags/fetch_and_upload.py
[2023-06-20T00:41:14.417+0000] {logging_mixin.py:137} INFO - [2023-06-20T00:41:14.417+0000] {dag.py:2705} INFO - Sync 1 DAGs
[2023-06-20T00:41:14.432+0000] {logging_mixin.py:137} INFO - [2023-06-20T00:41:14.432+0000] {dag.py:3456} INFO - Setting next_dagrun for ny_taxi_local to 2023-06-19T00:00:00+00:00, run_after=2023-06-20T00:00:00+00:00
[2023-06-20T00:41:14.443+0000] {processor.py:175} INFO - Processing /opt/airflow/dags/fetch_and_upload.py took 0.312 seconds
[2023-06-20T00:41:44.901+0000] {processor.py:153} INFO - Started process (PID=93) to work on /opt/airflow/dags/fetch_and_upload.py
[2023-06-20T00:41:44.903+0000] {processor.py:743} INFO - Processing file /opt/airflow/dags/fetch_and_upload.py for tasks to queue
[2023-06-20T00:41:44.904+0000] {logging_mixin.py:137} INFO - [2023-06-20T00:41:44.904+0000] {dagbag.py:532} INFO - Filling up the DagBag from /opt/airflow/dags/fetch_and_upload.py
[2023-06-20T00:41:45.549+0000] {logging_mixin.py:137} INFO - [2023-06-20T00:41:45.548+0000] {taskmixin.py:211} WARNING - Dependency <Task(_PythonDecoratedOperator): get_data.bash_get_data>, upload_data_to_GCS_Lake.local_to_gcs already registered for DAG: ny_taxi_local
[2023-06-20T00:41:45.550+0000] {logging_mixin.py:137} INFO - [2023-06-20T00:41:45.550+0000] {taskmixin.py:211} WARNING - Dependency <Task(_PythonDecoratedOperator): upload_data_to_GCS_Lake.local_to_gcs>, get_data.bash_get_data already registered for DAG: ny_taxi_local
[2023-06-20T00:41:45.555+0000] {processor.py:753} INFO - DAG(s) dict_keys(['ny_taxi_local']) retrieved from /opt/airflow/dags/fetch_and_upload.py
[2023-06-20T00:41:45.588+0000] {logging_mixin.py:137} INFO - [2023-06-20T00:41:45.587+0000] {dag.py:2705} INFO - Sync 1 DAGs
[2023-06-20T00:41:45.612+0000] {logging_mixin.py:137} INFO - [2023-06-20T00:41:45.612+0000] {dag.py:3456} INFO - Setting next_dagrun for ny_taxi_local to 2023-06-19T00:00:00+00:00, run_after=2023-06-20T00:00:00+00:00
[2023-06-20T00:41:45.632+0000] {processor.py:175} INFO - Processing /opt/airflow/dags/fetch_and_upload.py took 0.736 seconds
[2023-06-20T00:42:16.179+0000] {processor.py:153} INFO - Started process (PID=106) to work on /opt/airflow/dags/fetch_and_upload.py
[2023-06-20T00:42:16.181+0000] {processor.py:743} INFO - Processing file /opt/airflow/dags/fetch_and_upload.py for tasks to queue
[2023-06-20T00:42:16.183+0000] {logging_mixin.py:137} INFO - [2023-06-20T00:42:16.183+0000] {dagbag.py:532} INFO - Filling up the DagBag from /opt/airflow/dags/fetch_and_upload.py
[2023-06-20T00:42:16.599+0000] {logging_mixin.py:137} INFO - [2023-06-20T00:42:16.599+0000] {taskmixin.py:211} WARNING - Dependency <Task(_PythonDecoratedOperator): get_data.bash_get_data>, upload_data_to_GCS_Lake.local_to_gcs already registered for DAG: ny_taxi_local
[2023-06-20T00:42:16.600+0000] {logging_mixin.py:137} INFO - [2023-06-20T00:42:16.600+0000] {taskmixin.py:211} WARNING - Dependency <Task(_PythonDecoratedOperator): upload_data_to_GCS_Lake.local_to_gcs>, get_data.bash_get_data already registered for DAG: ny_taxi_local
[2023-06-20T00:42:16.603+0000] {processor.py:753} INFO - DAG(s) dict_keys(['ny_taxi_local']) retrieved from /opt/airflow/dags/fetch_and_upload.py
[2023-06-20T00:42:16.621+0000] {logging_mixin.py:137} INFO - [2023-06-20T00:42:16.621+0000] {dag.py:2705} INFO - Sync 1 DAGs
[2023-06-20T00:42:16.636+0000] {logging_mixin.py:137} INFO - [2023-06-20T00:42:16.636+0000] {dag.py:3456} INFO - Setting next_dagrun for ny_taxi_local to 2023-06-19T00:00:00+00:00, run_after=2023-06-20T00:00:00+00:00
[2023-06-20T00:42:16.647+0000] {processor.py:175} INFO - Processing /opt/airflow/dags/fetch_and_upload.py took 0.473 seconds
[2023-06-20T00:42:47.046+0000] {processor.py:153} INFO - Started process (PID=119) to work on /opt/airflow/dags/fetch_and_upload.py
[2023-06-20T00:42:47.047+0000] {processor.py:743} INFO - Processing file /opt/airflow/dags/fetch_and_upload.py for tasks to queue
[2023-06-20T00:42:47.049+0000] {logging_mixin.py:137} INFO - [2023-06-20T00:42:47.049+0000] {dagbag.py:532} INFO - Filling up the DagBag from /opt/airflow/dags/fetch_and_upload.py
[2023-06-20T00:42:47.577+0000] {logging_mixin.py:137} INFO - [2023-06-20T00:42:47.576+0000] {taskmixin.py:211} WARNING - Dependency <Task(_PythonDecoratedOperator): get_data.bash_get_data>, upload_data_to_GCS_Lake.local_to_gcs already registered for DAG: ny_taxi_local
[2023-06-20T00:42:47.578+0000] {logging_mixin.py:137} INFO - [2023-06-20T00:42:47.578+0000] {taskmixin.py:211} WARNING - Dependency <Task(_PythonDecoratedOperator): upload_data_to_GCS_Lake.local_to_gcs>, get_data.bash_get_data already registered for DAG: ny_taxi_local
[2023-06-20T00:42:47.585+0000] {processor.py:753} INFO - DAG(s) dict_keys(['ny_taxi_local']) retrieved from /opt/airflow/dags/fetch_and_upload.py
[2023-06-20T00:42:47.612+0000] {logging_mixin.py:137} INFO - [2023-06-20T00:42:47.612+0000] {dag.py:2705} INFO - Sync 1 DAGs
[2023-06-20T00:42:47.632+0000] {logging_mixin.py:137} INFO - [2023-06-20T00:42:47.632+0000] {dag.py:3456} INFO - Setting next_dagrun for ny_taxi_local to 2023-06-19T00:00:00+00:00, run_after=2023-06-20T00:00:00+00:00
[2023-06-20T00:42:47.647+0000] {processor.py:175} INFO - Processing /opt/airflow/dags/fetch_and_upload.py took 0.604 seconds
[2023-06-20T00:43:18.068+0000] {processor.py:153} INFO - Started process (PID=132) to work on /opt/airflow/dags/fetch_and_upload.py
[2023-06-20T00:43:18.070+0000] {processor.py:743} INFO - Processing file /opt/airflow/dags/fetch_and_upload.py for tasks to queue
[2023-06-20T00:43:18.071+0000] {logging_mixin.py:137} INFO - [2023-06-20T00:43:18.071+0000] {dagbag.py:532} INFO - Filling up the DagBag from /opt/airflow/dags/fetch_and_upload.py
[2023-06-20T00:43:18.719+0000] {logging_mixin.py:137} INFO - [2023-06-20T00:43:18.719+0000] {taskmixin.py:211} WARNING - Dependency <Task(_PythonDecoratedOperator): get_data.bash_get_data>, upload_data_to_GCS_Lake.local_to_gcs already registered for DAG: ny_taxi_local
[2023-06-20T00:43:18.721+0000] {logging_mixin.py:137} INFO - [2023-06-20T00:43:18.720+0000] {taskmixin.py:211} WARNING - Dependency <Task(_PythonDecoratedOperator): upload_data_to_GCS_Lake.local_to_gcs>, get_data.bash_get_data already registered for DAG: ny_taxi_local
[2023-06-20T00:43:18.726+0000] {processor.py:753} INFO - DAG(s) dict_keys(['ny_taxi_local']) retrieved from /opt/airflow/dags/fetch_and_upload.py
[2023-06-20T00:43:18.747+0000] {logging_mixin.py:137} INFO - [2023-06-20T00:43:18.747+0000] {dag.py:2705} INFO - Sync 1 DAGs
[2023-06-20T00:43:18.764+0000] {logging_mixin.py:137} INFO - [2023-06-20T00:43:18.764+0000] {dag.py:3456} INFO - Setting next_dagrun for ny_taxi_local to 2023-06-19T00:00:00+00:00, run_after=2023-06-20T00:00:00+00:00
[2023-06-20T00:43:18.874+0000] {processor.py:175} INFO - Processing /opt/airflow/dags/fetch_and_upload.py took 0.813 seconds
[2023-06-20T00:43:49.312+0000] {processor.py:153} INFO - Started process (PID=145) to work on /opt/airflow/dags/fetch_and_upload.py
[2023-06-20T00:43:49.313+0000] {processor.py:743} INFO - Processing file /opt/airflow/dags/fetch_and_upload.py for tasks to queue
[2023-06-20T00:43:49.314+0000] {logging_mixin.py:137} INFO - [2023-06-20T00:43:49.314+0000] {dagbag.py:532} INFO - Filling up the DagBag from /opt/airflow/dags/fetch_and_upload.py
[2023-06-20T00:43:49.812+0000] {logging_mixin.py:137} INFO - [2023-06-20T00:43:49.812+0000] {taskmixin.py:211} WARNING - Dependency <Task(_PythonDecoratedOperator): get_data.bash_get_data>, upload_data_to_GCS_Lake.local_to_gcs already registered for DAG: ny_taxi_local
[2023-06-20T00:43:49.813+0000] {logging_mixin.py:137} INFO - [2023-06-20T00:43:49.813+0000] {taskmixin.py:211} WARNING - Dependency <Task(_PythonDecoratedOperator): upload_data_to_GCS_Lake.local_to_gcs>, get_data.bash_get_data already registered for DAG: ny_taxi_local
[2023-06-20T00:43:49.818+0000] {processor.py:753} INFO - DAG(s) dict_keys(['ny_taxi_local']) retrieved from /opt/airflow/dags/fetch_and_upload.py
[2023-06-20T00:43:49.840+0000] {logging_mixin.py:137} INFO - [2023-06-20T00:43:49.840+0000] {dag.py:2705} INFO - Sync 1 DAGs
[2023-06-20T00:43:49.856+0000] {logging_mixin.py:137} INFO - [2023-06-20T00:43:49.856+0000] {dag.py:3456} INFO - Setting next_dagrun for ny_taxi_local to 2023-06-19T00:00:00+00:00, run_after=2023-06-20T00:00:00+00:00
[2023-06-20T00:43:49.868+0000] {processor.py:175} INFO - Processing /opt/airflow/dags/fetch_and_upload.py took 0.561 seconds
[2023-06-20T00:44:20.257+0000] {processor.py:153} INFO - Started process (PID=158) to work on /opt/airflow/dags/fetch_and_upload.py
[2023-06-20T00:44:20.259+0000] {processor.py:743} INFO - Processing file /opt/airflow/dags/fetch_and_upload.py for tasks to queue
[2023-06-20T00:44:20.260+0000] {logging_mixin.py:137} INFO - [2023-06-20T00:44:20.260+0000] {dagbag.py:532} INFO - Filling up the DagBag from /opt/airflow/dags/fetch_and_upload.py
[2023-06-20T00:44:20.651+0000] {logging_mixin.py:137} INFO - [2023-06-20T00:44:20.651+0000] {taskmixin.py:211} WARNING - Dependency <Task(_PythonDecoratedOperator): get_data.bash_get_data>, upload_data_to_GCS_Lake.local_to_gcs already registered for DAG: ny_taxi_local
[2023-06-20T00:44:20.652+0000] {logging_mixin.py:137} INFO - [2023-06-20T00:44:20.652+0000] {taskmixin.py:211} WARNING - Dependency <Task(_PythonDecoratedOperator): upload_data_to_GCS_Lake.local_to_gcs>, get_data.bash_get_data already registered for DAG: ny_taxi_local
[2023-06-20T00:44:20.656+0000] {processor.py:753} INFO - DAG(s) dict_keys(['ny_taxi_local']) retrieved from /opt/airflow/dags/fetch_and_upload.py
[2023-06-20T00:44:20.678+0000] {logging_mixin.py:137} INFO - [2023-06-20T00:44:20.678+0000] {dag.py:2705} INFO - Sync 1 DAGs
[2023-06-20T00:44:20.694+0000] {logging_mixin.py:137} INFO - [2023-06-20T00:44:20.694+0000] {dag.py:3456} INFO - Setting next_dagrun for ny_taxi_local to 2023-06-19T00:00:00+00:00, run_after=2023-06-20T00:00:00+00:00
[2023-06-20T00:44:20.705+0000] {processor.py:175} INFO - Processing /opt/airflow/dags/fetch_and_upload.py took 0.452 seconds
[2023-06-20T00:44:51.201+0000] {processor.py:153} INFO - Started process (PID=171) to work on /opt/airflow/dags/fetch_and_upload.py
[2023-06-20T00:44:51.203+0000] {processor.py:743} INFO - Processing file /opt/airflow/dags/fetch_and_upload.py for tasks to queue
[2023-06-20T00:44:51.204+0000] {logging_mixin.py:137} INFO - [2023-06-20T00:44:51.204+0000] {dagbag.py:532} INFO - Filling up the DagBag from /opt/airflow/dags/fetch_and_upload.py
[2023-06-20T00:44:51.594+0000] {logging_mixin.py:137} INFO - [2023-06-20T00:44:51.594+0000] {taskmixin.py:211} WARNING - Dependency <Task(_PythonDecoratedOperator): get_data.bash_get_data>, upload_data_to_GCS_Lake.local_to_gcs already registered for DAG: ny_taxi_local
[2023-06-20T00:44:51.596+0000] {logging_mixin.py:137} INFO - [2023-06-20T00:44:51.596+0000] {taskmixin.py:211} WARNING - Dependency <Task(_PythonDecoratedOperator): upload_data_to_GCS_Lake.local_to_gcs>, get_data.bash_get_data already registered for DAG: ny_taxi_local
[2023-06-20T00:44:51.599+0000] {processor.py:753} INFO - DAG(s) dict_keys(['ny_taxi_local']) retrieved from /opt/airflow/dags/fetch_and_upload.py
[2023-06-20T00:44:51.617+0000] {logging_mixin.py:137} INFO - [2023-06-20T00:44:51.617+0000] {dag.py:2705} INFO - Sync 1 DAGs
[2023-06-20T00:44:51.634+0000] {logging_mixin.py:137} INFO - [2023-06-20T00:44:51.634+0000] {dag.py:3456} INFO - Setting next_dagrun for ny_taxi_local to 2023-06-19T00:00:00+00:00, run_after=2023-06-20T00:00:00+00:00
[2023-06-20T00:44:51.646+0000] {processor.py:175} INFO - Processing /opt/airflow/dags/fetch_and_upload.py took 0.451 seconds
[2023-06-20T00:45:22.340+0000] {processor.py:153} INFO - Started process (PID=184) to work on /opt/airflow/dags/fetch_and_upload.py
[2023-06-20T00:45:22.343+0000] {processor.py:743} INFO - Processing file /opt/airflow/dags/fetch_and_upload.py for tasks to queue
[2023-06-20T00:45:22.344+0000] {logging_mixin.py:137} INFO - [2023-06-20T00:45:22.344+0000] {dagbag.py:532} INFO - Filling up the DagBag from /opt/airflow/dags/fetch_and_upload.py
[2023-06-20T00:45:22.628+0000] {logging_mixin.py:137} INFO - [2023-06-20T00:45:22.628+0000] {taskmixin.py:211} WARNING - Dependency <Task(_PythonDecoratedOperator): get_data.bash_get_data>, upload_data_to_GCS_Lake.local_to_gcs already registered for DAG: ny_taxi_local
[2023-06-20T00:45:22.629+0000] {logging_mixin.py:137} INFO - [2023-06-20T00:45:22.629+0000] {taskmixin.py:211} WARNING - Dependency <Task(_PythonDecoratedOperator): upload_data_to_GCS_Lake.local_to_gcs>, get_data.bash_get_data already registered for DAG: ny_taxi_local
[2023-06-20T00:45:22.632+0000] {processor.py:753} INFO - DAG(s) dict_keys(['ny_taxi_local']) retrieved from /opt/airflow/dags/fetch_and_upload.py
[2023-06-20T00:45:22.649+0000] {logging_mixin.py:137} INFO - [2023-06-20T00:45:22.649+0000] {dag.py:2705} INFO - Sync 1 DAGs
[2023-06-20T00:45:22.664+0000] {logging_mixin.py:137} INFO - [2023-06-20T00:45:22.664+0000] {dag.py:3456} INFO - Setting next_dagrun for ny_taxi_local to 2023-06-19T00:00:00+00:00, run_after=2023-06-20T00:00:00+00:00
[2023-06-20T00:45:22.676+0000] {processor.py:175} INFO - Processing /opt/airflow/dags/fetch_and_upload.py took 0.342 seconds
[2023-06-20T00:45:53.303+0000] {processor.py:153} INFO - Started process (PID=197) to work on /opt/airflow/dags/fetch_and_upload.py
[2023-06-20T00:45:53.307+0000] {processor.py:743} INFO - Processing file /opt/airflow/dags/fetch_and_upload.py for tasks to queue
[2023-06-20T00:45:53.308+0000] {logging_mixin.py:137} INFO - [2023-06-20T00:45:53.308+0000] {dagbag.py:532} INFO - Filling up the DagBag from /opt/airflow/dags/fetch_and_upload.py
[2023-06-20T00:45:53.609+0000] {logging_mixin.py:137} INFO - [2023-06-20T00:45:53.609+0000] {taskmixin.py:211} WARNING - Dependency <Task(_PythonDecoratedOperator): get_data.bash_get_data>, upload_data_to_GCS_Lake.local_to_gcs already registered for DAG: ny_taxi_local
[2023-06-20T00:45:53.610+0000] {logging_mixin.py:137} INFO - [2023-06-20T00:45:53.610+0000] {taskmixin.py:211} WARNING - Dependency <Task(_PythonDecoratedOperator): upload_data_to_GCS_Lake.local_to_gcs>, get_data.bash_get_data already registered for DAG: ny_taxi_local
[2023-06-20T00:45:53.614+0000] {processor.py:753} INFO - DAG(s) dict_keys(['ny_taxi_local']) retrieved from /opt/airflow/dags/fetch_and_upload.py
[2023-06-20T00:45:53.631+0000] {logging_mixin.py:137} INFO - [2023-06-20T00:45:53.630+0000] {dag.py:2705} INFO - Sync 1 DAGs
[2023-06-20T00:45:53.646+0000] {logging_mixin.py:137} INFO - [2023-06-20T00:45:53.646+0000] {dag.py:3456} INFO - Setting next_dagrun for ny_taxi_local to 2023-06-19T00:00:00+00:00, run_after=2023-06-20T00:00:00+00:00
[2023-06-20T00:45:53.658+0000] {processor.py:175} INFO - Processing /opt/airflow/dags/fetch_and_upload.py took 0.358 seconds
[2023-06-20T00:46:24.350+0000] {processor.py:153} INFO - Started process (PID=210) to work on /opt/airflow/dags/fetch_and_upload.py
[2023-06-20T00:46:24.352+0000] {processor.py:743} INFO - Processing file /opt/airflow/dags/fetch_and_upload.py for tasks to queue
[2023-06-20T00:46:24.354+0000] {logging_mixin.py:137} INFO - [2023-06-20T00:46:24.354+0000] {dagbag.py:532} INFO - Filling up the DagBag from /opt/airflow/dags/fetch_and_upload.py
[2023-06-20T00:46:24.636+0000] {logging_mixin.py:137} INFO - [2023-06-20T00:46:24.636+0000] {taskmixin.py:211} WARNING - Dependency <Task(_PythonDecoratedOperator): get_data.bash_get_data>, upload_data_to_GCS_Lake.local_to_gcs already registered for DAG: ny_taxi_local
[2023-06-20T00:46:24.637+0000] {logging_mixin.py:137} INFO - [2023-06-20T00:46:24.637+0000] {taskmixin.py:211} WARNING - Dependency <Task(_PythonDecoratedOperator): upload_data_to_GCS_Lake.local_to_gcs>, get_data.bash_get_data already registered for DAG: ny_taxi_local
[2023-06-20T00:46:24.641+0000] {processor.py:753} INFO - DAG(s) dict_keys(['ny_taxi_local']) retrieved from /opt/airflow/dags/fetch_and_upload.py
[2023-06-20T00:46:24.657+0000] {logging_mixin.py:137} INFO - [2023-06-20T00:46:24.657+0000] {dag.py:2705} INFO - Sync 1 DAGs
[2023-06-20T00:46:24.671+0000] {logging_mixin.py:137} INFO - [2023-06-20T00:46:24.671+0000] {dag.py:3456} INFO - Setting next_dagrun for ny_taxi_local to 2023-06-19T00:00:00+00:00, run_after=2023-06-20T00:00:00+00:00
[2023-06-20T00:46:24.682+0000] {processor.py:175} INFO - Processing /opt/airflow/dags/fetch_and_upload.py took 0.339 seconds
[2023-06-20T00:46:55.376+0000] {processor.py:153} INFO - Started process (PID=223) to work on /opt/airflow/dags/fetch_and_upload.py
[2023-06-20T00:46:55.379+0000] {processor.py:743} INFO - Processing file /opt/airflow/dags/fetch_and_upload.py for tasks to queue
[2023-06-20T00:46:55.381+0000] {logging_mixin.py:137} INFO - [2023-06-20T00:46:55.380+0000] {dagbag.py:532} INFO - Filling up the DagBag from /opt/airflow/dags/fetch_and_upload.py
[2023-06-20T00:46:55.670+0000] {logging_mixin.py:137} INFO - [2023-06-20T00:46:55.670+0000] {taskmixin.py:211} WARNING - Dependency <Task(_PythonDecoratedOperator): get_data.bash_get_data>, upload_data_to_GCS_Lake.local_to_gcs already registered for DAG: ny_taxi_local
[2023-06-20T00:46:55.671+0000] {logging_mixin.py:137} INFO - [2023-06-20T00:46:55.671+0000] {taskmixin.py:211} WARNING - Dependency <Task(_PythonDecoratedOperator): upload_data_to_GCS_Lake.local_to_gcs>, get_data.bash_get_data already registered for DAG: ny_taxi_local
[2023-06-20T00:46:55.674+0000] {processor.py:753} INFO - DAG(s) dict_keys(['ny_taxi_local']) retrieved from /opt/airflow/dags/fetch_and_upload.py
[2023-06-20T00:46:55.691+0000] {logging_mixin.py:137} INFO - [2023-06-20T00:46:55.690+0000] {dag.py:2705} INFO - Sync 1 DAGs
[2023-06-20T00:46:55.706+0000] {logging_mixin.py:137} INFO - [2023-06-20T00:46:55.706+0000] {dag.py:3456} INFO - Setting next_dagrun for ny_taxi_local to 2023-06-19T00:00:00+00:00, run_after=2023-06-20T00:00:00+00:00
[2023-06-20T00:46:55.718+0000] {processor.py:175} INFO - Processing /opt/airflow/dags/fetch_and_upload.py took 0.349 seconds
[2023-06-20T00:47:26.366+0000] {processor.py:153} INFO - Started process (PID=236) to work on /opt/airflow/dags/fetch_and_upload.py
[2023-06-20T00:47:26.367+0000] {processor.py:743} INFO - Processing file /opt/airflow/dags/fetch_and_upload.py for tasks to queue
[2023-06-20T00:47:26.368+0000] {logging_mixin.py:137} INFO - [2023-06-20T00:47:26.368+0000] {dagbag.py:532} INFO - Filling up the DagBag from /opt/airflow/dags/fetch_and_upload.py
[2023-06-20T00:47:26.664+0000] {logging_mixin.py:137} INFO - [2023-06-20T00:47:26.664+0000] {taskmixin.py:211} WARNING - Dependency <Task(_PythonDecoratedOperator): get_data.bash_get_data>, upload_data_to_GCS_Lake.local_to_gcs already registered for DAG: ny_taxi_local
[2023-06-20T00:47:26.666+0000] {logging_mixin.py:137} INFO - [2023-06-20T00:47:26.665+0000] {taskmixin.py:211} WARNING - Dependency <Task(_PythonDecoratedOperator): upload_data_to_GCS_Lake.local_to_gcs>, get_data.bash_get_data already registered for DAG: ny_taxi_local
[2023-06-20T00:47:26.669+0000] {processor.py:753} INFO - DAG(s) dict_keys(['ny_taxi_local']) retrieved from /opt/airflow/dags/fetch_and_upload.py
[2023-06-20T00:47:26.686+0000] {logging_mixin.py:137} INFO - [2023-06-20T00:47:26.686+0000] {dag.py:2705} INFO - Sync 1 DAGs
[2023-06-20T00:47:26.702+0000] {logging_mixin.py:137} INFO - [2023-06-20T00:47:26.702+0000] {dag.py:3456} INFO - Setting next_dagrun for ny_taxi_local to 2023-06-19T00:00:00+00:00, run_after=2023-06-20T00:00:00+00:00
[2023-06-20T00:47:26.715+0000] {processor.py:175} INFO - Processing /opt/airflow/dags/fetch_and_upload.py took 0.353 seconds
[2023-06-20T00:47:57.403+0000] {processor.py:153} INFO - Started process (PID=249) to work on /opt/airflow/dags/fetch_and_upload.py
[2023-06-20T00:47:57.406+0000] {processor.py:743} INFO - Processing file /opt/airflow/dags/fetch_and_upload.py for tasks to queue
[2023-06-20T00:47:57.407+0000] {logging_mixin.py:137} INFO - [2023-06-20T00:47:57.407+0000] {dagbag.py:532} INFO - Filling up the DagBag from /opt/airflow/dags/fetch_and_upload.py
[2023-06-20T00:47:57.690+0000] {logging_mixin.py:137} INFO - [2023-06-20T00:47:57.690+0000] {taskmixin.py:211} WARNING - Dependency <Task(_PythonDecoratedOperator): get_data.bash_get_data>, upload_data_to_GCS_Lake.local_to_gcs already registered for DAG: ny_taxi_local
[2023-06-20T00:47:57.691+0000] {logging_mixin.py:137} INFO - [2023-06-20T00:47:57.691+0000] {taskmixin.py:211} WARNING - Dependency <Task(_PythonDecoratedOperator): upload_data_to_GCS_Lake.local_to_gcs>, get_data.bash_get_data already registered for DAG: ny_taxi_local
[2023-06-20T00:47:57.694+0000] {processor.py:753} INFO - DAG(s) dict_keys(['ny_taxi_local']) retrieved from /opt/airflow/dags/fetch_and_upload.py
[2023-06-20T00:47:57.710+0000] {logging_mixin.py:137} INFO - [2023-06-20T00:47:57.710+0000] {dag.py:2705} INFO - Sync 1 DAGs
[2023-06-20T00:47:57.726+0000] {logging_mixin.py:137} INFO - [2023-06-20T00:47:57.726+0000] {dag.py:3456} INFO - Setting next_dagrun for ny_taxi_local to 2023-06-19T00:00:00+00:00, run_after=2023-06-20T00:00:00+00:00
[2023-06-20T00:47:57.737+0000] {processor.py:175} INFO - Processing /opt/airflow/dags/fetch_and_upload.py took 0.341 seconds
[2023-06-20T00:48:28.383+0000] {processor.py:153} INFO - Started process (PID=262) to work on /opt/airflow/dags/fetch_and_upload.py
[2023-06-20T00:48:28.386+0000] {processor.py:743} INFO - Processing file /opt/airflow/dags/fetch_and_upload.py for tasks to queue
[2023-06-20T00:48:28.388+0000] {logging_mixin.py:137} INFO - [2023-06-20T00:48:28.388+0000] {dagbag.py:532} INFO - Filling up the DagBag from /opt/airflow/dags/fetch_and_upload.py
[2023-06-20T00:48:28.724+0000] {logging_mixin.py:137} INFO - [2023-06-20T00:48:28.724+0000] {taskmixin.py:211} WARNING - Dependency <Task(_PythonDecoratedOperator): get_data.bash_get_data>, upload_data_to_GCS_Lake.local_to_gcs already registered for DAG: ny_taxi_local
[2023-06-20T00:48:28.725+0000] {logging_mixin.py:137} INFO - [2023-06-20T00:48:28.725+0000] {taskmixin.py:211} WARNING - Dependency <Task(_PythonDecoratedOperator): upload_data_to_GCS_Lake.local_to_gcs>, get_data.bash_get_data already registered for DAG: ny_taxi_local
[2023-06-20T00:48:28.729+0000] {processor.py:753} INFO - DAG(s) dict_keys(['ny_taxi_local']) retrieved from /opt/airflow/dags/fetch_and_upload.py
[2023-06-20T00:48:28.747+0000] {logging_mixin.py:137} INFO - [2023-06-20T00:48:28.746+0000] {dag.py:2705} INFO - Sync 1 DAGs
[2023-06-20T00:48:28.764+0000] {logging_mixin.py:137} INFO - [2023-06-20T00:48:28.764+0000] {dag.py:3456} INFO - Setting next_dagrun for ny_taxi_local to 2023-06-19T00:00:00+00:00, run_after=2023-06-20T00:00:00+00:00
[2023-06-20T00:48:28.777+0000] {processor.py:175} INFO - Processing /opt/airflow/dags/fetch_and_upload.py took 0.400 seconds
[2023-06-20T01:06:32.027+0000] {processor.py:153} INFO - Started process (PID=40) to work on /opt/airflow/dags/fetch_and_upload.py
[2023-06-20T01:06:32.030+0000] {processor.py:743} INFO - Processing file /opt/airflow/dags/fetch_and_upload.py for tasks to queue
[2023-06-20T01:06:32.032+0000] {logging_mixin.py:137} INFO - [2023-06-20T01:06:32.032+0000] {dagbag.py:532} INFO - Filling up the DagBag from /opt/airflow/dags/fetch_and_upload.py
[2023-06-20T01:06:32.905+0000] {logging_mixin.py:137} INFO - [2023-06-20T01:06:32.904+0000] {taskmixin.py:211} WARNING - Dependency <Task(_PythonDecoratedOperator): get_data.bash_get_data>, upload_data_to_GCS_Lake.local_to_gcs already registered for DAG: ny_taxi_local
[2023-06-20T01:06:32.908+0000] {logging_mixin.py:137} INFO - [2023-06-20T01:06:32.907+0000] {taskmixin.py:211} WARNING - Dependency <Task(_PythonDecoratedOperator): upload_data_to_GCS_Lake.local_to_gcs>, get_data.bash_get_data already registered for DAG: ny_taxi_local
[2023-06-20T01:06:32.920+0000] {processor.py:753} INFO - DAG(s) dict_keys(['ny_taxi_local']) retrieved from /opt/airflow/dags/fetch_and_upload.py
[2023-06-20T01:06:33.036+0000] {logging_mixin.py:137} INFO - [2023-06-20T01:06:33.036+0000] {dag.py:2705} INFO - Sync 1 DAGs
[2023-06-20T01:06:33.082+0000] {logging_mixin.py:137} INFO - [2023-06-20T01:06:33.082+0000] {dag.py:3456} INFO - Setting next_dagrun for ny_taxi_local to 2023-06-19T00:00:00+00:00, run_after=2023-06-20T00:00:00+00:00
[2023-06-20T01:06:33.104+0000] {processor.py:175} INFO - Processing /opt/airflow/dags/fetch_and_upload.py took 1.081 seconds
[2023-06-20T01:07:03.836+0000] {processor.py:153} INFO - Started process (PID=53) to work on /opt/airflow/dags/fetch_and_upload.py
[2023-06-20T01:07:03.838+0000] {processor.py:743} INFO - Processing file /opt/airflow/dags/fetch_and_upload.py for tasks to queue
[2023-06-20T01:07:03.840+0000] {logging_mixin.py:137} INFO - [2023-06-20T01:07:03.840+0000] {dagbag.py:532} INFO - Filling up the DagBag from /opt/airflow/dags/fetch_and_upload.py
[2023-06-20T01:07:04.355+0000] {logging_mixin.py:137} INFO - [2023-06-20T01:07:04.355+0000] {taskmixin.py:211} WARNING - Dependency <Task(_PythonDecoratedOperator): get_data.bash_get_data>, upload_data_to_GCS_Lake.local_to_gcs already registered for DAG: ny_taxi_local
[2023-06-20T01:07:04.356+0000] {logging_mixin.py:137} INFO - [2023-06-20T01:07:04.356+0000] {taskmixin.py:211} WARNING - Dependency <Task(_PythonDecoratedOperator): upload_data_to_GCS_Lake.local_to_gcs>, get_data.bash_get_data already registered for DAG: ny_taxi_local
[2023-06-20T01:07:04.361+0000] {processor.py:753} INFO - DAG(s) dict_keys(['ny_taxi_local']) retrieved from /opt/airflow/dags/fetch_and_upload.py
[2023-06-20T01:07:04.381+0000] {logging_mixin.py:137} INFO - [2023-06-20T01:07:04.380+0000] {dag.py:2705} INFO - Sync 1 DAGs
[2023-06-20T01:07:04.397+0000] {logging_mixin.py:137} INFO - [2023-06-20T01:07:04.397+0000] {dag.py:3456} INFO - Setting next_dagrun for ny_taxi_local to 2023-06-19T00:00:00+00:00, run_after=2023-06-20T00:00:00+00:00
[2023-06-20T01:07:04.410+0000] {processor.py:175} INFO - Processing /opt/airflow/dags/fetch_and_upload.py took 0.579 seconds
[2023-06-20T01:07:35.072+0000] {processor.py:153} INFO - Started process (PID=66) to work on /opt/airflow/dags/fetch_and_upload.py
[2023-06-20T01:07:35.074+0000] {processor.py:743} INFO - Processing file /opt/airflow/dags/fetch_and_upload.py for tasks to queue
[2023-06-20T01:07:35.076+0000] {logging_mixin.py:137} INFO - [2023-06-20T01:07:35.076+0000] {dagbag.py:532} INFO - Filling up the DagBag from /opt/airflow/dags/fetch_and_upload.py
[2023-06-20T01:07:35.464+0000] {logging_mixin.py:137} INFO - [2023-06-20T01:07:35.464+0000] {taskmixin.py:211} WARNING - Dependency <Task(_PythonDecoratedOperator): get_data.bash_get_data>, upload_data_to_GCS_Lake.local_to_gcs already registered for DAG: ny_taxi_local
[2023-06-20T01:07:35.465+0000] {logging_mixin.py:137} INFO - [2023-06-20T01:07:35.465+0000] {taskmixin.py:211} WARNING - Dependency <Task(_PythonDecoratedOperator): upload_data_to_GCS_Lake.local_to_gcs>, get_data.bash_get_data already registered for DAG: ny_taxi_local
[2023-06-20T01:07:35.474+0000] {processor.py:753} INFO - DAG(s) dict_keys(['ny_taxi_local']) retrieved from /opt/airflow/dags/fetch_and_upload.py
[2023-06-20T01:07:35.502+0000] {logging_mixin.py:137} INFO - [2023-06-20T01:07:35.502+0000] {dag.py:2705} INFO - Sync 1 DAGs
[2023-06-20T01:07:35.523+0000] {logging_mixin.py:137} INFO - [2023-06-20T01:07:35.523+0000] {dag.py:3456} INFO - Setting next_dagrun for ny_taxi_local to 2023-06-19T00:00:00+00:00, run_after=2023-06-20T00:00:00+00:00
[2023-06-20T01:07:35.538+0000] {processor.py:175} INFO - Processing /opt/airflow/dags/fetch_and_upload.py took 0.471 seconds
[2023-06-20T01:08:06.074+0000] {processor.py:153} INFO - Started process (PID=81) to work on /opt/airflow/dags/fetch_and_upload.py
[2023-06-20T01:08:06.075+0000] {processor.py:743} INFO - Processing file /opt/airflow/dags/fetch_and_upload.py for tasks to queue
[2023-06-20T01:08:06.077+0000] {logging_mixin.py:137} INFO - [2023-06-20T01:08:06.076+0000] {dagbag.py:532} INFO - Filling up the DagBag from /opt/airflow/dags/fetch_and_upload.py
[2023-06-20T01:08:06.813+0000] {logging_mixin.py:137} INFO - [2023-06-20T01:08:06.812+0000] {taskmixin.py:211} WARNING - Dependency <Task(_PythonDecoratedOperator): get_data.bash_get_data>, upload_data_to_GCS_Lake.local_to_gcs already registered for DAG: ny_taxi_local
[2023-06-20T01:08:06.814+0000] {logging_mixin.py:137} INFO - [2023-06-20T01:08:06.814+0000] {taskmixin.py:211} WARNING - Dependency <Task(_PythonDecoratedOperator): upload_data_to_GCS_Lake.local_to_gcs>, get_data.bash_get_data already registered for DAG: ny_taxi_local
[2023-06-20T01:08:06.825+0000] {processor.py:753} INFO - DAG(s) dict_keys(['ny_taxi_local']) retrieved from /opt/airflow/dags/fetch_and_upload.py
[2023-06-20T01:08:06.849+0000] {logging_mixin.py:137} INFO - [2023-06-20T01:08:06.848+0000] {dag.py:2705} INFO - Sync 1 DAGs
[2023-06-20T01:08:06.872+0000] {logging_mixin.py:137} INFO - [2023-06-20T01:08:06.872+0000] {dag.py:3456} INFO - Setting next_dagrun for ny_taxi_local to 2023-06-19T00:00:00+00:00, run_after=2023-06-20T00:00:00+00:00
[2023-06-20T01:08:06.891+0000] {processor.py:175} INFO - Processing /opt/airflow/dags/fetch_and_upload.py took 0.822 seconds
[2023-06-20T01:08:37.398+0000] {processor.py:153} INFO - Started process (PID=94) to work on /opt/airflow/dags/fetch_and_upload.py
[2023-06-20T01:08:37.399+0000] {processor.py:743} INFO - Processing file /opt/airflow/dags/fetch_and_upload.py for tasks to queue
[2023-06-20T01:08:37.400+0000] {logging_mixin.py:137} INFO - [2023-06-20T01:08:37.400+0000] {dagbag.py:532} INFO - Filling up the DagBag from /opt/airflow/dags/fetch_and_upload.py
[2023-06-20T01:08:37.827+0000] {logging_mixin.py:137} INFO - [2023-06-20T01:08:37.827+0000] {taskmixin.py:211} WARNING - Dependency <Task(_PythonDecoratedOperator): get_data.bash_get_data>, upload_data_to_GCS_Lake.local_to_gcs already registered for DAG: ny_taxi_local
[2023-06-20T01:08:37.828+0000] {logging_mixin.py:137} INFO - [2023-06-20T01:08:37.828+0000] {taskmixin.py:211} WARNING - Dependency <Task(_PythonDecoratedOperator): upload_data_to_GCS_Lake.local_to_gcs>, get_data.bash_get_data already registered for DAG: ny_taxi_local
[2023-06-20T01:08:37.832+0000] {processor.py:753} INFO - DAG(s) dict_keys(['ny_taxi_local']) retrieved from /opt/airflow/dags/fetch_and_upload.py
[2023-06-20T01:08:37.855+0000] {logging_mixin.py:137} INFO - [2023-06-20T01:08:37.855+0000] {dag.py:2705} INFO - Sync 1 DAGs
[2023-06-20T01:08:37.877+0000] {logging_mixin.py:137} INFO - [2023-06-20T01:08:37.876+0000] {dag.py:3456} INFO - Setting next_dagrun for ny_taxi_local to 2023-06-19T00:00:00+00:00, run_after=2023-06-20T00:00:00+00:00
[2023-06-20T01:08:37.898+0000] {processor.py:175} INFO - Processing /opt/airflow/dags/fetch_and_upload.py took 0.504 seconds
[2023-06-20T01:09:08.373+0000] {processor.py:153} INFO - Started process (PID=107) to work on /opt/airflow/dags/fetch_and_upload.py
[2023-06-20T01:09:08.375+0000] {processor.py:743} INFO - Processing file /opt/airflow/dags/fetch_and_upload.py for tasks to queue
[2023-06-20T01:09:08.377+0000] {logging_mixin.py:137} INFO - [2023-06-20T01:09:08.377+0000] {dagbag.py:532} INFO - Filling up the DagBag from /opt/airflow/dags/fetch_and_upload.py
[2023-06-20T01:09:08.967+0000] {logging_mixin.py:137} INFO - [2023-06-20T01:09:08.967+0000] {taskmixin.py:211} WARNING - Dependency <Task(_PythonDecoratedOperator): get_data.bash_get_data>, upload_data_to_GCS_Lake.local_to_gcs already registered for DAG: ny_taxi_local
[2023-06-20T01:09:08.968+0000] {logging_mixin.py:137} INFO - [2023-06-20T01:09:08.968+0000] {taskmixin.py:211} WARNING - Dependency <Task(_PythonDecoratedOperator): upload_data_to_GCS_Lake.local_to_gcs>, get_data.bash_get_data already registered for DAG: ny_taxi_local
[2023-06-20T01:09:08.972+0000] {processor.py:753} INFO - DAG(s) dict_keys(['ny_taxi_local']) retrieved from /opt/airflow/dags/fetch_and_upload.py
[2023-06-20T01:09:09.018+0000] {logging_mixin.py:137} INFO - [2023-06-20T01:09:09.017+0000] {dag.py:2705} INFO - Sync 1 DAGs
[2023-06-20T01:09:09.060+0000] {logging_mixin.py:137} INFO - [2023-06-20T01:09:09.060+0000] {dag.py:3456} INFO - Setting next_dagrun for ny_taxi_local to 2023-06-19T00:00:00+00:00, run_after=2023-06-20T00:00:00+00:00
[2023-06-20T01:09:09.133+0000] {processor.py:175} INFO - Processing /opt/airflow/dags/fetch_and_upload.py took 0.765 seconds
[2023-06-20T01:09:39.710+0000] {processor.py:153} INFO - Started process (PID=120) to work on /opt/airflow/dags/fetch_and_upload.py
[2023-06-20T01:09:39.712+0000] {processor.py:743} INFO - Processing file /opt/airflow/dags/fetch_and_upload.py for tasks to queue
[2023-06-20T01:09:39.713+0000] {logging_mixin.py:137} INFO - [2023-06-20T01:09:39.713+0000] {dagbag.py:532} INFO - Filling up the DagBag from /opt/airflow/dags/fetch_and_upload.py
[2023-06-20T01:09:40.140+0000] {logging_mixin.py:137} INFO - [2023-06-20T01:09:40.140+0000] {taskmixin.py:211} WARNING - Dependency <Task(_PythonDecoratedOperator): get_data.bash_get_data>, upload_data_to_GCS_Lake.local_to_gcs already registered for DAG: ny_taxi_local
[2023-06-20T01:09:40.141+0000] {logging_mixin.py:137} INFO - [2023-06-20T01:09:40.141+0000] {taskmixin.py:211} WARNING - Dependency <Task(_PythonDecoratedOperator): upload_data_to_GCS_Lake.local_to_gcs>, get_data.bash_get_data already registered for DAG: ny_taxi_local
[2023-06-20T01:09:40.145+0000] {processor.py:753} INFO - DAG(s) dict_keys(['ny_taxi_local']) retrieved from /opt/airflow/dags/fetch_and_upload.py
[2023-06-20T01:09:40.168+0000] {logging_mixin.py:137} INFO - [2023-06-20T01:09:40.167+0000] {dag.py:2705} INFO - Sync 1 DAGs
[2023-06-20T01:09:40.185+0000] {logging_mixin.py:137} INFO - [2023-06-20T01:09:40.185+0000] {dag.py:3456} INFO - Setting next_dagrun for ny_taxi_local to 2023-06-19T00:00:00+00:00, run_after=2023-06-20T00:00:00+00:00
[2023-06-20T01:09:40.199+0000] {processor.py:175} INFO - Processing /opt/airflow/dags/fetch_and_upload.py took 0.493 seconds
[2023-06-20T01:10:10.705+0000] {processor.py:153} INFO - Started process (PID=133) to work on /opt/airflow/dags/fetch_and_upload.py
[2023-06-20T01:10:10.707+0000] {processor.py:743} INFO - Processing file /opt/airflow/dags/fetch_and_upload.py for tasks to queue
[2023-06-20T01:10:10.708+0000] {logging_mixin.py:137} INFO - [2023-06-20T01:10:10.708+0000] {dagbag.py:532} INFO - Filling up the DagBag from /opt/airflow/dags/fetch_and_upload.py
[2023-06-20T01:10:11.158+0000] {logging_mixin.py:137} INFO - [2023-06-20T01:10:11.157+0000] {taskmixin.py:211} WARNING - Dependency <Task(_PythonDecoratedOperator): get_data.bash_get_data>, upload_data_to_GCS_Lake.local_to_gcs already registered for DAG: ny_taxi_local
[2023-06-20T01:10:11.159+0000] {logging_mixin.py:137} INFO - [2023-06-20T01:10:11.158+0000] {taskmixin.py:211} WARNING - Dependency <Task(_PythonDecoratedOperator): upload_data_to_GCS_Lake.local_to_gcs>, get_data.bash_get_data already registered for DAG: ny_taxi_local
[2023-06-20T01:10:11.162+0000] {processor.py:753} INFO - DAG(s) dict_keys(['ny_taxi_local']) retrieved from /opt/airflow/dags/fetch_and_upload.py
[2023-06-20T01:10:11.181+0000] {logging_mixin.py:137} INFO - [2023-06-20T01:10:11.181+0000] {dag.py:2705} INFO - Sync 1 DAGs
[2023-06-20T01:10:11.199+0000] {logging_mixin.py:137} INFO - [2023-06-20T01:10:11.199+0000] {dag.py:3456} INFO - Setting next_dagrun for ny_taxi_local to 2023-06-19T00:00:00+00:00, run_after=2023-06-20T00:00:00+00:00
[2023-06-20T01:10:11.210+0000] {processor.py:175} INFO - Processing /opt/airflow/dags/fetch_and_upload.py took 0.511 seconds
[2023-06-20T01:10:41.820+0000] {processor.py:153} INFO - Started process (PID=146) to work on /opt/airflow/dags/fetch_and_upload.py
[2023-06-20T01:10:41.822+0000] {processor.py:743} INFO - Processing file /opt/airflow/dags/fetch_and_upload.py for tasks to queue
[2023-06-20T01:10:41.823+0000] {logging_mixin.py:137} INFO - [2023-06-20T01:10:41.823+0000] {dagbag.py:532} INFO - Filling up the DagBag from /opt/airflow/dags/fetch_and_upload.py
[2023-06-20T01:10:42.211+0000] {logging_mixin.py:137} INFO - [2023-06-20T01:10:42.211+0000] {taskmixin.py:211} WARNING - Dependency <Task(_PythonDecoratedOperator): get_data.bash_get_data>, upload_data_to_GCS_Lake.local_to_gcs already registered for DAG: ny_taxi_local
[2023-06-20T01:10:42.212+0000] {logging_mixin.py:137} INFO - [2023-06-20T01:10:42.212+0000] {taskmixin.py:211} WARNING - Dependency <Task(_PythonDecoratedOperator): upload_data_to_GCS_Lake.local_to_gcs>, get_data.bash_get_data already registered for DAG: ny_taxi_local
[2023-06-20T01:10:42.216+0000] {processor.py:753} INFO - DAG(s) dict_keys(['ny_taxi_local']) retrieved from /opt/airflow/dags/fetch_and_upload.py
[2023-06-20T01:10:42.235+0000] {logging_mixin.py:137} INFO - [2023-06-20T01:10:42.235+0000] {dag.py:2705} INFO - Sync 1 DAGs
[2023-06-20T01:10:42.252+0000] {logging_mixin.py:137} INFO - [2023-06-20T01:10:42.252+0000] {dag.py:3456} INFO - Setting next_dagrun for ny_taxi_local to 2023-06-19T00:00:00+00:00, run_after=2023-06-20T00:00:00+00:00
[2023-06-20T01:10:42.268+0000] {processor.py:175} INFO - Processing /opt/airflow/dags/fetch_and_upload.py took 0.454 seconds
[2023-06-20T01:11:12.725+0000] {processor.py:153} INFO - Started process (PID=159) to work on /opt/airflow/dags/fetch_and_upload.py
[2023-06-20T01:11:12.728+0000] {processor.py:743} INFO - Processing file /opt/airflow/dags/fetch_and_upload.py for tasks to queue
[2023-06-20T01:11:12.729+0000] {logging_mixin.py:137} INFO - [2023-06-20T01:11:12.729+0000] {dagbag.py:532} INFO - Filling up the DagBag from /opt/airflow/dags/fetch_and_upload.py
[2023-06-20T01:11:13.098+0000] {logging_mixin.py:137} INFO - [2023-06-20T01:11:13.098+0000] {taskmixin.py:211} WARNING - Dependency <Task(_PythonDecoratedOperator): get_data.bash_get_data>, upload_data_to_GCS_Lake.local_to_gcs already registered for DAG: ny_taxi_local
[2023-06-20T01:11:13.100+0000] {logging_mixin.py:137} INFO - [2023-06-20T01:11:13.100+0000] {taskmixin.py:211} WARNING - Dependency <Task(_PythonDecoratedOperator): upload_data_to_GCS_Lake.local_to_gcs>, get_data.bash_get_data already registered for DAG: ny_taxi_local
[2023-06-20T01:11:13.104+0000] {processor.py:753} INFO - DAG(s) dict_keys(['ny_taxi_local']) retrieved from /opt/airflow/dags/fetch_and_upload.py
[2023-06-20T01:11:13.122+0000] {logging_mixin.py:137} INFO - [2023-06-20T01:11:13.121+0000] {dag.py:2705} INFO - Sync 1 DAGs
[2023-06-20T01:11:13.138+0000] {logging_mixin.py:137} INFO - [2023-06-20T01:11:13.138+0000] {dag.py:3456} INFO - Setting next_dagrun for ny_taxi_local to 2023-06-19T00:00:00+00:00, run_after=2023-06-20T00:00:00+00:00
[2023-06-20T01:11:13.149+0000] {processor.py:175} INFO - Processing /opt/airflow/dags/fetch_and_upload.py took 0.428 seconds
[2023-06-20T01:11:43.405+0000] {processor.py:153} INFO - Started process (PID=172) to work on /opt/airflow/dags/fetch_and_upload.py
[2023-06-20T01:11:43.408+0000] {processor.py:743} INFO - Processing file /opt/airflow/dags/fetch_and_upload.py for tasks to queue
[2023-06-20T01:11:43.410+0000] {logging_mixin.py:137} INFO - [2023-06-20T01:11:43.410+0000] {dagbag.py:532} INFO - Filling up the DagBag from /opt/airflow/dags/fetch_and_upload.py
[2023-06-20T01:11:43.802+0000] {logging_mixin.py:137} INFO - [2023-06-20T01:11:43.802+0000] {taskmixin.py:211} WARNING - Dependency <Task(_PythonDecoratedOperator): get_data.bash_get_data>, upload_data_to_GCS_Lake.local_to_gcs already registered for DAG: ny_taxi_local
[2023-06-20T01:11:43.804+0000] {logging_mixin.py:137} INFO - [2023-06-20T01:11:43.804+0000] {taskmixin.py:211} WARNING - Dependency <Task(_PythonDecoratedOperator): upload_data_to_GCS_Lake.local_to_gcs>, get_data.bash_get_data already registered for DAG: ny_taxi_local
[2023-06-20T01:11:43.809+0000] {processor.py:753} INFO - DAG(s) dict_keys(['ny_taxi_local']) retrieved from /opt/airflow/dags/fetch_and_upload.py
[2023-06-20T01:11:43.832+0000] {logging_mixin.py:137} INFO - [2023-06-20T01:11:43.832+0000] {dag.py:2705} INFO - Sync 1 DAGs
[2023-06-20T01:11:43.853+0000] {logging_mixin.py:137} INFO - [2023-06-20T01:11:43.853+0000] {dag.py:3456} INFO - Setting next_dagrun for ny_taxi_local to 2023-06-19T00:00:00+00:00, run_after=2023-06-20T00:00:00+00:00
[2023-06-20T01:11:43.868+0000] {processor.py:175} INFO - Processing /opt/airflow/dags/fetch_and_upload.py took 0.473 seconds
[2023-06-20T01:12:14.429+0000] {processor.py:153} INFO - Started process (PID=185) to work on /opt/airflow/dags/fetch_and_upload.py
[2023-06-20T01:12:14.430+0000] {processor.py:743} INFO - Processing file /opt/airflow/dags/fetch_and_upload.py for tasks to queue
[2023-06-20T01:12:14.431+0000] {logging_mixin.py:137} INFO - [2023-06-20T01:12:14.431+0000] {dagbag.py:532} INFO - Filling up the DagBag from /opt/airflow/dags/fetch_and_upload.py
[2023-06-20T01:12:14.804+0000] {logging_mixin.py:137} INFO - [2023-06-20T01:12:14.803+0000] {taskmixin.py:211} WARNING - Dependency <Task(_PythonDecoratedOperator): get_data.bash_get_data>, upload_data_to_GCS_Lake.local_to_gcs already registered for DAG: ny_taxi_local
[2023-06-20T01:12:14.805+0000] {logging_mixin.py:137} INFO - [2023-06-20T01:12:14.804+0000] {taskmixin.py:211} WARNING - Dependency <Task(_PythonDecoratedOperator): upload_data_to_GCS_Lake.local_to_gcs>, get_data.bash_get_data already registered for DAG: ny_taxi_local
[2023-06-20T01:12:14.809+0000] {processor.py:753} INFO - DAG(s) dict_keys(['ny_taxi_local']) retrieved from /opt/airflow/dags/fetch_and_upload.py
[2023-06-20T01:12:14.828+0000] {logging_mixin.py:137} INFO - [2023-06-20T01:12:14.828+0000] {dag.py:2705} INFO - Sync 1 DAGs
[2023-06-20T01:12:14.844+0000] {logging_mixin.py:137} INFO - [2023-06-20T01:12:14.844+0000] {dag.py:3456} INFO - Setting next_dagrun for ny_taxi_local to 2023-06-19T00:00:00+00:00, run_after=2023-06-20T00:00:00+00:00
[2023-06-20T01:12:14.855+0000] {processor.py:175} INFO - Processing /opt/airflow/dags/fetch_and_upload.py took 0.431 seconds
[2023-06-20T01:12:45.577+0000] {processor.py:153} INFO - Started process (PID=198) to work on /opt/airflow/dags/fetch_and_upload.py
[2023-06-20T01:12:45.578+0000] {processor.py:743} INFO - Processing file /opt/airflow/dags/fetch_and_upload.py for tasks to queue
[2023-06-20T01:12:45.580+0000] {logging_mixin.py:137} INFO - [2023-06-20T01:12:45.579+0000] {dagbag.py:532} INFO - Filling up the DagBag from /opt/airflow/dags/fetch_and_upload.py
[2023-06-20T01:12:45.997+0000] {logging_mixin.py:137} INFO - [2023-06-20T01:12:45.997+0000] {taskmixin.py:211} WARNING - Dependency <Task(_PythonDecoratedOperator): get_data.bash_get_data>, upload_data_to_GCS_Lake.local_to_gcs already registered for DAG: ny_taxi_local
[2023-06-20T01:12:45.998+0000] {logging_mixin.py:137} INFO - [2023-06-20T01:12:45.998+0000] {taskmixin.py:211} WARNING - Dependency <Task(_PythonDecoratedOperator): upload_data_to_GCS_Lake.local_to_gcs>, get_data.bash_get_data already registered for DAG: ny_taxi_local
[2023-06-20T01:12:46.002+0000] {processor.py:753} INFO - DAG(s) dict_keys(['ny_taxi_local']) retrieved from /opt/airflow/dags/fetch_and_upload.py
[2023-06-20T01:12:46.027+0000] {logging_mixin.py:137} INFO - [2023-06-20T01:12:46.027+0000] {dag.py:2705} INFO - Sync 1 DAGs
[2023-06-20T01:12:46.051+0000] {logging_mixin.py:137} INFO - [2023-06-20T01:12:46.051+0000] {dag.py:3456} INFO - Setting next_dagrun for ny_taxi_local to 2023-06-19T00:00:00+00:00, run_after=2023-06-20T00:00:00+00:00
[2023-06-20T01:12:46.066+0000] {processor.py:175} INFO - Processing /opt/airflow/dags/fetch_and_upload.py took 0.493 seconds
[2023-06-20T01:13:16.590+0000] {processor.py:153} INFO - Started process (PID=211) to work on /opt/airflow/dags/fetch_and_upload.py
[2023-06-20T01:13:16.592+0000] {processor.py:743} INFO - Processing file /opt/airflow/dags/fetch_and_upload.py for tasks to queue
[2023-06-20T01:13:16.593+0000] {logging_mixin.py:137} INFO - [2023-06-20T01:13:16.593+0000] {dagbag.py:532} INFO - Filling up the DagBag from /opt/airflow/dags/fetch_and_upload.py
[2023-06-20T01:13:16.978+0000] {logging_mixin.py:137} INFO - [2023-06-20T01:13:16.978+0000] {taskmixin.py:211} WARNING - Dependency <Task(_PythonDecoratedOperator): get_data.bash_get_data>, upload_data_to_GCS_Lake.local_to_gcs already registered for DAG: ny_taxi_local
[2023-06-20T01:13:16.979+0000] {logging_mixin.py:137} INFO - [2023-06-20T01:13:16.979+0000] {taskmixin.py:211} WARNING - Dependency <Task(_PythonDecoratedOperator): upload_data_to_GCS_Lake.local_to_gcs>, get_data.bash_get_data already registered for DAG: ny_taxi_local
[2023-06-20T01:13:16.982+0000] {processor.py:753} INFO - DAG(s) dict_keys(['ny_taxi_local']) retrieved from /opt/airflow/dags/fetch_and_upload.py
[2023-06-20T01:13:17.001+0000] {logging_mixin.py:137} INFO - [2023-06-20T01:13:17.001+0000] {dag.py:2705} INFO - Sync 1 DAGs
[2023-06-20T01:13:17.016+0000] {logging_mixin.py:137} INFO - [2023-06-20T01:13:17.016+0000] {dag.py:3456} INFO - Setting next_dagrun for ny_taxi_local to 2023-06-19T00:00:00+00:00, run_after=2023-06-20T00:00:00+00:00
[2023-06-20T01:13:17.029+0000] {processor.py:175} INFO - Processing /opt/airflow/dags/fetch_and_upload.py took 0.447 seconds
[2023-06-20T01:13:49.038+0000] {processor.py:153} INFO - Started process (PID=224) to work on /opt/airflow/dags/fetch_and_upload.py
[2023-06-20T01:13:49.048+0000] {processor.py:743} INFO - Processing file /opt/airflow/dags/fetch_and_upload.py for tasks to queue
[2023-06-20T01:13:49.056+0000] {logging_mixin.py:137} INFO - [2023-06-20T01:13:49.055+0000] {dagbag.py:532} INFO - Filling up the DagBag from /opt/airflow/dags/fetch_and_upload.py
[2023-06-20T01:13:50.087+0000] {logging_mixin.py:137} INFO - [2023-06-20T01:13:50.086+0000] {taskmixin.py:211} WARNING - Dependency <Task(_PythonDecoratedOperator): get_data.bash_get_data>, upload_data_to_GCS_Lake.local_to_gcs already registered for DAG: ny_taxi_local
[2023-06-20T01:13:50.088+0000] {logging_mixin.py:137} INFO - [2023-06-20T01:13:50.088+0000] {taskmixin.py:211} WARNING - Dependency <Task(_PythonDecoratedOperator): upload_data_to_GCS_Lake.local_to_gcs>, get_data.bash_get_data already registered for DAG: ny_taxi_local
[2023-06-20T01:13:50.093+0000] {processor.py:753} INFO - DAG(s) dict_keys(['ny_taxi_local']) retrieved from /opt/airflow/dags/fetch_and_upload.py
[2023-06-20T01:13:50.126+0000] {logging_mixin.py:137} INFO - [2023-06-20T01:13:50.126+0000] {dag.py:2705} INFO - Sync 1 DAGs
[2023-06-20T01:13:50.154+0000] {logging_mixin.py:137} INFO - [2023-06-20T01:13:50.153+0000] {dag.py:3456} INFO - Setting next_dagrun for ny_taxi_local to 2023-06-19T00:00:00+00:00, run_after=2023-06-20T00:00:00+00:00
[2023-06-20T01:13:50.169+0000] {processor.py:175} INFO - Processing /opt/airflow/dags/fetch_and_upload.py took 1.173 seconds
[2023-06-20T01:14:20.790+0000] {processor.py:153} INFO - Started process (PID=237) to work on /opt/airflow/dags/fetch_and_upload.py
[2023-06-20T01:14:20.791+0000] {processor.py:743} INFO - Processing file /opt/airflow/dags/fetch_and_upload.py for tasks to queue
[2023-06-20T01:14:20.792+0000] {logging_mixin.py:137} INFO - [2023-06-20T01:14:20.792+0000] {dagbag.py:532} INFO - Filling up the DagBag from /opt/airflow/dags/fetch_and_upload.py
[2023-06-20T01:14:21.140+0000] {logging_mixin.py:137} INFO - [2023-06-20T01:14:21.140+0000] {taskmixin.py:211} WARNING - Dependency <Task(_PythonDecoratedOperator): get_data.bash_get_data>, upload_data_to_GCS_Lake.local_to_gcs already registered for DAG: ny_taxi_local
[2023-06-20T01:14:21.141+0000] {logging_mixin.py:137} INFO - [2023-06-20T01:14:21.141+0000] {taskmixin.py:211} WARNING - Dependency <Task(_PythonDecoratedOperator): upload_data_to_GCS_Lake.local_to_gcs>, get_data.bash_get_data already registered for DAG: ny_taxi_local
[2023-06-20T01:14:21.145+0000] {processor.py:753} INFO - DAG(s) dict_keys(['ny_taxi_local']) retrieved from /opt/airflow/dags/fetch_and_upload.py
[2023-06-20T01:14:21.161+0000] {logging_mixin.py:137} INFO - [2023-06-20T01:14:21.161+0000] {dag.py:2705} INFO - Sync 1 DAGs
[2023-06-20T01:14:21.176+0000] {logging_mixin.py:137} INFO - [2023-06-20T01:14:21.176+0000] {dag.py:3456} INFO - Setting next_dagrun for ny_taxi_local to 2023-06-19T00:00:00+00:00, run_after=2023-06-20T00:00:00+00:00
[2023-06-20T01:14:21.188+0000] {processor.py:175} INFO - Processing /opt/airflow/dags/fetch_and_upload.py took 0.402 seconds
[2023-06-20T01:14:51.856+0000] {processor.py:153} INFO - Started process (PID=257) to work on /opt/airflow/dags/fetch_and_upload.py
[2023-06-20T01:14:51.858+0000] {processor.py:743} INFO - Processing file /opt/airflow/dags/fetch_and_upload.py for tasks to queue
[2023-06-20T01:14:51.860+0000] {logging_mixin.py:137} INFO - [2023-06-20T01:14:51.859+0000] {dagbag.py:532} INFO - Filling up the DagBag from /opt/airflow/dags/fetch_and_upload.py
[2023-06-20T01:14:52.347+0000] {logging_mixin.py:137} INFO - [2023-06-20T01:14:52.347+0000] {taskmixin.py:211} WARNING - Dependency <Task(_PythonDecoratedOperator): get_data.bash_get_data>, upload_data_to_GCS_Lake.local_to_gcs already registered for DAG: ny_taxi_local
[2023-06-20T01:14:52.351+0000] {logging_mixin.py:137} INFO - [2023-06-20T01:14:52.350+0000] {taskmixin.py:211} WARNING - Dependency <Task(_PythonDecoratedOperator): upload_data_to_GCS_Lake.local_to_gcs>, get_data.bash_get_data already registered for DAG: ny_taxi_local
[2023-06-20T01:14:52.369+0000] {processor.py:753} INFO - DAG(s) dict_keys(['ny_taxi_local']) retrieved from /opt/airflow/dags/fetch_and_upload.py
[2023-06-20T01:14:52.403+0000] {logging_mixin.py:137} INFO - [2023-06-20T01:14:52.402+0000] {dag.py:2705} INFO - Sync 1 DAGs
[2023-06-20T01:14:52.431+0000] {logging_mixin.py:137} INFO - [2023-06-20T01:14:52.431+0000] {dag.py:3456} INFO - Setting next_dagrun for ny_taxi_local to 2023-06-19T00:00:00+00:00, run_after=2023-06-20T00:00:00+00:00
[2023-06-20T01:14:52.444+0000] {processor.py:175} INFO - Processing /opt/airflow/dags/fetch_and_upload.py took 0.594 seconds
[2023-06-20T01:15:23.063+0000] {processor.py:153} INFO - Started process (PID=270) to work on /opt/airflow/dags/fetch_and_upload.py
[2023-06-20T01:15:23.065+0000] {processor.py:743} INFO - Processing file /opt/airflow/dags/fetch_and_upload.py for tasks to queue
[2023-06-20T01:15:23.066+0000] {logging_mixin.py:137} INFO - [2023-06-20T01:15:23.066+0000] {dagbag.py:532} INFO - Filling up the DagBag from /opt/airflow/dags/fetch_and_upload.py
[2023-06-20T01:15:23.402+0000] {logging_mixin.py:137} INFO - [2023-06-20T01:15:23.401+0000] {taskmixin.py:211} WARNING - Dependency <Task(_PythonDecoratedOperator): get_data.bash_get_data>, upload_data_to_GCS_Lake.local_to_gcs already registered for DAG: ny_taxi_local
[2023-06-20T01:15:23.402+0000] {logging_mixin.py:137} INFO - [2023-06-20T01:15:23.402+0000] {taskmixin.py:211} WARNING - Dependency <Task(_PythonDecoratedOperator): upload_data_to_GCS_Lake.local_to_gcs>, get_data.bash_get_data already registered for DAG: ny_taxi_local
[2023-06-20T01:15:23.406+0000] {processor.py:753} INFO - DAG(s) dict_keys(['ny_taxi_local']) retrieved from /opt/airflow/dags/fetch_and_upload.py
[2023-06-20T01:15:23.426+0000] {logging_mixin.py:137} INFO - [2023-06-20T01:15:23.426+0000] {dag.py:2705} INFO - Sync 1 DAGs
[2023-06-20T01:15:23.443+0000] {logging_mixin.py:137} INFO - [2023-06-20T01:15:23.443+0000] {dag.py:3456} INFO - Setting next_dagrun for ny_taxi_local to 2023-06-19T00:00:00+00:00, run_after=2023-06-20T00:00:00+00:00
[2023-06-20T01:15:23.457+0000] {processor.py:175} INFO - Processing /opt/airflow/dags/fetch_and_upload.py took 0.401 seconds
[2023-06-20T01:15:54.153+0000] {processor.py:153} INFO - Started process (PID=283) to work on /opt/airflow/dags/fetch_and_upload.py
[2023-06-20T01:15:54.156+0000] {processor.py:743} INFO - Processing file /opt/airflow/dags/fetch_and_upload.py for tasks to queue
[2023-06-20T01:15:54.158+0000] {logging_mixin.py:137} INFO - [2023-06-20T01:15:54.157+0000] {dagbag.py:532} INFO - Filling up the DagBag from /opt/airflow/dags/fetch_and_upload.py
[2023-06-20T01:15:54.631+0000] {logging_mixin.py:137} INFO - [2023-06-20T01:15:54.631+0000] {taskmixin.py:211} WARNING - Dependency <Task(_PythonDecoratedOperator): get_data.bash_get_data>, upload_data_to_GCS_Lake.local_to_gcs already registered for DAG: ny_taxi_local
[2023-06-20T01:15:54.632+0000] {logging_mixin.py:137} INFO - [2023-06-20T01:15:54.632+0000] {taskmixin.py:211} WARNING - Dependency <Task(_PythonDecoratedOperator): upload_data_to_GCS_Lake.local_to_gcs>, get_data.bash_get_data already registered for DAG: ny_taxi_local
[2023-06-20T01:15:54.636+0000] {processor.py:753} INFO - DAG(s) dict_keys(['ny_taxi_local']) retrieved from /opt/airflow/dags/fetch_and_upload.py
[2023-06-20T01:15:54.655+0000] {logging_mixin.py:137} INFO - [2023-06-20T01:15:54.655+0000] {dag.py:2705} INFO - Sync 1 DAGs
[2023-06-20T01:15:54.670+0000] {logging_mixin.py:137} INFO - [2023-06-20T01:15:54.670+0000] {dag.py:3456} INFO - Setting next_dagrun for ny_taxi_local to 2023-06-19T00:00:00+00:00, run_after=2023-06-20T00:00:00+00:00
[2023-06-20T01:15:54.681+0000] {processor.py:175} INFO - Processing /opt/airflow/dags/fetch_and_upload.py took 0.540 seconds
[2023-06-20T01:16:25.386+0000] {processor.py:153} INFO - Started process (PID=296) to work on /opt/airflow/dags/fetch_and_upload.py
[2023-06-20T01:16:25.388+0000] {processor.py:743} INFO - Processing file /opt/airflow/dags/fetch_and_upload.py for tasks to queue
[2023-06-20T01:16:25.390+0000] {logging_mixin.py:137} INFO - [2023-06-20T01:16:25.390+0000] {dagbag.py:532} INFO - Filling up the DagBag from /opt/airflow/dags/fetch_and_upload.py
[2023-06-20T01:16:25.702+0000] {logging_mixin.py:137} INFO - [2023-06-20T01:16:25.701+0000] {taskmixin.py:211} WARNING - Dependency <Task(_PythonDecoratedOperator): get_data.bash_get_data>, upload_data_to_GCS_Lake.local_to_gcs already registered for DAG: ny_taxi_local
[2023-06-20T01:16:25.704+0000] {logging_mixin.py:137} INFO - [2023-06-20T01:16:25.704+0000] {taskmixin.py:211} WARNING - Dependency <Task(_PythonDecoratedOperator): upload_data_to_GCS_Lake.local_to_gcs>, get_data.bash_get_data already registered for DAG: ny_taxi_local
[2023-06-20T01:16:25.708+0000] {processor.py:753} INFO - DAG(s) dict_keys(['ny_taxi_local']) retrieved from /opt/airflow/dags/fetch_and_upload.py
[2023-06-20T01:16:25.727+0000] {logging_mixin.py:137} INFO - [2023-06-20T01:16:25.726+0000] {dag.py:2705} INFO - Sync 1 DAGs
[2023-06-20T01:16:25.743+0000] {logging_mixin.py:137} INFO - [2023-06-20T01:16:25.743+0000] {dag.py:3456} INFO - Setting next_dagrun for ny_taxi_local to 2023-06-19T00:00:00+00:00, run_after=2023-06-20T00:00:00+00:00
[2023-06-20T01:16:25.755+0000] {processor.py:175} INFO - Processing /opt/airflow/dags/fetch_and_upload.py took 0.374 seconds
[2023-06-20T01:16:56.354+0000] {processor.py:153} INFO - Started process (PID=309) to work on /opt/airflow/dags/fetch_and_upload.py
[2023-06-20T01:16:56.356+0000] {processor.py:743} INFO - Processing file /opt/airflow/dags/fetch_and_upload.py for tasks to queue
[2023-06-20T01:16:56.358+0000] {logging_mixin.py:137} INFO - [2023-06-20T01:16:56.357+0000] {dagbag.py:532} INFO - Filling up the DagBag from /opt/airflow/dags/fetch_and_upload.py
[2023-06-20T01:16:56.623+0000] {logging_mixin.py:137} INFO - [2023-06-20T01:16:56.623+0000] {taskmixin.py:211} WARNING - Dependency <Task(_PythonDecoratedOperator): get_data.bash_get_data>, upload_data_to_GCS_Lake.local_to_gcs already registered for DAG: ny_taxi_local
[2023-06-20T01:16:56.624+0000] {logging_mixin.py:137} INFO - [2023-06-20T01:16:56.624+0000] {taskmixin.py:211} WARNING - Dependency <Task(_PythonDecoratedOperator): upload_data_to_GCS_Lake.local_to_gcs>, get_data.bash_get_data already registered for DAG: ny_taxi_local
[2023-06-20T01:16:56.631+0000] {processor.py:753} INFO - DAG(s) dict_keys(['ny_taxi_local']) retrieved from /opt/airflow/dags/fetch_and_upload.py
[2023-06-20T01:16:56.655+0000] {logging_mixin.py:137} INFO - [2023-06-20T01:16:56.655+0000] {dag.py:2705} INFO - Sync 1 DAGs
[2023-06-20T01:16:56.674+0000] {logging_mixin.py:137} INFO - [2023-06-20T01:16:56.674+0000] {dag.py:3456} INFO - Setting next_dagrun for ny_taxi_local to 2023-06-19T00:00:00+00:00, run_after=2023-06-20T00:00:00+00:00
[2023-06-20T01:16:56.689+0000] {processor.py:175} INFO - Processing /opt/airflow/dags/fetch_and_upload.py took 0.340 seconds
[2023-06-20T01:17:27.275+0000] {processor.py:153} INFO - Started process (PID=322) to work on /opt/airflow/dags/fetch_and_upload.py
[2023-06-20T01:17:27.277+0000] {processor.py:743} INFO - Processing file /opt/airflow/dags/fetch_and_upload.py for tasks to queue
[2023-06-20T01:17:27.278+0000] {logging_mixin.py:137} INFO - [2023-06-20T01:17:27.277+0000] {dagbag.py:532} INFO - Filling up the DagBag from /opt/airflow/dags/fetch_and_upload.py
[2023-06-20T01:17:27.554+0000] {logging_mixin.py:137} INFO - [2023-06-20T01:17:27.554+0000] {taskmixin.py:211} WARNING - Dependency <Task(_PythonDecoratedOperator): get_data.bash_get_data>, upload_data_to_GCS_Lake.local_to_gcs already registered for DAG: ny_taxi_local
[2023-06-20T01:17:27.555+0000] {logging_mixin.py:137} INFO - [2023-06-20T01:17:27.555+0000] {taskmixin.py:211} WARNING - Dependency <Task(_PythonDecoratedOperator): upload_data_to_GCS_Lake.local_to_gcs>, get_data.bash_get_data already registered for DAG: ny_taxi_local
[2023-06-20T01:17:27.559+0000] {processor.py:753} INFO - DAG(s) dict_keys(['ny_taxi_local']) retrieved from /opt/airflow/dags/fetch_and_upload.py
[2023-06-20T01:17:27.584+0000] {logging_mixin.py:137} INFO - [2023-06-20T01:17:27.584+0000] {dag.py:2705} INFO - Sync 1 DAGs
[2023-06-20T01:17:27.606+0000] {logging_mixin.py:137} INFO - [2023-06-20T01:17:27.605+0000] {dag.py:3456} INFO - Setting next_dagrun for ny_taxi_local to 2023-06-19T00:00:00+00:00, run_after=2023-06-20T00:00:00+00:00
[2023-06-20T01:17:27.620+0000] {processor.py:175} INFO - Processing /opt/airflow/dags/fetch_and_upload.py took 0.348 seconds
[2023-06-20T01:17:58.249+0000] {processor.py:153} INFO - Started process (PID=335) to work on /opt/airflow/dags/fetch_and_upload.py
[2023-06-20T01:17:58.251+0000] {processor.py:743} INFO - Processing file /opt/airflow/dags/fetch_and_upload.py for tasks to queue
[2023-06-20T01:17:58.252+0000] {logging_mixin.py:137} INFO - [2023-06-20T01:17:58.252+0000] {dagbag.py:532} INFO - Filling up the DagBag from /opt/airflow/dags/fetch_and_upload.py
[2023-06-20T01:17:58.503+0000] {logging_mixin.py:137} INFO - [2023-06-20T01:17:58.503+0000] {taskmixin.py:211} WARNING - Dependency <Task(_PythonDecoratedOperator): get_data.bash_get_data>, upload_data_to_GCS_Lake.local_to_gcs already registered for DAG: ny_taxi_local
[2023-06-20T01:17:58.504+0000] {logging_mixin.py:137} INFO - [2023-06-20T01:17:58.504+0000] {taskmixin.py:211} WARNING - Dependency <Task(_PythonDecoratedOperator): upload_data_to_GCS_Lake.local_to_gcs>, get_data.bash_get_data already registered for DAG: ny_taxi_local
[2023-06-20T01:17:58.508+0000] {processor.py:753} INFO - DAG(s) dict_keys(['ny_taxi_local']) retrieved from /opt/airflow/dags/fetch_and_upload.py
[2023-06-20T01:17:58.529+0000] {logging_mixin.py:137} INFO - [2023-06-20T01:17:58.529+0000] {dag.py:2705} INFO - Sync 1 DAGs
[2023-06-20T01:17:58.548+0000] {logging_mixin.py:137} INFO - [2023-06-20T01:17:58.548+0000] {dag.py:3456} INFO - Setting next_dagrun for ny_taxi_local to 2023-06-19T00:00:00+00:00, run_after=2023-06-20T00:00:00+00:00
[2023-06-20T01:17:58.562+0000] {processor.py:175} INFO - Processing /opt/airflow/dags/fetch_and_upload.py took 0.316 seconds
[2023-06-20T01:18:29.031+0000] {processor.py:153} INFO - Started process (PID=347) to work on /opt/airflow/dags/fetch_and_upload.py
[2023-06-20T01:18:29.034+0000] {processor.py:743} INFO - Processing file /opt/airflow/dags/fetch_and_upload.py for tasks to queue
[2023-06-20T01:18:29.036+0000] {logging_mixin.py:137} INFO - [2023-06-20T01:18:29.036+0000] {dagbag.py:532} INFO - Filling up the DagBag from /opt/airflow/dags/fetch_and_upload.py
[2023-06-20T01:18:29.400+0000] {logging_mixin.py:137} INFO - [2023-06-20T01:18:29.400+0000] {taskmixin.py:211} WARNING - Dependency <Task(_PythonDecoratedOperator): get_data.bash_get_data>, upload_data_to_GCS_Lake.local_to_gcs already registered for DAG: ny_taxi_local
[2023-06-20T01:18:29.401+0000] {logging_mixin.py:137} INFO - [2023-06-20T01:18:29.401+0000] {taskmixin.py:211} WARNING - Dependency <Task(_PythonDecoratedOperator): upload_data_to_GCS_Lake.local_to_gcs>, get_data.bash_get_data already registered for DAG: ny_taxi_local
[2023-06-20T01:18:29.405+0000] {processor.py:753} INFO - DAG(s) dict_keys(['ny_taxi_local']) retrieved from /opt/airflow/dags/fetch_and_upload.py
[2023-06-20T01:18:29.431+0000] {logging_mixin.py:137} INFO - [2023-06-20T01:18:29.431+0000] {dag.py:2705} INFO - Sync 1 DAGs
[2023-06-20T01:18:29.454+0000] {logging_mixin.py:137} INFO - [2023-06-20T01:18:29.454+0000] {dag.py:3456} INFO - Setting next_dagrun for ny_taxi_local to 2023-06-19T00:00:00+00:00, run_after=2023-06-20T00:00:00+00:00
[2023-06-20T01:18:29.474+0000] {processor.py:175} INFO - Processing /opt/airflow/dags/fetch_and_upload.py took 0.446 seconds
[2023-06-20T01:18:59.908+0000] {processor.py:153} INFO - Started process (PID=360) to work on /opt/airflow/dags/fetch_and_upload.py
[2023-06-20T01:18:59.910+0000] {processor.py:743} INFO - Processing file /opt/airflow/dags/fetch_and_upload.py for tasks to queue
[2023-06-20T01:18:59.911+0000] {logging_mixin.py:137} INFO - [2023-06-20T01:18:59.911+0000] {dagbag.py:532} INFO - Filling up the DagBag from /opt/airflow/dags/fetch_and_upload.py
[2023-06-20T01:19:00.240+0000] {logging_mixin.py:137} INFO - [2023-06-20T01:19:00.240+0000] {taskmixin.py:211} WARNING - Dependency <Task(_PythonDecoratedOperator): get_data.bash_get_data>, upload_data_to_GCS_Lake.local_to_gcs already registered for DAG: ny_taxi_local
[2023-06-20T01:19:00.241+0000] {logging_mixin.py:137} INFO - [2023-06-20T01:19:00.241+0000] {taskmixin.py:211} WARNING - Dependency <Task(_PythonDecoratedOperator): upload_data_to_GCS_Lake.local_to_gcs>, get_data.bash_get_data already registered for DAG: ny_taxi_local
[2023-06-20T01:19:00.246+0000] {processor.py:753} INFO - DAG(s) dict_keys(['ny_taxi_local']) retrieved from /opt/airflow/dags/fetch_and_upload.py
[2023-06-20T01:19:00.267+0000] {logging_mixin.py:137} INFO - [2023-06-20T01:19:00.267+0000] {dag.py:2705} INFO - Sync 1 DAGs
[2023-06-20T01:19:00.288+0000] {logging_mixin.py:137} INFO - [2023-06-20T01:19:00.287+0000] {dag.py:3456} INFO - Setting next_dagrun for ny_taxi_local to 2023-06-19T00:00:00+00:00, run_after=2023-06-20T00:00:00+00:00
[2023-06-20T01:19:00.299+0000] {processor.py:175} INFO - Processing /opt/airflow/dags/fetch_and_upload.py took 0.397 seconds
[2023-06-20T01:19:30.617+0000] {processor.py:153} INFO - Started process (PID=373) to work on /opt/airflow/dags/fetch_and_upload.py
[2023-06-20T01:19:30.619+0000] {processor.py:743} INFO - Processing file /opt/airflow/dags/fetch_and_upload.py for tasks to queue
[2023-06-20T01:19:30.621+0000] {logging_mixin.py:137} INFO - [2023-06-20T01:19:30.621+0000] {dagbag.py:532} INFO - Filling up the DagBag from /opt/airflow/dags/fetch_and_upload.py
[2023-06-20T01:19:30.869+0000] {logging_mixin.py:137} INFO - [2023-06-20T01:19:30.869+0000] {taskmixin.py:211} WARNING - Dependency <Task(_PythonDecoratedOperator): get_data.bash_get_data>, upload_data_to_GCS_Lake.local_to_gcs already registered for DAG: ny_taxi_local
[2023-06-20T01:19:30.870+0000] {logging_mixin.py:137} INFO - [2023-06-20T01:19:30.870+0000] {taskmixin.py:211} WARNING - Dependency <Task(_PythonDecoratedOperator): upload_data_to_GCS_Lake.local_to_gcs>, get_data.bash_get_data already registered for DAG: ny_taxi_local
[2023-06-20T01:19:30.874+0000] {processor.py:753} INFO - DAG(s) dict_keys(['ny_taxi_local']) retrieved from /opt/airflow/dags/fetch_and_upload.py
[2023-06-20T01:19:30.897+0000] {logging_mixin.py:137} INFO - [2023-06-20T01:19:30.896+0000] {dag.py:2705} INFO - Sync 1 DAGs
[2023-06-20T01:19:30.917+0000] {logging_mixin.py:137} INFO - [2023-06-20T01:19:30.917+0000] {dag.py:3456} INFO - Setting next_dagrun for ny_taxi_local to 2023-06-19T00:00:00+00:00, run_after=2023-06-20T00:00:00+00:00
[2023-06-20T01:19:30.931+0000] {processor.py:175} INFO - Processing /opt/airflow/dags/fetch_and_upload.py took 0.319 seconds
[2023-06-20T01:20:01.332+0000] {processor.py:153} INFO - Started process (PID=386) to work on /opt/airflow/dags/fetch_and_upload.py
[2023-06-20T01:20:01.334+0000] {processor.py:743} INFO - Processing file /opt/airflow/dags/fetch_and_upload.py for tasks to queue
[2023-06-20T01:20:01.335+0000] {logging_mixin.py:137} INFO - [2023-06-20T01:20:01.335+0000] {dagbag.py:532} INFO - Filling up the DagBag from /opt/airflow/dags/fetch_and_upload.py
[2023-06-20T01:20:01.583+0000] {logging_mixin.py:137} INFO - [2023-06-20T01:20:01.583+0000] {taskmixin.py:211} WARNING - Dependency <Task(_PythonDecoratedOperator): get_data.bash_get_data>, upload_data_to_GCS_Lake.local_to_gcs already registered for DAG: ny_taxi_local
[2023-06-20T01:20:01.584+0000] {logging_mixin.py:137} INFO - [2023-06-20T01:20:01.584+0000] {taskmixin.py:211} WARNING - Dependency <Task(_PythonDecoratedOperator): upload_data_to_GCS_Lake.local_to_gcs>, get_data.bash_get_data already registered for DAG: ny_taxi_local
[2023-06-20T01:20:01.588+0000] {processor.py:753} INFO - DAG(s) dict_keys(['ny_taxi_local']) retrieved from /opt/airflow/dags/fetch_and_upload.py
[2023-06-20T01:20:01.607+0000] {logging_mixin.py:137} INFO - [2023-06-20T01:20:01.607+0000] {dag.py:2705} INFO - Sync 1 DAGs
[2023-06-20T01:20:01.625+0000] {logging_mixin.py:137} INFO - [2023-06-20T01:20:01.625+0000] {dag.py:3456} INFO - Setting next_dagrun for ny_taxi_local to 2023-06-19T00:00:00+00:00, run_after=2023-06-20T00:00:00+00:00
[2023-06-20T01:20:01.639+0000] {processor.py:175} INFO - Processing /opt/airflow/dags/fetch_and_upload.py took 0.310 seconds
[2023-06-20T01:20:31.978+0000] {processor.py:153} INFO - Started process (PID=399) to work on /opt/airflow/dags/fetch_and_upload.py
[2023-06-20T01:20:31.980+0000] {processor.py:743} INFO - Processing file /opt/airflow/dags/fetch_and_upload.py for tasks to queue
[2023-06-20T01:20:31.981+0000] {logging_mixin.py:137} INFO - [2023-06-20T01:20:31.981+0000] {dagbag.py:532} INFO - Filling up the DagBag from /opt/airflow/dags/fetch_and_upload.py
[2023-06-20T01:20:32.337+0000] {logging_mixin.py:137} INFO - [2023-06-20T01:20:32.337+0000] {taskmixin.py:211} WARNING - Dependency <Task(_PythonDecoratedOperator): get_data.bash_get_data>, upload_data_to_GCS_Lake.local_to_gcs already registered for DAG: ny_taxi_local
[2023-06-20T01:20:32.369+0000] {logging_mixin.py:137} INFO - [2023-06-20T01:20:32.369+0000] {taskmixin.py:211} WARNING - Dependency <Task(_PythonDecoratedOperator): upload_data_to_GCS_Lake.local_to_gcs>, get_data.bash_get_data already registered for DAG: ny_taxi_local
[2023-06-20T01:20:32.404+0000] {processor.py:753} INFO - DAG(s) dict_keys(['ny_taxi_local']) retrieved from /opt/airflow/dags/fetch_and_upload.py
[2023-06-20T01:20:32.454+0000] {logging_mixin.py:137} INFO - [2023-06-20T01:20:32.453+0000] {dag.py:2705} INFO - Sync 1 DAGs
[2023-06-20T01:20:32.480+0000] {logging_mixin.py:137} INFO - [2023-06-20T01:20:32.480+0000] {dag.py:3456} INFO - Setting next_dagrun for ny_taxi_local to 2023-06-19T00:00:00+00:00, run_after=2023-06-20T00:00:00+00:00
[2023-06-20T01:20:32.493+0000] {processor.py:175} INFO - Processing /opt/airflow/dags/fetch_and_upload.py took 0.520 seconds
