[2023-06-20T00:39:41.832+0000] {processor.py:153} INFO - Started process (PID=44) to work on /opt/airflow/dags/gcs-connector-hadoop3-2.2.5.jar
[2023-06-20T00:39:41.833+0000] {processor.py:743} INFO - Processing file /opt/airflow/dags/gcs-connector-hadoop3-2.2.5.jar for tasks to queue
[2023-06-20T00:39:41.834+0000] {logging_mixin.py:137} INFO - [2023-06-20T00:39:41.834+0000] {dagbag.py:532} INFO - Filling up the DagBag from /opt/airflow/dags/gcs-connector-hadoop3-2.2.5.jar
[2023-06-20T00:39:41.904+0000] {processor.py:755} WARNING - No viable dags retrieved from /opt/airflow/dags/gcs-connector-hadoop3-2.2.5.jar
[2023-06-20T00:39:41.917+0000] {processor.py:175} INFO - Processing /opt/airflow/dags/gcs-connector-hadoop3-2.2.5.jar took 0.088 seconds
[2023-06-20T00:40:12.659+0000] {processor.py:153} INFO - Started process (PID=57) to work on /opt/airflow/dags/gcs-connector-hadoop3-2.2.5.jar
[2023-06-20T00:40:12.661+0000] {processor.py:743} INFO - Processing file /opt/airflow/dags/gcs-connector-hadoop3-2.2.5.jar for tasks to queue
[2023-06-20T00:40:12.662+0000] {logging_mixin.py:137} INFO - [2023-06-20T00:40:12.661+0000] {dagbag.py:532} INFO - Filling up the DagBag from /opt/airflow/dags/gcs-connector-hadoop3-2.2.5.jar
[2023-06-20T00:40:12.726+0000] {processor.py:755} WARNING - No viable dags retrieved from /opt/airflow/dags/gcs-connector-hadoop3-2.2.5.jar
[2023-06-20T00:40:12.739+0000] {processor.py:175} INFO - Processing /opt/airflow/dags/gcs-connector-hadoop3-2.2.5.jar took 0.082 seconds
[2023-06-20T00:40:43.555+0000] {processor.py:153} INFO - Started process (PID=70) to work on /opt/airflow/dags/gcs-connector-hadoop3-2.2.5.jar
[2023-06-20T00:40:43.556+0000] {processor.py:743} INFO - Processing file /opt/airflow/dags/gcs-connector-hadoop3-2.2.5.jar for tasks to queue
[2023-06-20T00:40:43.557+0000] {logging_mixin.py:137} INFO - [2023-06-20T00:40:43.557+0000] {dagbag.py:532} INFO - Filling up the DagBag from /opt/airflow/dags/gcs-connector-hadoop3-2.2.5.jar
[2023-06-20T00:40:43.622+0000] {processor.py:755} WARNING - No viable dags retrieved from /opt/airflow/dags/gcs-connector-hadoop3-2.2.5.jar
[2023-06-20T00:40:43.633+0000] {processor.py:175} INFO - Processing /opt/airflow/dags/gcs-connector-hadoop3-2.2.5.jar took 0.081 seconds
[2023-06-20T00:41:14.481+0000] {processor.py:153} INFO - Started process (PID=83) to work on /opt/airflow/dags/gcs-connector-hadoop3-2.2.5.jar
[2023-06-20T00:41:14.482+0000] {processor.py:743} INFO - Processing file /opt/airflow/dags/gcs-connector-hadoop3-2.2.5.jar for tasks to queue
[2023-06-20T00:41:14.483+0000] {logging_mixin.py:137} INFO - [2023-06-20T00:41:14.483+0000] {dagbag.py:532} INFO - Filling up the DagBag from /opt/airflow/dags/gcs-connector-hadoop3-2.2.5.jar
[2023-06-20T00:41:14.548+0000] {processor.py:755} WARNING - No viable dags retrieved from /opt/airflow/dags/gcs-connector-hadoop3-2.2.5.jar
[2023-06-20T00:41:14.565+0000] {processor.py:175} INFO - Processing /opt/airflow/dags/gcs-connector-hadoop3-2.2.5.jar took 0.086 seconds
[2023-06-20T00:41:45.677+0000] {processor.py:153} INFO - Started process (PID=96) to work on /opt/airflow/dags/gcs-connector-hadoop3-2.2.5.jar
[2023-06-20T00:41:45.679+0000] {processor.py:743} INFO - Processing file /opt/airflow/dags/gcs-connector-hadoop3-2.2.5.jar for tasks to queue
[2023-06-20T00:41:45.680+0000] {logging_mixin.py:137} INFO - [2023-06-20T00:41:45.680+0000] {dagbag.py:532} INFO - Filling up the DagBag from /opt/airflow/dags/gcs-connector-hadoop3-2.2.5.jar
[2023-06-20T00:41:45.778+0000] {processor.py:755} WARNING - No viable dags retrieved from /opt/airflow/dags/gcs-connector-hadoop3-2.2.5.jar
[2023-06-20T00:41:45.797+0000] {processor.py:175} INFO - Processing /opt/airflow/dags/gcs-connector-hadoop3-2.2.5.jar took 0.123 seconds
[2023-06-20T00:42:16.694+0000] {processor.py:153} INFO - Started process (PID=109) to work on /opt/airflow/dags/gcs-connector-hadoop3-2.2.5.jar
[2023-06-20T00:42:16.695+0000] {processor.py:743} INFO - Processing file /opt/airflow/dags/gcs-connector-hadoop3-2.2.5.jar for tasks to queue
[2023-06-20T00:42:16.695+0000] {logging_mixin.py:137} INFO - [2023-06-20T00:42:16.695+0000] {dagbag.py:532} INFO - Filling up the DagBag from /opt/airflow/dags/gcs-connector-hadoop3-2.2.5.jar
[2023-06-20T00:42:16.774+0000] {processor.py:755} WARNING - No viable dags retrieved from /opt/airflow/dags/gcs-connector-hadoop3-2.2.5.jar
[2023-06-20T00:42:16.787+0000] {processor.py:175} INFO - Processing /opt/airflow/dags/gcs-connector-hadoop3-2.2.5.jar took 0.097 seconds
[2023-06-20T00:42:47.700+0000] {processor.py:153} INFO - Started process (PID=122) to work on /opt/airflow/dags/gcs-connector-hadoop3-2.2.5.jar
[2023-06-20T00:42:47.702+0000] {processor.py:743} INFO - Processing file /opt/airflow/dags/gcs-connector-hadoop3-2.2.5.jar for tasks to queue
[2023-06-20T00:42:47.704+0000] {logging_mixin.py:137} INFO - [2023-06-20T00:42:47.704+0000] {dagbag.py:532} INFO - Filling up the DagBag from /opt/airflow/dags/gcs-connector-hadoop3-2.2.5.jar
[2023-06-20T00:42:47.805+0000] {processor.py:755} WARNING - No viable dags retrieved from /opt/airflow/dags/gcs-connector-hadoop3-2.2.5.jar
[2023-06-20T00:42:47.823+0000] {processor.py:175} INFO - Processing /opt/airflow/dags/gcs-connector-hadoop3-2.2.5.jar took 0.128 seconds
[2023-06-20T00:43:18.926+0000] {processor.py:153} INFO - Started process (PID=135) to work on /opt/airflow/dags/gcs-connector-hadoop3-2.2.5.jar
[2023-06-20T00:43:18.927+0000] {processor.py:743} INFO - Processing file /opt/airflow/dags/gcs-connector-hadoop3-2.2.5.jar for tasks to queue
[2023-06-20T00:43:18.928+0000] {logging_mixin.py:137} INFO - [2023-06-20T00:43:18.928+0000] {dagbag.py:532} INFO - Filling up the DagBag from /opt/airflow/dags/gcs-connector-hadoop3-2.2.5.jar
[2023-06-20T00:43:18.997+0000] {processor.py:755} WARNING - No viable dags retrieved from /opt/airflow/dags/gcs-connector-hadoop3-2.2.5.jar
[2023-06-20T00:43:19.012+0000] {processor.py:175} INFO - Processing /opt/airflow/dags/gcs-connector-hadoop3-2.2.5.jar took 0.090 seconds
[2023-06-20T00:43:49.919+0000] {processor.py:153} INFO - Started process (PID=148) to work on /opt/airflow/dags/gcs-connector-hadoop3-2.2.5.jar
[2023-06-20T00:43:49.920+0000] {processor.py:743} INFO - Processing file /opt/airflow/dags/gcs-connector-hadoop3-2.2.5.jar for tasks to queue
[2023-06-20T00:43:49.921+0000] {logging_mixin.py:137} INFO - [2023-06-20T00:43:49.921+0000] {dagbag.py:532} INFO - Filling up the DagBag from /opt/airflow/dags/gcs-connector-hadoop3-2.2.5.jar
[2023-06-20T00:43:49.992+0000] {processor.py:755} WARNING - No viable dags retrieved from /opt/airflow/dags/gcs-connector-hadoop3-2.2.5.jar
[2023-06-20T00:43:50.009+0000] {processor.py:175} INFO - Processing /opt/airflow/dags/gcs-connector-hadoop3-2.2.5.jar took 0.093 seconds
[2023-06-20T00:44:20.754+0000] {processor.py:153} INFO - Started process (PID=161) to work on /opt/airflow/dags/gcs-connector-hadoop3-2.2.5.jar
[2023-06-20T00:44:20.755+0000] {processor.py:743} INFO - Processing file /opt/airflow/dags/gcs-connector-hadoop3-2.2.5.jar for tasks to queue
[2023-06-20T00:44:20.756+0000] {logging_mixin.py:137} INFO - [2023-06-20T00:44:20.756+0000] {dagbag.py:532} INFO - Filling up the DagBag from /opt/airflow/dags/gcs-connector-hadoop3-2.2.5.jar
[2023-06-20T00:44:20.838+0000] {processor.py:755} WARNING - No viable dags retrieved from /opt/airflow/dags/gcs-connector-hadoop3-2.2.5.jar
[2023-06-20T00:44:20.853+0000] {processor.py:175} INFO - Processing /opt/airflow/dags/gcs-connector-hadoop3-2.2.5.jar took 0.102 seconds
[2023-06-20T00:44:51.699+0000] {processor.py:153} INFO - Started process (PID=174) to work on /opt/airflow/dags/gcs-connector-hadoop3-2.2.5.jar
[2023-06-20T00:44:51.701+0000] {processor.py:743} INFO - Processing file /opt/airflow/dags/gcs-connector-hadoop3-2.2.5.jar for tasks to queue
[2023-06-20T00:44:51.702+0000] {logging_mixin.py:137} INFO - [2023-06-20T00:44:51.701+0000] {dagbag.py:532} INFO - Filling up the DagBag from /opt/airflow/dags/gcs-connector-hadoop3-2.2.5.jar
[2023-06-20T00:44:51.876+0000] {processor.py:755} WARNING - No viable dags retrieved from /opt/airflow/dags/gcs-connector-hadoop3-2.2.5.jar
[2023-06-20T00:44:51.887+0000] {processor.py:175} INFO - Processing /opt/airflow/dags/gcs-connector-hadoop3-2.2.5.jar took 0.191 seconds
[2023-06-20T00:45:22.720+0000] {processor.py:153} INFO - Started process (PID=187) to work on /opt/airflow/dags/gcs-connector-hadoop3-2.2.5.jar
[2023-06-20T00:45:22.721+0000] {processor.py:743} INFO - Processing file /opt/airflow/dags/gcs-connector-hadoop3-2.2.5.jar for tasks to queue
[2023-06-20T00:45:22.722+0000] {logging_mixin.py:137} INFO - [2023-06-20T00:45:22.722+0000] {dagbag.py:532} INFO - Filling up the DagBag from /opt/airflow/dags/gcs-connector-hadoop3-2.2.5.jar
[2023-06-20T00:45:22.904+0000] {processor.py:755} WARNING - No viable dags retrieved from /opt/airflow/dags/gcs-connector-hadoop3-2.2.5.jar
[2023-06-20T00:45:22.915+0000] {processor.py:175} INFO - Processing /opt/airflow/dags/gcs-connector-hadoop3-2.2.5.jar took 0.198 seconds
[2023-06-20T00:45:53.705+0000] {processor.py:153} INFO - Started process (PID=200) to work on /opt/airflow/dags/gcs-connector-hadoop3-2.2.5.jar
[2023-06-20T00:45:53.706+0000] {processor.py:743} INFO - Processing file /opt/airflow/dags/gcs-connector-hadoop3-2.2.5.jar for tasks to queue
[2023-06-20T00:45:53.707+0000] {logging_mixin.py:137} INFO - [2023-06-20T00:45:53.707+0000] {dagbag.py:532} INFO - Filling up the DagBag from /opt/airflow/dags/gcs-connector-hadoop3-2.2.5.jar
[2023-06-20T00:45:53.896+0000] {processor.py:755} WARNING - No viable dags retrieved from /opt/airflow/dags/gcs-connector-hadoop3-2.2.5.jar
[2023-06-20T00:45:53.906+0000] {processor.py:175} INFO - Processing /opt/airflow/dags/gcs-connector-hadoop3-2.2.5.jar took 0.204 seconds
[2023-06-20T00:46:24.728+0000] {processor.py:153} INFO - Started process (PID=213) to work on /opt/airflow/dags/gcs-connector-hadoop3-2.2.5.jar
[2023-06-20T00:46:24.729+0000] {processor.py:743} INFO - Processing file /opt/airflow/dags/gcs-connector-hadoop3-2.2.5.jar for tasks to queue
[2023-06-20T00:46:24.730+0000] {logging_mixin.py:137} INFO - [2023-06-20T00:46:24.730+0000] {dagbag.py:532} INFO - Filling up the DagBag from /opt/airflow/dags/gcs-connector-hadoop3-2.2.5.jar
[2023-06-20T00:46:24.922+0000] {processor.py:755} WARNING - No viable dags retrieved from /opt/airflow/dags/gcs-connector-hadoop3-2.2.5.jar
[2023-06-20T00:46:24.932+0000] {processor.py:175} INFO - Processing /opt/airflow/dags/gcs-connector-hadoop3-2.2.5.jar took 0.207 seconds
[2023-06-20T00:46:55.763+0000] {processor.py:153} INFO - Started process (PID=226) to work on /opt/airflow/dags/gcs-connector-hadoop3-2.2.5.jar
[2023-06-20T00:46:55.765+0000] {processor.py:743} INFO - Processing file /opt/airflow/dags/gcs-connector-hadoop3-2.2.5.jar for tasks to queue
[2023-06-20T00:46:55.766+0000] {logging_mixin.py:137} INFO - [2023-06-20T00:46:55.765+0000] {dagbag.py:532} INFO - Filling up the DagBag from /opt/airflow/dags/gcs-connector-hadoop3-2.2.5.jar
[2023-06-20T00:46:55.959+0000] {processor.py:755} WARNING - No viable dags retrieved from /opt/airflow/dags/gcs-connector-hadoop3-2.2.5.jar
[2023-06-20T00:46:55.970+0000] {processor.py:175} INFO - Processing /opt/airflow/dags/gcs-connector-hadoop3-2.2.5.jar took 0.210 seconds
[2023-06-20T00:47:26.764+0000] {processor.py:153} INFO - Started process (PID=239) to work on /opt/airflow/dags/gcs-connector-hadoop3-2.2.5.jar
[2023-06-20T00:47:26.766+0000] {processor.py:743} INFO - Processing file /opt/airflow/dags/gcs-connector-hadoop3-2.2.5.jar for tasks to queue
[2023-06-20T00:47:26.767+0000] {logging_mixin.py:137} INFO - [2023-06-20T00:47:26.767+0000] {dagbag.py:532} INFO - Filling up the DagBag from /opt/airflow/dags/gcs-connector-hadoop3-2.2.5.jar
[2023-06-20T00:47:26.949+0000] {processor.py:755} WARNING - No viable dags retrieved from /opt/airflow/dags/gcs-connector-hadoop3-2.2.5.jar
[2023-06-20T00:47:26.961+0000] {processor.py:175} INFO - Processing /opt/airflow/dags/gcs-connector-hadoop3-2.2.5.jar took 0.200 seconds
[2023-06-20T00:47:57.784+0000] {processor.py:153} INFO - Started process (PID=252) to work on /opt/airflow/dags/gcs-connector-hadoop3-2.2.5.jar
[2023-06-20T00:47:57.786+0000] {processor.py:743} INFO - Processing file /opt/airflow/dags/gcs-connector-hadoop3-2.2.5.jar for tasks to queue
[2023-06-20T00:47:57.787+0000] {logging_mixin.py:137} INFO - [2023-06-20T00:47:57.787+0000] {dagbag.py:532} INFO - Filling up the DagBag from /opt/airflow/dags/gcs-connector-hadoop3-2.2.5.jar
[2023-06-20T00:47:57.966+0000] {processor.py:755} WARNING - No viable dags retrieved from /opt/airflow/dags/gcs-connector-hadoop3-2.2.5.jar
[2023-06-20T00:47:57.976+0000] {processor.py:175} INFO - Processing /opt/airflow/dags/gcs-connector-hadoop3-2.2.5.jar took 0.196 seconds
[2023-06-20T00:48:28.825+0000] {processor.py:153} INFO - Started process (PID=265) to work on /opt/airflow/dags/gcs-connector-hadoop3-2.2.5.jar
[2023-06-20T00:48:28.827+0000] {processor.py:743} INFO - Processing file /opt/airflow/dags/gcs-connector-hadoop3-2.2.5.jar for tasks to queue
[2023-06-20T00:48:28.828+0000] {logging_mixin.py:137} INFO - [2023-06-20T00:48:28.827+0000] {dagbag.py:532} INFO - Filling up the DagBag from /opt/airflow/dags/gcs-connector-hadoop3-2.2.5.jar
[2023-06-20T00:48:29.002+0000] {processor.py:755} WARNING - No viable dags retrieved from /opt/airflow/dags/gcs-connector-hadoop3-2.2.5.jar
[2023-06-20T00:48:29.012+0000] {processor.py:175} INFO - Processing /opt/airflow/dags/gcs-connector-hadoop3-2.2.5.jar took 0.191 seconds
[2023-06-20T01:06:33.181+0000] {processor.py:153} INFO - Started process (PID=43) to work on /opt/airflow/dags/gcs-connector-hadoop3-2.2.5.jar
[2023-06-20T01:06:33.186+0000] {processor.py:743} INFO - Processing file /opt/airflow/dags/gcs-connector-hadoop3-2.2.5.jar for tasks to queue
[2023-06-20T01:06:33.188+0000] {logging_mixin.py:137} INFO - [2023-06-20T01:06:33.188+0000] {dagbag.py:532} INFO - Filling up the DagBag from /opt/airflow/dags/gcs-connector-hadoop3-2.2.5.jar
[2023-06-20T01:06:33.304+0000] {processor.py:755} WARNING - No viable dags retrieved from /opt/airflow/dags/gcs-connector-hadoop3-2.2.5.jar
[2023-06-20T01:06:33.351+0000] {processor.py:175} INFO - Processing /opt/airflow/dags/gcs-connector-hadoop3-2.2.5.jar took 0.186 seconds
[2023-06-20T01:07:04.450+0000] {processor.py:153} INFO - Started process (PID=56) to work on /opt/airflow/dags/gcs-connector-hadoop3-2.2.5.jar
[2023-06-20T01:07:04.451+0000] {processor.py:743} INFO - Processing file /opt/airflow/dags/gcs-connector-hadoop3-2.2.5.jar for tasks to queue
[2023-06-20T01:07:04.452+0000] {logging_mixin.py:137} INFO - [2023-06-20T01:07:04.452+0000] {dagbag.py:532} INFO - Filling up the DagBag from /opt/airflow/dags/gcs-connector-hadoop3-2.2.5.jar
[2023-06-20T01:07:04.520+0000] {processor.py:755} WARNING - No viable dags retrieved from /opt/airflow/dags/gcs-connector-hadoop3-2.2.5.jar
[2023-06-20T01:07:04.533+0000] {processor.py:175} INFO - Processing /opt/airflow/dags/gcs-connector-hadoop3-2.2.5.jar took 0.086 seconds
[2023-06-20T01:07:35.580+0000] {processor.py:153} INFO - Started process (PID=69) to work on /opt/airflow/dags/gcs-connector-hadoop3-2.2.5.jar
[2023-06-20T01:07:35.582+0000] {processor.py:743} INFO - Processing file /opt/airflow/dags/gcs-connector-hadoop3-2.2.5.jar for tasks to queue
[2023-06-20T01:07:35.583+0000] {logging_mixin.py:137} INFO - [2023-06-20T01:07:35.583+0000] {dagbag.py:532} INFO - Filling up the DagBag from /opt/airflow/dags/gcs-connector-hadoop3-2.2.5.jar
[2023-06-20T01:07:35.650+0000] {processor.py:755} WARNING - No viable dags retrieved from /opt/airflow/dags/gcs-connector-hadoop3-2.2.5.jar
[2023-06-20T01:07:35.664+0000] {processor.py:175} INFO - Processing /opt/airflow/dags/gcs-connector-hadoop3-2.2.5.jar took 0.087 seconds
[2023-06-20T01:08:06.954+0000] {processor.py:153} INFO - Started process (PID=84) to work on /opt/airflow/dags/gcs-connector-hadoop3-2.2.5.jar
[2023-06-20T01:08:06.957+0000] {processor.py:743} INFO - Processing file /opt/airflow/dags/gcs-connector-hadoop3-2.2.5.jar for tasks to queue
[2023-06-20T01:08:06.957+0000] {logging_mixin.py:137} INFO - [2023-06-20T01:08:06.957+0000] {dagbag.py:532} INFO - Filling up the DagBag from /opt/airflow/dags/gcs-connector-hadoop3-2.2.5.jar
[2023-06-20T01:08:07.035+0000] {processor.py:755} WARNING - No viable dags retrieved from /opt/airflow/dags/gcs-connector-hadoop3-2.2.5.jar
[2023-06-20T01:08:07.056+0000] {processor.py:175} INFO - Processing /opt/airflow/dags/gcs-connector-hadoop3-2.2.5.jar took 0.107 seconds
[2023-06-20T01:08:37.951+0000] {processor.py:153} INFO - Started process (PID=97) to work on /opt/airflow/dags/gcs-connector-hadoop3-2.2.5.jar
[2023-06-20T01:08:37.952+0000] {processor.py:743} INFO - Processing file /opt/airflow/dags/gcs-connector-hadoop3-2.2.5.jar for tasks to queue
[2023-06-20T01:08:37.953+0000] {logging_mixin.py:137} INFO - [2023-06-20T01:08:37.953+0000] {dagbag.py:532} INFO - Filling up the DagBag from /opt/airflow/dags/gcs-connector-hadoop3-2.2.5.jar
[2023-06-20T01:08:38.024+0000] {processor.py:755} WARNING - No viable dags retrieved from /opt/airflow/dags/gcs-connector-hadoop3-2.2.5.jar
[2023-06-20T01:08:38.037+0000] {processor.py:175} INFO - Processing /opt/airflow/dags/gcs-connector-hadoop3-2.2.5.jar took 0.090 seconds
[2023-06-20T01:09:09.214+0000] {processor.py:153} INFO - Started process (PID=110) to work on /opt/airflow/dags/gcs-connector-hadoop3-2.2.5.jar
[2023-06-20T01:09:09.216+0000] {processor.py:743} INFO - Processing file /opt/airflow/dags/gcs-connector-hadoop3-2.2.5.jar for tasks to queue
[2023-06-20T01:09:09.217+0000] {logging_mixin.py:137} INFO - [2023-06-20T01:09:09.217+0000] {dagbag.py:532} INFO - Filling up the DagBag from /opt/airflow/dags/gcs-connector-hadoop3-2.2.5.jar
[2023-06-20T01:09:09.307+0000] {processor.py:755} WARNING - No viable dags retrieved from /opt/airflow/dags/gcs-connector-hadoop3-2.2.5.jar
[2023-06-20T01:09:09.329+0000] {processor.py:175} INFO - Processing /opt/airflow/dags/gcs-connector-hadoop3-2.2.5.jar took 0.119 seconds
[2023-06-20T01:09:40.258+0000] {processor.py:153} INFO - Started process (PID=123) to work on /opt/airflow/dags/gcs-connector-hadoop3-2.2.5.jar
[2023-06-20T01:09:40.259+0000] {processor.py:743} INFO - Processing file /opt/airflow/dags/gcs-connector-hadoop3-2.2.5.jar for tasks to queue
[2023-06-20T01:09:40.260+0000] {logging_mixin.py:137} INFO - [2023-06-20T01:09:40.260+0000] {dagbag.py:532} INFO - Filling up the DagBag from /opt/airflow/dags/gcs-connector-hadoop3-2.2.5.jar
[2023-06-20T01:09:40.331+0000] {processor.py:755} WARNING - No viable dags retrieved from /opt/airflow/dags/gcs-connector-hadoop3-2.2.5.jar
[2023-06-20T01:09:40.346+0000] {processor.py:175} INFO - Processing /opt/airflow/dags/gcs-connector-hadoop3-2.2.5.jar took 0.092 seconds
[2023-06-20T01:10:11.255+0000] {processor.py:153} INFO - Started process (PID=136) to work on /opt/airflow/dags/gcs-connector-hadoop3-2.2.5.jar
[2023-06-20T01:10:11.256+0000] {processor.py:743} INFO - Processing file /opt/airflow/dags/gcs-connector-hadoop3-2.2.5.jar for tasks to queue
[2023-06-20T01:10:11.257+0000] {logging_mixin.py:137} INFO - [2023-06-20T01:10:11.257+0000] {dagbag.py:532} INFO - Filling up the DagBag from /opt/airflow/dags/gcs-connector-hadoop3-2.2.5.jar
[2023-06-20T01:10:11.324+0000] {processor.py:755} WARNING - No viable dags retrieved from /opt/airflow/dags/gcs-connector-hadoop3-2.2.5.jar
[2023-06-20T01:10:11.337+0000] {processor.py:175} INFO - Processing /opt/airflow/dags/gcs-connector-hadoop3-2.2.5.jar took 0.085 seconds
[2023-06-20T01:10:42.325+0000] {processor.py:153} INFO - Started process (PID=149) to work on /opt/airflow/dags/gcs-connector-hadoop3-2.2.5.jar
[2023-06-20T01:10:42.326+0000] {processor.py:743} INFO - Processing file /opt/airflow/dags/gcs-connector-hadoop3-2.2.5.jar for tasks to queue
[2023-06-20T01:10:42.327+0000] {logging_mixin.py:137} INFO - [2023-06-20T01:10:42.327+0000] {dagbag.py:532} INFO - Filling up the DagBag from /opt/airflow/dags/gcs-connector-hadoop3-2.2.5.jar
[2023-06-20T01:10:42.395+0000] {processor.py:755} WARNING - No viable dags retrieved from /opt/airflow/dags/gcs-connector-hadoop3-2.2.5.jar
[2023-06-20T01:10:42.409+0000] {processor.py:175} INFO - Processing /opt/airflow/dags/gcs-connector-hadoop3-2.2.5.jar took 0.088 seconds
[2023-06-20T01:11:13.196+0000] {processor.py:153} INFO - Started process (PID=162) to work on /opt/airflow/dags/gcs-connector-hadoop3-2.2.5.jar
[2023-06-20T01:11:13.198+0000] {processor.py:743} INFO - Processing file /opt/airflow/dags/gcs-connector-hadoop3-2.2.5.jar for tasks to queue
[2023-06-20T01:11:13.199+0000] {logging_mixin.py:137} INFO - [2023-06-20T01:11:13.199+0000] {dagbag.py:532} INFO - Filling up the DagBag from /opt/airflow/dags/gcs-connector-hadoop3-2.2.5.jar
[2023-06-20T01:11:13.268+0000] {processor.py:755} WARNING - No viable dags retrieved from /opt/airflow/dags/gcs-connector-hadoop3-2.2.5.jar
[2023-06-20T01:11:13.281+0000] {processor.py:175} INFO - Processing /opt/airflow/dags/gcs-connector-hadoop3-2.2.5.jar took 0.088 seconds
[2023-06-20T01:11:43.922+0000] {processor.py:153} INFO - Started process (PID=175) to work on /opt/airflow/dags/gcs-connector-hadoop3-2.2.5.jar
[2023-06-20T01:11:43.924+0000] {processor.py:743} INFO - Processing file /opt/airflow/dags/gcs-connector-hadoop3-2.2.5.jar for tasks to queue
[2023-06-20T01:11:43.925+0000] {logging_mixin.py:137} INFO - [2023-06-20T01:11:43.925+0000] {dagbag.py:532} INFO - Filling up the DagBag from /opt/airflow/dags/gcs-connector-hadoop3-2.2.5.jar
[2023-06-20T01:11:44.117+0000] {processor.py:755} WARNING - No viable dags retrieved from /opt/airflow/dags/gcs-connector-hadoop3-2.2.5.jar
[2023-06-20T01:11:44.130+0000] {processor.py:175} INFO - Processing /opt/airflow/dags/gcs-connector-hadoop3-2.2.5.jar took 0.211 seconds
[2023-06-20T01:12:14.913+0000] {processor.py:153} INFO - Started process (PID=188) to work on /opt/airflow/dags/gcs-connector-hadoop3-2.2.5.jar
[2023-06-20T01:12:14.916+0000] {processor.py:743} INFO - Processing file /opt/airflow/dags/gcs-connector-hadoop3-2.2.5.jar for tasks to queue
[2023-06-20T01:12:14.917+0000] {logging_mixin.py:137} INFO - [2023-06-20T01:12:14.917+0000] {dagbag.py:532} INFO - Filling up the DagBag from /opt/airflow/dags/gcs-connector-hadoop3-2.2.5.jar
[2023-06-20T01:12:15.099+0000] {processor.py:755} WARNING - No viable dags retrieved from /opt/airflow/dags/gcs-connector-hadoop3-2.2.5.jar
[2023-06-20T01:12:15.110+0000] {processor.py:175} INFO - Processing /opt/airflow/dags/gcs-connector-hadoop3-2.2.5.jar took 0.201 seconds
[2023-06-20T01:12:46.117+0000] {processor.py:153} INFO - Started process (PID=201) to work on /opt/airflow/dags/gcs-connector-hadoop3-2.2.5.jar
[2023-06-20T01:12:46.119+0000] {processor.py:743} INFO - Processing file /opt/airflow/dags/gcs-connector-hadoop3-2.2.5.jar for tasks to queue
[2023-06-20T01:12:46.120+0000] {logging_mixin.py:137} INFO - [2023-06-20T01:12:46.119+0000] {dagbag.py:532} INFO - Filling up the DagBag from /opt/airflow/dags/gcs-connector-hadoop3-2.2.5.jar
[2023-06-20T01:12:46.305+0000] {processor.py:755} WARNING - No viable dags retrieved from /opt/airflow/dags/gcs-connector-hadoop3-2.2.5.jar
[2023-06-20T01:12:46.318+0000] {processor.py:175} INFO - Processing /opt/airflow/dags/gcs-connector-hadoop3-2.2.5.jar took 0.204 seconds
[2023-06-20T01:13:17.076+0000] {processor.py:153} INFO - Started process (PID=214) to work on /opt/airflow/dags/gcs-connector-hadoop3-2.2.5.jar
[2023-06-20T01:13:17.078+0000] {processor.py:743} INFO - Processing file /opt/airflow/dags/gcs-connector-hadoop3-2.2.5.jar for tasks to queue
[2023-06-20T01:13:17.079+0000] {logging_mixin.py:137} INFO - [2023-06-20T01:13:17.078+0000] {dagbag.py:532} INFO - Filling up the DagBag from /opt/airflow/dags/gcs-connector-hadoop3-2.2.5.jar
[2023-06-20T01:13:17.274+0000] {processor.py:755} WARNING - No viable dags retrieved from /opt/airflow/dags/gcs-connector-hadoop3-2.2.5.jar
[2023-06-20T01:13:17.290+0000] {processor.py:175} INFO - Processing /opt/airflow/dags/gcs-connector-hadoop3-2.2.5.jar took 0.217 seconds
[2023-06-20T01:13:50.231+0000] {processor.py:153} INFO - Started process (PID=227) to work on /opt/airflow/dags/gcs-connector-hadoop3-2.2.5.jar
[2023-06-20T01:13:50.233+0000] {processor.py:743} INFO - Processing file /opt/airflow/dags/gcs-connector-hadoop3-2.2.5.jar for tasks to queue
[2023-06-20T01:13:50.235+0000] {logging_mixin.py:137} INFO - [2023-06-20T01:13:50.235+0000] {dagbag.py:532} INFO - Filling up the DagBag from /opt/airflow/dags/gcs-connector-hadoop3-2.2.5.jar
[2023-06-20T01:13:50.442+0000] {processor.py:755} WARNING - No viable dags retrieved from /opt/airflow/dags/gcs-connector-hadoop3-2.2.5.jar
[2023-06-20T01:13:50.452+0000] {processor.py:175} INFO - Processing /opt/airflow/dags/gcs-connector-hadoop3-2.2.5.jar took 0.224 seconds
[2023-06-20T01:14:21.235+0000] {processor.py:153} INFO - Started process (PID=247) to work on /opt/airflow/dags/gcs-connector-hadoop3-2.2.5.jar
[2023-06-20T01:14:21.237+0000] {processor.py:743} INFO - Processing file /opt/airflow/dags/gcs-connector-hadoop3-2.2.5.jar for tasks to queue
[2023-06-20T01:14:21.238+0000] {logging_mixin.py:137} INFO - [2023-06-20T01:14:21.237+0000] {dagbag.py:532} INFO - Filling up the DagBag from /opt/airflow/dags/gcs-connector-hadoop3-2.2.5.jar
[2023-06-20T01:14:21.418+0000] {processor.py:755} WARNING - No viable dags retrieved from /opt/airflow/dags/gcs-connector-hadoop3-2.2.5.jar
[2023-06-20T01:14:21.431+0000] {processor.py:175} INFO - Processing /opt/airflow/dags/gcs-connector-hadoop3-2.2.5.jar took 0.199 seconds
[2023-06-20T01:14:52.497+0000] {processor.py:153} INFO - Started process (PID=260) to work on /opt/airflow/dags/gcs-connector-hadoop3-2.2.5.jar
[2023-06-20T01:14:52.499+0000] {processor.py:743} INFO - Processing file /opt/airflow/dags/gcs-connector-hadoop3-2.2.5.jar for tasks to queue
[2023-06-20T01:14:52.500+0000] {logging_mixin.py:137} INFO - [2023-06-20T01:14:52.500+0000] {dagbag.py:532} INFO - Filling up the DagBag from /opt/airflow/dags/gcs-connector-hadoop3-2.2.5.jar
[2023-06-20T01:14:52.686+0000] {processor.py:755} WARNING - No viable dags retrieved from /opt/airflow/dags/gcs-connector-hadoop3-2.2.5.jar
[2023-06-20T01:14:52.696+0000] {processor.py:175} INFO - Processing /opt/airflow/dags/gcs-connector-hadoop3-2.2.5.jar took 0.202 seconds
[2023-06-20T01:15:23.517+0000] {processor.py:153} INFO - Started process (PID=273) to work on /opt/airflow/dags/gcs-connector-hadoop3-2.2.5.jar
[2023-06-20T01:15:23.519+0000] {processor.py:743} INFO - Processing file /opt/airflow/dags/gcs-connector-hadoop3-2.2.5.jar for tasks to queue
[2023-06-20T01:15:23.520+0000] {logging_mixin.py:137} INFO - [2023-06-20T01:15:23.519+0000] {dagbag.py:532} INFO - Filling up the DagBag from /opt/airflow/dags/gcs-connector-hadoop3-2.2.5.jar
[2023-06-20T01:15:23.700+0000] {processor.py:755} WARNING - No viable dags retrieved from /opt/airflow/dags/gcs-connector-hadoop3-2.2.5.jar
[2023-06-20T01:15:23.710+0000] {processor.py:175} INFO - Processing /opt/airflow/dags/gcs-connector-hadoop3-2.2.5.jar took 0.196 seconds
[2023-06-20T01:15:54.727+0000] {processor.py:153} INFO - Started process (PID=286) to work on /opt/airflow/dags/gcs-connector-hadoop3-2.2.5.jar
[2023-06-20T01:15:54.729+0000] {processor.py:743} INFO - Processing file /opt/airflow/dags/gcs-connector-hadoop3-2.2.5.jar for tasks to queue
[2023-06-20T01:15:54.729+0000] {logging_mixin.py:137} INFO - [2023-06-20T01:15:54.729+0000] {dagbag.py:532} INFO - Filling up the DagBag from /opt/airflow/dags/gcs-connector-hadoop3-2.2.5.jar
[2023-06-20T01:15:54.912+0000] {processor.py:755} WARNING - No viable dags retrieved from /opt/airflow/dags/gcs-connector-hadoop3-2.2.5.jar
[2023-06-20T01:15:54.922+0000] {processor.py:175} INFO - Processing /opt/airflow/dags/gcs-connector-hadoop3-2.2.5.jar took 0.198 seconds
[2023-06-20T01:16:25.799+0000] {processor.py:153} INFO - Started process (PID=299) to work on /opt/airflow/dags/gcs-connector-hadoop3-2.2.5.jar
[2023-06-20T01:16:25.801+0000] {processor.py:743} INFO - Processing file /opt/airflow/dags/gcs-connector-hadoop3-2.2.5.jar for tasks to queue
[2023-06-20T01:16:25.801+0000] {logging_mixin.py:137} INFO - [2023-06-20T01:16:25.801+0000] {dagbag.py:532} INFO - Filling up the DagBag from /opt/airflow/dags/gcs-connector-hadoop3-2.2.5.jar
[2023-06-20T01:16:25.983+0000] {processor.py:755} WARNING - No viable dags retrieved from /opt/airflow/dags/gcs-connector-hadoop3-2.2.5.jar
[2023-06-20T01:16:25.994+0000] {processor.py:175} INFO - Processing /opt/airflow/dags/gcs-connector-hadoop3-2.2.5.jar took 0.198 seconds
[2023-06-20T01:16:56.728+0000] {processor.py:153} INFO - Started process (PID=312) to work on /opt/airflow/dags/gcs-connector-hadoop3-2.2.5.jar
[2023-06-20T01:16:56.729+0000] {processor.py:743} INFO - Processing file /opt/airflow/dags/gcs-connector-hadoop3-2.2.5.jar for tasks to queue
[2023-06-20T01:16:56.730+0000] {logging_mixin.py:137} INFO - [2023-06-20T01:16:56.730+0000] {dagbag.py:532} INFO - Filling up the DagBag from /opt/airflow/dags/gcs-connector-hadoop3-2.2.5.jar
[2023-06-20T01:16:56.807+0000] {processor.py:755} WARNING - No viable dags retrieved from /opt/airflow/dags/gcs-connector-hadoop3-2.2.5.jar
[2023-06-20T01:16:56.824+0000] {processor.py:175} INFO - Processing /opt/airflow/dags/gcs-connector-hadoop3-2.2.5.jar took 0.100 seconds
[2023-06-20T01:17:27.657+0000] {processor.py:153} INFO - Started process (PID=325) to work on /opt/airflow/dags/gcs-connector-hadoop3-2.2.5.jar
[2023-06-20T01:17:27.659+0000] {processor.py:743} INFO - Processing file /opt/airflow/dags/gcs-connector-hadoop3-2.2.5.jar for tasks to queue
[2023-06-20T01:17:27.660+0000] {logging_mixin.py:137} INFO - [2023-06-20T01:17:27.660+0000] {dagbag.py:532} INFO - Filling up the DagBag from /opt/airflow/dags/gcs-connector-hadoop3-2.2.5.jar
[2023-06-20T01:17:27.733+0000] {processor.py:755} WARNING - No viable dags retrieved from /opt/airflow/dags/gcs-connector-hadoop3-2.2.5.jar
[2023-06-20T01:17:27.749+0000] {processor.py:175} INFO - Processing /opt/airflow/dags/gcs-connector-hadoop3-2.2.5.jar took 0.096 seconds
[2023-06-20T01:17:58.606+0000] {processor.py:153} INFO - Started process (PID=338) to work on /opt/airflow/dags/gcs-connector-hadoop3-2.2.5.jar
[2023-06-20T01:17:58.608+0000] {processor.py:743} INFO - Processing file /opt/airflow/dags/gcs-connector-hadoop3-2.2.5.jar for tasks to queue
[2023-06-20T01:17:58.609+0000] {logging_mixin.py:137} INFO - [2023-06-20T01:17:58.609+0000] {dagbag.py:532} INFO - Filling up the DagBag from /opt/airflow/dags/gcs-connector-hadoop3-2.2.5.jar
[2023-06-20T01:17:58.733+0000] {processor.py:755} WARNING - No viable dags retrieved from /opt/airflow/dags/gcs-connector-hadoop3-2.2.5.jar
[2023-06-20T01:17:58.763+0000] {processor.py:175} INFO - Processing /opt/airflow/dags/gcs-connector-hadoop3-2.2.5.jar took 0.161 seconds
[2023-06-20T01:18:29.040+0000] {processor.py:153} INFO - Started process (PID=348) to work on /opt/airflow/dags/gcs-connector-hadoop3-2.2.5.jar
[2023-06-20T01:18:29.043+0000] {processor.py:743} INFO - Processing file /opt/airflow/dags/gcs-connector-hadoop3-2.2.5.jar for tasks to queue
[2023-06-20T01:18:29.045+0000] {logging_mixin.py:137} INFO - [2023-06-20T01:18:29.045+0000] {dagbag.py:532} INFO - Filling up the DagBag from /opt/airflow/dags/gcs-connector-hadoop3-2.2.5.jar
[2023-06-20T01:18:29.176+0000] {processor.py:755} WARNING - No viable dags retrieved from /opt/airflow/dags/gcs-connector-hadoop3-2.2.5.jar
[2023-06-20T01:18:29.206+0000] {processor.py:175} INFO - Processing /opt/airflow/dags/gcs-connector-hadoop3-2.2.5.jar took 0.171 seconds
[2023-06-20T01:18:59.908+0000] {processor.py:153} INFO - Started process (PID=361) to work on /opt/airflow/dags/gcs-connector-hadoop3-2.2.5.jar
[2023-06-20T01:18:59.909+0000] {processor.py:743} INFO - Processing file /opt/airflow/dags/gcs-connector-hadoop3-2.2.5.jar for tasks to queue
[2023-06-20T01:18:59.911+0000] {logging_mixin.py:137} INFO - [2023-06-20T01:18:59.911+0000] {dagbag.py:532} INFO - Filling up the DagBag from /opt/airflow/dags/gcs-connector-hadoop3-2.2.5.jar
[2023-06-20T01:18:59.995+0000] {processor.py:755} WARNING - No viable dags retrieved from /opt/airflow/dags/gcs-connector-hadoop3-2.2.5.jar
[2023-06-20T01:19:00.012+0000] {processor.py:175} INFO - Processing /opt/airflow/dags/gcs-connector-hadoop3-2.2.5.jar took 0.109 seconds
[2023-06-20T01:19:30.623+0000] {processor.py:153} INFO - Started process (PID=374) to work on /opt/airflow/dags/gcs-connector-hadoop3-2.2.5.jar
[2023-06-20T01:19:30.626+0000] {processor.py:743} INFO - Processing file /opt/airflow/dags/gcs-connector-hadoop3-2.2.5.jar for tasks to queue
[2023-06-20T01:19:30.627+0000] {logging_mixin.py:137} INFO - [2023-06-20T01:19:30.627+0000] {dagbag.py:532} INFO - Filling up the DagBag from /opt/airflow/dags/gcs-connector-hadoop3-2.2.5.jar
[2023-06-20T01:19:30.708+0000] {processor.py:755} WARNING - No viable dags retrieved from /opt/airflow/dags/gcs-connector-hadoop3-2.2.5.jar
[2023-06-20T01:19:30.723+0000] {processor.py:175} INFO - Processing /opt/airflow/dags/gcs-connector-hadoop3-2.2.5.jar took 0.105 seconds
[2023-06-20T01:20:01.339+0000] {processor.py:153} INFO - Started process (PID=387) to work on /opt/airflow/dags/gcs-connector-hadoop3-2.2.5.jar
[2023-06-20T01:20:01.340+0000] {processor.py:743} INFO - Processing file /opt/airflow/dags/gcs-connector-hadoop3-2.2.5.jar for tasks to queue
[2023-06-20T01:20:01.341+0000] {logging_mixin.py:137} INFO - [2023-06-20T01:20:01.341+0000] {dagbag.py:532} INFO - Filling up the DagBag from /opt/airflow/dags/gcs-connector-hadoop3-2.2.5.jar
[2023-06-20T01:20:01.416+0000] {processor.py:755} WARNING - No viable dags retrieved from /opt/airflow/dags/gcs-connector-hadoop3-2.2.5.jar
[2023-06-20T01:20:01.430+0000] {processor.py:175} INFO - Processing /opt/airflow/dags/gcs-connector-hadoop3-2.2.5.jar took 0.096 seconds
[2023-06-20T01:20:31.981+0000] {processor.py:153} INFO - Started process (PID=400) to work on /opt/airflow/dags/gcs-connector-hadoop3-2.2.5.jar
[2023-06-20T01:20:31.982+0000] {processor.py:743} INFO - Processing file /opt/airflow/dags/gcs-connector-hadoop3-2.2.5.jar for tasks to queue
[2023-06-20T01:20:31.983+0000] {logging_mixin.py:137} INFO - [2023-06-20T01:20:31.983+0000] {dagbag.py:532} INFO - Filling up the DagBag from /opt/airflow/dags/gcs-connector-hadoop3-2.2.5.jar
[2023-06-20T01:20:32.060+0000] {processor.py:755} WARNING - No viable dags retrieved from /opt/airflow/dags/gcs-connector-hadoop3-2.2.5.jar
[2023-06-20T01:20:32.078+0000] {processor.py:175} INFO - Processing /opt/airflow/dags/gcs-connector-hadoop3-2.2.5.jar took 0.101 seconds
