[2023-06-20T00:39:41.095+0000] {processor.py:153} INFO - Started process (PID=40) to work on /opt/airflow/dags/gcs_to_bigquery.py
[2023-06-20T00:39:41.097+0000] {processor.py:743} INFO - Processing file /opt/airflow/dags/gcs_to_bigquery.py for tasks to queue
[2023-06-20T00:39:41.098+0000] {logging_mixin.py:137} INFO - [2023-06-20T00:39:41.098+0000] {dagbag.py:532} INFO - Filling up the DagBag from /opt/airflow/dags/gcs_to_bigquery.py
[2023-06-20T00:39:41.933+0000] {processor.py:753} INFO - DAG(s) dict_keys(['ticketmaster_GCS_to_BQ_dag']) retrieved from /opt/airflow/dags/gcs_to_bigquery.py
[2023-06-20T00:39:41.967+0000] {logging_mixin.py:137} INFO - [2023-06-20T00:39:41.967+0000] {dag.py:2705} INFO - Sync 1 DAGs
[2023-06-20T00:39:41.980+0000] {logging_mixin.py:137} INFO - [2023-06-20T00:39:41.980+0000] {dag.py:3456} INFO - Setting next_dagrun for ticketmaster_GCS_to_BQ_dag to 2023-06-20T00:39:41.928497+00:00, run_after=2023-06-21T00:39:41.928497+00:00
[2023-06-20T00:39:41.991+0000] {processor.py:175} INFO - Processing /opt/airflow/dags/gcs_to_bigquery.py took 0.908 seconds
[2023-06-20T00:40:12.286+0000] {processor.py:153} INFO - Started process (PID=53) to work on /opt/airflow/dags/gcs_to_bigquery.py
[2023-06-20T00:40:12.290+0000] {processor.py:743} INFO - Processing file /opt/airflow/dags/gcs_to_bigquery.py for tasks to queue
[2023-06-20T00:40:12.291+0000] {logging_mixin.py:137} INFO - [2023-06-20T00:40:12.291+0000] {dagbag.py:532} INFO - Filling up the DagBag from /opt/airflow/dags/gcs_to_bigquery.py
[2023-06-20T00:40:12.681+0000] {processor.py:753} INFO - DAG(s) dict_keys(['ticketmaster_GCS_to_BQ_dag']) retrieved from /opt/airflow/dags/gcs_to_bigquery.py
[2023-06-20T00:40:12.716+0000] {logging_mixin.py:137} INFO - [2023-06-20T00:40:12.716+0000] {dag.py:2705} INFO - Sync 1 DAGs
[2023-06-20T00:40:12.729+0000] {logging_mixin.py:137} INFO - [2023-06-20T00:40:12.728+0000] {dag.py:3456} INFO - Setting next_dagrun for ticketmaster_GCS_to_BQ_dag to 2023-06-20T00:40:12.677416+00:00, run_after=2023-06-21T00:40:12.677416+00:00
[2023-06-20T00:40:12.740+0000] {processor.py:175} INFO - Processing /opt/airflow/dags/gcs_to_bigquery.py took 0.462 seconds
[2023-06-20T00:40:43.165+0000] {processor.py:153} INFO - Started process (PID=66) to work on /opt/airflow/dags/gcs_to_bigquery.py
[2023-06-20T00:40:43.167+0000] {processor.py:743} INFO - Processing file /opt/airflow/dags/gcs_to_bigquery.py for tasks to queue
[2023-06-20T00:40:43.168+0000] {logging_mixin.py:137} INFO - [2023-06-20T00:40:43.168+0000] {dagbag.py:532} INFO - Filling up the DagBag from /opt/airflow/dags/gcs_to_bigquery.py
[2023-06-20T00:40:43.578+0000] {processor.py:753} INFO - DAG(s) dict_keys(['ticketmaster_GCS_to_BQ_dag']) retrieved from /opt/airflow/dags/gcs_to_bigquery.py
[2023-06-20T00:40:43.613+0000] {logging_mixin.py:137} INFO - [2023-06-20T00:40:43.612+0000] {dag.py:2705} INFO - Sync 1 DAGs
[2023-06-20T00:40:43.625+0000] {logging_mixin.py:137} INFO - [2023-06-20T00:40:43.625+0000] {dag.py:3456} INFO - Setting next_dagrun for ticketmaster_GCS_to_BQ_dag to 2023-06-20T00:40:43.574654+00:00, run_after=2023-06-21T00:40:43.574654+00:00
[2023-06-20T00:40:43.636+0000] {processor.py:175} INFO - Processing /opt/airflow/dags/gcs_to_bigquery.py took 0.475 seconds
[2023-06-20T00:41:14.130+0000] {processor.py:153} INFO - Started process (PID=79) to work on /opt/airflow/dags/gcs_to_bigquery.py
[2023-06-20T00:41:14.133+0000] {processor.py:743} INFO - Processing file /opt/airflow/dags/gcs_to_bigquery.py for tasks to queue
[2023-06-20T00:41:14.135+0000] {logging_mixin.py:137} INFO - [2023-06-20T00:41:14.134+0000] {dagbag.py:532} INFO - Filling up the DagBag from /opt/airflow/dags/gcs_to_bigquery.py
[2023-06-20T00:41:14.498+0000] {processor.py:753} INFO - DAG(s) dict_keys(['ticketmaster_GCS_to_BQ_dag']) retrieved from /opt/airflow/dags/gcs_to_bigquery.py
[2023-06-20T00:41:14.534+0000] {logging_mixin.py:137} INFO - [2023-06-20T00:41:14.533+0000] {dag.py:2705} INFO - Sync 1 DAGs
[2023-06-20T00:41:14.547+0000] {logging_mixin.py:137} INFO - [2023-06-20T00:41:14.547+0000] {dag.py:3456} INFO - Setting next_dagrun for ticketmaster_GCS_to_BQ_dag to 2023-06-20T00:41:14.494858+00:00, run_after=2023-06-21T00:41:14.494858+00:00
[2023-06-20T00:41:14.560+0000] {processor.py:175} INFO - Processing /opt/airflow/dags/gcs_to_bigquery.py took 0.436 seconds
[2023-06-20T00:41:44.898+0000] {processor.py:153} INFO - Started process (PID=92) to work on /opt/airflow/dags/gcs_to_bigquery.py
[2023-06-20T00:41:44.899+0000] {processor.py:743} INFO - Processing file /opt/airflow/dags/gcs_to_bigquery.py for tasks to queue
[2023-06-20T00:41:44.901+0000] {logging_mixin.py:137} INFO - [2023-06-20T00:41:44.900+0000] {dagbag.py:532} INFO - Filling up the DagBag from /opt/airflow/dags/gcs_to_bigquery.py
[2023-06-20T00:41:45.704+0000] {processor.py:753} INFO - DAG(s) dict_keys(['ticketmaster_GCS_to_BQ_dag']) retrieved from /opt/airflow/dags/gcs_to_bigquery.py
[2023-06-20T00:41:45.766+0000] {logging_mixin.py:137} INFO - [2023-06-20T00:41:45.766+0000] {dag.py:2705} INFO - Sync 1 DAGs
[2023-06-20T00:41:45.785+0000] {logging_mixin.py:137} INFO - [2023-06-20T00:41:45.784+0000] {dag.py:3456} INFO - Setting next_dagrun for ticketmaster_GCS_to_BQ_dag to 2023-06-20T00:41:45.700423+00:00, run_after=2023-06-21T00:41:45.700423+00:00
[2023-06-20T00:41:45.912+0000] {processor.py:175} INFO - Processing /opt/airflow/dags/gcs_to_bigquery.py took 1.019 seconds
[2023-06-20T00:42:16.176+0000] {processor.py:153} INFO - Started process (PID=105) to work on /opt/airflow/dags/gcs_to_bigquery.py
[2023-06-20T00:42:16.179+0000] {processor.py:743} INFO - Processing file /opt/airflow/dags/gcs_to_bigquery.py for tasks to queue
[2023-06-20T00:42:16.180+0000] {logging_mixin.py:137} INFO - [2023-06-20T00:42:16.180+0000] {dagbag.py:532} INFO - Filling up the DagBag from /opt/airflow/dags/gcs_to_bigquery.py
[2023-06-20T00:42:16.727+0000] {processor.py:753} INFO - DAG(s) dict_keys(['ticketmaster_GCS_to_BQ_dag']) retrieved from /opt/airflow/dags/gcs_to_bigquery.py
[2023-06-20T00:42:16.762+0000] {logging_mixin.py:137} INFO - [2023-06-20T00:42:16.762+0000] {dag.py:2705} INFO - Sync 1 DAGs
[2023-06-20T00:42:16.775+0000] {logging_mixin.py:137} INFO - [2023-06-20T00:42:16.775+0000] {dag.py:3456} INFO - Setting next_dagrun for ticketmaster_GCS_to_BQ_dag to 2023-06-20T00:42:16.722874+00:00, run_after=2023-06-21T00:42:16.722874+00:00
[2023-06-20T00:42:16.791+0000] {processor.py:175} INFO - Processing /opt/airflow/dags/gcs_to_bigquery.py took 0.622 seconds
[2023-06-20T00:42:47.044+0000] {processor.py:153} INFO - Started process (PID=118) to work on /opt/airflow/dags/gcs_to_bigquery.py
[2023-06-20T00:42:47.047+0000] {processor.py:743} INFO - Processing file /opt/airflow/dags/gcs_to_bigquery.py for tasks to queue
[2023-06-20T00:42:47.048+0000] {logging_mixin.py:137} INFO - [2023-06-20T00:42:47.048+0000] {dagbag.py:532} INFO - Filling up the DagBag from /opt/airflow/dags/gcs_to_bigquery.py
[2023-06-20T00:42:47.731+0000] {processor.py:753} INFO - DAG(s) dict_keys(['ticketmaster_GCS_to_BQ_dag']) retrieved from /opt/airflow/dags/gcs_to_bigquery.py
[2023-06-20T00:42:47.790+0000] {logging_mixin.py:137} INFO - [2023-06-20T00:42:47.789+0000] {dag.py:2705} INFO - Sync 1 DAGs
[2023-06-20T00:42:47.810+0000] {logging_mixin.py:137} INFO - [2023-06-20T00:42:47.809+0000] {dag.py:3456} INFO - Setting next_dagrun for ticketmaster_GCS_to_BQ_dag to 2023-06-20T00:42:47.723981+00:00, run_after=2023-06-21T00:42:47.723981+00:00
[2023-06-20T00:42:47.826+0000] {processor.py:175} INFO - Processing /opt/airflow/dags/gcs_to_bigquery.py took 0.786 seconds
[2023-06-20T00:43:18.058+0000] {processor.py:153} INFO - Started process (PID=131) to work on /opt/airflow/dags/gcs_to_bigquery.py
[2023-06-20T00:43:18.060+0000] {processor.py:743} INFO - Processing file /opt/airflow/dags/gcs_to_bigquery.py for tasks to queue
[2023-06-20T00:43:18.061+0000] {logging_mixin.py:137} INFO - [2023-06-20T00:43:18.061+0000] {dagbag.py:532} INFO - Filling up the DagBag from /opt/airflow/dags/gcs_to_bigquery.py
[2023-06-20T00:43:18.949+0000] {processor.py:753} INFO - DAG(s) dict_keys(['ticketmaster_GCS_to_BQ_dag']) retrieved from /opt/airflow/dags/gcs_to_bigquery.py
[2023-06-20T00:43:18.988+0000] {logging_mixin.py:137} INFO - [2023-06-20T00:43:18.987+0000] {dag.py:2705} INFO - Sync 1 DAGs
[2023-06-20T00:43:19.004+0000] {logging_mixin.py:137} INFO - [2023-06-20T00:43:19.004+0000] {dag.py:3456} INFO - Setting next_dagrun for ticketmaster_GCS_to_BQ_dag to 2023-06-20T00:43:18.944888+00:00, run_after=2023-06-21T00:43:18.944888+00:00
[2023-06-20T00:43:19.016+0000] {processor.py:175} INFO - Processing /opt/airflow/dags/gcs_to_bigquery.py took 0.966 seconds
[2023-06-20T00:43:49.308+0000] {processor.py:153} INFO - Started process (PID=144) to work on /opt/airflow/dags/gcs_to_bigquery.py
[2023-06-20T00:43:49.310+0000] {processor.py:743} INFO - Processing file /opt/airflow/dags/gcs_to_bigquery.py for tasks to queue
[2023-06-20T00:43:49.311+0000] {logging_mixin.py:137} INFO - [2023-06-20T00:43:49.311+0000] {dagbag.py:532} INFO - Filling up the DagBag from /opt/airflow/dags/gcs_to_bigquery.py
[2023-06-20T00:43:49.944+0000] {processor.py:753} INFO - DAG(s) dict_keys(['ticketmaster_GCS_to_BQ_dag']) retrieved from /opt/airflow/dags/gcs_to_bigquery.py
[2023-06-20T00:43:49.987+0000] {logging_mixin.py:137} INFO - [2023-06-20T00:43:49.986+0000] {dag.py:2705} INFO - Sync 1 DAGs
[2023-06-20T00:43:50.002+0000] {logging_mixin.py:137} INFO - [2023-06-20T00:43:50.001+0000] {dag.py:3456} INFO - Setting next_dagrun for ticketmaster_GCS_to_BQ_dag to 2023-06-20T00:43:49.940199+00:00, run_after=2023-06-21T00:43:49.940199+00:00
[2023-06-20T00:43:50.016+0000] {processor.py:175} INFO - Processing /opt/airflow/dags/gcs_to_bigquery.py took 0.713 seconds
[2023-06-20T00:44:20.259+0000] {processor.py:153} INFO - Started process (PID=157) to work on /opt/airflow/dags/gcs_to_bigquery.py
[2023-06-20T00:44:20.261+0000] {processor.py:743} INFO - Processing file /opt/airflow/dags/gcs_to_bigquery.py for tasks to queue
[2023-06-20T00:44:20.262+0000] {logging_mixin.py:137} INFO - [2023-06-20T00:44:20.262+0000] {dagbag.py:532} INFO - Filling up the DagBag from /opt/airflow/dags/gcs_to_bigquery.py
[2023-06-20T00:44:20.779+0000] {processor.py:753} INFO - DAG(s) dict_keys(['ticketmaster_GCS_to_BQ_dag']) retrieved from /opt/airflow/dags/gcs_to_bigquery.py
[2023-06-20T00:44:20.814+0000] {logging_mixin.py:137} INFO - [2023-06-20T00:44:20.813+0000] {dag.py:2705} INFO - Sync 1 DAGs
[2023-06-20T00:44:20.827+0000] {logging_mixin.py:137} INFO - [2023-06-20T00:44:20.827+0000] {dag.py:3456} INFO - Setting next_dagrun for ticketmaster_GCS_to_BQ_dag to 2023-06-20T00:44:20.774789+00:00, run_after=2023-06-21T00:44:20.774789+00:00
[2023-06-20T00:44:20.839+0000] {processor.py:175} INFO - Processing /opt/airflow/dags/gcs_to_bigquery.py took 0.585 seconds
[2023-06-20T00:44:51.197+0000] {processor.py:153} INFO - Started process (PID=170) to work on /opt/airflow/dags/gcs_to_bigquery.py
[2023-06-20T00:44:51.201+0000] {processor.py:743} INFO - Processing file /opt/airflow/dags/gcs_to_bigquery.py for tasks to queue
[2023-06-20T00:44:51.203+0000] {logging_mixin.py:137} INFO - [2023-06-20T00:44:51.202+0000] {dagbag.py:532} INFO - Filling up the DagBag from /opt/airflow/dags/gcs_to_bigquery.py
[2023-06-20T00:44:51.723+0000] {processor.py:753} INFO - DAG(s) dict_keys(['ticketmaster_GCS_to_BQ_dag']) retrieved from /opt/airflow/dags/gcs_to_bigquery.py
[2023-06-20T00:44:51.822+0000] {logging_mixin.py:137} INFO - [2023-06-20T00:44:51.822+0000] {dag.py:2705} INFO - Sync 1 DAGs
[2023-06-20T00:44:51.836+0000] {logging_mixin.py:137} INFO - [2023-06-20T00:44:51.836+0000] {dag.py:3456} INFO - Setting next_dagrun for ticketmaster_GCS_to_BQ_dag to 2023-06-20T00:44:51.718623+00:00, run_after=2023-06-21T00:44:51.718623+00:00
[2023-06-20T00:44:51.847+0000] {processor.py:175} INFO - Processing /opt/airflow/dags/gcs_to_bigquery.py took 0.660 seconds
[2023-06-20T00:45:22.336+0000] {processor.py:153} INFO - Started process (PID=183) to work on /opt/airflow/dags/gcs_to_bigquery.py
[2023-06-20T00:45:22.340+0000] {processor.py:743} INFO - Processing file /opt/airflow/dags/gcs_to_bigquery.py for tasks to queue
[2023-06-20T00:45:22.342+0000] {logging_mixin.py:137} INFO - [2023-06-20T00:45:22.341+0000] {dagbag.py:532} INFO - Filling up the DagBag from /opt/airflow/dags/gcs_to_bigquery.py
[2023-06-20T00:45:22.732+0000] {processor.py:753} INFO - DAG(s) dict_keys(['ticketmaster_GCS_to_BQ_dag']) retrieved from /opt/airflow/dags/gcs_to_bigquery.py
[2023-06-20T00:45:22.837+0000] {logging_mixin.py:137} INFO - [2023-06-20T00:45:22.836+0000] {dag.py:2705} INFO - Sync 1 DAGs
[2023-06-20T00:45:22.850+0000] {logging_mixin.py:137} INFO - [2023-06-20T00:45:22.850+0000] {dag.py:3456} INFO - Setting next_dagrun for ticketmaster_GCS_to_BQ_dag to 2023-06-20T00:45:22.728215+00:00, run_after=2023-06-21T00:45:22.728215+00:00
[2023-06-20T00:45:22.862+0000] {processor.py:175} INFO - Processing /opt/airflow/dags/gcs_to_bigquery.py took 0.534 seconds
[2023-06-20T00:45:53.303+0000] {processor.py:153} INFO - Started process (PID=196) to work on /opt/airflow/dags/gcs_to_bigquery.py
[2023-06-20T00:45:53.310+0000] {processor.py:743} INFO - Processing file /opt/airflow/dags/gcs_to_bigquery.py for tasks to queue
[2023-06-20T00:45:53.311+0000] {logging_mixin.py:137} INFO - [2023-06-20T00:45:53.311+0000] {dagbag.py:532} INFO - Filling up the DagBag from /opt/airflow/dags/gcs_to_bigquery.py
[2023-06-20T00:45:53.720+0000] {processor.py:753} INFO - DAG(s) dict_keys(['ticketmaster_GCS_to_BQ_dag']) retrieved from /opt/airflow/dags/gcs_to_bigquery.py
[2023-06-20T00:45:53.829+0000] {logging_mixin.py:137} INFO - [2023-06-20T00:45:53.828+0000] {dag.py:2705} INFO - Sync 1 DAGs
[2023-06-20T00:45:53.843+0000] {logging_mixin.py:137} INFO - [2023-06-20T00:45:53.843+0000] {dag.py:3456} INFO - Setting next_dagrun for ticketmaster_GCS_to_BQ_dag to 2023-06-20T00:45:53.715605+00:00, run_after=2023-06-21T00:45:53.715605+00:00
[2023-06-20T00:45:53.857+0000] {processor.py:175} INFO - Processing /opt/airflow/dags/gcs_to_bigquery.py took 0.558 seconds
[2023-06-20T00:46:24.344+0000] {processor.py:153} INFO - Started process (PID=209) to work on /opt/airflow/dags/gcs_to_bigquery.py
[2023-06-20T00:46:24.346+0000] {processor.py:743} INFO - Processing file /opt/airflow/dags/gcs_to_bigquery.py for tasks to queue
[2023-06-20T00:46:24.348+0000] {logging_mixin.py:137} INFO - [2023-06-20T00:46:24.348+0000] {dagbag.py:532} INFO - Filling up the DagBag from /opt/airflow/dags/gcs_to_bigquery.py
[2023-06-20T00:46:24.743+0000] {processor.py:753} INFO - DAG(s) dict_keys(['ticketmaster_GCS_to_BQ_dag']) retrieved from /opt/airflow/dags/gcs_to_bigquery.py
[2023-06-20T00:46:24.849+0000] {logging_mixin.py:137} INFO - [2023-06-20T00:46:24.849+0000] {dag.py:2705} INFO - Sync 1 DAGs
[2023-06-20T00:46:24.864+0000] {logging_mixin.py:137} INFO - [2023-06-20T00:46:24.864+0000] {dag.py:3456} INFO - Setting next_dagrun for ticketmaster_GCS_to_BQ_dag to 2023-06-20T00:46:24.738131+00:00, run_after=2023-06-21T00:46:24.738131+00:00
[2023-06-20T00:46:24.878+0000] {processor.py:175} INFO - Processing /opt/airflow/dags/gcs_to_bigquery.py took 0.541 seconds
[2023-06-20T00:46:55.372+0000] {processor.py:153} INFO - Started process (PID=222) to work on /opt/airflow/dags/gcs_to_bigquery.py
[2023-06-20T00:46:55.376+0000] {processor.py:743} INFO - Processing file /opt/airflow/dags/gcs_to_bigquery.py for tasks to queue
[2023-06-20T00:46:55.378+0000] {logging_mixin.py:137} INFO - [2023-06-20T00:46:55.378+0000] {dagbag.py:532} INFO - Filling up the DagBag from /opt/airflow/dags/gcs_to_bigquery.py
[2023-06-20T00:46:55.848+0000] {processor.py:753} INFO - DAG(s) dict_keys(['ticketmaster_GCS_to_BQ_dag']) retrieved from /opt/airflow/dags/gcs_to_bigquery.py
[2023-06-20T00:46:55.884+0000] {logging_mixin.py:137} INFO - [2023-06-20T00:46:55.884+0000] {dag.py:2705} INFO - Sync 1 DAGs
[2023-06-20T00:46:55.899+0000] {logging_mixin.py:137} INFO - [2023-06-20T00:46:55.899+0000] {dag.py:3456} INFO - Setting next_dagrun for ticketmaster_GCS_to_BQ_dag to 2023-06-20T00:46:55.770918+00:00, run_after=2023-06-21T00:46:55.770918+00:00
[2023-06-20T00:46:55.915+0000] {processor.py:175} INFO - Processing /opt/airflow/dags/gcs_to_bigquery.py took 0.551 seconds
[2023-06-20T00:47:26.362+0000] {processor.py:153} INFO - Started process (PID=235) to work on /opt/airflow/dags/gcs_to_bigquery.py
[2023-06-20T00:47:26.365+0000] {processor.py:743} INFO - Processing file /opt/airflow/dags/gcs_to_bigquery.py for tasks to queue
[2023-06-20T00:47:26.366+0000] {logging_mixin.py:137} INFO - [2023-06-20T00:47:26.365+0000] {dagbag.py:532} INFO - Filling up the DagBag from /opt/airflow/dags/gcs_to_bigquery.py
[2023-06-20T00:47:26.777+0000] {processor.py:753} INFO - DAG(s) dict_keys(['ticketmaster_GCS_to_BQ_dag']) retrieved from /opt/airflow/dags/gcs_to_bigquery.py
[2023-06-20T00:47:26.883+0000] {logging_mixin.py:137} INFO - [2023-06-20T00:47:26.816+0000] {dag.py:2705} INFO - Sync 1 DAGs
[2023-06-20T00:47:26.898+0000] {logging_mixin.py:137} INFO - [2023-06-20T00:47:26.898+0000] {dag.py:3456} INFO - Setting next_dagrun for ticketmaster_GCS_to_BQ_dag to 2023-06-20T00:47:26.772949+00:00, run_after=2023-06-21T00:47:26.772949+00:00
[2023-06-20T00:47:26.912+0000] {processor.py:175} INFO - Processing /opt/airflow/dags/gcs_to_bigquery.py took 0.554 seconds
[2023-06-20T00:47:57.398+0000] {processor.py:153} INFO - Started process (PID=248) to work on /opt/airflow/dags/gcs_to_bigquery.py
[2023-06-20T00:47:57.402+0000] {processor.py:743} INFO - Processing file /opt/airflow/dags/gcs_to_bigquery.py for tasks to queue
[2023-06-20T00:47:57.404+0000] {logging_mixin.py:137} INFO - [2023-06-20T00:47:57.404+0000] {dagbag.py:532} INFO - Filling up the DagBag from /opt/airflow/dags/gcs_to_bigquery.py
[2023-06-20T00:47:57.797+0000] {processor.py:753} INFO - DAG(s) dict_keys(['ticketmaster_GCS_to_BQ_dag']) retrieved from /opt/airflow/dags/gcs_to_bigquery.py
[2023-06-20T00:47:57.901+0000] {logging_mixin.py:137} INFO - [2023-06-20T00:47:57.900+0000] {dag.py:2705} INFO - Sync 1 DAGs
[2023-06-20T00:47:57.915+0000] {logging_mixin.py:137} INFO - [2023-06-20T00:47:57.915+0000] {dag.py:3456} INFO - Setting next_dagrun for ticketmaster_GCS_to_BQ_dag to 2023-06-20T00:47:57.793432+00:00, run_after=2023-06-21T00:47:57.793432+00:00
[2023-06-20T00:47:57.928+0000] {processor.py:175} INFO - Processing /opt/airflow/dags/gcs_to_bigquery.py took 0.538 seconds
[2023-06-20T00:48:28.377+0000] {processor.py:153} INFO - Started process (PID=261) to work on /opt/airflow/dags/gcs_to_bigquery.py
[2023-06-20T00:48:28.381+0000] {processor.py:743} INFO - Processing file /opt/airflow/dags/gcs_to_bigquery.py for tasks to queue
[2023-06-20T00:48:28.383+0000] {logging_mixin.py:137} INFO - [2023-06-20T00:48:28.383+0000] {dagbag.py:532} INFO - Filling up the DagBag from /opt/airflow/dags/gcs_to_bigquery.py
[2023-06-20T00:48:28.843+0000] {processor.py:753} INFO - DAG(s) dict_keys(['ticketmaster_GCS_to_BQ_dag']) retrieved from /opt/airflow/dags/gcs_to_bigquery.py
[2023-06-20T00:48:28.945+0000] {logging_mixin.py:137} INFO - [2023-06-20T00:48:28.945+0000] {dag.py:2705} INFO - Sync 1 DAGs
[2023-06-20T00:48:28.959+0000] {logging_mixin.py:137} INFO - [2023-06-20T00:48:28.959+0000] {dag.py:3456} INFO - Setting next_dagrun for ticketmaster_GCS_to_BQ_dag to 2023-06-20T00:48:28.839136+00:00, run_after=2023-06-21T00:48:28.839136+00:00
[2023-06-20T00:48:28.971+0000] {processor.py:175} INFO - Processing /opt/airflow/dags/gcs_to_bigquery.py took 0.601 seconds
[2023-06-20T01:06:31.827+0000] {processor.py:153} INFO - Started process (PID=39) to work on /opt/airflow/dags/gcs_to_bigquery.py
[2023-06-20T01:06:31.839+0000] {processor.py:743} INFO - Processing file /opt/airflow/dags/gcs_to_bigquery.py for tasks to queue
[2023-06-20T01:06:31.845+0000] {logging_mixin.py:137} INFO - [2023-06-20T01:06:31.843+0000] {dagbag.py:532} INFO - Filling up the DagBag from /opt/airflow/dags/gcs_to_bigquery.py
[2023-06-20T01:06:33.217+0000] {processor.py:753} INFO - DAG(s) dict_keys(['ticketmaster_GCS_to_BQ_dag']) retrieved from /opt/airflow/dags/gcs_to_bigquery.py
[2023-06-20T01:06:33.275+0000] {logging_mixin.py:137} INFO - [2023-06-20T01:06:33.275+0000] {dag.py:2705} INFO - Sync 1 DAGs
[2023-06-20T01:06:33.295+0000] {logging_mixin.py:137} INFO - [2023-06-20T01:06:33.295+0000] {dag.py:3456} INFO - Setting next_dagrun for ticketmaster_GCS_to_BQ_dag to 2023-06-20T01:06:33.209842+00:00, run_after=2023-06-21T01:06:33.209842+00:00
[2023-06-20T01:06:33.340+0000] {processor.py:175} INFO - Processing /opt/airflow/dags/gcs_to_bigquery.py took 1.519 seconds
[2023-06-20T01:07:03.828+0000] {processor.py:153} INFO - Started process (PID=52) to work on /opt/airflow/dags/gcs_to_bigquery.py
[2023-06-20T01:07:03.832+0000] {processor.py:743} INFO - Processing file /opt/airflow/dags/gcs_to_bigquery.py for tasks to queue
[2023-06-20T01:07:03.833+0000] {logging_mixin.py:137} INFO - [2023-06-20T01:07:03.833+0000] {dagbag.py:532} INFO - Filling up the DagBag from /opt/airflow/dags/gcs_to_bigquery.py
[2023-06-20T01:07:04.483+0000] {processor.py:753} INFO - DAG(s) dict_keys(['ticketmaster_GCS_to_BQ_dag']) retrieved from /opt/airflow/dags/gcs_to_bigquery.py
[2023-06-20T01:07:04.519+0000] {logging_mixin.py:137} INFO - [2023-06-20T01:07:04.519+0000] {dag.py:2705} INFO - Sync 1 DAGs
[2023-06-20T01:07:04.533+0000] {logging_mixin.py:137} INFO - [2023-06-20T01:07:04.533+0000] {dag.py:3456} INFO - Setting next_dagrun for ticketmaster_GCS_to_BQ_dag to 2023-06-20T01:07:04.478783+00:00, run_after=2023-06-21T01:07:04.478783+00:00
[2023-06-20T01:07:04.547+0000] {processor.py:175} INFO - Processing /opt/airflow/dags/gcs_to_bigquery.py took 0.726 seconds
[2023-06-20T01:07:35.070+0000] {processor.py:153} INFO - Started process (PID=65) to work on /opt/airflow/dags/gcs_to_bigquery.py
[2023-06-20T01:07:35.073+0000] {processor.py:743} INFO - Processing file /opt/airflow/dags/gcs_to_bigquery.py for tasks to queue
[2023-06-20T01:07:35.075+0000] {logging_mixin.py:137} INFO - [2023-06-20T01:07:35.075+0000] {dagbag.py:532} INFO - Filling up the DagBag from /opt/airflow/dags/gcs_to_bigquery.py
[2023-06-20T01:07:35.610+0000] {processor.py:753} INFO - DAG(s) dict_keys(['ticketmaster_GCS_to_BQ_dag']) retrieved from /opt/airflow/dags/gcs_to_bigquery.py
[2023-06-20T01:07:35.647+0000] {logging_mixin.py:137} INFO - [2023-06-20T01:07:35.647+0000] {dag.py:2705} INFO - Sync 1 DAGs
[2023-06-20T01:07:35.661+0000] {logging_mixin.py:137} INFO - [2023-06-20T01:07:35.661+0000] {dag.py:3456} INFO - Setting next_dagrun for ticketmaster_GCS_to_BQ_dag to 2023-06-20T01:07:35.606039+00:00, run_after=2023-06-21T01:07:35.606039+00:00
[2023-06-20T01:07:35.676+0000] {processor.py:175} INFO - Processing /opt/airflow/dags/gcs_to_bigquery.py took 0.612 seconds
[2023-06-20T01:08:06.071+0000] {processor.py:153} INFO - Started process (PID=80) to work on /opt/airflow/dags/gcs_to_bigquery.py
[2023-06-20T01:08:06.073+0000] {processor.py:743} INFO - Processing file /opt/airflow/dags/gcs_to_bigquery.py for tasks to queue
[2023-06-20T01:08:06.074+0000] {logging_mixin.py:137} INFO - [2023-06-20T01:08:06.074+0000] {dagbag.py:532} INFO - Filling up the DagBag from /opt/airflow/dags/gcs_to_bigquery.py
[2023-06-20T01:08:06.982+0000] {processor.py:753} INFO - DAG(s) dict_keys(['ticketmaster_GCS_to_BQ_dag']) retrieved from /opt/airflow/dags/gcs_to_bigquery.py
[2023-06-20T01:08:07.026+0000] {logging_mixin.py:137} INFO - [2023-06-20T01:08:07.025+0000] {dag.py:2705} INFO - Sync 1 DAGs
[2023-06-20T01:08:07.040+0000] {logging_mixin.py:137} INFO - [2023-06-20T01:08:07.040+0000] {dag.py:3456} INFO - Setting next_dagrun for ticketmaster_GCS_to_BQ_dag to 2023-06-20T01:08:06.977565+00:00, run_after=2023-06-21T01:08:06.977565+00:00
[2023-06-20T01:08:07.067+0000] {processor.py:175} INFO - Processing /opt/airflow/dags/gcs_to_bigquery.py took 1.003 seconds
[2023-06-20T01:08:37.394+0000] {processor.py:153} INFO - Started process (PID=93) to work on /opt/airflow/dags/gcs_to_bigquery.py
[2023-06-20T01:08:37.395+0000] {processor.py:743} INFO - Processing file /opt/airflow/dags/gcs_to_bigquery.py for tasks to queue
[2023-06-20T01:08:37.396+0000] {logging_mixin.py:137} INFO - [2023-06-20T01:08:37.396+0000] {dagbag.py:532} INFO - Filling up the DagBag from /opt/airflow/dags/gcs_to_bigquery.py
[2023-06-20T01:08:37.972+0000] {processor.py:753} INFO - DAG(s) dict_keys(['ticketmaster_GCS_to_BQ_dag']) retrieved from /opt/airflow/dags/gcs_to_bigquery.py
[2023-06-20T01:08:38.010+0000] {logging_mixin.py:137} INFO - [2023-06-20T01:08:38.010+0000] {dag.py:2705} INFO - Sync 1 DAGs
[2023-06-20T01:08:38.024+0000] {logging_mixin.py:137} INFO - [2023-06-20T01:08:38.024+0000] {dag.py:3456} INFO - Setting next_dagrun for ticketmaster_GCS_to_BQ_dag to 2023-06-20T01:08:37.967649+00:00, run_after=2023-06-21T01:08:37.967649+00:00
[2023-06-20T01:08:38.037+0000] {processor.py:175} INFO - Processing /opt/airflow/dags/gcs_to_bigquery.py took 0.646 seconds
[2023-06-20T01:09:08.369+0000] {processor.py:153} INFO - Started process (PID=106) to work on /opt/airflow/dags/gcs_to_bigquery.py
[2023-06-20T01:09:08.371+0000] {processor.py:743} INFO - Processing file /opt/airflow/dags/gcs_to_bigquery.py for tasks to queue
[2023-06-20T01:09:08.373+0000] {logging_mixin.py:137} INFO - [2023-06-20T01:09:08.373+0000] {dagbag.py:532} INFO - Filling up the DagBag from /opt/airflow/dags/gcs_to_bigquery.py
[2023-06-20T01:09:09.235+0000] {processor.py:753} INFO - DAG(s) dict_keys(['ticketmaster_GCS_to_BQ_dag']) retrieved from /opt/airflow/dags/gcs_to_bigquery.py
[2023-06-20T01:09:09.277+0000] {logging_mixin.py:137} INFO - [2023-06-20T01:09:09.277+0000] {dag.py:2705} INFO - Sync 1 DAGs
[2023-06-20T01:09:09.294+0000] {logging_mixin.py:137} INFO - [2023-06-20T01:09:09.294+0000] {dag.py:3456} INFO - Setting next_dagrun for ticketmaster_GCS_to_BQ_dag to 2023-06-20T01:09:09.229799+00:00, run_after=2023-06-21T01:09:09.229799+00:00
[2023-06-20T01:09:09.312+0000] {processor.py:175} INFO - Processing /opt/airflow/dags/gcs_to_bigquery.py took 0.949 seconds
[2023-06-20T01:09:39.707+0000] {processor.py:153} INFO - Started process (PID=119) to work on /opt/airflow/dags/gcs_to_bigquery.py
[2023-06-20T01:09:39.709+0000] {processor.py:743} INFO - Processing file /opt/airflow/dags/gcs_to_bigquery.py for tasks to queue
[2023-06-20T01:09:39.710+0000] {logging_mixin.py:137} INFO - [2023-06-20T01:09:39.710+0000] {dagbag.py:532} INFO - Filling up the DagBag from /opt/airflow/dags/gcs_to_bigquery.py
[2023-06-20T01:09:40.292+0000] {processor.py:753} INFO - DAG(s) dict_keys(['ticketmaster_GCS_to_BQ_dag']) retrieved from /opt/airflow/dags/gcs_to_bigquery.py
[2023-06-20T01:09:40.335+0000] {logging_mixin.py:137} INFO - [2023-06-20T01:09:40.335+0000] {dag.py:2705} INFO - Sync 1 DAGs
[2023-06-20T01:09:40.351+0000] {logging_mixin.py:137} INFO - [2023-06-20T01:09:40.350+0000] {dag.py:3456} INFO - Setting next_dagrun for ticketmaster_GCS_to_BQ_dag to 2023-06-20T01:09:40.287909+00:00, run_after=2023-06-21T01:09:40.287909+00:00
[2023-06-20T01:09:40.366+0000] {processor.py:175} INFO - Processing /opt/airflow/dags/gcs_to_bigquery.py took 0.663 seconds
[2023-06-20T01:10:10.701+0000] {processor.py:153} INFO - Started process (PID=132) to work on /opt/airflow/dags/gcs_to_bigquery.py
[2023-06-20T01:10:10.703+0000] {processor.py:743} INFO - Processing file /opt/airflow/dags/gcs_to_bigquery.py for tasks to queue
[2023-06-20T01:10:10.704+0000] {logging_mixin.py:137} INFO - [2023-06-20T01:10:10.704+0000] {dagbag.py:532} INFO - Filling up the DagBag from /opt/airflow/dags/gcs_to_bigquery.py
[2023-06-20T01:10:11.283+0000] {processor.py:753} INFO - DAG(s) dict_keys(['ticketmaster_GCS_to_BQ_dag']) retrieved from /opt/airflow/dags/gcs_to_bigquery.py
[2023-06-20T01:10:11.318+0000] {logging_mixin.py:137} INFO - [2023-06-20T01:10:11.318+0000] {dag.py:2705} INFO - Sync 1 DAGs
[2023-06-20T01:10:11.332+0000] {logging_mixin.py:137} INFO - [2023-06-20T01:10:11.332+0000] {dag.py:3456} INFO - Setting next_dagrun for ticketmaster_GCS_to_BQ_dag to 2023-06-20T01:10:11.278739+00:00, run_after=2023-06-21T01:10:11.278739+00:00
[2023-06-20T01:10:11.344+0000] {processor.py:175} INFO - Processing /opt/airflow/dags/gcs_to_bigquery.py took 0.648 seconds
[2023-06-20T01:10:41.815+0000] {processor.py:153} INFO - Started process (PID=145) to work on /opt/airflow/dags/gcs_to_bigquery.py
[2023-06-20T01:10:41.817+0000] {processor.py:743} INFO - Processing file /opt/airflow/dags/gcs_to_bigquery.py for tasks to queue
[2023-06-20T01:10:41.818+0000] {logging_mixin.py:137} INFO - [2023-06-20T01:10:41.818+0000] {dagbag.py:532} INFO - Filling up the DagBag from /opt/airflow/dags/gcs_to_bigquery.py
[2023-06-20T01:10:42.346+0000] {processor.py:753} INFO - DAG(s) dict_keys(['ticketmaster_GCS_to_BQ_dag']) retrieved from /opt/airflow/dags/gcs_to_bigquery.py
[2023-06-20T01:10:42.382+0000] {logging_mixin.py:137} INFO - [2023-06-20T01:10:42.382+0000] {dag.py:2705} INFO - Sync 1 DAGs
[2023-06-20T01:10:42.398+0000] {logging_mixin.py:137} INFO - [2023-06-20T01:10:42.398+0000] {dag.py:3456} INFO - Setting next_dagrun for ticketmaster_GCS_to_BQ_dag to 2023-06-20T01:10:42.342408+00:00, run_after=2023-06-21T01:10:42.342408+00:00
[2023-06-20T01:10:42.411+0000] {processor.py:175} INFO - Processing /opt/airflow/dags/gcs_to_bigquery.py took 0.601 seconds
[2023-06-20T01:11:12.723+0000] {processor.py:153} INFO - Started process (PID=158) to work on /opt/airflow/dags/gcs_to_bigquery.py
[2023-06-20T01:11:12.726+0000] {processor.py:743} INFO - Processing file /opt/airflow/dags/gcs_to_bigquery.py for tasks to queue
[2023-06-20T01:11:12.728+0000] {logging_mixin.py:137} INFO - [2023-06-20T01:11:12.728+0000] {dagbag.py:532} INFO - Filling up the DagBag from /opt/airflow/dags/gcs_to_bigquery.py
[2023-06-20T01:11:13.215+0000] {processor.py:753} INFO - DAG(s) dict_keys(['ticketmaster_GCS_to_BQ_dag']) retrieved from /opt/airflow/dags/gcs_to_bigquery.py
[2023-06-20T01:11:13.252+0000] {logging_mixin.py:137} INFO - [2023-06-20T01:11:13.252+0000] {dag.py:2705} INFO - Sync 1 DAGs
[2023-06-20T01:11:13.265+0000] {logging_mixin.py:137} INFO - [2023-06-20T01:11:13.265+0000] {dag.py:3456} INFO - Setting next_dagrun for ticketmaster_GCS_to_BQ_dag to 2023-06-20T01:11:13.211480+00:00, run_after=2023-06-21T01:11:13.211480+00:00
[2023-06-20T01:11:13.278+0000] {processor.py:175} INFO - Processing /opt/airflow/dags/gcs_to_bigquery.py took 0.559 seconds
[2023-06-20T01:11:43.400+0000] {processor.py:153} INFO - Started process (PID=171) to work on /opt/airflow/dags/gcs_to_bigquery.py
[2023-06-20T01:11:43.403+0000] {processor.py:743} INFO - Processing file /opt/airflow/dags/gcs_to_bigquery.py for tasks to queue
[2023-06-20T01:11:43.405+0000] {logging_mixin.py:137} INFO - [2023-06-20T01:11:43.405+0000] {dagbag.py:532} INFO - Filling up the DagBag from /opt/airflow/dags/gcs_to_bigquery.py
[2023-06-20T01:11:43.944+0000] {processor.py:753} INFO - DAG(s) dict_keys(['ticketmaster_GCS_to_BQ_dag']) retrieved from /opt/airflow/dags/gcs_to_bigquery.py
[2023-06-20T01:11:44.064+0000] {logging_mixin.py:137} INFO - [2023-06-20T01:11:44.063+0000] {dag.py:2705} INFO - Sync 1 DAGs
[2023-06-20T01:11:44.078+0000] {logging_mixin.py:137} INFO - [2023-06-20T01:11:44.078+0000] {dag.py:3456} INFO - Setting next_dagrun for ticketmaster_GCS_to_BQ_dag to 2023-06-20T01:11:43.938950+00:00, run_after=2023-06-21T01:11:43.938950+00:00
[2023-06-20T01:11:44.091+0000] {processor.py:175} INFO - Processing /opt/airflow/dags/gcs_to_bigquery.py took 0.702 seconds
[2023-06-20T01:12:14.425+0000] {processor.py:153} INFO - Started process (PID=184) to work on /opt/airflow/dags/gcs_to_bigquery.py
[2023-06-20T01:12:14.427+0000] {processor.py:743} INFO - Processing file /opt/airflow/dags/gcs_to_bigquery.py for tasks to queue
[2023-06-20T01:12:14.428+0000] {logging_mixin.py:137} INFO - [2023-06-20T01:12:14.428+0000] {dagbag.py:532} INFO - Filling up the DagBag from /opt/airflow/dags/gcs_to_bigquery.py
[2023-06-20T01:12:14.937+0000] {processor.py:753} INFO - DAG(s) dict_keys(['ticketmaster_GCS_to_BQ_dag']) retrieved from /opt/airflow/dags/gcs_to_bigquery.py
[2023-06-20T01:12:15.048+0000] {logging_mixin.py:137} INFO - [2023-06-20T01:12:15.048+0000] {dag.py:2705} INFO - Sync 1 DAGs
[2023-06-20T01:12:15.064+0000] {logging_mixin.py:137} INFO - [2023-06-20T01:12:15.063+0000] {dag.py:3456} INFO - Setting next_dagrun for ticketmaster_GCS_to_BQ_dag to 2023-06-20T01:12:14.933367+00:00, run_after=2023-06-21T01:12:14.933367+00:00
[2023-06-20T01:12:15.075+0000] {processor.py:175} INFO - Processing /opt/airflow/dags/gcs_to_bigquery.py took 0.655 seconds
[2023-06-20T01:12:45.573+0000] {processor.py:153} INFO - Started process (PID=197) to work on /opt/airflow/dags/gcs_to_bigquery.py
[2023-06-20T01:12:45.576+0000] {processor.py:743} INFO - Processing file /opt/airflow/dags/gcs_to_bigquery.py for tasks to queue
[2023-06-20T01:12:45.577+0000] {logging_mixin.py:137} INFO - [2023-06-20T01:12:45.577+0000] {dagbag.py:532} INFO - Filling up the DagBag from /opt/airflow/dags/gcs_to_bigquery.py
[2023-06-20T01:12:46.145+0000] {processor.py:753} INFO - DAG(s) dict_keys(['ticketmaster_GCS_to_BQ_dag']) retrieved from /opt/airflow/dags/gcs_to_bigquery.py
[2023-06-20T01:12:46.259+0000] {logging_mixin.py:137} INFO - [2023-06-20T01:12:46.258+0000] {dag.py:2705} INFO - Sync 1 DAGs
[2023-06-20T01:12:46.272+0000] {logging_mixin.py:137} INFO - [2023-06-20T01:12:46.272+0000] {dag.py:3456} INFO - Setting next_dagrun for ticketmaster_GCS_to_BQ_dag to 2023-06-20T01:12:46.140263+00:00, run_after=2023-06-21T01:12:46.140263+00:00
[2023-06-20T01:12:46.283+0000] {processor.py:175} INFO - Processing /opt/airflow/dags/gcs_to_bigquery.py took 0.715 seconds
[2023-06-20T01:13:16.587+0000] {processor.py:153} INFO - Started process (PID=210) to work on /opt/airflow/dags/gcs_to_bigquery.py
[2023-06-20T01:13:16.589+0000] {processor.py:743} INFO - Processing file /opt/airflow/dags/gcs_to_bigquery.py for tasks to queue
[2023-06-20T01:13:16.591+0000] {logging_mixin.py:137} INFO - [2023-06-20T01:13:16.591+0000] {dagbag.py:532} INFO - Filling up the DagBag from /opt/airflow/dags/gcs_to_bigquery.py
[2023-06-20T01:13:17.167+0000] {processor.py:753} INFO - DAG(s) dict_keys(['ticketmaster_GCS_to_BQ_dag']) retrieved from /opt/airflow/dags/gcs_to_bigquery.py
[2023-06-20T01:13:17.205+0000] {logging_mixin.py:137} INFO - [2023-06-20T01:13:17.205+0000] {dag.py:2705} INFO - Sync 1 DAGs
[2023-06-20T01:13:17.219+0000] {logging_mixin.py:137} INFO - [2023-06-20T01:13:17.219+0000] {dag.py:3456} INFO - Setting next_dagrun for ticketmaster_GCS_to_BQ_dag to 2023-06-20T01:13:17.092901+00:00, run_after=2023-06-21T01:13:17.092901+00:00
[2023-06-20T01:13:17.232+0000] {processor.py:175} INFO - Processing /opt/airflow/dags/gcs_to_bigquery.py took 0.653 seconds
[2023-06-20T01:13:49.034+0000] {processor.py:153} INFO - Started process (PID=223) to work on /opt/airflow/dags/gcs_to_bigquery.py
[2023-06-20T01:13:49.046+0000] {processor.py:743} INFO - Processing file /opt/airflow/dags/gcs_to_bigquery.py for tasks to queue
[2023-06-20T01:13:49.054+0000] {logging_mixin.py:137} INFO - [2023-06-20T01:13:49.053+0000] {dagbag.py:532} INFO - Filling up the DagBag from /opt/airflow/dags/gcs_to_bigquery.py
[2023-06-20T01:13:50.331+0000] {processor.py:753} INFO - DAG(s) dict_keys(['ticketmaster_GCS_to_BQ_dag']) retrieved from /opt/airflow/dags/gcs_to_bigquery.py
[2023-06-20T01:13:50.374+0000] {logging_mixin.py:137} INFO - [2023-06-20T01:13:50.373+0000] {dag.py:2705} INFO - Sync 1 DAGs
[2023-06-20T01:13:50.388+0000] {logging_mixin.py:137} INFO - [2023-06-20T01:13:50.388+0000] {dag.py:3456} INFO - Setting next_dagrun for ticketmaster_GCS_to_BQ_dag to 2023-06-20T01:13:50.248726+00:00, run_after=2023-06-21T01:13:50.248726+00:00
[2023-06-20T01:13:50.402+0000] {processor.py:175} INFO - Processing /opt/airflow/dags/gcs_to_bigquery.py took 1.455 seconds
[2023-06-20T01:14:20.785+0000] {processor.py:153} INFO - Started process (PID=236) to work on /opt/airflow/dags/gcs_to_bigquery.py
[2023-06-20T01:14:20.786+0000] {processor.py:743} INFO - Processing file /opt/airflow/dags/gcs_to_bigquery.py for tasks to queue
[2023-06-20T01:14:20.787+0000] {logging_mixin.py:137} INFO - [2023-06-20T01:14:20.787+0000] {dagbag.py:532} INFO - Filling up the DagBag from /opt/airflow/dags/gcs_to_bigquery.py
[2023-06-20T01:14:21.259+0000] {processor.py:753} INFO - DAG(s) dict_keys(['ticketmaster_GCS_to_BQ_dag']) retrieved from /opt/airflow/dags/gcs_to_bigquery.py
[2023-06-20T01:14:21.369+0000] {logging_mixin.py:137} INFO - [2023-06-20T01:14:21.369+0000] {dag.py:2705} INFO - Sync 1 DAGs
[2023-06-20T01:14:21.383+0000] {logging_mixin.py:137} INFO - [2023-06-20T01:14:21.383+0000] {dag.py:3456} INFO - Setting next_dagrun for ticketmaster_GCS_to_BQ_dag to 2023-06-20T01:14:21.255132+00:00, run_after=2023-06-21T01:14:21.255132+00:00
[2023-06-20T01:14:21.396+0000] {processor.py:175} INFO - Processing /opt/airflow/dags/gcs_to_bigquery.py took 0.614 seconds
[2023-06-20T01:14:51.852+0000] {processor.py:153} INFO - Started process (PID=256) to work on /opt/airflow/dags/gcs_to_bigquery.py
[2023-06-20T01:14:51.854+0000] {processor.py:743} INFO - Processing file /opt/airflow/dags/gcs_to_bigquery.py for tasks to queue
[2023-06-20T01:14:51.855+0000] {logging_mixin.py:137} INFO - [2023-06-20T01:14:51.855+0000] {dagbag.py:532} INFO - Filling up the DagBag from /opt/airflow/dags/gcs_to_bigquery.py
[2023-06-20T01:14:52.505+0000] {processor.py:753} INFO - DAG(s) dict_keys(['ticketmaster_GCS_to_BQ_dag']) retrieved from /opt/airflow/dags/gcs_to_bigquery.py
[2023-06-20T01:14:52.614+0000] {logging_mixin.py:137} INFO - [2023-06-20T01:14:52.614+0000] {dag.py:2705} INFO - Sync 1 DAGs
[2023-06-20T01:14:52.629+0000] {logging_mixin.py:137} INFO - [2023-06-20T01:14:52.629+0000] {dag.py:3456} INFO - Setting next_dagrun for ticketmaster_GCS_to_BQ_dag to 2023-06-20T01:14:52.500026+00:00, run_after=2023-06-21T01:14:52.500026+00:00
[2023-06-20T01:14:52.643+0000] {processor.py:175} INFO - Processing /opt/airflow/dags/gcs_to_bigquery.py took 0.799 seconds
[2023-06-20T01:15:23.059+0000] {processor.py:153} INFO - Started process (PID=269) to work on /opt/airflow/dags/gcs_to_bigquery.py
[2023-06-20T01:15:23.063+0000] {processor.py:743} INFO - Processing file /opt/airflow/dags/gcs_to_bigquery.py for tasks to queue
[2023-06-20T01:15:23.064+0000] {logging_mixin.py:137} INFO - [2023-06-20T01:15:23.064+0000] {dagbag.py:532} INFO - Filling up the DagBag from /opt/airflow/dags/gcs_to_bigquery.py
[2023-06-20T01:15:23.524+0000] {processor.py:753} INFO - DAG(s) dict_keys(['ticketmaster_GCS_to_BQ_dag']) retrieved from /opt/airflow/dags/gcs_to_bigquery.py
[2023-06-20T01:15:23.628+0000] {logging_mixin.py:137} INFO - [2023-06-20T01:15:23.628+0000] {dag.py:2705} INFO - Sync 1 DAGs
[2023-06-20T01:15:23.641+0000] {logging_mixin.py:137} INFO - [2023-06-20T01:15:23.641+0000] {dag.py:3456} INFO - Setting next_dagrun for ticketmaster_GCS_to_BQ_dag to 2023-06-20T01:15:23.519117+00:00, run_after=2023-06-21T01:15:23.519117+00:00
[2023-06-20T01:15:23.655+0000] {processor.py:175} INFO - Processing /opt/airflow/dags/gcs_to_bigquery.py took 0.606 seconds
[2023-06-20T01:15:54.153+0000] {processor.py:153} INFO - Started process (PID=282) to work on /opt/airflow/dags/gcs_to_bigquery.py
[2023-06-20T01:15:54.155+0000] {processor.py:743} INFO - Processing file /opt/airflow/dags/gcs_to_bigquery.py for tasks to queue
[2023-06-20T01:15:54.157+0000] {logging_mixin.py:137} INFO - [2023-06-20T01:15:54.157+0000] {dagbag.py:532} INFO - Filling up the DagBag from /opt/airflow/dags/gcs_to_bigquery.py
[2023-06-20T01:15:54.739+0000] {processor.py:753} INFO - DAG(s) dict_keys(['ticketmaster_GCS_to_BQ_dag']) retrieved from /opt/airflow/dags/gcs_to_bigquery.py
[2023-06-20T01:15:54.846+0000] {logging_mixin.py:137} INFO - [2023-06-20T01:15:54.846+0000] {dag.py:2705} INFO - Sync 1 DAGs
[2023-06-20T01:15:54.859+0000] {logging_mixin.py:137} INFO - [2023-06-20T01:15:54.859+0000] {dag.py:3456} INFO - Setting next_dagrun for ticketmaster_GCS_to_BQ_dag to 2023-06-20T01:15:54.735796+00:00, run_after=2023-06-21T01:15:54.735796+00:00
[2023-06-20T01:15:54.872+0000] {processor.py:175} INFO - Processing /opt/airflow/dags/gcs_to_bigquery.py took 0.733 seconds
[2023-06-20T01:16:25.383+0000] {processor.py:153} INFO - Started process (PID=295) to work on /opt/airflow/dags/gcs_to_bigquery.py
[2023-06-20T01:16:25.387+0000] {processor.py:743} INFO - Processing file /opt/airflow/dags/gcs_to_bigquery.py for tasks to queue
[2023-06-20T01:16:25.389+0000] {logging_mixin.py:137} INFO - [2023-06-20T01:16:25.389+0000] {dagbag.py:532} INFO - Filling up the DagBag from /opt/airflow/dags/gcs_to_bigquery.py
[2023-06-20T01:16:25.892+0000] {processor.py:753} INFO - DAG(s) dict_keys(['ticketmaster_GCS_to_BQ_dag']) retrieved from /opt/airflow/dags/gcs_to_bigquery.py
[2023-06-20T01:16:25.930+0000] {logging_mixin.py:137} INFO - [2023-06-20T01:16:25.930+0000] {dag.py:2705} INFO - Sync 1 DAGs
[2023-06-20T01:16:25.945+0000] {logging_mixin.py:137} INFO - [2023-06-20T01:16:25.945+0000] {dag.py:3456} INFO - Setting next_dagrun for ticketmaster_GCS_to_BQ_dag to 2023-06-20T01:16:25.819460+00:00, run_after=2023-06-21T01:16:25.819460+00:00
[2023-06-20T01:16:25.957+0000] {processor.py:175} INFO - Processing /opt/airflow/dags/gcs_to_bigquery.py took 0.582 seconds
[2023-06-20T01:16:56.351+0000] {processor.py:153} INFO - Started process (PID=308) to work on /opt/airflow/dags/gcs_to_bigquery.py
[2023-06-20T01:16:56.354+0000] {processor.py:743} INFO - Processing file /opt/airflow/dags/gcs_to_bigquery.py for tasks to queue
[2023-06-20T01:16:56.355+0000] {logging_mixin.py:137} INFO - [2023-06-20T01:16:56.355+0000] {dagbag.py:532} INFO - Filling up the DagBag from /opt/airflow/dags/gcs_to_bigquery.py
[2023-06-20T01:16:56.898+0000] {processor.py:753} INFO - DAG(s) dict_keys(['ticketmaster_GCS_to_BQ_dag']) retrieved from /opt/airflow/dags/gcs_to_bigquery.py
[2023-06-20T01:16:56.938+0000] {logging_mixin.py:137} INFO - [2023-06-20T01:16:56.938+0000] {dag.py:2705} INFO - Sync 1 DAGs
[2023-06-20T01:16:56.954+0000] {logging_mixin.py:137} INFO - [2023-06-20T01:16:56.954+0000] {dag.py:3456} INFO - Setting next_dagrun for ticketmaster_GCS_to_BQ_dag to 2023-06-20T01:16:56.893923+00:00, run_after=2023-06-21T01:16:56.893923+00:00
[2023-06-20T01:16:56.967+0000] {processor.py:175} INFO - Processing /opt/airflow/dags/gcs_to_bigquery.py took 0.621 seconds
[2023-06-20T01:17:27.266+0000] {processor.py:153} INFO - Started process (PID=321) to work on /opt/airflow/dags/gcs_to_bigquery.py
[2023-06-20T01:17:27.270+0000] {processor.py:743} INFO - Processing file /opt/airflow/dags/gcs_to_bigquery.py for tasks to queue
[2023-06-20T01:17:27.272+0000] {logging_mixin.py:137} INFO - [2023-06-20T01:17:27.271+0000] {dagbag.py:532} INFO - Filling up the DagBag from /opt/airflow/dags/gcs_to_bigquery.py
[2023-06-20T01:17:27.884+0000] {processor.py:753} INFO - DAG(s) dict_keys(['ticketmaster_GCS_to_BQ_dag']) retrieved from /opt/airflow/dags/gcs_to_bigquery.py
[2023-06-20T01:17:27.923+0000] {logging_mixin.py:137} INFO - [2023-06-20T01:17:27.923+0000] {dag.py:2705} INFO - Sync 1 DAGs
[2023-06-20T01:17:27.936+0000] {logging_mixin.py:137} INFO - [2023-06-20T01:17:27.936+0000] {dag.py:3456} INFO - Setting next_dagrun for ticketmaster_GCS_to_BQ_dag to 2023-06-20T01:17:27.880131+00:00, run_after=2023-06-21T01:17:27.880131+00:00
[2023-06-20T01:17:27.948+0000] {processor.py:175} INFO - Processing /opt/airflow/dags/gcs_to_bigquery.py took 0.687 seconds
[2023-06-20T01:17:58.247+0000] {processor.py:153} INFO - Started process (PID=334) to work on /opt/airflow/dags/gcs_to_bigquery.py
[2023-06-20T01:17:58.249+0000] {processor.py:743} INFO - Processing file /opt/airflow/dags/gcs_to_bigquery.py for tasks to queue
[2023-06-20T01:17:58.250+0000] {logging_mixin.py:137} INFO - [2023-06-20T01:17:58.250+0000] {dagbag.py:532} INFO - Filling up the DagBag from /opt/airflow/dags/gcs_to_bigquery.py
[2023-06-20T01:17:58.905+0000] {processor.py:753} INFO - DAG(s) dict_keys(['ticketmaster_GCS_to_BQ_dag']) retrieved from /opt/airflow/dags/gcs_to_bigquery.py
[2023-06-20T01:17:58.959+0000] {logging_mixin.py:137} INFO - [2023-06-20T01:17:58.958+0000] {dag.py:2705} INFO - Sync 1 DAGs
[2023-06-20T01:17:58.973+0000] {logging_mixin.py:137} INFO - [2023-06-20T01:17:58.973+0000] {dag.py:3456} INFO - Setting next_dagrun for ticketmaster_GCS_to_BQ_dag to 2023-06-20T01:17:58.898415+00:00, run_after=2023-06-21T01:17:58.898415+00:00
[2023-06-20T01:17:58.985+0000] {processor.py:175} INFO - Processing /opt/airflow/dags/gcs_to_bigquery.py took 0.742 seconds
[2023-06-20T01:18:29.241+0000] {processor.py:153} INFO - Started process (PID=350) to work on /opt/airflow/dags/gcs_to_bigquery.py
[2023-06-20T01:18:29.243+0000] {processor.py:743} INFO - Processing file /opt/airflow/dags/gcs_to_bigquery.py for tasks to queue
[2023-06-20T01:18:29.244+0000] {logging_mixin.py:137} INFO - [2023-06-20T01:18:29.244+0000] {dagbag.py:532} INFO - Filling up the DagBag from /opt/airflow/dags/gcs_to_bigquery.py
[2023-06-20T01:18:29.824+0000] {processor.py:753} INFO - DAG(s) dict_keys(['ticketmaster_GCS_to_BQ_dag']) retrieved from /opt/airflow/dags/gcs_to_bigquery.py
[2023-06-20T01:18:29.861+0000] {logging_mixin.py:137} INFO - [2023-06-20T01:18:29.861+0000] {dag.py:2705} INFO - Sync 1 DAGs
[2023-06-20T01:18:29.875+0000] {logging_mixin.py:137} INFO - [2023-06-20T01:18:29.875+0000] {dag.py:3456} INFO - Setting next_dagrun for ticketmaster_GCS_to_BQ_dag to 2023-06-20T01:18:29.820034+00:00, run_after=2023-06-21T01:18:29.820034+00:00
[2023-06-20T01:18:29.888+0000] {processor.py:175} INFO - Processing /opt/airflow/dags/gcs_to_bigquery.py took 0.651 seconds
[2023-06-20T01:19:00.037+0000] {processor.py:153} INFO - Started process (PID=363) to work on /opt/airflow/dags/gcs_to_bigquery.py
[2023-06-20T01:19:00.038+0000] {processor.py:743} INFO - Processing file /opt/airflow/dags/gcs_to_bigquery.py for tasks to queue
[2023-06-20T01:19:00.039+0000] {logging_mixin.py:137} INFO - [2023-06-20T01:19:00.039+0000] {dagbag.py:532} INFO - Filling up the DagBag from /opt/airflow/dags/gcs_to_bigquery.py
[2023-06-20T01:19:00.597+0000] {processor.py:753} INFO - DAG(s) dict_keys(['ticketmaster_GCS_to_BQ_dag']) retrieved from /opt/airflow/dags/gcs_to_bigquery.py
[2023-06-20T01:19:00.663+0000] {logging_mixin.py:137} INFO - [2023-06-20T01:19:00.662+0000] {dag.py:2705} INFO - Sync 1 DAGs
[2023-06-20T01:19:00.677+0000] {logging_mixin.py:137} INFO - [2023-06-20T01:19:00.677+0000] {dag.py:3456} INFO - Setting next_dagrun for ticketmaster_GCS_to_BQ_dag to 2023-06-20T01:19:00.590583+00:00, run_after=2023-06-21T01:19:00.590583+00:00
[2023-06-20T01:19:00.690+0000] {processor.py:175} INFO - Processing /opt/airflow/dags/gcs_to_bigquery.py took 0.656 seconds
[2023-06-20T01:19:30.750+0000] {processor.py:153} INFO - Started process (PID=376) to work on /opt/airflow/dags/gcs_to_bigquery.py
[2023-06-20T01:19:30.752+0000] {processor.py:743} INFO - Processing file /opt/airflow/dags/gcs_to_bigquery.py for tasks to queue
[2023-06-20T01:19:30.752+0000] {logging_mixin.py:137} INFO - [2023-06-20T01:19:30.752+0000] {dagbag.py:532} INFO - Filling up the DagBag from /opt/airflow/dags/gcs_to_bigquery.py
[2023-06-20T01:19:31.247+0000] {processor.py:753} INFO - DAG(s) dict_keys(['ticketmaster_GCS_to_BQ_dag']) retrieved from /opt/airflow/dags/gcs_to_bigquery.py
[2023-06-20T01:19:31.282+0000] {logging_mixin.py:137} INFO - [2023-06-20T01:19:31.282+0000] {dag.py:2705} INFO - Sync 1 DAGs
[2023-06-20T01:19:31.295+0000] {logging_mixin.py:137} INFO - [2023-06-20T01:19:31.295+0000] {dag.py:3456} INFO - Setting next_dagrun for ticketmaster_GCS_to_BQ_dag to 2023-06-20T01:19:31.243694+00:00, run_after=2023-06-21T01:19:31.243694+00:00
[2023-06-20T01:19:31.307+0000] {processor.py:175} INFO - Processing /opt/airflow/dags/gcs_to_bigquery.py took 0.559 seconds
[2023-06-20T01:20:01.459+0000] {processor.py:153} INFO - Started process (PID=389) to work on /opt/airflow/dags/gcs_to_bigquery.py
[2023-06-20T01:20:01.460+0000] {processor.py:743} INFO - Processing file /opt/airflow/dags/gcs_to_bigquery.py for tasks to queue
[2023-06-20T01:20:01.461+0000] {logging_mixin.py:137} INFO - [2023-06-20T01:20:01.461+0000] {dagbag.py:532} INFO - Filling up the DagBag from /opt/airflow/dags/gcs_to_bigquery.py
[2023-06-20T01:20:01.958+0000] {processor.py:753} INFO - DAG(s) dict_keys(['ticketmaster_GCS_to_BQ_dag']) retrieved from /opt/airflow/dags/gcs_to_bigquery.py
[2023-06-20T01:20:02.007+0000] {logging_mixin.py:137} INFO - [2023-06-20T01:20:02.006+0000] {dag.py:2705} INFO - Sync 1 DAGs
[2023-06-20T01:20:02.023+0000] {logging_mixin.py:137} INFO - [2023-06-20T01:20:02.023+0000] {dag.py:3456} INFO - Setting next_dagrun for ticketmaster_GCS_to_BQ_dag to 2023-06-20T01:20:01.952276+00:00, run_after=2023-06-21T01:20:01.952276+00:00
[2023-06-20T01:20:02.038+0000] {processor.py:175} INFO - Processing /opt/airflow/dags/gcs_to_bigquery.py took 0.582 seconds
[2023-06-20T01:20:32.105+0000] {processor.py:153} INFO - Started process (PID=402) to work on /opt/airflow/dags/gcs_to_bigquery.py
[2023-06-20T01:20:32.107+0000] {processor.py:743} INFO - Processing file /opt/airflow/dags/gcs_to_bigquery.py for tasks to queue
[2023-06-20T01:20:32.108+0000] {logging_mixin.py:137} INFO - [2023-06-20T01:20:32.108+0000] {dagbag.py:532} INFO - Filling up the DagBag from /opt/airflow/dags/gcs_to_bigquery.py
[2023-06-20T01:20:32.816+0000] {processor.py:753} INFO - DAG(s) dict_keys(['ticketmaster_GCS_to_BQ_dag']) retrieved from /opt/airflow/dags/gcs_to_bigquery.py
[2023-06-20T01:20:32.853+0000] {logging_mixin.py:137} INFO - [2023-06-20T01:20:32.853+0000] {dag.py:2705} INFO - Sync 1 DAGs
[2023-06-20T01:20:32.866+0000] {logging_mixin.py:137} INFO - [2023-06-20T01:20:32.866+0000] {dag.py:3456} INFO - Setting next_dagrun for ticketmaster_GCS_to_BQ_dag to 2023-06-20T01:20:32.811238+00:00, run_after=2023-06-21T01:20:32.811238+00:00
[2023-06-20T01:20:32.878+0000] {processor.py:175} INFO - Processing /opt/airflow/dags/gcs_to_bigquery.py took 0.776 seconds
