[2023-06-21T12:03:09.343+0000] {taskinstance.py:1090} INFO - Dependencies all met for dep_context=non-requeueable deps ti=<TaskInstance: showpulse_dbt_dag.dbt_run scheduled__2023-06-21T12:02:05.127463+00:00 [queued]>
[2023-06-21T12:03:09.349+0000] {taskinstance.py:1090} INFO - Dependencies all met for dep_context=requeueable deps ti=<TaskInstance: showpulse_dbt_dag.dbt_run scheduled__2023-06-21T12:02:05.127463+00:00 [queued]>
[2023-06-21T12:03:09.350+0000] {taskinstance.py:1288} INFO - 
--------------------------------------------------------------------------------
[2023-06-21T12:03:09.350+0000] {taskinstance.py:1289} INFO - Starting attempt 1 of 1
[2023-06-21T12:03:09.351+0000] {taskinstance.py:1290} INFO - 
--------------------------------------------------------------------------------
[2023-06-21T12:03:09.359+0000] {taskinstance.py:1309} INFO - Executing <Task(BashOperator): dbt_run> on 2023-06-21 12:02:05.127463+00:00
[2023-06-21T12:03:09.362+0000] {standard_task_runner.py:55} INFO - Started process 3395 to run task
[2023-06-21T12:03:09.366+0000] {standard_task_runner.py:82} INFO - Running: ['***', 'tasks', 'run', 'showpulse_dbt_dag', 'dbt_run', 'scheduled__2023-06-21T12:02:05.127463+00:00', '--job-id', '698', '--raw', '--subdir', 'DAGS_FOLDER/dbt_run.py', '--cfg-path', '/tmp/tmp9tcm3c_m']
[2023-06-21T12:03:09.366+0000] {standard_task_runner.py:83} INFO - Job 698: Subtask dbt_run
[2023-06-21T12:03:09.420+0000] {task_command.py:389} INFO - Running <TaskInstance: showpulse_dbt_dag.dbt_run scheduled__2023-06-21T12:02:05.127463+00:00 [running]> on host 62cfed75eae1
[2023-06-21T12:03:09.469+0000] {taskinstance.py:1518} INFO - Exporting the following env vars:
AIRFLOW_CTX_DAG_OWNER=nburkett
AIRFLOW_CTX_DAG_ID=showpulse_dbt_dag
AIRFLOW_CTX_TASK_ID=dbt_run
AIRFLOW_CTX_EXECUTION_DATE=2023-06-21T12:02:05.127463+00:00
AIRFLOW_CTX_TRY_NUMBER=1
AIRFLOW_CTX_DAG_RUN_ID=scheduled__2023-06-21T12:02:05.127463+00:00
[2023-06-21T12:03:09.471+0000] {subprocess.py:63} INFO - Tmp dir root location: 
 /tmp
[2023-06-21T12:03:09.472+0000] {subprocess.py:75} INFO - Running command: ['/bin/bash', '-c', 'cd /dbt/ticketmaster_transformation && dbt run']
[2023-06-21T12:03:09.481+0000] {subprocess.py:86} INFO - Output:
[2023-06-21T12:03:10.800+0000] {subprocess.py:93} INFO - [0m12:03:10  Running with dbt=1.5.1
[2023-06-21T12:03:11.306+0000] {subprocess.py:93} INFO - [0m12:03:11  Found 4 models, 0 tests, 0 snapshots, 0 analyses, 356 macros, 0 operations, 0 seed files, 3 sources, 0 exposures, 0 metrics, 0 groups
[2023-06-21T12:03:11.309+0000] {subprocess.py:93} INFO - [0m12:03:11
[2023-06-21T12:03:11.940+0000] {subprocess.py:93} INFO - [0m12:03:11  Concurrency: 4 threads (target='dev')
[2023-06-21T12:03:11.943+0000] {subprocess.py:93} INFO - [0m12:03:11
[2023-06-21T12:03:11.959+0000] {subprocess.py:93} INFO - [0m12:03:11  1 of 4 START sql table model twitter_kafka_pyspark_test.distinct_data .......... [RUN]
[2023-06-21T12:03:11.962+0000] {subprocess.py:93} INFO - [0m12:03:11  2 of 4 START sql table model twitter_kafka_pyspark_test.dm_events .............. [RUN]
[2023-06-21T12:03:11.964+0000] {subprocess.py:93} INFO - [0m12:03:11  3 of 4 START sql table model twitter_kafka_pyspark_test.my_first_dbt_model ..... [RUN]
[2023-06-21T12:03:28.939+0000] {subprocess.py:93} INFO - [0m12:03:28  2 of 4 OK created sql table model twitter_kafka_pyspark_test.dm_events ......... [[32mCREATE TABLE (1.3k rows, 178.2 KiB processed)[0m in 16.97s]
[2023-06-21T12:03:29.507+0000] {subprocess.py:93} INFO - [0m12:03:29  3 of 4 OK created sql table model twitter_kafka_pyspark_test.my_first_dbt_model  [[32mCREATE TABLE (2.0 rows, 0 processed)[0m in 17.53s]
[2023-06-21T12:03:29.516+0000] {subprocess.py:93} INFO - [0m12:03:29  4 of 4 START sql view model twitter_kafka_pyspark_test.my_second_dbt_model ..... [RUN]
[2023-06-21T12:03:29.923+0000] {subprocess.py:93} INFO - [0m12:03:29  1 of 4 OK created sql table model twitter_kafka_pyspark_test.distinct_data ..... [[32mCREATE TABLE (1.1k rows, 638.3 KiB processed)[0m in 17.95s]
[2023-06-21T12:48:16.570+0000] {subprocess.py:93} INFO - [0m12:48:16  4 of 4 OK created sql view model twitter_kafka_pyspark_test.my_second_dbt_model  [[32mCREATE VIEW (0 processed)[0m in 2687.04s]
[2023-06-21T12:48:16.613+0000] {subprocess.py:93} INFO - [0m12:48:16
[2023-06-21T12:48:16.615+0000] {subprocess.py:93} INFO - [0m12:48:16  Finished running 3 table models, 1 view model in 0 hours 45 minutes and 5.30 seconds (2705.30s).
[2023-06-21T12:48:16.650+0000] {subprocess.py:93} INFO - [0m12:48:16
[2023-06-21T12:48:16.652+0000] {subprocess.py:93} INFO - [0m12:48:16  [32mCompleted successfully[0m
[2023-06-21T12:48:16.653+0000] {subprocess.py:93} INFO - [0m12:48:16
[2023-06-21T12:48:16.654+0000] {subprocess.py:93} INFO - [0m12:48:16  Done. PASS=4 WARN=0 ERROR=0 SKIP=0 TOTAL=4
[2023-06-21T12:48:17.217+0000] {subprocess.py:97} INFO - Command exited with return code 0
[2023-06-21T12:48:17.259+0000] {taskinstance.py:1332} INFO - Marking task as SUCCESS. dag_id=showpulse_dbt_dag, task_id=dbt_run, execution_date=20230621T120205, start_date=20230621T120309, end_date=20230621T124817
[2023-06-21T12:48:17.332+0000] {local_task_job.py:212} INFO - Task exited with return code 0
[2023-06-21T12:48:17.354+0000] {taskinstance.py:2596} INFO - 0 downstream tasks scheduled from follow-on schedule check
