[2023-06-22T20:28:37.129+0000] {taskinstance.py:1090} INFO - Dependencies all met for dep_context=non-requeueable deps ti=<TaskInstance: showpulse_dbt_dag.pwd2 scheduled__2023-06-22T20:27:33.299362+00:00 [queued]>
[2023-06-22T20:28:37.135+0000] {taskinstance.py:1090} INFO - Dependencies all met for dep_context=requeueable deps ti=<TaskInstance: showpulse_dbt_dag.pwd2 scheduled__2023-06-22T20:27:33.299362+00:00 [queued]>
[2023-06-22T20:28:37.136+0000] {taskinstance.py:1288} INFO - 
--------------------------------------------------------------------------------
[2023-06-22T20:28:37.136+0000] {taskinstance.py:1289} INFO - Starting attempt 1 of 1
[2023-06-22T20:28:37.137+0000] {taskinstance.py:1290} INFO - 
--------------------------------------------------------------------------------
[2023-06-22T20:28:37.144+0000] {taskinstance.py:1309} INFO - Executing <Task(BashOperator): pwd2> on 2023-06-22 20:27:33.299362+00:00
[2023-06-22T20:28:37.148+0000] {standard_task_runner.py:55} INFO - Started process 17971 to run task
[2023-06-22T20:28:37.151+0000] {standard_task_runner.py:82} INFO - Running: ['***', 'tasks', 'run', 'showpulse_dbt_dag', 'pwd2', 'scheduled__2023-06-22T20:27:33.299362+00:00', '--job-id', '2077', '--raw', '--subdir', 'DAGS_FOLDER/dbt_run.py', '--cfg-path', '/tmp/tmpimc7mbaa']
[2023-06-22T20:28:37.152+0000] {standard_task_runner.py:83} INFO - Job 2077: Subtask pwd2
[2023-06-22T20:28:37.204+0000] {task_command.py:389} INFO - Running <TaskInstance: showpulse_dbt_dag.pwd2 scheduled__2023-06-22T20:27:33.299362+00:00 [running]> on host 62cfed75eae1
[2023-06-22T20:28:37.256+0000] {taskinstance.py:1518} INFO - Exporting the following env vars:
AIRFLOW_CTX_DAG_OWNER=nburkett
AIRFLOW_CTX_DAG_ID=showpulse_dbt_dag
AIRFLOW_CTX_TASK_ID=pwd2
AIRFLOW_CTX_EXECUTION_DATE=2023-06-22T20:27:33.299362+00:00
AIRFLOW_CTX_TRY_NUMBER=1
AIRFLOW_CTX_DAG_RUN_ID=scheduled__2023-06-22T20:27:33.299362+00:00
[2023-06-22T20:28:37.257+0000] {subprocess.py:63} INFO - Tmp dir root location: 
 /tmp
[2023-06-22T20:28:37.258+0000] {subprocess.py:75} INFO - Running command: ['/bin/bash', '-c', 'cd /dbt/ticketmaster_transformation && pwd && ls']
[2023-06-22T20:28:37.266+0000] {subprocess.py:86} INFO - Output:
[2023-06-22T20:28:37.268+0000] {subprocess.py:93} INFO - /dbt/ticketmaster_transformation
[2023-06-22T20:28:37.269+0000] {subprocess.py:93} INFO - README.md
[2023-06-22T20:28:37.270+0000] {subprocess.py:93} INFO - analyses
[2023-06-22T20:28:37.270+0000] {subprocess.py:93} INFO - dbt_packages
[2023-06-22T20:28:37.271+0000] {subprocess.py:93} INFO - dbt_project.yml
[2023-06-22T20:28:37.271+0000] {subprocess.py:93} INFO - logs
[2023-06-22T20:28:37.272+0000] {subprocess.py:93} INFO - macros
[2023-06-22T20:28:37.272+0000] {subprocess.py:93} INFO - models
[2023-06-22T20:28:37.273+0000] {subprocess.py:93} INFO - profiles.yml
[2023-06-22T20:28:37.273+0000] {subprocess.py:93} INFO - seeds
[2023-06-22T20:28:37.273+0000] {subprocess.py:93} INFO - snapshots
[2023-06-22T20:28:37.274+0000] {subprocess.py:93} INFO - target
[2023-06-22T20:28:37.274+0000] {subprocess.py:93} INFO - tests
[2023-06-22T20:28:37.275+0000] {subprocess.py:97} INFO - Command exited with return code 0
[2023-06-22T20:28:37.296+0000] {taskinstance.py:1332} INFO - Marking task as SUCCESS. dag_id=showpulse_dbt_dag, task_id=pwd2, execution_date=20230622T202733, start_date=20230622T202837, end_date=20230622T202837
[2023-06-22T20:28:37.323+0000] {local_task_job.py:212} INFO - Task exited with return code 0
[2023-06-22T20:28:37.340+0000] {taskinstance.py:2596} INFO - 1 downstream tasks scheduled from follow-on schedule check
