[2023-06-21T10:07:18.058+0000] {taskinstance.py:1090} INFO - Dependencies all met for dep_context=non-requeueable deps ti=<TaskInstance: showpulse_dbt_dag.dbt_run scheduled__2023-06-21T10:06:13.287007+00:00 [queued]>
[2023-06-21T10:07:18.065+0000] {taskinstance.py:1090} INFO - Dependencies all met for dep_context=requeueable deps ti=<TaskInstance: showpulse_dbt_dag.dbt_run scheduled__2023-06-21T10:06:13.287007+00:00 [queued]>
[2023-06-21T10:07:18.065+0000] {taskinstance.py:1288} INFO - 
--------------------------------------------------------------------------------
[2023-06-21T10:07:18.066+0000] {taskinstance.py:1289} INFO - Starting attempt 1 of 1
[2023-06-21T10:07:18.066+0000] {taskinstance.py:1290} INFO - 
--------------------------------------------------------------------------------
[2023-06-21T10:07:18.075+0000] {taskinstance.py:1309} INFO - Executing <Task(BashOperator): dbt_run> on 2023-06-21 10:06:13.287007+00:00
[2023-06-21T10:07:18.078+0000] {standard_task_runner.py:55} INFO - Started process 3254 to run task
[2023-06-21T10:07:18.082+0000] {standard_task_runner.py:82} INFO - Running: ['***', 'tasks', 'run', 'showpulse_dbt_dag', 'dbt_run', 'scheduled__2023-06-21T10:06:13.287007+00:00', '--job-id', '682', '--raw', '--subdir', 'DAGS_FOLDER/dbt_run.py', '--cfg-path', '/tmp/tmplbtisdyv']
[2023-06-21T10:07:18.083+0000] {standard_task_runner.py:83} INFO - Job 682: Subtask dbt_run
[2023-06-21T10:07:18.142+0000] {task_command.py:389} INFO - Running <TaskInstance: showpulse_dbt_dag.dbt_run scheduled__2023-06-21T10:06:13.287007+00:00 [running]> on host 62cfed75eae1
[2023-06-21T10:07:18.198+0000] {taskinstance.py:1518} INFO - Exporting the following env vars:
AIRFLOW_CTX_DAG_OWNER=nburkett
AIRFLOW_CTX_DAG_ID=showpulse_dbt_dag
AIRFLOW_CTX_TASK_ID=dbt_run
AIRFLOW_CTX_EXECUTION_DATE=2023-06-21T10:06:13.287007+00:00
AIRFLOW_CTX_TRY_NUMBER=1
AIRFLOW_CTX_DAG_RUN_ID=scheduled__2023-06-21T10:06:13.287007+00:00
[2023-06-21T10:07:18.200+0000] {subprocess.py:63} INFO - Tmp dir root location: 
 /tmp
[2023-06-21T10:07:18.201+0000] {subprocess.py:75} INFO - Running command: ['/bin/bash', '-c', 'cd /dbt/ticketmaster_transformation && dbt run']
[2023-06-21T10:07:18.209+0000] {subprocess.py:86} INFO - Output:
[2023-06-21T10:07:19.526+0000] {subprocess.py:93} INFO - [0m10:07:19  Running with dbt=1.5.1
[2023-06-21T10:07:20.004+0000] {subprocess.py:93} INFO - [0m10:07:20  Found 4 models, 0 tests, 0 snapshots, 0 analyses, 356 macros, 0 operations, 0 seed files, 3 sources, 0 exposures, 0 metrics, 0 groups
[2023-06-21T10:07:20.007+0000] {subprocess.py:93} INFO - [0m10:07:20
[2023-06-21T11:05:56.262+0000] {subprocess.py:93} INFO - [0m11:05:56
[2023-06-21T11:05:56.264+0000] {subprocess.py:93} INFO - [0m11:05:56  Finished running  in 0 hours 58 minutes and 36.25 seconds (3516.25s).
[2023-06-21T11:05:56.265+0000] {subprocess.py:93} INFO - [0m11:05:56  Encountered an error:
[2023-06-21T11:05:56.265+0000] {subprocess.py:93} INFO - Runtime Error
[2023-06-21T11:05:56.266+0000] {subprocess.py:93} INFO -   Deadline of 600.0s exceeded while calling target function, last exception: ('Connection aborted.', RemoteDisconnected('Remote end closed connection without response'))
[2023-06-21T11:05:56.827+0000] {subprocess.py:97} INFO - Command exited with return code 2
[2023-06-21T11:05:56.852+0000] {taskinstance.py:1776} ERROR - Task failed with exception
Traceback (most recent call last):
  File "/home/airflow/.local/lib/python3.7/site-packages/airflow/operators/bash.py", line 197, in execute
    f"Bash command failed. The command returned a non-zero exit code {result.exit_code}."
airflow.exceptions.AirflowException: Bash command failed. The command returned a non-zero exit code 2.
[2023-06-21T11:05:56.859+0000] {taskinstance.py:1332} INFO - Marking task as FAILED. dag_id=showpulse_dbt_dag, task_id=dbt_run, execution_date=20230621T100613, start_date=20230621T100718, end_date=20230621T110556
[2023-06-21T11:05:56.873+0000] {standard_task_runner.py:105} ERROR - Failed to execute job 682 for task dbt_run (Bash command failed. The command returned a non-zero exit code 2.; 3254)
[2023-06-21T11:05:56.898+0000] {local_task_job.py:212} INFO - Task exited with return code 1
[2023-06-21T11:05:56.924+0000] {taskinstance.py:2596} INFO - 0 downstream tasks scheduled from follow-on schedule check
