[0m17:43:14.228632 [debug] [MainThread]: Sending event: {'category': 'dbt', 'action': 'invocation', 'label': 'start', 'context': [<snowplow_tracker.self_describing_json.SelfDescribingJson object at 0x10e3af520>, <snowplow_tracker.self_describing_json.SelfDescribingJson object at 0x10fe1da60>, <snowplow_tracker.self_describing_json.SelfDescribingJson object at 0x10fe1d9d0>]}


============================== 17:43:14.232664 | 939307f1-8e4f-4c19-9b02-49c6301cfb8d ==============================
[0m17:43:14.232664 [info ] [MainThread]: Running with dbt=1.5.1
[0m17:43:14.233159 [debug] [MainThread]: running dbt with arguments {'printer_width': '80', 'indirect_selection': 'eager', 'log_cache_events': 'False', 'write_json': 'True', 'partial_parse': 'True', 'cache_selected_only': 'False', 'profiles_dir': '/Users/nicburkett/.dbt', 'debug': 'False', 'version_check': 'True', 'log_path': 'logs', 'fail_fast': 'False', 'warn_error': 'None', 'use_colors': 'True', 'use_experimental_parser': 'False', 'no_print': 'None', 'quiet': 'False', 'log_format': 'default', 'introspect': 'True', 'warn_error_options': 'WarnErrorOptions(include=[], exclude=[])', 'static_parser': 'True', 'target_path': 'None', 'send_anonymous_usage_stats': 'True'}
[0m17:43:14.233644 [warn ] [MainThread]: [ConfigFolderDirectory]: Unable to parse dict {'dir': PosixPath('/Users/nicburkett/.dbt')}
[0m17:43:14.233944 [info ] [MainThread]: Creating dbt configuration folder at 
[0m17:43:14.235204 [debug] [MainThread]: Starter project path: /Users/nicburkett/opt/anaconda3/lib/python3.9/site-packages/dbt/include/starter_project
[0m17:44:59.490413 [info ] [MainThread]: Profile ticketmaster_transformation written to /Users/nicburkett/.dbt/profiles.yml using target's profile_template.yml and your supplied values. Run 'dbt debug' to validate the connection.
[0m17:44:59.493096 [info ] [MainThread]: 
Your new dbt project "ticketmaster_transformation" was created!

For more information on how to configure the profiles.yml file,
please consult the dbt documentation here:

  https://docs.getdbt.com/docs/configure-your-profile

One more thing:

Need help? Don't hesitate to reach out to us via GitHub issues or on Slack:

  https://community.getdbt.com/

Happy modeling!

[0m17:44:59.495142 [debug] [MainThread]: Command `dbt init` succeeded at 17:44:59.494473 after 105.29 seconds
[0m17:44:59.495965 [debug] [MainThread]: Sending event: {'category': 'dbt', 'action': 'invocation', 'label': 'end', 'context': [<snowplow_tracker.self_describing_json.SelfDescribingJson object at 0x10e3af520>, <snowplow_tracker.self_describing_json.SelfDescribingJson object at 0x139a20a30>, <snowplow_tracker.self_describing_json.SelfDescribingJson object at 0x10e7d7940>]}
[0m17:44:59.496774 [debug] [MainThread]: Flushing usage events
[0m17:51:41.345769 [debug] [MainThread]: Sending event: {'category': 'dbt', 'action': 'invocation', 'label': 'start', 'context': [<snowplow_tracker.self_describing_json.SelfDescribingJson object at 0x110ab03d0>, <snowplow_tracker.self_describing_json.SelfDescribingJson object at 0x11251ef70>, <snowplow_tracker.self_describing_json.SelfDescribingJson object at 0x11256b040>]}


============================== 17:51:41.349932 | 77643fc4-a23e-4c7c-b728-a0d58c6af392 ==============================
[0m17:51:41.349932 [info ] [MainThread]: Running with dbt=1.5.1
[0m17:51:41.350434 [debug] [MainThread]: running dbt with arguments {'printer_width': '80', 'indirect_selection': 'eager', 'write_json': 'True', 'log_cache_events': 'False', 'partial_parse': 'True', 'cache_selected_only': 'False', 'profiles_dir': '/Users/nicburkett/.dbt', 'version_check': 'True', 'warn_error': 'None', 'log_path': 'logs', 'debug': 'False', 'fail_fast': 'False', 'use_colors': 'True', 'use_experimental_parser': 'False', 'no_print': 'None', 'quiet': 'False', 'log_format': 'default', 'static_parser': 'True', 'warn_error_options': 'WarnErrorOptions(include=[], exclude=[])', 'introspect': 'True', 'target_path': 'None', 'send_anonymous_usage_stats': 'True'}
[0m17:51:41.351034 [info ] [MainThread]: dbt version: 1.5.1
[0m17:51:41.351357 [info ] [MainThread]: python version: 3.9.16
[0m17:51:41.351612 [info ] [MainThread]: python path: /Users/nicburkett/opt/anaconda3/bin/python
[0m17:51:41.351854 [info ] [MainThread]: os info: macOS-13.3.1-x86_64-i386-64bit
[0m17:51:41.352100 [info ] [MainThread]: Using profiles.yml file at /Users/nicburkett/.dbt/profiles.yml
[0m17:51:41.352347 [info ] [MainThread]: Using dbt_project.yml file at /Users/nicburkett/Desktop/pipeline_project/dbt/dbt_project.yml
[0m17:51:41.352592 [info ] [MainThread]: Configuration:
[0m17:51:42.571873 [info ] [MainThread]:   profiles.yml file [[32mOK found and valid[0m]
[0m17:51:42.572681 [info ] [MainThread]:   dbt_project.yml file [[31mERROR not found[0m]
[0m17:51:42.573149 [info ] [MainThread]: Required dependencies:
[0m17:51:42.573482 [debug] [MainThread]: Executing "git --help"
[0m17:51:42.587619 [debug] [MainThread]: STDOUT: "b"usage: git [-v | --version] [-h | --help] [-C <path>] [-c <name>=<value>]\n           [--exec-path[=<path>]] [--html-path] [--man-path] [--info-path]\n           [-p | --paginate | -P | --no-pager] [--no-replace-objects] [--bare]\n           [--git-dir=<path>] [--work-tree=<path>] [--namespace=<name>]\n           [--config-env=<name>=<envvar>] <command> [<args>]\n\nThese are common Git commands used in various situations:\n\nstart a working area (see also: git help tutorial)\n   clone     Clone a repository into a new directory\n   init      Create an empty Git repository or reinitialize an existing one\n\nwork on the current change (see also: git help everyday)\n   add       Add file contents to the index\n   mv        Move or rename a file, a directory, or a symlink\n   restore   Restore working tree files\n   rm        Remove files from the working tree and from the index\n\nexamine the history and state (see also: git help revisions)\n   bisect    Use binary search to find the commit that introduced a bug\n   diff      Show changes between commits, commit and working tree, etc\n   grep      Print lines matching a pattern\n   log       Show commit logs\n   show      Show various types of objects\n   status    Show the working tree status\n\ngrow, mark and tweak your common history\n   branch    List, create, or delete branches\n   commit    Record changes to the repository\n   merge     Join two or more development histories together\n   rebase    Reapply commits on top of another base tip\n   reset     Reset current HEAD to the specified state\n   switch    Switch branches\n   tag       Create, list, delete or verify a tag object signed with GPG\n\ncollaborate (see also: git help workflows)\n   fetch     Download objects and refs from another repository\n   pull      Fetch from and integrate with another repository or a local branch\n   push      Update remote refs along with associated objects\n\n'git help -a' and 'git help -g' list available subcommands and some\nconcept guides. See 'git help <command>' or 'git help <concept>'\nto read about a specific subcommand or concept.\nSee 'git help git' for an overview of the system.\n""
[0m17:51:42.589069 [debug] [MainThread]: STDERR: "b''"
[0m17:51:42.589465 [info ] [MainThread]:  - git [[32mOK found[0m]

[0m17:51:42.589797 [info ] [MainThread]: Connection:
[0m17:51:42.590216 [info ] [MainThread]:   method: service-account
[0m17:51:42.590480 [info ] [MainThread]:   database: global-maxim-338114
[0m17:51:42.590734 [info ] [MainThread]:   schema: kafka-spark-data
[0m17:51:42.590976 [info ] [MainThread]:   location: US
[0m17:51:42.591225 [info ] [MainThread]:   priority: interactive
[0m17:51:42.591462 [info ] [MainThread]:   timeout_seconds: 300
[0m17:51:42.591699 [info ] [MainThread]:   maximum_bytes_billed: None
[0m17:51:42.591928 [info ] [MainThread]:   execution_project: global-maxim-338114
[0m17:51:42.592163 [info ] [MainThread]:   job_retry_deadline_seconds: None
[0m17:51:42.592393 [info ] [MainThread]:   job_retries: 1
[0m17:51:42.592624 [info ] [MainThread]:   job_creation_timeout_seconds: None
[0m17:51:42.592860 [info ] [MainThread]:   job_execution_timeout_seconds: 300
[0m17:51:42.593103 [info ] [MainThread]:   gcs_bucket: None
[0m17:51:42.604896 [debug] [MainThread]: Acquiring new bigquery connection 'debug'
[0m17:51:42.606685 [debug] [MainThread]: Opening a new connection, currently in state init
[0m17:51:42.609913 [debug] [MainThread]: On debug: select 1 as id
[0m17:51:43.888608 [debug] [MainThread]: BigQuery adapter: https://console.cloud.google.com/bigquery?project=global-maxim-338114&j=bq:US:e30f45a8-0011-4338-ace3-37cc752c82e6&page=queryresults
[0m17:51:43.890246 [info ] [MainThread]:   Connection test: [[32mOK connection ok[0m]

[0m17:51:43.891209 [info ] [MainThread]: [31m1 check failed:[0m
[0m17:51:43.891993 [info ] [MainThread]: Could not load dbt_project.yml

[0m17:51:43.894166 [debug] [MainThread]: Command `dbt debug` failed at 17:51:43.893828 after 2.58 seconds
[0m17:51:43.895353 [debug] [MainThread]: Connection 'debug' was properly closed.
[0m17:51:43.896118 [debug] [MainThread]: Sending event: {'category': 'dbt', 'action': 'invocation', 'label': 'end', 'context': [<snowplow_tracker.self_describing_json.SelfDescribingJson object at 0x110ab03d0>, <snowplow_tracker.self_describing_json.SelfDescribingJson object at 0x13c16f1c0>, <snowplow_tracker.self_describing_json.SelfDescribingJson object at 0x13c16f0d0>]}
[0m17:51:43.896961 [debug] [MainThread]: Flushing usage events
[0m14:19:09.818863 [debug] [MainThread]: Sending event: {'category': 'dbt', 'action': 'invocation', 'label': 'start', 'context': [<snowplow_tracker.self_describing_json.SelfDescribingJson object at 0x10bf05460>, <snowplow_tracker.self_describing_json.SelfDescribingJson object at 0x10d981670>, <snowplow_tracker.self_describing_json.SelfDescribingJson object at 0x10d9816a0>]}


============================== 14:19:09.822959 | c6501be8-ea70-4139-8a8d-fe2daff6dc65 ==============================
[0m14:19:09.822959 [info ] [MainThread]: Running with dbt=1.5.1
[0m14:19:09.823463 [debug] [MainThread]: running dbt with arguments {'printer_width': '80', 'indirect_selection': 'eager', 'log_cache_events': 'False', 'write_json': 'True', 'partial_parse': 'True', 'cache_selected_only': 'False', 'profiles_dir': '/Users/nicburkett/.dbt', 'fail_fast': 'False', 'version_check': 'True', 'log_path': 'logs', 'debug': 'False', 'warn_error': 'None', 'use_colors': 'True', 'use_experimental_parser': 'False', 'no_print': 'None', 'quiet': 'False', 'log_format': 'default', 'introspect': 'True', 'warn_error_options': 'WarnErrorOptions(include=[], exclude=[])', 'static_parser': 'True', 'target_path': 'None', 'send_anonymous_usage_stats': 'True'}
[0m14:19:09.823920 [error] [MainThread]: Encountered an error:
Runtime Error
  No dbt_project.yml found at expected path /Users/nicburkett/Desktop/ShowPulse_Ticketmaster/dbt/dbt_project.yml
  Verify that each entry within packages.yml (and their transitive dependencies) contains a file named dbt_project.yml
  
[0m14:19:09.824831 [debug] [MainThread]: Command `dbt run` failed at 14:19:09.824464 after 0.03 seconds
[0m14:19:09.825130 [debug] [MainThread]: Sending event: {'category': 'dbt', 'action': 'invocation', 'label': 'end', 'context': [<snowplow_tracker.self_describing_json.SelfDescribingJson object at 0x10bf05460>, <snowplow_tracker.self_describing_json.SelfDescribingJson object at 0x10d9817c0>, <snowplow_tracker.self_describing_json.SelfDescribingJson object at 0x10d9819d0>]}
[0m14:19:09.825389 [debug] [MainThread]: Flushing usage events
