[2023-06-11T21:45:16.284+0000] {processor.py:153} INFO - Started process (PID=41) to work on /opt/airflow/dags/gcs-connector-hadoop3-2.2.5.jar
[2023-06-11T21:45:16.297+0000] {processor.py:743} INFO - Processing file /opt/airflow/dags/gcs-connector-hadoop3-2.2.5.jar for tasks to queue
[2023-06-11T21:45:16.300+0000] {logging_mixin.py:137} INFO - [2023-06-11T21:45:16.300+0000] {dagbag.py:532} INFO - Filling up the DagBag from /opt/airflow/dags/gcs-connector-hadoop3-2.2.5.jar
[2023-06-11T21:45:16.435+0000] {processor.py:755} WARNING - No viable dags retrieved from /opt/airflow/dags/gcs-connector-hadoop3-2.2.5.jar
[2023-06-11T21:45:16.464+0000] {processor.py:175} INFO - Processing /opt/airflow/dags/gcs-connector-hadoop3-2.2.5.jar took 0.184 seconds
[2023-06-11T21:45:46.751+0000] {processor.py:153} INFO - Started process (PID=62) to work on /opt/airflow/dags/gcs-connector-hadoop3-2.2.5.jar
[2023-06-11T21:45:46.753+0000] {processor.py:743} INFO - Processing file /opt/airflow/dags/gcs-connector-hadoop3-2.2.5.jar for tasks to queue
[2023-06-11T21:45:46.755+0000] {logging_mixin.py:137} INFO - [2023-06-11T21:45:46.755+0000] {dagbag.py:532} INFO - Filling up the DagBag from /opt/airflow/dags/gcs-connector-hadoop3-2.2.5.jar
[2023-06-11T21:45:46.827+0000] {processor.py:755} WARNING - No viable dags retrieved from /opt/airflow/dags/gcs-connector-hadoop3-2.2.5.jar
[2023-06-11T21:45:46.840+0000] {processor.py:175} INFO - Processing /opt/airflow/dags/gcs-connector-hadoop3-2.2.5.jar took 0.097 seconds
[2023-06-11T23:49:36.403+0000] {processor.py:153} INFO - Started process (PID=43) to work on /opt/airflow/dags/gcs-connector-hadoop3-2.2.5.jar
[2023-06-11T23:49:36.405+0000] {processor.py:743} INFO - Processing file /opt/airflow/dags/gcs-connector-hadoop3-2.2.5.jar for tasks to queue
[2023-06-11T23:49:36.406+0000] {logging_mixin.py:137} INFO - [2023-06-11T23:49:36.406+0000] {dagbag.py:532} INFO - Filling up the DagBag from /opt/airflow/dags/gcs-connector-hadoop3-2.2.5.jar
[2023-06-11T23:49:36.508+0000] {processor.py:755} WARNING - No viable dags retrieved from /opt/airflow/dags/gcs-connector-hadoop3-2.2.5.jar
[2023-06-11T23:49:36.522+0000] {processor.py:175} INFO - Processing /opt/airflow/dags/gcs-connector-hadoop3-2.2.5.jar took 0.124 seconds
[2023-06-11T23:50:06.929+0000] {processor.py:153} INFO - Started process (PID=62) to work on /opt/airflow/dags/gcs-connector-hadoop3-2.2.5.jar
[2023-06-11T23:50:06.932+0000] {processor.py:743} INFO - Processing file /opt/airflow/dags/gcs-connector-hadoop3-2.2.5.jar for tasks to queue
[2023-06-11T23:50:06.934+0000] {logging_mixin.py:137} INFO - [2023-06-11T23:50:06.934+0000] {dagbag.py:532} INFO - Filling up the DagBag from /opt/airflow/dags/gcs-connector-hadoop3-2.2.5.jar
[2023-06-11T23:50:07.029+0000] {processor.py:755} WARNING - No viable dags retrieved from /opt/airflow/dags/gcs-connector-hadoop3-2.2.5.jar
[2023-06-11T23:50:07.049+0000] {processor.py:175} INFO - Processing /opt/airflow/dags/gcs-connector-hadoop3-2.2.5.jar took 0.124 seconds
[2023-06-11T23:50:37.535+0000] {processor.py:153} INFO - Started process (PID=73) to work on /opt/airflow/dags/gcs-connector-hadoop3-2.2.5.jar
[2023-06-11T23:50:37.537+0000] {processor.py:743} INFO - Processing file /opt/airflow/dags/gcs-connector-hadoop3-2.2.5.jar for tasks to queue
[2023-06-11T23:50:37.539+0000] {logging_mixin.py:137} INFO - [2023-06-11T23:50:37.539+0000] {dagbag.py:532} INFO - Filling up the DagBag from /opt/airflow/dags/gcs-connector-hadoop3-2.2.5.jar
[2023-06-11T23:50:37.626+0000] {processor.py:755} WARNING - No viable dags retrieved from /opt/airflow/dags/gcs-connector-hadoop3-2.2.5.jar
[2023-06-11T23:50:37.651+0000] {processor.py:175} INFO - Processing /opt/airflow/dags/gcs-connector-hadoop3-2.2.5.jar took 0.121 seconds
[2023-06-11T23:51:07.724+0000] {processor.py:153} INFO - Started process (PID=85) to work on /opt/airflow/dags/gcs-connector-hadoop3-2.2.5.jar
[2023-06-11T23:51:07.725+0000] {processor.py:743} INFO - Processing file /opt/airflow/dags/gcs-connector-hadoop3-2.2.5.jar for tasks to queue
[2023-06-11T23:51:07.727+0000] {logging_mixin.py:137} INFO - [2023-06-11T23:51:07.726+0000] {dagbag.py:532} INFO - Filling up the DagBag from /opt/airflow/dags/gcs-connector-hadoop3-2.2.5.jar
[2023-06-11T23:51:07.805+0000] {processor.py:755} WARNING - No viable dags retrieved from /opt/airflow/dags/gcs-connector-hadoop3-2.2.5.jar
[2023-06-11T23:51:07.830+0000] {processor.py:175} INFO - Processing /opt/airflow/dags/gcs-connector-hadoop3-2.2.5.jar took 0.112 seconds
[2023-06-11T23:54:17.212+0000] {processor.py:153} INFO - Started process (PID=89) to work on /opt/airflow/dags/gcs-connector-hadoop3-2.2.5.jar
[2023-06-11T23:54:17.213+0000] {processor.py:743} INFO - Processing file /opt/airflow/dags/gcs-connector-hadoop3-2.2.5.jar for tasks to queue
[2023-06-11T23:54:17.214+0000] {logging_mixin.py:137} INFO - [2023-06-11T23:54:17.214+0000] {dagbag.py:532} INFO - Filling up the DagBag from /opt/airflow/dags/gcs-connector-hadoop3-2.2.5.jar
[2023-06-11T23:54:17.287+0000] {processor.py:755} WARNING - No viable dags retrieved from /opt/airflow/dags/gcs-connector-hadoop3-2.2.5.jar
[2023-06-11T23:54:17.302+0000] {processor.py:175} INFO - Processing /opt/airflow/dags/gcs-connector-hadoop3-2.2.5.jar took 0.093 seconds
