[2023-06-11T23:49:35.565+0000] {processor.py:153} INFO - Started process (PID=39) to work on /opt/airflow/dags/gcs_to_bigquery.py
[2023-06-11T23:49:35.567+0000] {processor.py:743} INFO - Processing file /opt/airflow/dags/gcs_to_bigquery.py for tasks to queue
[2023-06-11T23:49:35.568+0000] {logging_mixin.py:137} INFO - [2023-06-11T23:49:35.568+0000] {dagbag.py:532} INFO - Filling up the DagBag from /opt/airflow/dags/gcs_to_bigquery.py
[2023-06-11T23:49:36.305+0000] {logging_mixin.py:137} INFO - [2023-06-11T23:49:36.302+0000] {dagbag.py:341} ERROR - Failed to import: /opt/airflow/dags/gcs_to_bigquery.py
Traceback (most recent call last):
  File "/home/airflow/.local/lib/python3.7/site-packages/airflow/models/dagbag.py", line 337, in parse
    loader.exec_module(new_module)
  File "<frozen importlib._bootstrap_external>", line 728, in exec_module
  File "<frozen importlib._bootstrap>", line 219, in _call_with_frames_removed
  File "/opt/airflow/dags/gcs_to_bigquery.py", line 37, in <module>
    move_files_task = GCSToBigQueryOperator(
NameError: name 'GCSToBigQueryOperator' is not defined
[2023-06-11T23:49:36.306+0000] {processor.py:755} WARNING - No viable dags retrieved from /opt/airflow/dags/gcs_to_bigquery.py
[2023-06-11T23:49:36.348+0000] {processor.py:175} INFO - Processing /opt/airflow/dags/gcs_to_bigquery.py took 0.786 seconds
[2023-06-11T23:49:38.557+0000] {processor.py:153} INFO - Started process (PID=44) to work on /opt/airflow/dags/gcs_to_bigquery.py
[2023-06-11T23:49:38.559+0000] {processor.py:743} INFO - Processing file /opt/airflow/dags/gcs_to_bigquery.py for tasks to queue
[2023-06-11T23:49:38.561+0000] {logging_mixin.py:137} INFO - [2023-06-11T23:49:38.561+0000] {dagbag.py:532} INFO - Filling up the DagBag from /opt/airflow/dags/gcs_to_bigquery.py
[2023-06-11T23:49:39.045+0000] {logging_mixin.py:137} INFO - [2023-06-11T23:49:39.043+0000] {dagbag.py:341} ERROR - Failed to import: /opt/airflow/dags/gcs_to_bigquery.py
Traceback (most recent call last):
  File "/home/airflow/.local/lib/python3.7/site-packages/airflow/models/dagbag.py", line 337, in parse
    loader.exec_module(new_module)
  File "<frozen importlib._bootstrap_external>", line 728, in exec_module
  File "<frozen importlib._bootstrap>", line 219, in _call_with_frames_removed
  File "/opt/airflow/dags/gcs_to_bigquery.py", line 37, in <module>
    move_files_task = GCSToBigQueryOperator(
NameError: name 'GCSToBigQueryOperator' is not defined
[2023-06-11T23:49:39.046+0000] {processor.py:755} WARNING - No viable dags retrieved from /opt/airflow/dags/gcs_to_bigquery.py
[2023-06-11T23:49:39.074+0000] {processor.py:175} INFO - Processing /opt/airflow/dags/gcs_to_bigquery.py took 0.521 seconds
[2023-06-11T23:49:43.210+0000] {processor.py:153} INFO - Started process (PID=46) to work on /opt/airflow/dags/gcs_to_bigquery.py
[2023-06-11T23:49:43.211+0000] {processor.py:743} INFO - Processing file /opt/airflow/dags/gcs_to_bigquery.py for tasks to queue
[2023-06-11T23:49:43.212+0000] {logging_mixin.py:137} INFO - [2023-06-11T23:49:43.212+0000] {dagbag.py:532} INFO - Filling up the DagBag from /opt/airflow/dags/gcs_to_bigquery.py
[2023-06-11T23:49:43.555+0000] {logging_mixin.py:137} INFO - [2023-06-11T23:49:43.553+0000] {dagbag.py:341} ERROR - Failed to import: /opt/airflow/dags/gcs_to_bigquery.py
Traceback (most recent call last):
  File "/home/airflow/.local/lib/python3.7/site-packages/airflow/models/dagbag.py", line 337, in parse
    loader.exec_module(new_module)
  File "<frozen importlib._bootstrap_external>", line 728, in exec_module
  File "<frozen importlib._bootstrap>", line 219, in _call_with_frames_removed
  File "/opt/airflow/dags/gcs_to_bigquery.py", line 37, in <module>
    move_files_task = GCSToBigQueryOperator(
NameError: name 'GCSToBigQueryOperator' is not defined
[2023-06-11T23:49:43.556+0000] {processor.py:755} WARNING - No viable dags retrieved from /opt/airflow/dags/gcs_to_bigquery.py
[2023-06-11T23:49:43.570+0000] {processor.py:175} INFO - Processing /opt/airflow/dags/gcs_to_bigquery.py took 0.364 seconds
[2023-06-11T23:49:44.233+0000] {processor.py:153} INFO - Started process (PID=48) to work on /opt/airflow/dags/gcs_to_bigquery.py
[2023-06-11T23:49:44.236+0000] {processor.py:743} INFO - Processing file /opt/airflow/dags/gcs_to_bigquery.py for tasks to queue
[2023-06-11T23:49:44.238+0000] {logging_mixin.py:137} INFO - [2023-06-11T23:49:44.238+0000] {dagbag.py:532} INFO - Filling up the DagBag from /opt/airflow/dags/gcs_to_bigquery.py
[2023-06-11T23:49:44.525+0000] {logging_mixin.py:137} INFO - [2023-06-11T23:49:44.523+0000] {dagbag.py:341} ERROR - Failed to import: /opt/airflow/dags/gcs_to_bigquery.py
Traceback (most recent call last):
  File "/home/airflow/.local/lib/python3.7/site-packages/airflow/models/dagbag.py", line 337, in parse
    loader.exec_module(new_module)
  File "<frozen importlib._bootstrap_external>", line 728, in exec_module
  File "<frozen importlib._bootstrap>", line 219, in _call_with_frames_removed
  File "/opt/airflow/dags/gcs_to_bigquery.py", line 37, in <module>
    move_files_task = GCSToBigQueryOperator(
NameError: name 'GCSToBigQueryOperator' is not defined
[2023-06-11T23:49:44.526+0000] {processor.py:755} WARNING - No viable dags retrieved from /opt/airflow/dags/gcs_to_bigquery.py
[2023-06-11T23:49:44.543+0000] {processor.py:175} INFO - Processing /opt/airflow/dags/gcs_to_bigquery.py took 0.316 seconds
[2023-06-11T23:49:51.351+0000] {processor.py:153} INFO - Started process (PID=50) to work on /opt/airflow/dags/gcs_to_bigquery.py
[2023-06-11T23:49:51.353+0000] {processor.py:743} INFO - Processing file /opt/airflow/dags/gcs_to_bigquery.py for tasks to queue
[2023-06-11T23:49:51.355+0000] {logging_mixin.py:137} INFO - [2023-06-11T23:49:51.355+0000] {dagbag.py:532} INFO - Filling up the DagBag from /opt/airflow/dags/gcs_to_bigquery.py
[2023-06-11T23:49:51.649+0000] {logging_mixin.py:137} INFO - [2023-06-11T23:49:51.647+0000] {dagbag.py:341} ERROR - Failed to import: /opt/airflow/dags/gcs_to_bigquery.py
Traceback (most recent call last):
  File "/home/airflow/.local/lib/python3.7/site-packages/airflow/models/dagbag.py", line 337, in parse
    loader.exec_module(new_module)
  File "<frozen importlib._bootstrap_external>", line 728, in exec_module
  File "<frozen importlib._bootstrap>", line 219, in _call_with_frames_removed
  File "/opt/airflow/dags/gcs_to_bigquery.py", line 37, in <module>
    move_files_task = GCSToBigQueryOperator(
NameError: name 'GCSToBigQueryOperator' is not defined
[2023-06-11T23:49:51.650+0000] {processor.py:755} WARNING - No viable dags retrieved from /opt/airflow/dags/gcs_to_bigquery.py
[2023-06-11T23:49:51.664+0000] {processor.py:175} INFO - Processing /opt/airflow/dags/gcs_to_bigquery.py took 0.320 seconds
[2023-06-11T23:49:52.695+0000] {processor.py:153} INFO - Started process (PID=52) to work on /opt/airflow/dags/gcs_to_bigquery.py
[2023-06-11T23:49:52.697+0000] {processor.py:743} INFO - Processing file /opt/airflow/dags/gcs_to_bigquery.py for tasks to queue
[2023-06-11T23:49:52.698+0000] {logging_mixin.py:137} INFO - [2023-06-11T23:49:52.698+0000] {dagbag.py:532} INFO - Filling up the DagBag from /opt/airflow/dags/gcs_to_bigquery.py
[2023-06-11T23:49:52.985+0000] {logging_mixin.py:137} INFO - [2023-06-11T23:49:52.983+0000] {dagbag.py:341} ERROR - Failed to import: /opt/airflow/dags/gcs_to_bigquery.py
Traceback (most recent call last):
  File "/home/airflow/.local/lib/python3.7/site-packages/airflow/models/dagbag.py", line 337, in parse
    loader.exec_module(new_module)
  File "<frozen importlib._bootstrap_external>", line 728, in exec_module
  File "<frozen importlib._bootstrap>", line 219, in _call_with_frames_removed
  File "/opt/airflow/dags/gcs_to_bigquery.py", line 37, in <module>
    move_files_task = GCSToBigQueryOperator(
NameError: name 'GCSToBigQueryOperator' is not defined
[2023-06-11T23:49:52.986+0000] {processor.py:755} WARNING - No viable dags retrieved from /opt/airflow/dags/gcs_to_bigquery.py
[2023-06-11T23:49:53.000+0000] {processor.py:175} INFO - Processing /opt/airflow/dags/gcs_to_bigquery.py took 0.311 seconds
[2023-06-11T23:50:23.325+0000] {processor.py:153} INFO - Started process (PID=64) to work on /opt/airflow/dags/gcs_to_bigquery.py
[2023-06-11T23:50:23.330+0000] {processor.py:743} INFO - Processing file /opt/airflow/dags/gcs_to_bigquery.py for tasks to queue
[2023-06-11T23:50:23.332+0000] {logging_mixin.py:137} INFO - [2023-06-11T23:50:23.331+0000] {dagbag.py:532} INFO - Filling up the DagBag from /opt/airflow/dags/gcs_to_bigquery.py
[2023-06-11T23:50:23.633+0000] {logging_mixin.py:137} INFO - [2023-06-11T23:50:23.632+0000] {dagbag.py:341} ERROR - Failed to import: /opt/airflow/dags/gcs_to_bigquery.py
Traceback (most recent call last):
  File "/home/airflow/.local/lib/python3.7/site-packages/airflow/models/dagbag.py", line 337, in parse
    loader.exec_module(new_module)
  File "<frozen importlib._bootstrap_external>", line 728, in exec_module
  File "<frozen importlib._bootstrap>", line 219, in _call_with_frames_removed
  File "/opt/airflow/dags/gcs_to_bigquery.py", line 37, in <module>
    move_files_task = GCSToBigQueryOperator(
NameError: name 'GCSToBigQueryOperator' is not defined
[2023-06-11T23:50:23.634+0000] {processor.py:755} WARNING - No viable dags retrieved from /opt/airflow/dags/gcs_to_bigquery.py
[2023-06-11T23:50:23.649+0000] {processor.py:175} INFO - Processing /opt/airflow/dags/gcs_to_bigquery.py took 0.332 seconds
[2023-06-11T23:50:54.160+0000] {processor.py:153} INFO - Started process (PID=76) to work on /opt/airflow/dags/gcs_to_bigquery.py
[2023-06-11T23:50:54.163+0000] {processor.py:743} INFO - Processing file /opt/airflow/dags/gcs_to_bigquery.py for tasks to queue
[2023-06-11T23:50:54.165+0000] {logging_mixin.py:137} INFO - [2023-06-11T23:50:54.165+0000] {dagbag.py:532} INFO - Filling up the DagBag from /opt/airflow/dags/gcs_to_bigquery.py
[2023-06-11T23:50:54.496+0000] {logging_mixin.py:137} INFO - [2023-06-11T23:50:54.494+0000] {dagbag.py:341} ERROR - Failed to import: /opt/airflow/dags/gcs_to_bigquery.py
Traceback (most recent call last):
  File "/home/airflow/.local/lib/python3.7/site-packages/airflow/models/dagbag.py", line 337, in parse
    loader.exec_module(new_module)
  File "<frozen importlib._bootstrap_external>", line 728, in exec_module
  File "<frozen importlib._bootstrap>", line 219, in _call_with_frames_removed
  File "/opt/airflow/dags/gcs_to_bigquery.py", line 37, in <module>
    move_files_task = GCSToBigQueryOperator(
NameError: name 'GCSToBigQueryOperator' is not defined
[2023-06-11T23:50:54.497+0000] {processor.py:755} WARNING - No viable dags retrieved from /opt/airflow/dags/gcs_to_bigquery.py
[2023-06-11T23:50:54.510+0000] {processor.py:175} INFO - Processing /opt/airflow/dags/gcs_to_bigquery.py took 0.357 seconds
[2023-06-11T23:54:17.209+0000] {processor.py:153} INFO - Started process (PID=88) to work on /opt/airflow/dags/gcs_to_bigquery.py
[2023-06-11T23:54:17.210+0000] {processor.py:743} INFO - Processing file /opt/airflow/dags/gcs_to_bigquery.py for tasks to queue
[2023-06-11T23:54:17.211+0000] {logging_mixin.py:137} INFO - [2023-06-11T23:54:17.211+0000] {dagbag.py:532} INFO - Filling up the DagBag from /opt/airflow/dags/gcs_to_bigquery.py
[2023-06-11T23:54:17.611+0000] {logging_mixin.py:137} INFO - [2023-06-11T23:54:17.609+0000] {dagbag.py:341} ERROR - Failed to import: /opt/airflow/dags/gcs_to_bigquery.py
Traceback (most recent call last):
  File "/home/airflow/.local/lib/python3.7/site-packages/airflow/models/dagbag.py", line 337, in parse
    loader.exec_module(new_module)
  File "<frozen importlib._bootstrap_external>", line 728, in exec_module
  File "<frozen importlib._bootstrap>", line 219, in _call_with_frames_removed
  File "/opt/airflow/dags/gcs_to_bigquery.py", line 37, in <module>
    move_files_task = GCSToBigQueryOperator(
NameError: name 'GCSToBigQueryOperator' is not defined
[2023-06-11T23:54:17.612+0000] {processor.py:755} WARNING - No viable dags retrieved from /opt/airflow/dags/gcs_to_bigquery.py
[2023-06-11T23:54:17.625+0000] {processor.py:175} INFO - Processing /opt/airflow/dags/gcs_to_bigquery.py took 0.419 seconds
