[2023-06-21T04:01:24.099+0000] {taskinstance.py:1090} INFO - Dependencies all met for dep_context=non-requeueable deps ti=<TaskInstance: showpulse_dbt_dag.dbt_run scheduled__2023-06-21T03:50:30.138967+00:00 [queued]>
[2023-06-21T04:01:24.106+0000] {taskinstance.py:1090} INFO - Dependencies all met for dep_context=requeueable deps ti=<TaskInstance: showpulse_dbt_dag.dbt_run scheduled__2023-06-21T03:50:30.138967+00:00 [queued]>
[2023-06-21T04:01:24.106+0000] {taskinstance.py:1288} INFO - 
--------------------------------------------------------------------------------
[2023-06-21T04:01:24.107+0000] {taskinstance.py:1289} INFO - Starting attempt 1 of 1
[2023-06-21T04:01:24.107+0000] {taskinstance.py:1290} INFO - 
--------------------------------------------------------------------------------
[2023-06-21T04:01:24.115+0000] {taskinstance.py:1309} INFO - Executing <Task(BashOperator): dbt_run> on 2023-06-21 03:50:30.138967+00:00
[2023-06-21T04:01:24.119+0000] {standard_task_runner.py:55} INFO - Started process 2763 to run task
[2023-06-21T04:01:24.122+0000] {standard_task_runner.py:82} INFO - Running: ['***', 'tasks', 'run', 'showpulse_dbt_dag', 'dbt_run', 'scheduled__2023-06-21T03:50:30.138967+00:00', '--job-id', '626', '--raw', '--subdir', 'DAGS_FOLDER/dbt_run.py', '--cfg-path', '/tmp/tmpzza27igb']
[2023-06-21T04:01:24.123+0000] {standard_task_runner.py:83} INFO - Job 626: Subtask dbt_run
[2023-06-21T04:01:24.176+0000] {task_command.py:389} INFO - Running <TaskInstance: showpulse_dbt_dag.dbt_run scheduled__2023-06-21T03:50:30.138967+00:00 [running]> on host 62cfed75eae1
[2023-06-21T04:01:24.225+0000] {taskinstance.py:1518} INFO - Exporting the following env vars:
AIRFLOW_CTX_DAG_OWNER=nburkett
AIRFLOW_CTX_DAG_ID=showpulse_dbt_dag
AIRFLOW_CTX_TASK_ID=dbt_run
AIRFLOW_CTX_EXECUTION_DATE=2023-06-21T03:50:30.138967+00:00
AIRFLOW_CTX_TRY_NUMBER=1
AIRFLOW_CTX_DAG_RUN_ID=scheduled__2023-06-21T03:50:30.138967+00:00
[2023-06-21T04:01:24.226+0000] {subprocess.py:63} INFO - Tmp dir root location: 
 /tmp
[2023-06-21T04:01:24.227+0000] {subprocess.py:75} INFO - Running command: ['/bin/bash', '-c', 'cd /dbt/ticketmaster_transformation && dbt run']
[2023-06-21T04:01:24.235+0000] {subprocess.py:86} INFO - Output:
[2023-06-21T04:01:26.050+0000] {subprocess.py:93} INFO - [0m04:01:26  Running with dbt=1.5.1
[2023-06-21T04:01:26.547+0000] {subprocess.py:93} INFO - [0m04:01:26  Found 4 models, 0 tests, 0 snapshots, 0 analyses, 356 macros, 0 operations, 0 seed files, 3 sources, 0 exposures, 0 metrics, 0 groups
[2023-06-21T04:01:26.550+0000] {subprocess.py:93} INFO - [0m04:01:26
[2023-06-21T04:01:27.820+0000] {subprocess.py:93} INFO - [0m04:01:27  Concurrency: 4 threads (target='dev')
[2023-06-21T04:01:27.823+0000] {subprocess.py:93} INFO - [0m04:01:27
[2023-06-21T04:01:27.839+0000] {subprocess.py:93} INFO - [0m04:01:27  1 of 4 START sql table model twitter_kafka_pyspark_test.distinct_data .......... [RUN]
[2023-06-21T04:01:27.842+0000] {subprocess.py:93} INFO - [0m04:01:27  2 of 4 START sql table model twitter_kafka_pyspark_test.dm_events .............. [RUN]
[2023-06-21T04:01:27.846+0000] {subprocess.py:93} INFO - [0m04:01:27  3 of 4 START sql table model twitter_kafka_pyspark_test.my_first_dbt_model ..... [RUN]
[2023-06-21T04:01:30.946+0000] {subprocess.py:93} INFO - [0m04:01:30  3 of 4 OK created sql table model twitter_kafka_pyspark_test.my_first_dbt_model  [[32mCREATE TABLE (2.0 rows, 0 processed)[0m in 3.09s]
[2023-06-21T04:01:30.954+0000] {subprocess.py:93} INFO - [0m04:01:30  4 of 4 START sql view model twitter_kafka_pyspark_test.my_second_dbt_model ..... [RUN]
[2023-06-21T04:01:31.374+0000] {subprocess.py:93} INFO - [0m04:01:31  2 of 4 OK created sql table model twitter_kafka_pyspark_test.dm_events ......... [[32mCREATE TABLE (1.3k rows, 178.2 KiB processed)[0m in 3.52s]
[2023-06-21T04:01:31.670+0000] {subprocess.py:93} INFO - [0m04:01:31  1 of 4 OK created sql table model twitter_kafka_pyspark_test.distinct_data ..... [[32mCREATE TABLE (1.1k rows, 638.3 KiB processed)[0m in 3.82s]
[2023-06-21T04:01:32.324+0000] {subprocess.py:93} INFO - [0m04:01:32  4 of 4 OK created sql view model twitter_kafka_pyspark_test.my_second_dbt_model  [[32mCREATE VIEW (0 processed)[0m in 1.36s]
[2023-06-21T04:01:32.378+0000] {subprocess.py:93} INFO - [0m04:01:32
[2023-06-21T04:01:32.381+0000] {subprocess.py:93} INFO - [0m04:01:32  Finished running 3 table models, 1 view model in 0 hours 0 minutes and 5.83 seconds (5.83s).
[2023-06-21T04:01:32.412+0000] {subprocess.py:93} INFO - [0m04:01:32
[2023-06-21T04:01:32.414+0000] {subprocess.py:93} INFO - [0m04:01:32  [32mCompleted successfully[0m
[2023-06-21T04:01:32.415+0000] {subprocess.py:93} INFO - [0m04:01:32
[2023-06-21T04:01:32.417+0000] {subprocess.py:93} INFO - [0m04:01:32  Done. PASS=4 WARN=0 ERROR=0 SKIP=0 TOTAL=4
[2023-06-21T04:01:32.868+0000] {subprocess.py:97} INFO - Command exited with return code 0
[2023-06-21T04:01:32.897+0000] {taskinstance.py:1332} INFO - Marking task as SUCCESS. dag_id=showpulse_dbt_dag, task_id=dbt_run, execution_date=20230621T035030, start_date=20230621T040124, end_date=20230621T040132
[2023-06-21T04:01:32.941+0000] {local_task_job.py:212} INFO - Task exited with return code 0
[2023-06-21T04:01:32.956+0000] {taskinstance.py:2596} INFO - 0 downstream tasks scheduled from follow-on schedule check
