[2023-05-13T22:15:17.187+0000] {taskinstance.py:1090} INFO - Dependencies all met for dep_context=non-requeueable deps ti=<TaskInstance: ny_taxi_local.get_data.bash_get_data manual__2023-05-13T22:04:50.503248+00:00 [queued]>
[2023-05-13T22:15:17.194+0000] {taskinstance.py:1090} INFO - Dependencies all met for dep_context=requeueable deps ti=<TaskInstance: ny_taxi_local.get_data.bash_get_data manual__2023-05-13T22:04:50.503248+00:00 [queued]>
[2023-05-13T22:15:17.194+0000] {taskinstance.py:1288} INFO - 
--------------------------------------------------------------------------------
[2023-05-13T22:15:17.195+0000] {taskinstance.py:1289} INFO - Starting attempt 1 of 1
[2023-05-13T22:15:17.195+0000] {taskinstance.py:1290} INFO - 
--------------------------------------------------------------------------------
[2023-05-13T22:15:17.204+0000] {taskinstance.py:1309} INFO - Executing <Task(_PythonDecoratedOperator): get_data.bash_get_data> on 2023-05-13 22:04:50.503248+00:00
[2023-05-13T22:15:17.208+0000] {standard_task_runner.py:55} INFO - Started process 2403 to run task
[2023-05-13T22:15:17.211+0000] {standard_task_runner.py:82} INFO - Running: ['***', 'tasks', 'run', 'ny_taxi_local', 'get_data.bash_get_data', 'manual__2023-05-13T22:04:50.503248+00:00', '--job-id', '75', '--raw', '--subdir', 'DAGS_FOLDER/fetch_and_upload.py', '--cfg-path', '/tmp/tmpbazblesm']
[2023-05-13T22:15:17.214+0000] {standard_task_runner.py:83} INFO - Job 75: Subtask get_data.bash_get_data
[2023-05-13T22:15:17.267+0000] {task_command.py:389} INFO - Running <TaskInstance: ny_taxi_local.get_data.bash_get_data manual__2023-05-13T22:04:50.503248+00:00 [running]> on host fdfc81637e26
[2023-05-13T22:15:17.315+0000] {taskinstance.py:1518} INFO - Exporting the following env vars:
AIRFLOW_CTX_DAG_OWNER=***
AIRFLOW_CTX_DAG_ID=ny_taxi_local
AIRFLOW_CTX_TASK_ID=get_data.bash_get_data
AIRFLOW_CTX_EXECUTION_DATE=2023-05-13T22:04:50.503248+00:00
AIRFLOW_CTX_TRY_NUMBER=1
AIRFLOW_CTX_DAG_RUN_ID=manual__2023-05-13T22:04:50.503248+00:00
[2023-05-13T22:15:17.317+0000] {subprocess.py:63} INFO - Tmp dir root location: 
 /tmp
[2023-05-13T22:15:17.318+0000] {subprocess.py:75} INFO - Running command: ['/bin/bash', '-c', 'curl -sSL https://d37ci6vzurychx.cloudfront.net/trip-data/yellow_tripdata_2021-01.csv.gz > /opt/***/yellow_tripdata_2021-01.csv.gz']
[2023-05-13T22:15:17.328+0000] {subprocess.py:86} INFO - Output:
[2023-05-13T22:15:17.565+0000] {subprocess.py:97} INFO - Command exited with return code 0
[2023-05-13T22:15:17.572+0000] {python.py:177} INFO - Done. Returned value was: /opt/***/yellow_tripdata_2023-05-13-22-15-17.csv.gz
[2023-05-13T22:15:17.617+0000] {taskinstance.py:1332} INFO - Marking task as SUCCESS. dag_id=ny_taxi_local, task_id=get_data.bash_get_data, execution_date=20230513T220450, start_date=20230513T221517, end_date=20230513T221517
[2023-05-13T22:15:17.676+0000] {local_task_job.py:212} INFO - Task exited with return code 0
[2023-05-13T22:15:17.693+0000] {taskinstance.py:2596} INFO - 0 downstream tasks scheduled from follow-on schedule check
