[2023-06-22T01:03:36.207+0000] {taskinstance.py:1090} INFO - Dependencies all met for dep_context=non-requeueable deps ti=<TaskInstance: showpulse_dbt_dag.dbt_run scheduled__2023-06-22T01:02:32.430820+00:00 [queued]>
[2023-06-22T01:03:36.213+0000] {taskinstance.py:1090} INFO - Dependencies all met for dep_context=requeueable deps ti=<TaskInstance: showpulse_dbt_dag.dbt_run scheduled__2023-06-22T01:02:32.430820+00:00 [queued]>
[2023-06-22T01:03:36.213+0000] {taskinstance.py:1288} INFO - 
--------------------------------------------------------------------------------
[2023-06-22T01:03:36.214+0000] {taskinstance.py:1289} INFO - Starting attempt 1 of 1
[2023-06-22T01:03:36.214+0000] {taskinstance.py:1290} INFO - 
--------------------------------------------------------------------------------
[2023-06-22T01:03:36.222+0000] {taskinstance.py:1309} INFO - Executing <Task(BashOperator): dbt_run> on 2023-06-22 01:02:32.430820+00:00
[2023-06-22T01:03:36.226+0000] {standard_task_runner.py:55} INFO - Started process 11970 to run task
[2023-06-22T01:03:36.229+0000] {standard_task_runner.py:82} INFO - Running: ['***', 'tasks', 'run', 'showpulse_dbt_dag', 'dbt_run', 'scheduled__2023-06-22T01:02:32.430820+00:00', '--job-id', '1494', '--raw', '--subdir', 'DAGS_FOLDER/dbt_run.py', '--cfg-path', '/tmp/tmp7att4exe']
[2023-06-22T01:03:36.230+0000] {standard_task_runner.py:83} INFO - Job 1494: Subtask dbt_run
[2023-06-22T01:03:36.281+0000] {task_command.py:389} INFO - Running <TaskInstance: showpulse_dbt_dag.dbt_run scheduled__2023-06-22T01:02:32.430820+00:00 [running]> on host 62cfed75eae1
[2023-06-22T01:03:36.330+0000] {taskinstance.py:1518} INFO - Exporting the following env vars:
AIRFLOW_CTX_DAG_OWNER=nburkett
AIRFLOW_CTX_DAG_ID=showpulse_dbt_dag
AIRFLOW_CTX_TASK_ID=dbt_run
AIRFLOW_CTX_EXECUTION_DATE=2023-06-22T01:02:32.430820+00:00
AIRFLOW_CTX_TRY_NUMBER=1
AIRFLOW_CTX_DAG_RUN_ID=scheduled__2023-06-22T01:02:32.430820+00:00
[2023-06-22T01:03:36.332+0000] {subprocess.py:63} INFO - Tmp dir root location: 
 /tmp
[2023-06-22T01:03:36.332+0000] {subprocess.py:75} INFO - Running command: ['/bin/bash', '-c', 'cd /dbt/ticketmaster_transformation && dbt run']
[2023-06-22T01:03:36.340+0000] {subprocess.py:86} INFO - Output:
[2023-06-22T01:03:37.548+0000] {subprocess.py:93} INFO - [0m01:03:37  Running with dbt=1.5.1
[2023-06-22T01:03:38.016+0000] {subprocess.py:93} INFO - [0m01:03:38  Found 4 models, 0 tests, 0 snapshots, 0 analyses, 356 macros, 0 operations, 0 seed files, 3 sources, 0 exposures, 0 metrics, 0 groups
[2023-06-22T01:03:38.019+0000] {subprocess.py:93} INFO - [0m01:03:38
[2023-06-22T01:03:38.941+0000] {subprocess.py:93} INFO - [0m01:03:38  Concurrency: 4 threads (target='dev')
[2023-06-22T01:03:38.943+0000] {subprocess.py:93} INFO - [0m01:03:38
[2023-06-22T01:03:38.953+0000] {subprocess.py:93} INFO - [0m01:03:38  1 of 4 START sql table model twitter_kafka_pyspark_test.distinct_data .......... [RUN]
[2023-06-22T01:03:38.956+0000] {subprocess.py:93} INFO - [0m01:03:38  3 of 4 START sql table model twitter_kafka_pyspark_test.my_first_dbt_model ..... [RUN]
[2023-06-22T01:03:38.957+0000] {subprocess.py:93} INFO - [0m01:03:38  2 of 4 START sql table model twitter_kafka_pyspark_test.dm_events .............. [RUN]
[2023-06-22T01:03:41.871+0000] {subprocess.py:93} INFO - [0m01:03:41  3 of 4 OK created sql table model twitter_kafka_pyspark_test.my_first_dbt_model  [[32mCREATE TABLE (2.0 rows, 0 processed)[0m in 2.91s]
[2023-06-22T01:03:41.878+0000] {subprocess.py:93} INFO - [0m01:03:41  4 of 4 START sql view model twitter_kafka_pyspark_test.my_second_dbt_model ..... [RUN]
[2023-06-22T01:03:42.029+0000] {subprocess.py:93} INFO - [0m01:03:42  2 of 4 OK created sql table model twitter_kafka_pyspark_test.dm_events ......... [[32mCREATE TABLE (1.3k rows, 178.2 KiB processed)[0m in 3.07s]
[2023-06-22T01:03:42.283+0000] {subprocess.py:93} INFO - [0m01:03:42  1 of 4 OK created sql table model twitter_kafka_pyspark_test.distinct_data ..... [[32mCREATE TABLE (1.1k rows, 638.3 KiB processed)[0m in 3.33s]
[2023-06-22T01:03:42.944+0000] {subprocess.py:93} INFO - [0m01:03:42  4 of 4 OK created sql view model twitter_kafka_pyspark_test.my_second_dbt_model  [[32mCREATE VIEW (0 processed)[0m in 1.06s]
[2023-06-22T01:03:43.055+0000] {subprocess.py:93} INFO - [0m01:03:43
[2023-06-22T01:03:43.058+0000] {subprocess.py:93} INFO - [0m01:03:43  Finished running 3 table models, 1 view model in 0 hours 0 minutes and 5.03 seconds (5.03s).
[2023-06-22T01:03:43.092+0000] {subprocess.py:93} INFO - [0m01:03:43
[2023-06-22T01:03:43.094+0000] {subprocess.py:93} INFO - [0m01:03:43  [32mCompleted successfully[0m
[2023-06-22T01:03:43.096+0000] {subprocess.py:93} INFO - [0m01:03:43
[2023-06-22T01:03:43.099+0000] {subprocess.py:93} INFO - [0m01:03:43  Done. PASS=4 WARN=0 ERROR=0 SKIP=0 TOTAL=4
[2023-06-22T01:03:43.519+0000] {subprocess.py:97} INFO - Command exited with return code 0
[2023-06-22T01:03:43.542+0000] {taskinstance.py:1332} INFO - Marking task as SUCCESS. dag_id=showpulse_dbt_dag, task_id=dbt_run, execution_date=20230622T010232, start_date=20230622T010336, end_date=20230622T010343
[2023-06-22T01:03:43.605+0000] {local_task_job.py:212} INFO - Task exited with return code 0
[2023-06-22T01:03:43.620+0000] {taskinstance.py:2596} INFO - 0 downstream tasks scheduled from follow-on schedule check
