[2023-06-21T00:55:47.723+0000] {taskinstance.py:1090} INFO - Dependencies all met for dep_context=non-requeueable deps ti=<TaskInstance: showpulse_dbt_dag.dbt_run scheduled__2023-06-21T00:54:43.539608+00:00 [queued]>
[2023-06-21T00:55:47.729+0000] {taskinstance.py:1090} INFO - Dependencies all met for dep_context=requeueable deps ti=<TaskInstance: showpulse_dbt_dag.dbt_run scheduled__2023-06-21T00:54:43.539608+00:00 [queued]>
[2023-06-21T00:55:47.730+0000] {taskinstance.py:1288} INFO - 
--------------------------------------------------------------------------------
[2023-06-21T00:55:47.730+0000] {taskinstance.py:1289} INFO - Starting attempt 1 of 1
[2023-06-21T00:55:47.731+0000] {taskinstance.py:1290} INFO - 
--------------------------------------------------------------------------------
[2023-06-21T00:55:47.738+0000] {taskinstance.py:1309} INFO - Executing <Task(BashOperator): dbt_run> on 2023-06-21 00:54:43.539608+00:00
[2023-06-21T00:55:47.742+0000] {standard_task_runner.py:55} INFO - Started process 1743 to run task
[2023-06-21T00:55:47.746+0000] {standard_task_runner.py:82} INFO - Running: ['***', 'tasks', 'run', 'showpulse_dbt_dag', 'dbt_run', 'scheduled__2023-06-21T00:54:43.539608+00:00', '--job-id', '518', '--raw', '--subdir', 'DAGS_FOLDER/dbt_run.py', '--cfg-path', '/tmp/tmpad5lkds3']
[2023-06-21T00:55:47.746+0000] {standard_task_runner.py:83} INFO - Job 518: Subtask dbt_run
[2023-06-21T00:55:47.803+0000] {task_command.py:389} INFO - Running <TaskInstance: showpulse_dbt_dag.dbt_run scheduled__2023-06-21T00:54:43.539608+00:00 [running]> on host 62cfed75eae1
[2023-06-21T00:55:47.854+0000] {taskinstance.py:1518} INFO - Exporting the following env vars:
AIRFLOW_CTX_DAG_OWNER=nburkett
AIRFLOW_CTX_DAG_ID=showpulse_dbt_dag
AIRFLOW_CTX_TASK_ID=dbt_run
AIRFLOW_CTX_EXECUTION_DATE=2023-06-21T00:54:43.539608+00:00
AIRFLOW_CTX_TRY_NUMBER=1
AIRFLOW_CTX_DAG_RUN_ID=scheduled__2023-06-21T00:54:43.539608+00:00
[2023-06-21T00:55:47.855+0000] {subprocess.py:63} INFO - Tmp dir root location: 
 /tmp
[2023-06-21T00:55:47.856+0000] {subprocess.py:75} INFO - Running command: ['/bin/bash', '-c', 'cd /dbt/ticketmaster_transformation && dbt run']
[2023-06-21T00:55:47.864+0000] {subprocess.py:86} INFO - Output:
[2023-06-21T00:55:49.158+0000] {subprocess.py:93} INFO - [0m00:55:49  Running with dbt=1.5.1
[2023-06-21T00:55:49.668+0000] {subprocess.py:93} INFO - [0m00:55:49  Found 4 models, 0 tests, 0 snapshots, 0 analyses, 356 macros, 0 operations, 0 seed files, 3 sources, 0 exposures, 0 metrics, 0 groups
[2023-06-21T00:55:49.671+0000] {subprocess.py:93} INFO - [0m00:55:49
[2023-06-21T00:55:50.532+0000] {subprocess.py:93} INFO - [0m00:55:50  Concurrency: 4 threads (target='dev')
[2023-06-21T00:55:50.535+0000] {subprocess.py:93} INFO - [0m00:55:50
[2023-06-21T00:55:50.552+0000] {subprocess.py:93} INFO - [0m00:55:50  1 of 4 START sql table model twitter_kafka_pyspark_test.distinct_data .......... [RUN]
[2023-06-21T00:55:50.555+0000] {subprocess.py:93} INFO - [0m00:55:50  2 of 4 START sql table model twitter_kafka_pyspark_test.dm_events .............. [RUN]
[2023-06-21T00:55:50.558+0000] {subprocess.py:93} INFO - [0m00:55:50  3 of 4 START sql table model twitter_kafka_pyspark_test.my_first_dbt_model ..... [RUN]
[2023-06-21T00:55:53.413+0000] {subprocess.py:93} INFO - [0m00:55:53  3 of 4 OK created sql table model twitter_kafka_pyspark_test.my_first_dbt_model  [[32mCREATE TABLE (2.0 rows, 0 processed)[0m in 2.85s]
[2023-06-21T00:55:53.421+0000] {subprocess.py:93} INFO - [0m00:55:53  4 of 4 START sql view model twitter_kafka_pyspark_test.my_second_dbt_model ..... [RUN]
[2023-06-21T00:55:53.637+0000] {subprocess.py:93} INFO - [0m00:55:53  2 of 4 OK created sql table model twitter_kafka_pyspark_test.dm_events ......... [[32mCREATE TABLE (1.3k rows, 178.2 KiB processed)[0m in 3.07s]
[2023-06-21T00:55:53.993+0000] {subprocess.py:93} INFO - [0m00:55:53  1 of 4 OK created sql table model twitter_kafka_pyspark_test.distinct_data ..... [[32mCREATE TABLE (1.1k rows, 638.3 KiB processed)[0m in 3.42s]
[2023-06-21T00:55:54.311+0000] {subprocess.py:93} INFO - [0m00:55:54  4 of 4 OK created sql view model twitter_kafka_pyspark_test.my_second_dbt_model  [[32mCREATE VIEW (0 processed)[0m in 0.89s]
[2023-06-21T00:55:54.421+0000] {subprocess.py:93} INFO - [0m00:55:54
[2023-06-21T00:55:54.422+0000] {subprocess.py:93} INFO - [0m00:55:54  Finished running 3 table models, 1 view model in 0 hours 0 minutes and 4.75 seconds (4.75s).
[2023-06-21T00:55:54.438+0000] {subprocess.py:93} INFO - [0m00:55:54
[2023-06-21T00:55:54.440+0000] {subprocess.py:93} INFO - [0m00:55:54  [32mCompleted successfully[0m
[2023-06-21T00:55:54.441+0000] {subprocess.py:93} INFO - [0m00:55:54
[2023-06-21T00:55:54.442+0000] {subprocess.py:93} INFO - [0m00:55:54  Done. PASS=4 WARN=0 ERROR=0 SKIP=0 TOTAL=4
[2023-06-21T00:55:54.973+0000] {subprocess.py:97} INFO - Command exited with return code 0
[2023-06-21T00:55:55.000+0000] {taskinstance.py:1332} INFO - Marking task as SUCCESS. dag_id=showpulse_dbt_dag, task_id=dbt_run, execution_date=20230621T005443, start_date=20230621T005547, end_date=20230621T005555
[2023-06-21T00:55:55.034+0000] {local_task_job.py:212} INFO - Task exited with return code 0
[2023-06-21T00:55:55.049+0000] {taskinstance.py:2596} INFO - 0 downstream tasks scheduled from follow-on schedule check
