[2023-06-22T00:52:36.527+0000] {taskinstance.py:1090} INFO - Dependencies all met for dep_context=non-requeueable deps ti=<TaskInstance: showpulse_dbt_dag.dbt_run scheduled__2023-06-22T00:51:32.430820+00:00 [queued]>
[2023-06-22T00:52:36.534+0000] {taskinstance.py:1090} INFO - Dependencies all met for dep_context=requeueable deps ti=<TaskInstance: showpulse_dbt_dag.dbt_run scheduled__2023-06-22T00:51:32.430820+00:00 [queued]>
[2023-06-22T00:52:36.535+0000] {taskinstance.py:1288} INFO - 
--------------------------------------------------------------------------------
[2023-06-22T00:52:36.535+0000] {taskinstance.py:1289} INFO - Starting attempt 1 of 1
[2023-06-22T00:52:36.536+0000] {taskinstance.py:1290} INFO - 
--------------------------------------------------------------------------------
[2023-06-22T00:52:36.545+0000] {taskinstance.py:1309} INFO - Executing <Task(BashOperator): dbt_run> on 2023-06-22 00:51:32.430820+00:00
[2023-06-22T00:52:36.548+0000] {standard_task_runner.py:55} INFO - Started process 11421 to run task
[2023-06-22T00:52:36.553+0000] {standard_task_runner.py:82} INFO - Running: ['***', 'tasks', 'run', 'showpulse_dbt_dag', 'dbt_run', 'scheduled__2023-06-22T00:51:32.430820+00:00', '--job-id', '1450', '--raw', '--subdir', 'DAGS_FOLDER/dbt_run.py', '--cfg-path', '/tmp/tmp57iayapx']
[2023-06-22T00:52:36.554+0000] {standard_task_runner.py:83} INFO - Job 1450: Subtask dbt_run
[2023-06-22T00:52:36.616+0000] {task_command.py:389} INFO - Running <TaskInstance: showpulse_dbt_dag.dbt_run scheduled__2023-06-22T00:51:32.430820+00:00 [running]> on host 62cfed75eae1
[2023-06-22T00:52:36.676+0000] {taskinstance.py:1518} INFO - Exporting the following env vars:
AIRFLOW_CTX_DAG_OWNER=nburkett
AIRFLOW_CTX_DAG_ID=showpulse_dbt_dag
AIRFLOW_CTX_TASK_ID=dbt_run
AIRFLOW_CTX_EXECUTION_DATE=2023-06-22T00:51:32.430820+00:00
AIRFLOW_CTX_TRY_NUMBER=1
AIRFLOW_CTX_DAG_RUN_ID=scheduled__2023-06-22T00:51:32.430820+00:00
[2023-06-22T00:52:36.678+0000] {subprocess.py:63} INFO - Tmp dir root location: 
 /tmp
[2023-06-22T00:52:36.679+0000] {subprocess.py:75} INFO - Running command: ['/bin/bash', '-c', 'cd /dbt/ticketmaster_transformation && dbt run']
[2023-06-22T00:52:36.693+0000] {subprocess.py:86} INFO - Output:
[2023-06-22T00:52:37.949+0000] {subprocess.py:93} INFO - [0m00:52:37  Running with dbt=1.5.1
[2023-06-22T00:52:38.445+0000] {subprocess.py:93} INFO - [0m00:52:38  Found 4 models, 0 tests, 0 snapshots, 0 analyses, 356 macros, 0 operations, 0 seed files, 3 sources, 0 exposures, 0 metrics, 0 groups
[2023-06-22T00:52:38.448+0000] {subprocess.py:93} INFO - [0m00:52:38
[2023-06-22T00:52:39.266+0000] {subprocess.py:93} INFO - [0m00:52:39  Concurrency: 4 threads (target='dev')
[2023-06-22T00:52:39.268+0000] {subprocess.py:93} INFO - [0m00:52:39
[2023-06-22T00:52:39.278+0000] {subprocess.py:93} INFO - [0m00:52:39  1 of 4 START sql table model twitter_kafka_pyspark_test.distinct_data .......... [RUN]
[2023-06-22T00:52:39.280+0000] {subprocess.py:93} INFO - [0m00:52:39  2 of 4 START sql table model twitter_kafka_pyspark_test.dm_events .............. [RUN]
[2023-06-22T00:52:39.281+0000] {subprocess.py:93} INFO - [0m00:52:39  3 of 4 START sql table model twitter_kafka_pyspark_test.my_first_dbt_model ..... [RUN]
[2023-06-22T00:52:41.889+0000] {subprocess.py:93} INFO - [0m00:52:41  3 of 4 OK created sql table model twitter_kafka_pyspark_test.my_first_dbt_model  [[32mCREATE TABLE (2.0 rows, 0 processed)[0m in 2.60s]
[2023-06-22T00:52:41.897+0000] {subprocess.py:93} INFO - [0m00:52:41  4 of 4 START sql view model twitter_kafka_pyspark_test.my_second_dbt_model ..... [RUN]
[2023-06-22T00:52:42.058+0000] {subprocess.py:93} INFO - [0m00:52:42  2 of 4 OK created sql table model twitter_kafka_pyspark_test.dm_events ......... [[32mCREATE TABLE (1.3k rows, 178.2 KiB processed)[0m in 2.77s]
[2023-06-22T00:52:42.196+0000] {subprocess.py:93} INFO - [0m00:52:42  1 of 4 OK created sql table model twitter_kafka_pyspark_test.distinct_data ..... [[32mCREATE TABLE (1.1k rows, 638.3 KiB processed)[0m in 2.91s]
[2023-06-22T00:52:42.779+0000] {subprocess.py:93} INFO - [0m00:52:42  4 of 4 OK created sql view model twitter_kafka_pyspark_test.my_second_dbt_model  [[32mCREATE VIEW (0 processed)[0m in 0.88s]
[2023-06-22T00:52:42.853+0000] {subprocess.py:93} INFO - [0m00:52:42
[2023-06-22T00:52:42.855+0000] {subprocess.py:93} INFO - [0m00:52:42  Finished running 3 table models, 1 view model in 0 hours 0 minutes and 4.40 seconds (4.40s).
[2023-06-22T00:52:42.871+0000] {subprocess.py:93} INFO - [0m00:52:42
[2023-06-22T00:52:42.872+0000] {subprocess.py:93} INFO - [0m00:52:42  [32mCompleted successfully[0m
[2023-06-22T00:52:42.873+0000] {subprocess.py:93} INFO - [0m00:52:42
[2023-06-22T00:52:42.875+0000] {subprocess.py:93} INFO - [0m00:52:42  Done. PASS=4 WARN=0 ERROR=0 SKIP=0 TOTAL=4
[2023-06-22T00:52:43.339+0000] {subprocess.py:97} INFO - Command exited with return code 0
[2023-06-22T00:52:43.365+0000] {taskinstance.py:1332} INFO - Marking task as SUCCESS. dag_id=showpulse_dbt_dag, task_id=dbt_run, execution_date=20230622T005132, start_date=20230622T005236, end_date=20230622T005243
[2023-06-22T00:52:43.405+0000] {local_task_job.py:212} INFO - Task exited with return code 0
[2023-06-22T00:52:43.420+0000] {taskinstance.py:2596} INFO - 0 downstream tasks scheduled from follow-on schedule check
