[2023-06-21T01:38:48.254+0000] {taskinstance.py:1090} INFO - Dependencies all met for dep_context=non-requeueable deps ti=<TaskInstance: showpulse_dbt_dag.dbt_run scheduled__2023-06-21T01:37:44.163273+00:00 [queued]>
[2023-06-21T01:38:48.260+0000] {taskinstance.py:1090} INFO - Dependencies all met for dep_context=requeueable deps ti=<TaskInstance: showpulse_dbt_dag.dbt_run scheduled__2023-06-21T01:37:44.163273+00:00 [queued]>
[2023-06-21T01:38:48.260+0000] {taskinstance.py:1288} INFO - 
--------------------------------------------------------------------------------
[2023-06-21T01:38:48.261+0000] {taskinstance.py:1289} INFO - Starting attempt 1 of 1
[2023-06-21T01:38:48.261+0000] {taskinstance.py:1290} INFO - 
--------------------------------------------------------------------------------
[2023-06-21T01:38:48.269+0000] {taskinstance.py:1309} INFO - Executing <Task(BashOperator): dbt_run> on 2023-06-21 01:37:44.163273+00:00
[2023-06-21T01:38:48.272+0000] {standard_task_runner.py:55} INFO - Started process 2088 to run task
[2023-06-21T01:38:48.276+0000] {standard_task_runner.py:82} INFO - Running: ['***', 'tasks', 'run', 'showpulse_dbt_dag', 'dbt_run', 'scheduled__2023-06-21T01:37:44.163273+00:00', '--job-id', '554', '--raw', '--subdir', 'DAGS_FOLDER/dbt_run.py', '--cfg-path', '/tmp/tmprvc54cfy']
[2023-06-21T01:38:48.277+0000] {standard_task_runner.py:83} INFO - Job 554: Subtask dbt_run
[2023-06-21T01:38:48.329+0000] {task_command.py:389} INFO - Running <TaskInstance: showpulse_dbt_dag.dbt_run scheduled__2023-06-21T01:37:44.163273+00:00 [running]> on host 62cfed75eae1
[2023-06-21T01:38:48.381+0000] {taskinstance.py:1518} INFO - Exporting the following env vars:
AIRFLOW_CTX_DAG_OWNER=nburkett
AIRFLOW_CTX_DAG_ID=showpulse_dbt_dag
AIRFLOW_CTX_TASK_ID=dbt_run
AIRFLOW_CTX_EXECUTION_DATE=2023-06-21T01:37:44.163273+00:00
AIRFLOW_CTX_TRY_NUMBER=1
AIRFLOW_CTX_DAG_RUN_ID=scheduled__2023-06-21T01:37:44.163273+00:00
[2023-06-21T01:38:48.382+0000] {subprocess.py:63} INFO - Tmp dir root location: 
 /tmp
[2023-06-21T01:38:48.383+0000] {subprocess.py:75} INFO - Running command: ['/bin/bash', '-c', 'cd /dbt/ticketmaster_transformation && dbt run']
[2023-06-21T01:38:48.392+0000] {subprocess.py:86} INFO - Output:
[2023-06-21T01:38:49.637+0000] {subprocess.py:93} INFO - [0m01:38:49  Running with dbt=1.5.1
[2023-06-21T01:38:50.118+0000] {subprocess.py:93} INFO - [0m01:38:50  Found 4 models, 0 tests, 0 snapshots, 0 analyses, 356 macros, 0 operations, 0 seed files, 3 sources, 0 exposures, 0 metrics, 0 groups
[2023-06-21T01:38:50.121+0000] {subprocess.py:93} INFO - [0m01:38:50
[2023-06-21T01:58:17.850+0000] {subprocess.py:93} INFO - [0m01:58:17  Concurrency: 4 threads (target='dev')
[2023-06-21T01:58:17.853+0000] {subprocess.py:93} INFO - [0m01:58:17
[2023-06-21T01:58:17.881+0000] {subprocess.py:93} INFO - [0m01:58:17  1 of 4 START sql table model twitter_kafka_pyspark_test.distinct_data .......... [RUN]
[2023-06-21T01:58:17.917+0000] {subprocess.py:93} INFO - [0m01:58:17  3 of 4 START sql table model twitter_kafka_pyspark_test.my_first_dbt_model ..... [RUN]
[2023-06-21T01:58:17.936+0000] {subprocess.py:93} INFO - [0m01:58:17  2 of 4 START sql table model twitter_kafka_pyspark_test.dm_events .............. [RUN]
[2023-06-21T01:58:20.658+0000] {subprocess.py:93} INFO - [0m01:58:20  3 of 4 OK created sql table model twitter_kafka_pyspark_test.my_first_dbt_model  [[32mCREATE TABLE (2.0 rows, 0 processed)[0m in 2.73s]
[2023-06-21T01:58:20.666+0000] {subprocess.py:93} INFO - [0m01:58:20  4 of 4 START sql view model twitter_kafka_pyspark_test.my_second_dbt_model ..... [RUN]
[2023-06-21T01:58:21.073+0000] {subprocess.py:93} INFO - [0m01:58:21  2 of 4 OK created sql table model twitter_kafka_pyspark_test.dm_events ......... [[32mCREATE TABLE (1.3k rows, 178.2 KiB processed)[0m in 3.13s]
[2023-06-21T01:58:21.385+0000] {subprocess.py:93} INFO - [0m01:58:21  1 of 4 OK created sql table model twitter_kafka_pyspark_test.distinct_data ..... [[32mCREATE TABLE (1.1k rows, 638.3 KiB processed)[0m in 3.49s]
[2023-06-21T01:58:21.567+0000] {subprocess.py:93} INFO - [0m01:58:21  4 of 4 OK created sql view model twitter_kafka_pyspark_test.my_second_dbt_model  [[32mCREATE VIEW (0 processed)[0m in 0.90s]
[2023-06-21T01:58:21.652+0000] {subprocess.py:93} INFO - [0m01:58:21
[2023-06-21T01:58:21.654+0000] {subprocess.py:93} INFO - [0m01:58:21  Finished running 3 table models, 1 view model in 0 hours 19 minutes and 31.53 seconds (1171.53s).
[2023-06-21T01:58:21.684+0000] {subprocess.py:93} INFO - [0m01:58:21
[2023-06-21T01:58:21.686+0000] {subprocess.py:93} INFO - [0m01:58:21  [32mCompleted successfully[0m
[2023-06-21T01:58:21.688+0000] {subprocess.py:93} INFO - [0m01:58:21
[2023-06-21T01:58:21.689+0000] {subprocess.py:93} INFO - [0m01:58:21  Done. PASS=4 WARN=0 ERROR=0 SKIP=0 TOTAL=4
[2023-06-21T01:58:22.902+0000] {subprocess.py:97} INFO - Command exited with return code 0
[2023-06-21T01:58:22.946+0000] {taskinstance.py:1332} INFO - Marking task as SUCCESS. dag_id=showpulse_dbt_dag, task_id=dbt_run, execution_date=20230621T013744, start_date=20230621T013848, end_date=20230621T015822
[2023-06-21T01:58:22.978+0000] {local_task_job.py:212} INFO - Task exited with return code 0
[2023-06-21T01:58:22.998+0000] {taskinstance.py:2596} INFO - 0 downstream tasks scheduled from follow-on schedule check
