[2023-06-22T13:26:47.830+0000] {taskinstance.py:1090} INFO - Dependencies all met for dep_context=non-requeueable deps ti=<TaskInstance: showpulse_dbt_dag.dbt_run scheduled__2023-06-22T13:25:43.105024+00:00 [queued]>
[2023-06-22T13:26:47.837+0000] {taskinstance.py:1090} INFO - Dependencies all met for dep_context=requeueable deps ti=<TaskInstance: showpulse_dbt_dag.dbt_run scheduled__2023-06-22T13:25:43.105024+00:00 [queued]>
[2023-06-22T13:26:47.837+0000] {taskinstance.py:1288} INFO - 
--------------------------------------------------------------------------------
[2023-06-22T13:26:47.838+0000] {taskinstance.py:1289} INFO - Starting attempt 1 of 1
[2023-06-22T13:26:47.838+0000] {taskinstance.py:1290} INFO - 
--------------------------------------------------------------------------------
[2023-06-22T13:26:47.846+0000] {taskinstance.py:1309} INFO - Executing <Task(BashOperator): dbt_run> on 2023-06-22 13:25:43.105024+00:00
[2023-06-22T13:26:47.850+0000] {standard_task_runner.py:55} INFO - Started process 16311 to run task
[2023-06-22T13:26:47.853+0000] {standard_task_runner.py:82} INFO - Running: ['***', 'tasks', 'run', 'showpulse_dbt_dag', 'dbt_run', 'scheduled__2023-06-22T13:25:43.105024+00:00', '--job-id', '1890', '--raw', '--subdir', 'DAGS_FOLDER/dbt_run.py', '--cfg-path', '/tmp/tmpps3fbqp4']
[2023-06-22T13:26:47.854+0000] {standard_task_runner.py:83} INFO - Job 1890: Subtask dbt_run
[2023-06-22T13:26:47.911+0000] {task_command.py:389} INFO - Running <TaskInstance: showpulse_dbt_dag.dbt_run scheduled__2023-06-22T13:25:43.105024+00:00 [running]> on host 62cfed75eae1
[2023-06-22T13:26:47.962+0000] {taskinstance.py:1518} INFO - Exporting the following env vars:
AIRFLOW_CTX_DAG_OWNER=nburkett
AIRFLOW_CTX_DAG_ID=showpulse_dbt_dag
AIRFLOW_CTX_TASK_ID=dbt_run
AIRFLOW_CTX_EXECUTION_DATE=2023-06-22T13:25:43.105024+00:00
AIRFLOW_CTX_TRY_NUMBER=1
AIRFLOW_CTX_DAG_RUN_ID=scheduled__2023-06-22T13:25:43.105024+00:00
[2023-06-22T13:26:47.963+0000] {subprocess.py:63} INFO - Tmp dir root location: 
 /tmp
[2023-06-22T13:26:47.964+0000] {subprocess.py:75} INFO - Running command: ['/bin/bash', '-c', 'cd /dbt/ticketmaster_transformation && dbt run']
[2023-06-22T13:26:47.972+0000] {subprocess.py:86} INFO - Output:
[2023-06-22T13:26:49.204+0000] {subprocess.py:93} INFO - [0m13:26:49  Running with dbt=1.5.1
[2023-06-22T13:26:49.681+0000] {subprocess.py:93} INFO - [0m13:26:49  Found 4 models, 0 tests, 0 snapshots, 0 analyses, 356 macros, 0 operations, 0 seed files, 3 sources, 0 exposures, 0 metrics, 0 groups
[2023-06-22T13:26:49.684+0000] {subprocess.py:93} INFO - [0m13:26:49
[2023-06-22T13:26:50.504+0000] {subprocess.py:93} INFO - [0m13:26:50  Concurrency: 4 threads (target='dev')
[2023-06-22T13:26:50.506+0000] {subprocess.py:93} INFO - [0m13:26:50
[2023-06-22T13:26:50.518+0000] {subprocess.py:93} INFO - [0m13:26:50  1 of 4 START sql table model twitter_kafka_pyspark_test.distinct_data .......... [RUN]
[2023-06-22T13:26:50.520+0000] {subprocess.py:93} INFO - [0m13:26:50  2 of 4 START sql table model twitter_kafka_pyspark_test.dm_events .............. [RUN]
[2023-06-22T13:26:50.522+0000] {subprocess.py:93} INFO - [0m13:26:50  3 of 4 START sql table model twitter_kafka_pyspark_test.my_first_dbt_model ..... [RUN]
[2023-06-22T13:26:53.193+0000] {subprocess.py:93} INFO - [0m13:26:53  3 of 4 OK created sql table model twitter_kafka_pyspark_test.my_first_dbt_model  [[32mCREATE TABLE (2.0 rows, 0 processed)[0m in 2.66s]
[2023-06-22T13:26:53.201+0000] {subprocess.py:93} INFO - [0m13:26:53  4 of 4 START sql view model twitter_kafka_pyspark_test.my_second_dbt_model ..... [RUN]
[2023-06-22T13:26:53.447+0000] {subprocess.py:93} INFO - [0m13:26:53  1 of 4 OK created sql table model twitter_kafka_pyspark_test.distinct_data ..... [[32mCREATE TABLE (1.1k rows, 638.3 KiB processed)[0m in 2.92s]
[2023-06-22T13:26:53.491+0000] {subprocess.py:93} INFO - [0m13:26:53  2 of 4 OK created sql table model twitter_kafka_pyspark_test.dm_events ......... [[32mCREATE TABLE (1.3k rows, 178.2 KiB processed)[0m in 2.96s]
[2023-06-22T13:26:54.517+0000] {subprocess.py:93} INFO - [0m13:26:54  4 of 4 OK created sql view model twitter_kafka_pyspark_test.my_second_dbt_model  [[32mCREATE VIEW (0 processed)[0m in 1.31s]
[2023-06-22T13:26:54.650+0000] {subprocess.py:93} INFO - [0m13:26:54
[2023-06-22T13:26:54.653+0000] {subprocess.py:93} INFO - [0m13:26:54  Finished running 3 table models, 1 view model in 0 hours 0 minutes and 4.96 seconds (4.96s).
[2023-06-22T13:26:54.690+0000] {subprocess.py:93} INFO - [0m13:26:54
[2023-06-22T13:26:54.692+0000] {subprocess.py:93} INFO - [0m13:26:54  [32mCompleted successfully[0m
[2023-06-22T13:26:54.694+0000] {subprocess.py:93} INFO - [0m13:26:54
[2023-06-22T13:26:54.695+0000] {subprocess.py:93} INFO - [0m13:26:54  Done. PASS=4 WARN=0 ERROR=0 SKIP=0 TOTAL=4
[2023-06-22T13:26:55.178+0000] {subprocess.py:97} INFO - Command exited with return code 0
[2023-06-22T13:26:55.203+0000] {taskinstance.py:1332} INFO - Marking task as SUCCESS. dag_id=showpulse_dbt_dag, task_id=dbt_run, execution_date=20230622T132543, start_date=20230622T132647, end_date=20230622T132655
[2023-06-22T13:26:55.243+0000] {local_task_job.py:212} INFO - Task exited with return code 0
[2023-06-22T13:26:55.256+0000] {taskinstance.py:2596} INFO - 0 downstream tasks scheduled from follow-on schedule check
