[2023-06-22T20:47:47.303+0000] {taskinstance.py:1090} INFO - Dependencies all met for dep_context=non-requeueable deps ti=<TaskInstance: showpulse_dbt_dag.dbt_run scheduled__2023-06-22T20:46:42.865086+00:00 [queued]>
[2023-06-22T20:47:47.310+0000] {taskinstance.py:1090} INFO - Dependencies all met for dep_context=requeueable deps ti=<TaskInstance: showpulse_dbt_dag.dbt_run scheduled__2023-06-22T20:46:42.865086+00:00 [queued]>
[2023-06-22T20:47:47.310+0000] {taskinstance.py:1288} INFO - 
--------------------------------------------------------------------------------
[2023-06-22T20:47:47.311+0000] {taskinstance.py:1289} INFO - Starting attempt 1 of 1
[2023-06-22T20:47:47.311+0000] {taskinstance.py:1290} INFO - 
--------------------------------------------------------------------------------
[2023-06-22T20:47:47.319+0000] {taskinstance.py:1309} INFO - Executing <Task(BashOperator): dbt_run> on 2023-06-22 20:46:42.865086+00:00
[2023-06-22T20:47:47.322+0000] {standard_task_runner.py:55} INFO - Started process 18148 to run task
[2023-06-22T20:47:47.326+0000] {standard_task_runner.py:82} INFO - Running: ['***', 'tasks', 'run', 'showpulse_dbt_dag', 'dbt_run', 'scheduled__2023-06-22T20:46:42.865086+00:00', '--job-id', '2098', '--raw', '--subdir', 'DAGS_FOLDER/dbt_run.py', '--cfg-path', '/tmp/tmpq0vku6jk']
[2023-06-22T20:47:47.327+0000] {standard_task_runner.py:83} INFO - Job 2098: Subtask dbt_run
[2023-06-22T20:47:47.380+0000] {task_command.py:389} INFO - Running <TaskInstance: showpulse_dbt_dag.dbt_run scheduled__2023-06-22T20:46:42.865086+00:00 [running]> on host 62cfed75eae1
[2023-06-22T20:47:47.431+0000] {taskinstance.py:1518} INFO - Exporting the following env vars:
AIRFLOW_CTX_DAG_OWNER=nburkett
AIRFLOW_CTX_DAG_ID=showpulse_dbt_dag
AIRFLOW_CTX_TASK_ID=dbt_run
AIRFLOW_CTX_EXECUTION_DATE=2023-06-22T20:46:42.865086+00:00
AIRFLOW_CTX_TRY_NUMBER=1
AIRFLOW_CTX_DAG_RUN_ID=scheduled__2023-06-22T20:46:42.865086+00:00
[2023-06-22T20:47:47.432+0000] {subprocess.py:63} INFO - Tmp dir root location: 
 /tmp
[2023-06-22T20:47:47.433+0000] {subprocess.py:75} INFO - Running command: ['/bin/bash', '-c', 'cd /dbt/ticketmaster_transformation && dbt run']
[2023-06-22T20:47:47.442+0000] {subprocess.py:86} INFO - Output:
[2023-06-22T20:47:48.730+0000] {subprocess.py:93} INFO - [0m20:47:48  Running with dbt=1.5.1
[2023-06-22T20:47:49.242+0000] {subprocess.py:93} INFO - [0m20:47:49  Found 4 models, 0 tests, 0 snapshots, 0 analyses, 356 macros, 0 operations, 0 seed files, 3 sources, 0 exposures, 0 metrics, 0 groups
[2023-06-22T20:47:49.245+0000] {subprocess.py:93} INFO - [0m20:47:49
[2023-06-22T20:47:50.029+0000] {subprocess.py:93} INFO - [0m20:47:50  Concurrency: 4 threads (target='dev')
[2023-06-22T20:47:50.031+0000] {subprocess.py:93} INFO - [0m20:47:50
[2023-06-22T20:47:50.045+0000] {subprocess.py:93} INFO - [0m20:47:50  1 of 4 START sql table model twitter_kafka_pyspark_test.distinct_data .......... [RUN]
[2023-06-22T20:47:50.047+0000] {subprocess.py:93} INFO - [0m20:47:50  2 of 4 START sql table model twitter_kafka_pyspark_test.dm_events .............. [RUN]
[2023-06-22T20:47:50.049+0000] {subprocess.py:93} INFO - [0m20:47:50  3 of 4 START sql table model twitter_kafka_pyspark_test.my_first_dbt_model ..... [RUN]
[2023-06-22T20:47:54.553+0000] {subprocess.py:93} INFO - [0m20:47:54  3 of 4 OK created sql table model twitter_kafka_pyspark_test.my_first_dbt_model  [[32mCREATE TABLE (2.0 rows, 0 processed)[0m in 4.49s]
[2023-06-22T20:47:54.559+0000] {subprocess.py:93} INFO - [0m20:47:54  4 of 4 START sql view model twitter_kafka_pyspark_test.my_second_dbt_model ..... [RUN]
[2023-06-22T20:47:54.836+0000] {subprocess.py:93} INFO - [0m20:47:54  1 of 4 OK created sql table model twitter_kafka_pyspark_test.distinct_data ..... [[32mCREATE TABLE (1.1k rows, 638.3 KiB processed)[0m in 4.78s]
[2023-06-22T20:47:54.986+0000] {subprocess.py:93} INFO - [0m20:47:54  2 of 4 OK created sql table model twitter_kafka_pyspark_test.dm_events ......... [[32mCREATE TABLE (1.3k rows, 178.2 KiB processed)[0m in 4.93s]
[2023-06-22T20:47:55.438+0000] {subprocess.py:93} INFO - [0m20:47:55  4 of 4 OK created sql view model twitter_kafka_pyspark_test.my_second_dbt_model  [[32mCREATE VIEW (0 processed)[0m in 0.88s]
[2023-06-22T20:47:55.482+0000] {subprocess.py:93} INFO - [0m20:47:55
[2023-06-22T20:47:55.483+0000] {subprocess.py:93} INFO - [0m20:47:55  Finished running 3 table models, 1 view model in 0 hours 0 minutes and 6.24 seconds (6.24s).
[2023-06-22T20:47:55.501+0000] {subprocess.py:93} INFO - [0m20:47:55
[2023-06-22T20:47:55.502+0000] {subprocess.py:93} INFO - [0m20:47:55  [32mCompleted successfully[0m
[2023-06-22T20:47:55.503+0000] {subprocess.py:93} INFO - [0m20:47:55
[2023-06-22T20:47:55.506+0000] {subprocess.py:93} INFO - [0m20:47:55  Done. PASS=4 WARN=0 ERROR=0 SKIP=0 TOTAL=4
[2023-06-22T20:47:56.001+0000] {subprocess.py:97} INFO - Command exited with return code 0
[2023-06-22T20:47:56.030+0000] {taskinstance.py:1332} INFO - Marking task as SUCCESS. dag_id=showpulse_dbt_dag, task_id=dbt_run, execution_date=20230622T204642, start_date=20230622T204747, end_date=20230622T204756
[2023-06-22T20:47:56.089+0000] {local_task_job.py:212} INFO - Task exited with return code 0
[2023-06-22T20:47:56.104+0000] {taskinstance.py:2596} INFO - 0 downstream tasks scheduled from follow-on schedule check
