[2023-06-22T00:23:22.967+0000] {taskinstance.py:1090} INFO - Dependencies all met for dep_context=non-requeueable deps ti=<TaskInstance: showpulse_dbt_dag.dbt_run scheduled__2023-06-22T00:22:19.542692+00:00 [queued]>
[2023-06-22T00:23:22.974+0000] {taskinstance.py:1090} INFO - Dependencies all met for dep_context=requeueable deps ti=<TaskInstance: showpulse_dbt_dag.dbt_run scheduled__2023-06-22T00:22:19.542692+00:00 [queued]>
[2023-06-22T00:23:22.974+0000] {taskinstance.py:1288} INFO - 
--------------------------------------------------------------------------------
[2023-06-22T00:23:22.975+0000] {taskinstance.py:1289} INFO - Starting attempt 1 of 1
[2023-06-22T00:23:22.976+0000] {taskinstance.py:1290} INFO - 
--------------------------------------------------------------------------------
[2023-06-22T00:23:22.984+0000] {taskinstance.py:1309} INFO - Executing <Task(BashOperator): dbt_run> on 2023-06-22 00:22:19.542692+00:00
[2023-06-22T00:23:22.987+0000] {standard_task_runner.py:55} INFO - Started process 10057 to run task
[2023-06-22T00:23:22.991+0000] {standard_task_runner.py:82} INFO - Running: ['***', 'tasks', 'run', 'showpulse_dbt_dag', 'dbt_run', 'scheduled__2023-06-22T00:22:19.542692+00:00', '--job-id', '1346', '--raw', '--subdir', 'DAGS_FOLDER/dbt_run.py', '--cfg-path', '/tmp/tmpw2n0xbzk']
[2023-06-22T00:23:22.992+0000] {standard_task_runner.py:83} INFO - Job 1346: Subtask dbt_run
[2023-06-22T00:23:23.058+0000] {task_command.py:389} INFO - Running <TaskInstance: showpulse_dbt_dag.dbt_run scheduled__2023-06-22T00:22:19.542692+00:00 [running]> on host 62cfed75eae1
[2023-06-22T00:23:23.122+0000] {taskinstance.py:1518} INFO - Exporting the following env vars:
AIRFLOW_CTX_DAG_OWNER=nburkett
AIRFLOW_CTX_DAG_ID=showpulse_dbt_dag
AIRFLOW_CTX_TASK_ID=dbt_run
AIRFLOW_CTX_EXECUTION_DATE=2023-06-22T00:22:19.542692+00:00
AIRFLOW_CTX_TRY_NUMBER=1
AIRFLOW_CTX_DAG_RUN_ID=scheduled__2023-06-22T00:22:19.542692+00:00
[2023-06-22T00:23:23.123+0000] {subprocess.py:63} INFO - Tmp dir root location: 
 /tmp
[2023-06-22T00:23:23.124+0000] {subprocess.py:75} INFO - Running command: ['/bin/bash', '-c', 'cd /dbt/ticketmaster_transformation && dbt run']
[2023-06-22T00:23:23.136+0000] {subprocess.py:86} INFO - Output:
[2023-06-22T00:23:24.526+0000] {subprocess.py:93} INFO - [0m00:23:24  Running with dbt=1.5.1
[2023-06-22T00:23:25.151+0000] {subprocess.py:93} INFO - [0m00:23:25  Found 4 models, 0 tests, 0 snapshots, 0 analyses, 356 macros, 0 operations, 0 seed files, 3 sources, 0 exposures, 0 metrics, 0 groups
[2023-06-22T00:23:25.154+0000] {subprocess.py:93} INFO - [0m00:23:25
[2023-06-22T00:23:25.885+0000] {subprocess.py:93} INFO - [0m00:23:25  Concurrency: 4 threads (target='dev')
[2023-06-22T00:23:25.886+0000] {subprocess.py:93} INFO - [0m00:23:25
[2023-06-22T00:23:25.894+0000] {subprocess.py:93} INFO - [0m00:23:25  1 of 4 START sql table model twitter_kafka_pyspark_test.distinct_data .......... [RUN]
[2023-06-22T00:23:25.896+0000] {subprocess.py:93} INFO - [0m00:23:25  2 of 4 START sql table model twitter_kafka_pyspark_test.dm_events .............. [RUN]
[2023-06-22T00:23:25.897+0000] {subprocess.py:93} INFO - [0m00:23:25  3 of 4 START sql table model twitter_kafka_pyspark_test.my_first_dbt_model ..... [RUN]
[2023-06-22T00:23:28.338+0000] {subprocess.py:93} INFO - [0m00:23:28  3 of 4 OK created sql table model twitter_kafka_pyspark_test.my_first_dbt_model  [[32mCREATE TABLE (2.0 rows, 0 processed)[0m in 2.43s]
[2023-06-22T00:23:28.344+0000] {subprocess.py:93} INFO - [0m00:23:28  4 of 4 START sql view model twitter_kafka_pyspark_test.my_second_dbt_model ..... [RUN]
[2023-06-22T00:23:28.386+0000] {subprocess.py:93} INFO - [0m00:23:28  2 of 4 OK created sql table model twitter_kafka_pyspark_test.dm_events ......... [[32mCREATE TABLE (1.3k rows, 178.2 KiB processed)[0m in 2.48s]
[2023-06-22T00:23:28.635+0000] {subprocess.py:93} INFO - [0m00:23:28  1 of 4 OK created sql table model twitter_kafka_pyspark_test.distinct_data ..... [[32mCREATE TABLE (1.1k rows, 638.3 KiB processed)[0m in 2.73s]
[2023-06-22T00:23:29.195+0000] {subprocess.py:93} INFO - [0m00:23:29  4 of 4 OK created sql view model twitter_kafka_pyspark_test.my_second_dbt_model  [[32mCREATE VIEW (0 processed)[0m in 0.85s]
[2023-06-22T00:23:29.243+0000] {subprocess.py:93} INFO - [0m00:23:29
[2023-06-22T00:23:29.244+0000] {subprocess.py:93} INFO - [0m00:23:29  Finished running 3 table models, 1 view model in 0 hours 0 minutes and 4.09 seconds (4.09s).
[2023-06-22T00:23:29.267+0000] {subprocess.py:93} INFO - [0m00:23:29
[2023-06-22T00:23:29.268+0000] {subprocess.py:93} INFO - [0m00:23:29  [32mCompleted successfully[0m
[2023-06-22T00:23:29.270+0000] {subprocess.py:93} INFO - [0m00:23:29
[2023-06-22T00:23:29.272+0000] {subprocess.py:93} INFO - [0m00:23:29  Done. PASS=4 WARN=0 ERROR=0 SKIP=0 TOTAL=4
[2023-06-22T00:23:29.736+0000] {subprocess.py:97} INFO - Command exited with return code 0
[2023-06-22T00:23:29.759+0000] {taskinstance.py:1332} INFO - Marking task as SUCCESS. dag_id=showpulse_dbt_dag, task_id=dbt_run, execution_date=20230622T002219, start_date=20230622T002322, end_date=20230622T002329
[2023-06-22T00:23:29.803+0000] {local_task_job.py:212} INFO - Task exited with return code 0
[2023-06-22T00:23:29.817+0000] {taskinstance.py:2596} INFO - 0 downstream tasks scheduled from follow-on schedule check
