[2023-06-23T02:05:32.239+0000] {taskinstance.py:1090} INFO - Dependencies all met for dep_context=non-requeueable deps ti=<TaskInstance: showpulse_dbt_dag.pwd1 scheduled__2023-06-23T02:04:31.696804+00:00 [queued]>
[2023-06-23T02:05:32.246+0000] {taskinstance.py:1090} INFO - Dependencies all met for dep_context=requeueable deps ti=<TaskInstance: showpulse_dbt_dag.pwd1 scheduled__2023-06-23T02:04:31.696804+00:00 [queued]>
[2023-06-23T02:05:32.247+0000] {taskinstance.py:1288} INFO - 
--------------------------------------------------------------------------------
[2023-06-23T02:05:32.247+0000] {taskinstance.py:1289} INFO - Starting attempt 1 of 1
[2023-06-23T02:05:32.248+0000] {taskinstance.py:1290} INFO - 
--------------------------------------------------------------------------------
[2023-06-23T02:05:32.256+0000] {taskinstance.py:1309} INFO - Executing <Task(BashOperator): pwd1> on 2023-06-23 02:04:31.696804+00:00
[2023-06-23T02:05:32.261+0000] {standard_task_runner.py:55} INFO - Started process 24879 to run task
[2023-06-23T02:05:32.265+0000] {standard_task_runner.py:82} INFO - Running: ['***', 'tasks', 'run', 'showpulse_dbt_dag', 'pwd1', 'scheduled__2023-06-23T02:04:31.696804+00:00', '--job-id', '2687', '--raw', '--subdir', 'DAGS_FOLDER/dbt_run.py', '--cfg-path', '/tmp/tmpkr1qpdm0']
[2023-06-23T02:05:32.266+0000] {standard_task_runner.py:83} INFO - Job 2687: Subtask pwd1
[2023-06-23T02:05:32.332+0000] {task_command.py:389} INFO - Running <TaskInstance: showpulse_dbt_dag.pwd1 scheduled__2023-06-23T02:04:31.696804+00:00 [running]> on host 62cfed75eae1
[2023-06-23T02:05:32.391+0000] {taskinstance.py:1518} INFO - Exporting the following env vars:
AIRFLOW_CTX_DAG_OWNER=nburkett
AIRFLOW_CTX_DAG_ID=showpulse_dbt_dag
AIRFLOW_CTX_TASK_ID=pwd1
AIRFLOW_CTX_EXECUTION_DATE=2023-06-23T02:04:31.696804+00:00
AIRFLOW_CTX_TRY_NUMBER=1
AIRFLOW_CTX_DAG_RUN_ID=scheduled__2023-06-23T02:04:31.696804+00:00
[2023-06-23T02:05:32.392+0000] {subprocess.py:63} INFO - Tmp dir root location: 
 /tmp
[2023-06-23T02:05:32.393+0000] {subprocess.py:75} INFO - Running command: ['/bin/bash', '-c', 'pwd && ls']
[2023-06-23T02:05:32.402+0000] {subprocess.py:86} INFO - Output:
[2023-06-23T02:05:32.406+0000] {subprocess.py:93} INFO - /tmp/***tmpscfpoyff
[2023-06-23T02:05:32.409+0000] {subprocess.py:97} INFO - Command exited with return code 0
[2023-06-23T02:05:32.433+0000] {taskinstance.py:1332} INFO - Marking task as SUCCESS. dag_id=showpulse_dbt_dag, task_id=pwd1, execution_date=20230623T020431, start_date=20230623T020532, end_date=20230623T020532
[2023-06-23T02:05:32.479+0000] {local_task_job.py:212} INFO - Task exited with return code 0
[2023-06-23T02:05:32.501+0000] {taskinstance.py:2596} INFO - 1 downstream tasks scheduled from follow-on schedule check
