[2023-06-21T05:42:44.703+0000] {taskinstance.py:1090} INFO - Dependencies all met for dep_context=non-requeueable deps ti=<TaskInstance: showpulse_dbt_dag.dbt_run scheduled__2023-06-21T05:41:41.343674+00:00 [queued]>
[2023-06-21T05:42:44.709+0000] {taskinstance.py:1090} INFO - Dependencies all met for dep_context=requeueable deps ti=<TaskInstance: showpulse_dbt_dag.dbt_run scheduled__2023-06-21T05:41:41.343674+00:00 [queued]>
[2023-06-21T05:42:44.709+0000] {taskinstance.py:1288} INFO - 
--------------------------------------------------------------------------------
[2023-06-21T05:42:44.710+0000] {taskinstance.py:1289} INFO - Starting attempt 1 of 1
[2023-06-21T05:42:44.710+0000] {taskinstance.py:1290} INFO - 
--------------------------------------------------------------------------------
[2023-06-21T05:42:44.718+0000] {taskinstance.py:1309} INFO - Executing <Task(BashOperator): dbt_run> on 2023-06-21 05:41:41.343674+00:00
[2023-06-21T05:42:44.722+0000] {standard_task_runner.py:55} INFO - Started process 2994 to run task
[2023-06-21T05:42:44.725+0000] {standard_task_runner.py:82} INFO - Running: ['***', 'tasks', 'run', 'showpulse_dbt_dag', 'dbt_run', 'scheduled__2023-06-21T05:41:41.343674+00:00', '--job-id', '654', '--raw', '--subdir', 'DAGS_FOLDER/dbt_run.py', '--cfg-path', '/tmp/tmpo2g9ip44']
[2023-06-21T05:42:44.726+0000] {standard_task_runner.py:83} INFO - Job 654: Subtask dbt_run
[2023-06-21T05:42:44.779+0000] {task_command.py:389} INFO - Running <TaskInstance: showpulse_dbt_dag.dbt_run scheduled__2023-06-21T05:41:41.343674+00:00 [running]> on host 62cfed75eae1
[2023-06-21T05:42:44.827+0000] {taskinstance.py:1518} INFO - Exporting the following env vars:
AIRFLOW_CTX_DAG_OWNER=nburkett
AIRFLOW_CTX_DAG_ID=showpulse_dbt_dag
AIRFLOW_CTX_TASK_ID=dbt_run
AIRFLOW_CTX_EXECUTION_DATE=2023-06-21T05:41:41.343674+00:00
AIRFLOW_CTX_TRY_NUMBER=1
AIRFLOW_CTX_DAG_RUN_ID=scheduled__2023-06-21T05:41:41.343674+00:00
[2023-06-21T05:42:44.829+0000] {subprocess.py:63} INFO - Tmp dir root location: 
 /tmp
[2023-06-21T05:42:44.830+0000] {subprocess.py:75} INFO - Running command: ['/bin/bash', '-c', 'cd /dbt/ticketmaster_transformation && dbt run']
[2023-06-21T05:42:44.837+0000] {subprocess.py:86} INFO - Output:
[2023-06-21T05:42:46.081+0000] {subprocess.py:93} INFO - [0m05:42:46  Running with dbt=1.5.1
[2023-06-21T05:42:46.560+0000] {subprocess.py:93} INFO - [0m05:42:46  Found 4 models, 0 tests, 0 snapshots, 0 analyses, 356 macros, 0 operations, 0 seed files, 3 sources, 0 exposures, 0 metrics, 0 groups
[2023-06-21T05:42:46.563+0000] {subprocess.py:93} INFO - [0m05:42:46
[2023-06-21T05:42:47.312+0000] {subprocess.py:93} INFO - [0m05:42:47  Concurrency: 4 threads (target='dev')
[2023-06-21T05:42:47.315+0000] {subprocess.py:93} INFO - [0m05:42:47
[2023-06-21T05:42:47.330+0000] {subprocess.py:93} INFO - [0m05:42:47  1 of 4 START sql table model twitter_kafka_pyspark_test.distinct_data .......... [RUN]
[2023-06-21T05:42:47.333+0000] {subprocess.py:93} INFO - [0m05:42:47  2 of 4 START sql table model twitter_kafka_pyspark_test.dm_events .............. [RUN]
[2023-06-21T05:42:47.335+0000] {subprocess.py:93} INFO - [0m05:42:47  3 of 4 START sql table model twitter_kafka_pyspark_test.my_first_dbt_model ..... [RUN]
[2023-06-21T05:42:50.126+0000] {subprocess.py:93} INFO - [0m05:42:50  3 of 4 OK created sql table model twitter_kafka_pyspark_test.my_first_dbt_model  [[32mCREATE TABLE (2.0 rows, 0 processed)[0m in 2.78s]
[2023-06-21T05:42:50.133+0000] {subprocess.py:93} INFO - [0m05:42:50  4 of 4 START sql view model twitter_kafka_pyspark_test.my_second_dbt_model ..... [RUN]
[2023-06-21T05:42:50.209+0000] {subprocess.py:93} INFO - [0m05:42:50  2 of 4 OK created sql table model twitter_kafka_pyspark_test.dm_events ......... [[32mCREATE TABLE (1.3k rows, 178.2 KiB processed)[0m in 2.87s]
[2023-06-21T05:51:27.781+0000] {subprocess.py:93} INFO - [0m05:51:27  4 of 4 OK created sql view model twitter_kafka_pyspark_test.my_second_dbt_model  [[32mCREATE VIEW (0 processed)[0m in 517.64s]
[2023-06-21T05:51:29.458+0000] {subprocess.py:93} INFO - [0m05:51:29  1 of 4 OK created sql table model twitter_kafka_pyspark_test.distinct_data ..... [[32mCREATE TABLE (1.1k rows, 638.3 KiB processed)[0m in 522.12s]
[2023-06-21T05:51:29.470+0000] {subprocess.py:93} INFO - [0m05:51:29
[2023-06-21T05:51:29.472+0000] {subprocess.py:93} INFO - [0m05:51:29  Finished running 3 table models, 1 view model in 0 hours 8 minutes and 42.91 seconds (522.91s).
[2023-06-21T05:51:29.492+0000] {subprocess.py:93} INFO - [0m05:51:29
[2023-06-21T05:51:29.493+0000] {subprocess.py:93} INFO - [0m05:51:29  [32mCompleted successfully[0m
[2023-06-21T05:51:29.494+0000] {subprocess.py:93} INFO - [0m05:51:29
[2023-06-21T05:51:29.496+0000] {subprocess.py:93} INFO - [0m05:51:29  Done. PASS=4 WARN=0 ERROR=0 SKIP=0 TOTAL=4
[2023-06-21T05:51:29.991+0000] {subprocess.py:97} INFO - Command exited with return code 0
[2023-06-21T05:51:30.023+0000] {taskinstance.py:1332} INFO - Marking task as SUCCESS. dag_id=showpulse_dbt_dag, task_id=dbt_run, execution_date=20230621T054141, start_date=20230621T054244, end_date=20230621T055130
[2023-06-21T05:51:30.066+0000] {local_task_job.py:212} INFO - Task exited with return code 0
[2023-06-21T05:51:30.088+0000] {taskinstance.py:2596} INFO - 0 downstream tasks scheduled from follow-on schedule check
