[2023-06-22T00:11:23.844+0000] {taskinstance.py:1090} INFO - Dependencies all met for dep_context=non-requeueable deps ti=<TaskInstance: showpulse_dbt_dag.dbt_run scheduled__2023-06-22T00:10:19.542692+00:00 [queued]>
[2023-06-22T00:11:23.850+0000] {taskinstance.py:1090} INFO - Dependencies all met for dep_context=requeueable deps ti=<TaskInstance: showpulse_dbt_dag.dbt_run scheduled__2023-06-22T00:10:19.542692+00:00 [queued]>
[2023-06-22T00:11:23.851+0000] {taskinstance.py:1288} INFO - 
--------------------------------------------------------------------------------
[2023-06-22T00:11:23.852+0000] {taskinstance.py:1289} INFO - Starting attempt 1 of 1
[2023-06-22T00:11:23.852+0000] {taskinstance.py:1290} INFO - 
--------------------------------------------------------------------------------
[2023-06-22T00:11:23.860+0000] {taskinstance.py:1309} INFO - Executing <Task(BashOperator): dbt_run> on 2023-06-22 00:10:19.542692+00:00
[2023-06-22T00:11:23.863+0000] {standard_task_runner.py:55} INFO - Started process 9454 to run task
[2023-06-22T00:11:23.867+0000] {standard_task_runner.py:82} INFO - Running: ['***', 'tasks', 'run', 'showpulse_dbt_dag', 'dbt_run', 'scheduled__2023-06-22T00:10:19.542692+00:00', '--job-id', '1298', '--raw', '--subdir', 'DAGS_FOLDER/dbt_run.py', '--cfg-path', '/tmp/tmpo0lz4ij8']
[2023-06-22T00:11:23.867+0000] {standard_task_runner.py:83} INFO - Job 1298: Subtask dbt_run
[2023-06-22T00:11:23.919+0000] {task_command.py:389} INFO - Running <TaskInstance: showpulse_dbt_dag.dbt_run scheduled__2023-06-22T00:10:19.542692+00:00 [running]> on host 62cfed75eae1
[2023-06-22T00:11:23.971+0000] {taskinstance.py:1518} INFO - Exporting the following env vars:
AIRFLOW_CTX_DAG_OWNER=nburkett
AIRFLOW_CTX_DAG_ID=showpulse_dbt_dag
AIRFLOW_CTX_TASK_ID=dbt_run
AIRFLOW_CTX_EXECUTION_DATE=2023-06-22T00:10:19.542692+00:00
AIRFLOW_CTX_TRY_NUMBER=1
AIRFLOW_CTX_DAG_RUN_ID=scheduled__2023-06-22T00:10:19.542692+00:00
[2023-06-22T00:11:23.972+0000] {subprocess.py:63} INFO - Tmp dir root location: 
 /tmp
[2023-06-22T00:11:23.973+0000] {subprocess.py:75} INFO - Running command: ['/bin/bash', '-c', 'cd /dbt/ticketmaster_transformation && dbt run']
[2023-06-22T00:11:23.981+0000] {subprocess.py:86} INFO - Output:
[2023-06-22T00:11:25.193+0000] {subprocess.py:93} INFO - [0m00:11:25  Running with dbt=1.5.1
[2023-06-22T00:11:25.642+0000] {subprocess.py:93} INFO - [0m00:11:25  Found 4 models, 0 tests, 0 snapshots, 0 analyses, 356 macros, 0 operations, 0 seed files, 3 sources, 0 exposures, 0 metrics, 0 groups
[2023-06-22T00:11:25.645+0000] {subprocess.py:93} INFO - [0m00:11:25
[2023-06-22T00:11:26.346+0000] {subprocess.py:93} INFO - [0m00:11:26  Concurrency: 4 threads (target='dev')
[2023-06-22T00:11:26.349+0000] {subprocess.py:93} INFO - [0m00:11:26
[2023-06-22T00:11:26.363+0000] {subprocess.py:93} INFO - [0m00:11:26  1 of 4 START sql table model twitter_kafka_pyspark_test.distinct_data .......... [RUN]
[2023-06-22T00:11:26.366+0000] {subprocess.py:93} INFO - [0m00:11:26  2 of 4 START sql table model twitter_kafka_pyspark_test.dm_events .............. [RUN]
[2023-06-22T00:11:26.368+0000] {subprocess.py:93} INFO - [0m00:11:26  3 of 4 START sql table model twitter_kafka_pyspark_test.my_first_dbt_model ..... [RUN]
[2023-06-22T00:11:29.053+0000] {subprocess.py:93} INFO - [0m00:11:29  3 of 4 OK created sql table model twitter_kafka_pyspark_test.my_first_dbt_model  [[32mCREATE TABLE (2.0 rows, 0 processed)[0m in 2.67s]
[2023-06-22T00:11:29.057+0000] {subprocess.py:93} INFO - [0m00:11:29  4 of 4 START sql view model twitter_kafka_pyspark_test.my_second_dbt_model ..... [RUN]
[2023-06-22T00:11:29.435+0000] {subprocess.py:93} INFO - [0m00:11:29  2 of 4 OK created sql table model twitter_kafka_pyspark_test.dm_events ......... [[32mCREATE TABLE (1.3k rows, 178.2 KiB processed)[0m in 3.06s]
[2023-06-22T00:11:29.824+0000] {subprocess.py:93} INFO - [0m00:11:29  4 of 4 OK created sql view model twitter_kafka_pyspark_test.my_second_dbt_model  [[32mCREATE VIEW (0 processed)[0m in 0.76s]
[2023-06-22T00:11:29.884+0000] {subprocess.py:93} INFO - [0m00:11:29  1 of 4 OK created sql table model twitter_kafka_pyspark_test.distinct_data ..... [[32mCREATE TABLE (1.1k rows, 638.3 KiB processed)[0m in 3.51s]
[2023-06-22T00:11:29.962+0000] {subprocess.py:93} INFO - [0m00:11:29
[2023-06-22T00:11:29.965+0000] {subprocess.py:93} INFO - [0m00:11:29  Finished running 3 table models, 1 view model in 0 hours 0 minutes and 4.32 seconds (4.32s).
[2023-06-22T00:11:29.993+0000] {subprocess.py:93} INFO - [0m00:11:29
[2023-06-22T00:11:29.996+0000] {subprocess.py:93} INFO - [0m00:11:29  [32mCompleted successfully[0m
[2023-06-22T00:11:29.997+0000] {subprocess.py:93} INFO - [0m00:11:29
[2023-06-22T00:11:29.999+0000] {subprocess.py:93} INFO - [0m00:11:29  Done. PASS=4 WARN=0 ERROR=0 SKIP=0 TOTAL=4
[2023-06-22T00:11:30.488+0000] {subprocess.py:97} INFO - Command exited with return code 0
[2023-06-22T00:11:30.511+0000] {taskinstance.py:1332} INFO - Marking task as SUCCESS. dag_id=showpulse_dbt_dag, task_id=dbt_run, execution_date=20230622T001019, start_date=20230622T001123, end_date=20230622T001130
[2023-06-22T00:11:30.529+0000] {local_task_job.py:212} INFO - Task exited with return code 0
[2023-06-22T00:11:30.542+0000] {taskinstance.py:2596} INFO - 0 downstream tasks scheduled from follow-on schedule check
