[2023-06-21T16:05:29.331+0000] {taskinstance.py:1090} INFO - Dependencies all met for dep_context=non-requeueable deps ti=<TaskInstance: showpulse_dbt_dag.dbt_run scheduled__2023-06-21T15:54:07.479718+00:00 [queued]>
[2023-06-21T16:05:29.338+0000] {taskinstance.py:1090} INFO - Dependencies all met for dep_context=requeueable deps ti=<TaskInstance: showpulse_dbt_dag.dbt_run scheduled__2023-06-21T15:54:07.479718+00:00 [queued]>
[2023-06-21T16:05:29.338+0000] {taskinstance.py:1288} INFO - 
--------------------------------------------------------------------------------
[2023-06-21T16:05:29.339+0000] {taskinstance.py:1289} INFO - Starting attempt 1 of 1
[2023-06-21T16:05:29.339+0000] {taskinstance.py:1290} INFO - 
--------------------------------------------------------------------------------
[2023-06-21T16:05:29.347+0000] {taskinstance.py:1309} INFO - Executing <Task(BashOperator): dbt_run> on 2023-06-21 15:54:07.479718+00:00
[2023-06-21T16:05:29.352+0000] {standard_task_runner.py:55} INFO - Started process 4616 to run task
[2023-06-21T16:05:29.356+0000] {standard_task_runner.py:82} INFO - Running: ['***', 'tasks', 'run', 'showpulse_dbt_dag', 'dbt_run', 'scheduled__2023-06-21T15:54:07.479718+00:00', '--job-id', '826', '--raw', '--subdir', 'DAGS_FOLDER/dbt_run.py', '--cfg-path', '/tmp/tmpgyil46ac']
[2023-06-21T16:05:29.356+0000] {standard_task_runner.py:83} INFO - Job 826: Subtask dbt_run
[2023-06-21T16:05:29.416+0000] {task_command.py:389} INFO - Running <TaskInstance: showpulse_dbt_dag.dbt_run scheduled__2023-06-21T15:54:07.479718+00:00 [running]> on host 62cfed75eae1
[2023-06-21T16:05:29.473+0000] {taskinstance.py:1518} INFO - Exporting the following env vars:
AIRFLOW_CTX_DAG_OWNER=nburkett
AIRFLOW_CTX_DAG_ID=showpulse_dbt_dag
AIRFLOW_CTX_TASK_ID=dbt_run
AIRFLOW_CTX_EXECUTION_DATE=2023-06-21T15:54:07.479718+00:00
AIRFLOW_CTX_TRY_NUMBER=1
AIRFLOW_CTX_DAG_RUN_ID=scheduled__2023-06-21T15:54:07.479718+00:00
[2023-06-21T16:05:29.474+0000] {subprocess.py:63} INFO - Tmp dir root location: 
 /tmp
[2023-06-21T16:05:29.476+0000] {subprocess.py:75} INFO - Running command: ['/bin/bash', '-c', 'cd /dbt/ticketmaster_transformation && dbt run']
[2023-06-21T16:05:29.484+0000] {subprocess.py:86} INFO - Output:
[2023-06-21T16:05:30.840+0000] {subprocess.py:93} INFO - [0m16:05:30  Running with dbt=1.5.1
[2023-06-21T16:05:31.344+0000] {subprocess.py:93} INFO - [0m16:05:31  Found 4 models, 0 tests, 0 snapshots, 0 analyses, 356 macros, 0 operations, 0 seed files, 3 sources, 0 exposures, 0 metrics, 0 groups
[2023-06-21T16:05:31.346+0000] {subprocess.py:93} INFO - [0m16:05:31
[2023-06-21T16:05:32.733+0000] {subprocess.py:93} INFO - [0m16:05:32  Concurrency: 4 threads (target='dev')
[2023-06-21T16:05:32.737+0000] {subprocess.py:93} INFO - [0m16:05:32
[2023-06-21T16:05:32.755+0000] {subprocess.py:93} INFO - [0m16:05:32  1 of 4 START sql table model twitter_kafka_pyspark_test.distinct_data .......... [RUN]
[2023-06-21T16:05:32.760+0000] {subprocess.py:93} INFO - [0m16:05:32  3 of 4 START sql table model twitter_kafka_pyspark_test.my_first_dbt_model ..... [RUN]
[2023-06-21T16:05:32.762+0000] {subprocess.py:93} INFO - [0m16:05:32  2 of 4 START sql table model twitter_kafka_pyspark_test.dm_events .............. [RUN]
[2023-06-21T16:05:36.186+0000] {subprocess.py:93} INFO - [0m16:05:36  2 of 4 OK created sql table model twitter_kafka_pyspark_test.dm_events ......... [[32mCREATE TABLE (1.3k rows, 178.2 KiB processed)[0m in 3.42s]
[2023-06-21T16:05:36.357+0000] {subprocess.py:93} INFO - [0m16:05:36  3 of 4 OK created sql table model twitter_kafka_pyspark_test.my_first_dbt_model  [[32mCREATE TABLE (2.0 rows, 0 processed)[0m in 3.59s]
[2023-06-21T16:05:36.362+0000] {subprocess.py:93} INFO - [0m16:05:36  4 of 4 START sql view model twitter_kafka_pyspark_test.my_second_dbt_model ..... [RUN]
[2023-06-21T16:05:38.443+0000] {subprocess.py:93} INFO - [0m16:05:38  4 of 4 OK created sql view model twitter_kafka_pyspark_test.my_second_dbt_model  [[32mCREATE VIEW (0 processed)[0m in 2.08s]
[2023-06-21T16:05:47.535+0000] {subprocess.py:93} INFO - [0m16:05:47  1 of 4 OK created sql table model twitter_kafka_pyspark_test.distinct_data ..... [[32mCREATE TABLE (1.1k rows, 638.3 KiB processed)[0m in 14.77s]
[2023-06-21T16:05:47.590+0000] {subprocess.py:93} INFO - [0m16:05:47
[2023-06-21T16:05:47.591+0000] {subprocess.py:93} INFO - [0m16:05:47  Finished running 3 table models, 1 view model in 0 hours 0 minutes and 16.24 seconds (16.24s).
[2023-06-21T16:05:47.611+0000] {subprocess.py:93} INFO - [0m16:05:47
[2023-06-21T16:05:47.612+0000] {subprocess.py:93} INFO - [0m16:05:47  [32mCompleted successfully[0m
[2023-06-21T16:05:47.613+0000] {subprocess.py:93} INFO - [0m16:05:47
[2023-06-21T16:05:47.614+0000] {subprocess.py:93} INFO - [0m16:05:47  Done. PASS=4 WARN=0 ERROR=0 SKIP=0 TOTAL=4
[2023-06-21T16:05:48.116+0000] {subprocess.py:97} INFO - Command exited with return code 0
[2023-06-21T16:05:48.142+0000] {taskinstance.py:1332} INFO - Marking task as SUCCESS. dag_id=showpulse_dbt_dag, task_id=dbt_run, execution_date=20230621T155407, start_date=20230621T160529, end_date=20230621T160548
[2023-06-21T16:05:48.178+0000] {local_task_job.py:212} INFO - Task exited with return code 0
[2023-06-21T16:05:48.193+0000] {taskinstance.py:2596} INFO - 0 downstream tasks scheduled from follow-on schedule check
