[2023-06-23T00:47:33.586+0000] {taskinstance.py:1090} INFO - Dependencies all met for dep_context=non-requeueable deps ti=<TaskInstance: showpulse_dbt_dag.pwd2 scheduled__2023-06-23T00:46:30.826087+00:00 [queued]>
[2023-06-23T00:47:33.592+0000] {taskinstance.py:1090} INFO - Dependencies all met for dep_context=requeueable deps ti=<TaskInstance: showpulse_dbt_dag.pwd2 scheduled__2023-06-23T00:46:30.826087+00:00 [queued]>
[2023-06-23T00:47:33.593+0000] {taskinstance.py:1288} INFO - 
--------------------------------------------------------------------------------
[2023-06-23T00:47:33.593+0000] {taskinstance.py:1289} INFO - Starting attempt 1 of 1
[2023-06-23T00:47:33.594+0000] {taskinstance.py:1290} INFO - 
--------------------------------------------------------------------------------
[2023-06-23T00:47:33.602+0000] {taskinstance.py:1309} INFO - Executing <Task(BashOperator): pwd2> on 2023-06-23 00:46:30.826087+00:00
[2023-06-23T00:47:33.605+0000] {standard_task_runner.py:55} INFO - Started process 20987 to run task
[2023-06-23T00:47:33.608+0000] {standard_task_runner.py:82} INFO - Running: ['***', 'tasks', 'run', 'showpulse_dbt_dag', 'pwd2', 'scheduled__2023-06-23T00:46:30.826087+00:00', '--job-id', '2377', '--raw', '--subdir', 'DAGS_FOLDER/dbt_run.py', '--cfg-path', '/tmp/tmpcpw6udm7']
[2023-06-23T00:47:33.609+0000] {standard_task_runner.py:83} INFO - Job 2377: Subtask pwd2
[2023-06-23T00:47:33.661+0000] {task_command.py:389} INFO - Running <TaskInstance: showpulse_dbt_dag.pwd2 scheduled__2023-06-23T00:46:30.826087+00:00 [running]> on host 62cfed75eae1
[2023-06-23T00:47:33.711+0000] {taskinstance.py:1518} INFO - Exporting the following env vars:
AIRFLOW_CTX_DAG_OWNER=nburkett
AIRFLOW_CTX_DAG_ID=showpulse_dbt_dag
AIRFLOW_CTX_TASK_ID=pwd2
AIRFLOW_CTX_EXECUTION_DATE=2023-06-23T00:46:30.826087+00:00
AIRFLOW_CTX_TRY_NUMBER=1
AIRFLOW_CTX_DAG_RUN_ID=scheduled__2023-06-23T00:46:30.826087+00:00
[2023-06-23T00:47:33.713+0000] {subprocess.py:63} INFO - Tmp dir root location: 
 /tmp
[2023-06-23T00:47:33.713+0000] {subprocess.py:75} INFO - Running command: ['/bin/bash', '-c', 'cd /dbt/ticketmaster_transformation && pwd && ls']
[2023-06-23T00:47:33.722+0000] {subprocess.py:86} INFO - Output:
[2023-06-23T00:47:33.724+0000] {subprocess.py:93} INFO - /dbt/ticketmaster_transformation
[2023-06-23T00:47:33.725+0000] {subprocess.py:93} INFO - README.md
[2023-06-23T00:47:33.726+0000] {subprocess.py:93} INFO - analyses
[2023-06-23T00:47:33.726+0000] {subprocess.py:93} INFO - dbt_packages
[2023-06-23T00:47:33.727+0000] {subprocess.py:93} INFO - dbt_project.yml
[2023-06-23T00:47:33.727+0000] {subprocess.py:93} INFO - logs
[2023-06-23T00:47:33.728+0000] {subprocess.py:93} INFO - macros
[2023-06-23T00:47:33.728+0000] {subprocess.py:93} INFO - models
[2023-06-23T00:47:33.728+0000] {subprocess.py:93} INFO - profiles.yml
[2023-06-23T00:47:33.729+0000] {subprocess.py:93} INFO - seeds
[2023-06-23T00:47:33.729+0000] {subprocess.py:93} INFO - snapshots
[2023-06-23T00:47:33.730+0000] {subprocess.py:93} INFO - target
[2023-06-23T00:47:33.730+0000] {subprocess.py:93} INFO - tests
[2023-06-23T00:47:33.731+0000] {subprocess.py:97} INFO - Command exited with return code 0
[2023-06-23T00:47:33.752+0000] {taskinstance.py:1332} INFO - Marking task as SUCCESS. dag_id=showpulse_dbt_dag, task_id=pwd2, execution_date=20230623T004630, start_date=20230623T004733, end_date=20230623T004733
[2023-06-23T00:47:33.781+0000] {local_task_job.py:212} INFO - Task exited with return code 0
[2023-06-23T00:47:33.798+0000] {taskinstance.py:2596} INFO - 1 downstream tasks scheduled from follow-on schedule check
