[2023-06-22T15:02:03.391+0000] {taskinstance.py:1090} INFO - Dependencies all met for dep_context=non-requeueable deps ti=<TaskInstance: showpulse_dbt_dag.dbt_run scheduled__2023-06-22T15:00:59.047231+00:00 [queued]>
[2023-06-22T15:02:03.398+0000] {taskinstance.py:1090} INFO - Dependencies all met for dep_context=requeueable deps ti=<TaskInstance: showpulse_dbt_dag.dbt_run scheduled__2023-06-22T15:00:59.047231+00:00 [queued]>
[2023-06-22T15:02:03.399+0000] {taskinstance.py:1288} INFO - 
--------------------------------------------------------------------------------
[2023-06-22T15:02:03.399+0000] {taskinstance.py:1289} INFO - Starting attempt 1 of 1
[2023-06-22T15:02:03.400+0000] {taskinstance.py:1290} INFO - 
--------------------------------------------------------------------------------
[2023-06-22T15:02:03.408+0000] {taskinstance.py:1309} INFO - Executing <Task(BashOperator): dbt_run> on 2023-06-22 15:00:59.047231+00:00
[2023-06-22T15:02:03.412+0000] {standard_task_runner.py:55} INFO - Started process 16508 to run task
[2023-06-22T15:02:03.415+0000] {standard_task_runner.py:82} INFO - Running: ['***', 'tasks', 'run', 'showpulse_dbt_dag', 'dbt_run', 'scheduled__2023-06-22T15:00:59.047231+00:00', '--job-id', '1910', '--raw', '--subdir', 'DAGS_FOLDER/dbt_run.py', '--cfg-path', '/tmp/tmpfwtt6uea']
[2023-06-22T15:02:03.416+0000] {standard_task_runner.py:83} INFO - Job 1910: Subtask dbt_run
[2023-06-22T15:02:03.469+0000] {task_command.py:389} INFO - Running <TaskInstance: showpulse_dbt_dag.dbt_run scheduled__2023-06-22T15:00:59.047231+00:00 [running]> on host 62cfed75eae1
[2023-06-22T15:02:03.519+0000] {taskinstance.py:1518} INFO - Exporting the following env vars:
AIRFLOW_CTX_DAG_OWNER=nburkett
AIRFLOW_CTX_DAG_ID=showpulse_dbt_dag
AIRFLOW_CTX_TASK_ID=dbt_run
AIRFLOW_CTX_EXECUTION_DATE=2023-06-22T15:00:59.047231+00:00
AIRFLOW_CTX_TRY_NUMBER=1
AIRFLOW_CTX_DAG_RUN_ID=scheduled__2023-06-22T15:00:59.047231+00:00
[2023-06-22T15:02:03.520+0000] {subprocess.py:63} INFO - Tmp dir root location: 
 /tmp
[2023-06-22T15:02:03.521+0000] {subprocess.py:75} INFO - Running command: ['/bin/bash', '-c', 'cd /dbt/ticketmaster_transformation && dbt run']
[2023-06-22T15:02:03.529+0000] {subprocess.py:86} INFO - Output:
[2023-06-22T15:02:04.790+0000] {subprocess.py:93} INFO - [0m15:02:04  Running with dbt=1.5.1
[2023-06-22T15:02:05.271+0000] {subprocess.py:93} INFO - [0m15:02:05  Found 4 models, 0 tests, 0 snapshots, 0 analyses, 356 macros, 0 operations, 0 seed files, 3 sources, 0 exposures, 0 metrics, 0 groups
[2023-06-22T15:02:05.274+0000] {subprocess.py:93} INFO - [0m15:02:05
[2023-06-22T15:02:06.042+0000] {subprocess.py:93} INFO - [0m15:02:06  Concurrency: 4 threads (target='dev')
[2023-06-22T15:02:06.045+0000] {subprocess.py:93} INFO - [0m15:02:06
[2023-06-22T15:02:06.061+0000] {subprocess.py:93} INFO - [0m15:02:06  1 of 4 START sql table model twitter_kafka_pyspark_test.distinct_data .......... [RUN]
[2023-06-22T15:02:06.063+0000] {subprocess.py:93} INFO - [0m15:02:06  2 of 4 START sql table model twitter_kafka_pyspark_test.dm_events .............. [RUN]
[2023-06-22T15:02:06.065+0000] {subprocess.py:93} INFO - [0m15:02:06  3 of 4 START sql table model twitter_kafka_pyspark_test.my_first_dbt_model ..... [RUN]
[2023-06-22T15:02:24.210+0000] {subprocess.py:93} INFO - [0m15:02:24  1 of 4 OK created sql table model twitter_kafka_pyspark_test.distinct_data ..... [[32mCREATE TABLE (1.1k rows, 638.3 KiB processed)[0m in 18.14s]
[2023-06-22T15:02:24.212+0000] {subprocess.py:93} INFO - [0m15:02:24  3 of 4 OK created sql table model twitter_kafka_pyspark_test.my_first_dbt_model  [[32mCREATE TABLE (2.0 rows, 0 processed)[0m in 18.14s]
[2023-06-22T15:02:24.219+0000] {subprocess.py:93} INFO - [0m15:02:24  4 of 4 START sql view model twitter_kafka_pyspark_test.my_second_dbt_model ..... [RUN]
[2023-06-22T15:02:24.423+0000] {subprocess.py:93} INFO - [0m15:02:24  2 of 4 OK created sql table model twitter_kafka_pyspark_test.dm_events ......... [[32mCREATE TABLE (1.3k rows, 178.2 KiB processed)[0m in 18.35s]
[2023-06-22T15:02:25.394+0000] {subprocess.py:93} INFO - [0m15:02:25  4 of 4 OK created sql view model twitter_kafka_pyspark_test.my_second_dbt_model  [[32mCREATE VIEW (0 processed)[0m in 1.17s]
[2023-06-22T15:02:25.414+0000] {subprocess.py:93} INFO - [0m15:02:25
[2023-06-22T15:02:25.416+0000] {subprocess.py:93} INFO - [0m15:02:25  Finished running 3 table models, 1 view model in 0 hours 0 minutes and 20.14 seconds (20.14s).
[2023-06-22T15:02:25.445+0000] {subprocess.py:93} INFO - [0m15:02:25
[2023-06-22T15:02:25.446+0000] {subprocess.py:93} INFO - [0m15:02:25  [32mCompleted successfully[0m
[2023-06-22T15:02:25.447+0000] {subprocess.py:93} INFO - [0m15:02:25
[2023-06-22T15:02:25.449+0000] {subprocess.py:93} INFO - [0m15:02:25  Done. PASS=4 WARN=0 ERROR=0 SKIP=0 TOTAL=4
[2023-06-22T15:02:27.241+0000] {subprocess.py:97} INFO - Command exited with return code 0
[2023-06-22T15:02:27.272+0000] {taskinstance.py:1332} INFO - Marking task as SUCCESS. dag_id=showpulse_dbt_dag, task_id=dbt_run, execution_date=20230622T150059, start_date=20230622T150203, end_date=20230622T150227
[2023-06-22T15:02:27.306+0000] {local_task_job.py:212} INFO - Task exited with return code 0
[2023-06-22T15:02:27.321+0000] {taskinstance.py:2596} INFO - 0 downstream tasks scheduled from follow-on schedule check
