[2023-06-23T01:43:35.029+0000] {taskinstance.py:1090} INFO - Dependencies all met for dep_context=non-requeueable deps ti=<TaskInstance: showpulse_dbt_dag.dbt_run scheduled__2023-06-23T01:42:31.696804+00:00 [queued]>
[2023-06-23T01:43:35.036+0000] {taskinstance.py:1090} INFO - Dependencies all met for dep_context=requeueable deps ti=<TaskInstance: showpulse_dbt_dag.dbt_run scheduled__2023-06-23T01:42:31.696804+00:00 [queued]>
[2023-06-23T01:43:35.036+0000] {taskinstance.py:1288} INFO - 
--------------------------------------------------------------------------------
[2023-06-23T01:43:35.037+0000] {taskinstance.py:1289} INFO - Starting attempt 1 of 1
[2023-06-23T01:43:35.037+0000] {taskinstance.py:1290} INFO - 
--------------------------------------------------------------------------------
[2023-06-23T01:43:35.045+0000] {taskinstance.py:1309} INFO - Executing <Task(BashOperator): dbt_run> on 2023-06-23 01:42:31.696804+00:00
[2023-06-23T01:43:35.048+0000] {standard_task_runner.py:55} INFO - Started process 23786 to run task
[2023-06-23T01:43:35.052+0000] {standard_task_runner.py:82} INFO - Running: ['***', 'tasks', 'run', 'showpulse_dbt_dag', 'dbt_run', 'scheduled__2023-06-23T01:42:31.696804+00:00', '--job-id', '2602', '--raw', '--subdir', 'DAGS_FOLDER/dbt_run.py', '--cfg-path', '/tmp/tmpiu6waqj3']
[2023-06-23T01:43:35.052+0000] {standard_task_runner.py:83} INFO - Job 2602: Subtask dbt_run
[2023-06-23T01:43:35.108+0000] {task_command.py:389} INFO - Running <TaskInstance: showpulse_dbt_dag.dbt_run scheduled__2023-06-23T01:42:31.696804+00:00 [running]> on host 62cfed75eae1
[2023-06-23T01:43:35.158+0000] {taskinstance.py:1518} INFO - Exporting the following env vars:
AIRFLOW_CTX_DAG_OWNER=nburkett
AIRFLOW_CTX_DAG_ID=showpulse_dbt_dag
AIRFLOW_CTX_TASK_ID=dbt_run
AIRFLOW_CTX_EXECUTION_DATE=2023-06-23T01:42:31.696804+00:00
AIRFLOW_CTX_TRY_NUMBER=1
AIRFLOW_CTX_DAG_RUN_ID=scheduled__2023-06-23T01:42:31.696804+00:00
[2023-06-23T01:43:35.160+0000] {subprocess.py:63} INFO - Tmp dir root location: 
 /tmp
[2023-06-23T01:43:35.161+0000] {subprocess.py:75} INFO - Running command: ['/bin/bash', '-c', 'cd /dbt/ticketmaster_transformation && dbt run']
[2023-06-23T01:43:35.168+0000] {subprocess.py:86} INFO - Output:
[2023-06-23T01:43:36.462+0000] {subprocess.py:93} INFO - [0m01:43:36  Running with dbt=1.5.1
[2023-06-23T01:43:37.055+0000] {subprocess.py:93} INFO - [0m01:43:37  Found 4 models, 0 tests, 0 snapshots, 0 analyses, 356 macros, 0 operations, 0 seed files, 3 sources, 0 exposures, 0 metrics, 0 groups
[2023-06-23T01:43:37.057+0000] {subprocess.py:93} INFO - [0m01:43:37
[2023-06-23T01:43:37.821+0000] {subprocess.py:93} INFO - [0m01:43:37  Concurrency: 4 threads (target='dev')
[2023-06-23T01:43:37.823+0000] {subprocess.py:93} INFO - [0m01:43:37
[2023-06-23T01:43:37.833+0000] {subprocess.py:93} INFO - [0m01:43:37  1 of 4 START sql table model twitter_kafka_pyspark_test.distinct_data .......... [RUN]
[2023-06-23T01:43:37.835+0000] {subprocess.py:93} INFO - [0m01:43:37  2 of 4 START sql table model twitter_kafka_pyspark_test.dm_events .............. [RUN]
[2023-06-23T01:43:37.837+0000] {subprocess.py:93} INFO - [0m01:43:37  3 of 4 START sql table model twitter_kafka_pyspark_test.my_first_dbt_model ..... [RUN]
[2023-06-23T01:43:40.580+0000] {subprocess.py:93} INFO - [0m01:43:40  1 of 4 OK created sql table model twitter_kafka_pyspark_test.distinct_data ..... [[32mCREATE TABLE (0.0 rows, 0 processed)[0m in 2.73s]
[2023-06-23T01:43:40.798+0000] {subprocess.py:93} INFO - [0m01:43:40  2 of 4 OK created sql table model twitter_kafka_pyspark_test.dm_events ......... [[32mCREATE TABLE (0.0 rows, 0 processed)[0m in 2.95s]
[2023-06-23T01:43:40.965+0000] {subprocess.py:93} INFO - [0m01:43:40  3 of 4 OK created sql table model twitter_kafka_pyspark_test.my_first_dbt_model  [[32mCREATE TABLE (2.0 rows, 0 processed)[0m in 3.12s]
[2023-06-23T01:43:40.974+0000] {subprocess.py:93} INFO - [0m01:43:40  4 of 4 START sql view model twitter_kafka_pyspark_test.my_second_dbt_model ..... [RUN]
[2023-06-23T01:43:42.367+0000] {subprocess.py:93} INFO - [0m01:43:42  4 of 4 OK created sql view model twitter_kafka_pyspark_test.my_second_dbt_model  [[32mCREATE VIEW (0 processed)[0m in 1.39s]
[2023-06-23T01:43:42.401+0000] {subprocess.py:93} INFO - [0m01:43:42
[2023-06-23T01:43:42.413+0000] {subprocess.py:93} INFO - [0m01:43:42  Finished running 3 table models, 1 view model in 0 hours 0 minutes and 5.34 seconds (5.34s).
[2023-06-23T01:43:42.443+0000] {subprocess.py:93} INFO - [0m01:43:42
[2023-06-23T01:43:42.444+0000] {subprocess.py:93} INFO - [0m01:43:42  [32mCompleted successfully[0m
[2023-06-23T01:43:42.446+0000] {subprocess.py:93} INFO - [0m01:43:42
[2023-06-23T01:43:42.447+0000] {subprocess.py:93} INFO - [0m01:43:42  Done. PASS=4 WARN=0 ERROR=0 SKIP=0 TOTAL=4
[2023-06-23T01:43:42.906+0000] {subprocess.py:97} INFO - Command exited with return code 0
[2023-06-23T01:43:42.933+0000] {taskinstance.py:1332} INFO - Marking task as SUCCESS. dag_id=showpulse_dbt_dag, task_id=dbt_run, execution_date=20230623T014231, start_date=20230623T014335, end_date=20230623T014342
[2023-06-23T01:43:42.957+0000] {local_task_job.py:212} INFO - Task exited with return code 0
[2023-06-23T01:43:42.973+0000] {taskinstance.py:2596} INFO - 0 downstream tasks scheduled from follow-on schedule check
