[2023-06-22T23:54:24.082+0000] {taskinstance.py:1090} INFO - Dependencies all met for dep_context=non-requeueable deps ti=<TaskInstance: showpulse_dbt_dag.dbt_run scheduled__2023-06-22T23:53:20.707051+00:00 [queued]>
[2023-06-22T23:54:24.089+0000] {taskinstance.py:1090} INFO - Dependencies all met for dep_context=requeueable deps ti=<TaskInstance: showpulse_dbt_dag.dbt_run scheduled__2023-06-22T23:53:20.707051+00:00 [queued]>
[2023-06-22T23:54:24.089+0000] {taskinstance.py:1288} INFO - 
--------------------------------------------------------------------------------
[2023-06-22T23:54:24.090+0000] {taskinstance.py:1289} INFO - Starting attempt 1 of 1
[2023-06-22T23:54:24.090+0000] {taskinstance.py:1290} INFO - 
--------------------------------------------------------------------------------
[2023-06-22T23:54:24.098+0000] {taskinstance.py:1309} INFO - Executing <Task(BashOperator): dbt_run> on 2023-06-22 23:53:20.707051+00:00
[2023-06-22T23:54:24.102+0000] {standard_task_runner.py:55} INFO - Started process 19585 to run task
[2023-06-22T23:54:24.106+0000] {standard_task_runner.py:82} INFO - Running: ['***', 'tasks', 'run', 'showpulse_dbt_dag', 'dbt_run', 'scheduled__2023-06-22T23:53:20.707051+00:00', '--job-id', '2254', '--raw', '--subdir', 'DAGS_FOLDER/dbt_run.py', '--cfg-path', '/tmp/tmpwodql3dn']
[2023-06-22T23:54:24.106+0000] {standard_task_runner.py:83} INFO - Job 2254: Subtask dbt_run
[2023-06-22T23:54:24.163+0000] {task_command.py:389} INFO - Running <TaskInstance: showpulse_dbt_dag.dbt_run scheduled__2023-06-22T23:53:20.707051+00:00 [running]> on host 62cfed75eae1
[2023-06-22T23:54:24.217+0000] {taskinstance.py:1518} INFO - Exporting the following env vars:
AIRFLOW_CTX_DAG_OWNER=nburkett
AIRFLOW_CTX_DAG_ID=showpulse_dbt_dag
AIRFLOW_CTX_TASK_ID=dbt_run
AIRFLOW_CTX_EXECUTION_DATE=2023-06-22T23:53:20.707051+00:00
AIRFLOW_CTX_TRY_NUMBER=1
AIRFLOW_CTX_DAG_RUN_ID=scheduled__2023-06-22T23:53:20.707051+00:00
[2023-06-22T23:54:24.218+0000] {subprocess.py:63} INFO - Tmp dir root location: 
 /tmp
[2023-06-22T23:54:24.219+0000] {subprocess.py:75} INFO - Running command: ['/bin/bash', '-c', 'cd /dbt/ticketmaster_transformation && dbt run']
[2023-06-22T23:54:24.228+0000] {subprocess.py:86} INFO - Output:
[2023-06-22T23:54:25.527+0000] {subprocess.py:93} INFO - [0m23:54:25  Running with dbt=1.5.1
[2023-06-22T23:54:26.062+0000] {subprocess.py:93} INFO - [0m23:54:26  Found 4 models, 0 tests, 0 snapshots, 0 analyses, 356 macros, 0 operations, 0 seed files, 3 sources, 0 exposures, 0 metrics, 0 groups
[2023-06-22T23:54:26.066+0000] {subprocess.py:93} INFO - [0m23:54:26
[2023-06-22T23:54:26.801+0000] {subprocess.py:93} INFO - [0m23:54:26  Concurrency: 4 threads (target='dev')
[2023-06-22T23:54:26.802+0000] {subprocess.py:93} INFO - [0m23:54:26
[2023-06-22T23:54:26.811+0000] {subprocess.py:93} INFO - [0m23:54:26  1 of 4 START sql table model twitter_kafka_pyspark_test.distinct_data .......... [RUN]
[2023-06-22T23:54:26.813+0000] {subprocess.py:93} INFO - [0m23:54:26  2 of 4 START sql table model twitter_kafka_pyspark_test.dm_events .............. [RUN]
[2023-06-22T23:54:26.815+0000] {subprocess.py:93} INFO - [0m23:54:26  3 of 4 START sql table model twitter_kafka_pyspark_test.my_first_dbt_model ..... [RUN]
[2023-06-22T23:54:29.271+0000] {subprocess.py:93} INFO - [0m23:54:29  3 of 4 OK created sql table model twitter_kafka_pyspark_test.my_first_dbt_model  [[32mCREATE TABLE (2.0 rows, 0 processed)[0m in 2.45s]
[2023-06-22T23:54:29.277+0000] {subprocess.py:93} INFO - [0m23:54:29  4 of 4 START sql view model twitter_kafka_pyspark_test.my_second_dbt_model ..... [RUN]
[2023-06-22T23:54:29.784+0000] {subprocess.py:93} INFO - [0m23:54:29  2 of 4 OK created sql table model twitter_kafka_pyspark_test.dm_events ......... [[32mCREATE TABLE (1.3k rows, 178.2 KiB processed)[0m in 2.96s]
[2023-06-22T23:54:30.221+0000] {subprocess.py:93} INFO - [0m23:54:30  1 of 4 OK created sql table model twitter_kafka_pyspark_test.distinct_data ..... [[32mCREATE TABLE (1.1k rows, 638.3 KiB processed)[0m in 3.40s]
[2023-06-22T23:54:31.108+0000] {subprocess.py:93} INFO - [0m23:54:31  4 of 4 OK created sql view model twitter_kafka_pyspark_test.my_second_dbt_model  [[32mCREATE VIEW (0 processed)[0m in 1.82s]
[2023-06-22T23:54:31.231+0000] {subprocess.py:93} INFO - [0m23:54:31
[2023-06-22T23:54:31.233+0000] {subprocess.py:93} INFO - [0m23:54:31  Finished running 3 table models, 1 view model in 0 hours 0 minutes and 5.16 seconds (5.16s).
[2023-06-22T23:54:31.262+0000] {subprocess.py:93} INFO - [0m23:54:31
[2023-06-22T23:54:31.265+0000] {subprocess.py:93} INFO - [0m23:54:31  [32mCompleted successfully[0m
[2023-06-22T23:54:31.268+0000] {subprocess.py:93} INFO - [0m23:54:31
[2023-06-22T23:54:31.270+0000] {subprocess.py:93} INFO - [0m23:54:31  Done. PASS=4 WARN=0 ERROR=0 SKIP=0 TOTAL=4
[2023-06-22T23:54:32.235+0000] {subprocess.py:97} INFO - Command exited with return code 0
[2023-06-22T23:54:32.269+0000] {taskinstance.py:1332} INFO - Marking task as SUCCESS. dag_id=showpulse_dbt_dag, task_id=dbt_run, execution_date=20230622T235320, start_date=20230622T235424, end_date=20230622T235432
[2023-06-22T23:54:32.334+0000] {local_task_job.py:212} INFO - Task exited with return code 0
[2023-06-22T23:54:32.353+0000] {taskinstance.py:2596} INFO - 0 downstream tasks scheduled from follow-on schedule check
