[2023-06-21T01:33:45.837+0000] {taskinstance.py:1090} INFO - Dependencies all met for dep_context=non-requeueable deps ti=<TaskInstance: showpulse_dbt_dag.dbt_run scheduled__2023-06-21T01:32:41.605742+00:00 [queued]>
[2023-06-21T01:33:45.843+0000] {taskinstance.py:1090} INFO - Dependencies all met for dep_context=requeueable deps ti=<TaskInstance: showpulse_dbt_dag.dbt_run scheduled__2023-06-21T01:32:41.605742+00:00 [queued]>
[2023-06-21T01:33:45.844+0000] {taskinstance.py:1288} INFO - 
--------------------------------------------------------------------------------
[2023-06-21T01:33:45.844+0000] {taskinstance.py:1289} INFO - Starting attempt 1 of 1
[2023-06-21T01:33:45.845+0000] {taskinstance.py:1290} INFO - 
--------------------------------------------------------------------------------
[2023-06-21T01:33:45.852+0000] {taskinstance.py:1309} INFO - Executing <Task(BashOperator): dbt_run> on 2023-06-21 01:32:41.605742+00:00
[2023-06-21T01:33:45.856+0000] {standard_task_runner.py:55} INFO - Started process 1993 to run task
[2023-06-21T01:33:45.859+0000] {standard_task_runner.py:82} INFO - Running: ['***', 'tasks', 'run', 'showpulse_dbt_dag', 'dbt_run', 'scheduled__2023-06-21T01:32:41.605742+00:00', '--job-id', '542', '--raw', '--subdir', 'DAGS_FOLDER/dbt_run.py', '--cfg-path', '/tmp/tmpg926rny3']
[2023-06-21T01:33:45.860+0000] {standard_task_runner.py:83} INFO - Job 542: Subtask dbt_run
[2023-06-21T01:33:45.912+0000] {task_command.py:389} INFO - Running <TaskInstance: showpulse_dbt_dag.dbt_run scheduled__2023-06-21T01:32:41.605742+00:00 [running]> on host 62cfed75eae1
[2023-06-21T01:33:45.966+0000] {taskinstance.py:1518} INFO - Exporting the following env vars:
AIRFLOW_CTX_DAG_OWNER=nburkett
AIRFLOW_CTX_DAG_ID=showpulse_dbt_dag
AIRFLOW_CTX_TASK_ID=dbt_run
AIRFLOW_CTX_EXECUTION_DATE=2023-06-21T01:32:41.605742+00:00
AIRFLOW_CTX_TRY_NUMBER=1
AIRFLOW_CTX_DAG_RUN_ID=scheduled__2023-06-21T01:32:41.605742+00:00
[2023-06-21T01:33:45.967+0000] {subprocess.py:63} INFO - Tmp dir root location: 
 /tmp
[2023-06-21T01:33:45.968+0000] {subprocess.py:75} INFO - Running command: ['/bin/bash', '-c', 'cd /dbt/ticketmaster_transformation && dbt run']
[2023-06-21T01:33:45.976+0000] {subprocess.py:86} INFO - Output:
[2023-06-21T01:33:47.612+0000] {subprocess.py:93} INFO - [0m01:33:47  Running with dbt=1.5.1
[2023-06-21T01:33:48.092+0000] {subprocess.py:93} INFO - [0m01:33:48  Found 4 models, 0 tests, 0 snapshots, 0 analyses, 356 macros, 0 operations, 0 seed files, 3 sources, 0 exposures, 0 metrics, 0 groups
[2023-06-21T01:33:48.094+0000] {subprocess.py:93} INFO - [0m01:33:48
[2023-06-21T01:33:49.163+0000] {subprocess.py:93} INFO - [0m01:33:49  Concurrency: 4 threads (target='dev')
[2023-06-21T01:33:49.165+0000] {subprocess.py:93} INFO - [0m01:33:49
[2023-06-21T01:33:49.174+0000] {subprocess.py:93} INFO - [0m01:33:49  1 of 4 START sql table model twitter_kafka_pyspark_test.distinct_data .......... [RUN]
[2023-06-21T01:33:49.175+0000] {subprocess.py:93} INFO - [0m01:33:49  2 of 4 START sql table model twitter_kafka_pyspark_test.dm_events .............. [RUN]
[2023-06-21T01:33:49.177+0000] {subprocess.py:93} INFO - [0m01:33:49  3 of 4 START sql table model twitter_kafka_pyspark_test.my_first_dbt_model ..... [RUN]
[2023-06-21T01:33:51.899+0000] {subprocess.py:93} INFO - [0m01:33:51  3 of 4 OK created sql table model twitter_kafka_pyspark_test.my_first_dbt_model  [[32mCREATE TABLE (2.0 rows, 0 processed)[0m in 2.72s]
[2023-06-21T01:33:51.904+0000] {subprocess.py:93} INFO - [0m01:33:51  4 of 4 START sql view model twitter_kafka_pyspark_test.my_second_dbt_model ..... [RUN]
[2023-06-21T01:33:52.231+0000] {subprocess.py:93} INFO - [0m01:33:52  2 of 4 OK created sql table model twitter_kafka_pyspark_test.dm_events ......... [[32mCREATE TABLE (1.3k rows, 178.2 KiB processed)[0m in 3.05s]
[2023-06-21T01:33:52.482+0000] {subprocess.py:93} INFO - [0m01:33:52  1 of 4 OK created sql table model twitter_kafka_pyspark_test.distinct_data ..... [[32mCREATE TABLE (1.1k rows, 638.3 KiB processed)[0m in 3.30s]
[2023-06-21T01:33:52.843+0000] {subprocess.py:93} INFO - [0m01:33:52  4 of 4 OK created sql view model twitter_kafka_pyspark_test.my_second_dbt_model  [[32mCREATE VIEW (0 processed)[0m in 0.93s]
[2023-06-21T01:33:52.889+0000] {subprocess.py:93} INFO - [0m01:33:52
[2023-06-21T01:33:52.890+0000] {subprocess.py:93} INFO - [0m01:33:52  Finished running 3 table models, 1 view model in 0 hours 0 minutes and 4.79 seconds (4.79s).
[2023-06-21T01:33:52.909+0000] {subprocess.py:93} INFO - [0m01:33:52
[2023-06-21T01:33:52.910+0000] {subprocess.py:93} INFO - [0m01:33:52  [32mCompleted successfully[0m
[2023-06-21T01:33:52.911+0000] {subprocess.py:93} INFO - [0m01:33:52
[2023-06-21T01:33:52.912+0000] {subprocess.py:93} INFO - [0m01:33:52  Done. PASS=4 WARN=0 ERROR=0 SKIP=0 TOTAL=4
[2023-06-21T01:33:53.340+0000] {subprocess.py:97} INFO - Command exited with return code 0
[2023-06-21T01:33:53.365+0000] {taskinstance.py:1332} INFO - Marking task as SUCCESS. dag_id=showpulse_dbt_dag, task_id=dbt_run, execution_date=20230621T013241, start_date=20230621T013345, end_date=20230621T013353
[2023-06-21T01:33:53.420+0000] {local_task_job.py:212} INFO - Task exited with return code 0
[2023-06-21T01:33:53.436+0000] {taskinstance.py:2596} INFO - 0 downstream tasks scheduled from follow-on schedule check
