[2023-05-14T16:04:47.784+0000] {taskinstance.py:1090} INFO - Dependencies all met for dep_context=non-requeueable deps ti=<TaskInstance: ny_taxi_local.get_data.bash_get_data manual__2023-05-14T01:20:13.427708+00:00 [queued]>
[2023-05-14T16:04:47.790+0000] {taskinstance.py:1090} INFO - Dependencies all met for dep_context=requeueable deps ti=<TaskInstance: ny_taxi_local.get_data.bash_get_data manual__2023-05-14T01:20:13.427708+00:00 [queued]>
[2023-05-14T16:04:47.791+0000] {taskinstance.py:1288} INFO - 
--------------------------------------------------------------------------------
[2023-05-14T16:04:47.791+0000] {taskinstance.py:1289} INFO - Starting attempt 3 of 3
[2023-05-14T16:04:47.791+0000] {taskinstance.py:1290} INFO - 
--------------------------------------------------------------------------------
[2023-05-14T16:04:47.799+0000] {taskinstance.py:1309} INFO - Executing <Task(_PythonDecoratedOperator): get_data.bash_get_data> on 2023-05-14 01:20:13.427708+00:00
[2023-05-14T16:04:47.803+0000] {standard_task_runner.py:55} INFO - Started process 81 to run task
[2023-05-14T16:04:47.806+0000] {standard_task_runner.py:82} INFO - Running: ['***', 'tasks', 'run', 'ny_taxi_local', 'get_data.bash_get_data', 'manual__2023-05-14T01:20:13.427708+00:00', '--job-id', '118', '--raw', '--subdir', 'DAGS_FOLDER/fetch_and_upload.py', '--cfg-path', '/tmp/tmp5wwikav2']
[2023-05-14T16:04:47.808+0000] {standard_task_runner.py:83} INFO - Job 118: Subtask get_data.bash_get_data
[2023-05-14T16:04:47.859+0000] {task_command.py:389} INFO - Running <TaskInstance: ny_taxi_local.get_data.bash_get_data manual__2023-05-14T01:20:13.427708+00:00 [running]> on host fdfc81637e26
[2023-05-14T16:04:47.907+0000] {taskinstance.py:1518} INFO - Exporting the following env vars:
AIRFLOW_CTX_DAG_OWNER=***
AIRFLOW_CTX_DAG_ID=ny_taxi_local
AIRFLOW_CTX_TASK_ID=get_data.bash_get_data
AIRFLOW_CTX_EXECUTION_DATE=2023-05-14T01:20:13.427708+00:00
AIRFLOW_CTX_TRY_NUMBER=3
AIRFLOW_CTX_DAG_RUN_ID=manual__2023-05-14T01:20:13.427708+00:00
[2023-05-14T16:04:47.909+0000] {subprocess.py:63} INFO - Tmp dir root location: 
 /tmp
[2023-05-14T16:04:47.910+0000] {subprocess.py:75} INFO - Running command: ['/bin/bash', '-c', 'curl -sSL https://d37ci6vzurychx.cloudfront.net/trip-data/yellow_tripdata_2021-01.parquet > /opt/***/yellow_tripdata_2021-01.parquet']
[2023-05-14T16:04:47.917+0000] {subprocess.py:86} INFO - Output:
[2023-05-14T16:04:49.129+0000] {subprocess.py:97} INFO - Command exited with return code 0
[2023-05-14T16:04:49.131+0000] {logging_mixin.py:137} INFO - File renamed from yellow_tripdata_2021-01.parquet to yellow_tripdata_2023-05-14-16-04-49.parquet
[2023-05-14T16:04:49.132+0000] {python.py:177} INFO - Done. Returned value was: yellow_tripdata_2023-05-14-16-04-49.parquet
[2023-05-14T16:04:49.160+0000] {taskinstance.py:1332} INFO - Marking task as SUCCESS. dag_id=ny_taxi_local, task_id=get_data.bash_get_data, execution_date=20230514T012013, start_date=20230514T160447, end_date=20230514T160449
[2023-05-14T16:04:49.211+0000] {local_task_job.py:212} INFO - Task exited with return code 0
[2023-05-14T16:04:49.235+0000] {taskinstance.py:2596} INFO - 1 downstream tasks scheduled from follow-on schedule check
