[2023-06-22T02:59:33.420+0000] {taskinstance.py:1090} INFO - Dependencies all met for dep_context=non-requeueable deps ti=<TaskInstance: showpulse_dbt_dag.dbt_run scheduled__2023-06-22T02:58:28.440116+00:00 [queued]>
[2023-06-22T02:59:33.427+0000] {taskinstance.py:1090} INFO - Dependencies all met for dep_context=requeueable deps ti=<TaskInstance: showpulse_dbt_dag.dbt_run scheduled__2023-06-22T02:58:28.440116+00:00 [queued]>
[2023-06-22T02:59:33.428+0000] {taskinstance.py:1288} INFO - 
--------------------------------------------------------------------------------
[2023-06-22T02:59:33.428+0000] {taskinstance.py:1289} INFO - Starting attempt 1 of 1
[2023-06-22T02:59:33.428+0000] {taskinstance.py:1290} INFO - 
--------------------------------------------------------------------------------
[2023-06-22T02:59:33.436+0000] {taskinstance.py:1309} INFO - Executing <Task(BashOperator): dbt_run> on 2023-06-22 02:58:28.440116+00:00
[2023-06-22T02:59:33.440+0000] {standard_task_runner.py:55} INFO - Started process 14356 to run task
[2023-06-22T02:59:33.443+0000] {standard_task_runner.py:82} INFO - Running: ['***', 'tasks', 'run', 'showpulse_dbt_dag', 'dbt_run', 'scheduled__2023-06-22T02:58:28.440116+00:00', '--job-id', '1694', '--raw', '--subdir', 'DAGS_FOLDER/dbt_run.py', '--cfg-path', '/tmp/tmpfb5b2klu']
[2023-06-22T02:59:33.444+0000] {standard_task_runner.py:83} INFO - Job 1694: Subtask dbt_run
[2023-06-22T02:59:33.498+0000] {task_command.py:389} INFO - Running <TaskInstance: showpulse_dbt_dag.dbt_run scheduled__2023-06-22T02:58:28.440116+00:00 [running]> on host 62cfed75eae1
[2023-06-22T02:59:33.550+0000] {taskinstance.py:1518} INFO - Exporting the following env vars:
AIRFLOW_CTX_DAG_OWNER=nburkett
AIRFLOW_CTX_DAG_ID=showpulse_dbt_dag
AIRFLOW_CTX_TASK_ID=dbt_run
AIRFLOW_CTX_EXECUTION_DATE=2023-06-22T02:58:28.440116+00:00
AIRFLOW_CTX_TRY_NUMBER=1
AIRFLOW_CTX_DAG_RUN_ID=scheduled__2023-06-22T02:58:28.440116+00:00
[2023-06-22T02:59:33.552+0000] {subprocess.py:63} INFO - Tmp dir root location: 
 /tmp
[2023-06-22T02:59:33.552+0000] {subprocess.py:75} INFO - Running command: ['/bin/bash', '-c', 'cd /dbt/ticketmaster_transformation && dbt run']
[2023-06-22T02:59:33.562+0000] {subprocess.py:86} INFO - Output:
[2023-06-22T02:59:34.823+0000] {subprocess.py:93} INFO - [0m02:59:34  Running with dbt=1.5.1
[2023-06-22T02:59:35.377+0000] {subprocess.py:93} INFO - [0m02:59:35  Found 4 models, 0 tests, 0 snapshots, 0 analyses, 356 macros, 0 operations, 0 seed files, 3 sources, 0 exposures, 0 metrics, 0 groups
[2023-06-22T02:59:35.380+0000] {subprocess.py:93} INFO - [0m02:59:35
[2023-06-22T02:59:36.172+0000] {subprocess.py:93} INFO - [0m02:59:36  Concurrency: 4 threads (target='dev')
[2023-06-22T02:59:36.174+0000] {subprocess.py:93} INFO - [0m02:59:36
[2023-06-22T02:59:36.184+0000] {subprocess.py:93} INFO - [0m02:59:36  1 of 4 START sql table model twitter_kafka_pyspark_test.distinct_data .......... [RUN]
[2023-06-22T02:59:36.185+0000] {subprocess.py:93} INFO - [0m02:59:36  2 of 4 START sql table model twitter_kafka_pyspark_test.dm_events .............. [RUN]
[2023-06-22T02:59:36.187+0000] {subprocess.py:93} INFO - [0m02:59:36  3 of 4 START sql table model twitter_kafka_pyspark_test.my_first_dbt_model ..... [RUN]
[2023-06-22T02:59:38.832+0000] {subprocess.py:93} INFO - [0m02:59:38  3 of 4 OK created sql table model twitter_kafka_pyspark_test.my_first_dbt_model  [[32mCREATE TABLE (2.0 rows, 0 processed)[0m in 2.64s]
[2023-06-22T02:59:38.837+0000] {subprocess.py:93} INFO - [0m02:59:38  4 of 4 START sql view model twitter_kafka_pyspark_test.my_second_dbt_model ..... [RUN]
[2023-06-22T02:59:39.363+0000] {subprocess.py:93} INFO - [0m02:59:39  1 of 4 OK created sql table model twitter_kafka_pyspark_test.distinct_data ..... [[32mCREATE TABLE (1.1k rows, 638.3 KiB processed)[0m in 3.17s]
[2023-06-22T02:59:39.764+0000] {subprocess.py:93} INFO - [0m02:59:39  4 of 4 OK created sql view model twitter_kafka_pyspark_test.my_second_dbt_model  [[32mCREATE VIEW (0 processed)[0m in 0.92s]
[2023-06-22T02:59:40.030+0000] {subprocess.py:93} INFO - [0m02:59:40  2 of 4 OK created sql table model twitter_kafka_pyspark_test.dm_events ......... [[32mCREATE TABLE (1.3k rows, 178.2 KiB processed)[0m in 3.84s]
[2023-06-22T02:59:40.045+0000] {subprocess.py:93} INFO - [0m02:59:40
[2023-06-22T02:59:40.046+0000] {subprocess.py:93} INFO - [0m02:59:40  Finished running 3 table models, 1 view model in 0 hours 0 minutes and 4.66 seconds (4.66s).
[2023-06-22T02:59:40.060+0000] {subprocess.py:93} INFO - [0m02:59:40
[2023-06-22T02:59:40.061+0000] {subprocess.py:93} INFO - [0m02:59:40  [32mCompleted successfully[0m
[2023-06-22T02:59:40.062+0000] {subprocess.py:93} INFO - [0m02:59:40
[2023-06-22T02:59:40.063+0000] {subprocess.py:93} INFO - [0m02:59:40  Done. PASS=4 WARN=0 ERROR=0 SKIP=0 TOTAL=4
[2023-06-22T02:59:40.529+0000] {subprocess.py:97} INFO - Command exited with return code 0
[2023-06-22T02:59:40.558+0000] {taskinstance.py:1332} INFO - Marking task as SUCCESS. dag_id=showpulse_dbt_dag, task_id=dbt_run, execution_date=20230622T025828, start_date=20230622T025933, end_date=20230622T025940
[2023-06-22T02:59:40.601+0000] {local_task_job.py:212} INFO - Task exited with return code 0
[2023-06-22T02:59:40.617+0000] {taskinstance.py:2596} INFO - 0 downstream tasks scheduled from follow-on schedule check
