[2023-06-22T21:31:11.366+0000] {taskinstance.py:1090} INFO - Dependencies all met for dep_context=non-requeueable deps ti=<TaskInstance: showpulse_dbt_dag.dbt_run scheduled__2023-06-22T21:30:07.817238+00:00 [queued]>
[2023-06-22T21:31:11.373+0000] {taskinstance.py:1090} INFO - Dependencies all met for dep_context=requeueable deps ti=<TaskInstance: showpulse_dbt_dag.dbt_run scheduled__2023-06-22T21:30:07.817238+00:00 [queued]>
[2023-06-22T21:31:11.374+0000] {taskinstance.py:1288} INFO - 
--------------------------------------------------------------------------------
[2023-06-22T21:31:11.374+0000] {taskinstance.py:1289} INFO - Starting attempt 1 of 1
[2023-06-22T21:31:11.375+0000] {taskinstance.py:1290} INFO - 
--------------------------------------------------------------------------------
[2023-06-22T21:31:11.386+0000] {taskinstance.py:1309} INFO - Executing <Task(BashOperator): dbt_run> on 2023-06-22 21:30:07.817238+00:00
[2023-06-22T21:31:11.393+0000] {standard_task_runner.py:55} INFO - Started process 18558 to run task
[2023-06-22T21:31:11.397+0000] {standard_task_runner.py:82} INFO - Running: ['***', 'tasks', 'run', 'showpulse_dbt_dag', 'dbt_run', 'scheduled__2023-06-22T21:30:07.817238+00:00', '--job-id', '2142', '--raw', '--subdir', 'DAGS_FOLDER/dbt_run.py', '--cfg-path', '/tmp/tmpfeanopbo']
[2023-06-22T21:31:11.398+0000] {standard_task_runner.py:83} INFO - Job 2142: Subtask dbt_run
[2023-06-22T21:31:11.454+0000] {task_command.py:389} INFO - Running <TaskInstance: showpulse_dbt_dag.dbt_run scheduled__2023-06-22T21:30:07.817238+00:00 [running]> on host 62cfed75eae1
[2023-06-22T21:31:11.504+0000] {taskinstance.py:1518} INFO - Exporting the following env vars:
AIRFLOW_CTX_DAG_OWNER=nburkett
AIRFLOW_CTX_DAG_ID=showpulse_dbt_dag
AIRFLOW_CTX_TASK_ID=dbt_run
AIRFLOW_CTX_EXECUTION_DATE=2023-06-22T21:30:07.817238+00:00
AIRFLOW_CTX_TRY_NUMBER=1
AIRFLOW_CTX_DAG_RUN_ID=scheduled__2023-06-22T21:30:07.817238+00:00
[2023-06-22T21:31:11.506+0000] {subprocess.py:63} INFO - Tmp dir root location: 
 /tmp
[2023-06-22T21:31:11.507+0000] {subprocess.py:75} INFO - Running command: ['/bin/bash', '-c', 'cd /dbt/ticketmaster_transformation && dbt run']
[2023-06-22T21:31:11.516+0000] {subprocess.py:86} INFO - Output:
[2023-06-22T21:31:12.840+0000] {subprocess.py:93} INFO - [0m21:31:12  Running with dbt=1.5.1
[2023-06-22T21:31:13.355+0000] {subprocess.py:93} INFO - [0m21:31:13  Found 4 models, 0 tests, 0 snapshots, 0 analyses, 356 macros, 0 operations, 0 seed files, 3 sources, 0 exposures, 0 metrics, 0 groups
[2023-06-22T21:31:13.357+0000] {subprocess.py:93} INFO - [0m21:31:13
[2023-06-22T21:31:14.165+0000] {subprocess.py:93} INFO - [0m21:31:14  Concurrency: 4 threads (target='dev')
[2023-06-22T21:31:14.169+0000] {subprocess.py:93} INFO - [0m21:31:14
[2023-06-22T21:31:14.186+0000] {subprocess.py:93} INFO - [0m21:31:14  1 of 4 START sql table model twitter_kafka_pyspark_test.distinct_data .......... [RUN]
[2023-06-22T21:31:14.188+0000] {subprocess.py:93} INFO - [0m21:31:14  2 of 4 START sql table model twitter_kafka_pyspark_test.dm_events .............. [RUN]
[2023-06-22T21:31:14.191+0000] {subprocess.py:93} INFO - [0m21:31:14  3 of 4 START sql table model twitter_kafka_pyspark_test.my_first_dbt_model ..... [RUN]
[2023-06-22T21:31:16.809+0000] {subprocess.py:93} INFO - [0m21:31:16  3 of 4 OK created sql table model twitter_kafka_pyspark_test.my_first_dbt_model  [[32mCREATE TABLE (2.0 rows, 0 processed)[0m in 2.61s]
[2023-06-22T21:31:16.816+0000] {subprocess.py:93} INFO - [0m21:31:16  4 of 4 START sql view model twitter_kafka_pyspark_test.my_second_dbt_model ..... [RUN]
[2023-06-22T21:31:17.346+0000] {subprocess.py:93} INFO - [0m21:31:17  2 of 4 OK created sql table model twitter_kafka_pyspark_test.dm_events ......... [[32mCREATE TABLE (1.3k rows, 178.2 KiB processed)[0m in 3.15s]
[2023-06-22T21:31:17.377+0000] {subprocess.py:93} INFO - [0m21:31:17  1 of 4 OK created sql table model twitter_kafka_pyspark_test.distinct_data ..... [[32mCREATE TABLE (1.1k rows, 638.3 KiB processed)[0m in 3.18s]
[2023-06-22T21:37:26.421+0000] {subprocess.py:93} INFO - [0m21:37:26  4 of 4 OK created sql view model twitter_kafka_pyspark_test.my_second_dbt_model  [[32mCREATE VIEW (0 processed)[0m in 369.60s]
[2023-06-22T21:37:26.512+0000] {subprocess.py:93} INFO - [0m21:37:26
[2023-06-22T21:37:26.515+0000] {subprocess.py:93} INFO - [0m21:37:26  Finished running 3 table models, 1 view model in 0 hours 6 minutes and 13.15 seconds (373.15s).
[2023-06-22T21:37:26.554+0000] {subprocess.py:93} INFO - [0m21:37:26
[2023-06-22T21:37:26.555+0000] {subprocess.py:93} INFO - [0m21:37:26  [32mCompleted successfully[0m
[2023-06-22T21:37:26.556+0000] {subprocess.py:93} INFO - [0m21:37:26
[2023-06-22T21:37:26.558+0000] {subprocess.py:93} INFO - [0m21:37:26  Done. PASS=4 WARN=0 ERROR=0 SKIP=0 TOTAL=4
[2023-06-22T21:37:27.075+0000] {subprocess.py:97} INFO - Command exited with return code 0
[2023-06-22T21:37:27.113+0000] {taskinstance.py:1332} INFO - Marking task as SUCCESS. dag_id=showpulse_dbt_dag, task_id=dbt_run, execution_date=20230622T213007, start_date=20230622T213111, end_date=20230622T213727
[2023-06-22T21:37:27.168+0000] {local_task_job.py:212} INFO - Task exited with return code 0
[2023-06-22T21:37:27.186+0000] {taskinstance.py:2596} INFO - 0 downstream tasks scheduled from follow-on schedule check
