[2023-06-21T14:19:01.182+0000] {taskinstance.py:1090} INFO - Dependencies all met for dep_context=non-requeueable deps ti=<TaskInstance: showpulse_dbt_dag.dbt_run scheduled__2023-06-21T14:17:30.554433+00:00 [queued]>
[2023-06-21T14:19:01.189+0000] {taskinstance.py:1090} INFO - Dependencies all met for dep_context=requeueable deps ti=<TaskInstance: showpulse_dbt_dag.dbt_run scheduled__2023-06-21T14:17:30.554433+00:00 [queued]>
[2023-06-21T14:19:01.189+0000] {taskinstance.py:1288} INFO - 
--------------------------------------------------------------------------------
[2023-06-21T14:19:01.189+0000] {taskinstance.py:1289} INFO - Starting attempt 1 of 1
[2023-06-21T14:19:01.190+0000] {taskinstance.py:1290} INFO - 
--------------------------------------------------------------------------------
[2023-06-21T14:19:01.198+0000] {taskinstance.py:1309} INFO - Executing <Task(BashOperator): dbt_run> on 2023-06-21 14:17:30.554433+00:00
[2023-06-21T14:19:01.201+0000] {standard_task_runner.py:55} INFO - Started process 4145 to run task
[2023-06-21T14:19:01.205+0000] {standard_task_runner.py:82} INFO - Running: ['***', 'tasks', 'run', 'showpulse_dbt_dag', 'dbt_run', 'scheduled__2023-06-21T14:17:30.554433+00:00', '--job-id', '778', '--raw', '--subdir', 'DAGS_FOLDER/dbt_run.py', '--cfg-path', '/tmp/tmpb5utbx1y']
[2023-06-21T14:19:01.206+0000] {standard_task_runner.py:83} INFO - Job 778: Subtask dbt_run
[2023-06-21T14:19:01.259+0000] {task_command.py:389} INFO - Running <TaskInstance: showpulse_dbt_dag.dbt_run scheduled__2023-06-21T14:17:30.554433+00:00 [running]> on host 62cfed75eae1
[2023-06-21T14:19:01.311+0000] {taskinstance.py:1518} INFO - Exporting the following env vars:
AIRFLOW_CTX_DAG_OWNER=nburkett
AIRFLOW_CTX_DAG_ID=showpulse_dbt_dag
AIRFLOW_CTX_TASK_ID=dbt_run
AIRFLOW_CTX_EXECUTION_DATE=2023-06-21T14:17:30.554433+00:00
AIRFLOW_CTX_TRY_NUMBER=1
AIRFLOW_CTX_DAG_RUN_ID=scheduled__2023-06-21T14:17:30.554433+00:00
[2023-06-21T14:19:01.312+0000] {subprocess.py:63} INFO - Tmp dir root location: 
 /tmp
[2023-06-21T14:19:01.313+0000] {subprocess.py:75} INFO - Running command: ['/bin/bash', '-c', 'cd /dbt/ticketmaster_transformation && dbt run']
[2023-06-21T14:19:01.323+0000] {subprocess.py:86} INFO - Output:
[2023-06-21T14:19:02.538+0000] {subprocess.py:93} INFO - [0m14:19:02  Running with dbt=1.5.1
[2023-06-21T14:19:03.003+0000] {subprocess.py:93} INFO - [0m14:19:03  Found 4 models, 0 tests, 0 snapshots, 0 analyses, 356 macros, 0 operations, 0 seed files, 3 sources, 0 exposures, 0 metrics, 0 groups
[2023-06-21T14:19:03.006+0000] {subprocess.py:93} INFO - [0m14:19:03
[2023-06-21T14:19:03.757+0000] {subprocess.py:93} INFO - [0m14:19:03  Concurrency: 4 threads (target='dev')
[2023-06-21T14:19:03.759+0000] {subprocess.py:93} INFO - [0m14:19:03
[2023-06-21T14:19:03.768+0000] {subprocess.py:93} INFO - [0m14:19:03  1 of 4 START sql table model twitter_kafka_pyspark_test.distinct_data .......... [RUN]
[2023-06-21T14:19:03.770+0000] {subprocess.py:93} INFO - [0m14:19:03  2 of 4 START sql table model twitter_kafka_pyspark_test.dm_events .............. [RUN]
[2023-06-21T14:19:03.771+0000] {subprocess.py:93} INFO - [0m14:19:03  3 of 4 START sql table model twitter_kafka_pyspark_test.my_first_dbt_model ..... [RUN]
[2023-06-21T14:19:06.635+0000] {subprocess.py:93} INFO - [0m14:19:06  3 of 4 OK created sql table model twitter_kafka_pyspark_test.my_first_dbt_model  [[32mCREATE TABLE (2.0 rows, 0 processed)[0m in 2.86s]
[2023-06-21T14:19:06.639+0000] {subprocess.py:93} INFO - [0m14:19:06  4 of 4 START sql view model twitter_kafka_pyspark_test.my_second_dbt_model ..... [RUN]
[2023-06-21T14:19:07.037+0000] {subprocess.py:93} INFO - [0m14:19:07  2 of 4 OK created sql table model twitter_kafka_pyspark_test.dm_events ......... [[32mCREATE TABLE (1.3k rows, 178.2 KiB processed)[0m in 3.26s]
[2023-06-21T14:19:07.079+0000] {subprocess.py:93} INFO - [0m14:19:07  1 of 4 OK created sql table model twitter_kafka_pyspark_test.distinct_data ..... [[32mCREATE TABLE (1.1k rows, 638.3 KiB processed)[0m in 3.30s]
[2023-06-21T14:19:23.574+0000] {subprocess.py:93} INFO - [0m14:19:23  4 of 4 OK created sql view model twitter_kafka_pyspark_test.my_second_dbt_model  [[32mCREATE VIEW (0 processed)[0m in 16.93s]
[2023-06-21T14:19:23.633+0000] {subprocess.py:93} INFO - [0m14:19:23
[2023-06-21T14:19:23.635+0000] {subprocess.py:93} INFO - [0m14:19:23  Finished running 3 table models, 1 view model in 0 hours 0 minutes and 20.63 seconds (20.63s).
[2023-06-21T14:19:23.653+0000] {subprocess.py:93} INFO - [0m14:19:23
[2023-06-21T14:19:23.654+0000] {subprocess.py:93} INFO - [0m14:19:23  [32mCompleted successfully[0m
[2023-06-21T14:19:23.655+0000] {subprocess.py:93} INFO - [0m14:19:23
[2023-06-21T14:19:23.656+0000] {subprocess.py:93} INFO - [0m14:19:23  Done. PASS=4 WARN=0 ERROR=0 SKIP=0 TOTAL=4
[2023-06-21T14:19:24.153+0000] {subprocess.py:97} INFO - Command exited with return code 0
[2023-06-21T14:19:24.177+0000] {taskinstance.py:1332} INFO - Marking task as SUCCESS. dag_id=showpulse_dbt_dag, task_id=dbt_run, execution_date=20230621T141730, start_date=20230621T141901, end_date=20230621T141924
[2023-06-21T14:19:24.204+0000] {local_task_job.py:212} INFO - Task exited with return code 0
[2023-06-21T14:19:24.218+0000] {taskinstance.py:2596} INFO - 0 downstream tasks scheduled from follow-on schedule check
