[2023-06-21T07:53:39.384+0000] {taskinstance.py:1090} INFO - Dependencies all met for dep_context=non-requeueable deps ti=<TaskInstance: showpulse_dbt_dag.dbt_run scheduled__2023-06-21T07:52:35.176158+00:00 [queued]>
[2023-06-21T07:53:39.390+0000] {taskinstance.py:1090} INFO - Dependencies all met for dep_context=requeueable deps ti=<TaskInstance: showpulse_dbt_dag.dbt_run scheduled__2023-06-21T07:52:35.176158+00:00 [queued]>
[2023-06-21T07:53:39.391+0000] {taskinstance.py:1288} INFO - 
--------------------------------------------------------------------------------
[2023-06-21T07:53:39.392+0000] {taskinstance.py:1289} INFO - Starting attempt 1 of 1
[2023-06-21T07:53:39.392+0000] {taskinstance.py:1290} INFO - 
--------------------------------------------------------------------------------
[2023-06-21T07:53:39.400+0000] {taskinstance.py:1309} INFO - Executing <Task(BashOperator): dbt_run> on 2023-06-21 07:52:35.176158+00:00
[2023-06-21T07:53:39.404+0000] {standard_task_runner.py:55} INFO - Started process 3101 to run task
[2023-06-21T07:53:39.407+0000] {standard_task_runner.py:82} INFO - Running: ['***', 'tasks', 'run', 'showpulse_dbt_dag', 'dbt_run', 'scheduled__2023-06-21T07:52:35.176158+00:00', '--job-id', '666', '--raw', '--subdir', 'DAGS_FOLDER/dbt_run.py', '--cfg-path', '/tmp/tmpt2ncxbje']
[2023-06-21T07:53:39.408+0000] {standard_task_runner.py:83} INFO - Job 666: Subtask dbt_run
[2023-06-21T07:53:39.460+0000] {task_command.py:389} INFO - Running <TaskInstance: showpulse_dbt_dag.dbt_run scheduled__2023-06-21T07:52:35.176158+00:00 [running]> on host 62cfed75eae1
[2023-06-21T07:53:39.520+0000] {taskinstance.py:1518} INFO - Exporting the following env vars:
AIRFLOW_CTX_DAG_OWNER=nburkett
AIRFLOW_CTX_DAG_ID=showpulse_dbt_dag
AIRFLOW_CTX_TASK_ID=dbt_run
AIRFLOW_CTX_EXECUTION_DATE=2023-06-21T07:52:35.176158+00:00
AIRFLOW_CTX_TRY_NUMBER=1
AIRFLOW_CTX_DAG_RUN_ID=scheduled__2023-06-21T07:52:35.176158+00:00
[2023-06-21T07:53:39.522+0000] {subprocess.py:63} INFO - Tmp dir root location: 
 /tmp
[2023-06-21T07:53:39.523+0000] {subprocess.py:75} INFO - Running command: ['/bin/bash', '-c', 'cd /dbt/ticketmaster_transformation && dbt run']
[2023-06-21T07:53:39.533+0000] {subprocess.py:86} INFO - Output:
[2023-06-21T07:53:40.962+0000] {subprocess.py:93} INFO - [0m07:53:40  Running with dbt=1.5.1
[2023-06-21T07:53:41.452+0000] {subprocess.py:93} INFO - [0m07:53:41  Found 4 models, 0 tests, 0 snapshots, 0 analyses, 356 macros, 0 operations, 0 seed files, 3 sources, 0 exposures, 0 metrics, 0 groups
[2023-06-21T07:53:41.454+0000] {subprocess.py:93} INFO - [0m07:53:41
[2023-06-21T07:53:42.403+0000] {subprocess.py:93} INFO - [0m07:53:42  Concurrency: 4 threads (target='dev')
[2023-06-21T07:53:42.405+0000] {subprocess.py:93} INFO - [0m07:53:42
[2023-06-21T07:53:42.416+0000] {subprocess.py:93} INFO - [0m07:53:42  1 of 4 START sql table model twitter_kafka_pyspark_test.distinct_data .......... [RUN]
[2023-06-21T07:53:42.418+0000] {subprocess.py:93} INFO - [0m07:53:42  2 of 4 START sql table model twitter_kafka_pyspark_test.dm_events .............. [RUN]
[2023-06-21T07:53:42.420+0000] {subprocess.py:93} INFO - [0m07:53:42  3 of 4 START sql table model twitter_kafka_pyspark_test.my_first_dbt_model ..... [RUN]
[2023-06-21T07:53:59.913+0000] {subprocess.py:93} INFO - [0m07:53:59  3 of 4 OK created sql table model twitter_kafka_pyspark_test.my_first_dbt_model  [[32mCREATE TABLE (2.0 rows, 0 processed)[0m in 17.48s]
[2023-06-21T07:53:59.920+0000] {subprocess.py:93} INFO - [0m07:53:59  4 of 4 START sql view model twitter_kafka_pyspark_test.my_second_dbt_model ..... [RUN]
[2023-06-21T08:34:01.190+0000] {subprocess.py:93} INFO - [0m08:34:01  1 of 4 OK created sql table model twitter_kafka_pyspark_test.distinct_data ..... [[32mCREATE TABLE (1.1k rows, 638.3 KiB processed)[0m in 2418.76s]
[2023-06-21T08:34:01.393+0000] {subprocess.py:93} INFO - [0m08:34:01  4 of 4 OK created sql view model twitter_kafka_pyspark_test.my_second_dbt_model  [[32mCREATE VIEW (0 processed)[0m in 2401.47s]
[2023-06-21T08:34:01.423+0000] {subprocess.py:93} INFO - [0m08:34:01  2 of 4 OK created sql table model twitter_kafka_pyspark_test.dm_events ......... [[32mCREATE TABLE (1.3k rows, 178.2 KiB processed)[0m in 2418.99s]
[2023-06-21T08:34:01.483+0000] {subprocess.py:93} INFO - [0m08:34:01
[2023-06-21T08:34:01.485+0000] {subprocess.py:93} INFO - [0m08:34:01  Finished running 3 table models, 1 view model in 0 hours 40 minutes and 20.03 seconds (2420.03s).
[2023-06-21T08:34:01.501+0000] {subprocess.py:93} INFO - [0m08:34:01
[2023-06-21T08:34:01.503+0000] {subprocess.py:93} INFO - [0m08:34:01  [32mCompleted successfully[0m
[2023-06-21T08:34:01.504+0000] {subprocess.py:93} INFO - [0m08:34:01
[2023-06-21T08:34:01.506+0000] {subprocess.py:93} INFO - [0m08:34:01  Done. PASS=4 WARN=0 ERROR=0 SKIP=0 TOTAL=4
[2023-06-21T08:34:02.107+0000] {subprocess.py:97} INFO - Command exited with return code 0
[2023-06-21T08:34:02.183+0000] {taskinstance.py:1332} INFO - Marking task as SUCCESS. dag_id=showpulse_dbt_dag, task_id=dbt_run, execution_date=20230621T075235, start_date=20230621T075339, end_date=20230621T083402
[2023-06-21T08:34:02.248+0000] {local_task_job.py:212} INFO - Task exited with return code 0
[2023-06-21T08:34:02.279+0000] {taskinstance.py:2596} INFO - 0 downstream tasks scheduled from follow-on schedule check
