[2023-06-17T21:38:13.613+0000] {taskinstance.py:1090} INFO - Dependencies all met for dep_context=non-requeueable deps ti=<TaskInstance: showpulse_dbt_dag.dbt_run manual__2023-06-17T21:11:58.487136+00:00 [queued]>
[2023-06-17T21:38:13.620+0000] {taskinstance.py:1090} INFO - Dependencies all met for dep_context=requeueable deps ti=<TaskInstance: showpulse_dbt_dag.dbt_run manual__2023-06-17T21:11:58.487136+00:00 [queued]>
[2023-06-17T21:38:13.620+0000] {taskinstance.py:1288} INFO - 
--------------------------------------------------------------------------------
[2023-06-17T21:38:13.621+0000] {taskinstance.py:1289} INFO - Starting attempt 2 of 2
[2023-06-17T21:38:13.621+0000] {taskinstance.py:1290} INFO - 
--------------------------------------------------------------------------------
[2023-06-17T21:38:13.629+0000] {taskinstance.py:1309} INFO - Executing <Task(BashOperator): dbt_run> on 2023-06-17 21:11:58.487136+00:00
[2023-06-17T21:38:13.633+0000] {standard_task_runner.py:55} INFO - Started process 1861 to run task
[2023-06-17T21:38:13.636+0000] {standard_task_runner.py:82} INFO - Running: ['***', 'tasks', 'run', 'showpulse_dbt_dag', 'dbt_run', 'manual__2023-06-17T21:11:58.487136+00:00', '--job-id', '278', '--raw', '--subdir', 'DAGS_FOLDER/dbt_run.py', '--cfg-path', '/tmp/tmp58ixf5zy']
[2023-06-17T21:38:13.637+0000] {standard_task_runner.py:83} INFO - Job 278: Subtask dbt_run
[2023-06-17T21:38:13.688+0000] {task_command.py:389} INFO - Running <TaskInstance: showpulse_dbt_dag.dbt_run manual__2023-06-17T21:11:58.487136+00:00 [running]> on host e60c8c77cdf9
[2023-06-17T21:38:13.735+0000] {taskinstance.py:1518} INFO - Exporting the following env vars:
AIRFLOW_CTX_DAG_OWNER=nburkett
AIRFLOW_CTX_DAG_ID=showpulse_dbt_dag
AIRFLOW_CTX_TASK_ID=dbt_run
AIRFLOW_CTX_EXECUTION_DATE=2023-06-17T21:11:58.487136+00:00
AIRFLOW_CTX_TRY_NUMBER=2
AIRFLOW_CTX_DAG_RUN_ID=manual__2023-06-17T21:11:58.487136+00:00
[2023-06-17T21:38:13.737+0000] {subprocess.py:63} INFO - Tmp dir root location: 
 /tmp
[2023-06-17T21:38:13.737+0000] {subprocess.py:75} INFO - Running command: ['/bin/bash', '-c', 'dbt run']
[2023-06-17T21:38:13.747+0000] {subprocess.py:86} INFO - Output:
[2023-06-17T21:38:13.749+0000] {subprocess.py:93} INFO - /bin/bash: line 1: dbt: command not found
[2023-06-17T21:38:13.750+0000] {subprocess.py:97} INFO - Command exited with return code 127
[2023-06-17T21:38:13.762+0000] {taskinstance.py:1776} ERROR - Task failed with exception
Traceback (most recent call last):
  File "/home/airflow/.local/lib/python3.7/site-packages/airflow/operators/bash.py", line 197, in execute
    f"Bash command failed. The command returned a non-zero exit code {result.exit_code}."
airflow.exceptions.AirflowException: Bash command failed. The command returned a non-zero exit code 127.
[2023-06-17T21:38:13.765+0000] {taskinstance.py:1332} INFO - Marking task as FAILED. dag_id=showpulse_dbt_dag, task_id=dbt_run, execution_date=20230617T211158, start_date=20230617T213813, end_date=20230617T213813
[2023-06-17T21:38:13.775+0000] {standard_task_runner.py:105} ERROR - Failed to execute job 278 for task dbt_run (Bash command failed. The command returned a non-zero exit code 127.; 1861)
[2023-06-17T21:38:13.808+0000] {local_task_job.py:212} INFO - Task exited with return code 1
[2023-06-17T21:38:13.823+0000] {taskinstance.py:2596} INFO - 0 downstream tasks scheduled from follow-on schedule check
