[2023-06-17T21:43:34.361+0000] {taskinstance.py:1090} INFO - Dependencies all met for dep_context=non-requeueable deps ti=<TaskInstance: showpulse_dbt_dag.dbt_run manual__2023-06-17T21:11:58.487136+00:00 [queued]>
[2023-06-17T21:43:34.368+0000] {taskinstance.py:1090} INFO - Dependencies all met for dep_context=requeueable deps ti=<TaskInstance: showpulse_dbt_dag.dbt_run manual__2023-06-17T21:11:58.487136+00:00 [queued]>
[2023-06-17T21:43:34.369+0000] {taskinstance.py:1288} INFO - 
--------------------------------------------------------------------------------
[2023-06-17T21:43:34.370+0000] {taskinstance.py:1289} INFO - Starting attempt 3 of 3
[2023-06-17T21:43:34.370+0000] {taskinstance.py:1290} INFO - 
--------------------------------------------------------------------------------
[2023-06-17T21:43:34.378+0000] {taskinstance.py:1309} INFO - Executing <Task(BashOperator): dbt_run> on 2023-06-17 21:11:58.487136+00:00
[2023-06-17T21:43:34.382+0000] {standard_task_runner.py:55} INFO - Started process 75 to run task
[2023-06-17T21:43:34.386+0000] {standard_task_runner.py:82} INFO - Running: ['***', 'tasks', 'run', 'showpulse_dbt_dag', 'dbt_run', 'manual__2023-06-17T21:11:58.487136+00:00', '--job-id', '283', '--raw', '--subdir', 'DAGS_FOLDER/dbt_run.py', '--cfg-path', '/tmp/tmpej4rhogo']
[2023-06-17T21:43:34.387+0000] {standard_task_runner.py:83} INFO - Job 283: Subtask dbt_run
[2023-06-17T21:43:34.439+0000] {task_command.py:389} INFO - Running <TaskInstance: showpulse_dbt_dag.dbt_run manual__2023-06-17T21:11:58.487136+00:00 [running]> on host e60c8c77cdf9
[2023-06-17T21:43:34.490+0000] {taskinstance.py:1518} INFO - Exporting the following env vars:
AIRFLOW_CTX_DAG_OWNER=nburkett
AIRFLOW_CTX_DAG_ID=showpulse_dbt_dag
AIRFLOW_CTX_TASK_ID=dbt_run
AIRFLOW_CTX_EXECUTION_DATE=2023-06-17T21:11:58.487136+00:00
AIRFLOW_CTX_TRY_NUMBER=3
AIRFLOW_CTX_DAG_RUN_ID=manual__2023-06-17T21:11:58.487136+00:00
[2023-06-17T21:43:34.492+0000] {subprocess.py:63} INFO - Tmp dir root location: 
 /tmp
[2023-06-17T21:43:34.493+0000] {subprocess.py:75} INFO - Running command: ['/bin/bash', '-c', 'dbt run']
[2023-06-17T21:43:34.503+0000] {subprocess.py:86} INFO - Output:
[2023-06-17T21:43:34.505+0000] {subprocess.py:93} INFO - /bin/bash: line 1: dbt: command not found
[2023-06-17T21:43:34.505+0000] {subprocess.py:97} INFO - Command exited with return code 127
[2023-06-17T21:43:34.516+0000] {taskinstance.py:1776} ERROR - Task failed with exception
Traceback (most recent call last):
  File "/home/airflow/.local/lib/python3.7/site-packages/airflow/operators/bash.py", line 197, in execute
    f"Bash command failed. The command returned a non-zero exit code {result.exit_code}."
airflow.exceptions.AirflowException: Bash command failed. The command returned a non-zero exit code 127.
[2023-06-17T21:43:34.519+0000] {taskinstance.py:1332} INFO - Marking task as FAILED. dag_id=showpulse_dbt_dag, task_id=dbt_run, execution_date=20230617T211158, start_date=20230617T214334, end_date=20230617T214334
[2023-06-17T21:43:34.528+0000] {standard_task_runner.py:105} ERROR - Failed to execute job 283 for task dbt_run (Bash command failed. The command returned a non-zero exit code 127.; 75)
[2023-06-17T21:43:34.559+0000] {local_task_job.py:212} INFO - Task exited with return code 1
[2023-06-17T21:43:34.575+0000] {taskinstance.py:2596} INFO - 0 downstream tasks scheduled from follow-on schedule check
