[2023-06-17T22:02:07.378+0000] {taskinstance.py:1090} INFO - Dependencies all met for dep_context=non-requeueable deps ti=<TaskInstance: showpulse_dbt_dag.dbt_run manual__2023-06-17T21:11:58.487136+00:00 [queued]>
[2023-06-17T22:02:07.384+0000] {taskinstance.py:1090} INFO - Dependencies all met for dep_context=requeueable deps ti=<TaskInstance: showpulse_dbt_dag.dbt_run manual__2023-06-17T21:11:58.487136+00:00 [queued]>
[2023-06-17T22:02:07.385+0000] {taskinstance.py:1288} INFO - 
--------------------------------------------------------------------------------
[2023-06-17T22:02:07.385+0000] {taskinstance.py:1289} INFO - Starting attempt 6 of 6
[2023-06-17T22:02:07.386+0000] {taskinstance.py:1290} INFO - 
--------------------------------------------------------------------------------
[2023-06-17T22:02:07.398+0000] {taskinstance.py:1309} INFO - Executing <Task(BashOperator): dbt_run> on 2023-06-17 21:11:58.487136+00:00
[2023-06-17T22:02:07.402+0000] {standard_task_runner.py:55} INFO - Started process 156 to run task
[2023-06-17T22:02:07.405+0000] {standard_task_runner.py:82} INFO - Running: ['***', 'tasks', 'run', 'showpulse_dbt_dag', 'dbt_run', 'manual__2023-06-17T21:11:58.487136+00:00', '--job-id', '305', '--raw', '--subdir', 'DAGS_FOLDER/dbt_run.py', '--cfg-path', '/tmp/tmpi70zchro']
[2023-06-17T22:02:07.406+0000] {standard_task_runner.py:83} INFO - Job 305: Subtask dbt_run
[2023-06-17T22:02:07.461+0000] {task_command.py:389} INFO - Running <TaskInstance: showpulse_dbt_dag.dbt_run manual__2023-06-17T21:11:58.487136+00:00 [running]> on host 1917e6b7052e
[2023-06-17T22:02:07.511+0000] {taskinstance.py:1518} INFO - Exporting the following env vars:
AIRFLOW_CTX_DAG_OWNER=nburkett
AIRFLOW_CTX_DAG_ID=showpulse_dbt_dag
AIRFLOW_CTX_TASK_ID=dbt_run
AIRFLOW_CTX_EXECUTION_DATE=2023-06-17T21:11:58.487136+00:00
AIRFLOW_CTX_TRY_NUMBER=6
AIRFLOW_CTX_DAG_RUN_ID=manual__2023-06-17T21:11:58.487136+00:00
[2023-06-17T22:02:07.513+0000] {subprocess.py:63} INFO - Tmp dir root location: 
 /tmp
[2023-06-17T22:02:07.513+0000] {subprocess.py:75} INFO - Running command: ['/bin/bash', '-c', 'cd /dbt/ticketmaster_transformation && dbt run']
[2023-06-17T22:02:07.523+0000] {subprocess.py:86} INFO - Output:
[2023-06-17T22:02:08.829+0000] {subprocess.py:93} INFO - [0m22:02:08  Running with dbt=1.5.1
[2023-06-17T22:02:09.344+0000] {subprocess.py:93} INFO - [0m22:02:09  Found 4 models, 0 tests, 0 snapshots, 0 analyses, 356 macros, 0 operations, 0 seed files, 3 sources, 0 exposures, 0 metrics, 0 groups
[2023-06-17T22:02:09.347+0000] {subprocess.py:93} INFO - [0m22:02:09
[2023-06-17T22:02:10.446+0000] {subprocess.py:93} INFO - [0m22:02:10  Concurrency: 4 threads (target='dev')
[2023-06-17T22:02:10.447+0000] {subprocess.py:93} INFO - [0m22:02:10
[2023-06-17T22:02:10.456+0000] {subprocess.py:93} INFO - [0m22:02:10  1 of 4 START sql table model twitter_kafka_pyspark_test.distinct_data .......... [RUN]
[2023-06-17T22:02:10.457+0000] {subprocess.py:93} INFO - [0m22:02:10  2 of 4 START sql table model twitter_kafka_pyspark_test.dm_events .............. [RUN]
[2023-06-17T22:02:10.458+0000] {subprocess.py:93} INFO - [0m22:02:10  3 of 4 START sql table model twitter_kafka_pyspark_test.my_first_dbt_model ..... [RUN]
[2023-06-17T22:02:13.856+0000] {subprocess.py:93} INFO - [0m22:02:13  1 of 4 OK created sql table model twitter_kafka_pyspark_test.distinct_data ..... [[32mCREATE TABLE (21.0 rows, 10.8 KiB processed)[0m in 3.39s]
[2023-06-17T22:02:13.861+0000] {subprocess.py:93} INFO - [0m22:02:13  3 of 4 OK created sql table model twitter_kafka_pyspark_test.my_first_dbt_model  [[32mCREATE TABLE (2.0 rows, 0 processed)[0m in 3.39s]
[2023-06-17T22:02:13.862+0000] {subprocess.py:93} INFO - [0m22:02:13  2 of 4 OK created sql table model twitter_kafka_pyspark_test.dm_events ......... [[32mCREATE TABLE (21.0 rows, 3.4 KiB processed)[0m in 3.40s]
[2023-06-17T22:02:13.871+0000] {subprocess.py:93} INFO - [0m22:02:13  4 of 4 START sql view model twitter_kafka_pyspark_test.my_second_dbt_model ..... [RUN]
[2023-06-17T22:02:14.947+0000] {subprocess.py:93} INFO - [0m22:02:14  4 of 4 OK created sql view model twitter_kafka_pyspark_test.my_second_dbt_model  [[32mCREATE VIEW (0 processed)[0m in 1.07s]
[2023-06-17T22:02:15.066+0000] {subprocess.py:93} INFO - [0m22:02:15
[2023-06-17T22:02:15.069+0000] {subprocess.py:93} INFO - [0m22:02:15  Finished running 3 table models, 1 view model in 0 hours 0 minutes and 5.72 seconds (5.72s).
[2023-06-17T22:02:15.095+0000] {subprocess.py:93} INFO - [0m22:02:15
[2023-06-17T22:02:15.097+0000] {subprocess.py:93} INFO - [0m22:02:15  [32mCompleted successfully[0m
[2023-06-17T22:02:15.099+0000] {subprocess.py:93} INFO - [0m22:02:15
[2023-06-17T22:02:15.101+0000] {subprocess.py:93} INFO - [0m22:02:15  Done. PASS=4 WARN=0 ERROR=0 SKIP=0 TOTAL=4
[2023-06-17T22:02:15.604+0000] {subprocess.py:97} INFO - Command exited with return code 0
[2023-06-17T22:02:15.628+0000] {taskinstance.py:1332} INFO - Marking task as SUCCESS. dag_id=showpulse_dbt_dag, task_id=dbt_run, execution_date=20230617T211158, start_date=20230617T220207, end_date=20230617T220215
[2023-06-17T22:02:15.676+0000] {local_task_job.py:212} INFO - Task exited with return code 0
[2023-06-17T22:02:15.690+0000] {taskinstance.py:2596} INFO - 0 downstream tasks scheduled from follow-on schedule check
