[2023-06-20T01:18:03.120+0000] {taskinstance.py:1090} INFO - Dependencies all met for dep_context=non-requeueable deps ti=<TaskInstance: showpulse_dbt_dag.dbt_run scheduled__2023-06-20T01:16:59.130209+00:00 [queued]>
[2023-06-20T01:18:03.129+0000] {taskinstance.py:1090} INFO - Dependencies all met for dep_context=requeueable deps ti=<TaskInstance: showpulse_dbt_dag.dbt_run scheduled__2023-06-20T01:16:59.130209+00:00 [queued]>
[2023-06-20T01:18:03.129+0000] {taskinstance.py:1288} INFO - 
--------------------------------------------------------------------------------
[2023-06-20T01:18:03.130+0000] {taskinstance.py:1289} INFO - Starting attempt 1 of 1
[2023-06-20T01:18:03.130+0000] {taskinstance.py:1290} INFO - 
--------------------------------------------------------------------------------
[2023-06-20T01:18:03.141+0000] {taskinstance.py:1309} INFO - Executing <Task(BashOperator): dbt_run> on 2023-06-20 01:16:59.130209+00:00
[2023-06-20T01:18:03.145+0000] {standard_task_runner.py:55} INFO - Started process 599 to run task
[2023-06-20T01:18:03.149+0000] {standard_task_runner.py:82} INFO - Running: ['***', 'tasks', 'run', 'showpulse_dbt_dag', 'dbt_run', 'scheduled__2023-06-20T01:16:59.130209+00:00', '--job-id', '368', '--raw', '--subdir', 'DAGS_FOLDER/dbt_run.py', '--cfg-path', '/tmp/tmpcsmagqnt']
[2023-06-20T01:18:03.149+0000] {standard_task_runner.py:83} INFO - Job 368: Subtask dbt_run
[2023-06-20T01:18:03.213+0000] {task_command.py:389} INFO - Running <TaskInstance: showpulse_dbt_dag.dbt_run scheduled__2023-06-20T01:16:59.130209+00:00 [running]> on host 62cfed75eae1
[2023-06-20T01:18:03.272+0000] {taskinstance.py:1518} INFO - Exporting the following env vars:
AIRFLOW_CTX_DAG_OWNER=nburkett
AIRFLOW_CTX_DAG_ID=showpulse_dbt_dag
AIRFLOW_CTX_TASK_ID=dbt_run
AIRFLOW_CTX_EXECUTION_DATE=2023-06-20T01:16:59.130209+00:00
AIRFLOW_CTX_TRY_NUMBER=1
AIRFLOW_CTX_DAG_RUN_ID=scheduled__2023-06-20T01:16:59.130209+00:00
[2023-06-20T01:18:03.273+0000] {subprocess.py:63} INFO - Tmp dir root location: 
 /tmp
[2023-06-20T01:18:03.274+0000] {subprocess.py:75} INFO - Running command: ['/bin/bash', '-c', 'cd /dbt/ticketmaster_transformation && dbt run']
[2023-06-20T01:18:03.284+0000] {subprocess.py:86} INFO - Output:
[2023-06-20T01:18:04.699+0000] {subprocess.py:93} INFO - [0m01:18:04  Running with dbt=1.5.1
[2023-06-20T01:18:05.340+0000] {subprocess.py:93} INFO - [0m01:18:05  Found 4 models, 0 tests, 0 snapshots, 0 analyses, 356 macros, 0 operations, 0 seed files, 3 sources, 0 exposures, 0 metrics, 0 groups
[2023-06-20T01:18:05.343+0000] {subprocess.py:93} INFO - [0m01:18:05
[2023-06-20T01:18:06.211+0000] {subprocess.py:93} INFO - [0m01:18:06  Concurrency: 4 threads (target='dev')
[2023-06-20T01:18:06.216+0000] {subprocess.py:93} INFO - [0m01:18:06
[2023-06-20T01:18:06.230+0000] {subprocess.py:93} INFO - [0m01:18:06  1 of 4 START sql table model twitter_kafka_pyspark_test.distinct_data .......... [RUN]
[2023-06-20T01:18:06.231+0000] {subprocess.py:93} INFO - [0m01:18:06  2 of 4 START sql table model twitter_kafka_pyspark_test.dm_events .............. [RUN]
[2023-06-20T01:18:06.233+0000] {subprocess.py:93} INFO - [0m01:18:06  3 of 4 START sql table model twitter_kafka_pyspark_test.my_first_dbt_model ..... [RUN]
[2023-06-20T01:18:09.155+0000] {subprocess.py:93} INFO - [0m01:18:09  3 of 4 OK created sql table model twitter_kafka_pyspark_test.my_first_dbt_model  [[32mCREATE TABLE (2.0 rows, 0 processed)[0m in 2.92s]
[2023-06-20T01:18:09.160+0000] {subprocess.py:93} INFO - [0m01:18:09  4 of 4 START sql view model twitter_kafka_pyspark_test.my_second_dbt_model ..... [RUN]
[2023-06-20T01:18:09.219+0000] {subprocess.py:93} INFO - [0m01:18:09  2 of 4 OK created sql table model twitter_kafka_pyspark_test.dm_events ......... [[32mCREATE TABLE (894.0 rows, 128.0 KiB processed)[0m in 2.98s]
[2023-06-20T01:18:09.222+0000] {subprocess.py:93} INFO - [0m01:18:09  1 of 4 OK created sql table model twitter_kafka_pyspark_test.distinct_data ..... [[32mCREATE TABLE (702.0 rows, 438.9 KiB processed)[0m in 2.98s]
[2023-06-20T01:18:10.158+0000] {subprocess.py:93} INFO - [0m01:18:10  4 of 4 OK created sql view model twitter_kafka_pyspark_test.my_second_dbt_model  [[32mCREATE VIEW (0 processed)[0m in 0.99s]
[2023-06-20T01:18:10.191+0000] {subprocess.py:93} INFO - [0m01:18:10
[2023-06-20T01:18:10.193+0000] {subprocess.py:93} INFO - [0m01:18:10  Finished running 3 table models, 1 view model in 0 hours 0 minutes and 4.85 seconds (4.85s).
[2023-06-20T01:18:10.212+0000] {subprocess.py:93} INFO - [0m01:18:10
[2023-06-20T01:18:10.213+0000] {subprocess.py:93} INFO - [0m01:18:10  [32mCompleted successfully[0m
[2023-06-20T01:18:10.215+0000] {subprocess.py:93} INFO - [0m01:18:10
[2023-06-20T01:18:10.216+0000] {subprocess.py:93} INFO - [0m01:18:10  Done. PASS=4 WARN=0 ERROR=0 SKIP=0 TOTAL=4
[2023-06-20T01:18:10.657+0000] {subprocess.py:97} INFO - Command exited with return code 0
[2023-06-20T01:18:10.686+0000] {taskinstance.py:1332} INFO - Marking task as SUCCESS. dag_id=showpulse_dbt_dag, task_id=dbt_run, execution_date=20230620T011659, start_date=20230620T011803, end_date=20230620T011810
[2023-06-20T01:18:10.715+0000] {local_task_job.py:212} INFO - Task exited with return code 0
[2023-06-20T01:18:10.730+0000] {taskinstance.py:2596} INFO - 0 downstream tasks scheduled from follow-on schedule check
