[2023-06-21T03:51:06.150+0000] {taskinstance.py:1090} INFO - Dependencies all met for dep_context=non-requeueable deps ti=<TaskInstance: showpulse_dbt_dag.dbt_run scheduled__2023-06-21T03:37:32.859561+00:00 [queued]>
[2023-06-21T03:51:06.156+0000] {taskinstance.py:1090} INFO - Dependencies all met for dep_context=requeueable deps ti=<TaskInstance: showpulse_dbt_dag.dbt_run scheduled__2023-06-21T03:37:32.859561+00:00 [queued]>
[2023-06-21T03:51:06.157+0000] {taskinstance.py:1288} INFO - 
--------------------------------------------------------------------------------
[2023-06-21T03:51:06.158+0000] {taskinstance.py:1289} INFO - Starting attempt 1 of 1
[2023-06-21T03:51:06.158+0000] {taskinstance.py:1290} INFO - 
--------------------------------------------------------------------------------
[2023-06-21T03:51:06.166+0000] {taskinstance.py:1309} INFO - Executing <Task(BashOperator): dbt_run> on 2023-06-21 03:37:32.859561+00:00
[2023-06-21T03:51:06.169+0000] {standard_task_runner.py:55} INFO - Started process 2724 to run task
[2023-06-21T03:51:06.173+0000] {standard_task_runner.py:82} INFO - Running: ['***', 'tasks', 'run', 'showpulse_dbt_dag', 'dbt_run', 'scheduled__2023-06-21T03:37:32.859561+00:00', '--job-id', '622', '--raw', '--subdir', 'DAGS_FOLDER/dbt_run.py', '--cfg-path', '/tmp/tmpdxi6qdzd']
[2023-06-21T03:51:06.174+0000] {standard_task_runner.py:83} INFO - Job 622: Subtask dbt_run
[2023-06-21T03:51:06.227+0000] {task_command.py:389} INFO - Running <TaskInstance: showpulse_dbt_dag.dbt_run scheduled__2023-06-21T03:37:32.859561+00:00 [running]> on host 62cfed75eae1
[2023-06-21T03:51:06.276+0000] {taskinstance.py:1518} INFO - Exporting the following env vars:
AIRFLOW_CTX_DAG_OWNER=nburkett
AIRFLOW_CTX_DAG_ID=showpulse_dbt_dag
AIRFLOW_CTX_TASK_ID=dbt_run
AIRFLOW_CTX_EXECUTION_DATE=2023-06-21T03:37:32.859561+00:00
AIRFLOW_CTX_TRY_NUMBER=1
AIRFLOW_CTX_DAG_RUN_ID=scheduled__2023-06-21T03:37:32.859561+00:00
[2023-06-21T03:51:06.277+0000] {subprocess.py:63} INFO - Tmp dir root location: 
 /tmp
[2023-06-21T03:51:06.278+0000] {subprocess.py:75} INFO - Running command: ['/bin/bash', '-c', 'cd /dbt/ticketmaster_transformation && dbt run']
[2023-06-21T03:51:06.288+0000] {subprocess.py:86} INFO - Output:
[2023-06-21T03:51:07.532+0000] {subprocess.py:93} INFO - [0m03:51:07  Running with dbt=1.5.1
[2023-06-21T03:51:08.028+0000] {subprocess.py:93} INFO - [0m03:51:08  Found 4 models, 0 tests, 0 snapshots, 0 analyses, 356 macros, 0 operations, 0 seed files, 3 sources, 0 exposures, 0 metrics, 0 groups
[2023-06-21T03:51:08.031+0000] {subprocess.py:93} INFO - [0m03:51:08
[2023-06-21T03:51:09.398+0000] {subprocess.py:93} INFO - [0m03:51:09  Concurrency: 4 threads (target='dev')
[2023-06-21T03:51:09.403+0000] {subprocess.py:93} INFO - [0m03:51:09
[2023-06-21T03:51:09.421+0000] {subprocess.py:93} INFO - [0m03:51:09  1 of 4 START sql table model twitter_kafka_pyspark_test.distinct_data .......... [RUN]
[2023-06-21T03:51:09.427+0000] {subprocess.py:93} INFO - [0m03:51:09  3 of 4 START sql table model twitter_kafka_pyspark_test.my_first_dbt_model ..... [RUN]
[2023-06-21T03:51:09.429+0000] {subprocess.py:93} INFO - [0m03:51:09  2 of 4 START sql table model twitter_kafka_pyspark_test.dm_events .............. [RUN]
[2023-06-21T03:51:12.689+0000] {subprocess.py:93} INFO - [0m03:51:12  2 of 4 OK created sql table model twitter_kafka_pyspark_test.dm_events ......... [[32mCREATE TABLE (1.3k rows, 178.2 KiB processed)[0m in 3.25s]
[2023-06-21T03:51:12.691+0000] {subprocess.py:93} INFO - [0m03:51:12  1 of 4 OK created sql table model twitter_kafka_pyspark_test.distinct_data ..... [[32mCREATE TABLE (1.1k rows, 638.3 KiB processed)[0m in 3.26s]
[2023-06-21T03:51:12.696+0000] {subprocess.py:93} INFO - [0m03:51:12  3 of 4 OK created sql table model twitter_kafka_pyspark_test.my_first_dbt_model  [[32mCREATE TABLE (2.0 rows, 0 processed)[0m in 3.26s]
[2023-06-21T03:51:12.702+0000] {subprocess.py:93} INFO - [0m03:51:12  4 of 4 START sql view model twitter_kafka_pyspark_test.my_second_dbt_model ..... [RUN]
[2023-06-21T03:51:29.352+0000] {subprocess.py:93} INFO - [0m03:51:29  4 of 4 OK created sql view model twitter_kafka_pyspark_test.my_second_dbt_model  [[32mCREATE VIEW (0 processed)[0m in 16.65s]
[2023-06-21T03:51:29.407+0000] {subprocess.py:93} INFO - [0m03:51:29
[2023-06-21T03:51:29.410+0000] {subprocess.py:93} INFO - [0m03:51:29  Finished running 3 table models, 1 view model in 0 hours 0 minutes and 21.37 seconds (21.37s).
[2023-06-21T03:51:29.437+0000] {subprocess.py:93} INFO - [0m03:51:29
[2023-06-21T03:51:29.438+0000] {subprocess.py:93} INFO - [0m03:51:29  [32mCompleted successfully[0m
[2023-06-21T03:51:29.440+0000] {subprocess.py:93} INFO - [0m03:51:29
[2023-06-21T03:51:29.441+0000] {subprocess.py:93} INFO - [0m03:51:29  Done. PASS=4 WARN=0 ERROR=0 SKIP=0 TOTAL=4
[2023-06-21T03:51:30.096+0000] {subprocess.py:97} INFO - Command exited with return code 0
[2023-06-21T03:51:30.123+0000] {taskinstance.py:1332} INFO - Marking task as SUCCESS. dag_id=showpulse_dbt_dag, task_id=dbt_run, execution_date=20230621T033732, start_date=20230621T035106, end_date=20230621T035130
[2023-06-21T03:51:30.184+0000] {local_task_job.py:212} INFO - Task exited with return code 0
[2023-06-21T03:51:30.200+0000] {taskinstance.py:2596} INFO - 0 downstream tasks scheduled from follow-on schedule check
