[2023-06-22T22:25:20.439+0000] {taskinstance.py:1090} INFO - Dependencies all met for dep_context=non-requeueable deps ti=<TaskInstance: showpulse_dbt_dag.dbt_run scheduled__2023-06-22T22:12:22.609927+00:00 [queued]>
[2023-06-22T22:25:20.446+0000] {taskinstance.py:1090} INFO - Dependencies all met for dep_context=requeueable deps ti=<TaskInstance: showpulse_dbt_dag.dbt_run scheduled__2023-06-22T22:12:22.609927+00:00 [queued]>
[2023-06-22T22:25:20.446+0000] {taskinstance.py:1288} INFO - 
--------------------------------------------------------------------------------
[2023-06-22T22:25:20.447+0000] {taskinstance.py:1289} INFO - Starting attempt 1 of 1
[2023-06-22T22:25:20.447+0000] {taskinstance.py:1290} INFO - 
--------------------------------------------------------------------------------
[2023-06-22T22:25:20.457+0000] {taskinstance.py:1309} INFO - Executing <Task(BashOperator): dbt_run> on 2023-06-22 22:12:22.609927+00:00
[2023-06-22T22:25:20.461+0000] {standard_task_runner.py:55} INFO - Started process 18821 to run task
[2023-06-22T22:25:20.465+0000] {standard_task_runner.py:82} INFO - Running: ['***', 'tasks', 'run', 'showpulse_dbt_dag', 'dbt_run', 'scheduled__2023-06-22T22:12:22.609927+00:00', '--job-id', '2170', '--raw', '--subdir', 'DAGS_FOLDER/dbt_run.py', '--cfg-path', '/tmp/tmpgyd6a4f6']
[2023-06-22T22:25:20.466+0000] {standard_task_runner.py:83} INFO - Job 2170: Subtask dbt_run
[2023-06-22T22:25:20.522+0000] {task_command.py:389} INFO - Running <TaskInstance: showpulse_dbt_dag.dbt_run scheduled__2023-06-22T22:12:22.609927+00:00 [running]> on host 62cfed75eae1
[2023-06-22T22:25:20.573+0000] {taskinstance.py:1518} INFO - Exporting the following env vars:
AIRFLOW_CTX_DAG_OWNER=nburkett
AIRFLOW_CTX_DAG_ID=showpulse_dbt_dag
AIRFLOW_CTX_TASK_ID=dbt_run
AIRFLOW_CTX_EXECUTION_DATE=2023-06-22T22:12:22.609927+00:00
AIRFLOW_CTX_TRY_NUMBER=1
AIRFLOW_CTX_DAG_RUN_ID=scheduled__2023-06-22T22:12:22.609927+00:00
[2023-06-22T22:25:20.575+0000] {subprocess.py:63} INFO - Tmp dir root location: 
 /tmp
[2023-06-22T22:25:20.576+0000] {subprocess.py:75} INFO - Running command: ['/bin/bash', '-c', 'cd /dbt/ticketmaster_transformation && dbt run']
[2023-06-22T22:25:20.584+0000] {subprocess.py:86} INFO - Output:
[2023-06-22T22:25:21.879+0000] {subprocess.py:93} INFO - [0m22:25:21  Running with dbt=1.5.1
[2023-06-22T22:25:22.395+0000] {subprocess.py:93} INFO - [0m22:25:22  Found 4 models, 0 tests, 0 snapshots, 0 analyses, 356 macros, 0 operations, 0 seed files, 3 sources, 0 exposures, 0 metrics, 0 groups
[2023-06-22T22:25:22.399+0000] {subprocess.py:93} INFO - [0m22:25:22
[2023-06-22T22:25:23.171+0000] {subprocess.py:93} INFO - [0m22:25:23  Concurrency: 4 threads (target='dev')
[2023-06-22T22:25:23.173+0000] {subprocess.py:93} INFO - [0m22:25:23
[2023-06-22T22:25:23.180+0000] {subprocess.py:93} INFO - [0m22:25:23  1 of 4 START sql table model twitter_kafka_pyspark_test.distinct_data .......... [RUN]
[2023-06-22T22:25:23.182+0000] {subprocess.py:93} INFO - [0m22:25:23  2 of 4 START sql table model twitter_kafka_pyspark_test.dm_events .............. [RUN]
[2023-06-22T22:25:23.183+0000] {subprocess.py:93} INFO - [0m22:25:23  3 of 4 START sql table model twitter_kafka_pyspark_test.my_first_dbt_model ..... [RUN]
[2023-06-22T22:25:41.990+0000] {subprocess.py:93} INFO - [0m22:25:41  3 of 4 OK created sql table model twitter_kafka_pyspark_test.my_first_dbt_model  [[32mCREATE TABLE (2.0 rows, 0 processed)[0m in 18.80s]
[2023-06-22T22:25:41.997+0000] {subprocess.py:93} INFO - [0m22:25:41  4 of 4 START sql view model twitter_kafka_pyspark_test.my_second_dbt_model ..... [RUN]
[2023-06-22T22:25:42.870+0000] {subprocess.py:93} INFO - [0m22:25:42  2 of 4 OK created sql table model twitter_kafka_pyspark_test.dm_events ......... [[32mCREATE TABLE (1.3k rows, 178.2 KiB processed)[0m in 19.68s]
[2023-06-22T22:25:43.166+0000] {subprocess.py:93} INFO - [0m22:25:43  4 of 4 OK created sql view model twitter_kafka_pyspark_test.my_second_dbt_model  [[32mCREATE VIEW (0 processed)[0m in 1.16s]
[2023-06-22T22:25:43.193+0000] {subprocess.py:93} INFO - [0m22:25:43  1 of 4 OK created sql table model twitter_kafka_pyspark_test.distinct_data ..... [[32mCREATE TABLE (1.1k rows, 638.3 KiB processed)[0m in 20.00s]
[2023-06-22T22:25:43.231+0000] {subprocess.py:93} INFO - [0m22:25:43
[2023-06-22T22:25:43.232+0000] {subprocess.py:93} INFO - [0m22:25:43  Finished running 3 table models, 1 view model in 0 hours 0 minutes and 20.83 seconds (20.83s).
[2023-06-22T22:25:43.474+0000] {subprocess.py:93} INFO - [0m22:25:43
[2023-06-22T22:25:43.476+0000] {subprocess.py:93} INFO - [0m22:25:43  [32mCompleted successfully[0m
[2023-06-22T22:25:43.478+0000] {subprocess.py:93} INFO - [0m22:25:43
[2023-06-22T22:25:43.480+0000] {subprocess.py:93} INFO - [0m22:25:43  Done. PASS=4 WARN=0 ERROR=0 SKIP=0 TOTAL=4
[2023-06-22T22:25:44.419+0000] {subprocess.py:97} INFO - Command exited with return code 0
[2023-06-22T22:25:44.457+0000] {taskinstance.py:1332} INFO - Marking task as SUCCESS. dag_id=showpulse_dbt_dag, task_id=dbt_run, execution_date=20230622T221222, start_date=20230622T222520, end_date=20230622T222544
[2023-06-22T22:25:44.532+0000] {local_task_job.py:212} INFO - Task exited with return code 0
[2023-06-22T22:25:44.551+0000] {taskinstance.py:2596} INFO - 0 downstream tasks scheduled from follow-on schedule check
