[2023-06-22T09:26:17.951+0000] {taskinstance.py:1090} INFO - Dependencies all met for dep_context=non-requeueable deps ti=<TaskInstance: showpulse_dbt_dag.dbt_run scheduled__2023-06-22T08:01:34.279371+00:00 [queued]>
[2023-06-22T09:26:17.958+0000] {taskinstance.py:1090} INFO - Dependencies all met for dep_context=requeueable deps ti=<TaskInstance: showpulse_dbt_dag.dbt_run scheduled__2023-06-22T08:01:34.279371+00:00 [queued]>
[2023-06-22T09:26:17.958+0000] {taskinstance.py:1288} INFO - 
--------------------------------------------------------------------------------
[2023-06-22T09:26:17.959+0000] {taskinstance.py:1289} INFO - Starting attempt 1 of 1
[2023-06-22T09:26:17.959+0000] {taskinstance.py:1290} INFO - 
--------------------------------------------------------------------------------
[2023-06-22T09:26:17.967+0000] {taskinstance.py:1309} INFO - Executing <Task(BashOperator): dbt_run> on 2023-06-22 08:01:34.279371+00:00
[2023-06-22T09:26:17.971+0000] {standard_task_runner.py:55} INFO - Started process 15902 to run task
[2023-06-22T09:26:17.974+0000] {standard_task_runner.py:82} INFO - Running: ['***', 'tasks', 'run', 'showpulse_dbt_dag', 'dbt_run', 'scheduled__2023-06-22T08:01:34.279371+00:00', '--job-id', '1846', '--raw', '--subdir', 'DAGS_FOLDER/dbt_run.py', '--cfg-path', '/tmp/tmpe54po2jp']
[2023-06-22T09:26:17.975+0000] {standard_task_runner.py:83} INFO - Job 1846: Subtask dbt_run
[2023-06-22T09:26:18.028+0000] {task_command.py:389} INFO - Running <TaskInstance: showpulse_dbt_dag.dbt_run scheduled__2023-06-22T08:01:34.279371+00:00 [running]> on host 62cfed75eae1
[2023-06-22T09:26:18.078+0000] {taskinstance.py:1518} INFO - Exporting the following env vars:
AIRFLOW_CTX_DAG_OWNER=nburkett
AIRFLOW_CTX_DAG_ID=showpulse_dbt_dag
AIRFLOW_CTX_TASK_ID=dbt_run
AIRFLOW_CTX_EXECUTION_DATE=2023-06-22T08:01:34.279371+00:00
AIRFLOW_CTX_TRY_NUMBER=1
AIRFLOW_CTX_DAG_RUN_ID=scheduled__2023-06-22T08:01:34.279371+00:00
[2023-06-22T09:26:18.079+0000] {subprocess.py:63} INFO - Tmp dir root location: 
 /tmp
[2023-06-22T09:26:18.080+0000] {subprocess.py:75} INFO - Running command: ['/bin/bash', '-c', 'cd /dbt/ticketmaster_transformation && dbt run']
[2023-06-22T09:26:18.089+0000] {subprocess.py:86} INFO - Output:
[2023-06-22T09:26:19.392+0000] {subprocess.py:93} INFO - [0m09:26:19  Running with dbt=1.5.1
[2023-06-22T09:26:19.910+0000] {subprocess.py:93} INFO - [0m09:26:19  Found 4 models, 0 tests, 0 snapshots, 0 analyses, 356 macros, 0 operations, 0 seed files, 3 sources, 0 exposures, 0 metrics, 0 groups
[2023-06-22T09:26:19.912+0000] {subprocess.py:93} INFO - [0m09:26:19
[2023-06-22T09:26:38.304+0000] {subprocess.py:93} INFO - [0m09:26:38  Concurrency: 4 threads (target='dev')
[2023-06-22T09:26:38.306+0000] {subprocess.py:93} INFO - [0m09:26:38
[2023-06-22T09:26:38.316+0000] {subprocess.py:93} INFO - [0m09:26:38  1 of 4 START sql table model twitter_kafka_pyspark_test.distinct_data .......... [RUN]
[2023-06-22T09:26:38.317+0000] {subprocess.py:93} INFO - [0m09:26:38  2 of 4 START sql table model twitter_kafka_pyspark_test.dm_events .............. [RUN]
[2023-06-22T09:26:38.319+0000] {subprocess.py:93} INFO - [0m09:26:38  3 of 4 START sql table model twitter_kafka_pyspark_test.my_first_dbt_model ..... [RUN]
[2023-06-22T09:26:42.567+0000] {subprocess.py:93} INFO - [0m09:26:42  2 of 4 OK created sql table model twitter_kafka_pyspark_test.dm_events ......... [[32mCREATE TABLE (1.3k rows, 178.2 KiB processed)[0m in 4.24s]
[2023-06-22T09:26:43.212+0000] {subprocess.py:93} INFO - [0m09:26:43  3 of 4 OK created sql table model twitter_kafka_pyspark_test.my_first_dbt_model  [[32mCREATE TABLE (2.0 rows, 0 processed)[0m in 4.88s]
[2023-06-22T09:26:43.220+0000] {subprocess.py:93} INFO - [0m09:26:43  4 of 4 START sql view model twitter_kafka_pyspark_test.my_second_dbt_model ..... [RUN]
[2023-06-22T10:16:40.106+0000] {subprocess.py:93} INFO - [0m10:16:40  4 of 4 OK created sql view model twitter_kafka_pyspark_test.my_second_dbt_model  [[32mCREATE VIEW (0 processed)[0m in 2996.88s]
[2023-06-22T10:16:53.274+0000] {subprocess.py:93} INFO - [0m10:16:53  1 of 4 OK created sql table model twitter_kafka_pyspark_test.distinct_data ..... [[32mCREATE TABLE (1.1k rows, 638.3 KiB processed)[0m in 3014.95s]
[2023-06-22T10:16:53.340+0000] {subprocess.py:93} INFO - [0m10:16:53
[2023-06-22T10:16:53.342+0000] {subprocess.py:93} INFO - [0m10:16:53  Finished running 3 table models, 1 view model in 0 hours 50 minutes and 33.43 seconds (3033.43s).
[2023-06-22T10:16:53.376+0000] {subprocess.py:93} INFO - [0m10:16:53
[2023-06-22T10:16:53.377+0000] {subprocess.py:93} INFO - [0m10:16:53  [32mCompleted successfully[0m
[2023-06-22T10:16:53.379+0000] {subprocess.py:93} INFO - [0m10:16:53
[2023-06-22T10:16:53.381+0000] {subprocess.py:93} INFO - [0m10:16:53  Done. PASS=4 WARN=0 ERROR=0 SKIP=0 TOTAL=4
[2023-06-22T10:16:53.918+0000] {subprocess.py:97} INFO - Command exited with return code 0
[2023-06-22T10:16:53.959+0000] {taskinstance.py:1332} INFO - Marking task as SUCCESS. dag_id=showpulse_dbt_dag, task_id=dbt_run, execution_date=20230622T080134, start_date=20230622T092617, end_date=20230622T101653
[2023-06-22T10:16:54.041+0000] {local_task_job.py:212} INFO - Task exited with return code 0
[2023-06-22T10:16:54.061+0000] {taskinstance.py:2596} INFO - 0 downstream tasks scheduled from follow-on schedule check
