[2023-06-21T14:01:58.353+0000] {taskinstance.py:1090} INFO - Dependencies all met for dep_context=non-requeueable deps ti=<TaskInstance: showpulse_dbt_dag.pwd1 scheduled__2023-06-21T13:58:50.088603+00:00 [queued]>
[2023-06-21T14:01:58.363+0000] {taskinstance.py:1090} INFO - Dependencies all met for dep_context=requeueable deps ti=<TaskInstance: showpulse_dbt_dag.pwd1 scheduled__2023-06-21T13:58:50.088603+00:00 [queued]>
[2023-06-21T14:01:58.364+0000] {taskinstance.py:1288} INFO - 
--------------------------------------------------------------------------------
[2023-06-21T14:01:58.364+0000] {taskinstance.py:1289} INFO - Starting attempt 1 of 1
[2023-06-21T14:01:58.365+0000] {taskinstance.py:1290} INFO - 
--------------------------------------------------------------------------------
[2023-06-21T14:01:58.373+0000] {taskinstance.py:1309} INFO - Executing <Task(BashOperator): pwd1> on 2023-06-21 13:58:50.088603+00:00
[2023-06-21T14:01:58.378+0000] {standard_task_runner.py:55} INFO - Started process 3990 to run task
[2023-06-21T14:01:58.384+0000] {standard_task_runner.py:82} INFO - Running: ['***', 'tasks', 'run', 'showpulse_dbt_dag', 'pwd1', 'scheduled__2023-06-21T13:58:50.088603+00:00', '--job-id', '759', '--raw', '--subdir', 'DAGS_FOLDER/dbt_run.py', '--cfg-path', '/tmp/tmptu5huj5_']
[2023-06-21T14:01:58.388+0000] {standard_task_runner.py:83} INFO - Job 759: Subtask pwd1
[2023-06-21T14:01:58.507+0000] {task_command.py:389} INFO - Running <TaskInstance: showpulse_dbt_dag.pwd1 scheduled__2023-06-21T13:58:50.088603+00:00 [running]> on host 62cfed75eae1
[2023-06-21T14:01:58.609+0000] {taskinstance.py:1518} INFO - Exporting the following env vars:
AIRFLOW_CTX_DAG_OWNER=nburkett
AIRFLOW_CTX_DAG_ID=showpulse_dbt_dag
AIRFLOW_CTX_TASK_ID=pwd1
AIRFLOW_CTX_EXECUTION_DATE=2023-06-21T13:58:50.088603+00:00
AIRFLOW_CTX_TRY_NUMBER=1
AIRFLOW_CTX_DAG_RUN_ID=scheduled__2023-06-21T13:58:50.088603+00:00
[2023-06-21T14:01:58.610+0000] {subprocess.py:63} INFO - Tmp dir root location: 
 /tmp
[2023-06-21T14:01:58.611+0000] {subprocess.py:75} INFO - Running command: ['/bin/bash', '-c', 'pwd && ls']
[2023-06-21T14:01:58.623+0000] {subprocess.py:86} INFO - Output:
[2023-06-21T14:01:58.628+0000] {subprocess.py:93} INFO - /tmp/***tmpxzzydyu6
[2023-06-21T14:01:58.632+0000] {subprocess.py:97} INFO - Command exited with return code 0
[2023-06-21T14:01:58.665+0000] {taskinstance.py:1332} INFO - Marking task as SUCCESS. dag_id=showpulse_dbt_dag, task_id=pwd1, execution_date=20230621T135850, start_date=20230621T140158, end_date=20230621T140158
[2023-06-21T14:01:58.720+0000] {local_task_job.py:212} INFO - Task exited with return code 0
[2023-06-21T14:01:58.745+0000] {taskinstance.py:2596} INFO - 1 downstream tasks scheduled from follow-on schedule check
