[2023-06-22T19:10:23.146+0000] {taskinstance.py:1090} INFO - Dependencies all met for dep_context=non-requeueable deps ti=<TaskInstance: showpulse_dbt_dag.dbt_run scheduled__2023-06-22T19:08:09.878716+00:00 [queued]>
[2023-06-22T19:10:23.152+0000] {taskinstance.py:1090} INFO - Dependencies all met for dep_context=requeueable deps ti=<TaskInstance: showpulse_dbt_dag.dbt_run scheduled__2023-06-22T19:08:09.878716+00:00 [queued]>
[2023-06-22T19:10:23.153+0000] {taskinstance.py:1288} INFO - 
--------------------------------------------------------------------------------
[2023-06-22T19:10:23.153+0000] {taskinstance.py:1289} INFO - Starting attempt 1 of 1
[2023-06-22T19:10:23.154+0000] {taskinstance.py:1290} INFO - 
--------------------------------------------------------------------------------
[2023-06-22T19:10:23.162+0000] {taskinstance.py:1309} INFO - Executing <Task(BashOperator): dbt_run> on 2023-06-22 19:08:09.878716+00:00
[2023-06-22T19:10:23.165+0000] {standard_task_runner.py:55} INFO - Started process 17589 to run task
[2023-06-22T19:10:23.168+0000] {standard_task_runner.py:82} INFO - Running: ['***', 'tasks', 'run', 'showpulse_dbt_dag', 'dbt_run', 'scheduled__2023-06-22T19:08:09.878716+00:00', '--job-id', '2034', '--raw', '--subdir', 'DAGS_FOLDER/dbt_run.py', '--cfg-path', '/tmp/tmpojmau0ki']
[2023-06-22T19:10:23.169+0000] {standard_task_runner.py:83} INFO - Job 2034: Subtask dbt_run
[2023-06-22T19:10:23.222+0000] {task_command.py:389} INFO - Running <TaskInstance: showpulse_dbt_dag.dbt_run scheduled__2023-06-22T19:08:09.878716+00:00 [running]> on host 62cfed75eae1
[2023-06-22T19:10:23.272+0000] {taskinstance.py:1518} INFO - Exporting the following env vars:
AIRFLOW_CTX_DAG_OWNER=nburkett
AIRFLOW_CTX_DAG_ID=showpulse_dbt_dag
AIRFLOW_CTX_TASK_ID=dbt_run
AIRFLOW_CTX_EXECUTION_DATE=2023-06-22T19:08:09.878716+00:00
AIRFLOW_CTX_TRY_NUMBER=1
AIRFLOW_CTX_DAG_RUN_ID=scheduled__2023-06-22T19:08:09.878716+00:00
[2023-06-22T19:10:23.274+0000] {subprocess.py:63} INFO - Tmp dir root location: 
 /tmp
[2023-06-22T19:10:23.274+0000] {subprocess.py:75} INFO - Running command: ['/bin/bash', '-c', 'cd /dbt/ticketmaster_transformation && dbt run']
[2023-06-22T19:10:23.282+0000] {subprocess.py:86} INFO - Output:
[2023-06-22T19:10:24.869+0000] {subprocess.py:93} INFO - [0m19:10:24  Running with dbt=1.5.1
[2023-06-22T19:10:25.377+0000] {subprocess.py:93} INFO - [0m19:10:25  Found 4 models, 0 tests, 0 snapshots, 0 analyses, 356 macros, 0 operations, 0 seed files, 3 sources, 0 exposures, 0 metrics, 0 groups
[2023-06-22T19:10:25.380+0000] {subprocess.py:93} INFO - [0m19:10:25
[2023-06-22T19:10:26.504+0000] {subprocess.py:93} INFO - [0m19:10:26  Concurrency: 4 threads (target='dev')
[2023-06-22T19:10:26.506+0000] {subprocess.py:93} INFO - [0m19:10:26
[2023-06-22T19:10:26.516+0000] {subprocess.py:93} INFO - [0m19:10:26  1 of 4 START sql table model twitter_kafka_pyspark_test.distinct_data .......... [RUN]
[2023-06-22T19:10:26.517+0000] {subprocess.py:93} INFO - [0m19:10:26  2 of 4 START sql table model twitter_kafka_pyspark_test.dm_events .............. [RUN]
[2023-06-22T19:10:26.518+0000] {subprocess.py:93} INFO - [0m19:10:26  3 of 4 START sql table model twitter_kafka_pyspark_test.my_first_dbt_model ..... [RUN]
[2023-06-22T19:10:29.639+0000] {subprocess.py:93} INFO - [0m19:10:29  3 of 4 OK created sql table model twitter_kafka_pyspark_test.my_first_dbt_model  [[32mCREATE TABLE (2.0 rows, 0 processed)[0m in 3.11s]
[2023-06-22T19:10:29.645+0000] {subprocess.py:93} INFO - [0m19:10:29  4 of 4 START sql view model twitter_kafka_pyspark_test.my_second_dbt_model ..... [RUN]
[2023-06-22T19:10:29.690+0000] {subprocess.py:93} INFO - [0m19:10:29  2 of 4 OK created sql table model twitter_kafka_pyspark_test.dm_events ......... [[32mCREATE TABLE (1.3k rows, 178.2 KiB processed)[0m in 3.16s]
[2023-06-22T19:10:29.868+0000] {subprocess.py:93} INFO - [0m19:10:29  1 of 4 OK created sql table model twitter_kafka_pyspark_test.distinct_data ..... [[32mCREATE TABLE (1.1k rows, 638.3 KiB processed)[0m in 3.35s]
[2023-06-22T19:10:30.984+0000] {subprocess.py:93} INFO - [0m19:10:30  4 of 4 OK created sql view model twitter_kafka_pyspark_test.my_second_dbt_model  [[32mCREATE VIEW (0 processed)[0m in 1.33s]
[2023-06-22T19:10:31.098+0000] {subprocess.py:93} INFO - [0m19:10:31
[2023-06-22T19:10:31.100+0000] {subprocess.py:93} INFO - [0m19:10:31  Finished running 3 table models, 1 view model in 0 hours 0 minutes and 5.72 seconds (5.72s).
[2023-06-22T19:10:31.133+0000] {subprocess.py:93} INFO - [0m19:10:31
[2023-06-22T19:10:31.135+0000] {subprocess.py:93} INFO - [0m19:10:31  [32mCompleted successfully[0m
[2023-06-22T19:10:31.136+0000] {subprocess.py:93} INFO - [0m19:10:31
[2023-06-22T19:10:31.137+0000] {subprocess.py:93} INFO - [0m19:10:31  Done. PASS=4 WARN=0 ERROR=0 SKIP=0 TOTAL=4
[2023-06-22T19:10:31.634+0000] {subprocess.py:97} INFO - Command exited with return code 0
[2023-06-22T19:10:31.665+0000] {taskinstance.py:1332} INFO - Marking task as SUCCESS. dag_id=showpulse_dbt_dag, task_id=dbt_run, execution_date=20230622T190809, start_date=20230622T191023, end_date=20230622T191031
[2023-06-22T19:10:31.704+0000] {local_task_job.py:212} INFO - Task exited with return code 0
[2023-06-22T19:10:31.726+0000] {taskinstance.py:2596} INFO - 0 downstream tasks scheduled from follow-on schedule check
