[2023-06-21T00:44:45.607+0000] {taskinstance.py:1090} INFO - Dependencies all met for dep_context=non-requeueable deps ti=<TaskInstance: showpulse_dbt_dag.dbt_change_dir scheduled__2023-06-21T00:43:43.539608+00:00 [queued]>
[2023-06-21T00:44:45.614+0000] {taskinstance.py:1090} INFO - Dependencies all met for dep_context=requeueable deps ti=<TaskInstance: showpulse_dbt_dag.dbt_change_dir scheduled__2023-06-21T00:43:43.539608+00:00 [queued]>
[2023-06-21T00:44:45.614+0000] {taskinstance.py:1288} INFO - 
--------------------------------------------------------------------------------
[2023-06-21T00:44:45.615+0000] {taskinstance.py:1289} INFO - Starting attempt 1 of 1
[2023-06-21T00:44:45.615+0000] {taskinstance.py:1290} INFO - 
--------------------------------------------------------------------------------
[2023-06-21T00:44:45.623+0000] {taskinstance.py:1309} INFO - Executing <Task(BashOperator): dbt_change_dir> on 2023-06-21 00:43:43.539608+00:00
[2023-06-21T00:44:45.627+0000] {standard_task_runner.py:55} INFO - Started process 1187 to run task
[2023-06-21T00:44:45.631+0000] {standard_task_runner.py:82} INFO - Running: ['***', 'tasks', 'run', 'showpulse_dbt_dag', 'dbt_change_dir', 'scheduled__2023-06-21T00:43:43.539608+00:00', '--job-id', '472', '--raw', '--subdir', 'DAGS_FOLDER/dbt_run.py', '--cfg-path', '/tmp/tmp75ge07bj']
[2023-06-21T00:44:45.632+0000] {standard_task_runner.py:83} INFO - Job 472: Subtask dbt_change_dir
[2023-06-21T00:44:45.688+0000] {task_command.py:389} INFO - Running <TaskInstance: showpulse_dbt_dag.dbt_change_dir scheduled__2023-06-21T00:43:43.539608+00:00 [running]> on host 62cfed75eae1
[2023-06-21T00:44:45.740+0000] {taskinstance.py:1518} INFO - Exporting the following env vars:
AIRFLOW_CTX_DAG_OWNER=nburkett
AIRFLOW_CTX_DAG_ID=showpulse_dbt_dag
AIRFLOW_CTX_TASK_ID=dbt_change_dir
AIRFLOW_CTX_EXECUTION_DATE=2023-06-21T00:43:43.539608+00:00
AIRFLOW_CTX_TRY_NUMBER=1
AIRFLOW_CTX_DAG_RUN_ID=scheduled__2023-06-21T00:43:43.539608+00:00
[2023-06-21T00:44:45.742+0000] {subprocess.py:63} INFO - Tmp dir root location: 
 /tmp
[2023-06-21T00:44:45.742+0000] {subprocess.py:75} INFO - Running command: ['/bin/bash', '-c', 'cd /dbt/ticketmaster_transformation']
[2023-06-21T00:44:45.752+0000] {subprocess.py:86} INFO - Output:
[2023-06-21T00:44:45.754+0000] {subprocess.py:97} INFO - Command exited with return code 0
[2023-06-21T00:44:45.777+0000] {taskinstance.py:1332} INFO - Marking task as SUCCESS. dag_id=showpulse_dbt_dag, task_id=dbt_change_dir, execution_date=20230621T004343, start_date=20230621T004445, end_date=20230621T004445
[2023-06-21T00:44:45.803+0000] {local_task_job.py:212} INFO - Task exited with return code 0
[2023-06-21T00:44:45.825+0000] {taskinstance.py:2596} INFO - 1 downstream tasks scheduled from follow-on schedule check
