[2023-06-21T21:02:39.326+0000] {taskinstance.py:1090} INFO - Dependencies all met for dep_context=non-requeueable deps ti=<TaskInstance: showpulse_dbt_dag.dbt_run scheduled__2023-06-21T20:58:34.495900+00:00 [queued]>
[2023-06-21T21:02:39.332+0000] {taskinstance.py:1090} INFO - Dependencies all met for dep_context=requeueable deps ti=<TaskInstance: showpulse_dbt_dag.dbt_run scheduled__2023-06-21T20:58:34.495900+00:00 [queued]>
[2023-06-21T21:02:39.333+0000] {taskinstance.py:1288} INFO - 
--------------------------------------------------------------------------------
[2023-06-21T21:02:39.333+0000] {taskinstance.py:1289} INFO - Starting attempt 1 of 1
[2023-06-21T21:02:39.334+0000] {taskinstance.py:1290} INFO - 
--------------------------------------------------------------------------------
[2023-06-21T21:02:39.341+0000] {taskinstance.py:1309} INFO - Executing <Task(BashOperator): dbt_run> on 2023-06-21 20:58:34.495900+00:00
[2023-06-21T21:02:39.345+0000] {standard_task_runner.py:55} INFO - Started process 6256 to run task
[2023-06-21T21:02:39.349+0000] {standard_task_runner.py:82} INFO - Running: ['***', 'tasks', 'run', 'showpulse_dbt_dag', 'dbt_run', 'scheduled__2023-06-21T20:58:34.495900+00:00', '--job-id', '1010', '--raw', '--subdir', 'DAGS_FOLDER/dbt_run.py', '--cfg-path', '/tmp/tmpaf6_56bb']
[2023-06-21T21:02:39.349+0000] {standard_task_runner.py:83} INFO - Job 1010: Subtask dbt_run
[2023-06-21T21:02:39.403+0000] {task_command.py:389} INFO - Running <TaskInstance: showpulse_dbt_dag.dbt_run scheduled__2023-06-21T20:58:34.495900+00:00 [running]> on host 62cfed75eae1
[2023-06-21T21:02:39.454+0000] {taskinstance.py:1518} INFO - Exporting the following env vars:
AIRFLOW_CTX_DAG_OWNER=nburkett
AIRFLOW_CTX_DAG_ID=showpulse_dbt_dag
AIRFLOW_CTX_TASK_ID=dbt_run
AIRFLOW_CTX_EXECUTION_DATE=2023-06-21T20:58:34.495900+00:00
AIRFLOW_CTX_TRY_NUMBER=1
AIRFLOW_CTX_DAG_RUN_ID=scheduled__2023-06-21T20:58:34.495900+00:00
[2023-06-21T21:02:39.455+0000] {subprocess.py:63} INFO - Tmp dir root location: 
 /tmp
[2023-06-21T21:02:39.456+0000] {subprocess.py:75} INFO - Running command: ['/bin/bash', '-c', 'cd /dbt/ticketmaster_transformation && dbt run']
[2023-06-21T21:02:39.465+0000] {subprocess.py:86} INFO - Output:
[2023-06-21T21:02:40.757+0000] {subprocess.py:93} INFO - [0m21:02:40  Running with dbt=1.5.1
[2023-06-21T21:02:41.312+0000] {subprocess.py:93} INFO - [0m21:02:41  Found 4 models, 0 tests, 0 snapshots, 0 analyses, 356 macros, 0 operations, 0 seed files, 3 sources, 0 exposures, 0 metrics, 0 groups
[2023-06-21T21:02:41.315+0000] {subprocess.py:93} INFO - [0m21:02:41
[2023-06-21T21:02:42.258+0000] {subprocess.py:93} INFO - [0m21:02:42  Concurrency: 4 threads (target='dev')
[2023-06-21T21:02:42.261+0000] {subprocess.py:93} INFO - [0m21:02:42
[2023-06-21T21:02:42.281+0000] {subprocess.py:93} INFO - [0m21:02:42  1 of 4 START sql table model twitter_kafka_pyspark_test.distinct_data .......... [RUN]
[2023-06-21T21:02:42.282+0000] {subprocess.py:93} INFO - [0m21:02:42  2 of 4 START sql table model twitter_kafka_pyspark_test.dm_events .............. [RUN]
[2023-06-21T21:02:42.285+0000] {subprocess.py:93} INFO - [0m21:02:42  3 of 4 START sql table model twitter_kafka_pyspark_test.my_first_dbt_model ..... [RUN]
[2023-06-21T21:02:45.510+0000] {subprocess.py:93} INFO - [0m21:02:45  3 of 4 OK created sql table model twitter_kafka_pyspark_test.my_first_dbt_model  [[32mCREATE TABLE (2.0 rows, 0 processed)[0m in 3.21s]
[2023-06-21T21:02:45.516+0000] {subprocess.py:93} INFO - [0m21:02:45  4 of 4 START sql view model twitter_kafka_pyspark_test.my_second_dbt_model ..... [RUN]
[2023-06-21T21:02:45.820+0000] {subprocess.py:93} INFO - [0m21:02:45  2 of 4 OK created sql table model twitter_kafka_pyspark_test.dm_events ......... [[32mCREATE TABLE (1.3k rows, 178.2 KiB processed)[0m in 3.52s]
[2023-06-21T21:02:46.092+0000] {subprocess.py:93} INFO - [0m21:02:46  1 of 4 OK created sql table model twitter_kafka_pyspark_test.distinct_data ..... [[32mCREATE TABLE (1.1k rows, 638.3 KiB processed)[0m in 3.80s]
[2023-06-21T21:02:46.528+0000] {subprocess.py:93} INFO - [0m21:02:46  4 of 4 OK created sql view model twitter_kafka_pyspark_test.my_second_dbt_model  [[32mCREATE VIEW (0 processed)[0m in 1.01s]
[2023-06-21T21:02:46.610+0000] {subprocess.py:93} INFO - [0m21:02:46
[2023-06-21T21:02:46.612+0000] {subprocess.py:93} INFO - [0m21:02:46  Finished running 3 table models, 1 view model in 0 hours 0 minutes and 5.29 seconds (5.29s).
[2023-06-21T21:02:46.630+0000] {subprocess.py:93} INFO - [0m21:02:46
[2023-06-21T21:02:46.632+0000] {subprocess.py:93} INFO - [0m21:02:46  [32mCompleted successfully[0m
[2023-06-21T21:02:46.633+0000] {subprocess.py:93} INFO - [0m21:02:46
[2023-06-21T21:02:46.634+0000] {subprocess.py:93} INFO - [0m21:02:46  Done. PASS=4 WARN=0 ERROR=0 SKIP=0 TOTAL=4
[2023-06-21T21:02:48.234+0000] {subprocess.py:97} INFO - Command exited with return code 0
[2023-06-21T21:02:48.266+0000] {taskinstance.py:1332} INFO - Marking task as SUCCESS. dag_id=showpulse_dbt_dag, task_id=dbt_run, execution_date=20230621T205834, start_date=20230621T210239, end_date=20230621T210248
[2023-06-21T21:02:48.323+0000] {local_task_job.py:212} INFO - Task exited with return code 0
[2023-06-21T21:02:48.348+0000] {taskinstance.py:2596} INFO - 0 downstream tasks scheduled from follow-on schedule check
