[2023-06-22T01:00:36.270+0000] {taskinstance.py:1090} INFO - Dependencies all met for dep_context=non-requeueable deps ti=<TaskInstance: showpulse_dbt_dag.dbt_run scheduled__2023-06-22T00:59:32.430820+00:00 [queued]>
[2023-06-22T01:00:36.276+0000] {taskinstance.py:1090} INFO - Dependencies all met for dep_context=requeueable deps ti=<TaskInstance: showpulse_dbt_dag.dbt_run scheduled__2023-06-22T00:59:32.430820+00:00 [queued]>
[2023-06-22T01:00:36.277+0000] {taskinstance.py:1288} INFO - 
--------------------------------------------------------------------------------
[2023-06-22T01:00:36.277+0000] {taskinstance.py:1289} INFO - Starting attempt 1 of 1
[2023-06-22T01:00:36.278+0000] {taskinstance.py:1290} INFO - 
--------------------------------------------------------------------------------
[2023-06-22T01:00:36.285+0000] {taskinstance.py:1309} INFO - Executing <Task(BashOperator): dbt_run> on 2023-06-22 00:59:32.430820+00:00
[2023-06-22T01:00:36.289+0000] {standard_task_runner.py:55} INFO - Started process 11829 to run task
[2023-06-22T01:00:36.292+0000] {standard_task_runner.py:82} INFO - Running: ['***', 'tasks', 'run', 'showpulse_dbt_dag', 'dbt_run', 'scheduled__2023-06-22T00:59:32.430820+00:00', '--job-id', '1482', '--raw', '--subdir', 'DAGS_FOLDER/dbt_run.py', '--cfg-path', '/tmp/tmpw4x1c32n']
[2023-06-22T01:00:36.293+0000] {standard_task_runner.py:83} INFO - Job 1482: Subtask dbt_run
[2023-06-22T01:00:36.344+0000] {task_command.py:389} INFO - Running <TaskInstance: showpulse_dbt_dag.dbt_run scheduled__2023-06-22T00:59:32.430820+00:00 [running]> on host 62cfed75eae1
[2023-06-22T01:00:36.392+0000] {taskinstance.py:1518} INFO - Exporting the following env vars:
AIRFLOW_CTX_DAG_OWNER=nburkett
AIRFLOW_CTX_DAG_ID=showpulse_dbt_dag
AIRFLOW_CTX_TASK_ID=dbt_run
AIRFLOW_CTX_EXECUTION_DATE=2023-06-22T00:59:32.430820+00:00
AIRFLOW_CTX_TRY_NUMBER=1
AIRFLOW_CTX_DAG_RUN_ID=scheduled__2023-06-22T00:59:32.430820+00:00
[2023-06-22T01:00:36.393+0000] {subprocess.py:63} INFO - Tmp dir root location: 
 /tmp
[2023-06-22T01:00:36.394+0000] {subprocess.py:75} INFO - Running command: ['/bin/bash', '-c', 'cd /dbt/ticketmaster_transformation && dbt run']
[2023-06-22T01:00:36.402+0000] {subprocess.py:86} INFO - Output:
[2023-06-22T01:00:37.590+0000] {subprocess.py:93} INFO - [0m01:00:37  Running with dbt=1.5.1
[2023-06-22T01:00:38.050+0000] {subprocess.py:93} INFO - [0m01:00:38  Found 4 models, 0 tests, 0 snapshots, 0 analyses, 356 macros, 0 operations, 0 seed files, 3 sources, 0 exposures, 0 metrics, 0 groups
[2023-06-22T01:00:38.053+0000] {subprocess.py:93} INFO - [0m01:00:38
[2023-06-22T01:00:39.212+0000] {subprocess.py:93} INFO - [0m01:00:39  Concurrency: 4 threads (target='dev')
[2023-06-22T01:00:39.216+0000] {subprocess.py:93} INFO - [0m01:00:39
[2023-06-22T01:00:39.234+0000] {subprocess.py:93} INFO - [0m01:00:39  1 of 4 START sql table model twitter_kafka_pyspark_test.distinct_data .......... [RUN]
[2023-06-22T01:00:39.237+0000] {subprocess.py:93} INFO - [0m01:00:39  2 of 4 START sql table model twitter_kafka_pyspark_test.dm_events .............. [RUN]
[2023-06-22T01:00:39.240+0000] {subprocess.py:93} INFO - [0m01:00:39  3 of 4 START sql table model twitter_kafka_pyspark_test.my_first_dbt_model ..... [RUN]
[2023-06-22T01:00:42.025+0000] {subprocess.py:93} INFO - [0m01:00:42  2 of 4 OK created sql table model twitter_kafka_pyspark_test.dm_events ......... [[32mCREATE TABLE (1.3k rows, 178.2 KiB processed)[0m in 2.78s]
[2023-06-22T01:00:42.190+0000] {subprocess.py:93} INFO - [0m01:00:42  1 of 4 OK created sql table model twitter_kafka_pyspark_test.distinct_data ..... [[32mCREATE TABLE (1.1k rows, 638.3 KiB processed)[0m in 2.95s]
[2023-06-22T01:00:42.256+0000] {subprocess.py:93} INFO - [0m01:00:42  3 of 4 OK created sql table model twitter_kafka_pyspark_test.my_first_dbt_model  [[32mCREATE TABLE (2.0 rows, 0 processed)[0m in 3.01s]
[2023-06-22T01:00:42.260+0000] {subprocess.py:93} INFO - [0m01:00:42  4 of 4 START sql view model twitter_kafka_pyspark_test.my_second_dbt_model ..... [RUN]
[2023-06-22T01:00:43.290+0000] {subprocess.py:93} INFO - [0m01:00:43  4 of 4 OK created sql view model twitter_kafka_pyspark_test.my_second_dbt_model  [[32mCREATE VIEW (0 processed)[0m in 1.02s]
[2023-06-22T01:00:43.430+0000] {subprocess.py:93} INFO - [0m01:00:43
[2023-06-22T01:00:43.433+0000] {subprocess.py:93} INFO - [0m01:00:43  Finished running 3 table models, 1 view model in 0 hours 0 minutes and 5.37 seconds (5.37s).
[2023-06-22T01:00:43.473+0000] {subprocess.py:93} INFO - [0m01:00:43
[2023-06-22T01:00:43.475+0000] {subprocess.py:93} INFO - [0m01:00:43  [32mCompleted successfully[0m
[2023-06-22T01:00:43.476+0000] {subprocess.py:93} INFO - [0m01:00:43
[2023-06-22T01:00:43.477+0000] {subprocess.py:93} INFO - [0m01:00:43  Done. PASS=4 WARN=0 ERROR=0 SKIP=0 TOTAL=4
[2023-06-22T01:00:43.930+0000] {subprocess.py:97} INFO - Command exited with return code 0
[2023-06-22T01:00:43.953+0000] {taskinstance.py:1332} INFO - Marking task as SUCCESS. dag_id=showpulse_dbt_dag, task_id=dbt_run, execution_date=20230622T005932, start_date=20230622T010036, end_date=20230622T010043
[2023-06-22T01:00:43.976+0000] {local_task_job.py:212} INFO - Task exited with return code 0
[2023-06-22T01:00:43.990+0000] {taskinstance.py:2596} INFO - 0 downstream tasks scheduled from follow-on schedule check
