[2023-06-23T00:54:34.639+0000] {taskinstance.py:1090} INFO - Dependencies all met for dep_context=non-requeueable deps ti=<TaskInstance: showpulse_dbt_dag.dbt_run scheduled__2023-06-23T00:53:30.826087+00:00 [queued]>
[2023-06-23T00:54:34.645+0000] {taskinstance.py:1090} INFO - Dependencies all met for dep_context=requeueable deps ti=<TaskInstance: showpulse_dbt_dag.dbt_run scheduled__2023-06-23T00:53:30.826087+00:00 [queued]>
[2023-06-23T00:54:34.646+0000] {taskinstance.py:1288} INFO - 
--------------------------------------------------------------------------------
[2023-06-23T00:54:34.646+0000] {taskinstance.py:1289} INFO - Starting attempt 1 of 1
[2023-06-23T00:54:34.647+0000] {taskinstance.py:1290} INFO - 
--------------------------------------------------------------------------------
[2023-06-23T00:54:34.654+0000] {taskinstance.py:1309} INFO - Executing <Task(BashOperator): dbt_run> on 2023-06-23 00:53:30.826087+00:00
[2023-06-23T00:54:34.658+0000] {standard_task_runner.py:55} INFO - Started process 21335 to run task
[2023-06-23T00:54:34.662+0000] {standard_task_runner.py:82} INFO - Running: ['***', 'tasks', 'run', 'showpulse_dbt_dag', 'dbt_run', 'scheduled__2023-06-23T00:53:30.826087+00:00', '--job-id', '2406', '--raw', '--subdir', 'DAGS_FOLDER/dbt_run.py', '--cfg-path', '/tmp/tmpzuq92275']
[2023-06-23T00:54:34.662+0000] {standard_task_runner.py:83} INFO - Job 2406: Subtask dbt_run
[2023-06-23T00:54:34.714+0000] {task_command.py:389} INFO - Running <TaskInstance: showpulse_dbt_dag.dbt_run scheduled__2023-06-23T00:53:30.826087+00:00 [running]> on host 62cfed75eae1
[2023-06-23T00:54:34.767+0000] {taskinstance.py:1518} INFO - Exporting the following env vars:
AIRFLOW_CTX_DAG_OWNER=nburkett
AIRFLOW_CTX_DAG_ID=showpulse_dbt_dag
AIRFLOW_CTX_TASK_ID=dbt_run
AIRFLOW_CTX_EXECUTION_DATE=2023-06-23T00:53:30.826087+00:00
AIRFLOW_CTX_TRY_NUMBER=1
AIRFLOW_CTX_DAG_RUN_ID=scheduled__2023-06-23T00:53:30.826087+00:00
[2023-06-23T00:54:34.768+0000] {subprocess.py:63} INFO - Tmp dir root location: 
 /tmp
[2023-06-23T00:54:34.769+0000] {subprocess.py:75} INFO - Running command: ['/bin/bash', '-c', 'cd /dbt/ticketmaster_transformation && dbt run']
[2023-06-23T00:54:34.778+0000] {subprocess.py:86} INFO - Output:
[2023-06-23T00:54:36.301+0000] {subprocess.py:93} INFO - [0m00:54:36  Running with dbt=1.5.1
[2023-06-23T00:54:36.885+0000] {subprocess.py:93} INFO - [0m00:54:36  Found 4 models, 0 tests, 0 snapshots, 0 analyses, 356 macros, 0 operations, 0 seed files, 3 sources, 0 exposures, 0 metrics, 0 groups
[2023-06-23T00:54:36.889+0000] {subprocess.py:93} INFO - [0m00:54:36
[2023-06-23T00:54:37.506+0000] {subprocess.py:93} INFO - [0m00:54:37  Concurrency: 4 threads (target='dev')
[2023-06-23T00:54:37.509+0000] {subprocess.py:93} INFO - [0m00:54:37
[2023-06-23T00:54:37.518+0000] {subprocess.py:93} INFO - [0m00:54:37  1 of 4 START sql table model twitter_kafka_pyspark_test.distinct_data .......... [RUN]
[2023-06-23T00:54:37.519+0000] {subprocess.py:93} INFO - [0m00:54:37  2 of 4 START sql table model twitter_kafka_pyspark_test.dm_events .............. [RUN]
[2023-06-23T00:54:37.521+0000] {subprocess.py:93} INFO - [0m00:54:37  3 of 4 START sql table model twitter_kafka_pyspark_test.my_first_dbt_model ..... [RUN]
[2023-06-23T00:54:40.107+0000] {subprocess.py:93} INFO - [0m00:54:40  3 of 4 OK created sql table model twitter_kafka_pyspark_test.my_first_dbt_model  [[32mCREATE TABLE (2.0 rows, 0 processed)[0m in 2.58s]
[2023-06-23T00:54:40.116+0000] {subprocess.py:93} INFO - [0m00:54:40  4 of 4 START sql view model twitter_kafka_pyspark_test.my_second_dbt_model ..... [RUN]
[2023-06-23T00:54:40.320+0000] {subprocess.py:93} INFO - [0m00:54:40  1 of 4 OK created sql table model twitter_kafka_pyspark_test.distinct_data ..... [[32mCREATE TABLE (1.1k rows, 648.1 KiB processed)[0m in 2.80s]
[2023-06-23T00:54:40.371+0000] {subprocess.py:93} INFO - [0m00:54:40  2 of 4 OK created sql table model twitter_kafka_pyspark_test.dm_events ......... [[32mCREATE TABLE (1.4k rows, 181.3 KiB processed)[0m in 2.85s]
[2023-06-23T00:54:41.026+0000] {subprocess.py:93} INFO - [0m00:54:41  4 of 4 OK created sql view model twitter_kafka_pyspark_test.my_second_dbt_model  [[32mCREATE VIEW (0 processed)[0m in 0.90s]
[2023-06-23T00:54:41.093+0000] {subprocess.py:93} INFO - [0m00:54:41
[2023-06-23T00:54:41.094+0000] {subprocess.py:93} INFO - [0m00:54:41  Finished running 3 table models, 1 view model in 0 hours 0 minutes and 4.20 seconds (4.20s).
[2023-06-23T00:54:41.110+0000] {subprocess.py:93} INFO - [0m00:54:41
[2023-06-23T00:54:41.111+0000] {subprocess.py:93} INFO - [0m00:54:41  [32mCompleted successfully[0m
[2023-06-23T00:54:41.112+0000] {subprocess.py:93} INFO - [0m00:54:41
[2023-06-23T00:54:41.113+0000] {subprocess.py:93} INFO - [0m00:54:41  Done. PASS=4 WARN=0 ERROR=0 SKIP=0 TOTAL=4
[2023-06-23T00:54:41.518+0000] {subprocess.py:97} INFO - Command exited with return code 0
[2023-06-23T00:54:41.553+0000] {taskinstance.py:1332} INFO - Marking task as SUCCESS. dag_id=showpulse_dbt_dag, task_id=dbt_run, execution_date=20230623T005330, start_date=20230623T005434, end_date=20230623T005441
[2023-06-23T00:54:41.581+0000] {local_task_job.py:212} INFO - Task exited with return code 0
[2023-06-23T00:54:41.599+0000] {taskinstance.py:2596} INFO - 0 downstream tasks scheduled from follow-on schedule check
