[2023-06-21T15:40:06.210+0000] {taskinstance.py:1090} INFO - Dependencies all met for dep_context=non-requeueable deps ti=<TaskInstance: showpulse_dbt_dag.dbt_run scheduled__2023-06-21T14:56:53.614542+00:00 [queued]>
[2023-06-21T15:40:06.221+0000] {taskinstance.py:1090} INFO - Dependencies all met for dep_context=requeueable deps ti=<TaskInstance: showpulse_dbt_dag.dbt_run scheduled__2023-06-21T14:56:53.614542+00:00 [queued]>
[2023-06-21T15:40:06.221+0000] {taskinstance.py:1288} INFO - 
--------------------------------------------------------------------------------
[2023-06-21T15:40:06.222+0000] {taskinstance.py:1289} INFO - Starting attempt 1 of 1
[2023-06-21T15:40:06.223+0000] {taskinstance.py:1290} INFO - 
--------------------------------------------------------------------------------
[2023-06-21T15:40:06.233+0000] {taskinstance.py:1309} INFO - Executing <Task(BashOperator): dbt_run> on 2023-06-21 14:56:53.614542+00:00
[2023-06-21T15:40:06.238+0000] {standard_task_runner.py:55} INFO - Started process 4472 to run task
[2023-06-21T15:40:06.241+0000] {standard_task_runner.py:82} INFO - Running: ['***', 'tasks', 'run', 'showpulse_dbt_dag', 'dbt_run', 'scheduled__2023-06-21T14:56:53.614542+00:00', '--job-id', '810', '--raw', '--subdir', 'DAGS_FOLDER/dbt_run.py', '--cfg-path', '/tmp/tmp9n2zw4zy']
[2023-06-21T15:40:06.242+0000] {standard_task_runner.py:83} INFO - Job 810: Subtask dbt_run
[2023-06-21T15:40:06.325+0000] {task_command.py:389} INFO - Running <TaskInstance: showpulse_dbt_dag.dbt_run scheduled__2023-06-21T14:56:53.614542+00:00 [running]> on host 62cfed75eae1
[2023-06-21T15:40:06.385+0000] {taskinstance.py:1518} INFO - Exporting the following env vars:
AIRFLOW_CTX_DAG_OWNER=nburkett
AIRFLOW_CTX_DAG_ID=showpulse_dbt_dag
AIRFLOW_CTX_TASK_ID=dbt_run
AIRFLOW_CTX_EXECUTION_DATE=2023-06-21T14:56:53.614542+00:00
AIRFLOW_CTX_TRY_NUMBER=1
AIRFLOW_CTX_DAG_RUN_ID=scheduled__2023-06-21T14:56:53.614542+00:00
[2023-06-21T15:40:06.387+0000] {subprocess.py:63} INFO - Tmp dir root location: 
 /tmp
[2023-06-21T15:40:06.388+0000] {subprocess.py:75} INFO - Running command: ['/bin/bash', '-c', 'cd /dbt/ticketmaster_transformation && dbt run']
[2023-06-21T15:40:06.400+0000] {subprocess.py:86} INFO - Output:
[2023-06-21T15:40:07.772+0000] {subprocess.py:93} INFO - [0m15:40:07  Running with dbt=1.5.1
[2023-06-21T15:40:08.296+0000] {subprocess.py:93} INFO - [0m15:40:08  Found 4 models, 0 tests, 0 snapshots, 0 analyses, 356 macros, 0 operations, 0 seed files, 3 sources, 0 exposures, 0 metrics, 0 groups
[2023-06-21T15:40:08.299+0000] {subprocess.py:93} INFO - [0m15:40:08
[2023-06-21T15:40:09.362+0000] {subprocess.py:93} INFO - [0m15:40:09  Concurrency: 4 threads (target='dev')
[2023-06-21T15:40:09.364+0000] {subprocess.py:93} INFO - [0m15:40:09
[2023-06-21T15:40:09.380+0000] {subprocess.py:93} INFO - [0m15:40:09  1 of 4 START sql table model twitter_kafka_pyspark_test.distinct_data .......... [RUN]
[2023-06-21T15:40:09.383+0000] {subprocess.py:93} INFO - [0m15:40:09  2 of 4 START sql table model twitter_kafka_pyspark_test.dm_events .............. [RUN]
[2023-06-21T15:40:09.385+0000] {subprocess.py:93} INFO - [0m15:40:09  3 of 4 START sql table model twitter_kafka_pyspark_test.my_first_dbt_model ..... [RUN]
[2023-06-21T15:40:12.691+0000] {subprocess.py:93} INFO - [0m15:40:12  2 of 4 OK created sql table model twitter_kafka_pyspark_test.dm_events ......... [[32mCREATE TABLE (1.3k rows, 178.2 KiB processed)[0m in 3.30s]
[2023-06-21T15:40:12.693+0000] {subprocess.py:93} INFO - [0m15:40:12  3 of 4 OK created sql table model twitter_kafka_pyspark_test.my_first_dbt_model  [[32mCREATE TABLE (2.0 rows, 0 processed)[0m in 3.30s]
[2023-06-21T15:40:12.702+0000] {subprocess.py:93} INFO - [0m15:40:12  4 of 4 START sql view model twitter_kafka_pyspark_test.my_second_dbt_model ..... [RUN]
[2023-06-21T15:40:12.932+0000] {subprocess.py:93} INFO - [0m15:40:12  1 of 4 OK created sql table model twitter_kafka_pyspark_test.distinct_data ..... [[32mCREATE TABLE (1.1k rows, 638.3 KiB processed)[0m in 3.54s]
[2023-06-21T15:40:14.582+0000] {subprocess.py:93} INFO - [0m15:40:14  4 of 4 OK created sql view model twitter_kafka_pyspark_test.my_second_dbt_model  [[32mCREATE VIEW (0 processed)[0m in 1.87s]
[2023-06-21T15:40:14.639+0000] {subprocess.py:93} INFO - [0m15:40:14
[2023-06-21T15:40:14.642+0000] {subprocess.py:93} INFO - [0m15:40:14  Finished running 3 table models, 1 view model in 0 hours 0 minutes and 6.34 seconds (6.34s).
[2023-06-21T15:40:14.664+0000] {subprocess.py:93} INFO - [0m15:40:14
[2023-06-21T15:40:14.666+0000] {subprocess.py:93} INFO - [0m15:40:14  [32mCompleted successfully[0m
[2023-06-21T15:40:14.667+0000] {subprocess.py:93} INFO - [0m15:40:14
[2023-06-21T15:40:14.668+0000] {subprocess.py:93} INFO - [0m15:40:14  Done. PASS=4 WARN=0 ERROR=0 SKIP=0 TOTAL=4
[2023-06-21T15:40:15.294+0000] {subprocess.py:97} INFO - Command exited with return code 0
[2023-06-21T15:40:15.320+0000] {taskinstance.py:1332} INFO - Marking task as SUCCESS. dag_id=showpulse_dbt_dag, task_id=dbt_run, execution_date=20230621T145653, start_date=20230621T154006, end_date=20230621T154015
[2023-06-21T15:40:15.381+0000] {local_task_job.py:212} INFO - Task exited with return code 0
[2023-06-21T15:40:15.397+0000] {taskinstance.py:2596} INFO - 0 downstream tasks scheduled from follow-on schedule check
