[2023-06-21T11:06:02.772+0000] {taskinstance.py:1090} INFO - Dependencies all met for dep_context=non-requeueable deps ti=<TaskInstance: showpulse_dbt_dag.dbt_run scheduled__2023-06-21T11:04:57.467903+00:00 [queued]>
[2023-06-21T11:06:02.778+0000] {taskinstance.py:1090} INFO - Dependencies all met for dep_context=requeueable deps ti=<TaskInstance: showpulse_dbt_dag.dbt_run scheduled__2023-06-21T11:04:57.467903+00:00 [queued]>
[2023-06-21T11:06:02.779+0000] {taskinstance.py:1288} INFO - 
--------------------------------------------------------------------------------
[2023-06-21T11:06:02.780+0000] {taskinstance.py:1289} INFO - Starting attempt 1 of 1
[2023-06-21T11:06:02.780+0000] {taskinstance.py:1290} INFO - 
--------------------------------------------------------------------------------
[2023-06-21T11:06:02.788+0000] {taskinstance.py:1309} INFO - Executing <Task(BashOperator): dbt_run> on 2023-06-21 11:04:57.467903+00:00
[2023-06-21T11:06:02.791+0000] {standard_task_runner.py:55} INFO - Started process 3276 to run task
[2023-06-21T11:06:02.795+0000] {standard_task_runner.py:82} INFO - Running: ['***', 'tasks', 'run', 'showpulse_dbt_dag', 'dbt_run', 'scheduled__2023-06-21T11:04:57.467903+00:00', '--job-id', '686', '--raw', '--subdir', 'DAGS_FOLDER/dbt_run.py', '--cfg-path', '/tmp/tmpdi9q248r']
[2023-06-21T11:06:02.796+0000] {standard_task_runner.py:83} INFO - Job 686: Subtask dbt_run
[2023-06-21T11:06:02.850+0000] {task_command.py:389} INFO - Running <TaskInstance: showpulse_dbt_dag.dbt_run scheduled__2023-06-21T11:04:57.467903+00:00 [running]> on host 62cfed75eae1
[2023-06-21T11:06:02.901+0000] {taskinstance.py:1518} INFO - Exporting the following env vars:
AIRFLOW_CTX_DAG_OWNER=nburkett
AIRFLOW_CTX_DAG_ID=showpulse_dbt_dag
AIRFLOW_CTX_TASK_ID=dbt_run
AIRFLOW_CTX_EXECUTION_DATE=2023-06-21T11:04:57.467903+00:00
AIRFLOW_CTX_TRY_NUMBER=1
AIRFLOW_CTX_DAG_RUN_ID=scheduled__2023-06-21T11:04:57.467903+00:00
[2023-06-21T11:06:02.902+0000] {subprocess.py:63} INFO - Tmp dir root location: 
 /tmp
[2023-06-21T11:06:02.903+0000] {subprocess.py:75} INFO - Running command: ['/bin/bash', '-c', 'cd /dbt/ticketmaster_transformation && dbt run']
[2023-06-21T11:06:02.911+0000] {subprocess.py:86} INFO - Output:
[2023-06-21T11:06:04.152+0000] {subprocess.py:93} INFO - [0m11:06:04  Running with dbt=1.5.1
[2023-06-21T11:06:04.624+0000] {subprocess.py:93} INFO - [0m11:06:04  Found 4 models, 0 tests, 0 snapshots, 0 analyses, 356 macros, 0 operations, 0 seed files, 3 sources, 0 exposures, 0 metrics, 0 groups
[2023-06-21T11:06:04.627+0000] {subprocess.py:93} INFO - [0m11:06:04
[2023-06-21T11:06:05.491+0000] {subprocess.py:93} INFO - [0m11:06:05  Concurrency: 4 threads (target='dev')
[2023-06-21T11:06:05.493+0000] {subprocess.py:93} INFO - [0m11:06:05
[2023-06-21T11:06:05.502+0000] {subprocess.py:93} INFO - [0m11:06:05  1 of 4 START sql table model twitter_kafka_pyspark_test.distinct_data .......... [RUN]
[2023-06-21T11:06:05.504+0000] {subprocess.py:93} INFO - [0m11:06:05  2 of 4 START sql table model twitter_kafka_pyspark_test.dm_events .............. [RUN]
[2023-06-21T11:06:05.506+0000] {subprocess.py:93} INFO - [0m11:06:05  3 of 4 START sql table model twitter_kafka_pyspark_test.my_first_dbt_model ..... [RUN]
[2023-06-21T11:06:10.257+0000] {subprocess.py:93} INFO - [0m11:06:10  3 of 4 OK created sql table model twitter_kafka_pyspark_test.my_first_dbt_model  [[32mCREATE TABLE (2.0 rows, 0 processed)[0m in 4.74s]
[2023-06-21T11:06:10.261+0000] {subprocess.py:93} INFO - [0m11:06:10  4 of 4 START sql view model twitter_kafka_pyspark_test.my_second_dbt_model ..... [RUN]
[2023-06-21T11:06:11.435+0000] {subprocess.py:93} INFO - [0m11:06:11  4 of 4 OK created sql view model twitter_kafka_pyspark_test.my_second_dbt_model  [[32mCREATE VIEW (0 processed)[0m in 1.17s]
[2023-06-21T11:06:23.888+0000] {subprocess.py:93} INFO - [0m11:06:23  2 of 4 OK created sql table model twitter_kafka_pyspark_test.dm_events ......... [[32mCREATE TABLE (1.3k rows, 178.2 KiB processed)[0m in 18.37s]
[2023-06-21T11:06:24.047+0000] {subprocess.py:93} INFO - [0m11:06:24  1 of 4 OK created sql table model twitter_kafka_pyspark_test.distinct_data ..... [[32mCREATE TABLE (1.1k rows, 638.3 KiB processed)[0m in 18.54s]
[2023-06-21T11:06:24.113+0000] {subprocess.py:93} INFO - [0m11:06:24
[2023-06-21T11:06:24.115+0000] {subprocess.py:93} INFO - [0m11:06:24  Finished running 3 table models, 1 view model in 0 hours 0 minutes and 19.48 seconds (19.48s).
[2023-06-21T11:06:24.148+0000] {subprocess.py:93} INFO - [0m11:06:24
[2023-06-21T11:06:24.149+0000] {subprocess.py:93} INFO - [0m11:06:24  [32mCompleted successfully[0m
[2023-06-21T11:06:24.151+0000] {subprocess.py:93} INFO - [0m11:06:24
[2023-06-21T11:06:24.152+0000] {subprocess.py:93} INFO - [0m11:06:24  Done. PASS=4 WARN=0 ERROR=0 SKIP=0 TOTAL=4
[2023-06-21T11:15:05.624+0000] {subprocess.py:97} INFO - Command exited with return code 0
[2023-06-21T11:15:05.665+0000] {taskinstance.py:1332} INFO - Marking task as SUCCESS. dag_id=showpulse_dbt_dag, task_id=dbt_run, execution_date=20230621T110457, start_date=20230621T110602, end_date=20230621T111505
[2023-06-21T11:15:05.739+0000] {local_task_job.py:212} INFO - Task exited with return code 0
[2023-06-21T11:15:05.756+0000] {taskinstance.py:2596} INFO - 0 downstream tasks scheduled from follow-on schedule check
