[2023-06-17T21:00:01.796+0000] {processor.py:153} INFO - Started process (PID=45) to work on /opt/airflow/dags/gcs-connector-hadoop3-2.2.5.jar
[2023-06-17T21:00:01.798+0000] {processor.py:743} INFO - Processing file /opt/airflow/dags/gcs-connector-hadoop3-2.2.5.jar for tasks to queue
[2023-06-17T21:00:01.799+0000] {logging_mixin.py:137} INFO - [2023-06-17T21:00:01.798+0000] {dagbag.py:532} INFO - Filling up the DagBag from /opt/airflow/dags/gcs-connector-hadoop3-2.2.5.jar
[2023-06-17T21:00:01.878+0000] {processor.py:755} WARNING - No viable dags retrieved from /opt/airflow/dags/gcs-connector-hadoop3-2.2.5.jar
[2023-06-17T21:00:01.894+0000] {processor.py:175} INFO - Processing /opt/airflow/dags/gcs-connector-hadoop3-2.2.5.jar took 0.101 seconds
[2023-06-17T21:00:32.271+0000] {processor.py:153} INFO - Started process (PID=55) to work on /opt/airflow/dags/gcs-connector-hadoop3-2.2.5.jar
[2023-06-17T21:00:32.272+0000] {processor.py:743} INFO - Processing file /opt/airflow/dags/gcs-connector-hadoop3-2.2.5.jar for tasks to queue
[2023-06-17T21:00:32.273+0000] {logging_mixin.py:137} INFO - [2023-06-17T21:00:32.273+0000] {dagbag.py:532} INFO - Filling up the DagBag from /opt/airflow/dags/gcs-connector-hadoop3-2.2.5.jar
[2023-06-17T21:00:32.354+0000] {processor.py:755} WARNING - No viable dags retrieved from /opt/airflow/dags/gcs-connector-hadoop3-2.2.5.jar
[2023-06-17T21:00:32.369+0000] {processor.py:175} INFO - Processing /opt/airflow/dags/gcs-connector-hadoop3-2.2.5.jar took 0.101 seconds
[2023-06-17T21:01:03.046+0000] {processor.py:153} INFO - Started process (PID=68) to work on /opt/airflow/dags/gcs-connector-hadoop3-2.2.5.jar
[2023-06-17T21:01:03.047+0000] {processor.py:743} INFO - Processing file /opt/airflow/dags/gcs-connector-hadoop3-2.2.5.jar for tasks to queue
[2023-06-17T21:01:03.049+0000] {logging_mixin.py:137} INFO - [2023-06-17T21:01:03.049+0000] {dagbag.py:532} INFO - Filling up the DagBag from /opt/airflow/dags/gcs-connector-hadoop3-2.2.5.jar
[2023-06-17T21:01:03.237+0000] {processor.py:755} WARNING - No viable dags retrieved from /opt/airflow/dags/gcs-connector-hadoop3-2.2.5.jar
[2023-06-17T21:01:03.247+0000] {processor.py:175} INFO - Processing /opt/airflow/dags/gcs-connector-hadoop3-2.2.5.jar took 0.206 seconds
[2023-06-17T21:01:33.355+0000] {processor.py:153} INFO - Started process (PID=80) to work on /opt/airflow/dags/gcs-connector-hadoop3-2.2.5.jar
[2023-06-17T21:01:33.359+0000] {processor.py:743} INFO - Processing file /opt/airflow/dags/gcs-connector-hadoop3-2.2.5.jar for tasks to queue
[2023-06-17T21:01:33.361+0000] {logging_mixin.py:137} INFO - [2023-06-17T21:01:33.360+0000] {dagbag.py:532} INFO - Filling up the DagBag from /opt/airflow/dags/gcs-connector-hadoop3-2.2.5.jar
[2023-06-17T21:01:33.539+0000] {processor.py:755} WARNING - No viable dags retrieved from /opt/airflow/dags/gcs-connector-hadoop3-2.2.5.jar
[2023-06-17T21:01:33.549+0000] {processor.py:175} INFO - Processing /opt/airflow/dags/gcs-connector-hadoop3-2.2.5.jar took 0.201 seconds
[2023-06-17T21:02:03.761+0000] {processor.py:153} INFO - Started process (PID=93) to work on /opt/airflow/dags/gcs-connector-hadoop3-2.2.5.jar
[2023-06-17T21:02:03.765+0000] {processor.py:743} INFO - Processing file /opt/airflow/dags/gcs-connector-hadoop3-2.2.5.jar for tasks to queue
[2023-06-17T21:02:03.766+0000] {logging_mixin.py:137} INFO - [2023-06-17T21:02:03.766+0000] {dagbag.py:532} INFO - Filling up the DagBag from /opt/airflow/dags/gcs-connector-hadoop3-2.2.5.jar
[2023-06-17T21:02:03.936+0000] {processor.py:755} WARNING - No viable dags retrieved from /opt/airflow/dags/gcs-connector-hadoop3-2.2.5.jar
[2023-06-17T21:02:03.946+0000] {processor.py:175} INFO - Processing /opt/airflow/dags/gcs-connector-hadoop3-2.2.5.jar took 0.192 seconds
[2023-06-17T21:02:34.047+0000] {processor.py:153} INFO - Started process (PID=106) to work on /opt/airflow/dags/gcs-connector-hadoop3-2.2.5.jar
[2023-06-17T21:02:34.049+0000] {processor.py:743} INFO - Processing file /opt/airflow/dags/gcs-connector-hadoop3-2.2.5.jar for tasks to queue
[2023-06-17T21:02:34.051+0000] {logging_mixin.py:137} INFO - [2023-06-17T21:02:34.051+0000] {dagbag.py:532} INFO - Filling up the DagBag from /opt/airflow/dags/gcs-connector-hadoop3-2.2.5.jar
[2023-06-17T21:02:34.230+0000] {processor.py:755} WARNING - No viable dags retrieved from /opt/airflow/dags/gcs-connector-hadoop3-2.2.5.jar
[2023-06-17T21:02:34.240+0000] {processor.py:175} INFO - Processing /opt/airflow/dags/gcs-connector-hadoop3-2.2.5.jar took 0.200 seconds
[2023-06-17T21:03:04.355+0000] {processor.py:153} INFO - Started process (PID=119) to work on /opt/airflow/dags/gcs-connector-hadoop3-2.2.5.jar
[2023-06-17T21:03:04.358+0000] {processor.py:743} INFO - Processing file /opt/airflow/dags/gcs-connector-hadoop3-2.2.5.jar for tasks to queue
[2023-06-17T21:03:04.360+0000] {logging_mixin.py:137} INFO - [2023-06-17T21:03:04.360+0000] {dagbag.py:532} INFO - Filling up the DagBag from /opt/airflow/dags/gcs-connector-hadoop3-2.2.5.jar
[2023-06-17T21:03:04.435+0000] {processor.py:755} WARNING - No viable dags retrieved from /opt/airflow/dags/gcs-connector-hadoop3-2.2.5.jar
[2023-06-17T21:03:04.450+0000] {processor.py:175} INFO - Processing /opt/airflow/dags/gcs-connector-hadoop3-2.2.5.jar took 0.103 seconds
[2023-06-17T21:03:34.734+0000] {processor.py:153} INFO - Started process (PID=132) to work on /opt/airflow/dags/gcs-connector-hadoop3-2.2.5.jar
[2023-06-17T21:03:34.735+0000] {processor.py:743} INFO - Processing file /opt/airflow/dags/gcs-connector-hadoop3-2.2.5.jar for tasks to queue
[2023-06-17T21:03:34.736+0000] {logging_mixin.py:137} INFO - [2023-06-17T21:03:34.736+0000] {dagbag.py:532} INFO - Filling up the DagBag from /opt/airflow/dags/gcs-connector-hadoop3-2.2.5.jar
[2023-06-17T21:03:34.799+0000] {processor.py:755} WARNING - No viable dags retrieved from /opt/airflow/dags/gcs-connector-hadoop3-2.2.5.jar
[2023-06-17T21:03:34.812+0000] {processor.py:175} INFO - Processing /opt/airflow/dags/gcs-connector-hadoop3-2.2.5.jar took 0.082 seconds
[2023-06-17T21:04:05.535+0000] {processor.py:153} INFO - Started process (PID=145) to work on /opt/airflow/dags/gcs-connector-hadoop3-2.2.5.jar
[2023-06-17T21:04:05.538+0000] {processor.py:743} INFO - Processing file /opt/airflow/dags/gcs-connector-hadoop3-2.2.5.jar for tasks to queue
[2023-06-17T21:04:05.539+0000] {logging_mixin.py:137} INFO - [2023-06-17T21:04:05.539+0000] {dagbag.py:532} INFO - Filling up the DagBag from /opt/airflow/dags/gcs-connector-hadoop3-2.2.5.jar
[2023-06-17T21:04:05.707+0000] {processor.py:755} WARNING - No viable dags retrieved from /opt/airflow/dags/gcs-connector-hadoop3-2.2.5.jar
[2023-06-17T21:04:05.717+0000] {processor.py:175} INFO - Processing /opt/airflow/dags/gcs-connector-hadoop3-2.2.5.jar took 0.189 seconds
[2023-06-17T21:04:36.423+0000] {processor.py:153} INFO - Started process (PID=159) to work on /opt/airflow/dags/gcs-connector-hadoop3-2.2.5.jar
[2023-06-17T21:04:36.425+0000] {processor.py:743} INFO - Processing file /opt/airflow/dags/gcs-connector-hadoop3-2.2.5.jar for tasks to queue
[2023-06-17T21:04:36.427+0000] {logging_mixin.py:137} INFO - [2023-06-17T21:04:36.426+0000] {dagbag.py:532} INFO - Filling up the DagBag from /opt/airflow/dags/gcs-connector-hadoop3-2.2.5.jar
[2023-06-17T21:04:36.598+0000] {processor.py:755} WARNING - No viable dags retrieved from /opt/airflow/dags/gcs-connector-hadoop3-2.2.5.jar
[2023-06-17T21:04:36.608+0000] {processor.py:175} INFO - Processing /opt/airflow/dags/gcs-connector-hadoop3-2.2.5.jar took 0.193 seconds
[2023-06-17T21:05:07.374+0000] {processor.py:153} INFO - Started process (PID=172) to work on /opt/airflow/dags/gcs-connector-hadoop3-2.2.5.jar
[2023-06-17T21:05:07.377+0000] {processor.py:743} INFO - Processing file /opt/airflow/dags/gcs-connector-hadoop3-2.2.5.jar for tasks to queue
[2023-06-17T21:05:07.379+0000] {logging_mixin.py:137} INFO - [2023-06-17T21:05:07.379+0000] {dagbag.py:532} INFO - Filling up the DagBag from /opt/airflow/dags/gcs-connector-hadoop3-2.2.5.jar
[2023-06-17T21:05:07.458+0000] {processor.py:755} WARNING - No viable dags retrieved from /opt/airflow/dags/gcs-connector-hadoop3-2.2.5.jar
[2023-06-17T21:05:07.472+0000] {processor.py:175} INFO - Processing /opt/airflow/dags/gcs-connector-hadoop3-2.2.5.jar took 0.105 seconds
[2023-06-17T21:05:38.314+0000] {processor.py:153} INFO - Started process (PID=185) to work on /opt/airflow/dags/gcs-connector-hadoop3-2.2.5.jar
[2023-06-17T21:05:38.316+0000] {processor.py:743} INFO - Processing file /opt/airflow/dags/gcs-connector-hadoop3-2.2.5.jar for tasks to queue
[2023-06-17T21:05:38.317+0000] {logging_mixin.py:137} INFO - [2023-06-17T21:05:38.317+0000] {dagbag.py:532} INFO - Filling up the DagBag from /opt/airflow/dags/gcs-connector-hadoop3-2.2.5.jar
[2023-06-17T21:05:38.397+0000] {processor.py:755} WARNING - No viable dags retrieved from /opt/airflow/dags/gcs-connector-hadoop3-2.2.5.jar
[2023-06-17T21:05:38.409+0000] {processor.py:175} INFO - Processing /opt/airflow/dags/gcs-connector-hadoop3-2.2.5.jar took 0.100 seconds
[2023-06-17T21:06:08.513+0000] {processor.py:153} INFO - Started process (PID=198) to work on /opt/airflow/dags/gcs-connector-hadoop3-2.2.5.jar
[2023-06-17T21:06:08.515+0000] {processor.py:743} INFO - Processing file /opt/airflow/dags/gcs-connector-hadoop3-2.2.5.jar for tasks to queue
[2023-06-17T21:06:08.516+0000] {logging_mixin.py:137} INFO - [2023-06-17T21:06:08.516+0000] {dagbag.py:532} INFO - Filling up the DagBag from /opt/airflow/dags/gcs-connector-hadoop3-2.2.5.jar
[2023-06-17T21:06:08.598+0000] {processor.py:755} WARNING - No viable dags retrieved from /opt/airflow/dags/gcs-connector-hadoop3-2.2.5.jar
[2023-06-17T21:06:08.610+0000] {processor.py:175} INFO - Processing /opt/airflow/dags/gcs-connector-hadoop3-2.2.5.jar took 0.102 seconds
[2023-06-17T21:06:39.171+0000] {processor.py:153} INFO - Started process (PID=211) to work on /opt/airflow/dags/gcs-connector-hadoop3-2.2.5.jar
[2023-06-17T21:06:39.175+0000] {processor.py:743} INFO - Processing file /opt/airflow/dags/gcs-connector-hadoop3-2.2.5.jar for tasks to queue
[2023-06-17T21:06:39.177+0000] {logging_mixin.py:137} INFO - [2023-06-17T21:06:39.176+0000] {dagbag.py:532} INFO - Filling up the DagBag from /opt/airflow/dags/gcs-connector-hadoop3-2.2.5.jar
[2023-06-17T21:06:39.250+0000] {processor.py:755} WARNING - No viable dags retrieved from /opt/airflow/dags/gcs-connector-hadoop3-2.2.5.jar
[2023-06-17T21:06:39.263+0000] {processor.py:175} INFO - Processing /opt/airflow/dags/gcs-connector-hadoop3-2.2.5.jar took 0.098 seconds
[2023-06-17T21:07:09.941+0000] {processor.py:153} INFO - Started process (PID=225) to work on /opt/airflow/dags/gcs-connector-hadoop3-2.2.5.jar
[2023-06-17T21:07:09.943+0000] {processor.py:743} INFO - Processing file /opt/airflow/dags/gcs-connector-hadoop3-2.2.5.jar for tasks to queue
[2023-06-17T21:07:09.945+0000] {logging_mixin.py:137} INFO - [2023-06-17T21:07:09.945+0000] {dagbag.py:532} INFO - Filling up the DagBag from /opt/airflow/dags/gcs-connector-hadoop3-2.2.5.jar
[2023-06-17T21:07:10.019+0000] {processor.py:755} WARNING - No viable dags retrieved from /opt/airflow/dags/gcs-connector-hadoop3-2.2.5.jar
[2023-06-17T21:07:10.033+0000] {processor.py:175} INFO - Processing /opt/airflow/dags/gcs-connector-hadoop3-2.2.5.jar took 0.099 seconds
[2023-06-17T21:07:40.653+0000] {processor.py:153} INFO - Started process (PID=238) to work on /opt/airflow/dags/gcs-connector-hadoop3-2.2.5.jar
[2023-06-17T21:07:40.655+0000] {processor.py:743} INFO - Processing file /opt/airflow/dags/gcs-connector-hadoop3-2.2.5.jar for tasks to queue
[2023-06-17T21:07:40.657+0000] {logging_mixin.py:137} INFO - [2023-06-17T21:07:40.656+0000] {dagbag.py:532} INFO - Filling up the DagBag from /opt/airflow/dags/gcs-connector-hadoop3-2.2.5.jar
[2023-06-17T21:07:40.730+0000] {processor.py:755} WARNING - No viable dags retrieved from /opt/airflow/dags/gcs-connector-hadoop3-2.2.5.jar
[2023-06-17T21:07:40.743+0000] {processor.py:175} INFO - Processing /opt/airflow/dags/gcs-connector-hadoop3-2.2.5.jar took 0.097 seconds
[2023-06-17T21:10:30.480+0000] {processor.py:153} INFO - Started process (PID=44) to work on /opt/airflow/dags/gcs-connector-hadoop3-2.2.5.jar
[2023-06-17T21:10:30.482+0000] {processor.py:743} INFO - Processing file /opt/airflow/dags/gcs-connector-hadoop3-2.2.5.jar for tasks to queue
[2023-06-17T21:10:30.483+0000] {logging_mixin.py:137} INFO - [2023-06-17T21:10:30.483+0000] {dagbag.py:532} INFO - Filling up the DagBag from /opt/airflow/dags/gcs-connector-hadoop3-2.2.5.jar
[2023-06-17T21:10:30.582+0000] {processor.py:755} WARNING - No viable dags retrieved from /opt/airflow/dags/gcs-connector-hadoop3-2.2.5.jar
[2023-06-17T21:10:30.598+0000] {processor.py:175} INFO - Processing /opt/airflow/dags/gcs-connector-hadoop3-2.2.5.jar took 0.126 seconds
[2023-06-17T21:11:01.035+0000] {processor.py:153} INFO - Started process (PID=53) to work on /opt/airflow/dags/gcs-connector-hadoop3-2.2.5.jar
[2023-06-17T21:11:01.037+0000] {processor.py:743} INFO - Processing file /opt/airflow/dags/gcs-connector-hadoop3-2.2.5.jar for tasks to queue
[2023-06-17T21:11:01.039+0000] {logging_mixin.py:137} INFO - [2023-06-17T21:11:01.038+0000] {dagbag.py:532} INFO - Filling up the DagBag from /opt/airflow/dags/gcs-connector-hadoop3-2.2.5.jar
[2023-06-17T21:11:01.113+0000] {processor.py:755} WARNING - No viable dags retrieved from /opt/airflow/dags/gcs-connector-hadoop3-2.2.5.jar
[2023-06-17T21:11:01.126+0000] {processor.py:175} INFO - Processing /opt/airflow/dags/gcs-connector-hadoop3-2.2.5.jar took 0.097 seconds
[2023-06-17T21:11:32.225+0000] {processor.py:153} INFO - Started process (PID=69) to work on /opt/airflow/dags/gcs-connector-hadoop3-2.2.5.jar
[2023-06-17T21:11:32.227+0000] {processor.py:743} INFO - Processing file /opt/airflow/dags/gcs-connector-hadoop3-2.2.5.jar for tasks to queue
[2023-06-17T21:11:32.228+0000] {logging_mixin.py:137} INFO - [2023-06-17T21:11:32.228+0000] {dagbag.py:532} INFO - Filling up the DagBag from /opt/airflow/dags/gcs-connector-hadoop3-2.2.5.jar
[2023-06-17T21:11:32.421+0000] {processor.py:755} WARNING - No viable dags retrieved from /opt/airflow/dags/gcs-connector-hadoop3-2.2.5.jar
[2023-06-17T21:11:32.430+0000] {processor.py:175} INFO - Processing /opt/airflow/dags/gcs-connector-hadoop3-2.2.5.jar took 0.208 seconds
[2023-06-17T21:12:03.416+0000] {processor.py:153} INFO - Started process (PID=81) to work on /opt/airflow/dags/gcs-connector-hadoop3-2.2.5.jar
[2023-06-17T21:12:03.418+0000] {processor.py:743} INFO - Processing file /opt/airflow/dags/gcs-connector-hadoop3-2.2.5.jar for tasks to queue
[2023-06-17T21:12:03.419+0000] {logging_mixin.py:137} INFO - [2023-06-17T21:12:03.419+0000] {dagbag.py:532} INFO - Filling up the DagBag from /opt/airflow/dags/gcs-connector-hadoop3-2.2.5.jar
[2023-06-17T21:12:03.623+0000] {processor.py:755} WARNING - No viable dags retrieved from /opt/airflow/dags/gcs-connector-hadoop3-2.2.5.jar
[2023-06-17T21:12:03.636+0000] {processor.py:175} INFO - Processing /opt/airflow/dags/gcs-connector-hadoop3-2.2.5.jar took 0.223 seconds
[2023-06-17T21:12:34.775+0000] {processor.py:153} INFO - Started process (PID=101) to work on /opt/airflow/dags/gcs-connector-hadoop3-2.2.5.jar
[2023-06-17T21:12:34.777+0000] {processor.py:743} INFO - Processing file /opt/airflow/dags/gcs-connector-hadoop3-2.2.5.jar for tasks to queue
[2023-06-17T21:12:34.778+0000] {logging_mixin.py:137} INFO - [2023-06-17T21:12:34.778+0000] {dagbag.py:532} INFO - Filling up the DagBag from /opt/airflow/dags/gcs-connector-hadoop3-2.2.5.jar
[2023-06-17T21:12:34.965+0000] {processor.py:755} WARNING - No viable dags retrieved from /opt/airflow/dags/gcs-connector-hadoop3-2.2.5.jar
[2023-06-17T21:12:34.975+0000] {processor.py:175} INFO - Processing /opt/airflow/dags/gcs-connector-hadoop3-2.2.5.jar took 0.203 seconds
[2023-06-17T21:13:06.066+0000] {processor.py:153} INFO - Started process (PID=121) to work on /opt/airflow/dags/gcs-connector-hadoop3-2.2.5.jar
[2023-06-17T21:13:06.069+0000] {processor.py:743} INFO - Processing file /opt/airflow/dags/gcs-connector-hadoop3-2.2.5.jar for tasks to queue
[2023-06-17T21:13:06.072+0000] {logging_mixin.py:137} INFO - [2023-06-17T21:13:06.072+0000] {dagbag.py:532} INFO - Filling up the DagBag from /opt/airflow/dags/gcs-connector-hadoop3-2.2.5.jar
[2023-06-17T21:13:06.315+0000] {processor.py:755} WARNING - No viable dags retrieved from /opt/airflow/dags/gcs-connector-hadoop3-2.2.5.jar
[2023-06-17T21:13:06.343+0000] {processor.py:175} INFO - Processing /opt/airflow/dags/gcs-connector-hadoop3-2.2.5.jar took 0.280 seconds
[2023-06-17T21:13:37.244+0000] {processor.py:153} INFO - Started process (PID=134) to work on /opt/airflow/dags/gcs-connector-hadoop3-2.2.5.jar
[2023-06-17T21:13:37.245+0000] {processor.py:743} INFO - Processing file /opt/airflow/dags/gcs-connector-hadoop3-2.2.5.jar for tasks to queue
[2023-06-17T21:13:37.246+0000] {logging_mixin.py:137} INFO - [2023-06-17T21:13:37.246+0000] {dagbag.py:532} INFO - Filling up the DagBag from /opt/airflow/dags/gcs-connector-hadoop3-2.2.5.jar
[2023-06-17T21:13:37.312+0000] {processor.py:755} WARNING - No viable dags retrieved from /opt/airflow/dags/gcs-connector-hadoop3-2.2.5.jar
[2023-06-17T21:13:37.328+0000] {processor.py:175} INFO - Processing /opt/airflow/dags/gcs-connector-hadoop3-2.2.5.jar took 0.088 seconds
[2023-06-17T21:14:08.055+0000] {processor.py:153} INFO - Started process (PID=147) to work on /opt/airflow/dags/gcs-connector-hadoop3-2.2.5.jar
[2023-06-17T21:14:08.057+0000] {processor.py:743} INFO - Processing file /opt/airflow/dags/gcs-connector-hadoop3-2.2.5.jar for tasks to queue
[2023-06-17T21:14:08.058+0000] {logging_mixin.py:137} INFO - [2023-06-17T21:14:08.057+0000] {dagbag.py:532} INFO - Filling up the DagBag from /opt/airflow/dags/gcs-connector-hadoop3-2.2.5.jar
[2023-06-17T21:14:08.125+0000] {processor.py:755} WARNING - No viable dags retrieved from /opt/airflow/dags/gcs-connector-hadoop3-2.2.5.jar
[2023-06-17T21:14:08.140+0000] {processor.py:175} INFO - Processing /opt/airflow/dags/gcs-connector-hadoop3-2.2.5.jar took 0.087 seconds
[2023-06-17T21:14:39.032+0000] {processor.py:153} INFO - Started process (PID=160) to work on /opt/airflow/dags/gcs-connector-hadoop3-2.2.5.jar
[2023-06-17T21:14:39.033+0000] {processor.py:743} INFO - Processing file /opt/airflow/dags/gcs-connector-hadoop3-2.2.5.jar for tasks to queue
[2023-06-17T21:14:39.034+0000] {logging_mixin.py:137} INFO - [2023-06-17T21:14:39.034+0000] {dagbag.py:532} INFO - Filling up the DagBag from /opt/airflow/dags/gcs-connector-hadoop3-2.2.5.jar
[2023-06-17T21:14:39.225+0000] {processor.py:755} WARNING - No viable dags retrieved from /opt/airflow/dags/gcs-connector-hadoop3-2.2.5.jar
[2023-06-17T21:14:39.235+0000] {processor.py:175} INFO - Processing /opt/airflow/dags/gcs-connector-hadoop3-2.2.5.jar took 0.206 seconds
[2023-06-17T21:15:10.063+0000] {processor.py:153} INFO - Started process (PID=173) to work on /opt/airflow/dags/gcs-connector-hadoop3-2.2.5.jar
[2023-06-17T21:15:10.064+0000] {processor.py:743} INFO - Processing file /opt/airflow/dags/gcs-connector-hadoop3-2.2.5.jar for tasks to queue
[2023-06-17T21:15:10.065+0000] {logging_mixin.py:137} INFO - [2023-06-17T21:15:10.065+0000] {dagbag.py:532} INFO - Filling up the DagBag from /opt/airflow/dags/gcs-connector-hadoop3-2.2.5.jar
[2023-06-17T21:15:10.261+0000] {processor.py:755} WARNING - No viable dags retrieved from /opt/airflow/dags/gcs-connector-hadoop3-2.2.5.jar
[2023-06-17T21:15:10.271+0000] {processor.py:175} INFO - Processing /opt/airflow/dags/gcs-connector-hadoop3-2.2.5.jar took 0.211 seconds
[2023-06-17T21:15:40.939+0000] {processor.py:153} INFO - Started process (PID=186) to work on /opt/airflow/dags/gcs-connector-hadoop3-2.2.5.jar
[2023-06-17T21:15:40.940+0000] {processor.py:743} INFO - Processing file /opt/airflow/dags/gcs-connector-hadoop3-2.2.5.jar for tasks to queue
[2023-06-17T21:15:40.941+0000] {logging_mixin.py:137} INFO - [2023-06-17T21:15:40.941+0000] {dagbag.py:532} INFO - Filling up the DagBag from /opt/airflow/dags/gcs-connector-hadoop3-2.2.5.jar
[2023-06-17T21:15:41.011+0000] {processor.py:755} WARNING - No viable dags retrieved from /opt/airflow/dags/gcs-connector-hadoop3-2.2.5.jar
[2023-06-17T21:15:41.024+0000] {processor.py:175} INFO - Processing /opt/airflow/dags/gcs-connector-hadoop3-2.2.5.jar took 0.088 seconds
[2023-06-17T21:16:11.866+0000] {processor.py:153} INFO - Started process (PID=199) to work on /opt/airflow/dags/gcs-connector-hadoop3-2.2.5.jar
[2023-06-17T21:16:11.868+0000] {processor.py:743} INFO - Processing file /opt/airflow/dags/gcs-connector-hadoop3-2.2.5.jar for tasks to queue
[2023-06-17T21:16:11.868+0000] {logging_mixin.py:137} INFO - [2023-06-17T21:16:11.868+0000] {dagbag.py:532} INFO - Filling up the DagBag from /opt/airflow/dags/gcs-connector-hadoop3-2.2.5.jar
[2023-06-17T21:16:11.940+0000] {processor.py:755} WARNING - No viable dags retrieved from /opt/airflow/dags/gcs-connector-hadoop3-2.2.5.jar
[2023-06-17T21:16:11.954+0000] {processor.py:175} INFO - Processing /opt/airflow/dags/gcs-connector-hadoop3-2.2.5.jar took 0.091 seconds
[2023-06-17T21:16:42.738+0000] {processor.py:153} INFO - Started process (PID=212) to work on /opt/airflow/dags/gcs-connector-hadoop3-2.2.5.jar
[2023-06-17T21:16:42.743+0000] {processor.py:743} INFO - Processing file /opt/airflow/dags/gcs-connector-hadoop3-2.2.5.jar for tasks to queue
[2023-06-17T21:16:42.744+0000] {logging_mixin.py:137} INFO - [2023-06-17T21:16:42.743+0000] {dagbag.py:532} INFO - Filling up the DagBag from /opt/airflow/dags/gcs-connector-hadoop3-2.2.5.jar
[2023-06-17T21:16:42.819+0000] {processor.py:755} WARNING - No viable dags retrieved from /opt/airflow/dags/gcs-connector-hadoop3-2.2.5.jar
[2023-06-17T21:16:42.833+0000] {processor.py:175} INFO - Processing /opt/airflow/dags/gcs-connector-hadoop3-2.2.5.jar took 0.098 seconds
[2023-06-17T21:17:13.587+0000] {processor.py:153} INFO - Started process (PID=225) to work on /opt/airflow/dags/gcs-connector-hadoop3-2.2.5.jar
[2023-06-17T21:17:13.589+0000] {processor.py:743} INFO - Processing file /opt/airflow/dags/gcs-connector-hadoop3-2.2.5.jar for tasks to queue
[2023-06-17T21:17:13.589+0000] {logging_mixin.py:137} INFO - [2023-06-17T21:17:13.589+0000] {dagbag.py:532} INFO - Filling up the DagBag from /opt/airflow/dags/gcs-connector-hadoop3-2.2.5.jar
[2023-06-17T21:17:13.665+0000] {processor.py:755} WARNING - No viable dags retrieved from /opt/airflow/dags/gcs-connector-hadoop3-2.2.5.jar
[2023-06-17T21:17:13.678+0000] {processor.py:175} INFO - Processing /opt/airflow/dags/gcs-connector-hadoop3-2.2.5.jar took 0.094 seconds
[2023-06-17T21:17:44.171+0000] {processor.py:153} INFO - Started process (PID=238) to work on /opt/airflow/dags/gcs-connector-hadoop3-2.2.5.jar
[2023-06-17T21:17:44.172+0000] {processor.py:743} INFO - Processing file /opt/airflow/dags/gcs-connector-hadoop3-2.2.5.jar for tasks to queue
[2023-06-17T21:17:44.173+0000] {logging_mixin.py:137} INFO - [2023-06-17T21:17:44.173+0000] {dagbag.py:532} INFO - Filling up the DagBag from /opt/airflow/dags/gcs-connector-hadoop3-2.2.5.jar
[2023-06-17T21:17:44.270+0000] {processor.py:755} WARNING - No viable dags retrieved from /opt/airflow/dags/gcs-connector-hadoop3-2.2.5.jar
[2023-06-17T21:17:44.308+0000] {processor.py:175} INFO - Processing /opt/airflow/dags/gcs-connector-hadoop3-2.2.5.jar took 0.140 seconds
[2023-06-17T21:18:15.220+0000] {processor.py:153} INFO - Started process (PID=254) to work on /opt/airflow/dags/gcs-connector-hadoop3-2.2.5.jar
[2023-06-17T21:18:15.221+0000] {processor.py:743} INFO - Processing file /opt/airflow/dags/gcs-connector-hadoop3-2.2.5.jar for tasks to queue
[2023-06-17T21:18:15.222+0000] {logging_mixin.py:137} INFO - [2023-06-17T21:18:15.222+0000] {dagbag.py:532} INFO - Filling up the DagBag from /opt/airflow/dags/gcs-connector-hadoop3-2.2.5.jar
[2023-06-17T21:18:15.292+0000] {processor.py:755} WARNING - No viable dags retrieved from /opt/airflow/dags/gcs-connector-hadoop3-2.2.5.jar
[2023-06-17T21:18:15.306+0000] {processor.py:175} INFO - Processing /opt/airflow/dags/gcs-connector-hadoop3-2.2.5.jar took 0.089 seconds
[2023-06-17T21:18:46.115+0000] {processor.py:153} INFO - Started process (PID=268) to work on /opt/airflow/dags/gcs-connector-hadoop3-2.2.5.jar
[2023-06-17T21:18:46.116+0000] {processor.py:743} INFO - Processing file /opt/airflow/dags/gcs-connector-hadoop3-2.2.5.jar for tasks to queue
[2023-06-17T21:18:46.117+0000] {logging_mixin.py:137} INFO - [2023-06-17T21:18:46.117+0000] {dagbag.py:532} INFO - Filling up the DagBag from /opt/airflow/dags/gcs-connector-hadoop3-2.2.5.jar
[2023-06-17T21:18:46.191+0000] {processor.py:755} WARNING - No viable dags retrieved from /opt/airflow/dags/gcs-connector-hadoop3-2.2.5.jar
[2023-06-17T21:18:46.204+0000] {processor.py:175} INFO - Processing /opt/airflow/dags/gcs-connector-hadoop3-2.2.5.jar took 0.093 seconds
[2023-06-17T21:19:17.040+0000] {processor.py:153} INFO - Started process (PID=282) to work on /opt/airflow/dags/gcs-connector-hadoop3-2.2.5.jar
[2023-06-17T21:19:17.042+0000] {processor.py:743} INFO - Processing file /opt/airflow/dags/gcs-connector-hadoop3-2.2.5.jar for tasks to queue
[2023-06-17T21:19:17.043+0000] {logging_mixin.py:137} INFO - [2023-06-17T21:19:17.043+0000] {dagbag.py:532} INFO - Filling up the DagBag from /opt/airflow/dags/gcs-connector-hadoop3-2.2.5.jar
[2023-06-17T21:19:17.114+0000] {processor.py:755} WARNING - No viable dags retrieved from /opt/airflow/dags/gcs-connector-hadoop3-2.2.5.jar
[2023-06-17T21:19:17.129+0000] {processor.py:175} INFO - Processing /opt/airflow/dags/gcs-connector-hadoop3-2.2.5.jar took 0.093 seconds
[2023-06-17T21:19:48.007+0000] {processor.py:153} INFO - Started process (PID=301) to work on /opt/airflow/dags/gcs-connector-hadoop3-2.2.5.jar
[2023-06-17T21:19:48.009+0000] {processor.py:743} INFO - Processing file /opt/airflow/dags/gcs-connector-hadoop3-2.2.5.jar for tasks to queue
[2023-06-17T21:19:48.010+0000] {logging_mixin.py:137} INFO - [2023-06-17T21:19:48.010+0000] {dagbag.py:532} INFO - Filling up the DagBag from /opt/airflow/dags/gcs-connector-hadoop3-2.2.5.jar
[2023-06-17T21:19:48.079+0000] {processor.py:755} WARNING - No viable dags retrieved from /opt/airflow/dags/gcs-connector-hadoop3-2.2.5.jar
[2023-06-17T21:19:48.094+0000] {processor.py:175} INFO - Processing /opt/airflow/dags/gcs-connector-hadoop3-2.2.5.jar took 0.090 seconds
[2023-06-17T21:20:18.861+0000] {processor.py:153} INFO - Started process (PID=322) to work on /opt/airflow/dags/gcs-connector-hadoop3-2.2.5.jar
[2023-06-17T21:20:18.862+0000] {processor.py:743} INFO - Processing file /opt/airflow/dags/gcs-connector-hadoop3-2.2.5.jar for tasks to queue
[2023-06-17T21:20:18.864+0000] {logging_mixin.py:137} INFO - [2023-06-17T21:20:18.863+0000] {dagbag.py:532} INFO - Filling up the DagBag from /opt/airflow/dags/gcs-connector-hadoop3-2.2.5.jar
[2023-06-17T21:20:18.951+0000] {processor.py:755} WARNING - No viable dags retrieved from /opt/airflow/dags/gcs-connector-hadoop3-2.2.5.jar
[2023-06-17T21:20:18.970+0000] {processor.py:175} INFO - Processing /opt/airflow/dags/gcs-connector-hadoop3-2.2.5.jar took 0.113 seconds
[2023-06-17T21:20:49.462+0000] {processor.py:153} INFO - Started process (PID=335) to work on /opt/airflow/dags/gcs-connector-hadoop3-2.2.5.jar
[2023-06-17T21:20:49.463+0000] {processor.py:743} INFO - Processing file /opt/airflow/dags/gcs-connector-hadoop3-2.2.5.jar for tasks to queue
[2023-06-17T21:20:49.464+0000] {logging_mixin.py:137} INFO - [2023-06-17T21:20:49.464+0000] {dagbag.py:532} INFO - Filling up the DagBag from /opt/airflow/dags/gcs-connector-hadoop3-2.2.5.jar
[2023-06-17T21:20:49.538+0000] {processor.py:755} WARNING - No viable dags retrieved from /opt/airflow/dags/gcs-connector-hadoop3-2.2.5.jar
[2023-06-17T21:20:49.553+0000] {processor.py:175} INFO - Processing /opt/airflow/dags/gcs-connector-hadoop3-2.2.5.jar took 0.094 seconds
[2023-06-17T21:21:20.308+0000] {processor.py:153} INFO - Started process (PID=348) to work on /opt/airflow/dags/gcs-connector-hadoop3-2.2.5.jar
[2023-06-17T21:21:20.310+0000] {processor.py:743} INFO - Processing file /opt/airflow/dags/gcs-connector-hadoop3-2.2.5.jar for tasks to queue
[2023-06-17T21:21:20.311+0000] {logging_mixin.py:137} INFO - [2023-06-17T21:21:20.310+0000] {dagbag.py:532} INFO - Filling up the DagBag from /opt/airflow/dags/gcs-connector-hadoop3-2.2.5.jar
[2023-06-17T21:21:20.383+0000] {processor.py:755} WARNING - No viable dags retrieved from /opt/airflow/dags/gcs-connector-hadoop3-2.2.5.jar
[2023-06-17T21:21:20.399+0000] {processor.py:175} INFO - Processing /opt/airflow/dags/gcs-connector-hadoop3-2.2.5.jar took 0.094 seconds
[2023-06-17T21:21:51.220+0000] {processor.py:153} INFO - Started process (PID=361) to work on /opt/airflow/dags/gcs-connector-hadoop3-2.2.5.jar
[2023-06-17T21:21:51.221+0000] {processor.py:743} INFO - Processing file /opt/airflow/dags/gcs-connector-hadoop3-2.2.5.jar for tasks to queue
[2023-06-17T21:21:51.222+0000] {logging_mixin.py:137} INFO - [2023-06-17T21:21:51.222+0000] {dagbag.py:532} INFO - Filling up the DagBag from /opt/airflow/dags/gcs-connector-hadoop3-2.2.5.jar
[2023-06-17T21:21:51.295+0000] {processor.py:755} WARNING - No viable dags retrieved from /opt/airflow/dags/gcs-connector-hadoop3-2.2.5.jar
[2023-06-17T21:21:51.312+0000] {processor.py:175} INFO - Processing /opt/airflow/dags/gcs-connector-hadoop3-2.2.5.jar took 0.095 seconds
[2023-06-17T21:22:22.255+0000] {processor.py:153} INFO - Started process (PID=380) to work on /opt/airflow/dags/gcs-connector-hadoop3-2.2.5.jar
[2023-06-17T21:22:22.258+0000] {processor.py:743} INFO - Processing file /opt/airflow/dags/gcs-connector-hadoop3-2.2.5.jar for tasks to queue
[2023-06-17T21:22:22.260+0000] {logging_mixin.py:137} INFO - [2023-06-17T21:22:22.259+0000] {dagbag.py:532} INFO - Filling up the DagBag from /opt/airflow/dags/gcs-connector-hadoop3-2.2.5.jar
[2023-06-17T21:22:22.342+0000] {processor.py:755} WARNING - No viable dags retrieved from /opt/airflow/dags/gcs-connector-hadoop3-2.2.5.jar
[2023-06-17T21:22:22.357+0000] {processor.py:175} INFO - Processing /opt/airflow/dags/gcs-connector-hadoop3-2.2.5.jar took 0.110 seconds
[2023-06-17T21:22:53.334+0000] {processor.py:153} INFO - Started process (PID=398) to work on /opt/airflow/dags/gcs-connector-hadoop3-2.2.5.jar
[2023-06-17T21:22:53.335+0000] {processor.py:743} INFO - Processing file /opt/airflow/dags/gcs-connector-hadoop3-2.2.5.jar for tasks to queue
[2023-06-17T21:22:53.336+0000] {logging_mixin.py:137} INFO - [2023-06-17T21:22:53.336+0000] {dagbag.py:532} INFO - Filling up the DagBag from /opt/airflow/dags/gcs-connector-hadoop3-2.2.5.jar
[2023-06-17T21:22:53.407+0000] {processor.py:755} WARNING - No viable dags retrieved from /opt/airflow/dags/gcs-connector-hadoop3-2.2.5.jar
[2023-06-17T21:22:53.421+0000] {processor.py:175} INFO - Processing /opt/airflow/dags/gcs-connector-hadoop3-2.2.5.jar took 0.089 seconds
[2023-06-17T21:23:24.171+0000] {processor.py:153} INFO - Started process (PID=411) to work on /opt/airflow/dags/gcs-connector-hadoop3-2.2.5.jar
[2023-06-17T21:23:24.173+0000] {processor.py:743} INFO - Processing file /opt/airflow/dags/gcs-connector-hadoop3-2.2.5.jar for tasks to queue
[2023-06-17T21:23:24.174+0000] {logging_mixin.py:137} INFO - [2023-06-17T21:23:24.174+0000] {dagbag.py:532} INFO - Filling up the DagBag from /opt/airflow/dags/gcs-connector-hadoop3-2.2.5.jar
[2023-06-17T21:23:24.256+0000] {processor.py:755} WARNING - No viable dags retrieved from /opt/airflow/dags/gcs-connector-hadoop3-2.2.5.jar
[2023-06-17T21:23:24.274+0000] {processor.py:175} INFO - Processing /opt/airflow/dags/gcs-connector-hadoop3-2.2.5.jar took 0.107 seconds
[2023-06-17T21:31:45.650+0000] {processor.py:153} INFO - Started process (PID=45) to work on /opt/airflow/dags/gcs-connector-hadoop3-2.2.5.jar
[2023-06-17T21:31:45.651+0000] {processor.py:743} INFO - Processing file /opt/airflow/dags/gcs-connector-hadoop3-2.2.5.jar for tasks to queue
[2023-06-17T21:31:45.652+0000] {logging_mixin.py:137} INFO - [2023-06-17T21:31:45.652+0000] {dagbag.py:532} INFO - Filling up the DagBag from /opt/airflow/dags/gcs-connector-hadoop3-2.2.5.jar
[2023-06-17T21:31:45.753+0000] {processor.py:755} WARNING - No viable dags retrieved from /opt/airflow/dags/gcs-connector-hadoop3-2.2.5.jar
[2023-06-17T21:31:45.780+0000] {processor.py:175} INFO - Processing /opt/airflow/dags/gcs-connector-hadoop3-2.2.5.jar took 0.133 seconds
[2023-06-17T21:32:17.585+0000] {processor.py:153} INFO - Started process (PID=58) to work on /opt/airflow/dags/gcs-connector-hadoop3-2.2.5.jar
[2023-06-17T21:32:17.586+0000] {processor.py:743} INFO - Processing file /opt/airflow/dags/gcs-connector-hadoop3-2.2.5.jar for tasks to queue
[2023-06-17T21:32:17.587+0000] {logging_mixin.py:137} INFO - [2023-06-17T21:32:17.587+0000] {dagbag.py:532} INFO - Filling up the DagBag from /opt/airflow/dags/gcs-connector-hadoop3-2.2.5.jar
[2023-06-17T21:32:17.661+0000] {processor.py:755} WARNING - No viable dags retrieved from /opt/airflow/dags/gcs-connector-hadoop3-2.2.5.jar
[2023-06-17T21:32:17.675+0000] {processor.py:175} INFO - Processing /opt/airflow/dags/gcs-connector-hadoop3-2.2.5.jar took 0.094 seconds
[2023-06-17T21:32:48.551+0000] {processor.py:153} INFO - Started process (PID=71) to work on /opt/airflow/dags/gcs-connector-hadoop3-2.2.5.jar
[2023-06-17T21:32:48.553+0000] {processor.py:743} INFO - Processing file /opt/airflow/dags/gcs-connector-hadoop3-2.2.5.jar for tasks to queue
[2023-06-17T21:32:48.554+0000] {logging_mixin.py:137} INFO - [2023-06-17T21:32:48.554+0000] {dagbag.py:532} INFO - Filling up the DagBag from /opt/airflow/dags/gcs-connector-hadoop3-2.2.5.jar
[2023-06-17T21:32:48.760+0000] {processor.py:755} WARNING - No viable dags retrieved from /opt/airflow/dags/gcs-connector-hadoop3-2.2.5.jar
[2023-06-17T21:32:48.771+0000] {processor.py:175} INFO - Processing /opt/airflow/dags/gcs-connector-hadoop3-2.2.5.jar took 0.223 seconds
[2023-06-17T21:33:19.563+0000] {processor.py:153} INFO - Started process (PID=84) to work on /opt/airflow/dags/gcs-connector-hadoop3-2.2.5.jar
[2023-06-17T21:33:19.564+0000] {processor.py:743} INFO - Processing file /opt/airflow/dags/gcs-connector-hadoop3-2.2.5.jar for tasks to queue
[2023-06-17T21:33:19.565+0000] {logging_mixin.py:137} INFO - [2023-06-17T21:33:19.565+0000] {dagbag.py:532} INFO - Filling up the DagBag from /opt/airflow/dags/gcs-connector-hadoop3-2.2.5.jar
[2023-06-17T21:33:19.752+0000] {processor.py:755} WARNING - No viable dags retrieved from /opt/airflow/dags/gcs-connector-hadoop3-2.2.5.jar
[2023-06-17T21:33:19.762+0000] {processor.py:175} INFO - Processing /opt/airflow/dags/gcs-connector-hadoop3-2.2.5.jar took 0.202 seconds
[2023-06-17T21:33:50.615+0000] {processor.py:153} INFO - Started process (PID=97) to work on /opt/airflow/dags/gcs-connector-hadoop3-2.2.5.jar
[2023-06-17T21:33:50.616+0000] {processor.py:743} INFO - Processing file /opt/airflow/dags/gcs-connector-hadoop3-2.2.5.jar for tasks to queue
[2023-06-17T21:33:50.617+0000] {logging_mixin.py:137} INFO - [2023-06-17T21:33:50.617+0000] {dagbag.py:532} INFO - Filling up the DagBag from /opt/airflow/dags/gcs-connector-hadoop3-2.2.5.jar
[2023-06-17T21:33:50.810+0000] {processor.py:755} WARNING - No viable dags retrieved from /opt/airflow/dags/gcs-connector-hadoop3-2.2.5.jar
[2023-06-17T21:33:50.821+0000] {processor.py:175} INFO - Processing /opt/airflow/dags/gcs-connector-hadoop3-2.2.5.jar took 0.209 seconds
[2023-06-17T21:34:21.644+0000] {processor.py:153} INFO - Started process (PID=110) to work on /opt/airflow/dags/gcs-connector-hadoop3-2.2.5.jar
[2023-06-17T21:34:21.645+0000] {processor.py:743} INFO - Processing file /opt/airflow/dags/gcs-connector-hadoop3-2.2.5.jar for tasks to queue
[2023-06-17T21:34:21.646+0000] {logging_mixin.py:137} INFO - [2023-06-17T21:34:21.646+0000] {dagbag.py:532} INFO - Filling up the DagBag from /opt/airflow/dags/gcs-connector-hadoop3-2.2.5.jar
[2023-06-17T21:34:21.837+0000] {processor.py:755} WARNING - No viable dags retrieved from /opt/airflow/dags/gcs-connector-hadoop3-2.2.5.jar
[2023-06-17T21:34:21.848+0000] {processor.py:175} INFO - Processing /opt/airflow/dags/gcs-connector-hadoop3-2.2.5.jar took 0.207 seconds
[2023-06-17T21:34:52.743+0000] {processor.py:153} INFO - Started process (PID=123) to work on /opt/airflow/dags/gcs-connector-hadoop3-2.2.5.jar
[2023-06-17T21:34:52.744+0000] {processor.py:743} INFO - Processing file /opt/airflow/dags/gcs-connector-hadoop3-2.2.5.jar for tasks to queue
[2023-06-17T21:34:52.745+0000] {logging_mixin.py:137} INFO - [2023-06-17T21:34:52.745+0000] {dagbag.py:532} INFO - Filling up the DagBag from /opt/airflow/dags/gcs-connector-hadoop3-2.2.5.jar
[2023-06-17T21:34:52.812+0000] {processor.py:755} WARNING - No viable dags retrieved from /opt/airflow/dags/gcs-connector-hadoop3-2.2.5.jar
[2023-06-17T21:34:52.829+0000] {processor.py:175} INFO - Processing /opt/airflow/dags/gcs-connector-hadoop3-2.2.5.jar took 0.089 seconds
[2023-06-17T21:35:23.702+0000] {processor.py:153} INFO - Started process (PID=136) to work on /opt/airflow/dags/gcs-connector-hadoop3-2.2.5.jar
[2023-06-17T21:35:23.703+0000] {processor.py:743} INFO - Processing file /opt/airflow/dags/gcs-connector-hadoop3-2.2.5.jar for tasks to queue
[2023-06-17T21:35:23.704+0000] {logging_mixin.py:137} INFO - [2023-06-17T21:35:23.704+0000] {dagbag.py:532} INFO - Filling up the DagBag from /opt/airflow/dags/gcs-connector-hadoop3-2.2.5.jar
[2023-06-17T21:35:23.783+0000] {processor.py:755} WARNING - No viable dags retrieved from /opt/airflow/dags/gcs-connector-hadoop3-2.2.5.jar
[2023-06-17T21:35:23.798+0000] {processor.py:175} INFO - Processing /opt/airflow/dags/gcs-connector-hadoop3-2.2.5.jar took 0.099 seconds
[2023-06-17T21:35:54.681+0000] {processor.py:153} INFO - Started process (PID=149) to work on /opt/airflow/dags/gcs-connector-hadoop3-2.2.5.jar
[2023-06-17T21:35:54.683+0000] {processor.py:743} INFO - Processing file /opt/airflow/dags/gcs-connector-hadoop3-2.2.5.jar for tasks to queue
[2023-06-17T21:35:54.684+0000] {logging_mixin.py:137} INFO - [2023-06-17T21:35:54.684+0000] {dagbag.py:532} INFO - Filling up the DagBag from /opt/airflow/dags/gcs-connector-hadoop3-2.2.5.jar
[2023-06-17T21:35:54.869+0000] {processor.py:755} WARNING - No viable dags retrieved from /opt/airflow/dags/gcs-connector-hadoop3-2.2.5.jar
[2023-06-17T21:35:54.881+0000] {processor.py:175} INFO - Processing /opt/airflow/dags/gcs-connector-hadoop3-2.2.5.jar took 0.203 seconds
[2023-06-17T21:36:25.720+0000] {processor.py:153} INFO - Started process (PID=162) to work on /opt/airflow/dags/gcs-connector-hadoop3-2.2.5.jar
[2023-06-17T21:36:25.722+0000] {processor.py:743} INFO - Processing file /opt/airflow/dags/gcs-connector-hadoop3-2.2.5.jar for tasks to queue
[2023-06-17T21:36:25.722+0000] {logging_mixin.py:137} INFO - [2023-06-17T21:36:25.722+0000] {dagbag.py:532} INFO - Filling up the DagBag from /opt/airflow/dags/gcs-connector-hadoop3-2.2.5.jar
[2023-06-17T21:36:25.912+0000] {processor.py:755} WARNING - No viable dags retrieved from /opt/airflow/dags/gcs-connector-hadoop3-2.2.5.jar
[2023-06-17T21:36:25.921+0000] {processor.py:175} INFO - Processing /opt/airflow/dags/gcs-connector-hadoop3-2.2.5.jar took 0.204 seconds
[2023-06-17T21:36:56.596+0000] {processor.py:153} INFO - Started process (PID=175) to work on /opt/airflow/dags/gcs-connector-hadoop3-2.2.5.jar
[2023-06-17T21:36:56.597+0000] {processor.py:743} INFO - Processing file /opt/airflow/dags/gcs-connector-hadoop3-2.2.5.jar for tasks to queue
[2023-06-17T21:36:56.598+0000] {logging_mixin.py:137} INFO - [2023-06-17T21:36:56.598+0000] {dagbag.py:532} INFO - Filling up the DagBag from /opt/airflow/dags/gcs-connector-hadoop3-2.2.5.jar
[2023-06-17T21:36:56.673+0000] {processor.py:755} WARNING - No viable dags retrieved from /opt/airflow/dags/gcs-connector-hadoop3-2.2.5.jar
[2023-06-17T21:36:56.688+0000] {processor.py:175} INFO - Processing /opt/airflow/dags/gcs-connector-hadoop3-2.2.5.jar took 0.096 seconds
[2023-06-17T21:37:27.360+0000] {processor.py:153} INFO - Started process (PID=188) to work on /opt/airflow/dags/gcs-connector-hadoop3-2.2.5.jar
[2023-06-17T21:37:27.361+0000] {processor.py:743} INFO - Processing file /opt/airflow/dags/gcs-connector-hadoop3-2.2.5.jar for tasks to queue
[2023-06-17T21:37:27.362+0000] {logging_mixin.py:137} INFO - [2023-06-17T21:37:27.362+0000] {dagbag.py:532} INFO - Filling up the DagBag from /opt/airflow/dags/gcs-connector-hadoop3-2.2.5.jar
[2023-06-17T21:37:27.435+0000] {processor.py:755} WARNING - No viable dags retrieved from /opt/airflow/dags/gcs-connector-hadoop3-2.2.5.jar
[2023-06-17T21:37:27.451+0000] {processor.py:175} INFO - Processing /opt/airflow/dags/gcs-connector-hadoop3-2.2.5.jar took 0.094 seconds
[2023-06-17T21:37:58.289+0000] {processor.py:153} INFO - Started process (PID=204) to work on /opt/airflow/dags/gcs-connector-hadoop3-2.2.5.jar
[2023-06-17T21:37:58.290+0000] {processor.py:743} INFO - Processing file /opt/airflow/dags/gcs-connector-hadoop3-2.2.5.jar for tasks to queue
[2023-06-17T21:37:58.292+0000] {logging_mixin.py:137} INFO - [2023-06-17T21:37:58.292+0000] {dagbag.py:532} INFO - Filling up the DagBag from /opt/airflow/dags/gcs-connector-hadoop3-2.2.5.jar
[2023-06-17T21:37:58.362+0000] {processor.py:755} WARNING - No viable dags retrieved from /opt/airflow/dags/gcs-connector-hadoop3-2.2.5.jar
[2023-06-17T21:37:58.379+0000] {processor.py:175} INFO - Processing /opt/airflow/dags/gcs-connector-hadoop3-2.2.5.jar took 0.092 seconds
[2023-06-17T21:38:29.289+0000] {processor.py:153} INFO - Started process (PID=221) to work on /opt/airflow/dags/gcs-connector-hadoop3-2.2.5.jar
[2023-06-17T21:38:29.290+0000] {processor.py:743} INFO - Processing file /opt/airflow/dags/gcs-connector-hadoop3-2.2.5.jar for tasks to queue
[2023-06-17T21:38:29.291+0000] {logging_mixin.py:137} INFO - [2023-06-17T21:38:29.291+0000] {dagbag.py:532} INFO - Filling up the DagBag from /opt/airflow/dags/gcs-connector-hadoop3-2.2.5.jar
[2023-06-17T21:38:29.371+0000] {processor.py:755} WARNING - No viable dags retrieved from /opt/airflow/dags/gcs-connector-hadoop3-2.2.5.jar
[2023-06-17T21:38:29.387+0000] {processor.py:175} INFO - Processing /opt/airflow/dags/gcs-connector-hadoop3-2.2.5.jar took 0.102 seconds
[2023-06-17T21:39:00.114+0000] {processor.py:153} INFO - Started process (PID=234) to work on /opt/airflow/dags/gcs-connector-hadoop3-2.2.5.jar
[2023-06-17T21:39:00.116+0000] {processor.py:743} INFO - Processing file /opt/airflow/dags/gcs-connector-hadoop3-2.2.5.jar for tasks to queue
[2023-06-17T21:39:00.116+0000] {logging_mixin.py:137} INFO - [2023-06-17T21:39:00.116+0000] {dagbag.py:532} INFO - Filling up the DagBag from /opt/airflow/dags/gcs-connector-hadoop3-2.2.5.jar
[2023-06-17T21:39:00.195+0000] {processor.py:755} WARNING - No viable dags retrieved from /opt/airflow/dags/gcs-connector-hadoop3-2.2.5.jar
[2023-06-17T21:39:00.209+0000] {processor.py:175} INFO - Processing /opt/airflow/dags/gcs-connector-hadoop3-2.2.5.jar took 0.097 seconds
[2023-06-17T21:39:31.036+0000] {processor.py:153} INFO - Started process (PID=247) to work on /opt/airflow/dags/gcs-connector-hadoop3-2.2.5.jar
[2023-06-17T21:39:31.037+0000] {processor.py:743} INFO - Processing file /opt/airflow/dags/gcs-connector-hadoop3-2.2.5.jar for tasks to queue
[2023-06-17T21:39:31.038+0000] {logging_mixin.py:137} INFO - [2023-06-17T21:39:31.038+0000] {dagbag.py:532} INFO - Filling up the DagBag from /opt/airflow/dags/gcs-connector-hadoop3-2.2.5.jar
[2023-06-17T21:39:31.108+0000] {processor.py:755} WARNING - No viable dags retrieved from /opt/airflow/dags/gcs-connector-hadoop3-2.2.5.jar
[2023-06-17T21:39:31.122+0000] {processor.py:175} INFO - Processing /opt/airflow/dags/gcs-connector-hadoop3-2.2.5.jar took 0.089 seconds
[2023-06-17T21:40:01.936+0000] {processor.py:153} INFO - Started process (PID=261) to work on /opt/airflow/dags/gcs-connector-hadoop3-2.2.5.jar
[2023-06-17T21:40:01.937+0000] {processor.py:743} INFO - Processing file /opt/airflow/dags/gcs-connector-hadoop3-2.2.5.jar for tasks to queue
[2023-06-17T21:40:01.938+0000] {logging_mixin.py:137} INFO - [2023-06-17T21:40:01.938+0000] {dagbag.py:532} INFO - Filling up the DagBag from /opt/airflow/dags/gcs-connector-hadoop3-2.2.5.jar
[2023-06-17T21:40:02.011+0000] {processor.py:755} WARNING - No viable dags retrieved from /opt/airflow/dags/gcs-connector-hadoop3-2.2.5.jar
[2023-06-17T21:40:02.041+0000] {processor.py:175} INFO - Processing /opt/airflow/dags/gcs-connector-hadoop3-2.2.5.jar took 0.108 seconds
[2023-06-17T21:40:32.963+0000] {processor.py:153} INFO - Started process (PID=274) to work on /opt/airflow/dags/gcs-connector-hadoop3-2.2.5.jar
[2023-06-17T21:40:32.964+0000] {processor.py:743} INFO - Processing file /opt/airflow/dags/gcs-connector-hadoop3-2.2.5.jar for tasks to queue
[2023-06-17T21:40:32.965+0000] {logging_mixin.py:137} INFO - [2023-06-17T21:40:32.965+0000] {dagbag.py:532} INFO - Filling up the DagBag from /opt/airflow/dags/gcs-connector-hadoop3-2.2.5.jar
[2023-06-17T21:40:33.041+0000] {processor.py:755} WARNING - No viable dags retrieved from /opt/airflow/dags/gcs-connector-hadoop3-2.2.5.jar
[2023-06-17T21:40:33.059+0000] {processor.py:175} INFO - Processing /opt/airflow/dags/gcs-connector-hadoop3-2.2.5.jar took 0.099 seconds
[2023-06-17T21:41:03.837+0000] {processor.py:153} INFO - Started process (PID=293) to work on /opt/airflow/dags/gcs-connector-hadoop3-2.2.5.jar
[2023-06-17T21:41:03.838+0000] {processor.py:743} INFO - Processing file /opt/airflow/dags/gcs-connector-hadoop3-2.2.5.jar for tasks to queue
[2023-06-17T21:41:03.839+0000] {logging_mixin.py:137} INFO - [2023-06-17T21:41:03.839+0000] {dagbag.py:532} INFO - Filling up the DagBag from /opt/airflow/dags/gcs-connector-hadoop3-2.2.5.jar
[2023-06-17T21:41:03.908+0000] {processor.py:755} WARNING - No viable dags retrieved from /opt/airflow/dags/gcs-connector-hadoop3-2.2.5.jar
[2023-06-17T21:41:03.922+0000] {processor.py:175} INFO - Processing /opt/airflow/dags/gcs-connector-hadoop3-2.2.5.jar took 0.089 seconds
[2023-06-17T21:41:34.750+0000] {processor.py:153} INFO - Started process (PID=306) to work on /opt/airflow/dags/gcs-connector-hadoop3-2.2.5.jar
[2023-06-17T21:41:34.752+0000] {processor.py:743} INFO - Processing file /opt/airflow/dags/gcs-connector-hadoop3-2.2.5.jar for tasks to queue
[2023-06-17T21:41:34.753+0000] {logging_mixin.py:137} INFO - [2023-06-17T21:41:34.752+0000] {dagbag.py:532} INFO - Filling up the DagBag from /opt/airflow/dags/gcs-connector-hadoop3-2.2.5.jar
[2023-06-17T21:41:34.828+0000] {processor.py:755} WARNING - No viable dags retrieved from /opt/airflow/dags/gcs-connector-hadoop3-2.2.5.jar
[2023-06-17T21:41:34.846+0000] {processor.py:175} INFO - Processing /opt/airflow/dags/gcs-connector-hadoop3-2.2.5.jar took 0.101 seconds
[2023-06-17T21:42:04.897+0000] {processor.py:153} INFO - Started process (PID=317) to work on /opt/airflow/dags/gcs-connector-hadoop3-2.2.5.jar
[2023-06-17T21:42:04.899+0000] {processor.py:743} INFO - Processing file /opt/airflow/dags/gcs-connector-hadoop3-2.2.5.jar for tasks to queue
[2023-06-17T21:42:04.900+0000] {logging_mixin.py:137} INFO - [2023-06-17T21:42:04.900+0000] {dagbag.py:532} INFO - Filling up the DagBag from /opt/airflow/dags/gcs-connector-hadoop3-2.2.5.jar
[2023-06-17T21:42:04.971+0000] {processor.py:755} WARNING - No viable dags retrieved from /opt/airflow/dags/gcs-connector-hadoop3-2.2.5.jar
[2023-06-17T21:42:04.985+0000] {processor.py:175} INFO - Processing /opt/airflow/dags/gcs-connector-hadoop3-2.2.5.jar took 0.091 seconds
[2023-06-17T21:43:05.362+0000] {processor.py:153} INFO - Started process (PID=44) to work on /opt/airflow/dags/gcs-connector-hadoop3-2.2.5.jar
[2023-06-17T21:43:05.365+0000] {processor.py:743} INFO - Processing file /opt/airflow/dags/gcs-connector-hadoop3-2.2.5.jar for tasks to queue
[2023-06-17T21:43:05.366+0000] {logging_mixin.py:137} INFO - [2023-06-17T21:43:05.366+0000] {dagbag.py:532} INFO - Filling up the DagBag from /opt/airflow/dags/gcs-connector-hadoop3-2.2.5.jar
[2023-06-17T21:43:05.448+0000] {processor.py:755} WARNING - No viable dags retrieved from /opt/airflow/dags/gcs-connector-hadoop3-2.2.5.jar
[2023-06-17T21:43:05.461+0000] {processor.py:175} INFO - Processing /opt/airflow/dags/gcs-connector-hadoop3-2.2.5.jar took 0.102 seconds
[2023-06-17T21:43:36.192+0000] {processor.py:153} INFO - Started process (PID=57) to work on /opt/airflow/dags/gcs-connector-hadoop3-2.2.5.jar
[2023-06-17T21:43:36.193+0000] {processor.py:743} INFO - Processing file /opt/airflow/dags/gcs-connector-hadoop3-2.2.5.jar for tasks to queue
[2023-06-17T21:43:36.194+0000] {logging_mixin.py:137} INFO - [2023-06-17T21:43:36.194+0000] {dagbag.py:532} INFO - Filling up the DagBag from /opt/airflow/dags/gcs-connector-hadoop3-2.2.5.jar
[2023-06-17T21:43:36.261+0000] {processor.py:755} WARNING - No viable dags retrieved from /opt/airflow/dags/gcs-connector-hadoop3-2.2.5.jar
[2023-06-17T21:43:36.274+0000] {processor.py:175} INFO - Processing /opt/airflow/dags/gcs-connector-hadoop3-2.2.5.jar took 0.085 seconds
[2023-06-17T21:44:06.930+0000] {processor.py:153} INFO - Started process (PID=70) to work on /opt/airflow/dags/gcs-connector-hadoop3-2.2.5.jar
[2023-06-17T21:44:06.933+0000] {processor.py:743} INFO - Processing file /opt/airflow/dags/gcs-connector-hadoop3-2.2.5.jar for tasks to queue
[2023-06-17T21:44:06.934+0000] {logging_mixin.py:137} INFO - [2023-06-17T21:44:06.934+0000] {dagbag.py:532} INFO - Filling up the DagBag from /opt/airflow/dags/gcs-connector-hadoop3-2.2.5.jar
[2023-06-17T21:44:06.999+0000] {processor.py:755} WARNING - No viable dags retrieved from /opt/airflow/dags/gcs-connector-hadoop3-2.2.5.jar
[2023-06-17T21:44:07.012+0000] {processor.py:175} INFO - Processing /opt/airflow/dags/gcs-connector-hadoop3-2.2.5.jar took 0.084 seconds
[2023-06-17T21:44:37.892+0000] {processor.py:153} INFO - Started process (PID=83) to work on /opt/airflow/dags/gcs-connector-hadoop3-2.2.5.jar
[2023-06-17T21:44:37.893+0000] {processor.py:743} INFO - Processing file /opt/airflow/dags/gcs-connector-hadoop3-2.2.5.jar for tasks to queue
[2023-06-17T21:44:37.894+0000] {logging_mixin.py:137} INFO - [2023-06-17T21:44:37.894+0000] {dagbag.py:532} INFO - Filling up the DagBag from /opt/airflow/dags/gcs-connector-hadoop3-2.2.5.jar
[2023-06-17T21:44:37.960+0000] {processor.py:755} WARNING - No viable dags retrieved from /opt/airflow/dags/gcs-connector-hadoop3-2.2.5.jar
[2023-06-17T21:44:37.973+0000] {processor.py:175} INFO - Processing /opt/airflow/dags/gcs-connector-hadoop3-2.2.5.jar took 0.085 seconds
[2023-06-17T21:45:09.005+0000] {processor.py:153} INFO - Started process (PID=97) to work on /opt/airflow/dags/gcs-connector-hadoop3-2.2.5.jar
[2023-06-17T21:45:09.006+0000] {processor.py:743} INFO - Processing file /opt/airflow/dags/gcs-connector-hadoop3-2.2.5.jar for tasks to queue
[2023-06-17T21:45:09.007+0000] {logging_mixin.py:137} INFO - [2023-06-17T21:45:09.007+0000] {dagbag.py:532} INFO - Filling up the DagBag from /opt/airflow/dags/gcs-connector-hadoop3-2.2.5.jar
[2023-06-17T21:45:09.074+0000] {processor.py:755} WARNING - No viable dags retrieved from /opt/airflow/dags/gcs-connector-hadoop3-2.2.5.jar
[2023-06-17T21:45:09.114+0000] {processor.py:175} INFO - Processing /opt/airflow/dags/gcs-connector-hadoop3-2.2.5.jar took 0.112 seconds
[2023-06-17T21:45:39.958+0000] {processor.py:153} INFO - Started process (PID=111) to work on /opt/airflow/dags/gcs-connector-hadoop3-2.2.5.jar
[2023-06-17T21:45:39.959+0000] {processor.py:743} INFO - Processing file /opt/airflow/dags/gcs-connector-hadoop3-2.2.5.jar for tasks to queue
[2023-06-17T21:45:39.960+0000] {logging_mixin.py:137} INFO - [2023-06-17T21:45:39.959+0000] {dagbag.py:532} INFO - Filling up the DagBag from /opt/airflow/dags/gcs-connector-hadoop3-2.2.5.jar
[2023-06-17T21:45:40.024+0000] {processor.py:755} WARNING - No viable dags retrieved from /opt/airflow/dags/gcs-connector-hadoop3-2.2.5.jar
[2023-06-17T21:45:40.037+0000] {processor.py:175} INFO - Processing /opt/airflow/dags/gcs-connector-hadoop3-2.2.5.jar took 0.083 seconds
[2023-06-17T21:46:10.846+0000] {processor.py:153} INFO - Started process (PID=124) to work on /opt/airflow/dags/gcs-connector-hadoop3-2.2.5.jar
[2023-06-17T21:46:10.847+0000] {processor.py:743} INFO - Processing file /opt/airflow/dags/gcs-connector-hadoop3-2.2.5.jar for tasks to queue
[2023-06-17T21:46:10.848+0000] {logging_mixin.py:137} INFO - [2023-06-17T21:46:10.848+0000] {dagbag.py:532} INFO - Filling up the DagBag from /opt/airflow/dags/gcs-connector-hadoop3-2.2.5.jar
[2023-06-17T21:46:10.913+0000] {processor.py:755} WARNING - No viable dags retrieved from /opt/airflow/dags/gcs-connector-hadoop3-2.2.5.jar
[2023-06-17T21:46:10.925+0000] {processor.py:175} INFO - Processing /opt/airflow/dags/gcs-connector-hadoop3-2.2.5.jar took 0.082 seconds
[2023-06-17T21:46:41.662+0000] {processor.py:153} INFO - Started process (PID=137) to work on /opt/airflow/dags/gcs-connector-hadoop3-2.2.5.jar
[2023-06-17T21:46:41.664+0000] {processor.py:743} INFO - Processing file /opt/airflow/dags/gcs-connector-hadoop3-2.2.5.jar for tasks to queue
[2023-06-17T21:46:41.665+0000] {logging_mixin.py:137} INFO - [2023-06-17T21:46:41.664+0000] {dagbag.py:532} INFO - Filling up the DagBag from /opt/airflow/dags/gcs-connector-hadoop3-2.2.5.jar
[2023-06-17T21:46:41.731+0000] {processor.py:755} WARNING - No viable dags retrieved from /opt/airflow/dags/gcs-connector-hadoop3-2.2.5.jar
[2023-06-17T21:46:41.743+0000] {processor.py:175} INFO - Processing /opt/airflow/dags/gcs-connector-hadoop3-2.2.5.jar took 0.085 seconds
[2023-06-17T21:47:12.624+0000] {processor.py:153} INFO - Started process (PID=150) to work on /opt/airflow/dags/gcs-connector-hadoop3-2.2.5.jar
[2023-06-17T21:47:12.625+0000] {processor.py:743} INFO - Processing file /opt/airflow/dags/gcs-connector-hadoop3-2.2.5.jar for tasks to queue
[2023-06-17T21:47:12.626+0000] {logging_mixin.py:137} INFO - [2023-06-17T21:47:12.626+0000] {dagbag.py:532} INFO - Filling up the DagBag from /opt/airflow/dags/gcs-connector-hadoop3-2.2.5.jar
[2023-06-17T21:47:12.690+0000] {processor.py:755} WARNING - No viable dags retrieved from /opt/airflow/dags/gcs-connector-hadoop3-2.2.5.jar
[2023-06-17T21:47:12.703+0000] {processor.py:175} INFO - Processing /opt/airflow/dags/gcs-connector-hadoop3-2.2.5.jar took 0.082 seconds
[2023-06-17T21:47:43.527+0000] {processor.py:153} INFO - Started process (PID=163) to work on /opt/airflow/dags/gcs-connector-hadoop3-2.2.5.jar
[2023-06-17T21:47:43.528+0000] {processor.py:743} INFO - Processing file /opt/airflow/dags/gcs-connector-hadoop3-2.2.5.jar for tasks to queue
[2023-06-17T21:47:43.529+0000] {logging_mixin.py:137} INFO - [2023-06-17T21:47:43.529+0000] {dagbag.py:532} INFO - Filling up the DagBag from /opt/airflow/dags/gcs-connector-hadoop3-2.2.5.jar
[2023-06-17T21:47:43.591+0000] {processor.py:755} WARNING - No viable dags retrieved from /opt/airflow/dags/gcs-connector-hadoop3-2.2.5.jar
[2023-06-17T21:47:43.604+0000] {processor.py:175} INFO - Processing /opt/airflow/dags/gcs-connector-hadoop3-2.2.5.jar took 0.080 seconds
[2023-06-17T21:48:14.135+0000] {processor.py:153} INFO - Started process (PID=176) to work on /opt/airflow/dags/gcs-connector-hadoop3-2.2.5.jar
[2023-06-17T21:48:14.136+0000] {processor.py:743} INFO - Processing file /opt/airflow/dags/gcs-connector-hadoop3-2.2.5.jar for tasks to queue
[2023-06-17T21:48:14.137+0000] {logging_mixin.py:137} INFO - [2023-06-17T21:48:14.137+0000] {dagbag.py:532} INFO - Filling up the DagBag from /opt/airflow/dags/gcs-connector-hadoop3-2.2.5.jar
[2023-06-17T21:48:14.305+0000] {processor.py:755} WARNING - No viable dags retrieved from /opt/airflow/dags/gcs-connector-hadoop3-2.2.5.jar
[2023-06-17T21:48:14.315+0000] {processor.py:175} INFO - Processing /opt/airflow/dags/gcs-connector-hadoop3-2.2.5.jar took 0.184 seconds
[2023-06-17T21:48:45.032+0000] {processor.py:153} INFO - Started process (PID=189) to work on /opt/airflow/dags/gcs-connector-hadoop3-2.2.5.jar
[2023-06-17T21:48:45.033+0000] {processor.py:743} INFO - Processing file /opt/airflow/dags/gcs-connector-hadoop3-2.2.5.jar for tasks to queue
[2023-06-17T21:48:45.034+0000] {logging_mixin.py:137} INFO - [2023-06-17T21:48:45.034+0000] {dagbag.py:532} INFO - Filling up the DagBag from /opt/airflow/dags/gcs-connector-hadoop3-2.2.5.jar
[2023-06-17T21:48:45.206+0000] {processor.py:755} WARNING - No viable dags retrieved from /opt/airflow/dags/gcs-connector-hadoop3-2.2.5.jar
[2023-06-17T21:48:45.216+0000] {processor.py:175} INFO - Processing /opt/airflow/dags/gcs-connector-hadoop3-2.2.5.jar took 0.187 seconds
[2023-06-17T21:49:16.027+0000] {processor.py:153} INFO - Started process (PID=202) to work on /opt/airflow/dags/gcs-connector-hadoop3-2.2.5.jar
[2023-06-17T21:49:16.028+0000] {processor.py:743} INFO - Processing file /opt/airflow/dags/gcs-connector-hadoop3-2.2.5.jar for tasks to queue
[2023-06-17T21:49:16.029+0000] {logging_mixin.py:137} INFO - [2023-06-17T21:49:16.029+0000] {dagbag.py:532} INFO - Filling up the DagBag from /opt/airflow/dags/gcs-connector-hadoop3-2.2.5.jar
[2023-06-17T21:49:16.202+0000] {processor.py:755} WARNING - No viable dags retrieved from /opt/airflow/dags/gcs-connector-hadoop3-2.2.5.jar
[2023-06-17T21:49:16.213+0000] {processor.py:175} INFO - Processing /opt/airflow/dags/gcs-connector-hadoop3-2.2.5.jar took 0.189 seconds
[2023-06-17T21:49:47.008+0000] {processor.py:153} INFO - Started process (PID=215) to work on /opt/airflow/dags/gcs-connector-hadoop3-2.2.5.jar
[2023-06-17T21:49:47.010+0000] {processor.py:743} INFO - Processing file /opt/airflow/dags/gcs-connector-hadoop3-2.2.5.jar for tasks to queue
[2023-06-17T21:49:47.011+0000] {logging_mixin.py:137} INFO - [2023-06-17T21:49:47.011+0000] {dagbag.py:532} INFO - Filling up the DagBag from /opt/airflow/dags/gcs-connector-hadoop3-2.2.5.jar
[2023-06-17T21:49:47.197+0000] {processor.py:755} WARNING - No viable dags retrieved from /opt/airflow/dags/gcs-connector-hadoop3-2.2.5.jar
[2023-06-17T21:49:47.208+0000] {processor.py:175} INFO - Processing /opt/airflow/dags/gcs-connector-hadoop3-2.2.5.jar took 0.202 seconds
[2023-06-17T21:50:18.062+0000] {processor.py:153} INFO - Started process (PID=228) to work on /opt/airflow/dags/gcs-connector-hadoop3-2.2.5.jar
[2023-06-17T21:50:18.063+0000] {processor.py:743} INFO - Processing file /opt/airflow/dags/gcs-connector-hadoop3-2.2.5.jar for tasks to queue
[2023-06-17T21:50:18.064+0000] {logging_mixin.py:137} INFO - [2023-06-17T21:50:18.064+0000] {dagbag.py:532} INFO - Filling up the DagBag from /opt/airflow/dags/gcs-connector-hadoop3-2.2.5.jar
[2023-06-17T21:50:18.260+0000] {processor.py:755} WARNING - No viable dags retrieved from /opt/airflow/dags/gcs-connector-hadoop3-2.2.5.jar
[2023-06-17T21:50:18.271+0000] {processor.py:175} INFO - Processing /opt/airflow/dags/gcs-connector-hadoop3-2.2.5.jar took 0.212 seconds
[2023-06-17T21:50:49.053+0000] {processor.py:153} INFO - Started process (PID=241) to work on /opt/airflow/dags/gcs-connector-hadoop3-2.2.5.jar
[2023-06-17T21:50:49.055+0000] {processor.py:743} INFO - Processing file /opt/airflow/dags/gcs-connector-hadoop3-2.2.5.jar for tasks to queue
[2023-06-17T21:50:49.056+0000] {logging_mixin.py:137} INFO - [2023-06-17T21:50:49.056+0000] {dagbag.py:532} INFO - Filling up the DagBag from /opt/airflow/dags/gcs-connector-hadoop3-2.2.5.jar
[2023-06-17T21:50:49.246+0000] {processor.py:755} WARNING - No viable dags retrieved from /opt/airflow/dags/gcs-connector-hadoop3-2.2.5.jar
[2023-06-17T21:50:49.257+0000] {processor.py:175} INFO - Processing /opt/airflow/dags/gcs-connector-hadoop3-2.2.5.jar took 0.208 seconds
[2023-06-17T21:51:20.161+0000] {processor.py:153} INFO - Started process (PID=254) to work on /opt/airflow/dags/gcs-connector-hadoop3-2.2.5.jar
[2023-06-17T21:51:20.163+0000] {processor.py:743} INFO - Processing file /opt/airflow/dags/gcs-connector-hadoop3-2.2.5.jar for tasks to queue
[2023-06-17T21:51:20.165+0000] {logging_mixin.py:137} INFO - [2023-06-17T21:51:20.165+0000] {dagbag.py:532} INFO - Filling up the DagBag from /opt/airflow/dags/gcs-connector-hadoop3-2.2.5.jar
[2023-06-17T21:51:20.382+0000] {processor.py:755} WARNING - No viable dags retrieved from /opt/airflow/dags/gcs-connector-hadoop3-2.2.5.jar
[2023-06-17T21:51:20.394+0000] {processor.py:175} INFO - Processing /opt/airflow/dags/gcs-connector-hadoop3-2.2.5.jar took 0.237 seconds
[2023-06-17T21:51:51.126+0000] {processor.py:153} INFO - Started process (PID=268) to work on /opt/airflow/dags/gcs-connector-hadoop3-2.2.5.jar
[2023-06-17T21:51:51.127+0000] {processor.py:743} INFO - Processing file /opt/airflow/dags/gcs-connector-hadoop3-2.2.5.jar for tasks to queue
[2023-06-17T21:51:51.128+0000] {logging_mixin.py:137} INFO - [2023-06-17T21:51:51.128+0000] {dagbag.py:532} INFO - Filling up the DagBag from /opt/airflow/dags/gcs-connector-hadoop3-2.2.5.jar
[2023-06-17T21:51:51.298+0000] {processor.py:755} WARNING - No viable dags retrieved from /opt/airflow/dags/gcs-connector-hadoop3-2.2.5.jar
[2023-06-17T21:51:51.309+0000] {processor.py:175} INFO - Processing /opt/airflow/dags/gcs-connector-hadoop3-2.2.5.jar took 0.186 seconds
[2023-06-17T21:52:22.084+0000] {processor.py:153} INFO - Started process (PID=281) to work on /opt/airflow/dags/gcs-connector-hadoop3-2.2.5.jar
[2023-06-17T21:52:22.086+0000] {processor.py:743} INFO - Processing file /opt/airflow/dags/gcs-connector-hadoop3-2.2.5.jar for tasks to queue
[2023-06-17T21:52:22.087+0000] {logging_mixin.py:137} INFO - [2023-06-17T21:52:22.086+0000] {dagbag.py:532} INFO - Filling up the DagBag from /opt/airflow/dags/gcs-connector-hadoop3-2.2.5.jar
[2023-06-17T21:52:22.333+0000] {processor.py:755} WARNING - No viable dags retrieved from /opt/airflow/dags/gcs-connector-hadoop3-2.2.5.jar
[2023-06-17T21:52:22.346+0000] {processor.py:175} INFO - Processing /opt/airflow/dags/gcs-connector-hadoop3-2.2.5.jar took 0.266 seconds
[2023-06-17T21:52:53.283+0000] {processor.py:153} INFO - Started process (PID=294) to work on /opt/airflow/dags/gcs-connector-hadoop3-2.2.5.jar
[2023-06-17T21:52:53.284+0000] {processor.py:743} INFO - Processing file /opt/airflow/dags/gcs-connector-hadoop3-2.2.5.jar for tasks to queue
[2023-06-17T21:52:53.285+0000] {logging_mixin.py:137} INFO - [2023-06-17T21:52:53.285+0000] {dagbag.py:532} INFO - Filling up the DagBag from /opt/airflow/dags/gcs-connector-hadoop3-2.2.5.jar
[2023-06-17T21:52:53.481+0000] {processor.py:755} WARNING - No viable dags retrieved from /opt/airflow/dags/gcs-connector-hadoop3-2.2.5.jar
[2023-06-17T21:52:53.491+0000] {processor.py:175} INFO - Processing /opt/airflow/dags/gcs-connector-hadoop3-2.2.5.jar took 0.211 seconds
[2023-06-17T21:53:24.066+0000] {processor.py:153} INFO - Started process (PID=308) to work on /opt/airflow/dags/gcs-connector-hadoop3-2.2.5.jar
[2023-06-17T21:53:24.067+0000] {processor.py:743} INFO - Processing file /opt/airflow/dags/gcs-connector-hadoop3-2.2.5.jar for tasks to queue
[2023-06-17T21:53:24.068+0000] {logging_mixin.py:137} INFO - [2023-06-17T21:53:24.068+0000] {dagbag.py:532} INFO - Filling up the DagBag from /opt/airflow/dags/gcs-connector-hadoop3-2.2.5.jar
[2023-06-17T21:53:24.154+0000] {processor.py:755} WARNING - No viable dags retrieved from /opt/airflow/dags/gcs-connector-hadoop3-2.2.5.jar
[2023-06-17T21:53:24.175+0000] {processor.py:175} INFO - Processing /opt/airflow/dags/gcs-connector-hadoop3-2.2.5.jar took 0.112 seconds
[2023-06-17T21:53:54.999+0000] {processor.py:153} INFO - Started process (PID=327) to work on /opt/airflow/dags/gcs-connector-hadoop3-2.2.5.jar
[2023-06-17T21:53:55.001+0000] {processor.py:743} INFO - Processing file /opt/airflow/dags/gcs-connector-hadoop3-2.2.5.jar for tasks to queue
[2023-06-17T21:53:55.002+0000] {logging_mixin.py:137} INFO - [2023-06-17T21:53:55.002+0000] {dagbag.py:532} INFO - Filling up the DagBag from /opt/airflow/dags/gcs-connector-hadoop3-2.2.5.jar
[2023-06-17T21:53:55.073+0000] {processor.py:755} WARNING - No viable dags retrieved from /opt/airflow/dags/gcs-connector-hadoop3-2.2.5.jar
[2023-06-17T21:53:55.088+0000] {processor.py:175} INFO - Processing /opt/airflow/dags/gcs-connector-hadoop3-2.2.5.jar took 0.092 seconds
[2023-06-17T21:54:25.914+0000] {processor.py:153} INFO - Started process (PID=340) to work on /opt/airflow/dags/gcs-connector-hadoop3-2.2.5.jar
[2023-06-17T21:54:25.915+0000] {processor.py:743} INFO - Processing file /opt/airflow/dags/gcs-connector-hadoop3-2.2.5.jar for tasks to queue
[2023-06-17T21:54:25.917+0000] {logging_mixin.py:137} INFO - [2023-06-17T21:54:25.916+0000] {dagbag.py:532} INFO - Filling up the DagBag from /opt/airflow/dags/gcs-connector-hadoop3-2.2.5.jar
[2023-06-17T21:54:25.998+0000] {processor.py:755} WARNING - No viable dags retrieved from /opt/airflow/dags/gcs-connector-hadoop3-2.2.5.jar
[2023-06-17T21:54:26.012+0000] {processor.py:175} INFO - Processing /opt/airflow/dags/gcs-connector-hadoop3-2.2.5.jar took 0.103 seconds
[2023-06-17T21:54:56.687+0000] {processor.py:153} INFO - Started process (PID=353) to work on /opt/airflow/dags/gcs-connector-hadoop3-2.2.5.jar
[2023-06-17T21:54:56.689+0000] {processor.py:743} INFO - Processing file /opt/airflow/dags/gcs-connector-hadoop3-2.2.5.jar for tasks to queue
[2023-06-17T21:54:56.690+0000] {logging_mixin.py:137} INFO - [2023-06-17T21:54:56.690+0000] {dagbag.py:532} INFO - Filling up the DagBag from /opt/airflow/dags/gcs-connector-hadoop3-2.2.5.jar
[2023-06-17T21:54:56.760+0000] {processor.py:755} WARNING - No viable dags retrieved from /opt/airflow/dags/gcs-connector-hadoop3-2.2.5.jar
[2023-06-17T21:54:56.777+0000] {processor.py:175} INFO - Processing /opt/airflow/dags/gcs-connector-hadoop3-2.2.5.jar took 0.094 seconds
[2023-06-17T22:01:29.972+0000] {processor.py:153} INFO - Started process (PID=45) to work on /opt/airflow/dags/gcs-connector-hadoop3-2.2.5.jar
[2023-06-17T22:01:29.978+0000] {processor.py:743} INFO - Processing file /opt/airflow/dags/gcs-connector-hadoop3-2.2.5.jar for tasks to queue
[2023-06-17T22:01:29.980+0000] {logging_mixin.py:137} INFO - [2023-06-17T22:01:29.980+0000] {dagbag.py:532} INFO - Filling up the DagBag from /opt/airflow/dags/gcs-connector-hadoop3-2.2.5.jar
[2023-06-17T22:01:30.099+0000] {processor.py:755} WARNING - No viable dags retrieved from /opt/airflow/dags/gcs-connector-hadoop3-2.2.5.jar
[2023-06-17T22:01:30.114+0000] {processor.py:175} INFO - Processing /opt/airflow/dags/gcs-connector-hadoop3-2.2.5.jar took 0.146 seconds
[2023-06-17T22:02:00.223+0000] {processor.py:153} INFO - Started process (PID=55) to work on /opt/airflow/dags/gcs-connector-hadoop3-2.2.5.jar
[2023-06-17T22:02:00.225+0000] {processor.py:743} INFO - Processing file /opt/airflow/dags/gcs-connector-hadoop3-2.2.5.jar for tasks to queue
[2023-06-17T22:02:00.226+0000] {logging_mixin.py:137} INFO - [2023-06-17T22:02:00.226+0000] {dagbag.py:532} INFO - Filling up the DagBag from /opt/airflow/dags/gcs-connector-hadoop3-2.2.5.jar
[2023-06-17T22:02:00.304+0000] {processor.py:755} WARNING - No viable dags retrieved from /opt/airflow/dags/gcs-connector-hadoop3-2.2.5.jar
[2023-06-17T22:02:00.333+0000] {processor.py:175} INFO - Processing /opt/airflow/dags/gcs-connector-hadoop3-2.2.5.jar took 0.113 seconds
[2023-06-17T22:02:30.441+0000] {processor.py:153} INFO - Started process (PID=67) to work on /opt/airflow/dags/gcs-connector-hadoop3-2.2.5.jar
[2023-06-17T22:02:30.443+0000] {processor.py:743} INFO - Processing file /opt/airflow/dags/gcs-connector-hadoop3-2.2.5.jar for tasks to queue
[2023-06-17T22:02:30.444+0000] {logging_mixin.py:137} INFO - [2023-06-17T22:02:30.444+0000] {dagbag.py:532} INFO - Filling up the DagBag from /opt/airflow/dags/gcs-connector-hadoop3-2.2.5.jar
[2023-06-17T22:02:30.683+0000] {processor.py:755} WARNING - No viable dags retrieved from /opt/airflow/dags/gcs-connector-hadoop3-2.2.5.jar
[2023-06-17T22:02:30.694+0000] {processor.py:175} INFO - Processing /opt/airflow/dags/gcs-connector-hadoop3-2.2.5.jar took 0.255 seconds
[2023-06-17T22:03:01.568+0000] {processor.py:153} INFO - Started process (PID=80) to work on /opt/airflow/dags/gcs-connector-hadoop3-2.2.5.jar
[2023-06-17T22:03:01.571+0000] {processor.py:743} INFO - Processing file /opt/airflow/dags/gcs-connector-hadoop3-2.2.5.jar for tasks to queue
[2023-06-17T22:03:01.572+0000] {logging_mixin.py:137} INFO - [2023-06-17T22:03:01.572+0000] {dagbag.py:532} INFO - Filling up the DagBag from /opt/airflow/dags/gcs-connector-hadoop3-2.2.5.jar
[2023-06-17T22:03:01.755+0000] {processor.py:755} WARNING - No viable dags retrieved from /opt/airflow/dags/gcs-connector-hadoop3-2.2.5.jar
[2023-06-17T22:03:01.766+0000] {processor.py:175} INFO - Processing /opt/airflow/dags/gcs-connector-hadoop3-2.2.5.jar took 0.207 seconds
[2023-06-17T22:03:31.827+0000] {processor.py:153} INFO - Started process (PID=92) to work on /opt/airflow/dags/gcs-connector-hadoop3-2.2.5.jar
[2023-06-17T22:03:31.830+0000] {processor.py:743} INFO - Processing file /opt/airflow/dags/gcs-connector-hadoop3-2.2.5.jar for tasks to queue
[2023-06-17T22:03:31.832+0000] {logging_mixin.py:137} INFO - [2023-06-17T22:03:31.832+0000] {dagbag.py:532} INFO - Filling up the DagBag from /opt/airflow/dags/gcs-connector-hadoop3-2.2.5.jar
[2023-06-17T22:03:32.027+0000] {processor.py:755} WARNING - No viable dags retrieved from /opt/airflow/dags/gcs-connector-hadoop3-2.2.5.jar
[2023-06-17T22:03:32.038+0000] {processor.py:175} INFO - Processing /opt/airflow/dags/gcs-connector-hadoop3-2.2.5.jar took 0.218 seconds
[2023-06-17T22:04:02.398+0000] {processor.py:153} INFO - Started process (PID=105) to work on /opt/airflow/dags/gcs-connector-hadoop3-2.2.5.jar
[2023-06-17T22:04:02.402+0000] {processor.py:743} INFO - Processing file /opt/airflow/dags/gcs-connector-hadoop3-2.2.5.jar for tasks to queue
[2023-06-17T22:04:02.404+0000] {logging_mixin.py:137} INFO - [2023-06-17T22:04:02.404+0000] {dagbag.py:532} INFO - Filling up the DagBag from /opt/airflow/dags/gcs-connector-hadoop3-2.2.5.jar
[2023-06-17T22:04:02.601+0000] {processor.py:755} WARNING - No viable dags retrieved from /opt/airflow/dags/gcs-connector-hadoop3-2.2.5.jar
[2023-06-17T22:04:02.615+0000] {processor.py:175} INFO - Processing /opt/airflow/dags/gcs-connector-hadoop3-2.2.5.jar took 0.224 seconds
[2023-06-17T22:04:32.722+0000] {processor.py:153} INFO - Started process (PID=118) to work on /opt/airflow/dags/gcs-connector-hadoop3-2.2.5.jar
[2023-06-17T22:04:32.725+0000] {processor.py:743} INFO - Processing file /opt/airflow/dags/gcs-connector-hadoop3-2.2.5.jar for tasks to queue
[2023-06-17T22:04:32.727+0000] {logging_mixin.py:137} INFO - [2023-06-17T22:04:32.726+0000] {dagbag.py:532} INFO - Filling up the DagBag from /opt/airflow/dags/gcs-connector-hadoop3-2.2.5.jar
[2023-06-17T22:04:32.802+0000] {processor.py:755} WARNING - No viable dags retrieved from /opt/airflow/dags/gcs-connector-hadoop3-2.2.5.jar
[2023-06-17T22:04:32.815+0000] {processor.py:175} INFO - Processing /opt/airflow/dags/gcs-connector-hadoop3-2.2.5.jar took 0.100 seconds
[2023-06-17T22:05:03.522+0000] {processor.py:153} INFO - Started process (PID=132) to work on /opt/airflow/dags/gcs-connector-hadoop3-2.2.5.jar
[2023-06-17T22:05:03.525+0000] {processor.py:743} INFO - Processing file /opt/airflow/dags/gcs-connector-hadoop3-2.2.5.jar for tasks to queue
[2023-06-17T22:05:03.526+0000] {logging_mixin.py:137} INFO - [2023-06-17T22:05:03.526+0000] {dagbag.py:532} INFO - Filling up the DagBag from /opt/airflow/dags/gcs-connector-hadoop3-2.2.5.jar
[2023-06-17T22:05:03.605+0000] {processor.py:755} WARNING - No viable dags retrieved from /opt/airflow/dags/gcs-connector-hadoop3-2.2.5.jar
[2023-06-17T22:05:03.620+0000] {processor.py:175} INFO - Processing /opt/airflow/dags/gcs-connector-hadoop3-2.2.5.jar took 0.104 seconds
[2023-06-17T22:05:33.696+0000] {processor.py:153} INFO - Started process (PID=145) to work on /opt/airflow/dags/gcs-connector-hadoop3-2.2.5.jar
[2023-06-17T22:05:33.700+0000] {processor.py:743} INFO - Processing file /opt/airflow/dags/gcs-connector-hadoop3-2.2.5.jar for tasks to queue
[2023-06-17T22:05:33.701+0000] {logging_mixin.py:137} INFO - [2023-06-17T22:05:33.701+0000] {dagbag.py:532} INFO - Filling up the DagBag from /opt/airflow/dags/gcs-connector-hadoop3-2.2.5.jar
[2023-06-17T22:05:33.880+0000] {processor.py:755} WARNING - No viable dags retrieved from /opt/airflow/dags/gcs-connector-hadoop3-2.2.5.jar
[2023-06-17T22:05:33.890+0000] {processor.py:175} INFO - Processing /opt/airflow/dags/gcs-connector-hadoop3-2.2.5.jar took 0.202 seconds
[2023-06-17T22:06:57.749+0000] {processor.py:153} INFO - Started process (PID=45) to work on /opt/airflow/dags/gcs-connector-hadoop3-2.2.5.jar
[2023-06-17T22:06:57.751+0000] {processor.py:743} INFO - Processing file /opt/airflow/dags/gcs-connector-hadoop3-2.2.5.jar for tasks to queue
[2023-06-17T22:06:57.752+0000] {logging_mixin.py:137} INFO - [2023-06-17T22:06:57.752+0000] {dagbag.py:532} INFO - Filling up the DagBag from /opt/airflow/dags/gcs-connector-hadoop3-2.2.5.jar
[2023-06-17T22:06:57.827+0000] {processor.py:755} WARNING - No viable dags retrieved from /opt/airflow/dags/gcs-connector-hadoop3-2.2.5.jar
[2023-06-17T22:06:57.847+0000] {processor.py:175} INFO - Processing /opt/airflow/dags/gcs-connector-hadoop3-2.2.5.jar took 0.101 seconds
[2023-06-17T22:07:28.210+0000] {processor.py:153} INFO - Started process (PID=55) to work on /opt/airflow/dags/gcs-connector-hadoop3-2.2.5.jar
[2023-06-17T22:07:28.212+0000] {processor.py:743} INFO - Processing file /opt/airflow/dags/gcs-connector-hadoop3-2.2.5.jar for tasks to queue
[2023-06-17T22:07:28.213+0000] {logging_mixin.py:137} INFO - [2023-06-17T22:07:28.213+0000] {dagbag.py:532} INFO - Filling up the DagBag from /opt/airflow/dags/gcs-connector-hadoop3-2.2.5.jar
[2023-06-17T22:07:28.292+0000] {processor.py:755} WARNING - No viable dags retrieved from /opt/airflow/dags/gcs-connector-hadoop3-2.2.5.jar
[2023-06-17T22:07:28.305+0000] {processor.py:175} INFO - Processing /opt/airflow/dags/gcs-connector-hadoop3-2.2.5.jar took 0.100 seconds
[2023-06-17T22:07:59.403+0000] {processor.py:153} INFO - Started process (PID=71) to work on /opt/airflow/dags/gcs-connector-hadoop3-2.2.5.jar
[2023-06-17T22:07:59.404+0000] {processor.py:743} INFO - Processing file /opt/airflow/dags/gcs-connector-hadoop3-2.2.5.jar for tasks to queue
[2023-06-17T22:07:59.405+0000] {logging_mixin.py:137} INFO - [2023-06-17T22:07:59.405+0000] {dagbag.py:532} INFO - Filling up the DagBag from /opt/airflow/dags/gcs-connector-hadoop3-2.2.5.jar
[2023-06-17T22:07:59.580+0000] {processor.py:755} WARNING - No viable dags retrieved from /opt/airflow/dags/gcs-connector-hadoop3-2.2.5.jar
[2023-06-17T22:07:59.591+0000] {processor.py:175} INFO - Processing /opt/airflow/dags/gcs-connector-hadoop3-2.2.5.jar took 0.191 seconds
[2023-06-17T22:08:30.301+0000] {processor.py:153} INFO - Started process (PID=84) to work on /opt/airflow/dags/gcs-connector-hadoop3-2.2.5.jar
[2023-06-17T22:08:30.302+0000] {processor.py:743} INFO - Processing file /opt/airflow/dags/gcs-connector-hadoop3-2.2.5.jar for tasks to queue
[2023-06-17T22:08:30.303+0000] {logging_mixin.py:137} INFO - [2023-06-17T22:08:30.303+0000] {dagbag.py:532} INFO - Filling up the DagBag from /opt/airflow/dags/gcs-connector-hadoop3-2.2.5.jar
[2023-06-17T22:08:30.491+0000] {processor.py:755} WARNING - No viable dags retrieved from /opt/airflow/dags/gcs-connector-hadoop3-2.2.5.jar
[2023-06-17T22:08:30.502+0000] {processor.py:175} INFO - Processing /opt/airflow/dags/gcs-connector-hadoop3-2.2.5.jar took 0.204 seconds
[2023-06-17T22:09:01.372+0000] {processor.py:153} INFO - Started process (PID=97) to work on /opt/airflow/dags/gcs-connector-hadoop3-2.2.5.jar
[2023-06-17T22:09:01.373+0000] {processor.py:743} INFO - Processing file /opt/airflow/dags/gcs-connector-hadoop3-2.2.5.jar for tasks to queue
[2023-06-17T22:09:01.374+0000] {logging_mixin.py:137} INFO - [2023-06-17T22:09:01.374+0000] {dagbag.py:532} INFO - Filling up the DagBag from /opt/airflow/dags/gcs-connector-hadoop3-2.2.5.jar
[2023-06-17T22:09:01.561+0000] {processor.py:755} WARNING - No viable dags retrieved from /opt/airflow/dags/gcs-connector-hadoop3-2.2.5.jar
[2023-06-17T22:09:01.571+0000] {processor.py:175} INFO - Processing /opt/airflow/dags/gcs-connector-hadoop3-2.2.5.jar took 0.202 seconds
[2023-06-17T22:09:32.408+0000] {processor.py:153} INFO - Started process (PID=112) to work on /opt/airflow/dags/gcs-connector-hadoop3-2.2.5.jar
[2023-06-17T22:09:32.409+0000] {processor.py:743} INFO - Processing file /opt/airflow/dags/gcs-connector-hadoop3-2.2.5.jar for tasks to queue
[2023-06-17T22:09:32.410+0000] {logging_mixin.py:137} INFO - [2023-06-17T22:09:32.410+0000] {dagbag.py:532} INFO - Filling up the DagBag from /opt/airflow/dags/gcs-connector-hadoop3-2.2.5.jar
[2023-06-17T22:09:32.591+0000] {processor.py:755} WARNING - No viable dags retrieved from /opt/airflow/dags/gcs-connector-hadoop3-2.2.5.jar
[2023-06-17T22:09:32.601+0000] {processor.py:175} INFO - Processing /opt/airflow/dags/gcs-connector-hadoop3-2.2.5.jar took 0.196 seconds
[2023-06-17T22:10:03.563+0000] {processor.py:153} INFO - Started process (PID=125) to work on /opt/airflow/dags/gcs-connector-hadoop3-2.2.5.jar
[2023-06-17T22:10:03.565+0000] {processor.py:743} INFO - Processing file /opt/airflow/dags/gcs-connector-hadoop3-2.2.5.jar for tasks to queue
[2023-06-17T22:10:03.565+0000] {logging_mixin.py:137} INFO - [2023-06-17T22:10:03.565+0000] {dagbag.py:532} INFO - Filling up the DagBag from /opt/airflow/dags/gcs-connector-hadoop3-2.2.5.jar
[2023-06-17T22:10:03.631+0000] {processor.py:755} WARNING - No viable dags retrieved from /opt/airflow/dags/gcs-connector-hadoop3-2.2.5.jar
[2023-06-17T22:10:03.647+0000] {processor.py:175} INFO - Processing /opt/airflow/dags/gcs-connector-hadoop3-2.2.5.jar took 0.087 seconds
