[2023-06-23T01:38:35.233+0000] {taskinstance.py:1090} INFO - Dependencies all met for dep_context=non-requeueable deps ti=<TaskInstance: showpulse_dbt_dag.dbt_run scheduled__2023-06-23T01:37:31.696804+00:00 [queued]>
[2023-06-23T01:38:35.241+0000] {taskinstance.py:1090} INFO - Dependencies all met for dep_context=requeueable deps ti=<TaskInstance: showpulse_dbt_dag.dbt_run scheduled__2023-06-23T01:37:31.696804+00:00 [queued]>
[2023-06-23T01:38:35.241+0000] {taskinstance.py:1288} INFO - 
--------------------------------------------------------------------------------
[2023-06-23T01:38:35.242+0000] {taskinstance.py:1289} INFO - Starting attempt 1 of 1
[2023-06-23T01:38:35.243+0000] {taskinstance.py:1290} INFO - 
--------------------------------------------------------------------------------
[2023-06-23T01:38:35.252+0000] {taskinstance.py:1309} INFO - Executing <Task(BashOperator): dbt_run> on 2023-06-23 01:37:31.696804+00:00
[2023-06-23T01:38:35.256+0000] {standard_task_runner.py:55} INFO - Started process 23543 to run task
[2023-06-23T01:38:35.260+0000] {standard_task_runner.py:82} INFO - Running: ['***', 'tasks', 'run', 'showpulse_dbt_dag', 'dbt_run', 'scheduled__2023-06-23T01:37:31.696804+00:00', '--job-id', '2582', '--raw', '--subdir', 'DAGS_FOLDER/dbt_run.py', '--cfg-path', '/tmp/tmpu3o4yqj_']
[2023-06-23T01:38:35.261+0000] {standard_task_runner.py:83} INFO - Job 2582: Subtask dbt_run
[2023-06-23T01:38:35.320+0000] {task_command.py:389} INFO - Running <TaskInstance: showpulse_dbt_dag.dbt_run scheduled__2023-06-23T01:37:31.696804+00:00 [running]> on host 62cfed75eae1
[2023-06-23T01:38:35.375+0000] {taskinstance.py:1518} INFO - Exporting the following env vars:
AIRFLOW_CTX_DAG_OWNER=nburkett
AIRFLOW_CTX_DAG_ID=showpulse_dbt_dag
AIRFLOW_CTX_TASK_ID=dbt_run
AIRFLOW_CTX_EXECUTION_DATE=2023-06-23T01:37:31.696804+00:00
AIRFLOW_CTX_TRY_NUMBER=1
AIRFLOW_CTX_DAG_RUN_ID=scheduled__2023-06-23T01:37:31.696804+00:00
[2023-06-23T01:38:35.376+0000] {subprocess.py:63} INFO - Tmp dir root location: 
 /tmp
[2023-06-23T01:38:35.377+0000] {subprocess.py:75} INFO - Running command: ['/bin/bash', '-c', 'cd /dbt/ticketmaster_transformation && dbt run']
[2023-06-23T01:38:35.386+0000] {subprocess.py:86} INFO - Output:
[2023-06-23T01:38:36.730+0000] {subprocess.py:93} INFO - [0m01:38:36  Running with dbt=1.5.1
[2023-06-23T01:38:37.265+0000] {subprocess.py:93} INFO - [0m01:38:37  Found 4 models, 0 tests, 0 snapshots, 0 analyses, 356 macros, 0 operations, 0 seed files, 3 sources, 0 exposures, 0 metrics, 0 groups
[2023-06-23T01:38:37.268+0000] {subprocess.py:93} INFO - [0m01:38:37
[2023-06-23T01:38:38.161+0000] {subprocess.py:93} INFO - [0m01:38:38  Concurrency: 4 threads (target='dev')
[2023-06-23T01:38:38.165+0000] {subprocess.py:93} INFO - [0m01:38:38
[2023-06-23T01:38:38.179+0000] {subprocess.py:93} INFO - [0m01:38:38  1 of 4 START sql table model twitter_kafka_pyspark_test.distinct_data .......... [RUN]
[2023-06-23T01:38:38.182+0000] {subprocess.py:93} INFO - [0m01:38:38  2 of 4 START sql table model twitter_kafka_pyspark_test.dm_events .............. [RUN]
[2023-06-23T01:38:38.184+0000] {subprocess.py:93} INFO - [0m01:38:38  3 of 4 START sql table model twitter_kafka_pyspark_test.my_first_dbt_model ..... [RUN]
[2023-06-23T01:38:40.912+0000] {subprocess.py:93} INFO - [0m01:38:40  3 of 4 OK created sql table model twitter_kafka_pyspark_test.my_first_dbt_model  [[32mCREATE TABLE (2.0 rows, 0 processed)[0m in 2.72s]
[2023-06-23T01:38:40.919+0000] {subprocess.py:93} INFO - [0m01:38:40  4 of 4 START sql view model twitter_kafka_pyspark_test.my_second_dbt_model ..... [RUN]
[2023-06-23T01:38:41.019+0000] {subprocess.py:93} INFO - [0m01:38:41  2 of 4 OK created sql table model twitter_kafka_pyspark_test.dm_events ......... [[32mCREATE TABLE (0.0 rows, 0 processed)[0m in 2.83s]
[2023-06-23T01:38:41.181+0000] {subprocess.py:93} INFO - [0m01:38:41  1 of 4 OK created sql table model twitter_kafka_pyspark_test.distinct_data ..... [[32mCREATE TABLE (0.0 rows, 0 processed)[0m in 2.99s]
[2023-06-23T01:38:41.931+0000] {subprocess.py:93} INFO - [0m01:38:41  4 of 4 OK created sql view model twitter_kafka_pyspark_test.my_second_dbt_model  [[32mCREATE VIEW (0 processed)[0m in 1.01s]
[2023-06-23T01:38:42.053+0000] {subprocess.py:93} INFO - [0m01:38:42
[2023-06-23T01:38:42.056+0000] {subprocess.py:93} INFO - [0m01:38:42  Finished running 3 table models, 1 view model in 0 hours 0 minutes and 4.78 seconds (4.78s).
[2023-06-23T01:38:42.091+0000] {subprocess.py:93} INFO - [0m01:38:42
[2023-06-23T01:38:42.093+0000] {subprocess.py:93} INFO - [0m01:38:42  [32mCompleted successfully[0m
[2023-06-23T01:38:42.094+0000] {subprocess.py:93} INFO - [0m01:38:42
[2023-06-23T01:38:42.096+0000] {subprocess.py:93} INFO - [0m01:38:42  Done. PASS=4 WARN=0 ERROR=0 SKIP=0 TOTAL=4
[2023-06-23T01:38:42.577+0000] {subprocess.py:97} INFO - Command exited with return code 0
[2023-06-23T01:38:42.603+0000] {taskinstance.py:1332} INFO - Marking task as SUCCESS. dag_id=showpulse_dbt_dag, task_id=dbt_run, execution_date=20230623T013731, start_date=20230623T013835, end_date=20230623T013842
[2023-06-23T01:38:42.636+0000] {local_task_job.py:212} INFO - Task exited with return code 0
[2023-06-23T01:38:42.651+0000] {taskinstance.py:2596} INFO - 0 downstream tasks scheduled from follow-on schedule check
