[2023-06-21T20:46:42.350+0000] {taskinstance.py:1090} INFO - Dependencies all met for dep_context=non-requeueable deps ti=<TaskInstance: showpulse_dbt_dag.dbt_run scheduled__2023-06-21T20:45:38.146710+00:00 [queued]>
[2023-06-21T20:46:42.356+0000] {taskinstance.py:1090} INFO - Dependencies all met for dep_context=requeueable deps ti=<TaskInstance: showpulse_dbt_dag.dbt_run scheduled__2023-06-21T20:45:38.146710+00:00 [queued]>
[2023-06-21T20:46:42.357+0000] {taskinstance.py:1288} INFO - 
--------------------------------------------------------------------------------
[2023-06-21T20:46:42.357+0000] {taskinstance.py:1289} INFO - Starting attempt 1 of 1
[2023-06-21T20:46:42.358+0000] {taskinstance.py:1290} INFO - 
--------------------------------------------------------------------------------
[2023-06-21T20:46:42.365+0000] {taskinstance.py:1309} INFO - Executing <Task(BashOperator): dbt_run> on 2023-06-21 20:45:38.146710+00:00
[2023-06-21T20:46:42.369+0000] {standard_task_runner.py:55} INFO - Started process 6160 to run task
[2023-06-21T20:46:42.372+0000] {standard_task_runner.py:82} INFO - Running: ['***', 'tasks', 'run', 'showpulse_dbt_dag', 'dbt_run', 'scheduled__2023-06-21T20:45:38.146710+00:00', '--job-id', '998', '--raw', '--subdir', 'DAGS_FOLDER/dbt_run.py', '--cfg-path', '/tmp/tmpz9_5m51z']
[2023-06-21T20:46:42.373+0000] {standard_task_runner.py:83} INFO - Job 998: Subtask dbt_run
[2023-06-21T20:46:42.426+0000] {task_command.py:389} INFO - Running <TaskInstance: showpulse_dbt_dag.dbt_run scheduled__2023-06-21T20:45:38.146710+00:00 [running]> on host 62cfed75eae1
[2023-06-21T20:46:42.480+0000] {taskinstance.py:1518} INFO - Exporting the following env vars:
AIRFLOW_CTX_DAG_OWNER=nburkett
AIRFLOW_CTX_DAG_ID=showpulse_dbt_dag
AIRFLOW_CTX_TASK_ID=dbt_run
AIRFLOW_CTX_EXECUTION_DATE=2023-06-21T20:45:38.146710+00:00
AIRFLOW_CTX_TRY_NUMBER=1
AIRFLOW_CTX_DAG_RUN_ID=scheduled__2023-06-21T20:45:38.146710+00:00
[2023-06-21T20:46:42.481+0000] {subprocess.py:63} INFO - Tmp dir root location: 
 /tmp
[2023-06-21T20:46:42.482+0000] {subprocess.py:75} INFO - Running command: ['/bin/bash', '-c', 'cd /dbt/ticketmaster_transformation && dbt run']
[2023-06-21T20:46:42.490+0000] {subprocess.py:86} INFO - Output:
[2023-06-21T20:46:43.776+0000] {subprocess.py:93} INFO - [0m20:46:43  Running with dbt=1.5.1
[2023-06-21T20:46:44.270+0000] {subprocess.py:93} INFO - [0m20:46:44  Found 4 models, 0 tests, 0 snapshots, 0 analyses, 356 macros, 0 operations, 0 seed files, 3 sources, 0 exposures, 0 metrics, 0 groups
[2023-06-21T20:46:44.274+0000] {subprocess.py:93} INFO - [0m20:46:44
[2023-06-21T20:46:45.230+0000] {subprocess.py:93} INFO - [0m20:46:45  Concurrency: 4 threads (target='dev')
[2023-06-21T20:46:45.232+0000] {subprocess.py:93} INFO - [0m20:46:45
[2023-06-21T20:46:45.240+0000] {subprocess.py:93} INFO - [0m20:46:45  1 of 4 START sql table model twitter_kafka_pyspark_test.distinct_data .......... [RUN]
[2023-06-21T20:46:45.242+0000] {subprocess.py:93} INFO - [0m20:46:45  2 of 4 START sql table model twitter_kafka_pyspark_test.dm_events .............. [RUN]
[2023-06-21T20:46:45.243+0000] {subprocess.py:93} INFO - [0m20:46:45  3 of 4 START sql table model twitter_kafka_pyspark_test.my_first_dbt_model ..... [RUN]
[2023-06-21T20:46:48.330+0000] {subprocess.py:93} INFO - [0m20:46:48  3 of 4 OK created sql table model twitter_kafka_pyspark_test.my_first_dbt_model  [[32mCREATE TABLE (2.0 rows, 0 processed)[0m in 3.06s]
[2023-06-21T20:46:48.338+0000] {subprocess.py:93} INFO - [0m20:46:48  4 of 4 START sql view model twitter_kafka_pyspark_test.my_second_dbt_model ..... [RUN]
[2023-06-21T20:46:48.516+0000] {subprocess.py:93} INFO - [0m20:46:48  2 of 4 OK created sql table model twitter_kafka_pyspark_test.dm_events ......... [[32mCREATE TABLE (1.3k rows, 178.2 KiB processed)[0m in 3.26s]
[2023-06-21T20:46:48.731+0000] {subprocess.py:93} INFO - [0m20:46:48  1 of 4 OK created sql table model twitter_kafka_pyspark_test.distinct_data ..... [[32mCREATE TABLE (1.1k rows, 638.3 KiB processed)[0m in 3.48s]
[2023-06-21T20:46:49.306+0000] {subprocess.py:93} INFO - [0m20:46:49  4 of 4 OK created sql view model twitter_kafka_pyspark_test.my_second_dbt_model  [[32mCREATE VIEW (0 processed)[0m in 0.96s]
[2023-06-21T20:46:49.333+0000] {subprocess.py:93} INFO - [0m20:46:49
[2023-06-21T20:46:49.335+0000] {subprocess.py:93} INFO - [0m20:46:49  Finished running 3 table models, 1 view model in 0 hours 0 minutes and 5.06 seconds (5.06s).
[2023-06-21T20:46:49.360+0000] {subprocess.py:93} INFO - [0m20:46:49
[2023-06-21T20:46:49.361+0000] {subprocess.py:93} INFO - [0m20:46:49  [32mCompleted successfully[0m
[2023-06-21T20:46:49.362+0000] {subprocess.py:93} INFO - [0m20:46:49
[2023-06-21T20:46:49.364+0000] {subprocess.py:93} INFO - [0m20:46:49  Done. PASS=4 WARN=0 ERROR=0 SKIP=0 TOTAL=4
[2023-06-21T20:46:49.786+0000] {subprocess.py:97} INFO - Command exited with return code 0
[2023-06-21T20:46:49.811+0000] {taskinstance.py:1332} INFO - Marking task as SUCCESS. dag_id=showpulse_dbt_dag, task_id=dbt_run, execution_date=20230621T204538, start_date=20230621T204642, end_date=20230621T204649
[2023-06-21T20:46:49.844+0000] {local_task_job.py:212} INFO - Task exited with return code 0
[2023-06-21T20:46:49.857+0000] {taskinstance.py:2596} INFO - 0 downstream tasks scheduled from follow-on schedule check
