[2023-06-21T14:56:58.178+0000] {taskinstance.py:1090} INFO - Dependencies all met for dep_context=non-requeueable deps ti=<TaskInstance: showpulse_dbt_dag.dbt_run scheduled__2023-06-21T14:55:53.614542+00:00 [queued]>
[2023-06-21T14:56:58.184+0000] {taskinstance.py:1090} INFO - Dependencies all met for dep_context=requeueable deps ti=<TaskInstance: showpulse_dbt_dag.dbt_run scheduled__2023-06-21T14:55:53.614542+00:00 [queued]>
[2023-06-21T14:56:58.185+0000] {taskinstance.py:1288} INFO - 
--------------------------------------------------------------------------------
[2023-06-21T14:56:58.185+0000] {taskinstance.py:1289} INFO - Starting attempt 1 of 1
[2023-06-21T14:56:58.186+0000] {taskinstance.py:1290} INFO - 
--------------------------------------------------------------------------------
[2023-06-21T14:56:58.194+0000] {taskinstance.py:1309} INFO - Executing <Task(BashOperator): dbt_run> on 2023-06-21 14:55:53.614542+00:00
[2023-06-21T14:56:58.197+0000] {standard_task_runner.py:55} INFO - Started process 4433 to run task
[2023-06-21T14:56:58.201+0000] {standard_task_runner.py:82} INFO - Running: ['***', 'tasks', 'run', 'showpulse_dbt_dag', 'dbt_run', 'scheduled__2023-06-21T14:55:53.614542+00:00', '--job-id', '806', '--raw', '--subdir', 'DAGS_FOLDER/dbt_run.py', '--cfg-path', '/tmp/tmph6y1315f']
[2023-06-21T14:56:58.202+0000] {standard_task_runner.py:83} INFO - Job 806: Subtask dbt_run
[2023-06-21T14:56:58.257+0000] {task_command.py:389} INFO - Running <TaskInstance: showpulse_dbt_dag.dbt_run scheduled__2023-06-21T14:55:53.614542+00:00 [running]> on host 62cfed75eae1
[2023-06-21T14:56:58.308+0000] {taskinstance.py:1518} INFO - Exporting the following env vars:
AIRFLOW_CTX_DAG_OWNER=nburkett
AIRFLOW_CTX_DAG_ID=showpulse_dbt_dag
AIRFLOW_CTX_TASK_ID=dbt_run
AIRFLOW_CTX_EXECUTION_DATE=2023-06-21T14:55:53.614542+00:00
AIRFLOW_CTX_TRY_NUMBER=1
AIRFLOW_CTX_DAG_RUN_ID=scheduled__2023-06-21T14:55:53.614542+00:00
[2023-06-21T14:56:58.309+0000] {subprocess.py:63} INFO - Tmp dir root location: 
 /tmp
[2023-06-21T14:56:58.310+0000] {subprocess.py:75} INFO - Running command: ['/bin/bash', '-c', 'cd /dbt/ticketmaster_transformation && dbt run']
[2023-06-21T14:56:58.318+0000] {subprocess.py:86} INFO - Output:
[2023-06-21T14:56:59.713+0000] {subprocess.py:93} INFO - [0m14:56:59  Running with dbt=1.5.1
[2023-06-21T14:57:00.243+0000] {subprocess.py:93} INFO - [0m14:57:00  Found 4 models, 0 tests, 0 snapshots, 0 analyses, 356 macros, 0 operations, 0 seed files, 3 sources, 0 exposures, 0 metrics, 0 groups
[2023-06-21T14:57:00.246+0000] {subprocess.py:93} INFO - [0m14:57:00
[2023-06-21T14:57:01.181+0000] {subprocess.py:93} INFO - [0m14:57:01  Concurrency: 4 threads (target='dev')
[2023-06-21T14:57:01.185+0000] {subprocess.py:93} INFO - [0m14:57:01
[2023-06-21T14:57:01.205+0000] {subprocess.py:93} INFO - [0m14:57:01  1 of 4 START sql table model twitter_kafka_pyspark_test.distinct_data .......... [RUN]
[2023-06-21T14:57:01.207+0000] {subprocess.py:93} INFO - [0m14:57:01  2 of 4 START sql table model twitter_kafka_pyspark_test.dm_events .............. [RUN]
[2023-06-21T14:57:01.210+0000] {subprocess.py:93} INFO - [0m14:57:01  3 of 4 START sql table model twitter_kafka_pyspark_test.my_first_dbt_model ..... [RUN]
[2023-06-21T14:57:18.749+0000] {subprocess.py:93} INFO - [0m14:57:18  3 of 4 OK created sql table model twitter_kafka_pyspark_test.my_first_dbt_model  [[32mCREATE TABLE (2.0 rows, 0 processed)[0m in 17.53s]
[2023-06-21T14:57:18.755+0000] {subprocess.py:93} INFO - [0m14:57:18  4 of 4 START sql view model twitter_kafka_pyspark_test.my_second_dbt_model ..... [RUN]
[2023-06-21T14:57:19.434+0000] {subprocess.py:93} INFO - [0m14:57:19  2 of 4 OK created sql table model twitter_kafka_pyspark_test.dm_events ......... [[32mCREATE TABLE (1.3k rows, 178.2 KiB processed)[0m in 18.21s]
[2023-06-21T14:57:19.683+0000] {subprocess.py:93} INFO - [0m14:57:19  1 of 4 OK created sql table model twitter_kafka_pyspark_test.distinct_data ..... [[32mCREATE TABLE (1.1k rows, 638.3 KiB processed)[0m in 18.47s]
[2023-06-21T14:57:19.782+0000] {subprocess.py:93} INFO - [0m14:57:19  4 of 4 OK created sql view model twitter_kafka_pyspark_test.my_second_dbt_model  [[32mCREATE VIEW (0 processed)[0m in 1.02s]
[2023-06-21T14:57:19.837+0000] {subprocess.py:93} INFO - [0m14:57:19
[2023-06-21T14:57:19.839+0000] {subprocess.py:93} INFO - [0m14:57:19  Finished running 3 table models, 1 view model in 0 hours 0 minutes and 19.59 seconds (19.59s).
[2023-06-21T14:57:19.867+0000] {subprocess.py:93} INFO - [0m14:57:19
[2023-06-21T14:57:19.869+0000] {subprocess.py:93} INFO - [0m14:57:19  [32mCompleted successfully[0m
[2023-06-21T14:57:19.870+0000] {subprocess.py:93} INFO - [0m14:57:19
[2023-06-21T14:57:19.872+0000] {subprocess.py:93} INFO - [0m14:57:19  Done. PASS=4 WARN=0 ERROR=0 SKIP=0 TOTAL=4
[2023-06-21T14:57:20.344+0000] {subprocess.py:97} INFO - Command exited with return code 0
[2023-06-21T14:57:20.371+0000] {taskinstance.py:1332} INFO - Marking task as SUCCESS. dag_id=showpulse_dbt_dag, task_id=dbt_run, execution_date=20230621T145553, start_date=20230621T145658, end_date=20230621T145720
[2023-06-21T14:57:20.405+0000] {local_task_job.py:212} INFO - Task exited with return code 0
[2023-06-21T14:57:20.419+0000] {taskinstance.py:2596} INFO - 0 downstream tasks scheduled from follow-on schedule check
