[2023-06-21T14:03:57.974+0000] {taskinstance.py:1090} INFO - Dependencies all met for dep_context=non-requeueable deps ti=<TaskInstance: showpulse_dbt_dag.dbt_run scheduled__2023-06-21T14:02:53.769380+00:00 [queued]>
[2023-06-21T14:03:57.981+0000] {taskinstance.py:1090} INFO - Dependencies all met for dep_context=requeueable deps ti=<TaskInstance: showpulse_dbt_dag.dbt_run scheduled__2023-06-21T14:02:53.769380+00:00 [queued]>
[2023-06-21T14:03:57.981+0000] {taskinstance.py:1288} INFO - 
--------------------------------------------------------------------------------
[2023-06-21T14:03:57.982+0000] {taskinstance.py:1289} INFO - Starting attempt 1 of 1
[2023-06-21T14:03:57.982+0000] {taskinstance.py:1290} INFO - 
--------------------------------------------------------------------------------
[2023-06-21T14:03:57.990+0000] {taskinstance.py:1309} INFO - Executing <Task(BashOperator): dbt_run> on 2023-06-21 14:02:53.769380+00:00
[2023-06-21T14:03:57.994+0000] {standard_task_runner.py:55} INFO - Started process 4052 to run task
[2023-06-21T14:03:57.998+0000] {standard_task_runner.py:82} INFO - Running: ['***', 'tasks', 'run', 'showpulse_dbt_dag', 'dbt_run', 'scheduled__2023-06-21T14:02:53.769380+00:00', '--job-id', '766', '--raw', '--subdir', 'DAGS_FOLDER/dbt_run.py', '--cfg-path', '/tmp/tmp9gxzk39c']
[2023-06-21T14:03:57.999+0000] {standard_task_runner.py:83} INFO - Job 766: Subtask dbt_run
[2023-06-21T14:03:58.052+0000] {task_command.py:389} INFO - Running <TaskInstance: showpulse_dbt_dag.dbt_run scheduled__2023-06-21T14:02:53.769380+00:00 [running]> on host 62cfed75eae1
[2023-06-21T14:03:58.103+0000] {taskinstance.py:1518} INFO - Exporting the following env vars:
AIRFLOW_CTX_DAG_OWNER=nburkett
AIRFLOW_CTX_DAG_ID=showpulse_dbt_dag
AIRFLOW_CTX_TASK_ID=dbt_run
AIRFLOW_CTX_EXECUTION_DATE=2023-06-21T14:02:53.769380+00:00
AIRFLOW_CTX_TRY_NUMBER=1
AIRFLOW_CTX_DAG_RUN_ID=scheduled__2023-06-21T14:02:53.769380+00:00
[2023-06-21T14:03:58.105+0000] {subprocess.py:63} INFO - Tmp dir root location: 
 /tmp
[2023-06-21T14:03:58.105+0000] {subprocess.py:75} INFO - Running command: ['/bin/bash', '-c', 'cd /dbt/ticketmaster_transformation && dbt run']
[2023-06-21T14:03:58.115+0000] {subprocess.py:86} INFO - Output:
[2023-06-21T14:03:59.378+0000] {subprocess.py:93} INFO - [0m14:03:59  Running with dbt=1.5.1
[2023-06-21T14:04:00.488+0000] {subprocess.py:93} INFO - [0m14:04:00  Found 4 models, 0 tests, 0 snapshots, 0 analyses, 356 macros, 0 operations, 0 seed files, 3 sources, 0 exposures, 0 metrics, 0 groups
[2023-06-21T14:04:00.492+0000] {subprocess.py:93} INFO - [0m14:04:00
[2023-06-21T14:04:01.442+0000] {subprocess.py:93} INFO - [0m14:04:01  Concurrency: 4 threads (target='dev')
[2023-06-21T14:04:01.447+0000] {subprocess.py:93} INFO - [0m14:04:01
[2023-06-21T14:04:01.466+0000] {subprocess.py:93} INFO - [0m14:04:01  1 of 4 START sql table model twitter_kafka_pyspark_test.distinct_data .......... [RUN]
[2023-06-21T14:04:01.469+0000] {subprocess.py:93} INFO - [0m14:04:01  2 of 4 START sql table model twitter_kafka_pyspark_test.dm_events .............. [RUN]
[2023-06-21T14:04:01.471+0000] {subprocess.py:93} INFO - [0m14:04:01  3 of 4 START sql table model twitter_kafka_pyspark_test.my_first_dbt_model ..... [RUN]
[2023-06-21T14:04:04.702+0000] {subprocess.py:93} INFO - [0m14:04:04  3 of 4 OK created sql table model twitter_kafka_pyspark_test.my_first_dbt_model  [[32mCREATE TABLE (2.0 rows, 0 processed)[0m in 3.22s]
[2023-06-21T14:04:04.709+0000] {subprocess.py:93} INFO - [0m14:04:04  4 of 4 START sql view model twitter_kafka_pyspark_test.my_second_dbt_model ..... [RUN]
[2023-06-21T14:04:04.715+0000] {subprocess.py:93} INFO - [0m14:04:04  2 of 4 OK created sql table model twitter_kafka_pyspark_test.dm_events ......... [[32mCREATE TABLE (1.3k rows, 178.2 KiB processed)[0m in 3.24s]
[2023-06-21T14:04:04.953+0000] {subprocess.py:93} INFO - [0m14:04:04  1 of 4 OK created sql table model twitter_kafka_pyspark_test.distinct_data ..... [[32mCREATE TABLE (1.1k rows, 638.3 KiB processed)[0m in 3.48s]
[2023-06-21T14:04:05.767+0000] {subprocess.py:93} INFO - [0m14:04:05  4 of 4 OK created sql view model twitter_kafka_pyspark_test.my_second_dbt_model  [[32mCREATE VIEW (0 processed)[0m in 1.05s]
[2023-06-21T14:04:05.846+0000] {subprocess.py:93} INFO - [0m14:04:05
[2023-06-21T14:04:05.847+0000] {subprocess.py:93} INFO - [0m14:04:05  Finished running 3 table models, 1 view model in 0 hours 0 minutes and 5.35 seconds (5.35s).
[2023-06-21T14:04:05.865+0000] {subprocess.py:93} INFO - [0m14:04:05
[2023-06-21T14:04:05.866+0000] {subprocess.py:93} INFO - [0m14:04:05  [32mCompleted successfully[0m
[2023-06-21T14:04:05.867+0000] {subprocess.py:93} INFO - [0m14:04:05
[2023-06-21T14:04:05.868+0000] {subprocess.py:93} INFO - [0m14:04:05  Done. PASS=4 WARN=0 ERROR=0 SKIP=0 TOTAL=4
[2023-06-21T14:04:06.262+0000] {subprocess.py:97} INFO - Command exited with return code 0
[2023-06-21T14:04:06.291+0000] {taskinstance.py:1332} INFO - Marking task as SUCCESS. dag_id=showpulse_dbt_dag, task_id=dbt_run, execution_date=20230621T140253, start_date=20230621T140357, end_date=20230621T140406
[2023-06-21T14:04:06.362+0000] {local_task_job.py:212} INFO - Task exited with return code 0
[2023-06-21T14:04:06.379+0000] {taskinstance.py:2596} INFO - 0 downstream tasks scheduled from follow-on schedule check
