[2023-06-21T13:34:43.489+0000] {taskinstance.py:1090} INFO - Dependencies all met for dep_context=non-requeueable deps ti=<TaskInstance: showpulse_dbt_dag.dbt_run scheduled__2023-06-21T13:33:38.506100+00:00 [queued]>
[2023-06-21T13:34:43.496+0000] {taskinstance.py:1090} INFO - Dependencies all met for dep_context=requeueable deps ti=<TaskInstance: showpulse_dbt_dag.dbt_run scheduled__2023-06-21T13:33:38.506100+00:00 [queued]>
[2023-06-21T13:34:43.497+0000] {taskinstance.py:1288} INFO - 
--------------------------------------------------------------------------------
[2023-06-21T13:34:43.497+0000] {taskinstance.py:1289} INFO - Starting attempt 1 of 1
[2023-06-21T13:34:43.498+0000] {taskinstance.py:1290} INFO - 
--------------------------------------------------------------------------------
[2023-06-21T13:34:43.506+0000] {taskinstance.py:1309} INFO - Executing <Task(BashOperator): dbt_run> on 2023-06-21 13:33:38.506100+00:00
[2023-06-21T13:34:43.510+0000] {standard_task_runner.py:55} INFO - Started process 3736 to run task
[2023-06-21T13:34:43.513+0000] {standard_task_runner.py:82} INFO - Running: ['***', 'tasks', 'run', 'showpulse_dbt_dag', 'dbt_run', 'scheduled__2023-06-21T13:33:38.506100+00:00', '--job-id', '734', '--raw', '--subdir', 'DAGS_FOLDER/dbt_run.py', '--cfg-path', '/tmp/tmpebr0tswz']
[2023-06-21T13:34:43.514+0000] {standard_task_runner.py:83} INFO - Job 734: Subtask dbt_run
[2023-06-21T13:34:43.566+0000] {task_command.py:389} INFO - Running <TaskInstance: showpulse_dbt_dag.dbt_run scheduled__2023-06-21T13:33:38.506100+00:00 [running]> on host 62cfed75eae1
[2023-06-21T13:34:43.617+0000] {taskinstance.py:1518} INFO - Exporting the following env vars:
AIRFLOW_CTX_DAG_OWNER=nburkett
AIRFLOW_CTX_DAG_ID=showpulse_dbt_dag
AIRFLOW_CTX_TASK_ID=dbt_run
AIRFLOW_CTX_EXECUTION_DATE=2023-06-21T13:33:38.506100+00:00
AIRFLOW_CTX_TRY_NUMBER=1
AIRFLOW_CTX_DAG_RUN_ID=scheduled__2023-06-21T13:33:38.506100+00:00
[2023-06-21T13:34:43.618+0000] {subprocess.py:63} INFO - Tmp dir root location: 
 /tmp
[2023-06-21T13:34:43.619+0000] {subprocess.py:75} INFO - Running command: ['/bin/bash', '-c', 'cd /dbt/ticketmaster_transformation && dbt run']
[2023-06-21T13:34:43.627+0000] {subprocess.py:86} INFO - Output:
[2023-06-21T13:34:44.841+0000] {subprocess.py:93} INFO - [0m13:34:44  Running with dbt=1.5.1
[2023-06-21T13:34:45.325+0000] {subprocess.py:93} INFO - [0m13:34:45  Found 4 models, 0 tests, 0 snapshots, 0 analyses, 356 macros, 0 operations, 0 seed files, 3 sources, 0 exposures, 0 metrics, 0 groups
[2023-06-21T13:34:45.327+0000] {subprocess.py:93} INFO - [0m13:34:45
[2023-06-21T13:34:45.979+0000] {subprocess.py:93} INFO - [0m13:34:45  Concurrency: 4 threads (target='dev')
[2023-06-21T13:34:45.983+0000] {subprocess.py:93} INFO - [0m13:34:45
[2023-06-21T13:34:45.999+0000] {subprocess.py:93} INFO - [0m13:34:45  1 of 4 START sql table model twitter_kafka_pyspark_test.distinct_data .......... [RUN]
[2023-06-21T13:34:46.004+0000] {subprocess.py:93} INFO - [0m13:34:46  3 of 4 START sql table model twitter_kafka_pyspark_test.my_first_dbt_model ..... [RUN]
[2023-06-21T13:34:46.006+0000] {subprocess.py:93} INFO - [0m13:34:46  2 of 4 START sql table model twitter_kafka_pyspark_test.dm_events .............. [RUN]
[2023-06-21T13:34:49.321+0000] {subprocess.py:93} INFO - [0m13:34:49  1 of 4 OK created sql table model twitter_kafka_pyspark_test.distinct_data ..... [[32mCREATE TABLE (1.1k rows, 638.3 KiB processed)[0m in 3.32s]
[2023-06-21T13:34:49.345+0000] {subprocess.py:93} INFO - [0m13:34:49  3 of 4 OK created sql table model twitter_kafka_pyspark_test.my_first_dbt_model  [[32mCREATE TABLE (2.0 rows, 0 processed)[0m in 3.33s]
[2023-06-21T13:34:49.350+0000] {subprocess.py:93} INFO - [0m13:34:49  4 of 4 START sql view model twitter_kafka_pyspark_test.my_second_dbt_model ..... [RUN]
[2023-06-21T13:34:49.492+0000] {subprocess.py:93} INFO - [0m13:34:49  2 of 4 OK created sql table model twitter_kafka_pyspark_test.dm_events ......... [[32mCREATE TABLE (1.3k rows, 178.2 KiB processed)[0m in 3.48s]
[2023-06-21T13:34:50.601+0000] {subprocess.py:93} INFO - [0m13:34:50  4 of 4 OK created sql view model twitter_kafka_pyspark_test.my_second_dbt_model  [[32mCREATE VIEW (0 processed)[0m in 1.25s]
[2023-06-21T13:34:50.636+0000] {subprocess.py:93} INFO - [0m13:34:50
[2023-06-21T13:34:50.637+0000] {subprocess.py:93} INFO - [0m13:34:50  Finished running 3 table models, 1 view model in 0 hours 0 minutes and 5.31 seconds (5.31s).
[2023-06-21T13:34:50.657+0000] {subprocess.py:93} INFO - [0m13:34:50
[2023-06-21T13:34:50.658+0000] {subprocess.py:93} INFO - [0m13:34:50  [32mCompleted successfully[0m
[2023-06-21T13:34:50.659+0000] {subprocess.py:93} INFO - [0m13:34:50
[2023-06-21T13:34:50.660+0000] {subprocess.py:93} INFO - [0m13:34:50  Done. PASS=4 WARN=0 ERROR=0 SKIP=0 TOTAL=4
[2023-06-21T13:34:51.525+0000] {subprocess.py:97} INFO - Command exited with return code 0
[2023-06-21T13:34:51.551+0000] {taskinstance.py:1332} INFO - Marking task as SUCCESS. dag_id=showpulse_dbt_dag, task_id=dbt_run, execution_date=20230621T133338, start_date=20230621T133443, end_date=20230621T133451
[2023-06-21T13:34:51.580+0000] {local_task_job.py:212} INFO - Task exited with return code 0
[2023-06-21T13:34:51.595+0000] {taskinstance.py:2596} INFO - 0 downstream tasks scheduled from follow-on schedule check
