[2023-06-20T00:40:01.651+0000] {taskinstance.py:1090} INFO - Dependencies all met for dep_context=non-requeueable deps ti=<TaskInstance: showpulse_dbt_dag.pwd2 scheduled__2023-06-19T23:00:00+00:00 [queued]>
[2023-06-20T00:40:01.657+0000] {taskinstance.py:1090} INFO - Dependencies all met for dep_context=requeueable deps ti=<TaskInstance: showpulse_dbt_dag.pwd2 scheduled__2023-06-19T23:00:00+00:00 [queued]>
[2023-06-20T00:40:01.658+0000] {taskinstance.py:1288} INFO - 
--------------------------------------------------------------------------------
[2023-06-20T00:40:01.658+0000] {taskinstance.py:1289} INFO - Starting attempt 1 of 1
[2023-06-20T00:40:01.659+0000] {taskinstance.py:1290} INFO - 
--------------------------------------------------------------------------------
[2023-06-20T00:40:01.667+0000] {taskinstance.py:1309} INFO - Executing <Task(BashOperator): pwd2> on 2023-06-19 23:00:00+00:00
[2023-06-20T00:40:01.670+0000] {standard_task_runner.py:55} INFO - Started process 120 to run task
[2023-06-20T00:40:01.673+0000] {standard_task_runner.py:82} INFO - Running: ['***', 'tasks', 'run', 'showpulse_dbt_dag', 'pwd2', 'scheduled__2023-06-19T23:00:00+00:00', '--job-id', '321', '--raw', '--subdir', 'DAGS_FOLDER/dbt_run.py', '--cfg-path', '/tmp/tmpu10w1eaz']
[2023-06-20T00:40:01.674+0000] {standard_task_runner.py:83} INFO - Job 321: Subtask pwd2
[2023-06-20T00:40:01.735+0000] {task_command.py:389} INFO - Running <TaskInstance: showpulse_dbt_dag.pwd2 scheduled__2023-06-19T23:00:00+00:00 [running]> on host 62cfed75eae1
[2023-06-20T00:40:01.783+0000] {taskinstance.py:1518} INFO - Exporting the following env vars:
AIRFLOW_CTX_DAG_OWNER=nburkett
AIRFLOW_CTX_DAG_ID=showpulse_dbt_dag
AIRFLOW_CTX_TASK_ID=pwd2
AIRFLOW_CTX_EXECUTION_DATE=2023-06-19T23:00:00+00:00
AIRFLOW_CTX_TRY_NUMBER=1
AIRFLOW_CTX_DAG_RUN_ID=scheduled__2023-06-19T23:00:00+00:00
[2023-06-20T00:40:01.784+0000] {subprocess.py:63} INFO - Tmp dir root location: 
 /tmp
[2023-06-20T00:40:01.785+0000] {subprocess.py:75} INFO - Running command: ['/bin/bash', '-c', 'cd /dbt/ticketmaster_transformation && pwd && ls']
[2023-06-20T00:40:01.793+0000] {subprocess.py:86} INFO - Output:
[2023-06-20T00:40:01.795+0000] {subprocess.py:93} INFO - /dbt/ticketmaster_transformation
[2023-06-20T00:40:01.797+0000] {subprocess.py:93} INFO - README.md
[2023-06-20T00:40:01.797+0000] {subprocess.py:93} INFO - analyses
[2023-06-20T00:40:01.798+0000] {subprocess.py:93} INFO - dbt_packages
[2023-06-20T00:40:01.798+0000] {subprocess.py:93} INFO - dbt_project.yml
[2023-06-20T00:40:01.798+0000] {subprocess.py:93} INFO - logs
[2023-06-20T00:40:01.799+0000] {subprocess.py:93} INFO - macros
[2023-06-20T00:40:01.799+0000] {subprocess.py:93} INFO - models
[2023-06-20T00:40:01.800+0000] {subprocess.py:93} INFO - profiles.yml
[2023-06-20T00:40:01.800+0000] {subprocess.py:93} INFO - seeds
[2023-06-20T00:40:01.801+0000] {subprocess.py:93} INFO - snapshots
[2023-06-20T00:40:01.801+0000] {subprocess.py:93} INFO - target
[2023-06-20T00:40:01.801+0000] {subprocess.py:93} INFO - tests
[2023-06-20T00:40:01.802+0000] {subprocess.py:97} INFO - Command exited with return code 0
[2023-06-20T00:40:01.823+0000] {taskinstance.py:1332} INFO - Marking task as SUCCESS. dag_id=showpulse_dbt_dag, task_id=pwd2, execution_date=20230619T230000, start_date=20230620T004001, end_date=20230620T004001
[2023-06-20T00:40:01.850+0000] {local_task_job.py:212} INFO - Task exited with return code 0
[2023-06-20T00:40:01.867+0000] {taskinstance.py:2596} INFO - 1 downstream tasks scheduled from follow-on schedule check
