[2023-06-22T21:05:01.167+0000] {taskinstance.py:1090} INFO - Dependencies all met for dep_context=non-requeueable deps ti=<TaskInstance: showpulse_dbt_dag.dbt_run scheduled__2023-06-22T21:03:57.282509+00:00 [queued]>
[2023-06-22T21:05:01.174+0000] {taskinstance.py:1090} INFO - Dependencies all met for dep_context=requeueable deps ti=<TaskInstance: showpulse_dbt_dag.dbt_run scheduled__2023-06-22T21:03:57.282509+00:00 [queued]>
[2023-06-22T21:05:01.174+0000] {taskinstance.py:1288} INFO - 
--------------------------------------------------------------------------------
[2023-06-22T21:05:01.175+0000] {taskinstance.py:1289} INFO - Starting attempt 1 of 1
[2023-06-22T21:05:01.175+0000] {taskinstance.py:1290} INFO - 
--------------------------------------------------------------------------------
[2023-06-22T21:05:01.183+0000] {taskinstance.py:1309} INFO - Executing <Task(BashOperator): dbt_run> on 2023-06-22 21:03:57.282509+00:00
[2023-06-22T21:05:01.186+0000] {standard_task_runner.py:55} INFO - Started process 18422 to run task
[2023-06-22T21:05:01.190+0000] {standard_task_runner.py:82} INFO - Running: ['***', 'tasks', 'run', 'showpulse_dbt_dag', 'dbt_run', 'scheduled__2023-06-22T21:03:57.282509+00:00', '--job-id', '2126', '--raw', '--subdir', 'DAGS_FOLDER/dbt_run.py', '--cfg-path', '/tmp/tmpsx38dyp2']
[2023-06-22T21:05:01.191+0000] {standard_task_runner.py:83} INFO - Job 2126: Subtask dbt_run
[2023-06-22T21:05:01.245+0000] {task_command.py:389} INFO - Running <TaskInstance: showpulse_dbt_dag.dbt_run scheduled__2023-06-22T21:03:57.282509+00:00 [running]> on host 62cfed75eae1
[2023-06-22T21:05:01.298+0000] {taskinstance.py:1518} INFO - Exporting the following env vars:
AIRFLOW_CTX_DAG_OWNER=nburkett
AIRFLOW_CTX_DAG_ID=showpulse_dbt_dag
AIRFLOW_CTX_TASK_ID=dbt_run
AIRFLOW_CTX_EXECUTION_DATE=2023-06-22T21:03:57.282509+00:00
AIRFLOW_CTX_TRY_NUMBER=1
AIRFLOW_CTX_DAG_RUN_ID=scheduled__2023-06-22T21:03:57.282509+00:00
[2023-06-22T21:05:01.299+0000] {subprocess.py:63} INFO - Tmp dir root location: 
 /tmp
[2023-06-22T21:05:01.300+0000] {subprocess.py:75} INFO - Running command: ['/bin/bash', '-c', 'cd /dbt/ticketmaster_transformation && dbt run']
[2023-06-22T21:05:01.308+0000] {subprocess.py:86} INFO - Output:
[2023-06-22T21:06:19.156+0000] {subprocess.py:93} INFO - [0m21:06:19  Running with dbt=1.5.1
[2023-06-22T21:06:19.631+0000] {subprocess.py:93} INFO - [0m21:06:19  Found 4 models, 0 tests, 0 snapshots, 0 analyses, 356 macros, 0 operations, 0 seed files, 3 sources, 0 exposures, 0 metrics, 0 groups
[2023-06-22T21:06:19.634+0000] {subprocess.py:93} INFO - [0m21:06:19
[2023-06-22T21:06:20.363+0000] {subprocess.py:93} INFO - [0m21:06:20  Concurrency: 4 threads (target='dev')
[2023-06-22T21:06:20.366+0000] {subprocess.py:93} INFO - [0m21:06:20
[2023-06-22T21:06:20.390+0000] {subprocess.py:93} INFO - [0m21:06:20  1 of 4 START sql table model twitter_kafka_pyspark_test.distinct_data .......... [RUN]
[2023-06-22T21:06:20.392+0000] {subprocess.py:93} INFO - [0m21:06:20  2 of 4 START sql table model twitter_kafka_pyspark_test.dm_events .............. [RUN]
[2023-06-22T21:06:20.421+0000] {subprocess.py:93} INFO - [0m21:06:20  3 of 4 START sql table model twitter_kafka_pyspark_test.my_first_dbt_model ..... [RUN]
[2023-06-22T21:06:24.068+0000] {subprocess.py:93} INFO - [0m21:06:24  3 of 4 OK created sql table model twitter_kafka_pyspark_test.my_first_dbt_model  [[32mCREATE TABLE (2.0 rows, 0 processed)[0m in 3.63s]
[2023-06-22T21:06:24.074+0000] {subprocess.py:93} INFO - [0m21:06:24  4 of 4 START sql view model twitter_kafka_pyspark_test.my_second_dbt_model ..... [RUN]
[2023-06-22T21:06:24.416+0000] {subprocess.py:93} INFO - [0m21:06:24  1 of 4 OK created sql table model twitter_kafka_pyspark_test.distinct_data ..... [[32mCREATE TABLE (1.1k rows, 638.3 KiB processed)[0m in 3.99s]
[2023-06-22T21:06:24.443+0000] {subprocess.py:93} INFO - [0m21:06:24  2 of 4 OK created sql table model twitter_kafka_pyspark_test.dm_events ......... [[32mCREATE TABLE (1.3k rows, 178.2 KiB processed)[0m in 4.04s]
[2023-06-22T21:06:25.114+0000] {subprocess.py:93} INFO - [0m21:06:25  4 of 4 OK created sql view model twitter_kafka_pyspark_test.my_second_dbt_model  [[32mCREATE VIEW (0 processed)[0m in 1.03s]
[2023-06-22T21:06:25.156+0000] {subprocess.py:93} INFO - [0m21:06:25
[2023-06-22T21:06:25.158+0000] {subprocess.py:93} INFO - [0m21:06:25  Finished running 3 table models, 1 view model in 0 hours 0 minutes and 5.52 seconds (5.52s).
[2023-06-22T21:06:25.186+0000] {subprocess.py:93} INFO - [0m21:06:25
[2023-06-22T21:06:25.187+0000] {subprocess.py:93} INFO - [0m21:06:25  [32mCompleted successfully[0m
[2023-06-22T21:06:25.188+0000] {subprocess.py:93} INFO - [0m21:06:25
[2023-06-22T21:06:25.190+0000] {subprocess.py:93} INFO - [0m21:06:25  Done. PASS=4 WARN=0 ERROR=0 SKIP=0 TOTAL=4
[2023-06-22T21:06:25.691+0000] {subprocess.py:97} INFO - Command exited with return code 0
[2023-06-22T21:06:25.724+0000] {taskinstance.py:1332} INFO - Marking task as SUCCESS. dag_id=showpulse_dbt_dag, task_id=dbt_run, execution_date=20230622T210357, start_date=20230622T210501, end_date=20230622T210625
[2023-06-22T21:06:25.751+0000] {local_task_job.py:212} INFO - Task exited with return code 0
[2023-06-22T21:06:25.767+0000] {taskinstance.py:2596} INFO - 0 downstream tasks scheduled from follow-on schedule check
