[2023-06-21T18:07:30.289+0000] {taskinstance.py:1090} INFO - Dependencies all met for dep_context=non-requeueable deps ti=<TaskInstance: showpulse_dbt_dag.dbt_run scheduled__2023-06-21T18:04:35.131660+00:00 [queued]>
[2023-06-21T18:07:30.295+0000] {taskinstance.py:1090} INFO - Dependencies all met for dep_context=requeueable deps ti=<TaskInstance: showpulse_dbt_dag.dbt_run scheduled__2023-06-21T18:04:35.131660+00:00 [queued]>
[2023-06-21T18:07:30.296+0000] {taskinstance.py:1288} INFO - 
--------------------------------------------------------------------------------
[2023-06-21T18:07:30.296+0000] {taskinstance.py:1289} INFO - Starting attempt 1 of 1
[2023-06-21T18:07:30.297+0000] {taskinstance.py:1290} INFO - 
--------------------------------------------------------------------------------
[2023-06-21T18:07:30.304+0000] {taskinstance.py:1309} INFO - Executing <Task(BashOperator): dbt_run> on 2023-06-21 18:04:35.131660+00:00
[2023-06-21T18:07:30.308+0000] {standard_task_runner.py:55} INFO - Started process 5211 to run task
[2023-06-21T18:07:30.312+0000] {standard_task_runner.py:82} INFO - Running: ['***', 'tasks', 'run', 'showpulse_dbt_dag', 'dbt_run', 'scheduled__2023-06-21T18:04:35.131660+00:00', '--job-id', '894', '--raw', '--subdir', 'DAGS_FOLDER/dbt_run.py', '--cfg-path', '/tmp/tmpc2wyoyrt']
[2023-06-21T18:07:30.313+0000] {standard_task_runner.py:83} INFO - Job 894: Subtask dbt_run
[2023-06-21T18:07:30.367+0000] {task_command.py:389} INFO - Running <TaskInstance: showpulse_dbt_dag.dbt_run scheduled__2023-06-21T18:04:35.131660+00:00 [running]> on host 62cfed75eae1
[2023-06-21T18:07:30.418+0000] {taskinstance.py:1518} INFO - Exporting the following env vars:
AIRFLOW_CTX_DAG_OWNER=nburkett
AIRFLOW_CTX_DAG_ID=showpulse_dbt_dag
AIRFLOW_CTX_TASK_ID=dbt_run
AIRFLOW_CTX_EXECUTION_DATE=2023-06-21T18:04:35.131660+00:00
AIRFLOW_CTX_TRY_NUMBER=1
AIRFLOW_CTX_DAG_RUN_ID=scheduled__2023-06-21T18:04:35.131660+00:00
[2023-06-21T18:07:30.419+0000] {subprocess.py:63} INFO - Tmp dir root location: 
 /tmp
[2023-06-21T18:07:30.420+0000] {subprocess.py:75} INFO - Running command: ['/bin/bash', '-c', 'cd /dbt/ticketmaster_transformation && dbt run']
[2023-06-21T18:07:30.428+0000] {subprocess.py:86} INFO - Output:
[2023-06-21T18:07:31.724+0000] {subprocess.py:93} INFO - [0m18:07:31  Running with dbt=1.5.1
[2023-06-21T18:07:32.711+0000] {subprocess.py:93} INFO - [0m18:07:32  Found 4 models, 0 tests, 0 snapshots, 0 analyses, 356 macros, 0 operations, 0 seed files, 3 sources, 0 exposures, 0 metrics, 0 groups
[2023-06-21T18:07:32.715+0000] {subprocess.py:93} INFO - [0m18:07:32
[2023-06-21T18:07:33.560+0000] {subprocess.py:93} INFO - [0m18:07:33  Concurrency: 4 threads (target='dev')
[2023-06-21T18:07:33.564+0000] {subprocess.py:93} INFO - [0m18:07:33
[2023-06-21T18:07:33.582+0000] {subprocess.py:93} INFO - [0m18:07:33  1 of 4 START sql table model twitter_kafka_pyspark_test.distinct_data .......... [RUN]
[2023-06-21T18:07:33.584+0000] {subprocess.py:93} INFO - [0m18:07:33  2 of 4 START sql table model twitter_kafka_pyspark_test.dm_events .............. [RUN]
[2023-06-21T18:07:33.587+0000] {subprocess.py:93} INFO - [0m18:07:33  3 of 4 START sql table model twitter_kafka_pyspark_test.my_first_dbt_model ..... [RUN]
[2023-06-21T18:07:36.589+0000] {subprocess.py:93} INFO - [0m18:07:36  2 of 4 OK created sql table model twitter_kafka_pyspark_test.dm_events ......... [[32mCREATE TABLE (1.3k rows, 178.2 KiB processed)[0m in 2.99s]
[2023-06-21T18:07:36.591+0000] {subprocess.py:93} INFO - [0m18:07:36  3 of 4 OK created sql table model twitter_kafka_pyspark_test.my_first_dbt_model  [[32mCREATE TABLE (2.0 rows, 0 processed)[0m in 2.98s]
[2023-06-21T18:07:36.601+0000] {subprocess.py:93} INFO - [0m18:07:36  4 of 4 START sql view model twitter_kafka_pyspark_test.my_second_dbt_model ..... [RUN]
[2023-06-21T18:07:37.559+0000] {subprocess.py:93} INFO - [0m18:07:37  1 of 4 OK created sql table model twitter_kafka_pyspark_test.distinct_data ..... [[32mCREATE TABLE (1.1k rows, 638.3 KiB processed)[0m in 3.97s]
[2023-06-21T18:07:37.658+0000] {subprocess.py:93} INFO - [0m18:07:37  4 of 4 OK created sql view model twitter_kafka_pyspark_test.my_second_dbt_model  [[32mCREATE VIEW (0 processed)[0m in 1.05s]
[2023-06-21T18:07:37.773+0000] {subprocess.py:93} INFO - [0m18:07:37
[2023-06-21T18:07:37.776+0000] {subprocess.py:93} INFO - [0m18:07:37  Finished running 3 table models, 1 view model in 0 hours 0 minutes and 5.06 seconds (5.06s).
[2023-06-21T18:07:37.812+0000] {subprocess.py:93} INFO - [0m18:07:37
[2023-06-21T18:07:37.813+0000] {subprocess.py:93} INFO - [0m18:07:37  [32mCompleted successfully[0m
[2023-06-21T18:07:37.814+0000] {subprocess.py:93} INFO - [0m18:07:37
[2023-06-21T18:07:37.816+0000] {subprocess.py:93} INFO - [0m18:07:37  Done. PASS=4 WARN=0 ERROR=0 SKIP=0 TOTAL=4
[2023-06-21T18:07:38.314+0000] {subprocess.py:97} INFO - Command exited with return code 0
[2023-06-21T18:07:38.340+0000] {taskinstance.py:1332} INFO - Marking task as SUCCESS. dag_id=showpulse_dbt_dag, task_id=dbt_run, execution_date=20230621T180435, start_date=20230621T180730, end_date=20230621T180738
[2023-06-21T18:07:38.376+0000] {local_task_job.py:212} INFO - Task exited with return code 0
[2023-06-21T18:07:38.390+0000] {taskinstance.py:2596} INFO - 0 downstream tasks scheduled from follow-on schedule check
