[2023-06-23T00:58:31.881+0000] {taskinstance.py:1090} INFO - Dependencies all met for dep_context=non-requeueable deps ti=<TaskInstance: showpulse_dbt_dag.pwd1 scheduled__2023-06-23T00:57:30.826087+00:00 [queued]>
[2023-06-23T00:58:31.888+0000] {taskinstance.py:1090} INFO - Dependencies all met for dep_context=requeueable deps ti=<TaskInstance: showpulse_dbt_dag.pwd1 scheduled__2023-06-23T00:57:30.826087+00:00 [queued]>
[2023-06-23T00:58:31.889+0000] {taskinstance.py:1288} INFO - 
--------------------------------------------------------------------------------
[2023-06-23T00:58:31.889+0000] {taskinstance.py:1289} INFO - Starting attempt 1 of 1
[2023-06-23T00:58:31.890+0000] {taskinstance.py:1290} INFO - 
--------------------------------------------------------------------------------
[2023-06-23T00:58:31.898+0000] {taskinstance.py:1309} INFO - Executing <Task(BashOperator): pwd1> on 2023-06-23 00:57:30.826087+00:00
[2023-06-23T00:58:31.903+0000] {standard_task_runner.py:55} INFO - Started process 21531 to run task
[2023-06-23T00:58:31.906+0000] {standard_task_runner.py:82} INFO - Running: ['***', 'tasks', 'run', 'showpulse_dbt_dag', 'pwd1', 'scheduled__2023-06-23T00:57:30.826087+00:00', '--job-id', '2419', '--raw', '--subdir', 'DAGS_FOLDER/dbt_run.py', '--cfg-path', '/tmp/tmp_yrv0men']
[2023-06-23T00:58:31.907+0000] {standard_task_runner.py:83} INFO - Job 2419: Subtask pwd1
[2023-06-23T00:58:31.963+0000] {task_command.py:389} INFO - Running <TaskInstance: showpulse_dbt_dag.pwd1 scheduled__2023-06-23T00:57:30.826087+00:00 [running]> on host 62cfed75eae1
[2023-06-23T00:58:32.017+0000] {taskinstance.py:1518} INFO - Exporting the following env vars:
AIRFLOW_CTX_DAG_OWNER=nburkett
AIRFLOW_CTX_DAG_ID=showpulse_dbt_dag
AIRFLOW_CTX_TASK_ID=pwd1
AIRFLOW_CTX_EXECUTION_DATE=2023-06-23T00:57:30.826087+00:00
AIRFLOW_CTX_TRY_NUMBER=1
AIRFLOW_CTX_DAG_RUN_ID=scheduled__2023-06-23T00:57:30.826087+00:00
[2023-06-23T00:58:32.018+0000] {subprocess.py:63} INFO - Tmp dir root location: 
 /tmp
[2023-06-23T00:58:32.019+0000] {subprocess.py:75} INFO - Running command: ['/bin/bash', '-c', 'pwd && ls']
[2023-06-23T00:58:32.028+0000] {subprocess.py:86} INFO - Output:
[2023-06-23T00:58:32.030+0000] {subprocess.py:93} INFO - /tmp/***tmpq3iq91bx
[2023-06-23T00:58:32.032+0000] {subprocess.py:97} INFO - Command exited with return code 0
[2023-06-23T00:58:32.056+0000] {taskinstance.py:1332} INFO - Marking task as SUCCESS. dag_id=showpulse_dbt_dag, task_id=pwd1, execution_date=20230623T005730, start_date=20230623T005831, end_date=20230623T005832
[2023-06-23T00:58:32.078+0000] {local_task_job.py:212} INFO - Task exited with return code 0
[2023-06-23T00:58:32.099+0000] {taskinstance.py:2596} INFO - 1 downstream tasks scheduled from follow-on schedule check
