[2023-06-21T20:22:55.881+0000] {taskinstance.py:1090} INFO - Dependencies all met for dep_context=non-requeueable deps ti=<TaskInstance: showpulse_dbt_dag.pwd1 scheduled__2023-06-21T20:21:54.561634+00:00 [queued]>
[2023-06-21T20:22:55.891+0000] {taskinstance.py:1090} INFO - Dependencies all met for dep_context=requeueable deps ti=<TaskInstance: showpulse_dbt_dag.pwd1 scheduled__2023-06-21T20:21:54.561634+00:00 [queued]>
[2023-06-21T20:22:55.892+0000] {taskinstance.py:1288} INFO - 
--------------------------------------------------------------------------------
[2023-06-21T20:22:55.892+0000] {taskinstance.py:1289} INFO - Starting attempt 1 of 1
[2023-06-21T20:22:55.893+0000] {taskinstance.py:1290} INFO - 
--------------------------------------------------------------------------------
[2023-06-21T20:22:55.901+0000] {taskinstance.py:1309} INFO - Executing <Task(BashOperator): pwd1> on 2023-06-21 20:21:54.561634+00:00
[2023-06-21T20:22:55.904+0000] {standard_task_runner.py:55} INFO - Started process 5939 to run task
[2023-06-21T20:22:55.908+0000] {standard_task_runner.py:82} INFO - Running: ['***', 'tasks', 'run', 'showpulse_dbt_dag', 'pwd1', 'scheduled__2023-06-21T20:21:54.561634+00:00', '--job-id', '971', '--raw', '--subdir', 'DAGS_FOLDER/dbt_run.py', '--cfg-path', '/tmp/tmpego5dqhx']
[2023-06-21T20:22:55.909+0000] {standard_task_runner.py:83} INFO - Job 971: Subtask pwd1
[2023-06-21T20:22:55.965+0000] {task_command.py:389} INFO - Running <TaskInstance: showpulse_dbt_dag.pwd1 scheduled__2023-06-21T20:21:54.561634+00:00 [running]> on host 62cfed75eae1
[2023-06-21T20:22:56.018+0000] {taskinstance.py:1518} INFO - Exporting the following env vars:
AIRFLOW_CTX_DAG_OWNER=nburkett
AIRFLOW_CTX_DAG_ID=showpulse_dbt_dag
AIRFLOW_CTX_TASK_ID=pwd1
AIRFLOW_CTX_EXECUTION_DATE=2023-06-21T20:21:54.561634+00:00
AIRFLOW_CTX_TRY_NUMBER=1
AIRFLOW_CTX_DAG_RUN_ID=scheduled__2023-06-21T20:21:54.561634+00:00
[2023-06-21T20:22:56.020+0000] {subprocess.py:63} INFO - Tmp dir root location: 
 /tmp
[2023-06-21T20:22:56.021+0000] {subprocess.py:75} INFO - Running command: ['/bin/bash', '-c', 'pwd && ls']
[2023-06-21T20:22:56.030+0000] {subprocess.py:86} INFO - Output:
[2023-06-21T20:22:56.034+0000] {subprocess.py:93} INFO - /tmp/***tmpqmx5kqik
[2023-06-21T20:22:56.036+0000] {subprocess.py:97} INFO - Command exited with return code 0
[2023-06-21T20:22:56.058+0000] {taskinstance.py:1332} INFO - Marking task as SUCCESS. dag_id=showpulse_dbt_dag, task_id=pwd1, execution_date=20230621T202154, start_date=20230621T202255, end_date=20230621T202256
[2023-06-21T20:22:56.081+0000] {local_task_job.py:212} INFO - Task exited with return code 0
[2023-06-21T20:22:56.105+0000] {taskinstance.py:2596} INFO - 1 downstream tasks scheduled from follow-on schedule check
