[2023-06-21T15:54:11.986+0000] {taskinstance.py:1090} INFO - Dependencies all met for dep_context=non-requeueable deps ti=<TaskInstance: showpulse_dbt_dag.dbt_run scheduled__2023-06-21T15:53:07.479718+00:00 [queued]>
[2023-06-21T15:54:11.992+0000] {taskinstance.py:1090} INFO - Dependencies all met for dep_context=requeueable deps ti=<TaskInstance: showpulse_dbt_dag.dbt_run scheduled__2023-06-21T15:53:07.479718+00:00 [queued]>
[2023-06-21T15:54:11.992+0000] {taskinstance.py:1288} INFO - 
--------------------------------------------------------------------------------
[2023-06-21T15:54:11.993+0000] {taskinstance.py:1289} INFO - Starting attempt 1 of 1
[2023-06-21T15:54:11.993+0000] {taskinstance.py:1290} INFO - 
--------------------------------------------------------------------------------
[2023-06-21T15:54:12.001+0000] {taskinstance.py:1309} INFO - Executing <Task(BashOperator): dbt_run> on 2023-06-21 15:53:07.479718+00:00
[2023-06-21T15:54:12.005+0000] {standard_task_runner.py:55} INFO - Started process 4577 to run task
[2023-06-21T15:54:12.008+0000] {standard_task_runner.py:82} INFO - Running: ['***', 'tasks', 'run', 'showpulse_dbt_dag', 'dbt_run', 'scheduled__2023-06-21T15:53:07.479718+00:00', '--job-id', '822', '--raw', '--subdir', 'DAGS_FOLDER/dbt_run.py', '--cfg-path', '/tmp/tmpbqd4pfv1']
[2023-06-21T15:54:12.009+0000] {standard_task_runner.py:83} INFO - Job 822: Subtask dbt_run
[2023-06-21T15:54:12.061+0000] {task_command.py:389} INFO - Running <TaskInstance: showpulse_dbt_dag.dbt_run scheduled__2023-06-21T15:53:07.479718+00:00 [running]> on host 62cfed75eae1
[2023-06-21T15:54:12.112+0000] {taskinstance.py:1518} INFO - Exporting the following env vars:
AIRFLOW_CTX_DAG_OWNER=nburkett
AIRFLOW_CTX_DAG_ID=showpulse_dbt_dag
AIRFLOW_CTX_TASK_ID=dbt_run
AIRFLOW_CTX_EXECUTION_DATE=2023-06-21T15:53:07.479718+00:00
AIRFLOW_CTX_TRY_NUMBER=1
AIRFLOW_CTX_DAG_RUN_ID=scheduled__2023-06-21T15:53:07.479718+00:00
[2023-06-21T15:54:12.113+0000] {subprocess.py:63} INFO - Tmp dir root location: 
 /tmp
[2023-06-21T15:54:12.114+0000] {subprocess.py:75} INFO - Running command: ['/bin/bash', '-c', 'cd /dbt/ticketmaster_transformation && dbt run']
[2023-06-21T15:54:12.122+0000] {subprocess.py:86} INFO - Output:
[2023-06-21T15:54:13.324+0000] {subprocess.py:93} INFO - [0m15:54:13  Running with dbt=1.5.1
[2023-06-21T15:54:13.799+0000] {subprocess.py:93} INFO - [0m15:54:13  Found 4 models, 0 tests, 0 snapshots, 0 analyses, 356 macros, 0 operations, 0 seed files, 3 sources, 0 exposures, 0 metrics, 0 groups
[2023-06-21T15:54:13.801+0000] {subprocess.py:93} INFO - [0m15:54:13
[2023-06-21T15:54:14.426+0000] {subprocess.py:93} INFO - [0m15:54:14  Concurrency: 4 threads (target='dev')
[2023-06-21T15:54:14.427+0000] {subprocess.py:93} INFO - [0m15:54:14
[2023-06-21T15:54:14.436+0000] {subprocess.py:93} INFO - [0m15:54:14  1 of 4 START sql table model twitter_kafka_pyspark_test.distinct_data .......... [RUN]
[2023-06-21T15:54:14.437+0000] {subprocess.py:93} INFO - [0m15:54:14  2 of 4 START sql table model twitter_kafka_pyspark_test.dm_events .............. [RUN]
[2023-06-21T15:54:14.439+0000] {subprocess.py:93} INFO - [0m15:54:14  3 of 4 START sql table model twitter_kafka_pyspark_test.my_first_dbt_model ..... [RUN]
[2023-06-21T15:54:17.072+0000] {subprocess.py:93} INFO - [0m15:54:17  3 of 4 OK created sql table model twitter_kafka_pyspark_test.my_first_dbt_model  [[32mCREATE TABLE (2.0 rows, 0 processed)[0m in 2.63s]
[2023-06-21T15:54:17.078+0000] {subprocess.py:93} INFO - [0m15:54:17  4 of 4 START sql view model twitter_kafka_pyspark_test.my_second_dbt_model ..... [RUN]
[2023-06-21T15:54:17.608+0000] {subprocess.py:93} INFO - [0m15:54:17  2 of 4 OK created sql table model twitter_kafka_pyspark_test.dm_events ......... [[32mCREATE TABLE (1.3k rows, 178.2 KiB processed)[0m in 3.16s]
[2023-06-21T15:54:17.855+0000] {subprocess.py:93} INFO - [0m15:54:17  4 of 4 OK created sql view model twitter_kafka_pyspark_test.my_second_dbt_model  [[32mCREATE VIEW (0 processed)[0m in 0.77s]
[2023-06-21T15:54:18.157+0000] {subprocess.py:93} INFO - [0m15:54:18  1 of 4 OK created sql table model twitter_kafka_pyspark_test.distinct_data ..... [[32mCREATE TABLE (1.1k rows, 638.3 KiB processed)[0m in 3.72s]
[2023-06-21T15:54:18.238+0000] {subprocess.py:93} INFO - [0m15:54:18
[2023-06-21T15:54:18.239+0000] {subprocess.py:93} INFO - [0m15:54:18  Finished running 3 table models, 1 view model in 0 hours 0 minutes and 4.44 seconds (4.44s).
[2023-06-21T15:54:18.262+0000] {subprocess.py:93} INFO - [0m15:54:18
[2023-06-21T15:54:18.264+0000] {subprocess.py:93} INFO - [0m15:54:18  [32mCompleted successfully[0m
[2023-06-21T15:54:18.265+0000] {subprocess.py:93} INFO - [0m15:54:18
[2023-06-21T15:54:18.266+0000] {subprocess.py:93} INFO - [0m15:54:18  Done. PASS=4 WARN=0 ERROR=0 SKIP=0 TOTAL=4
[2023-06-21T15:54:18.682+0000] {subprocess.py:97} INFO - Command exited with return code 0
[2023-06-21T15:54:18.708+0000] {taskinstance.py:1332} INFO - Marking task as SUCCESS. dag_id=showpulse_dbt_dag, task_id=dbt_run, execution_date=20230621T155307, start_date=20230621T155411, end_date=20230621T155418
[2023-06-21T15:54:18.736+0000] {local_task_job.py:212} INFO - Task exited with return code 0
[2023-06-21T15:54:18.756+0000] {taskinstance.py:2596} INFO - 0 downstream tasks scheduled from follow-on schedule check
