[2023-06-21T23:54:20.703+0000] {taskinstance.py:1090} INFO - Dependencies all met for dep_context=non-requeueable deps ti=<TaskInstance: showpulse_dbt_dag.pwd1 scheduled__2023-06-21T23:53:19.542692+00:00 [queued]>
[2023-06-21T23:54:20.709+0000] {taskinstance.py:1090} INFO - Dependencies all met for dep_context=requeueable deps ti=<TaskInstance: showpulse_dbt_dag.pwd1 scheduled__2023-06-21T23:53:19.542692+00:00 [queued]>
[2023-06-21T23:54:20.710+0000] {taskinstance.py:1288} INFO - 
--------------------------------------------------------------------------------
[2023-06-21T23:54:20.710+0000] {taskinstance.py:1289} INFO - Starting attempt 1 of 1
[2023-06-21T23:54:20.711+0000] {taskinstance.py:1290} INFO - 
--------------------------------------------------------------------------------
[2023-06-21T23:54:20.719+0000] {taskinstance.py:1309} INFO - Executing <Task(BashOperator): pwd1> on 2023-06-21 23:53:19.542692+00:00
[2023-06-21T23:54:20.722+0000] {standard_task_runner.py:55} INFO - Started process 8593 to run task
[2023-06-21T23:54:20.725+0000] {standard_task_runner.py:82} INFO - Running: ['***', 'tasks', 'run', 'showpulse_dbt_dag', 'pwd1', 'scheduled__2023-06-21T23:53:19.542692+00:00', '--job-id', '1227', '--raw', '--subdir', 'DAGS_FOLDER/dbt_run.py', '--cfg-path', '/tmp/tmp1lj0_udv']
[2023-06-21T23:54:20.726+0000] {standard_task_runner.py:83} INFO - Job 1227: Subtask pwd1
[2023-06-21T23:54:20.781+0000] {task_command.py:389} INFO - Running <TaskInstance: showpulse_dbt_dag.pwd1 scheduled__2023-06-21T23:53:19.542692+00:00 [running]> on host 62cfed75eae1
[2023-06-21T23:54:20.834+0000] {taskinstance.py:1518} INFO - Exporting the following env vars:
AIRFLOW_CTX_DAG_OWNER=nburkett
AIRFLOW_CTX_DAG_ID=showpulse_dbt_dag
AIRFLOW_CTX_TASK_ID=pwd1
AIRFLOW_CTX_EXECUTION_DATE=2023-06-21T23:53:19.542692+00:00
AIRFLOW_CTX_TRY_NUMBER=1
AIRFLOW_CTX_DAG_RUN_ID=scheduled__2023-06-21T23:53:19.542692+00:00
[2023-06-21T23:54:20.835+0000] {subprocess.py:63} INFO - Tmp dir root location: 
 /tmp
[2023-06-21T23:54:20.836+0000] {subprocess.py:75} INFO - Running command: ['/bin/bash', '-c', 'pwd && ls']
[2023-06-21T23:54:20.844+0000] {subprocess.py:86} INFO - Output:
[2023-06-21T23:54:20.846+0000] {subprocess.py:93} INFO - /tmp/***tmp8bahrt1k
[2023-06-21T23:54:20.848+0000] {subprocess.py:97} INFO - Command exited with return code 0
[2023-06-21T23:54:20.869+0000] {taskinstance.py:1332} INFO - Marking task as SUCCESS. dag_id=showpulse_dbt_dag, task_id=pwd1, execution_date=20230621T235319, start_date=20230621T235420, end_date=20230621T235420
[2023-06-21T23:54:20.898+0000] {local_task_job.py:212} INFO - Task exited with return code 0
[2023-06-21T23:54:20.919+0000] {taskinstance.py:2596} INFO - 1 downstream tasks scheduled from follow-on schedule check
