[2023-06-23T00:30:23.635+0000] {taskinstance.py:1090} INFO - Dependencies all met for dep_context=non-requeueable deps ti=<TaskInstance: showpulse_dbt_dag.pwd1 scheduled__2023-06-23T00:29:22.829752+00:00 [queued]>
[2023-06-23T00:30:23.641+0000] {taskinstance.py:1090} INFO - Dependencies all met for dep_context=requeueable deps ti=<TaskInstance: showpulse_dbt_dag.pwd1 scheduled__2023-06-23T00:29:22.829752+00:00 [queued]>
[2023-06-23T00:30:23.642+0000] {taskinstance.py:1288} INFO - 
--------------------------------------------------------------------------------
[2023-06-23T00:30:23.643+0000] {taskinstance.py:1289} INFO - Starting attempt 1 of 1
[2023-06-23T00:30:23.643+0000] {taskinstance.py:1290} INFO - 
--------------------------------------------------------------------------------
[2023-06-23T00:30:23.651+0000] {taskinstance.py:1309} INFO - Executing <Task(BashOperator): pwd1> on 2023-06-23 00:29:22.829752+00:00
[2023-06-23T00:30:23.654+0000] {standard_task_runner.py:55} INFO - Started process 20136 to run task
[2023-06-23T00:30:23.657+0000] {standard_task_runner.py:82} INFO - Running: ['***', 'tasks', 'run', 'showpulse_dbt_dag', 'pwd1', 'scheduled__2023-06-23T00:29:22.829752+00:00', '--job-id', '2307', '--raw', '--subdir', 'DAGS_FOLDER/dbt_run.py', '--cfg-path', '/tmp/tmpvyt1yp_v']
[2023-06-23T00:30:23.658+0000] {standard_task_runner.py:83} INFO - Job 2307: Subtask pwd1
[2023-06-23T00:30:23.710+0000] {task_command.py:389} INFO - Running <TaskInstance: showpulse_dbt_dag.pwd1 scheduled__2023-06-23T00:29:22.829752+00:00 [running]> on host 62cfed75eae1
[2023-06-23T00:30:23.760+0000] {taskinstance.py:1518} INFO - Exporting the following env vars:
AIRFLOW_CTX_DAG_OWNER=nburkett
AIRFLOW_CTX_DAG_ID=showpulse_dbt_dag
AIRFLOW_CTX_TASK_ID=pwd1
AIRFLOW_CTX_EXECUTION_DATE=2023-06-23T00:29:22.829752+00:00
AIRFLOW_CTX_TRY_NUMBER=1
AIRFLOW_CTX_DAG_RUN_ID=scheduled__2023-06-23T00:29:22.829752+00:00
[2023-06-23T00:30:23.762+0000] {subprocess.py:63} INFO - Tmp dir root location: 
 /tmp
[2023-06-23T00:30:23.763+0000] {subprocess.py:75} INFO - Running command: ['/bin/bash', '-c', 'pwd && ls']
[2023-06-23T00:30:23.772+0000] {subprocess.py:86} INFO - Output:
[2023-06-23T00:30:23.774+0000] {subprocess.py:93} INFO - /tmp/***tmpklt8_xvk
[2023-06-23T00:30:23.776+0000] {subprocess.py:97} INFO - Command exited with return code 0
[2023-06-23T00:30:23.798+0000] {taskinstance.py:1332} INFO - Marking task as SUCCESS. dag_id=showpulse_dbt_dag, task_id=pwd1, execution_date=20230623T002922, start_date=20230623T003023, end_date=20230623T003023
[2023-06-23T00:30:23.836+0000] {local_task_job.py:212} INFO - Task exited with return code 0
[2023-06-23T00:30:23.857+0000] {taskinstance.py:2596} INFO - 1 downstream tasks scheduled from follow-on schedule check
