[2023-06-21T18:55:06.734+0000] {taskinstance.py:1090} INFO - Dependencies all met for dep_context=non-requeueable deps ti=<TaskInstance: showpulse_dbt_dag.dbt_run scheduled__2023-06-21T18:54:02.552636+00:00 [queued]>
[2023-06-21T18:55:06.740+0000] {taskinstance.py:1090} INFO - Dependencies all met for dep_context=requeueable deps ti=<TaskInstance: showpulse_dbt_dag.dbt_run scheduled__2023-06-21T18:54:02.552636+00:00 [queued]>
[2023-06-21T18:55:06.740+0000] {taskinstance.py:1288} INFO - 
--------------------------------------------------------------------------------
[2023-06-21T18:55:06.741+0000] {taskinstance.py:1289} INFO - Starting attempt 1 of 1
[2023-06-21T18:55:06.742+0000] {taskinstance.py:1290} INFO - 
--------------------------------------------------------------------------------
[2023-06-21T18:55:06.750+0000] {taskinstance.py:1309} INFO - Executing <Task(BashOperator): dbt_run> on 2023-06-21 18:54:02.552636+00:00
[2023-06-21T18:55:06.753+0000] {standard_task_runner.py:55} INFO - Started process 5486 to run task
[2023-06-21T18:55:06.756+0000] {standard_task_runner.py:82} INFO - Running: ['***', 'tasks', 'run', 'showpulse_dbt_dag', 'dbt_run', 'scheduled__2023-06-21T18:54:02.552636+00:00', '--job-id', '926', '--raw', '--subdir', 'DAGS_FOLDER/dbt_run.py', '--cfg-path', '/tmp/tmpp42hqpox']
[2023-06-21T18:55:06.758+0000] {standard_task_runner.py:83} INFO - Job 926: Subtask dbt_run
[2023-06-21T18:55:06.810+0000] {task_command.py:389} INFO - Running <TaskInstance: showpulse_dbt_dag.dbt_run scheduled__2023-06-21T18:54:02.552636+00:00 [running]> on host 62cfed75eae1
[2023-06-21T18:55:06.860+0000] {taskinstance.py:1518} INFO - Exporting the following env vars:
AIRFLOW_CTX_DAG_OWNER=nburkett
AIRFLOW_CTX_DAG_ID=showpulse_dbt_dag
AIRFLOW_CTX_TASK_ID=dbt_run
AIRFLOW_CTX_EXECUTION_DATE=2023-06-21T18:54:02.552636+00:00
AIRFLOW_CTX_TRY_NUMBER=1
AIRFLOW_CTX_DAG_RUN_ID=scheduled__2023-06-21T18:54:02.552636+00:00
[2023-06-21T18:55:06.861+0000] {subprocess.py:63} INFO - Tmp dir root location: 
 /tmp
[2023-06-21T18:55:06.862+0000] {subprocess.py:75} INFO - Running command: ['/bin/bash', '-c', 'cd /dbt/ticketmaster_transformation && dbt run']
[2023-06-21T18:55:06.870+0000] {subprocess.py:86} INFO - Output:
[2023-06-21T18:55:08.082+0000] {subprocess.py:93} INFO - [0m18:55:08  Running with dbt=1.5.1
[2023-06-21T18:55:08.591+0000] {subprocess.py:93} INFO - [0m18:55:08  Found 4 models, 0 tests, 0 snapshots, 0 analyses, 356 macros, 0 operations, 0 seed files, 3 sources, 0 exposures, 0 metrics, 0 groups
[2023-06-21T18:55:08.594+0000] {subprocess.py:93} INFO - [0m18:55:08
[2023-06-21T18:55:09.318+0000] {subprocess.py:93} INFO - [0m18:55:09  Concurrency: 4 threads (target='dev')
[2023-06-21T18:55:09.320+0000] {subprocess.py:93} INFO - [0m18:55:09
[2023-06-21T18:55:09.334+0000] {subprocess.py:93} INFO - [0m18:55:09  1 of 4 START sql table model twitter_kafka_pyspark_test.distinct_data .......... [RUN]
[2023-06-21T18:55:09.336+0000] {subprocess.py:93} INFO - [0m18:55:09  2 of 4 START sql table model twitter_kafka_pyspark_test.dm_events .............. [RUN]
[2023-06-21T18:55:09.338+0000] {subprocess.py:93} INFO - [0m18:55:09  3 of 4 START sql table model twitter_kafka_pyspark_test.my_first_dbt_model ..... [RUN]
[2023-06-21T18:58:49.637+0000] {subprocess.py:93} INFO - [0m18:58:49  3 of 4 OK created sql table model twitter_kafka_pyspark_test.my_first_dbt_model  [[32mCREATE TABLE (2.0 rows, 0 processed)[0m in 220.29s]
[2023-06-21T18:58:49.643+0000] {subprocess.py:93} INFO - [0m18:58:49  4 of 4 START sql view model twitter_kafka_pyspark_test.my_second_dbt_model ..... [RUN]
[2023-06-21T18:58:49.849+0000] {subprocess.py:93} INFO - [0m18:58:49  1 of 4 OK created sql table model twitter_kafka_pyspark_test.distinct_data ..... [[32mCREATE TABLE (1.1k rows, 638.3 KiB processed)[0m in 220.51s]
[2023-06-21T18:58:50.783+0000] {subprocess.py:93} INFO - [0m18:58:50  2 of 4 OK created sql table model twitter_kafka_pyspark_test.dm_events ......... [[32mCREATE TABLE (1.3k rows, 178.2 KiB processed)[0m in 221.44s]
[2023-06-21T18:58:50.860+0000] {subprocess.py:93} INFO - [0m18:58:50  4 of 4 OK created sql view model twitter_kafka_pyspark_test.my_second_dbt_model  [[32mCREATE VIEW (0 processed)[0m in 1.21s]
[2023-06-21T18:58:50.890+0000] {subprocess.py:93} INFO - [0m18:58:50
[2023-06-21T18:58:50.891+0000] {subprocess.py:93} INFO - [0m18:58:50  Finished running 3 table models, 1 view model in 0 hours 3 minutes and 42.29 seconds (222.29s).
[2023-06-21T18:58:50.911+0000] {subprocess.py:93} INFO - [0m18:58:50
[2023-06-21T18:58:50.913+0000] {subprocess.py:93} INFO - [0m18:58:50  [32mCompleted successfully[0m
[2023-06-21T18:58:50.914+0000] {subprocess.py:93} INFO - [0m18:58:50
[2023-06-21T18:58:50.915+0000] {subprocess.py:93} INFO - [0m18:58:50  Done. PASS=4 WARN=0 ERROR=0 SKIP=0 TOTAL=4
[2023-06-21T18:58:51.425+0000] {subprocess.py:97} INFO - Command exited with return code 0
[2023-06-21T18:58:51.464+0000] {taskinstance.py:1332} INFO - Marking task as SUCCESS. dag_id=showpulse_dbt_dag, task_id=dbt_run, execution_date=20230621T185402, start_date=20230621T185506, end_date=20230621T185851
[2023-06-21T18:58:51.513+0000] {local_task_job.py:212} INFO - Task exited with return code 0
[2023-06-21T18:58:51.531+0000] {taskinstance.py:2596} INFO - 0 downstream tasks scheduled from follow-on schedule check
