[2023-06-21T18:43:08.078+0000] {taskinstance.py:1090} INFO - Dependencies all met for dep_context=non-requeueable deps ti=<TaskInstance: showpulse_dbt_dag.dbt_run scheduled__2023-06-21T18:29:10.731580+00:00 [queued]>
[2023-06-21T18:43:08.085+0000] {taskinstance.py:1090} INFO - Dependencies all met for dep_context=requeueable deps ti=<TaskInstance: showpulse_dbt_dag.dbt_run scheduled__2023-06-21T18:29:10.731580+00:00 [queued]>
[2023-06-21T18:43:08.086+0000] {taskinstance.py:1288} INFO - 
--------------------------------------------------------------------------------
[2023-06-21T18:43:08.087+0000] {taskinstance.py:1289} INFO - Starting attempt 1 of 1
[2023-06-21T18:43:08.087+0000] {taskinstance.py:1290} INFO - 
--------------------------------------------------------------------------------
[2023-06-21T18:43:08.095+0000] {taskinstance.py:1309} INFO - Executing <Task(BashOperator): dbt_run> on 2023-06-21 18:29:10.731580+00:00
[2023-06-21T18:43:08.099+0000] {standard_task_runner.py:55} INFO - Started process 5381 to run task
[2023-06-21T18:43:08.104+0000] {standard_task_runner.py:82} INFO - Running: ['***', 'tasks', 'run', 'showpulse_dbt_dag', 'dbt_run', 'scheduled__2023-06-21T18:29:10.731580+00:00', '--job-id', '914', '--raw', '--subdir', 'DAGS_FOLDER/dbt_run.py', '--cfg-path', '/tmp/tmp9souh_j4']
[2023-06-21T18:43:08.105+0000] {standard_task_runner.py:83} INFO - Job 914: Subtask dbt_run
[2023-06-21T18:43:08.162+0000] {task_command.py:389} INFO - Running <TaskInstance: showpulse_dbt_dag.dbt_run scheduled__2023-06-21T18:29:10.731580+00:00 [running]> on host 62cfed75eae1
[2023-06-21T18:43:08.221+0000] {taskinstance.py:1518} INFO - Exporting the following env vars:
AIRFLOW_CTX_DAG_OWNER=nburkett
AIRFLOW_CTX_DAG_ID=showpulse_dbt_dag
AIRFLOW_CTX_TASK_ID=dbt_run
AIRFLOW_CTX_EXECUTION_DATE=2023-06-21T18:29:10.731580+00:00
AIRFLOW_CTX_TRY_NUMBER=1
AIRFLOW_CTX_DAG_RUN_ID=scheduled__2023-06-21T18:29:10.731580+00:00
[2023-06-21T18:43:08.223+0000] {subprocess.py:63} INFO - Tmp dir root location: 
 /tmp
[2023-06-21T18:43:08.223+0000] {subprocess.py:75} INFO - Running command: ['/bin/bash', '-c', 'cd /dbt/ticketmaster_transformation && dbt run']
[2023-06-21T18:43:08.232+0000] {subprocess.py:86} INFO - Output:
[2023-06-21T18:43:10.047+0000] {subprocess.py:93} INFO - [0m18:43:10  Running with dbt=1.5.1
[2023-06-21T18:43:10.565+0000] {subprocess.py:93} INFO - [0m18:43:10  Found 4 models, 0 tests, 0 snapshots, 0 analyses, 356 macros, 0 operations, 0 seed files, 3 sources, 0 exposures, 0 metrics, 0 groups
[2023-06-21T18:43:10.568+0000] {subprocess.py:93} INFO - [0m18:43:10
[2023-06-21T18:43:11.401+0000] {subprocess.py:93} INFO - [0m18:43:11  Concurrency: 4 threads (target='dev')
[2023-06-21T18:43:11.404+0000] {subprocess.py:93} INFO - [0m18:43:11
[2023-06-21T18:43:11.422+0000] {subprocess.py:93} INFO - [0m18:43:11  1 of 4 START sql table model twitter_kafka_pyspark_test.distinct_data .......... [RUN]
[2023-06-21T18:43:11.425+0000] {subprocess.py:93} INFO - [0m18:43:11  2 of 4 START sql table model twitter_kafka_pyspark_test.dm_events .............. [RUN]
[2023-06-21T18:43:11.427+0000] {subprocess.py:93} INFO - [0m18:43:11  3 of 4 START sql table model twitter_kafka_pyspark_test.my_first_dbt_model ..... [RUN]
[2023-06-21T18:43:14.597+0000] {subprocess.py:93} INFO - [0m18:43:14  1 of 4 OK created sql table model twitter_kafka_pyspark_test.distinct_data ..... [[32mCREATE TABLE (1.1k rows, 638.3 KiB processed)[0m in 3.16s]
[2023-06-21T18:43:14.599+0000] {subprocess.py:93} INFO - [0m18:43:14  2 of 4 OK created sql table model twitter_kafka_pyspark_test.dm_events ......... [[32mCREATE TABLE (1.3k rows, 178.2 KiB processed)[0m in 3.16s]
[2023-06-21T18:43:14.601+0000] {subprocess.py:93} INFO - [0m18:43:14  3 of 4 OK created sql table model twitter_kafka_pyspark_test.my_first_dbt_model  [[32mCREATE TABLE (2.0 rows, 0 processed)[0m in 3.16s]
[2023-06-21T18:43:14.610+0000] {subprocess.py:93} INFO - [0m18:43:14  4 of 4 START sql view model twitter_kafka_pyspark_test.my_second_dbt_model ..... [RUN]
[2023-06-21T18:43:15.813+0000] {subprocess.py:93} INFO - [0m18:43:15  4 of 4 OK created sql view model twitter_kafka_pyspark_test.my_second_dbt_model  [[32mCREATE VIEW (0 processed)[0m in 1.20s]
[2023-06-21T18:43:15.909+0000] {subprocess.py:93} INFO - [0m18:43:15
[2023-06-21T18:43:15.910+0000] {subprocess.py:93} INFO - [0m18:43:15  Finished running 3 table models, 1 view model in 0 hours 0 minutes and 5.34 seconds (5.34s).
[2023-06-21T18:43:15.925+0000] {subprocess.py:93} INFO - [0m18:43:15
[2023-06-21T18:43:15.926+0000] {subprocess.py:93} INFO - [0m18:43:15  [32mCompleted successfully[0m
[2023-06-21T18:43:15.927+0000] {subprocess.py:93} INFO - [0m18:43:15
[2023-06-21T18:43:15.928+0000] {subprocess.py:93} INFO - [0m18:43:15  Done. PASS=4 WARN=0 ERROR=0 SKIP=0 TOTAL=4
[2023-06-21T18:43:16.432+0000] {subprocess.py:97} INFO - Command exited with return code 0
[2023-06-21T18:43:16.464+0000] {taskinstance.py:1332} INFO - Marking task as SUCCESS. dag_id=showpulse_dbt_dag, task_id=dbt_run, execution_date=20230621T182910, start_date=20230621T184308, end_date=20230621T184316
[2023-06-21T18:43:16.508+0000] {local_task_job.py:212} INFO - Task exited with return code 0
[2023-06-21T18:43:16.524+0000] {taskinstance.py:2596} INFO - 0 downstream tasks scheduled from follow-on schedule check
