[2023-06-21T18:03:27.090+0000] {taskinstance.py:1090} INFO - Dependencies all met for dep_context=non-requeueable deps ti=<TaskInstance: showpulse_dbt_dag.dbt_run scheduled__2023-06-21T17:53:45.693028+00:00 [queued]>
[2023-06-21T18:03:27.096+0000] {taskinstance.py:1090} INFO - Dependencies all met for dep_context=requeueable deps ti=<TaskInstance: showpulse_dbt_dag.dbt_run scheduled__2023-06-21T17:53:45.693028+00:00 [queued]>
[2023-06-21T18:03:27.096+0000] {taskinstance.py:1288} INFO - 
--------------------------------------------------------------------------------
[2023-06-21T18:03:27.097+0000] {taskinstance.py:1289} INFO - Starting attempt 1 of 1
[2023-06-21T18:03:27.097+0000] {taskinstance.py:1290} INFO - 
--------------------------------------------------------------------------------
[2023-06-21T18:03:27.105+0000] {taskinstance.py:1309} INFO - Executing <Task(BashOperator): dbt_run> on 2023-06-21 17:53:45.693028+00:00
[2023-06-21T18:03:27.108+0000] {standard_task_runner.py:55} INFO - Started process 5106 to run task
[2023-06-21T18:03:27.112+0000] {standard_task_runner.py:82} INFO - Running: ['***', 'tasks', 'run', 'showpulse_dbt_dag', 'dbt_run', 'scheduled__2023-06-21T17:53:45.693028+00:00', '--job-id', '882', '--raw', '--subdir', 'DAGS_FOLDER/dbt_run.py', '--cfg-path', '/tmp/tmp1s01xxl_']
[2023-06-21T18:03:27.113+0000] {standard_task_runner.py:83} INFO - Job 882: Subtask dbt_run
[2023-06-21T18:03:27.172+0000] {task_command.py:389} INFO - Running <TaskInstance: showpulse_dbt_dag.dbt_run scheduled__2023-06-21T17:53:45.693028+00:00 [running]> on host 62cfed75eae1
[2023-06-21T18:03:27.225+0000] {taskinstance.py:1518} INFO - Exporting the following env vars:
AIRFLOW_CTX_DAG_OWNER=nburkett
AIRFLOW_CTX_DAG_ID=showpulse_dbt_dag
AIRFLOW_CTX_TASK_ID=dbt_run
AIRFLOW_CTX_EXECUTION_DATE=2023-06-21T17:53:45.693028+00:00
AIRFLOW_CTX_TRY_NUMBER=1
AIRFLOW_CTX_DAG_RUN_ID=scheduled__2023-06-21T17:53:45.693028+00:00
[2023-06-21T18:03:27.227+0000] {subprocess.py:63} INFO - Tmp dir root location: 
 /tmp
[2023-06-21T18:03:27.227+0000] {subprocess.py:75} INFO - Running command: ['/bin/bash', '-c', 'cd /dbt/ticketmaster_transformation && dbt run']
[2023-06-21T18:03:27.236+0000] {subprocess.py:86} INFO - Output:
[2023-06-21T18:03:28.518+0000] {subprocess.py:93} INFO - [0m18:03:28  Running with dbt=1.5.1
[2023-06-21T18:03:29.026+0000] {subprocess.py:93} INFO - [0m18:03:29  Found 4 models, 0 tests, 0 snapshots, 0 analyses, 356 macros, 0 operations, 0 seed files, 3 sources, 0 exposures, 0 metrics, 0 groups
[2023-06-21T18:03:29.030+0000] {subprocess.py:93} INFO - [0m18:03:29
[2023-06-21T18:03:29.875+0000] {subprocess.py:93} INFO - [0m18:03:29  Concurrency: 4 threads (target='dev')
[2023-06-21T18:03:29.877+0000] {subprocess.py:93} INFO - [0m18:03:29
[2023-06-21T18:03:29.951+0000] {subprocess.py:93} INFO - [0m18:03:29  1 of 4 START sql table model twitter_kafka_pyspark_test.distinct_data .......... [RUN]
[2023-06-21T18:03:29.953+0000] {subprocess.py:93} INFO - [0m18:03:29  2 of 4 START sql table model twitter_kafka_pyspark_test.dm_events .............. [RUN]
[2023-06-21T18:03:29.954+0000] {subprocess.py:93} INFO - [0m18:03:29  3 of 4 START sql table model twitter_kafka_pyspark_test.my_first_dbt_model ..... [RUN]
[2023-06-21T18:03:32.889+0000] {subprocess.py:93} INFO - [0m18:03:32  3 of 4 OK created sql table model twitter_kafka_pyspark_test.my_first_dbt_model  [[32mCREATE TABLE (2.0 rows, 0 processed)[0m in 2.93s]
[2023-06-21T18:03:32.895+0000] {subprocess.py:93} INFO - [0m18:03:32  4 of 4 START sql view model twitter_kafka_pyspark_test.my_second_dbt_model ..... [RUN]
[2023-06-21T18:03:33.051+0000] {subprocess.py:93} INFO - [0m18:03:33  2 of 4 OK created sql table model twitter_kafka_pyspark_test.dm_events ......... [[32mCREATE TABLE (1.3k rows, 178.2 KiB processed)[0m in 3.09s]
[2023-06-21T18:03:33.095+0000] {subprocess.py:93} INFO - [0m18:03:33  1 of 4 OK created sql table model twitter_kafka_pyspark_test.distinct_data ..... [[32mCREATE TABLE (1.1k rows, 638.3 KiB processed)[0m in 3.13s]
[2023-06-21T18:03:33.873+0000] {subprocess.py:93} INFO - [0m18:03:33  4 of 4 OK created sql view model twitter_kafka_pyspark_test.my_second_dbt_model  [[32mCREATE VIEW (0 processed)[0m in 0.97s]
[2023-06-21T18:03:33.925+0000] {subprocess.py:93} INFO - [0m18:03:33
[2023-06-21T18:03:33.928+0000] {subprocess.py:93} INFO - [0m18:03:33  Finished running 3 table models, 1 view model in 0 hours 0 minutes and 4.89 seconds (4.89s).
[2023-06-21T18:03:33.961+0000] {subprocess.py:93} INFO - [0m18:03:33
[2023-06-21T18:03:33.962+0000] {subprocess.py:93} INFO - [0m18:03:33  [32mCompleted successfully[0m
[2023-06-21T18:03:33.963+0000] {subprocess.py:93} INFO - [0m18:03:33
[2023-06-21T18:03:33.965+0000] {subprocess.py:93} INFO - [0m18:03:33  Done. PASS=4 WARN=0 ERROR=0 SKIP=0 TOTAL=4
[2023-06-21T18:03:34.419+0000] {subprocess.py:97} INFO - Command exited with return code 0
[2023-06-21T18:03:34.448+0000] {taskinstance.py:1332} INFO - Marking task as SUCCESS. dag_id=showpulse_dbt_dag, task_id=dbt_run, execution_date=20230621T175345, start_date=20230621T180327, end_date=20230621T180334
[2023-06-21T18:03:34.476+0000] {local_task_job.py:212} INFO - Task exited with return code 0
[2023-06-21T18:03:34.490+0000] {taskinstance.py:2596} INFO - 0 downstream tasks scheduled from follow-on schedule check
