[2023-06-03T00:24:49.558+0000] {processor.py:153} INFO - Started process (PID=48) to work on /opt/airflow/dags/gcs-connector-hadoop3-2.2.5.jar
[2023-06-03T00:24:49.560+0000] {processor.py:743} INFO - Processing file /opt/airflow/dags/gcs-connector-hadoop3-2.2.5.jar for tasks to queue
[2023-06-03T00:24:49.563+0000] {logging_mixin.py:137} INFO - [2023-06-03T00:24:49.563+0000] {dagbag.py:532} INFO - Filling up the DagBag from /opt/airflow/dags/gcs-connector-hadoop3-2.2.5.jar
[2023-06-03T00:24:49.693+0000] {processor.py:755} WARNING - No viable dags retrieved from /opt/airflow/dags/gcs-connector-hadoop3-2.2.5.jar
[2023-06-03T00:24:49.714+0000] {processor.py:175} INFO - Processing /opt/airflow/dags/gcs-connector-hadoop3-2.2.5.jar took 0.165 seconds
[2023-06-03T00:25:20.034+0000] {processor.py:153} INFO - Started process (PID=61) to work on /opt/airflow/dags/gcs-connector-hadoop3-2.2.5.jar
[2023-06-03T00:25:20.037+0000] {processor.py:743} INFO - Processing file /opt/airflow/dags/gcs-connector-hadoop3-2.2.5.jar for tasks to queue
[2023-06-03T00:25:20.040+0000] {logging_mixin.py:137} INFO - [2023-06-03T00:25:20.040+0000] {dagbag.py:532} INFO - Filling up the DagBag from /opt/airflow/dags/gcs-connector-hadoop3-2.2.5.jar
[2023-06-03T00:25:20.116+0000] {processor.py:755} WARNING - No viable dags retrieved from /opt/airflow/dags/gcs-connector-hadoop3-2.2.5.jar
[2023-06-03T00:25:20.129+0000] {processor.py:175} INFO - Processing /opt/airflow/dags/gcs-connector-hadoop3-2.2.5.jar took 0.102 seconds
[2023-06-03T00:25:50.481+0000] {processor.py:153} INFO - Started process (PID=71) to work on /opt/airflow/dags/gcs-connector-hadoop3-2.2.5.jar
[2023-06-03T00:25:50.485+0000] {processor.py:743} INFO - Processing file /opt/airflow/dags/gcs-connector-hadoop3-2.2.5.jar for tasks to queue
[2023-06-03T00:25:50.487+0000] {logging_mixin.py:137} INFO - [2023-06-03T00:25:50.486+0000] {dagbag.py:532} INFO - Filling up the DagBag from /opt/airflow/dags/gcs-connector-hadoop3-2.2.5.jar
[2023-06-03T00:25:50.563+0000] {processor.py:755} WARNING - No viable dags retrieved from /opt/airflow/dags/gcs-connector-hadoop3-2.2.5.jar
[2023-06-03T00:25:50.577+0000] {processor.py:175} INFO - Processing /opt/airflow/dags/gcs-connector-hadoop3-2.2.5.jar took 0.101 seconds
[2023-06-03T00:26:20.880+0000] {processor.py:153} INFO - Started process (PID=81) to work on /opt/airflow/dags/gcs-connector-hadoop3-2.2.5.jar
[2023-06-03T00:26:20.881+0000] {processor.py:743} INFO - Processing file /opt/airflow/dags/gcs-connector-hadoop3-2.2.5.jar for tasks to queue
[2023-06-03T00:26:20.882+0000] {logging_mixin.py:137} INFO - [2023-06-03T00:26:20.882+0000] {dagbag.py:532} INFO - Filling up the DagBag from /opt/airflow/dags/gcs-connector-hadoop3-2.2.5.jar
[2023-06-03T00:26:20.952+0000] {processor.py:755} WARNING - No viable dags retrieved from /opt/airflow/dags/gcs-connector-hadoop3-2.2.5.jar
[2023-06-03T00:26:20.964+0000] {processor.py:175} INFO - Processing /opt/airflow/dags/gcs-connector-hadoop3-2.2.5.jar took 0.087 seconds
[2023-06-03T00:26:51.279+0000] {processor.py:153} INFO - Started process (PID=91) to work on /opt/airflow/dags/gcs-connector-hadoop3-2.2.5.jar
[2023-06-03T00:26:51.282+0000] {processor.py:743} INFO - Processing file /opt/airflow/dags/gcs-connector-hadoop3-2.2.5.jar for tasks to queue
[2023-06-03T00:26:51.283+0000] {logging_mixin.py:137} INFO - [2023-06-03T00:26:51.283+0000] {dagbag.py:532} INFO - Filling up the DagBag from /opt/airflow/dags/gcs-connector-hadoop3-2.2.5.jar
[2023-06-03T00:26:51.395+0000] {processor.py:755} WARNING - No viable dags retrieved from /opt/airflow/dags/gcs-connector-hadoop3-2.2.5.jar
[2023-06-03T00:26:51.445+0000] {processor.py:175} INFO - Processing /opt/airflow/dags/gcs-connector-hadoop3-2.2.5.jar took 0.172 seconds
[2023-06-03T00:27:21.655+0000] {processor.py:153} INFO - Started process (PID=101) to work on /opt/airflow/dags/gcs-connector-hadoop3-2.2.5.jar
[2023-06-03T00:27:21.658+0000] {processor.py:743} INFO - Processing file /opt/airflow/dags/gcs-connector-hadoop3-2.2.5.jar for tasks to queue
[2023-06-03T00:27:21.659+0000] {logging_mixin.py:137} INFO - [2023-06-03T00:27:21.659+0000] {dagbag.py:532} INFO - Filling up the DagBag from /opt/airflow/dags/gcs-connector-hadoop3-2.2.5.jar
[2023-06-03T00:27:21.764+0000] {processor.py:755} WARNING - No viable dags retrieved from /opt/airflow/dags/gcs-connector-hadoop3-2.2.5.jar
[2023-06-03T00:27:21.788+0000] {processor.py:175} INFO - Processing /opt/airflow/dags/gcs-connector-hadoop3-2.2.5.jar took 0.139 seconds
[2023-06-03T00:27:52.006+0000] {processor.py:153} INFO - Started process (PID=111) to work on /opt/airflow/dags/gcs-connector-hadoop3-2.2.5.jar
[2023-06-03T00:27:52.008+0000] {processor.py:743} INFO - Processing file /opt/airflow/dags/gcs-connector-hadoop3-2.2.5.jar for tasks to queue
[2023-06-03T00:27:52.010+0000] {logging_mixin.py:137} INFO - [2023-06-03T00:27:52.010+0000] {dagbag.py:532} INFO - Filling up the DagBag from /opt/airflow/dags/gcs-connector-hadoop3-2.2.5.jar
[2023-06-03T00:27:52.092+0000] {processor.py:755} WARNING - No viable dags retrieved from /opt/airflow/dags/gcs-connector-hadoop3-2.2.5.jar
[2023-06-03T00:27:52.115+0000] {processor.py:175} INFO - Processing /opt/airflow/dags/gcs-connector-hadoop3-2.2.5.jar took 0.113 seconds
[2023-06-03T00:28:22.308+0000] {processor.py:153} INFO - Started process (PID=121) to work on /opt/airflow/dags/gcs-connector-hadoop3-2.2.5.jar
[2023-06-03T00:28:22.310+0000] {processor.py:743} INFO - Processing file /opt/airflow/dags/gcs-connector-hadoop3-2.2.5.jar for tasks to queue
[2023-06-03T00:28:22.312+0000] {logging_mixin.py:137} INFO - [2023-06-03T00:28:22.311+0000] {dagbag.py:532} INFO - Filling up the DagBag from /opt/airflow/dags/gcs-connector-hadoop3-2.2.5.jar
[2023-06-03T00:28:22.394+0000] {processor.py:755} WARNING - No viable dags retrieved from /opt/airflow/dags/gcs-connector-hadoop3-2.2.5.jar
[2023-06-03T00:28:22.422+0000] {processor.py:175} INFO - Processing /opt/airflow/dags/gcs-connector-hadoop3-2.2.5.jar took 0.121 seconds
[2023-06-03T00:28:52.468+0000] {processor.py:153} INFO - Started process (PID=131) to work on /opt/airflow/dags/gcs-connector-hadoop3-2.2.5.jar
[2023-06-03T00:28:52.470+0000] {processor.py:743} INFO - Processing file /opt/airflow/dags/gcs-connector-hadoop3-2.2.5.jar for tasks to queue
[2023-06-03T00:28:52.472+0000] {logging_mixin.py:137} INFO - [2023-06-03T00:28:52.471+0000] {dagbag.py:532} INFO - Filling up the DagBag from /opt/airflow/dags/gcs-connector-hadoop3-2.2.5.jar
[2023-06-03T00:28:52.542+0000] {processor.py:755} WARNING - No viable dags retrieved from /opt/airflow/dags/gcs-connector-hadoop3-2.2.5.jar
[2023-06-03T00:28:52.560+0000] {processor.py:175} INFO - Processing /opt/airflow/dags/gcs-connector-hadoop3-2.2.5.jar took 0.097 seconds
[2023-06-03T00:29:22.774+0000] {processor.py:153} INFO - Started process (PID=141) to work on /opt/airflow/dags/gcs-connector-hadoop3-2.2.5.jar
[2023-06-03T00:29:22.781+0000] {processor.py:743} INFO - Processing file /opt/airflow/dags/gcs-connector-hadoop3-2.2.5.jar for tasks to queue
[2023-06-03T00:29:22.786+0000] {logging_mixin.py:137} INFO - [2023-06-03T00:29:22.786+0000] {dagbag.py:532} INFO - Filling up the DagBag from /opt/airflow/dags/gcs-connector-hadoop3-2.2.5.jar
[2023-06-03T00:29:22.896+0000] {processor.py:755} WARNING - No viable dags retrieved from /opt/airflow/dags/gcs-connector-hadoop3-2.2.5.jar
[2023-06-03T00:29:22.917+0000] {processor.py:175} INFO - Processing /opt/airflow/dags/gcs-connector-hadoop3-2.2.5.jar took 0.158 seconds
[2023-06-03T00:29:53.008+0000] {processor.py:153} INFO - Started process (PID=152) to work on /opt/airflow/dags/gcs-connector-hadoop3-2.2.5.jar
[2023-06-03T00:29:53.011+0000] {processor.py:743} INFO - Processing file /opt/airflow/dags/gcs-connector-hadoop3-2.2.5.jar for tasks to queue
[2023-06-03T00:29:53.012+0000] {logging_mixin.py:137} INFO - [2023-06-03T00:29:53.012+0000] {dagbag.py:532} INFO - Filling up the DagBag from /opt/airflow/dags/gcs-connector-hadoop3-2.2.5.jar
[2023-06-03T00:29:53.293+0000] {processor.py:755} WARNING - No viable dags retrieved from /opt/airflow/dags/gcs-connector-hadoop3-2.2.5.jar
[2023-06-03T00:29:53.303+0000] {processor.py:175} INFO - Processing /opt/airflow/dags/gcs-connector-hadoop3-2.2.5.jar took 0.298 seconds
[2023-06-03T00:30:23.695+0000] {processor.py:153} INFO - Started process (PID=162) to work on /opt/airflow/dags/gcs-connector-hadoop3-2.2.5.jar
[2023-06-03T00:30:23.697+0000] {processor.py:743} INFO - Processing file /opt/airflow/dags/gcs-connector-hadoop3-2.2.5.jar for tasks to queue
[2023-06-03T00:30:23.698+0000] {logging_mixin.py:137} INFO - [2023-06-03T00:30:23.698+0000] {dagbag.py:532} INFO - Filling up the DagBag from /opt/airflow/dags/gcs-connector-hadoop3-2.2.5.jar
[2023-06-03T00:30:23.881+0000] {processor.py:755} WARNING - No viable dags retrieved from /opt/airflow/dags/gcs-connector-hadoop3-2.2.5.jar
[2023-06-03T00:30:23.893+0000] {processor.py:175} INFO - Processing /opt/airflow/dags/gcs-connector-hadoop3-2.2.5.jar took 0.201 seconds
[2023-06-03T00:30:54.253+0000] {processor.py:153} INFO - Started process (PID=172) to work on /opt/airflow/dags/gcs-connector-hadoop3-2.2.5.jar
[2023-06-03T00:30:54.255+0000] {processor.py:743} INFO - Processing file /opt/airflow/dags/gcs-connector-hadoop3-2.2.5.jar for tasks to queue
[2023-06-03T00:30:54.255+0000] {logging_mixin.py:137} INFO - [2023-06-03T00:30:54.255+0000] {dagbag.py:532} INFO - Filling up the DagBag from /opt/airflow/dags/gcs-connector-hadoop3-2.2.5.jar
[2023-06-03T00:30:54.452+0000] {processor.py:755} WARNING - No viable dags retrieved from /opt/airflow/dags/gcs-connector-hadoop3-2.2.5.jar
[2023-06-03T00:30:54.463+0000] {processor.py:175} INFO - Processing /opt/airflow/dags/gcs-connector-hadoop3-2.2.5.jar took 0.213 seconds
[2023-06-03T00:31:24.841+0000] {processor.py:153} INFO - Started process (PID=183) to work on /opt/airflow/dags/gcs-connector-hadoop3-2.2.5.jar
[2023-06-03T00:31:24.843+0000] {processor.py:743} INFO - Processing file /opt/airflow/dags/gcs-connector-hadoop3-2.2.5.jar for tasks to queue
[2023-06-03T00:31:24.844+0000] {logging_mixin.py:137} INFO - [2023-06-03T00:31:24.844+0000] {dagbag.py:532} INFO - Filling up the DagBag from /opt/airflow/dags/gcs-connector-hadoop3-2.2.5.jar
[2023-06-03T00:31:25.021+0000] {processor.py:755} WARNING - No viable dags retrieved from /opt/airflow/dags/gcs-connector-hadoop3-2.2.5.jar
[2023-06-03T00:31:25.031+0000] {processor.py:175} INFO - Processing /opt/airflow/dags/gcs-connector-hadoop3-2.2.5.jar took 0.194 seconds
[2023-06-03T00:31:55.433+0000] {processor.py:153} INFO - Started process (PID=193) to work on /opt/airflow/dags/gcs-connector-hadoop3-2.2.5.jar
[2023-06-03T00:31:55.435+0000] {processor.py:743} INFO - Processing file /opt/airflow/dags/gcs-connector-hadoop3-2.2.5.jar for tasks to queue
[2023-06-03T00:31:55.437+0000] {logging_mixin.py:137} INFO - [2023-06-03T00:31:55.437+0000] {dagbag.py:532} INFO - Filling up the DagBag from /opt/airflow/dags/gcs-connector-hadoop3-2.2.5.jar
[2023-06-03T00:31:55.658+0000] {processor.py:755} WARNING - No viable dags retrieved from /opt/airflow/dags/gcs-connector-hadoop3-2.2.5.jar
[2023-06-03T00:31:55.673+0000] {processor.py:175} INFO - Processing /opt/airflow/dags/gcs-connector-hadoop3-2.2.5.jar took 0.245 seconds
