[2023-06-22T07:08:30.959+0000] {taskinstance.py:1090} INFO - Dependencies all met for dep_context=non-requeueable deps ti=<TaskInstance: showpulse_dbt_dag.dbt_run scheduled__2023-06-22T07:07:26.444078+00:00 [queued]>
[2023-06-22T07:08:30.965+0000] {taskinstance.py:1090} INFO - Dependencies all met for dep_context=requeueable deps ti=<TaskInstance: showpulse_dbt_dag.dbt_run scheduled__2023-06-22T07:07:26.444078+00:00 [queued]>
[2023-06-22T07:08:30.966+0000] {taskinstance.py:1288} INFO - 
--------------------------------------------------------------------------------
[2023-06-22T07:08:30.966+0000] {taskinstance.py:1289} INFO - Starting attempt 1 of 1
[2023-06-22T07:08:30.967+0000] {taskinstance.py:1290} INFO - 
--------------------------------------------------------------------------------
[2023-06-22T07:08:30.975+0000] {taskinstance.py:1309} INFO - Executing <Task(BashOperator): dbt_run> on 2023-06-22 07:07:26.444078+00:00
[2023-06-22T07:08:30.978+0000] {standard_task_runner.py:55} INFO - Started process 15815 to run task
[2023-06-22T07:08:30.982+0000] {standard_task_runner.py:82} INFO - Running: ['***', 'tasks', 'run', 'showpulse_dbt_dag', 'dbt_run', 'scheduled__2023-06-22T07:07:26.444078+00:00', '--job-id', '1834', '--raw', '--subdir', 'DAGS_FOLDER/dbt_run.py', '--cfg-path', '/tmp/tmpxy1y4owq']
[2023-06-22T07:08:30.983+0000] {standard_task_runner.py:83} INFO - Job 1834: Subtask dbt_run
[2023-06-22T07:08:31.048+0000] {task_command.py:389} INFO - Running <TaskInstance: showpulse_dbt_dag.dbt_run scheduled__2023-06-22T07:07:26.444078+00:00 [running]> on host 62cfed75eae1
[2023-06-22T07:08:31.101+0000] {taskinstance.py:1518} INFO - Exporting the following env vars:
AIRFLOW_CTX_DAG_OWNER=nburkett
AIRFLOW_CTX_DAG_ID=showpulse_dbt_dag
AIRFLOW_CTX_TASK_ID=dbt_run
AIRFLOW_CTX_EXECUTION_DATE=2023-06-22T07:07:26.444078+00:00
AIRFLOW_CTX_TRY_NUMBER=1
AIRFLOW_CTX_DAG_RUN_ID=scheduled__2023-06-22T07:07:26.444078+00:00
[2023-06-22T07:08:31.102+0000] {subprocess.py:63} INFO - Tmp dir root location: 
 /tmp
[2023-06-22T07:08:31.103+0000] {subprocess.py:75} INFO - Running command: ['/bin/bash', '-c', 'cd /dbt/ticketmaster_transformation && dbt run']
[2023-06-22T07:08:31.112+0000] {subprocess.py:86} INFO - Output:
[2023-06-22T07:08:32.938+0000] {subprocess.py:93} INFO - [0m07:08:32  Running with dbt=1.5.1
[2023-06-22T07:08:33.429+0000] {subprocess.py:93} INFO - [0m07:08:33  Found 4 models, 0 tests, 0 snapshots, 0 analyses, 356 macros, 0 operations, 0 seed files, 3 sources, 0 exposures, 0 metrics, 0 groups
[2023-06-22T07:08:33.437+0000] {subprocess.py:93} INFO - [0m07:08:33
[2023-06-22T07:08:34.665+0000] {subprocess.py:93} INFO - [0m07:08:34  Concurrency: 4 threads (target='dev')
[2023-06-22T07:08:34.668+0000] {subprocess.py:93} INFO - [0m07:08:34
[2023-06-22T07:08:34.680+0000] {subprocess.py:93} INFO - [0m07:08:34  1 of 4 START sql table model twitter_kafka_pyspark_test.distinct_data .......... [RUN]
[2023-06-22T07:08:34.683+0000] {subprocess.py:93} INFO - [0m07:08:34  2 of 4 START sql table model twitter_kafka_pyspark_test.dm_events .............. [RUN]
[2023-06-22T07:08:34.693+0000] {subprocess.py:93} INFO - [0m07:08:34  3 of 4 START sql table model twitter_kafka_pyspark_test.my_first_dbt_model ..... [RUN]
[2023-06-22T07:08:38.148+0000] {subprocess.py:93} INFO - [0m07:08:38  2 of 4 OK created sql table model twitter_kafka_pyspark_test.dm_events ......... [[32mCREATE TABLE (1.3k rows, 178.2 KiB processed)[0m in 3.46s]
[2023-06-22T07:08:38.268+0000] {subprocess.py:93} INFO - [0m07:08:38  1 of 4 OK created sql table model twitter_kafka_pyspark_test.distinct_data ..... [[32mCREATE TABLE (1.1k rows, 638.3 KiB processed)[0m in 3.57s]
[2023-06-22T07:08:38.461+0000] {subprocess.py:93} INFO - [0m07:08:38  3 of 4 OK created sql table model twitter_kafka_pyspark_test.my_first_dbt_model  [[32mCREATE TABLE (2.0 rows, 0 processed)[0m in 3.76s]
[2023-06-22T07:08:38.470+0000] {subprocess.py:93} INFO - [0m07:08:38  4 of 4 START sql view model twitter_kafka_pyspark_test.my_second_dbt_model ..... [RUN]
[2023-06-22T07:08:40.000+0000] {subprocess.py:93} INFO - [0m07:08:40  4 of 4 OK created sql view model twitter_kafka_pyspark_test.my_second_dbt_model  [[32mCREATE VIEW (0 processed)[0m in 1.52s]
[2023-06-22T07:08:40.045+0000] {subprocess.py:93} INFO - [0m07:08:40
[2023-06-22T07:08:40.048+0000] {subprocess.py:93} INFO - [0m07:08:40  Finished running 3 table models, 1 view model in 0 hours 0 minutes and 6.61 seconds (6.61s).
[2023-06-22T07:08:40.080+0000] {subprocess.py:93} INFO - [0m07:08:40
[2023-06-22T07:08:40.081+0000] {subprocess.py:93} INFO - [0m07:08:40  [32mCompleted successfully[0m
[2023-06-22T07:08:40.083+0000] {subprocess.py:93} INFO - [0m07:08:40
[2023-06-22T07:08:40.084+0000] {subprocess.py:93} INFO - [0m07:08:40  Done. PASS=4 WARN=0 ERROR=0 SKIP=0 TOTAL=4
[2023-06-22T07:08:40.898+0000] {subprocess.py:97} INFO - Command exited with return code 0
[2023-06-22T07:08:40.932+0000] {taskinstance.py:1332} INFO - Marking task as SUCCESS. dag_id=showpulse_dbt_dag, task_id=dbt_run, execution_date=20230622T070726, start_date=20230622T070830, end_date=20230622T070840
[2023-06-22T07:08:40.986+0000] {local_task_job.py:212} INFO - Task exited with return code 0
[2023-06-22T07:08:41.000+0000] {taskinstance.py:2596} INFO - 0 downstream tasks scheduled from follow-on schedule check
