[2023-06-21T16:08:53.090+0000] {taskinstance.py:1090} INFO - Dependencies all met for dep_context=non-requeueable deps ti=<TaskInstance: showpulse_dbt_dag.dbt_run scheduled__2023-06-21T16:07:48.869074+00:00 [queued]>
[2023-06-21T16:08:53.096+0000] {taskinstance.py:1090} INFO - Dependencies all met for dep_context=requeueable deps ti=<TaskInstance: showpulse_dbt_dag.dbt_run scheduled__2023-06-21T16:07:48.869074+00:00 [queued]>
[2023-06-21T16:08:53.096+0000] {taskinstance.py:1288} INFO - 
--------------------------------------------------------------------------------
[2023-06-21T16:08:53.097+0000] {taskinstance.py:1289} INFO - Starting attempt 1 of 1
[2023-06-21T16:08:53.097+0000] {taskinstance.py:1290} INFO - 
--------------------------------------------------------------------------------
[2023-06-21T16:08:53.105+0000] {taskinstance.py:1309} INFO - Executing <Task(BashOperator): dbt_run> on 2023-06-21 16:07:48.869074+00:00
[2023-06-21T16:08:53.108+0000] {standard_task_runner.py:55} INFO - Started process 4682 to run task
[2023-06-21T16:08:53.111+0000] {standard_task_runner.py:82} INFO - Running: ['***', 'tasks', 'run', 'showpulse_dbt_dag', 'dbt_run', 'scheduled__2023-06-21T16:07:48.869074+00:00', '--job-id', '834', '--raw', '--subdir', 'DAGS_FOLDER/dbt_run.py', '--cfg-path', '/tmp/tmpqokinysf']
[2023-06-21T16:08:53.112+0000] {standard_task_runner.py:83} INFO - Job 834: Subtask dbt_run
[2023-06-21T16:08:53.165+0000] {task_command.py:389} INFO - Running <TaskInstance: showpulse_dbt_dag.dbt_run scheduled__2023-06-21T16:07:48.869074+00:00 [running]> on host 62cfed75eae1
[2023-06-21T16:08:53.215+0000] {taskinstance.py:1518} INFO - Exporting the following env vars:
AIRFLOW_CTX_DAG_OWNER=nburkett
AIRFLOW_CTX_DAG_ID=showpulse_dbt_dag
AIRFLOW_CTX_TASK_ID=dbt_run
AIRFLOW_CTX_EXECUTION_DATE=2023-06-21T16:07:48.869074+00:00
AIRFLOW_CTX_TRY_NUMBER=1
AIRFLOW_CTX_DAG_RUN_ID=scheduled__2023-06-21T16:07:48.869074+00:00
[2023-06-21T16:08:53.216+0000] {subprocess.py:63} INFO - Tmp dir root location: 
 /tmp
[2023-06-21T16:08:53.217+0000] {subprocess.py:75} INFO - Running command: ['/bin/bash', '-c', 'cd /dbt/ticketmaster_transformation && dbt run']
[2023-06-21T16:08:53.226+0000] {subprocess.py:86} INFO - Output:
[2023-06-21T16:08:54.484+0000] {subprocess.py:93} INFO - [0m16:08:54  Running with dbt=1.5.1
[2023-06-21T16:08:55.012+0000] {subprocess.py:93} INFO - [0m16:08:55  Found 4 models, 0 tests, 0 snapshots, 0 analyses, 356 macros, 0 operations, 0 seed files, 3 sources, 0 exposures, 0 metrics, 0 groups
[2023-06-21T16:08:55.015+0000] {subprocess.py:93} INFO - [0m16:08:55
[2023-06-21T16:08:55.889+0000] {subprocess.py:93} INFO - [0m16:08:55  Concurrency: 4 threads (target='dev')
[2023-06-21T16:08:55.893+0000] {subprocess.py:93} INFO - [0m16:08:55
[2023-06-21T16:08:55.910+0000] {subprocess.py:93} INFO - [0m16:08:55  1 of 4 START sql table model twitter_kafka_pyspark_test.distinct_data .......... [RUN]
[2023-06-21T16:08:55.913+0000] {subprocess.py:93} INFO - [0m16:08:55  2 of 4 START sql table model twitter_kafka_pyspark_test.dm_events .............. [RUN]
[2023-06-21T16:08:55.916+0000] {subprocess.py:93} INFO - [0m16:08:55  3 of 4 START sql table model twitter_kafka_pyspark_test.my_first_dbt_model ..... [RUN]
[2023-06-21T16:08:59.502+0000] {subprocess.py:93} INFO - [0m16:08:59  2 of 4 OK created sql table model twitter_kafka_pyspark_test.dm_events ......... [[32mCREATE TABLE (1.3k rows, 178.2 KiB processed)[0m in 3.58s]
[2023-06-21T16:08:59.966+0000] {subprocess.py:93} INFO - [0m16:08:59  3 of 4 OK created sql table model twitter_kafka_pyspark_test.my_first_dbt_model  [[32mCREATE TABLE (2.0 rows, 0 processed)[0m in 4.04s]
[2023-06-21T16:08:59.976+0000] {subprocess.py:93} INFO - [0m16:08:59  4 of 4 START sql view model twitter_kafka_pyspark_test.my_second_dbt_model ..... [RUN]
[2023-06-21T16:09:00.024+0000] {subprocess.py:93} INFO - [0m16:09:00  1 of 4 OK created sql table model twitter_kafka_pyspark_test.distinct_data ..... [[32mCREATE TABLE (1.1k rows, 638.3 KiB processed)[0m in 4.10s]
[2023-06-21T16:09:01.283+0000] {subprocess.py:93} INFO - [0m16:09:01  4 of 4 OK created sql view model twitter_kafka_pyspark_test.my_second_dbt_model  [[32mCREATE VIEW (0 processed)[0m in 1.30s]
[2023-06-21T16:09:01.361+0000] {subprocess.py:93} INFO - [0m16:09:01
[2023-06-21T16:09:01.363+0000] {subprocess.py:93} INFO - [0m16:09:01  Finished running 3 table models, 1 view model in 0 hours 0 minutes and 6.34 seconds (6.34s).
[2023-06-21T16:09:01.391+0000] {subprocess.py:93} INFO - [0m16:09:01
[2023-06-21T16:09:01.392+0000] {subprocess.py:93} INFO - [0m16:09:01  [32mCompleted successfully[0m
[2023-06-21T16:09:01.394+0000] {subprocess.py:93} INFO - [0m16:09:01
[2023-06-21T16:09:01.395+0000] {subprocess.py:93} INFO - [0m16:09:01  Done. PASS=4 WARN=0 ERROR=0 SKIP=0 TOTAL=4
[2023-06-21T16:09:01.862+0000] {subprocess.py:97} INFO - Command exited with return code 0
[2023-06-21T16:09:01.885+0000] {taskinstance.py:1332} INFO - Marking task as SUCCESS. dag_id=showpulse_dbt_dag, task_id=dbt_run, execution_date=20230621T160748, start_date=20230621T160853, end_date=20230621T160901
[2023-06-21T16:09:01.905+0000] {local_task_job.py:212} INFO - Task exited with return code 0
[2023-06-21T16:09:01.918+0000] {taskinstance.py:2596} INFO - 0 downstream tasks scheduled from follow-on schedule check
