[2023-06-21T00:41:48.292+0000] {taskinstance.py:1090} INFO - Dependencies all met for dep_context=non-requeueable deps ti=<TaskInstance: showpulse_dbt_dag.dbt_run scheduled__2023-06-21T00:40:43.539608+00:00 [queued]>
[2023-06-21T00:41:48.300+0000] {taskinstance.py:1090} INFO - Dependencies all met for dep_context=requeueable deps ti=<TaskInstance: showpulse_dbt_dag.dbt_run scheduled__2023-06-21T00:40:43.539608+00:00 [queued]>
[2023-06-21T00:41:48.300+0000] {taskinstance.py:1288} INFO - 
--------------------------------------------------------------------------------
[2023-06-21T00:41:48.301+0000] {taskinstance.py:1289} INFO - Starting attempt 1 of 1
[2023-06-21T00:41:48.302+0000] {taskinstance.py:1290} INFO - 
--------------------------------------------------------------------------------
[2023-06-21T00:41:48.310+0000] {taskinstance.py:1309} INFO - Executing <Task(BashOperator): dbt_run> on 2023-06-21 00:40:43.539608+00:00
[2023-06-21T00:41:48.314+0000] {standard_task_runner.py:55} INFO - Started process 1052 to run task
[2023-06-21T00:41:48.318+0000] {standard_task_runner.py:82} INFO - Running: ['***', 'tasks', 'run', 'showpulse_dbt_dag', 'dbt_run', 'scheduled__2023-06-21T00:40:43.539608+00:00', '--job-id', '462', '--raw', '--subdir', 'DAGS_FOLDER/dbt_run.py', '--cfg-path', '/tmp/tmphhk152ve']
[2023-06-21T00:41:48.319+0000] {standard_task_runner.py:83} INFO - Job 462: Subtask dbt_run
[2023-06-21T00:41:48.382+0000] {task_command.py:389} INFO - Running <TaskInstance: showpulse_dbt_dag.dbt_run scheduled__2023-06-21T00:40:43.539608+00:00 [running]> on host 62cfed75eae1
[2023-06-21T00:41:48.440+0000] {taskinstance.py:1518} INFO - Exporting the following env vars:
AIRFLOW_CTX_DAG_OWNER=nburkett
AIRFLOW_CTX_DAG_ID=showpulse_dbt_dag
AIRFLOW_CTX_TASK_ID=dbt_run
AIRFLOW_CTX_EXECUTION_DATE=2023-06-21T00:40:43.539608+00:00
AIRFLOW_CTX_TRY_NUMBER=1
AIRFLOW_CTX_DAG_RUN_ID=scheduled__2023-06-21T00:40:43.539608+00:00
[2023-06-21T00:41:48.441+0000] {subprocess.py:63} INFO - Tmp dir root location: 
 /tmp
[2023-06-21T00:41:48.442+0000] {subprocess.py:75} INFO - Running command: ['/bin/bash', '-c', 'cd /dbt/ticketmaster_transformation && dbt run']
[2023-06-21T00:41:48.451+0000] {subprocess.py:86} INFO - Output:
[2023-06-21T00:41:49.857+0000] {subprocess.py:93} INFO - [0m00:41:49  Running with dbt=1.5.1
[2023-06-21T00:41:50.434+0000] {subprocess.py:93} INFO - [0m00:41:50  Found 4 models, 0 tests, 0 snapshots, 0 analyses, 356 macros, 0 operations, 0 seed files, 3 sources, 0 exposures, 0 metrics, 0 groups
[2023-06-21T00:41:50.437+0000] {subprocess.py:93} INFO - [0m00:41:50
[2023-06-21T00:41:51.065+0000] {subprocess.py:93} INFO - [0m00:41:51  Concurrency: 4 threads (target='dev')
[2023-06-21T00:41:51.067+0000] {subprocess.py:93} INFO - [0m00:41:51
[2023-06-21T00:41:51.076+0000] {subprocess.py:93} INFO - [0m00:41:51  1 of 4 START sql table model twitter_kafka_pyspark_test.distinct_data .......... [RUN]
[2023-06-21T00:41:51.077+0000] {subprocess.py:93} INFO - [0m00:41:51  2 of 4 START sql table model twitter_kafka_pyspark_test.dm_events .............. [RUN]
[2023-06-21T00:41:51.078+0000] {subprocess.py:93} INFO - [0m00:41:51  3 of 4 START sql table model twitter_kafka_pyspark_test.my_first_dbt_model ..... [RUN]
[2023-06-21T00:41:53.833+0000] {subprocess.py:93} INFO - [0m00:41:53  3 of 4 OK created sql table model twitter_kafka_pyspark_test.my_first_dbt_model  [[32mCREATE TABLE (2.0 rows, 0 processed)[0m in 2.75s]
[2023-06-21T00:41:53.839+0000] {subprocess.py:93} INFO - [0m00:41:53  4 of 4 START sql view model twitter_kafka_pyspark_test.my_second_dbt_model ..... [RUN]
[2023-06-21T00:41:54.161+0000] {subprocess.py:93} INFO - [0m00:41:54  2 of 4 OK created sql table model twitter_kafka_pyspark_test.dm_events ......... [[32mCREATE TABLE (1.3k rows, 178.2 KiB processed)[0m in 3.08s]
[2023-06-21T00:41:54.232+0000] {subprocess.py:93} INFO - [0m00:41:54  1 of 4 OK created sql table model twitter_kafka_pyspark_test.distinct_data ..... [[32mCREATE TABLE (1.1k rows, 638.3 KiB processed)[0m in 3.15s]
[2023-06-21T00:41:54.751+0000] {subprocess.py:93} INFO - [0m00:41:54  4 of 4 OK created sql view model twitter_kafka_pyspark_test.my_second_dbt_model  [[32mCREATE VIEW (0 processed)[0m in 0.91s]
[2023-06-21T00:41:54.851+0000] {subprocess.py:93} INFO - [0m00:41:54
[2023-06-21T00:41:54.852+0000] {subprocess.py:93} INFO - [0m00:41:54  Finished running 3 table models, 1 view model in 0 hours 0 minutes and 4.41 seconds (4.41s).
[2023-06-21T00:41:54.875+0000] {subprocess.py:93} INFO - [0m00:41:54
[2023-06-21T00:41:54.877+0000] {subprocess.py:93} INFO - [0m00:41:54  [32mCompleted successfully[0m
[2023-06-21T00:41:54.879+0000] {subprocess.py:93} INFO - [0m00:41:54
[2023-06-21T00:41:54.881+0000] {subprocess.py:93} INFO - [0m00:41:54  Done. PASS=4 WARN=0 ERROR=0 SKIP=0 TOTAL=4
[2023-06-21T00:42:00.196+0000] {subprocess.py:97} INFO - Command exited with return code 0
[2023-06-21T00:42:00.226+0000] {taskinstance.py:1332} INFO - Marking task as SUCCESS. dag_id=showpulse_dbt_dag, task_id=dbt_run, execution_date=20230621T004043, start_date=20230621T004148, end_date=20230621T004200
[2023-06-21T00:42:00.257+0000] {local_task_job.py:212} INFO - Task exited with return code 0
[2023-06-21T00:42:00.272+0000] {taskinstance.py:2596} INFO - 0 downstream tasks scheduled from follow-on schedule check
