[2023-06-21T02:33:50.843+0000] {taskinstance.py:1090} INFO - Dependencies all met for dep_context=non-requeueable deps ti=<TaskInstance: showpulse_dbt_dag.dbt_run scheduled__2023-06-21T02:32:46.335148+00:00 [queued]>
[2023-06-21T02:33:50.849+0000] {taskinstance.py:1090} INFO - Dependencies all met for dep_context=requeueable deps ti=<TaskInstance: showpulse_dbt_dag.dbt_run scheduled__2023-06-21T02:32:46.335148+00:00 [queued]>
[2023-06-21T02:33:50.849+0000] {taskinstance.py:1288} INFO - 
--------------------------------------------------------------------------------
[2023-06-21T02:33:50.850+0000] {taskinstance.py:1289} INFO - Starting attempt 1 of 1
[2023-06-21T02:33:50.850+0000] {taskinstance.py:1290} INFO - 
--------------------------------------------------------------------------------
[2023-06-21T02:33:50.858+0000] {taskinstance.py:1309} INFO - Executing <Task(BashOperator): dbt_run> on 2023-06-21 02:32:46.335148+00:00
[2023-06-21T02:33:50.862+0000] {standard_task_runner.py:55} INFO - Started process 2314 to run task
[2023-06-21T02:33:50.865+0000] {standard_task_runner.py:82} INFO - Running: ['***', 'tasks', 'run', 'showpulse_dbt_dag', 'dbt_run', 'scheduled__2023-06-21T02:32:46.335148+00:00', '--job-id', '578', '--raw', '--subdir', 'DAGS_FOLDER/dbt_run.py', '--cfg-path', '/tmp/tmpy4l6_thz']
[2023-06-21T02:33:50.866+0000] {standard_task_runner.py:83} INFO - Job 578: Subtask dbt_run
[2023-06-21T02:33:50.919+0000] {task_command.py:389} INFO - Running <TaskInstance: showpulse_dbt_dag.dbt_run scheduled__2023-06-21T02:32:46.335148+00:00 [running]> on host 62cfed75eae1
[2023-06-21T02:33:50.968+0000] {taskinstance.py:1518} INFO - Exporting the following env vars:
AIRFLOW_CTX_DAG_OWNER=nburkett
AIRFLOW_CTX_DAG_ID=showpulse_dbt_dag
AIRFLOW_CTX_TASK_ID=dbt_run
AIRFLOW_CTX_EXECUTION_DATE=2023-06-21T02:32:46.335148+00:00
AIRFLOW_CTX_TRY_NUMBER=1
AIRFLOW_CTX_DAG_RUN_ID=scheduled__2023-06-21T02:32:46.335148+00:00
[2023-06-21T02:33:50.969+0000] {subprocess.py:63} INFO - Tmp dir root location: 
 /tmp
[2023-06-21T02:33:50.970+0000] {subprocess.py:75} INFO - Running command: ['/bin/bash', '-c', 'cd /dbt/ticketmaster_transformation && dbt run']
[2023-06-21T02:33:50.978+0000] {subprocess.py:86} INFO - Output:
[2023-06-21T02:33:52.230+0000] {subprocess.py:93} INFO - [0m02:33:52  Running with dbt=1.5.1
[2023-06-21T02:33:52.748+0000] {subprocess.py:93} INFO - [0m02:33:52  Found 4 models, 0 tests, 0 snapshots, 0 analyses, 356 macros, 0 operations, 0 seed files, 3 sources, 0 exposures, 0 metrics, 0 groups
[2023-06-21T02:33:52.750+0000] {subprocess.py:93} INFO - [0m02:33:52
[2023-06-21T02:33:53.815+0000] {subprocess.py:93} INFO - [0m02:33:53  Concurrency: 4 threads (target='dev')
[2023-06-21T02:33:53.819+0000] {subprocess.py:93} INFO - [0m02:33:53
[2023-06-21T02:33:53.842+0000] {subprocess.py:93} INFO - [0m02:33:53  1 of 4 START sql table model twitter_kafka_pyspark_test.distinct_data .......... [RUN]
[2023-06-21T02:33:53.845+0000] {subprocess.py:93} INFO - [0m02:33:53  2 of 4 START sql table model twitter_kafka_pyspark_test.dm_events .............. [RUN]
[2023-06-21T02:33:53.847+0000] {subprocess.py:93} INFO - [0m02:33:53  3 of 4 START sql table model twitter_kafka_pyspark_test.my_first_dbt_model ..... [RUN]
[2023-06-21T02:33:57.228+0000] {subprocess.py:93} INFO - [0m02:33:57  2 of 4 OK created sql table model twitter_kafka_pyspark_test.dm_events ......... [[32mCREATE TABLE (1.3k rows, 178.2 KiB processed)[0m in 3.37s]
[2023-06-21T02:33:57.235+0000] {subprocess.py:93} INFO - [0m02:33:57  1 of 4 OK created sql table model twitter_kafka_pyspark_test.distinct_data ..... [[32mCREATE TABLE (1.1k rows, 638.3 KiB processed)[0m in 3.38s]
[2023-06-21T02:33:57.488+0000] {subprocess.py:93} INFO - [0m02:33:57  3 of 4 OK created sql table model twitter_kafka_pyspark_test.my_first_dbt_model  [[32mCREATE TABLE (2.0 rows, 0 processed)[0m in 3.63s]
[2023-06-21T02:33:57.498+0000] {subprocess.py:93} INFO - [0m02:33:57  4 of 4 START sql view model twitter_kafka_pyspark_test.my_second_dbt_model ..... [RUN]
[2023-06-21T02:33:58.579+0000] {subprocess.py:93} INFO - [0m02:33:58  4 of 4 OK created sql view model twitter_kafka_pyspark_test.my_second_dbt_model  [[32mCREATE VIEW (0 processed)[0m in 1.07s]
[2023-06-21T02:33:58.618+0000] {subprocess.py:93} INFO - [0m02:33:58
[2023-06-21T02:33:58.620+0000] {subprocess.py:93} INFO - [0m02:33:58  Finished running 3 table models, 1 view model in 0 hours 0 minutes and 5.87 seconds (5.87s).
[2023-06-21T02:33:58.637+0000] {subprocess.py:93} INFO - [0m02:33:58
[2023-06-21T02:33:58.639+0000] {subprocess.py:93} INFO - [0m02:33:58  [32mCompleted successfully[0m
[2023-06-21T02:33:58.640+0000] {subprocess.py:93} INFO - [0m02:33:58
[2023-06-21T02:33:58.641+0000] {subprocess.py:93} INFO - [0m02:33:58  Done. PASS=4 WARN=0 ERROR=0 SKIP=0 TOTAL=4
[2023-06-21T02:33:59.064+0000] {subprocess.py:97} INFO - Command exited with return code 0
[2023-06-21T02:33:59.088+0000] {taskinstance.py:1332} INFO - Marking task as SUCCESS. dag_id=showpulse_dbt_dag, task_id=dbt_run, execution_date=20230621T023246, start_date=20230621T023350, end_date=20230621T023359
[2023-06-21T02:33:59.136+0000] {local_task_job.py:212} INFO - Task exited with return code 0
[2023-06-21T02:33:59.150+0000] {taskinstance.py:2596} INFO - 0 downstream tasks scheduled from follow-on schedule check
