[2023-06-22T15:30:38.149+0000] {taskinstance.py:1090} INFO - Dependencies all met for dep_context=non-requeueable deps ti=<TaskInstance: showpulse_dbt_dag.dbt_run scheduled__2023-06-22T15:29:34.312677+00:00 [queued]>
[2023-06-22T15:30:38.155+0000] {taskinstance.py:1090} INFO - Dependencies all met for dep_context=requeueable deps ti=<TaskInstance: showpulse_dbt_dag.dbt_run scheduled__2023-06-22T15:29:34.312677+00:00 [queued]>
[2023-06-22T15:30:38.155+0000] {taskinstance.py:1288} INFO - 
--------------------------------------------------------------------------------
[2023-06-22T15:30:38.156+0000] {taskinstance.py:1289} INFO - Starting attempt 1 of 1
[2023-06-22T15:30:38.156+0000] {taskinstance.py:1290} INFO - 
--------------------------------------------------------------------------------
[2023-06-22T15:30:38.164+0000] {taskinstance.py:1309} INFO - Executing <Task(BashOperator): dbt_run> on 2023-06-22 15:29:34.312677+00:00
[2023-06-22T15:30:38.167+0000] {standard_task_runner.py:55} INFO - Started process 16641 to run task
[2023-06-22T15:30:38.171+0000] {standard_task_runner.py:82} INFO - Running: ['***', 'tasks', 'run', 'showpulse_dbt_dag', 'dbt_run', 'scheduled__2023-06-22T15:29:34.312677+00:00', '--job-id', '1926', '--raw', '--subdir', 'DAGS_FOLDER/dbt_run.py', '--cfg-path', '/tmp/tmpsthujzn8']
[2023-06-22T15:30:38.172+0000] {standard_task_runner.py:83} INFO - Job 1926: Subtask dbt_run
[2023-06-22T15:30:38.224+0000] {task_command.py:389} INFO - Running <TaskInstance: showpulse_dbt_dag.dbt_run scheduled__2023-06-22T15:29:34.312677+00:00 [running]> on host 62cfed75eae1
[2023-06-22T15:30:38.274+0000] {taskinstance.py:1518} INFO - Exporting the following env vars:
AIRFLOW_CTX_DAG_OWNER=nburkett
AIRFLOW_CTX_DAG_ID=showpulse_dbt_dag
AIRFLOW_CTX_TASK_ID=dbt_run
AIRFLOW_CTX_EXECUTION_DATE=2023-06-22T15:29:34.312677+00:00
AIRFLOW_CTX_TRY_NUMBER=1
AIRFLOW_CTX_DAG_RUN_ID=scheduled__2023-06-22T15:29:34.312677+00:00
[2023-06-22T15:30:38.276+0000] {subprocess.py:63} INFO - Tmp dir root location: 
 /tmp
[2023-06-22T15:30:38.277+0000] {subprocess.py:75} INFO - Running command: ['/bin/bash', '-c', 'cd /dbt/ticketmaster_transformation && dbt run']
[2023-06-22T15:30:38.286+0000] {subprocess.py:86} INFO - Output:
[2023-06-22T15:30:39.596+0000] {subprocess.py:93} INFO - [0m15:30:39  Running with dbt=1.5.1
[2023-06-22T15:30:40.155+0000] {subprocess.py:93} INFO - [0m15:30:40  Found 4 models, 0 tests, 0 snapshots, 0 analyses, 356 macros, 0 operations, 0 seed files, 3 sources, 0 exposures, 0 metrics, 0 groups
[2023-06-22T15:30:40.158+0000] {subprocess.py:93} INFO - [0m15:30:40
[2023-06-22T15:30:41.171+0000] {subprocess.py:93} INFO - [0m15:30:41  Concurrency: 4 threads (target='dev')
[2023-06-22T15:30:41.173+0000] {subprocess.py:93} INFO - [0m15:30:41
[2023-06-22T15:30:41.183+0000] {subprocess.py:93} INFO - [0m15:30:41  1 of 4 START sql table model twitter_kafka_pyspark_test.distinct_data .......... [RUN]
[2023-06-22T15:30:41.185+0000] {subprocess.py:93} INFO - [0m15:30:41  2 of 4 START sql table model twitter_kafka_pyspark_test.dm_events .............. [RUN]
[2023-06-22T15:30:41.188+0000] {subprocess.py:93} INFO - [0m15:30:41  3 of 4 START sql table model twitter_kafka_pyspark_test.my_first_dbt_model ..... [RUN]
[2023-06-22T15:30:45.146+0000] {subprocess.py:93} INFO - [0m15:30:45  2 of 4 OK created sql table model twitter_kafka_pyspark_test.dm_events ......... [[32mCREATE TABLE (1.3k rows, 178.2 KiB processed)[0m in 3.95s]
[2023-06-22T15:30:45.533+0000] {subprocess.py:93} INFO - [0m15:30:45  1 of 4 OK created sql table model twitter_kafka_pyspark_test.distinct_data ..... [[32mCREATE TABLE (1.1k rows, 638.3 KiB processed)[0m in 4.34s]
[2023-06-22T15:30:45.575+0000] {subprocess.py:93} INFO - [0m15:30:45  3 of 4 OK created sql table model twitter_kafka_pyspark_test.my_first_dbt_model  [[32mCREATE TABLE (2.0 rows, 0 processed)[0m in 4.38s]
[2023-06-22T15:30:45.582+0000] {subprocess.py:93} INFO - [0m15:30:45  4 of 4 START sql view model twitter_kafka_pyspark_test.my_second_dbt_model ..... [RUN]
[2023-06-22T15:30:46.734+0000] {subprocess.py:93} INFO - [0m15:30:46  4 of 4 OK created sql view model twitter_kafka_pyspark_test.my_second_dbt_model  [[32mCREATE VIEW (0 processed)[0m in 1.15s]
[2023-06-22T15:30:46.805+0000] {subprocess.py:93} INFO - [0m15:30:46
[2023-06-22T15:30:46.806+0000] {subprocess.py:93} INFO - [0m15:30:46  Finished running 3 table models, 1 view model in 0 hours 0 minutes and 6.65 seconds (6.65s).
[2023-06-22T15:30:46.828+0000] {subprocess.py:93} INFO - [0m15:30:46
[2023-06-22T15:30:46.830+0000] {subprocess.py:93} INFO - [0m15:30:46  [32mCompleted successfully[0m
[2023-06-22T15:30:46.831+0000] {subprocess.py:93} INFO - [0m15:30:46
[2023-06-22T15:30:46.832+0000] {subprocess.py:93} INFO - [0m15:30:46  Done. PASS=4 WARN=0 ERROR=0 SKIP=0 TOTAL=4
[2023-06-22T15:30:47.328+0000] {subprocess.py:97} INFO - Command exited with return code 0
[2023-06-22T15:30:47.351+0000] {taskinstance.py:1332} INFO - Marking task as SUCCESS. dag_id=showpulse_dbt_dag, task_id=dbt_run, execution_date=20230622T152934, start_date=20230622T153038, end_date=20230622T153047
[2023-06-22T15:30:47.389+0000] {local_task_job.py:212} INFO - Task exited with return code 0
[2023-06-22T15:30:47.402+0000] {taskinstance.py:2596} INFO - 0 downstream tasks scheduled from follow-on schedule check
