[2023-06-22T02:27:32.978+0000] {taskinstance.py:1090} INFO - Dependencies all met for dep_context=non-requeueable deps ti=<TaskInstance: showpulse_dbt_dag.dbt_run scheduled__2023-06-22T02:26:28.425313+00:00 [queued]>
[2023-06-22T02:27:32.985+0000] {taskinstance.py:1090} INFO - Dependencies all met for dep_context=requeueable deps ti=<TaskInstance: showpulse_dbt_dag.dbt_run scheduled__2023-06-22T02:26:28.425313+00:00 [queued]>
[2023-06-22T02:27:32.985+0000] {taskinstance.py:1288} INFO - 
--------------------------------------------------------------------------------
[2023-06-22T02:27:32.986+0000] {taskinstance.py:1289} INFO - Starting attempt 1 of 1
[2023-06-22T02:27:32.986+0000] {taskinstance.py:1290} INFO - 
--------------------------------------------------------------------------------
[2023-06-22T02:27:32.994+0000] {taskinstance.py:1309} INFO - Executing <Task(BashOperator): dbt_run> on 2023-06-22 02:26:28.425313+00:00
[2023-06-22T02:27:32.998+0000] {standard_task_runner.py:55} INFO - Started process 12755 to run task
[2023-06-22T02:27:33.001+0000] {standard_task_runner.py:82} INFO - Running: ['***', 'tasks', 'run', 'showpulse_dbt_dag', 'dbt_run', 'scheduled__2023-06-22T02:26:28.425313+00:00', '--job-id', '1566', '--raw', '--subdir', 'DAGS_FOLDER/dbt_run.py', '--cfg-path', '/tmp/tmpp3w80yl0']
[2023-06-22T02:27:33.002+0000] {standard_task_runner.py:83} INFO - Job 1566: Subtask dbt_run
[2023-06-22T02:27:33.058+0000] {task_command.py:389} INFO - Running <TaskInstance: showpulse_dbt_dag.dbt_run scheduled__2023-06-22T02:26:28.425313+00:00 [running]> on host 62cfed75eae1
[2023-06-22T02:27:33.109+0000] {taskinstance.py:1518} INFO - Exporting the following env vars:
AIRFLOW_CTX_DAG_OWNER=nburkett
AIRFLOW_CTX_DAG_ID=showpulse_dbt_dag
AIRFLOW_CTX_TASK_ID=dbt_run
AIRFLOW_CTX_EXECUTION_DATE=2023-06-22T02:26:28.425313+00:00
AIRFLOW_CTX_TRY_NUMBER=1
AIRFLOW_CTX_DAG_RUN_ID=scheduled__2023-06-22T02:26:28.425313+00:00
[2023-06-22T02:27:33.110+0000] {subprocess.py:63} INFO - Tmp dir root location: 
 /tmp
[2023-06-22T02:27:33.111+0000] {subprocess.py:75} INFO - Running command: ['/bin/bash', '-c', 'cd /dbt/ticketmaster_transformation && dbt run']
[2023-06-22T02:27:33.121+0000] {subprocess.py:86} INFO - Output:
[2023-06-22T02:27:34.347+0000] {subprocess.py:93} INFO - [0m02:27:34  Running with dbt=1.5.1
[2023-06-22T02:27:34.804+0000] {subprocess.py:93} INFO - [0m02:27:34  Found 4 models, 0 tests, 0 snapshots, 0 analyses, 356 macros, 0 operations, 0 seed files, 3 sources, 0 exposures, 0 metrics, 0 groups
[2023-06-22T02:27:34.807+0000] {subprocess.py:93} INFO - [0m02:27:34
[2023-06-22T02:27:35.787+0000] {subprocess.py:93} INFO - [0m02:27:35  Concurrency: 4 threads (target='dev')
[2023-06-22T02:27:35.789+0000] {subprocess.py:93} INFO - [0m02:27:35
[2023-06-22T02:27:35.801+0000] {subprocess.py:93} INFO - [0m02:27:35  1 of 4 START sql table model twitter_kafka_pyspark_test.distinct_data .......... [RUN]
[2023-06-22T02:27:35.803+0000] {subprocess.py:93} INFO - [0m02:27:35  2 of 4 START sql table model twitter_kafka_pyspark_test.dm_events .............. [RUN]
[2023-06-22T02:27:35.806+0000] {subprocess.py:93} INFO - [0m02:27:35  3 of 4 START sql table model twitter_kafka_pyspark_test.my_first_dbt_model ..... [RUN]
[2023-06-22T02:27:38.964+0000] {subprocess.py:93} INFO - [0m02:27:38  1 of 4 OK created sql table model twitter_kafka_pyspark_test.distinct_data ..... [[32mCREATE TABLE (1.1k rows, 638.3 KiB processed)[0m in 3.15s]
[2023-06-22T02:27:38.966+0000] {subprocess.py:93} INFO - [0m02:27:38  2 of 4 OK created sql table model twitter_kafka_pyspark_test.dm_events ......... [[32mCREATE TABLE (1.3k rows, 178.2 KiB processed)[0m in 3.15s]
[2023-06-22T02:27:38.968+0000] {subprocess.py:93} INFO - [0m02:27:38  3 of 4 OK created sql table model twitter_kafka_pyspark_test.my_first_dbt_model  [[32mCREATE TABLE (2.0 rows, 0 processed)[0m in 3.15s]
[2023-06-22T02:27:38.976+0000] {subprocess.py:93} INFO - [0m02:27:38  4 of 4 START sql view model twitter_kafka_pyspark_test.my_second_dbt_model ..... [RUN]
[2023-06-22T02:27:40.203+0000] {subprocess.py:93} INFO - [0m02:27:40  4 of 4 OK created sql view model twitter_kafka_pyspark_test.my_second_dbt_model  [[32mCREATE VIEW (0 processed)[0m in 1.22s]
[2023-06-22T02:27:40.275+0000] {subprocess.py:93} INFO - [0m02:27:40
[2023-06-22T02:27:40.277+0000] {subprocess.py:93} INFO - [0m02:27:40  Finished running 3 table models, 1 view model in 0 hours 0 minutes and 5.47 seconds (5.47s).
[2023-06-22T02:27:40.294+0000] {subprocess.py:93} INFO - [0m02:27:40
[2023-06-22T02:27:40.296+0000] {subprocess.py:93} INFO - [0m02:27:40  [32mCompleted successfully[0m
[2023-06-22T02:27:40.297+0000] {subprocess.py:93} INFO - [0m02:27:40
[2023-06-22T02:27:40.299+0000] {subprocess.py:93} INFO - [0m02:27:40  Done. PASS=4 WARN=0 ERROR=0 SKIP=0 TOTAL=4
[2023-06-22T02:27:40.806+0000] {subprocess.py:97} INFO - Command exited with return code 0
[2023-06-22T02:27:40.830+0000] {taskinstance.py:1332} INFO - Marking task as SUCCESS. dag_id=showpulse_dbt_dag, task_id=dbt_run, execution_date=20230622T022628, start_date=20230622T022732, end_date=20230622T022740
[2023-06-22T02:27:40.868+0000] {local_task_job.py:212} INFO - Task exited with return code 0
[2023-06-22T02:27:40.881+0000] {taskinstance.py:2596} INFO - 0 downstream tasks scheduled from follow-on schedule check
