[2023-06-22T00:10:21.971+0000] {taskinstance.py:1090} INFO - Dependencies all met for dep_context=non-requeueable deps ti=<TaskInstance: showpulse_dbt_dag.pwd2 scheduled__2023-06-22T00:09:19.542692+00:00 [queued]>
[2023-06-22T00:10:21.979+0000] {taskinstance.py:1090} INFO - Dependencies all met for dep_context=requeueable deps ti=<TaskInstance: showpulse_dbt_dag.pwd2 scheduled__2023-06-22T00:09:19.542692+00:00 [queued]>
[2023-06-22T00:10:21.980+0000] {taskinstance.py:1288} INFO - 
--------------------------------------------------------------------------------
[2023-06-22T00:10:21.980+0000] {taskinstance.py:1289} INFO - Starting attempt 1 of 1
[2023-06-22T00:10:21.981+0000] {taskinstance.py:1290} INFO - 
--------------------------------------------------------------------------------
[2023-06-22T00:10:21.990+0000] {taskinstance.py:1309} INFO - Executing <Task(BashOperator): pwd2> on 2023-06-22 00:09:19.542692+00:00
[2023-06-22T00:10:21.993+0000] {standard_task_runner.py:55} INFO - Started process 9403 to run task
[2023-06-22T00:10:21.998+0000] {standard_task_runner.py:82} INFO - Running: ['***', 'tasks', 'run', 'showpulse_dbt_dag', 'pwd2', 'scheduled__2023-06-22T00:09:19.542692+00:00', '--job-id', '1293', '--raw', '--subdir', 'DAGS_FOLDER/dbt_run.py', '--cfg-path', '/tmp/tmp7oo21_rx']
[2023-06-22T00:10:21.999+0000] {standard_task_runner.py:83} INFO - Job 1293: Subtask pwd2
[2023-06-22T00:10:22.058+0000] {task_command.py:389} INFO - Running <TaskInstance: showpulse_dbt_dag.pwd2 scheduled__2023-06-22T00:09:19.542692+00:00 [running]> on host 62cfed75eae1
[2023-06-22T00:10:22.108+0000] {taskinstance.py:1518} INFO - Exporting the following env vars:
AIRFLOW_CTX_DAG_OWNER=nburkett
AIRFLOW_CTX_DAG_ID=showpulse_dbt_dag
AIRFLOW_CTX_TASK_ID=pwd2
AIRFLOW_CTX_EXECUTION_DATE=2023-06-22T00:09:19.542692+00:00
AIRFLOW_CTX_TRY_NUMBER=1
AIRFLOW_CTX_DAG_RUN_ID=scheduled__2023-06-22T00:09:19.542692+00:00
[2023-06-22T00:10:22.109+0000] {subprocess.py:63} INFO - Tmp dir root location: 
 /tmp
[2023-06-22T00:10:22.110+0000] {subprocess.py:75} INFO - Running command: ['/bin/bash', '-c', 'cd /dbt/ticketmaster_transformation && pwd && ls']
[2023-06-22T00:10:22.118+0000] {subprocess.py:86} INFO - Output:
[2023-06-22T00:10:22.120+0000] {subprocess.py:93} INFO - /dbt/ticketmaster_transformation
[2023-06-22T00:10:22.122+0000] {subprocess.py:93} INFO - README.md
[2023-06-22T00:10:22.122+0000] {subprocess.py:93} INFO - analyses
[2023-06-22T00:10:22.123+0000] {subprocess.py:93} INFO - dbt_packages
[2023-06-22T00:10:22.123+0000] {subprocess.py:93} INFO - dbt_project.yml
[2023-06-22T00:10:22.124+0000] {subprocess.py:93} INFO - logs
[2023-06-22T00:10:22.124+0000] {subprocess.py:93} INFO - macros
[2023-06-22T00:10:22.124+0000] {subprocess.py:93} INFO - models
[2023-06-22T00:10:22.125+0000] {subprocess.py:93} INFO - profiles.yml
[2023-06-22T00:10:22.125+0000] {subprocess.py:93} INFO - seeds
[2023-06-22T00:10:22.126+0000] {subprocess.py:93} INFO - snapshots
[2023-06-22T00:10:22.126+0000] {subprocess.py:93} INFO - target
[2023-06-22T00:10:22.127+0000] {subprocess.py:93} INFO - tests
[2023-06-22T00:10:22.127+0000] {subprocess.py:97} INFO - Command exited with return code 0
[2023-06-22T00:10:22.148+0000] {taskinstance.py:1332} INFO - Marking task as SUCCESS. dag_id=showpulse_dbt_dag, task_id=pwd2, execution_date=20230622T000919, start_date=20230622T001021, end_date=20230622T001022
[2023-06-22T00:10:22.170+0000] {local_task_job.py:212} INFO - Task exited with return code 0
[2023-06-22T00:10:22.187+0000] {taskinstance.py:2596} INFO - 1 downstream tasks scheduled from follow-on schedule check
