[2023-06-21T12:48:22.209+0000] {taskinstance.py:1090} INFO - Dependencies all met for dep_context=non-requeueable deps ti=<TaskInstance: showpulse_dbt_dag.dbt_run scheduled__2023-06-21T12:47:18.016371+00:00 [queued]>
[2023-06-21T12:48:22.215+0000] {taskinstance.py:1090} INFO - Dependencies all met for dep_context=requeueable deps ti=<TaskInstance: showpulse_dbt_dag.dbt_run scheduled__2023-06-21T12:47:18.016371+00:00 [queued]>
[2023-06-21T12:48:22.216+0000] {taskinstance.py:1288} INFO - 
--------------------------------------------------------------------------------
[2023-06-21T12:48:22.216+0000] {taskinstance.py:1289} INFO - Starting attempt 1 of 1
[2023-06-21T12:48:22.217+0000] {taskinstance.py:1290} INFO - 
--------------------------------------------------------------------------------
[2023-06-21T12:48:22.225+0000] {taskinstance.py:1309} INFO - Executing <Task(BashOperator): dbt_run> on 2023-06-21 12:47:18.016371+00:00
[2023-06-21T12:48:22.229+0000] {standard_task_runner.py:55} INFO - Started process 3446 to run task
[2023-06-21T12:48:22.232+0000] {standard_task_runner.py:82} INFO - Running: ['***', 'tasks', 'run', 'showpulse_dbt_dag', 'dbt_run', 'scheduled__2023-06-21T12:47:18.016371+00:00', '--job-id', '702', '--raw', '--subdir', 'DAGS_FOLDER/dbt_run.py', '--cfg-path', '/tmp/tmp1ndfq2u7']
[2023-06-21T12:48:22.233+0000] {standard_task_runner.py:83} INFO - Job 702: Subtask dbt_run
[2023-06-21T12:48:22.286+0000] {task_command.py:389} INFO - Running <TaskInstance: showpulse_dbt_dag.dbt_run scheduled__2023-06-21T12:47:18.016371+00:00 [running]> on host 62cfed75eae1
[2023-06-21T12:48:22.337+0000] {taskinstance.py:1518} INFO - Exporting the following env vars:
AIRFLOW_CTX_DAG_OWNER=nburkett
AIRFLOW_CTX_DAG_ID=showpulse_dbt_dag
AIRFLOW_CTX_TASK_ID=dbt_run
AIRFLOW_CTX_EXECUTION_DATE=2023-06-21T12:47:18.016371+00:00
AIRFLOW_CTX_TRY_NUMBER=1
AIRFLOW_CTX_DAG_RUN_ID=scheduled__2023-06-21T12:47:18.016371+00:00
[2023-06-21T12:48:22.338+0000] {subprocess.py:63} INFO - Tmp dir root location: 
 /tmp
[2023-06-21T12:48:22.339+0000] {subprocess.py:75} INFO - Running command: ['/bin/bash', '-c', 'cd /dbt/ticketmaster_transformation && dbt run']
[2023-06-21T12:48:22.348+0000] {subprocess.py:86} INFO - Output:
[2023-06-21T12:48:23.598+0000] {subprocess.py:93} INFO - [0m12:48:23  Running with dbt=1.5.1
[2023-06-21T12:48:24.092+0000] {subprocess.py:93} INFO - [0m12:48:24  Found 4 models, 0 tests, 0 snapshots, 0 analyses, 356 macros, 0 operations, 0 seed files, 3 sources, 0 exposures, 0 metrics, 0 groups
[2023-06-21T12:48:24.095+0000] {subprocess.py:93} INFO - [0m12:48:24
[2023-06-21T12:48:24.995+0000] {subprocess.py:93} INFO - [0m12:48:24  Concurrency: 4 threads (target='dev')
[2023-06-21T12:48:24.997+0000] {subprocess.py:93} INFO - [0m12:48:24
[2023-06-21T12:48:25.010+0000] {subprocess.py:93} INFO - [0m12:48:25  1 of 4 START sql table model twitter_kafka_pyspark_test.distinct_data .......... [RUN]
[2023-06-21T12:48:25.013+0000] {subprocess.py:93} INFO - [0m12:48:25  2 of 4 START sql table model twitter_kafka_pyspark_test.dm_events .............. [RUN]
[2023-06-21T12:48:25.015+0000] {subprocess.py:93} INFO - [0m12:48:25  3 of 4 START sql table model twitter_kafka_pyspark_test.my_first_dbt_model ..... [RUN]
[2023-06-21T12:48:28.200+0000] {subprocess.py:93} INFO - [0m12:48:28  3 of 4 OK created sql table model twitter_kafka_pyspark_test.my_first_dbt_model  [[32mCREATE TABLE (2.0 rows, 0 processed)[0m in 3.18s]
[2023-06-21T12:48:28.206+0000] {subprocess.py:93} INFO - [0m12:48:28  4 of 4 START sql view model twitter_kafka_pyspark_test.my_second_dbt_model ..... [RUN]
[2023-06-21T12:48:28.790+0000] {subprocess.py:93} INFO - [0m12:48:28  2 of 4 OK created sql table model twitter_kafka_pyspark_test.dm_events ......... [[32mCREATE TABLE (1.3k rows, 178.2 KiB processed)[0m in 3.76s]
[2023-06-21T12:48:29.228+0000] {subprocess.py:93} INFO - [0m12:48:29  4 of 4 OK created sql view model twitter_kafka_pyspark_test.my_second_dbt_model  [[32mCREATE VIEW (0 processed)[0m in 1.02s]
[2023-06-21T12:48:29.341+0000] {subprocess.py:93} INFO - [0m12:48:29  1 of 4 OK created sql table model twitter_kafka_pyspark_test.distinct_data ..... [[32mCREATE TABLE (1.1k rows, 638.3 KiB processed)[0m in 4.32s]
[2023-06-21T12:48:29.407+0000] {subprocess.py:93} INFO - [0m12:48:29
[2023-06-21T12:48:29.413+0000] {subprocess.py:93} INFO - [0m12:48:29  Finished running 3 table models, 1 view model in 0 hours 0 minutes and 5.31 seconds (5.31s).
[2023-06-21T12:48:29.444+0000] {subprocess.py:93} INFO - [0m12:48:29
[2023-06-21T12:48:29.445+0000] {subprocess.py:93} INFO - [0m12:48:29  [32mCompleted successfully[0m
[2023-06-21T12:48:29.446+0000] {subprocess.py:93} INFO - [0m12:48:29
[2023-06-21T12:48:29.448+0000] {subprocess.py:93} INFO - [0m12:48:29  Done. PASS=4 WARN=0 ERROR=0 SKIP=0 TOTAL=4
[2023-06-21T12:48:29.891+0000] {subprocess.py:97} INFO - Command exited with return code 0
[2023-06-21T12:48:29.916+0000] {taskinstance.py:1332} INFO - Marking task as SUCCESS. dag_id=showpulse_dbt_dag, task_id=dbt_run, execution_date=20230621T124718, start_date=20230621T124822, end_date=20230621T124829
[2023-06-21T12:48:29.960+0000] {local_task_job.py:212} INFO - Task exited with return code 0
[2023-06-21T12:48:29.973+0000] {taskinstance.py:2596} INFO - 0 downstream tasks scheduled from follow-on schedule check
