[2023-06-21T00:54:48.262+0000] {taskinstance.py:1090} INFO - Dependencies all met for dep_context=non-requeueable deps ti=<TaskInstance: showpulse_dbt_dag.dbt_run scheduled__2023-06-21T00:53:43.539608+00:00 [queued]>
[2023-06-21T00:54:48.269+0000] {taskinstance.py:1090} INFO - Dependencies all met for dep_context=requeueable deps ti=<TaskInstance: showpulse_dbt_dag.dbt_run scheduled__2023-06-21T00:53:43.539608+00:00 [queued]>
[2023-06-21T00:54:48.269+0000] {taskinstance.py:1288} INFO - 
--------------------------------------------------------------------------------
[2023-06-21T00:54:48.270+0000] {taskinstance.py:1289} INFO - Starting attempt 1 of 1
[2023-06-21T00:54:48.270+0000] {taskinstance.py:1290} INFO - 
--------------------------------------------------------------------------------
[2023-06-21T00:54:48.279+0000] {taskinstance.py:1309} INFO - Executing <Task(BashOperator): dbt_run> on 2023-06-21 00:53:43.539608+00:00
[2023-06-21T00:54:48.283+0000] {standard_task_runner.py:55} INFO - Started process 1691 to run task
[2023-06-21T00:54:48.286+0000] {standard_task_runner.py:82} INFO - Running: ['***', 'tasks', 'run', 'showpulse_dbt_dag', 'dbt_run', 'scheduled__2023-06-21T00:53:43.539608+00:00', '--job-id', '514', '--raw', '--subdir', 'DAGS_FOLDER/dbt_run.py', '--cfg-path', '/tmp/tmp6wwhp7tn']
[2023-06-21T00:54:48.287+0000] {standard_task_runner.py:83} INFO - Job 514: Subtask dbt_run
[2023-06-21T00:54:48.351+0000] {task_command.py:389} INFO - Running <TaskInstance: showpulse_dbt_dag.dbt_run scheduled__2023-06-21T00:53:43.539608+00:00 [running]> on host 62cfed75eae1
[2023-06-21T00:54:48.413+0000] {taskinstance.py:1518} INFO - Exporting the following env vars:
AIRFLOW_CTX_DAG_OWNER=nburkett
AIRFLOW_CTX_DAG_ID=showpulse_dbt_dag
AIRFLOW_CTX_TASK_ID=dbt_run
AIRFLOW_CTX_EXECUTION_DATE=2023-06-21T00:53:43.539608+00:00
AIRFLOW_CTX_TRY_NUMBER=1
AIRFLOW_CTX_DAG_RUN_ID=scheduled__2023-06-21T00:53:43.539608+00:00
[2023-06-21T00:54:48.415+0000] {subprocess.py:63} INFO - Tmp dir root location: 
 /tmp
[2023-06-21T00:54:48.416+0000] {subprocess.py:75} INFO - Running command: ['/bin/bash', '-c', 'cd /dbt/ticketmaster_transformation && dbt run']
[2023-06-21T00:54:48.425+0000] {subprocess.py:86} INFO - Output:
[2023-06-21T00:54:49.736+0000] {subprocess.py:93} INFO - [0m00:54:49  Running with dbt=1.5.1
[2023-06-21T00:54:50.279+0000] {subprocess.py:93} INFO - [0m00:54:50  Found 4 models, 0 tests, 0 snapshots, 0 analyses, 356 macros, 0 operations, 0 seed files, 3 sources, 0 exposures, 0 metrics, 0 groups
[2023-06-21T00:54:50.282+0000] {subprocess.py:93} INFO - [0m00:54:50
[2023-06-21T00:54:51.179+0000] {subprocess.py:93} INFO - [0m00:54:51  Concurrency: 4 threads (target='dev')
[2023-06-21T00:54:51.183+0000] {subprocess.py:93} INFO - [0m00:54:51
[2023-06-21T00:54:51.201+0000] {subprocess.py:93} INFO - [0m00:54:51  1 of 4 START sql table model twitter_kafka_pyspark_test.distinct_data .......... [RUN]
[2023-06-21T00:54:51.204+0000] {subprocess.py:93} INFO - [0m00:54:51  2 of 4 START sql table model twitter_kafka_pyspark_test.dm_events .............. [RUN]
[2023-06-21T00:54:51.206+0000] {subprocess.py:93} INFO - [0m00:54:51  3 of 4 START sql table model twitter_kafka_pyspark_test.my_first_dbt_model ..... [RUN]
[2023-06-21T00:54:54.137+0000] {subprocess.py:93} INFO - [0m00:54:54  3 of 4 OK created sql table model twitter_kafka_pyspark_test.my_first_dbt_model  [[32mCREATE TABLE (2.0 rows, 0 processed)[0m in 2.92s]
[2023-06-21T00:54:54.144+0000] {subprocess.py:93} INFO - [0m00:54:54  4 of 4 START sql view model twitter_kafka_pyspark_test.my_second_dbt_model ..... [RUN]
[2023-06-21T00:54:54.450+0000] {subprocess.py:93} INFO - [0m00:54:54  2 of 4 OK created sql table model twitter_kafka_pyspark_test.dm_events ......... [[32mCREATE TABLE (1.3k rows, 178.2 KiB processed)[0m in 3.23s]
[2023-06-21T00:54:54.764+0000] {subprocess.py:93} INFO - [0m00:54:54  1 of 4 OK created sql table model twitter_kafka_pyspark_test.distinct_data ..... [[32mCREATE TABLE (1.1k rows, 638.3 KiB processed)[0m in 3.55s]
[2023-06-21T00:54:55.196+0000] {subprocess.py:93} INFO - [0m00:54:55  4 of 4 OK created sql view model twitter_kafka_pyspark_test.my_second_dbt_model  [[32mCREATE VIEW (0 processed)[0m in 1.05s]
[2023-06-21T00:54:55.260+0000] {subprocess.py:93} INFO - [0m00:54:55
[2023-06-21T00:54:55.262+0000] {subprocess.py:93} INFO - [0m00:54:55  Finished running 3 table models, 1 view model in 0 hours 0 minutes and 4.98 seconds (4.98s).
[2023-06-21T00:54:55.280+0000] {subprocess.py:93} INFO - [0m00:54:55
[2023-06-21T00:54:55.281+0000] {subprocess.py:93} INFO - [0m00:54:55  [32mCompleted successfully[0m
[2023-06-21T00:54:55.283+0000] {subprocess.py:93} INFO - [0m00:54:55
[2023-06-21T00:54:55.284+0000] {subprocess.py:93} INFO - [0m00:54:55  Done. PASS=4 WARN=0 ERROR=0 SKIP=0 TOTAL=4
[2023-06-21T00:54:55.738+0000] {subprocess.py:97} INFO - Command exited with return code 0
[2023-06-21T00:54:55.761+0000] {taskinstance.py:1332} INFO - Marking task as SUCCESS. dag_id=showpulse_dbt_dag, task_id=dbt_run, execution_date=20230621T005343, start_date=20230621T005448, end_date=20230621T005455
[2023-06-21T00:54:55.797+0000] {local_task_job.py:212} INFO - Task exited with return code 0
[2023-06-21T00:54:55.810+0000] {taskinstance.py:2596} INFO - 0 downstream tasks scheduled from follow-on schedule check
