[2023-05-14T00:51:49.251+0000] {taskinstance.py:1090} INFO - Dependencies all met for dep_context=non-requeueable deps ti=<TaskInstance: ny_taxi_local.get_data.bash_get_data scheduled__2023-05-13T00:00:00+00:00 [queued]>
[2023-05-14T00:51:49.259+0000] {taskinstance.py:1090} INFO - Dependencies all met for dep_context=requeueable deps ti=<TaskInstance: ny_taxi_local.get_data.bash_get_data scheduled__2023-05-13T00:00:00+00:00 [queued]>
[2023-05-14T00:51:49.260+0000] {taskinstance.py:1288} INFO - 
--------------------------------------------------------------------------------
[2023-05-14T00:51:49.261+0000] {taskinstance.py:1289} INFO - Starting attempt 1 of 1
[2023-05-14T00:51:49.261+0000] {taskinstance.py:1290} INFO - 
--------------------------------------------------------------------------------
[2023-05-14T00:51:49.277+0000] {taskinstance.py:1309} INFO - Executing <Task(_PythonDecoratedOperator): get_data.bash_get_data> on 2023-05-13 00:00:00+00:00
[2023-05-14T00:51:49.288+0000] {standard_task_runner.py:55} INFO - Started process 60 to run task
[2023-05-14T00:51:49.292+0000] {standard_task_runner.py:82} INFO - Running: ['***', 'tasks', 'run', 'ny_taxi_local', 'get_data.bash_get_data', 'scheduled__2023-05-13T00:00:00+00:00', '--job-id', '102', '--raw', '--subdir', 'DAGS_FOLDER/fetch_and_upload.py', '--cfg-path', '/tmp/tmp7efvz791']
[2023-05-14T00:51:49.296+0000] {standard_task_runner.py:83} INFO - Job 102: Subtask get_data.bash_get_data
[2023-05-14T00:51:49.401+0000] {task_command.py:389} INFO - Running <TaskInstance: ny_taxi_local.get_data.bash_get_data scheduled__2023-05-13T00:00:00+00:00 [running]> on host fdfc81637e26
[2023-05-14T00:51:49.484+0000] {taskinstance.py:1518} INFO - Exporting the following env vars:
AIRFLOW_CTX_DAG_OWNER=***
AIRFLOW_CTX_DAG_ID=ny_taxi_local
AIRFLOW_CTX_TASK_ID=get_data.bash_get_data
AIRFLOW_CTX_EXECUTION_DATE=2023-05-13T00:00:00+00:00
AIRFLOW_CTX_TRY_NUMBER=1
AIRFLOW_CTX_DAG_RUN_ID=scheduled__2023-05-13T00:00:00+00:00
[2023-05-14T00:51:49.487+0000] {subprocess.py:63} INFO - Tmp dir root location: 
 /tmp
[2023-05-14T00:51:49.488+0000] {subprocess.py:75} INFO - Running command: ['/bin/bash', '-c', 'curl -sSL https://d37ci6vzurychx.cloudfront.net/trip-data/yellow_tripdata_2021-01.csv.gz > /opt/***/yellow_tripdata_2021-01.csv.gz']
[2023-05-14T00:51:49.501+0000] {subprocess.py:86} INFO - Output:
[2023-05-14T00:51:49.764+0000] {subprocess.py:97} INFO - Command exited with return code 0
[2023-05-14T00:51:49.765+0000] {logging_mixin.py:137} INFO - File renamed from yellow_tripdata_2021-01.csv.gz to yellow_tripdata_2023-05-14-00-51-49.csv.gz
[2023-05-14T00:51:49.766+0000] {python.py:177} INFO - Done. Returned value was: yellow_tripdata_2023-05-14-00-51-49.csv.gz
[2023-05-14T00:51:49.788+0000] {taskinstance.py:1332} INFO - Marking task as SUCCESS. dag_id=ny_taxi_local, task_id=get_data.bash_get_data, execution_date=20230513T000000, start_date=20230514T005149, end_date=20230514T005149
[2023-05-14T00:51:49.833+0000] {local_task_job.py:212} INFO - Task exited with return code 0
[2023-05-14T00:51:49.866+0000] {taskinstance.py:2596} INFO - 1 downstream tasks scheduled from follow-on schedule check
