[2023-06-22T02:58:32.782+0000] {taskinstance.py:1090} INFO - Dependencies all met for dep_context=non-requeueable deps ti=<TaskInstance: showpulse_dbt_dag.dbt_run scheduled__2023-06-22T02:57:28.440116+00:00 [queued]>
[2023-06-22T02:58:32.789+0000] {taskinstance.py:1090} INFO - Dependencies all met for dep_context=requeueable deps ti=<TaskInstance: showpulse_dbt_dag.dbt_run scheduled__2023-06-22T02:57:28.440116+00:00 [queued]>
[2023-06-22T02:58:32.789+0000] {taskinstance.py:1288} INFO - 
--------------------------------------------------------------------------------
[2023-06-22T02:58:32.790+0000] {taskinstance.py:1289} INFO - Starting attempt 1 of 1
[2023-06-22T02:58:32.790+0000] {taskinstance.py:1290} INFO - 
--------------------------------------------------------------------------------
[2023-06-22T02:58:32.798+0000] {taskinstance.py:1309} INFO - Executing <Task(BashOperator): dbt_run> on 2023-06-22 02:57:28.440116+00:00
[2023-06-22T02:58:32.801+0000] {standard_task_runner.py:55} INFO - Started process 14304 to run task
[2023-06-22T02:58:32.804+0000] {standard_task_runner.py:82} INFO - Running: ['***', 'tasks', 'run', 'showpulse_dbt_dag', 'dbt_run', 'scheduled__2023-06-22T02:57:28.440116+00:00', '--job-id', '1690', '--raw', '--subdir', 'DAGS_FOLDER/dbt_run.py', '--cfg-path', '/tmp/tmpw6bs_g6d']
[2023-06-22T02:58:32.806+0000] {standard_task_runner.py:83} INFO - Job 1690: Subtask dbt_run
[2023-06-22T02:58:32.860+0000] {task_command.py:389} INFO - Running <TaskInstance: showpulse_dbt_dag.dbt_run scheduled__2023-06-22T02:57:28.440116+00:00 [running]> on host 62cfed75eae1
[2023-06-22T02:58:32.917+0000] {taskinstance.py:1518} INFO - Exporting the following env vars:
AIRFLOW_CTX_DAG_OWNER=nburkett
AIRFLOW_CTX_DAG_ID=showpulse_dbt_dag
AIRFLOW_CTX_TASK_ID=dbt_run
AIRFLOW_CTX_EXECUTION_DATE=2023-06-22T02:57:28.440116+00:00
AIRFLOW_CTX_TRY_NUMBER=1
AIRFLOW_CTX_DAG_RUN_ID=scheduled__2023-06-22T02:57:28.440116+00:00
[2023-06-22T02:58:32.918+0000] {subprocess.py:63} INFO - Tmp dir root location: 
 /tmp
[2023-06-22T02:58:32.919+0000] {subprocess.py:75} INFO - Running command: ['/bin/bash', '-c', 'cd /dbt/ticketmaster_transformation && dbt run']
[2023-06-22T02:58:32.931+0000] {subprocess.py:86} INFO - Output:
[2023-06-22T02:58:34.413+0000] {subprocess.py:93} INFO - [0m02:58:34  Running with dbt=1.5.1
[2023-06-22T02:58:35.004+0000] {subprocess.py:93} INFO - [0m02:58:35  Found 4 models, 0 tests, 0 snapshots, 0 analyses, 356 macros, 0 operations, 0 seed files, 3 sources, 0 exposures, 0 metrics, 0 groups
[2023-06-22T02:58:35.006+0000] {subprocess.py:93} INFO - [0m02:58:35
[2023-06-22T02:58:35.765+0000] {subprocess.py:93} INFO - [0m02:58:35  Concurrency: 4 threads (target='dev')
[2023-06-22T02:58:35.767+0000] {subprocess.py:93} INFO - [0m02:58:35
[2023-06-22T02:58:35.776+0000] {subprocess.py:93} INFO - [0m02:58:35  1 of 4 START sql table model twitter_kafka_pyspark_test.distinct_data .......... [RUN]
[2023-06-22T02:58:35.778+0000] {subprocess.py:93} INFO - [0m02:58:35  2 of 4 START sql table model twitter_kafka_pyspark_test.dm_events .............. [RUN]
[2023-06-22T02:58:35.780+0000] {subprocess.py:93} INFO - [0m02:58:35  3 of 4 START sql table model twitter_kafka_pyspark_test.my_first_dbt_model ..... [RUN]
[2023-06-22T02:58:38.388+0000] {subprocess.py:93} INFO - [0m02:58:38  3 of 4 OK created sql table model twitter_kafka_pyspark_test.my_first_dbt_model  [[32mCREATE TABLE (2.0 rows, 0 processed)[0m in 2.60s]
[2023-06-22T02:58:38.396+0000] {subprocess.py:93} INFO - [0m02:58:38  2 of 4 OK created sql table model twitter_kafka_pyspark_test.dm_events ......... [[32mCREATE TABLE (1.3k rows, 178.2 KiB processed)[0m in 2.61s]
[2023-06-22T02:58:38.405+0000] {subprocess.py:93} INFO - [0m02:58:38  4 of 4 START sql view model twitter_kafka_pyspark_test.my_second_dbt_model ..... [RUN]
[2023-06-22T02:58:38.871+0000] {subprocess.py:93} INFO - [0m02:58:38  1 of 4 OK created sql table model twitter_kafka_pyspark_test.distinct_data ..... [[32mCREATE TABLE (1.1k rows, 638.3 KiB processed)[0m in 3.09s]
[2023-06-22T02:58:39.264+0000] {subprocess.py:93} INFO - [0m02:58:39  4 of 4 OK created sql view model twitter_kafka_pyspark_test.my_second_dbt_model  [[32mCREATE VIEW (0 processed)[0m in 0.85s]
[2023-06-22T02:58:39.329+0000] {subprocess.py:93} INFO - [0m02:58:39
[2023-06-22T02:58:39.330+0000] {subprocess.py:93} INFO - [0m02:58:39  Finished running 3 table models, 1 view model in 0 hours 0 minutes and 4.32 seconds (4.32s).
[2023-06-22T02:58:39.349+0000] {subprocess.py:93} INFO - [0m02:58:39
[2023-06-22T02:58:39.351+0000] {subprocess.py:93} INFO - [0m02:58:39  [32mCompleted successfully[0m
[2023-06-22T02:58:39.353+0000] {subprocess.py:93} INFO - [0m02:58:39
[2023-06-22T02:58:39.354+0000] {subprocess.py:93} INFO - [0m02:58:39  Done. PASS=4 WARN=0 ERROR=0 SKIP=0 TOTAL=4
[2023-06-22T02:58:39.767+0000] {subprocess.py:97} INFO - Command exited with return code 0
[2023-06-22T02:58:39.796+0000] {taskinstance.py:1332} INFO - Marking task as SUCCESS. dag_id=showpulse_dbt_dag, task_id=dbt_run, execution_date=20230622T025728, start_date=20230622T025832, end_date=20230622T025839
[2023-06-22T02:58:39.852+0000] {local_task_job.py:212} INFO - Task exited with return code 0
[2023-06-22T02:58:39.868+0000] {taskinstance.py:2596} INFO - 0 downstream tasks scheduled from follow-on schedule check
