[2023-06-21T13:11:19.428+0000] {taskinstance.py:1090} INFO - Dependencies all met for dep_context=non-requeueable deps ti=<TaskInstance: showpulse_dbt_dag.dbt_run scheduled__2023-06-21T13:04:40.000395+00:00 [queued]>
[2023-06-21T13:11:19.437+0000] {taskinstance.py:1090} INFO - Dependencies all met for dep_context=requeueable deps ti=<TaskInstance: showpulse_dbt_dag.dbt_run scheduled__2023-06-21T13:04:40.000395+00:00 [queued]>
[2023-06-21T13:11:19.438+0000] {taskinstance.py:1288} INFO - 
--------------------------------------------------------------------------------
[2023-06-21T13:11:19.439+0000] {taskinstance.py:1289} INFO - Starting attempt 1 of 1
[2023-06-21T13:11:19.439+0000] {taskinstance.py:1290} INFO - 
--------------------------------------------------------------------------------
[2023-06-21T13:11:19.453+0000] {taskinstance.py:1309} INFO - Executing <Task(BashOperator): dbt_run> on 2023-06-21 13:04:40.000395+00:00
[2023-06-21T13:11:19.459+0000] {standard_task_runner.py:55} INFO - Started process 3539 to run task
[2023-06-21T13:11:19.463+0000] {standard_task_runner.py:82} INFO - Running: ['***', 'tasks', 'run', 'showpulse_dbt_dag', 'dbt_run', 'scheduled__2023-06-21T13:04:40.000395+00:00', '--job-id', '714', '--raw', '--subdir', 'DAGS_FOLDER/dbt_run.py', '--cfg-path', '/tmp/tmpb4379hde']
[2023-06-21T13:11:19.464+0000] {standard_task_runner.py:83} INFO - Job 714: Subtask dbt_run
[2023-06-21T13:11:19.525+0000] {task_command.py:389} INFO - Running <TaskInstance: showpulse_dbt_dag.dbt_run scheduled__2023-06-21T13:04:40.000395+00:00 [running]> on host 62cfed75eae1
[2023-06-21T13:11:19.587+0000] {taskinstance.py:1518} INFO - Exporting the following env vars:
AIRFLOW_CTX_DAG_OWNER=nburkett
AIRFLOW_CTX_DAG_ID=showpulse_dbt_dag
AIRFLOW_CTX_TASK_ID=dbt_run
AIRFLOW_CTX_EXECUTION_DATE=2023-06-21T13:04:40.000395+00:00
AIRFLOW_CTX_TRY_NUMBER=1
AIRFLOW_CTX_DAG_RUN_ID=scheduled__2023-06-21T13:04:40.000395+00:00
[2023-06-21T13:11:19.589+0000] {subprocess.py:63} INFO - Tmp dir root location: 
 /tmp
[2023-06-21T13:11:19.590+0000] {subprocess.py:75} INFO - Running command: ['/bin/bash', '-c', 'cd /dbt/ticketmaster_transformation && dbt run']
[2023-06-21T13:11:19.599+0000] {subprocess.py:86} INFO - Output:
[2023-06-21T13:11:20.968+0000] {subprocess.py:93} INFO - [0m13:11:20  Running with dbt=1.5.1
[2023-06-21T13:11:21.541+0000] {subprocess.py:93} INFO - [0m13:11:21  Found 4 models, 0 tests, 0 snapshots, 0 analyses, 356 macros, 0 operations, 0 seed files, 3 sources, 0 exposures, 0 metrics, 0 groups
[2023-06-21T13:11:21.544+0000] {subprocess.py:93} INFO - [0m13:11:21
[2023-06-21T13:11:22.437+0000] {subprocess.py:93} INFO - [0m13:11:22  Concurrency: 4 threads (target='dev')
[2023-06-21T13:11:22.439+0000] {subprocess.py:93} INFO - [0m13:11:22
[2023-06-21T13:11:22.449+0000] {subprocess.py:93} INFO - [0m13:11:22  1 of 4 START sql table model twitter_kafka_pyspark_test.distinct_data .......... [RUN]
[2023-06-21T13:11:22.450+0000] {subprocess.py:93} INFO - [0m13:11:22  2 of 4 START sql table model twitter_kafka_pyspark_test.dm_events .............. [RUN]
[2023-06-21T13:11:22.452+0000] {subprocess.py:93} INFO - [0m13:11:22  3 of 4 START sql table model twitter_kafka_pyspark_test.my_first_dbt_model ..... [RUN]
[2023-06-21T13:11:25.466+0000] {subprocess.py:93} INFO - [0m13:11:25  3 of 4 OK created sql table model twitter_kafka_pyspark_test.my_first_dbt_model  [[32mCREATE TABLE (2.0 rows, 0 processed)[0m in 3.01s]
[2023-06-21T13:11:25.471+0000] {subprocess.py:93} INFO - [0m13:11:25  4 of 4 START sql view model twitter_kafka_pyspark_test.my_second_dbt_model ..... [RUN]
[2023-06-21T13:11:25.885+0000] {subprocess.py:93} INFO - [0m13:11:25  2 of 4 OK created sql table model twitter_kafka_pyspark_test.dm_events ......... [[32mCREATE TABLE (1.3k rows, 178.2 KiB processed)[0m in 3.43s]
[2023-06-21T13:11:26.472+0000] {subprocess.py:93} INFO - [0m13:11:26  1 of 4 OK created sql table model twitter_kafka_pyspark_test.distinct_data ..... [[32mCREATE TABLE (1.1k rows, 638.3 KiB processed)[0m in 4.02s]
[2023-06-21T13:11:26.768+0000] {subprocess.py:93} INFO - [0m13:11:26  4 of 4 OK created sql view model twitter_kafka_pyspark_test.my_second_dbt_model  [[32mCREATE VIEW (0 processed)[0m in 1.29s]
[2023-06-21T13:11:26.825+0000] {subprocess.py:93} INFO - [0m13:11:26
[2023-06-21T13:11:26.827+0000] {subprocess.py:93} INFO - [0m13:11:26  Finished running 3 table models, 1 view model in 0 hours 0 minutes and 5.28 seconds (5.28s).
[2023-06-21T13:11:26.849+0000] {subprocess.py:93} INFO - [0m13:11:26
[2023-06-21T13:11:26.850+0000] {subprocess.py:93} INFO - [0m13:11:26  [32mCompleted successfully[0m
[2023-06-21T13:11:26.852+0000] {subprocess.py:93} INFO - [0m13:11:26
[2023-06-21T13:11:26.853+0000] {subprocess.py:93} INFO - [0m13:11:26  Done. PASS=4 WARN=0 ERROR=0 SKIP=0 TOTAL=4
[2023-06-21T13:11:27.297+0000] {subprocess.py:97} INFO - Command exited with return code 0
[2023-06-21T13:11:27.332+0000] {taskinstance.py:1332} INFO - Marking task as SUCCESS. dag_id=showpulse_dbt_dag, task_id=dbt_run, execution_date=20230621T130440, start_date=20230621T131119, end_date=20230621T131127
[2023-06-21T13:11:27.391+0000] {local_task_job.py:212} INFO - Task exited with return code 0
[2023-06-21T13:11:27.408+0000] {taskinstance.py:2596} INFO - 0 downstream tasks scheduled from follow-on schedule check
