[2023-06-21T11:05:59.927+0000] {taskinstance.py:1090} INFO - Dependencies all met for dep_context=non-requeueable deps ti=<TaskInstance: showpulse_dbt_dag.dbt_change_dir scheduled__2023-06-21T11:04:57.467903+00:00 [queued]>
[2023-06-21T11:05:59.934+0000] {taskinstance.py:1090} INFO - Dependencies all met for dep_context=requeueable deps ti=<TaskInstance: showpulse_dbt_dag.dbt_change_dir scheduled__2023-06-21T11:04:57.467903+00:00 [queued]>
[2023-06-21T11:05:59.935+0000] {taskinstance.py:1288} INFO - 
--------------------------------------------------------------------------------
[2023-06-21T11:05:59.936+0000] {taskinstance.py:1289} INFO - Starting attempt 1 of 1
[2023-06-21T11:05:59.936+0000] {taskinstance.py:1290} INFO - 
--------------------------------------------------------------------------------
[2023-06-21T11:05:59.949+0000] {taskinstance.py:1309} INFO - Executing <Task(BashOperator): dbt_change_dir> on 2023-06-21 11:04:57.467903+00:00
[2023-06-21T11:05:59.953+0000] {standard_task_runner.py:55} INFO - Started process 3270 to run task
[2023-06-21T11:05:59.956+0000] {standard_task_runner.py:82} INFO - Running: ['***', 'tasks', 'run', 'showpulse_dbt_dag', 'dbt_change_dir', 'scheduled__2023-06-21T11:04:57.467903+00:00', '--job-id', '684', '--raw', '--subdir', 'DAGS_FOLDER/dbt_run.py', '--cfg-path', '/tmp/tmpjtrrfqlw']
[2023-06-21T11:05:59.957+0000] {standard_task_runner.py:83} INFO - Job 684: Subtask dbt_change_dir
[2023-06-21T11:06:00.011+0000] {task_command.py:389} INFO - Running <TaskInstance: showpulse_dbt_dag.dbt_change_dir scheduled__2023-06-21T11:04:57.467903+00:00 [running]> on host 62cfed75eae1
[2023-06-21T11:06:00.060+0000] {taskinstance.py:1518} INFO - Exporting the following env vars:
AIRFLOW_CTX_DAG_OWNER=nburkett
AIRFLOW_CTX_DAG_ID=showpulse_dbt_dag
AIRFLOW_CTX_TASK_ID=dbt_change_dir
AIRFLOW_CTX_EXECUTION_DATE=2023-06-21T11:04:57.467903+00:00
AIRFLOW_CTX_TRY_NUMBER=1
AIRFLOW_CTX_DAG_RUN_ID=scheduled__2023-06-21T11:04:57.467903+00:00
[2023-06-21T11:06:00.061+0000] {subprocess.py:63} INFO - Tmp dir root location: 
 /tmp
[2023-06-21T11:06:00.062+0000] {subprocess.py:75} INFO - Running command: ['/bin/bash', '-c', 'cd /dbt/ticketmaster_transformation']
[2023-06-21T11:06:00.070+0000] {subprocess.py:86} INFO - Output:
[2023-06-21T11:06:00.072+0000] {subprocess.py:97} INFO - Command exited with return code 0
[2023-06-21T11:06:00.093+0000] {taskinstance.py:1332} INFO - Marking task as SUCCESS. dag_id=showpulse_dbt_dag, task_id=dbt_change_dir, execution_date=20230621T110457, start_date=20230621T110559, end_date=20230621T110600
[2023-06-21T11:06:00.132+0000] {local_task_job.py:212} INFO - Task exited with return code 0
[2023-06-21T11:06:00.153+0000] {taskinstance.py:2596} INFO - 1 downstream tasks scheduled from follow-on schedule check
