[2023-06-21T00:25:47.883+0000] {taskinstance.py:1090} INFO - Dependencies all met for dep_context=non-requeueable deps ti=<TaskInstance: showpulse_dbt_dag.dbt_run scheduled__2023-06-21T00:24:42.645289+00:00 [queued]>
[2023-06-21T00:25:47.893+0000] {taskinstance.py:1090} INFO - Dependencies all met for dep_context=requeueable deps ti=<TaskInstance: showpulse_dbt_dag.dbt_run scheduled__2023-06-21T00:24:42.645289+00:00 [queued]>
[2023-06-21T00:25:47.894+0000] {taskinstance.py:1288} INFO - 
--------------------------------------------------------------------------------
[2023-06-21T00:25:47.894+0000] {taskinstance.py:1289} INFO - Starting attempt 1 of 1
[2023-06-21T00:25:47.895+0000] {taskinstance.py:1290} INFO - 
--------------------------------------------------------------------------------
[2023-06-21T00:25:47.906+0000] {taskinstance.py:1309} INFO - Executing <Task(BashOperator): dbt_run> on 2023-06-21 00:24:42.645289+00:00
[2023-06-21T00:25:47.911+0000] {standard_task_runner.py:55} INFO - Started process 247 to run task
[2023-06-21T00:25:47.915+0000] {standard_task_runner.py:82} INFO - Running: ['***', 'tasks', 'run', 'showpulse_dbt_dag', 'dbt_run', 'scheduled__2023-06-21T00:24:42.645289+00:00', '--job-id', '398', '--raw', '--subdir', 'DAGS_FOLDER/dbt_run.py', '--cfg-path', '/tmp/tmptflfqxhb']
[2023-06-21T00:25:47.917+0000] {standard_task_runner.py:83} INFO - Job 398: Subtask dbt_run
[2023-06-21T00:25:48.017+0000] {task_command.py:389} INFO - Running <TaskInstance: showpulse_dbt_dag.dbt_run scheduled__2023-06-21T00:24:42.645289+00:00 [running]> on host 62cfed75eae1
[2023-06-21T00:25:48.151+0000] {taskinstance.py:1518} INFO - Exporting the following env vars:
AIRFLOW_CTX_DAG_OWNER=nburkett
AIRFLOW_CTX_DAG_ID=showpulse_dbt_dag
AIRFLOW_CTX_TASK_ID=dbt_run
AIRFLOW_CTX_EXECUTION_DATE=2023-06-21T00:24:42.645289+00:00
AIRFLOW_CTX_TRY_NUMBER=1
AIRFLOW_CTX_DAG_RUN_ID=scheduled__2023-06-21T00:24:42.645289+00:00
[2023-06-21T00:25:48.154+0000] {subprocess.py:63} INFO - Tmp dir root location: 
 /tmp
[2023-06-21T00:25:48.156+0000] {subprocess.py:75} INFO - Running command: ['/bin/bash', '-c', 'cd /dbt/ticketmaster_transformation && dbt run']
[2023-06-21T00:25:48.171+0000] {subprocess.py:86} INFO - Output:
[2023-06-21T00:25:50.748+0000] {subprocess.py:93} INFO - [0m00:25:50  Running with dbt=1.5.1
[2023-06-21T00:25:51.472+0000] {subprocess.py:93} INFO - [0m00:25:51  Found 4 models, 0 tests, 0 snapshots, 0 analyses, 356 macros, 0 operations, 0 seed files, 3 sources, 0 exposures, 0 metrics, 0 groups
[2023-06-21T00:25:51.475+0000] {subprocess.py:93} INFO - [0m00:25:51
[2023-06-21T00:25:52.129+0000] {subprocess.py:93} INFO - [0m00:25:52  Concurrency: 4 threads (target='dev')
[2023-06-21T00:25:52.131+0000] {subprocess.py:93} INFO - [0m00:25:52
[2023-06-21T00:25:52.140+0000] {subprocess.py:93} INFO - [0m00:25:52  1 of 4 START sql table model twitter_kafka_pyspark_test.distinct_data .......... [RUN]
[2023-06-21T00:25:52.141+0000] {subprocess.py:93} INFO - [0m00:25:52  2 of 4 START sql table model twitter_kafka_pyspark_test.dm_events .............. [RUN]
[2023-06-21T00:25:52.143+0000] {subprocess.py:93} INFO - [0m00:25:52  3 of 4 START sql table model twitter_kafka_pyspark_test.my_first_dbt_model ..... [RUN]
[2023-06-21T00:25:55.547+0000] {subprocess.py:93} INFO - [0m00:25:55  3 of 4 OK created sql table model twitter_kafka_pyspark_test.my_first_dbt_model  [[32mCREATE TABLE (2.0 rows, 0 processed)[0m in 3.39s]
[2023-06-21T00:25:55.551+0000] {subprocess.py:93} INFO - [0m00:25:55  4 of 4 START sql view model twitter_kafka_pyspark_test.my_second_dbt_model ..... [RUN]
[2023-06-21T00:25:56.085+0000] {subprocess.py:93} INFO - [0m00:25:56  2 of 4 OK created sql table model twitter_kafka_pyspark_test.dm_events ......... [[32mCREATE TABLE (1.3k rows, 178.2 KiB processed)[0m in 3.94s]
[2023-06-21T00:25:56.429+0000] {subprocess.py:93} INFO - [0m00:25:56  4 of 4 OK created sql view model twitter_kafka_pyspark_test.my_second_dbt_model  [[32mCREATE VIEW (0 processed)[0m in 0.88s]
[2023-06-21T00:25:56.617+0000] {subprocess.py:93} INFO - [0m00:25:56  1 of 4 OK created sql table model twitter_kafka_pyspark_test.distinct_data ..... [[32mCREATE TABLE (1.1k rows, 638.3 KiB processed)[0m in 4.47s]
[2023-06-21T00:25:56.688+0000] {subprocess.py:93} INFO - [0m00:25:56
[2023-06-21T00:25:56.691+0000] {subprocess.py:93} INFO - [0m00:25:56  Finished running 3 table models, 1 view model in 0 hours 0 minutes and 5.21 seconds (5.21s).
[2023-06-21T00:25:56.714+0000] {subprocess.py:93} INFO - [0m00:25:56
[2023-06-21T00:25:56.717+0000] {subprocess.py:93} INFO - [0m00:25:56  [32mCompleted successfully[0m
[2023-06-21T00:25:56.718+0000] {subprocess.py:93} INFO - [0m00:25:56
[2023-06-21T00:25:56.720+0000] {subprocess.py:93} INFO - [0m00:25:56  Done. PASS=4 WARN=0 ERROR=0 SKIP=0 TOTAL=4
[2023-06-21T00:25:57.184+0000] {subprocess.py:97} INFO - Command exited with return code 0
[2023-06-21T00:25:57.267+0000] {taskinstance.py:1332} INFO - Marking task as SUCCESS. dag_id=showpulse_dbt_dag, task_id=dbt_run, execution_date=20230621T002442, start_date=20230621T002547, end_date=20230621T002557
[2023-06-21T00:25:57.317+0000] {local_task_job.py:212} INFO - Task exited with return code 0
[2023-06-21T00:25:57.340+0000] {taskinstance.py:2596} INFO - 0 downstream tasks scheduled from follow-on schedule check
