[2023-05-13T21:58:47.793+0000] {taskinstance.py:1090} INFO - Dependencies all met for dep_context=non-requeueable deps ti=<TaskInstance: ny_taxi_local.create_directory.get_bash_var manual__2023-05-13T21:53:10.179136+00:00 [queued]>
[2023-05-13T21:58:47.799+0000] {taskinstance.py:1090} INFO - Dependencies all met for dep_context=requeueable deps ti=<TaskInstance: ny_taxi_local.create_directory.get_bash_var manual__2023-05-13T21:53:10.179136+00:00 [queued]>
[2023-05-13T21:58:47.800+0000] {taskinstance.py:1288} INFO - 
--------------------------------------------------------------------------------
[2023-05-13T21:58:47.800+0000] {taskinstance.py:1289} INFO - Starting attempt 1 of 1
[2023-05-13T21:58:47.801+0000] {taskinstance.py:1290} INFO - 
--------------------------------------------------------------------------------
[2023-05-13T21:58:47.809+0000] {taskinstance.py:1309} INFO - Executing <Task(_PythonDecoratedOperator): create_directory.get_bash_var> on 2023-05-13 21:53:10.179136+00:00
[2023-05-13T21:58:47.817+0000] {standard_task_runner.py:55} INFO - Started process 1959 to run task
[2023-05-13T21:58:47.823+0000] {standard_task_runner.py:82} INFO - Running: ['***', 'tasks', 'run', 'ny_taxi_local', 'create_directory.get_bash_var', 'manual__2023-05-13T21:53:10.179136+00:00', '--job-id', '58', '--raw', '--subdir', 'DAGS_FOLDER/fetch_and_upload.py', '--cfg-path', '/tmp/tmpk9fnsy9w']
[2023-05-13T21:58:47.826+0000] {standard_task_runner.py:83} INFO - Job 58: Subtask create_directory.get_bash_var
[2023-05-13T21:58:47.917+0000] {task_command.py:389} INFO - Running <TaskInstance: ny_taxi_local.create_directory.get_bash_var manual__2023-05-13T21:53:10.179136+00:00 [running]> on host fdfc81637e26
[2023-05-13T21:58:47.976+0000] {taskinstance.py:1518} INFO - Exporting the following env vars:
AIRFLOW_CTX_DAG_OWNER=***
AIRFLOW_CTX_DAG_ID=ny_taxi_local
AIRFLOW_CTX_TASK_ID=create_directory.get_bash_var
AIRFLOW_CTX_EXECUTION_DATE=2023-05-13T21:53:10.179136+00:00
AIRFLOW_CTX_TRY_NUMBER=1
AIRFLOW_CTX_DAG_RUN_ID=manual__2023-05-13T21:53:10.179136+00:00
[2023-05-13T21:58:47.979+0000] {subprocess.py:63} INFO - Tmp dir root location: 
 /tmp
[2023-05-13T21:58:47.980+0000] {subprocess.py:75} INFO - Running command: ['/bin/bash', '-c', 'echo {{run_id}}']
[2023-05-13T21:58:47.991+0000] {subprocess.py:86} INFO - Output:
[2023-05-13T21:58:47.994+0000] {subprocess.py:93} INFO - {{run_id}}
[2023-05-13T21:58:47.994+0000] {subprocess.py:97} INFO - Command exited with return code 0
[2023-05-13T21:58:47.996+0000] {python.py:177} INFO - Done. Returned value was: {{run_id}}
[2023-05-13T21:58:48.023+0000] {taskinstance.py:1332} INFO - Marking task as SUCCESS. dag_id=ny_taxi_local, task_id=create_directory.get_bash_var, execution_date=20230513T215310, start_date=20230513T215847, end_date=20230513T215848
[2023-05-13T21:58:48.074+0000] {local_task_job.py:212} INFO - Task exited with return code 0
[2023-05-13T21:58:48.091+0000] {taskinstance.py:2596} INFO - 0 downstream tasks scheduled from follow-on schedule check
