[2023-06-23T00:47:34.727+0000] {taskinstance.py:1090} INFO - Dependencies all met for dep_context=non-requeueable deps ti=<TaskInstance: showpulse_dbt_dag.dbt_run scheduled__2023-06-23T00:46:30.826087+00:00 [queued]>
[2023-06-23T00:47:34.732+0000] {taskinstance.py:1090} INFO - Dependencies all met for dep_context=requeueable deps ti=<TaskInstance: showpulse_dbt_dag.dbt_run scheduled__2023-06-23T00:46:30.826087+00:00 [queued]>
[2023-06-23T00:47:34.733+0000] {taskinstance.py:1288} INFO - 
--------------------------------------------------------------------------------
[2023-06-23T00:47:34.733+0000] {taskinstance.py:1289} INFO - Starting attempt 1 of 1
[2023-06-23T00:47:34.734+0000] {taskinstance.py:1290} INFO - 
--------------------------------------------------------------------------------
[2023-06-23T00:47:34.742+0000] {taskinstance.py:1309} INFO - Executing <Task(BashOperator): dbt_run> on 2023-06-23 00:46:30.826087+00:00
[2023-06-23T00:47:34.745+0000] {standard_task_runner.py:55} INFO - Started process 20990 to run task
[2023-06-23T00:47:34.749+0000] {standard_task_runner.py:82} INFO - Running: ['***', 'tasks', 'run', 'showpulse_dbt_dag', 'dbt_run', 'scheduled__2023-06-23T00:46:30.826087+00:00', '--job-id', '2378', '--raw', '--subdir', 'DAGS_FOLDER/dbt_run.py', '--cfg-path', '/tmp/tmpg7f9mds6']
[2023-06-23T00:47:34.750+0000] {standard_task_runner.py:83} INFO - Job 2378: Subtask dbt_run
[2023-06-23T00:47:34.802+0000] {task_command.py:389} INFO - Running <TaskInstance: showpulse_dbt_dag.dbt_run scheduled__2023-06-23T00:46:30.826087+00:00 [running]> on host 62cfed75eae1
[2023-06-23T00:47:34.851+0000] {taskinstance.py:1518} INFO - Exporting the following env vars:
AIRFLOW_CTX_DAG_OWNER=nburkett
AIRFLOW_CTX_DAG_ID=showpulse_dbt_dag
AIRFLOW_CTX_TASK_ID=dbt_run
AIRFLOW_CTX_EXECUTION_DATE=2023-06-23T00:46:30.826087+00:00
AIRFLOW_CTX_TRY_NUMBER=1
AIRFLOW_CTX_DAG_RUN_ID=scheduled__2023-06-23T00:46:30.826087+00:00
[2023-06-23T00:47:34.853+0000] {subprocess.py:63} INFO - Tmp dir root location: 
 /tmp
[2023-06-23T00:47:34.854+0000] {subprocess.py:75} INFO - Running command: ['/bin/bash', '-c', 'cd /dbt/ticketmaster_transformation && dbt run']
[2023-06-23T00:47:34.862+0000] {subprocess.py:86} INFO - Output:
[2023-06-23T00:47:36.135+0000] {subprocess.py:93} INFO - [0m00:47:36  Running with dbt=1.5.1
[2023-06-23T00:47:36.662+0000] {subprocess.py:93} INFO - [0m00:47:36  Found 4 models, 0 tests, 0 snapshots, 0 analyses, 356 macros, 0 operations, 0 seed files, 3 sources, 0 exposures, 0 metrics, 0 groups
[2023-06-23T00:47:36.665+0000] {subprocess.py:93} INFO - [0m00:47:36
[2023-06-23T00:47:37.699+0000] {subprocess.py:93} INFO - [0m00:47:37  Concurrency: 4 threads (target='dev')
[2023-06-23T00:47:37.703+0000] {subprocess.py:93} INFO - [0m00:47:37
[2023-06-23T00:47:37.718+0000] {subprocess.py:93} INFO - [0m00:47:37  1 of 4 START sql table model twitter_kafka_pyspark_test.distinct_data .......... [RUN]
[2023-06-23T00:47:37.721+0000] {subprocess.py:93} INFO - [0m00:47:37  2 of 4 START sql table model twitter_kafka_pyspark_test.dm_events .............. [RUN]
[2023-06-23T00:47:37.723+0000] {subprocess.py:93} INFO - [0m00:47:37  3 of 4 START sql table model twitter_kafka_pyspark_test.my_first_dbt_model ..... [RUN]
[2023-06-23T00:47:40.222+0000] {subprocess.py:93} INFO - [0m00:47:40  3 of 4 OK created sql table model twitter_kafka_pyspark_test.my_first_dbt_model  [[32mCREATE TABLE (2.0 rows, 0 processed)[0m in 2.49s]
[2023-06-23T00:47:40.230+0000] {subprocess.py:93} INFO - [0m00:47:40  4 of 4 START sql view model twitter_kafka_pyspark_test.my_second_dbt_model ..... [RUN]
[2023-06-23T00:47:40.533+0000] {subprocess.py:93} INFO - [0m00:47:40  1 of 4 OK created sql table model twitter_kafka_pyspark_test.distinct_data ..... [[32mCREATE TABLE (1.1k rows, 638.3 KiB processed)[0m in 2.81s]
[2023-06-23T00:47:40.558+0000] {subprocess.py:93} INFO - [0m00:47:40  2 of 4 OK created sql table model twitter_kafka_pyspark_test.dm_events ......... [[32mCREATE TABLE (1.3k rows, 178.2 KiB processed)[0m in 2.83s]
[2023-06-23T00:47:41.146+0000] {subprocess.py:93} INFO - [0m00:47:41  4 of 4 OK created sql view model twitter_kafka_pyspark_test.my_second_dbt_model  [[32mCREATE VIEW (0 processed)[0m in 0.91s]
[2023-06-23T00:47:41.157+0000] {subprocess.py:93} INFO - [0m00:47:41
[2023-06-23T00:47:41.158+0000] {subprocess.py:93} INFO - [0m00:47:41  Finished running 3 table models, 1 view model in 0 hours 0 minutes and 4.49 seconds (4.49s).
[2023-06-23T00:47:41.175+0000] {subprocess.py:93} INFO - [0m00:47:41
[2023-06-23T00:47:41.176+0000] {subprocess.py:93} INFO - [0m00:47:41  [32mCompleted successfully[0m
[2023-06-23T00:47:41.177+0000] {subprocess.py:93} INFO - [0m00:47:41
[2023-06-23T00:47:41.179+0000] {subprocess.py:93} INFO - [0m00:47:41  Done. PASS=4 WARN=0 ERROR=0 SKIP=0 TOTAL=4
[2023-06-23T00:47:41.656+0000] {subprocess.py:97} INFO - Command exited with return code 0
[2023-06-23T00:47:41.687+0000] {taskinstance.py:1332} INFO - Marking task as SUCCESS. dag_id=showpulse_dbt_dag, task_id=dbt_run, execution_date=20230623T004630, start_date=20230623T004734, end_date=20230623T004741
[2023-06-23T00:47:41.716+0000] {local_task_job.py:212} INFO - Task exited with return code 0
[2023-06-23T00:47:41.730+0000] {taskinstance.py:2596} INFO - 0 downstream tasks scheduled from follow-on schedule check
