[2023-06-21T13:40:22.969+0000] {taskinstance.py:1090} INFO - Dependencies all met for dep_context=non-requeueable deps ti=<TaskInstance: showpulse_dbt_dag.dbt_run scheduled__2023-06-21T13:38:35.962386+00:00 [queued]>
[2023-06-21T13:40:22.975+0000] {taskinstance.py:1090} INFO - Dependencies all met for dep_context=requeueable deps ti=<TaskInstance: showpulse_dbt_dag.dbt_run scheduled__2023-06-21T13:38:35.962386+00:00 [queued]>
[2023-06-21T13:40:22.976+0000] {taskinstance.py:1288} INFO - 
--------------------------------------------------------------------------------
[2023-06-21T13:40:22.976+0000] {taskinstance.py:1289} INFO - Starting attempt 1 of 1
[2023-06-21T13:40:22.977+0000] {taskinstance.py:1290} INFO - 
--------------------------------------------------------------------------------
[2023-06-21T13:40:22.984+0000] {taskinstance.py:1309} INFO - Executing <Task(BashOperator): dbt_run> on 2023-06-21 13:38:35.962386+00:00
[2023-06-21T13:40:22.988+0000] {standard_task_runner.py:55} INFO - Started process 3855 to run task
[2023-06-21T13:40:22.992+0000] {standard_task_runner.py:82} INFO - Running: ['***', 'tasks', 'run', 'showpulse_dbt_dag', 'dbt_run', 'scheduled__2023-06-21T13:38:35.962386+00:00', '--job-id', '746', '--raw', '--subdir', 'DAGS_FOLDER/dbt_run.py', '--cfg-path', '/tmp/tmpay2dhf30']
[2023-06-21T13:40:22.992+0000] {standard_task_runner.py:83} INFO - Job 746: Subtask dbt_run
[2023-06-21T13:40:23.046+0000] {task_command.py:389} INFO - Running <TaskInstance: showpulse_dbt_dag.dbt_run scheduled__2023-06-21T13:38:35.962386+00:00 [running]> on host 62cfed75eae1
[2023-06-21T13:40:23.097+0000] {taskinstance.py:1518} INFO - Exporting the following env vars:
AIRFLOW_CTX_DAG_OWNER=nburkett
AIRFLOW_CTX_DAG_ID=showpulse_dbt_dag
AIRFLOW_CTX_TASK_ID=dbt_run
AIRFLOW_CTX_EXECUTION_DATE=2023-06-21T13:38:35.962386+00:00
AIRFLOW_CTX_TRY_NUMBER=1
AIRFLOW_CTX_DAG_RUN_ID=scheduled__2023-06-21T13:38:35.962386+00:00
[2023-06-21T13:40:23.098+0000] {subprocess.py:63} INFO - Tmp dir root location: 
 /tmp
[2023-06-21T13:40:23.099+0000] {subprocess.py:75} INFO - Running command: ['/bin/bash', '-c', 'cd /dbt/ticketmaster_transformation && dbt run']
[2023-06-21T13:40:23.107+0000] {subprocess.py:86} INFO - Output:
[2023-06-21T13:40:24.347+0000] {subprocess.py:93} INFO - [0m13:40:24  Running with dbt=1.5.1
[2023-06-21T13:40:24.825+0000] {subprocess.py:93} INFO - [0m13:40:24  Found 4 models, 0 tests, 0 snapshots, 0 analyses, 356 macros, 0 operations, 0 seed files, 3 sources, 0 exposures, 0 metrics, 0 groups
[2023-06-21T13:40:24.828+0000] {subprocess.py:93} INFO - [0m13:40:24
[2023-06-21T13:40:25.450+0000] {subprocess.py:93} INFO - [0m13:40:25  Concurrency: 4 threads (target='dev')
[2023-06-21T13:40:25.453+0000] {subprocess.py:93} INFO - [0m13:40:25
[2023-06-21T13:40:25.468+0000] {subprocess.py:93} INFO - [0m13:40:25  1 of 4 START sql table model twitter_kafka_pyspark_test.distinct_data .......... [RUN]
[2023-06-21T13:40:25.470+0000] {subprocess.py:93} INFO - [0m13:40:25  2 of 4 START sql table model twitter_kafka_pyspark_test.dm_events .............. [RUN]
[2023-06-21T13:40:25.472+0000] {subprocess.py:93} INFO - [0m13:40:25  3 of 4 START sql table model twitter_kafka_pyspark_test.my_first_dbt_model ..... [RUN]
[2023-06-21T13:40:29.160+0000] {subprocess.py:93} INFO - [0m13:40:29  3 of 4 OK created sql table model twitter_kafka_pyspark_test.my_first_dbt_model  [[32mCREATE TABLE (2.0 rows, 0 processed)[0m in 3.68s]
[2023-06-21T13:40:29.166+0000] {subprocess.py:93} INFO - [0m13:40:29  4 of 4 START sql view model twitter_kafka_pyspark_test.my_second_dbt_model ..... [RUN]
[2023-06-21T13:40:30.089+0000] {subprocess.py:93} INFO - [0m13:40:30  4 of 4 OK created sql view model twitter_kafka_pyspark_test.my_second_dbt_model  [[32mCREATE VIEW (0 processed)[0m in 0.92s]
[2023-06-21T13:49:49.925+0000] {subprocess.py:93} INFO - [0m13:49:49  2 of 4 OK created sql table model twitter_kafka_pyspark_test.dm_events ......... [[32mCREATE TABLE (1.3k rows, 178.2 KiB processed)[0m in 564.43s]
[2023-06-21T13:49:50.105+0000] {subprocess.py:93} INFO - [0m13:49:50  1 of 4 OK created sql table model twitter_kafka_pyspark_test.distinct_data ..... [[32mCREATE TABLE (1.1k rows, 638.3 KiB processed)[0m in 564.63s]
[2023-06-21T13:49:50.174+0000] {subprocess.py:93} INFO - [0m13:49:50
[2023-06-21T13:49:50.175+0000] {subprocess.py:93} INFO - [0m13:49:50  Finished running 3 table models, 1 view model in 0 hours 9 minutes and 25.34 seconds (565.34s).
[2023-06-21T13:49:50.203+0000] {subprocess.py:93} INFO - [0m13:49:50
[2023-06-21T13:49:50.204+0000] {subprocess.py:93} INFO - [0m13:49:50  [32mCompleted successfully[0m
[2023-06-21T13:49:50.205+0000] {subprocess.py:93} INFO - [0m13:49:50
[2023-06-21T13:49:50.206+0000] {subprocess.py:93} INFO - [0m13:49:50  Done. PASS=4 WARN=0 ERROR=0 SKIP=0 TOTAL=4
[2023-06-21T13:49:51.471+0000] {subprocess.py:97} INFO - Command exited with return code 0
[2023-06-21T13:49:51.509+0000] {taskinstance.py:1332} INFO - Marking task as SUCCESS. dag_id=showpulse_dbt_dag, task_id=dbt_run, execution_date=20230621T133835, start_date=20230621T134022, end_date=20230621T134951
[2023-06-21T13:49:51.602+0000] {local_task_job.py:212} INFO - Task exited with return code 0
[2023-06-21T13:49:51.623+0000] {taskinstance.py:2596} INFO - 0 downstream tasks scheduled from follow-on schedule check
