[2023-06-22T18:57:02.798+0000] {taskinstance.py:1090} INFO - Dependencies all met for dep_context=non-requeueable deps ti=<TaskInstance: showpulse_dbt_dag.dbt_run scheduled__2023-06-22T18:55:57.633740+00:00 [queued]>
[2023-06-22T18:57:02.804+0000] {taskinstance.py:1090} INFO - Dependencies all met for dep_context=requeueable deps ti=<TaskInstance: showpulse_dbt_dag.dbt_run scheduled__2023-06-22T18:55:57.633740+00:00 [queued]>
[2023-06-22T18:57:02.805+0000] {taskinstance.py:1288} INFO - 
--------------------------------------------------------------------------------
[2023-06-22T18:57:02.806+0000] {taskinstance.py:1289} INFO - Starting attempt 1 of 1
[2023-06-22T18:57:02.806+0000] {taskinstance.py:1290} INFO - 
--------------------------------------------------------------------------------
[2023-06-22T18:57:02.814+0000] {taskinstance.py:1309} INFO - Executing <Task(BashOperator): dbt_run> on 2023-06-22 18:55:57.633740+00:00
[2023-06-22T18:57:02.817+0000] {standard_task_runner.py:55} INFO - Started process 17470 to run task
[2023-06-22T18:57:02.821+0000] {standard_task_runner.py:82} INFO - Running: ['***', 'tasks', 'run', 'showpulse_dbt_dag', 'dbt_run', 'scheduled__2023-06-22T18:55:57.633740+00:00', '--job-id', '2022', '--raw', '--subdir', 'DAGS_FOLDER/dbt_run.py', '--cfg-path', '/tmp/tmplo95yrrs']
[2023-06-22T18:57:02.821+0000] {standard_task_runner.py:83} INFO - Job 2022: Subtask dbt_run
[2023-06-22T18:57:02.875+0000] {task_command.py:389} INFO - Running <TaskInstance: showpulse_dbt_dag.dbt_run scheduled__2023-06-22T18:55:57.633740+00:00 [running]> on host 62cfed75eae1
[2023-06-22T18:57:02.927+0000] {taskinstance.py:1518} INFO - Exporting the following env vars:
AIRFLOW_CTX_DAG_OWNER=nburkett
AIRFLOW_CTX_DAG_ID=showpulse_dbt_dag
AIRFLOW_CTX_TASK_ID=dbt_run
AIRFLOW_CTX_EXECUTION_DATE=2023-06-22T18:55:57.633740+00:00
AIRFLOW_CTX_TRY_NUMBER=1
AIRFLOW_CTX_DAG_RUN_ID=scheduled__2023-06-22T18:55:57.633740+00:00
[2023-06-22T18:57:02.928+0000] {subprocess.py:63} INFO - Tmp dir root location: 
 /tmp
[2023-06-22T18:57:02.929+0000] {subprocess.py:75} INFO - Running command: ['/bin/bash', '-c', 'cd /dbt/ticketmaster_transformation && dbt run']
[2023-06-22T18:57:02.938+0000] {subprocess.py:86} INFO - Output:
[2023-06-22T18:57:04.181+0000] {subprocess.py:93} INFO - [0m18:57:04  Running with dbt=1.5.1
[2023-06-22T18:57:04.663+0000] {subprocess.py:93} INFO - [0m18:57:04  Found 4 models, 0 tests, 0 snapshots, 0 analyses, 356 macros, 0 operations, 0 seed files, 3 sources, 0 exposures, 0 metrics, 0 groups
[2023-06-22T18:57:04.666+0000] {subprocess.py:93} INFO - [0m18:57:04
[2023-06-22T18:57:05.430+0000] {subprocess.py:93} INFO - [0m18:57:05  Concurrency: 4 threads (target='dev')
[2023-06-22T18:57:05.434+0000] {subprocess.py:93} INFO - [0m18:57:05
[2023-06-22T18:57:05.451+0000] {subprocess.py:93} INFO - [0m18:57:05  1 of 4 START sql table model twitter_kafka_pyspark_test.distinct_data .......... [RUN]
[2023-06-22T18:57:05.453+0000] {subprocess.py:93} INFO - [0m18:57:05  2 of 4 START sql table model twitter_kafka_pyspark_test.dm_events .............. [RUN]
[2023-06-22T18:57:05.455+0000] {subprocess.py:93} INFO - [0m18:57:05  3 of 4 START sql table model twitter_kafka_pyspark_test.my_first_dbt_model ..... [RUN]
[2023-06-22T18:57:08.242+0000] {subprocess.py:93} INFO - [0m18:57:08  3 of 4 OK created sql table model twitter_kafka_pyspark_test.my_first_dbt_model  [[32mCREATE TABLE (2.0 rows, 0 processed)[0m in 2.78s]
[2023-06-22T18:57:08.250+0000] {subprocess.py:93} INFO - [0m18:57:08  4 of 4 START sql view model twitter_kafka_pyspark_test.my_second_dbt_model ..... [RUN]
[2023-06-22T18:57:08.503+0000] {subprocess.py:93} INFO - [0m18:57:08  1 of 4 OK created sql table model twitter_kafka_pyspark_test.distinct_data ..... [[32mCREATE TABLE (1.1k rows, 638.3 KiB processed)[0m in 3.04s]
[2023-06-22T18:57:09.183+0000] {subprocess.py:93} INFO - [0m18:57:09  4 of 4 OK created sql view model twitter_kafka_pyspark_test.my_second_dbt_model  [[32mCREATE VIEW (0 processed)[0m in 0.93s]
[2023-06-22T18:58:33.914+0000] {subprocess.py:93} INFO - [0m18:58:33  2 of 4 OK created sql table model twitter_kafka_pyspark_test.dm_events ......... [[32mCREATE TABLE (1.3k rows, 178.2 KiB processed)[0m in 88.45s]
[2023-06-22T18:58:34.020+0000] {subprocess.py:93} INFO - [0m18:58:34
[2023-06-22T18:58:34.023+0000] {subprocess.py:93} INFO - [0m18:58:34  Finished running 3 table models, 1 view model in 0 hours 1 minutes and 29.35 seconds (89.35s).
[2023-06-22T18:58:34.057+0000] {subprocess.py:93} INFO - [0m18:58:34
[2023-06-22T18:58:34.058+0000] {subprocess.py:93} INFO - [0m18:58:34  [32mCompleted successfully[0m
[2023-06-22T18:58:34.060+0000] {subprocess.py:93} INFO - [0m18:58:34
[2023-06-22T18:58:34.062+0000] {subprocess.py:93} INFO - [0m18:58:34  Done. PASS=4 WARN=0 ERROR=0 SKIP=0 TOTAL=4
[2023-06-22T18:58:35.184+0000] {subprocess.py:97} INFO - Command exited with return code 0
[2023-06-22T18:58:35.219+0000] {taskinstance.py:1332} INFO - Marking task as SUCCESS. dag_id=showpulse_dbt_dag, task_id=dbt_run, execution_date=20230622T185557, start_date=20230622T185702, end_date=20230622T185835
[2023-06-22T18:58:35.272+0000] {local_task_job.py:212} INFO - Task exited with return code 0
[2023-06-22T18:58:35.291+0000] {taskinstance.py:2596} INFO - 0 downstream tasks scheduled from follow-on schedule check
