[2023-06-22T00:50:35.841+0000] {taskinstance.py:1090} INFO - Dependencies all met for dep_context=non-requeueable deps ti=<TaskInstance: showpulse_dbt_dag.dbt_run scheduled__2023-06-22T00:49:32.430820+00:00 [queued]>
[2023-06-22T00:50:35.849+0000] {taskinstance.py:1090} INFO - Dependencies all met for dep_context=requeueable deps ti=<TaskInstance: showpulse_dbt_dag.dbt_run scheduled__2023-06-22T00:49:32.430820+00:00 [queued]>
[2023-06-22T00:50:35.850+0000] {taskinstance.py:1288} INFO - 
--------------------------------------------------------------------------------
[2023-06-22T00:50:35.850+0000] {taskinstance.py:1289} INFO - Starting attempt 1 of 1
[2023-06-22T00:50:35.851+0000] {taskinstance.py:1290} INFO - 
--------------------------------------------------------------------------------
[2023-06-22T00:50:35.859+0000] {taskinstance.py:1309} INFO - Executing <Task(BashOperator): dbt_run> on 2023-06-22 00:49:32.430820+00:00
[2023-06-22T00:50:35.865+0000] {standard_task_runner.py:55} INFO - Started process 11319 to run task
[2023-06-22T00:50:35.869+0000] {standard_task_runner.py:82} INFO - Running: ['***', 'tasks', 'run', 'showpulse_dbt_dag', 'dbt_run', 'scheduled__2023-06-22T00:49:32.430820+00:00', '--job-id', '1442', '--raw', '--subdir', 'DAGS_FOLDER/dbt_run.py', '--cfg-path', '/tmp/tmpizmulzrj']
[2023-06-22T00:50:35.870+0000] {standard_task_runner.py:83} INFO - Job 1442: Subtask dbt_run
[2023-06-22T00:50:35.934+0000] {task_command.py:389} INFO - Running <TaskInstance: showpulse_dbt_dag.dbt_run scheduled__2023-06-22T00:49:32.430820+00:00 [running]> on host 62cfed75eae1
[2023-06-22T00:50:36.002+0000] {taskinstance.py:1518} INFO - Exporting the following env vars:
AIRFLOW_CTX_DAG_OWNER=nburkett
AIRFLOW_CTX_DAG_ID=showpulse_dbt_dag
AIRFLOW_CTX_TASK_ID=dbt_run
AIRFLOW_CTX_EXECUTION_DATE=2023-06-22T00:49:32.430820+00:00
AIRFLOW_CTX_TRY_NUMBER=1
AIRFLOW_CTX_DAG_RUN_ID=scheduled__2023-06-22T00:49:32.430820+00:00
[2023-06-22T00:50:36.003+0000] {subprocess.py:63} INFO - Tmp dir root location: 
 /tmp
[2023-06-22T00:50:36.005+0000] {subprocess.py:75} INFO - Running command: ['/bin/bash', '-c', 'cd /dbt/ticketmaster_transformation && dbt run']
[2023-06-22T00:50:36.015+0000] {subprocess.py:86} INFO - Output:
[2023-06-22T00:50:37.299+0000] {subprocess.py:93} INFO - [0m00:50:37  Running with dbt=1.5.1
[2023-06-22T00:50:37.788+0000] {subprocess.py:93} INFO - [0m00:50:37  Found 4 models, 0 tests, 0 snapshots, 0 analyses, 356 macros, 0 operations, 0 seed files, 3 sources, 0 exposures, 0 metrics, 0 groups
[2023-06-22T00:50:37.790+0000] {subprocess.py:93} INFO - [0m00:50:37
[2023-06-22T00:50:38.449+0000] {subprocess.py:93} INFO - [0m00:50:38  Concurrency: 4 threads (target='dev')
[2023-06-22T00:50:38.451+0000] {subprocess.py:93} INFO - [0m00:50:38
[2023-06-22T00:50:38.462+0000] {subprocess.py:93} INFO - [0m00:50:38  1 of 4 START sql table model twitter_kafka_pyspark_test.distinct_data .......... [RUN]
[2023-06-22T00:50:38.463+0000] {subprocess.py:93} INFO - [0m00:50:38  2 of 4 START sql table model twitter_kafka_pyspark_test.dm_events .............. [RUN]
[2023-06-22T00:50:38.465+0000] {subprocess.py:93} INFO - [0m00:50:38  3 of 4 START sql table model twitter_kafka_pyspark_test.my_first_dbt_model ..... [RUN]
[2023-06-22T00:50:41.154+0000] {subprocess.py:93} INFO - [0m00:50:41  3 of 4 OK created sql table model twitter_kafka_pyspark_test.my_first_dbt_model  [[32mCREATE TABLE (2.0 rows, 0 processed)[0m in 2.68s]
[2023-06-22T00:50:41.158+0000] {subprocess.py:93} INFO - [0m00:50:41  4 of 4 START sql view model twitter_kafka_pyspark_test.my_second_dbt_model ..... [RUN]
[2023-06-22T00:50:41.290+0000] {subprocess.py:93} INFO - [0m00:50:41  2 of 4 OK created sql table model twitter_kafka_pyspark_test.dm_events ......... [[32mCREATE TABLE (1.3k rows, 178.2 KiB processed)[0m in 2.82s]
[2023-06-22T00:50:41.561+0000] {subprocess.py:93} INFO - [0m00:50:41  1 of 4 OK created sql table model twitter_kafka_pyspark_test.distinct_data ..... [[32mCREATE TABLE (1.1k rows, 638.3 KiB processed)[0m in 3.09s]
[2023-06-22T00:50:41.813+0000] {subprocess.py:93} INFO - [0m00:50:41  4 of 4 OK created sql view model twitter_kafka_pyspark_test.my_second_dbt_model  [[32mCREATE VIEW (0 processed)[0m in 0.65s]
[2023-06-22T00:50:41.894+0000] {subprocess.py:93} INFO - [0m00:50:41
[2023-06-22T00:50:41.895+0000] {subprocess.py:93} INFO - [0m00:50:41  Finished running 3 table models, 1 view model in 0 hours 0 minutes and 4.10 seconds (4.10s).
[2023-06-22T00:50:41.913+0000] {subprocess.py:93} INFO - [0m00:50:41
[2023-06-22T00:50:41.914+0000] {subprocess.py:93} INFO - [0m00:50:41  [32mCompleted successfully[0m
[2023-06-22T00:50:41.915+0000] {subprocess.py:93} INFO - [0m00:50:41
[2023-06-22T00:50:41.917+0000] {subprocess.py:93} INFO - [0m00:50:41  Done. PASS=4 WARN=0 ERROR=0 SKIP=0 TOTAL=4
[2023-06-22T00:50:42.378+0000] {subprocess.py:97} INFO - Command exited with return code 0
[2023-06-22T00:50:42.401+0000] {taskinstance.py:1332} INFO - Marking task as SUCCESS. dag_id=showpulse_dbt_dag, task_id=dbt_run, execution_date=20230622T004932, start_date=20230622T005035, end_date=20230622T005042
[2023-06-22T00:50:42.448+0000] {local_task_job.py:212} INFO - Task exited with return code 0
[2023-06-22T00:50:42.462+0000] {taskinstance.py:2596} INFO - 0 downstream tasks scheduled from follow-on schedule check
