[2023-06-22T00:39:30.722+0000] {taskinstance.py:1090} INFO - Dependencies all met for dep_context=non-requeueable deps ti=<TaskInstance: showpulse_dbt_dag.dbt_run scheduled__2023-06-22T00:38:26.478695+00:00 [queued]>
[2023-06-22T00:39:30.728+0000] {taskinstance.py:1090} INFO - Dependencies all met for dep_context=requeueable deps ti=<TaskInstance: showpulse_dbt_dag.dbt_run scheduled__2023-06-22T00:38:26.478695+00:00 [queued]>
[2023-06-22T00:39:30.729+0000] {taskinstance.py:1288} INFO - 
--------------------------------------------------------------------------------
[2023-06-22T00:39:30.729+0000] {taskinstance.py:1289} INFO - Starting attempt 1 of 1
[2023-06-22T00:39:30.729+0000] {taskinstance.py:1290} INFO - 
--------------------------------------------------------------------------------
[2023-06-22T00:39:30.737+0000] {taskinstance.py:1309} INFO - Executing <Task(BashOperator): dbt_run> on 2023-06-22 00:38:26.478695+00:00
[2023-06-22T00:39:30.741+0000] {standard_task_runner.py:55} INFO - Started process 10771 to run task
[2023-06-22T00:39:30.744+0000] {standard_task_runner.py:82} INFO - Running: ['***', 'tasks', 'run', 'showpulse_dbt_dag', 'dbt_run', 'scheduled__2023-06-22T00:38:26.478695+00:00', '--job-id', '1398', '--raw', '--subdir', 'DAGS_FOLDER/dbt_run.py', '--cfg-path', '/tmp/tmpk7wl5xef']
[2023-06-22T00:39:30.745+0000] {standard_task_runner.py:83} INFO - Job 1398: Subtask dbt_run
[2023-06-22T00:39:30.796+0000] {task_command.py:389} INFO - Running <TaskInstance: showpulse_dbt_dag.dbt_run scheduled__2023-06-22T00:38:26.478695+00:00 [running]> on host 62cfed75eae1
[2023-06-22T00:39:30.846+0000] {taskinstance.py:1518} INFO - Exporting the following env vars:
AIRFLOW_CTX_DAG_OWNER=nburkett
AIRFLOW_CTX_DAG_ID=showpulse_dbt_dag
AIRFLOW_CTX_TASK_ID=dbt_run
AIRFLOW_CTX_EXECUTION_DATE=2023-06-22T00:38:26.478695+00:00
AIRFLOW_CTX_TRY_NUMBER=1
AIRFLOW_CTX_DAG_RUN_ID=scheduled__2023-06-22T00:38:26.478695+00:00
[2023-06-22T00:39:30.847+0000] {subprocess.py:63} INFO - Tmp dir root location: 
 /tmp
[2023-06-22T00:39:30.848+0000] {subprocess.py:75} INFO - Running command: ['/bin/bash', '-c', 'cd /dbt/ticketmaster_transformation && dbt run']
[2023-06-22T00:39:30.856+0000] {subprocess.py:86} INFO - Output:
[2023-06-22T00:39:32.194+0000] {subprocess.py:93} INFO - [0m00:39:32  Running with dbt=1.5.1
[2023-06-22T00:39:32.672+0000] {subprocess.py:93} INFO - [0m00:39:32  Found 4 models, 0 tests, 0 snapshots, 0 analyses, 356 macros, 0 operations, 0 seed files, 3 sources, 0 exposures, 0 metrics, 0 groups
[2023-06-22T00:39:32.675+0000] {subprocess.py:93} INFO - [0m00:39:32
[2023-06-22T00:39:33.590+0000] {subprocess.py:93} INFO - [0m00:39:33  Concurrency: 4 threads (target='dev')
[2023-06-22T00:39:33.592+0000] {subprocess.py:93} INFO - [0m00:39:33
[2023-06-22T00:39:33.601+0000] {subprocess.py:93} INFO - [0m00:39:33  1 of 4 START sql table model twitter_kafka_pyspark_test.distinct_data .......... [RUN]
[2023-06-22T00:39:33.603+0000] {subprocess.py:93} INFO - [0m00:39:33  2 of 4 START sql table model twitter_kafka_pyspark_test.dm_events .............. [RUN]
[2023-06-22T00:39:33.604+0000] {subprocess.py:93} INFO - [0m00:39:33  3 of 4 START sql table model twitter_kafka_pyspark_test.my_first_dbt_model ..... [RUN]
[2023-06-22T00:39:36.414+0000] {subprocess.py:93} INFO - [0m00:39:36  3 of 4 OK created sql table model twitter_kafka_pyspark_test.my_first_dbt_model  [[32mCREATE TABLE (2.0 rows, 0 processed)[0m in 2.80s]
[2023-06-22T00:39:36.421+0000] {subprocess.py:93} INFO - [0m00:39:36  4 of 4 START sql view model twitter_kafka_pyspark_test.my_second_dbt_model ..... [RUN]
[2023-06-22T00:39:36.811+0000] {subprocess.py:93} INFO - [0m00:39:36  2 of 4 OK created sql table model twitter_kafka_pyspark_test.dm_events ......... [[32mCREATE TABLE (1.3k rows, 178.2 KiB processed)[0m in 3.20s]
[2023-06-22T00:39:37.242+0000] {subprocess.py:93} INFO - [0m00:39:37  1 of 4 OK created sql table model twitter_kafka_pyspark_test.distinct_data ..... [[32mCREATE TABLE (1.1k rows, 638.3 KiB processed)[0m in 3.63s]
[2023-06-22T00:39:37.313+0000] {subprocess.py:93} INFO - [0m00:39:37  4 of 4 OK created sql view model twitter_kafka_pyspark_test.my_second_dbt_model  [[32mCREATE VIEW (0 processed)[0m in 0.89s]
[2023-06-22T00:39:37.370+0000] {subprocess.py:93} INFO - [0m00:39:37
[2023-06-22T00:39:37.371+0000] {subprocess.py:93} INFO - [0m00:39:37  Finished running 3 table models, 1 view model in 0 hours 0 minutes and 4.69 seconds (4.69s).
[2023-06-22T00:39:37.390+0000] {subprocess.py:93} INFO - [0m00:39:37
[2023-06-22T00:39:37.391+0000] {subprocess.py:93} INFO - [0m00:39:37  [32mCompleted successfully[0m
[2023-06-22T00:39:37.392+0000] {subprocess.py:93} INFO - [0m00:39:37
[2023-06-22T00:39:37.393+0000] {subprocess.py:93} INFO - [0m00:39:37  Done. PASS=4 WARN=0 ERROR=0 SKIP=0 TOTAL=4
[2023-06-22T00:39:37.922+0000] {subprocess.py:97} INFO - Command exited with return code 0
[2023-06-22T00:39:37.954+0000] {taskinstance.py:1332} INFO - Marking task as SUCCESS. dag_id=showpulse_dbt_dag, task_id=dbt_run, execution_date=20230622T003826, start_date=20230622T003930, end_date=20230622T003937
[2023-06-22T00:39:37.984+0000] {local_task_job.py:212} INFO - Task exited with return code 0
[2023-06-22T00:39:37.998+0000] {taskinstance.py:2596} INFO - 0 downstream tasks scheduled from follow-on schedule check
