[2023-06-21T00:26:47.188+0000] {taskinstance.py:1090} INFO - Dependencies all met for dep_context=non-requeueable deps ti=<TaskInstance: showpulse_dbt_dag.dbt_run scheduled__2023-06-21T00:25:42.645289+00:00 [queued]>
[2023-06-21T00:26:47.196+0000] {taskinstance.py:1090} INFO - Dependencies all met for dep_context=requeueable deps ti=<TaskInstance: showpulse_dbt_dag.dbt_run scheduled__2023-06-21T00:25:42.645289+00:00 [queued]>
[2023-06-21T00:26:47.197+0000] {taskinstance.py:1288} INFO - 
--------------------------------------------------------------------------------
[2023-06-21T00:26:47.197+0000] {taskinstance.py:1289} INFO - Starting attempt 1 of 1
[2023-06-21T00:26:47.198+0000] {taskinstance.py:1290} INFO - 
--------------------------------------------------------------------------------
[2023-06-21T00:26:47.207+0000] {taskinstance.py:1309} INFO - Executing <Task(BashOperator): dbt_run> on 2023-06-21 00:25:42.645289+00:00
[2023-06-21T00:26:47.211+0000] {standard_task_runner.py:55} INFO - Started process 297 to run task
[2023-06-21T00:26:47.216+0000] {standard_task_runner.py:82} INFO - Running: ['***', 'tasks', 'run', 'showpulse_dbt_dag', 'dbt_run', 'scheduled__2023-06-21T00:25:42.645289+00:00', '--job-id', '402', '--raw', '--subdir', 'DAGS_FOLDER/dbt_run.py', '--cfg-path', '/tmp/tmpf8qz5_y8']
[2023-06-21T00:26:47.217+0000] {standard_task_runner.py:83} INFO - Job 402: Subtask dbt_run
[2023-06-21T00:26:47.305+0000] {task_command.py:389} INFO - Running <TaskInstance: showpulse_dbt_dag.dbt_run scheduled__2023-06-21T00:25:42.645289+00:00 [running]> on host 62cfed75eae1
[2023-06-21T00:26:47.454+0000] {taskinstance.py:1518} INFO - Exporting the following env vars:
AIRFLOW_CTX_DAG_OWNER=nburkett
AIRFLOW_CTX_DAG_ID=showpulse_dbt_dag
AIRFLOW_CTX_TASK_ID=dbt_run
AIRFLOW_CTX_EXECUTION_DATE=2023-06-21T00:25:42.645289+00:00
AIRFLOW_CTX_TRY_NUMBER=1
AIRFLOW_CTX_DAG_RUN_ID=scheduled__2023-06-21T00:25:42.645289+00:00
[2023-06-21T00:26:47.456+0000] {subprocess.py:63} INFO - Tmp dir root location: 
 /tmp
[2023-06-21T00:26:47.457+0000] {subprocess.py:75} INFO - Running command: ['/bin/bash', '-c', 'cd /dbt/ticketmaster_transformation && dbt run']
[2023-06-21T00:26:47.472+0000] {subprocess.py:86} INFO - Output:
[2023-06-21T00:26:49.208+0000] {subprocess.py:93} INFO - [0m00:26:49  Running with dbt=1.5.1
[2023-06-21T00:26:49.999+0000] {subprocess.py:93} INFO - [0m00:26:49  Found 4 models, 0 tests, 0 snapshots, 0 analyses, 356 macros, 0 operations, 0 seed files, 3 sources, 0 exposures, 0 metrics, 0 groups
[2023-06-21T00:26:50.003+0000] {subprocess.py:93} INFO - [0m00:26:50
[2023-06-21T00:26:50.677+0000] {subprocess.py:93} INFO - [0m00:26:50  Concurrency: 4 threads (target='dev')
[2023-06-21T00:26:50.680+0000] {subprocess.py:93} INFO - [0m00:26:50
[2023-06-21T00:26:50.700+0000] {subprocess.py:93} INFO - [0m00:26:50  1 of 4 START sql table model twitter_kafka_pyspark_test.distinct_data .......... [RUN]
[2023-06-21T00:26:50.702+0000] {subprocess.py:93} INFO - [0m00:26:50  3 of 4 START sql table model twitter_kafka_pyspark_test.my_first_dbt_model ..... [RUN]
[2023-06-21T00:26:50.703+0000] {subprocess.py:93} INFO - [0m00:26:50  2 of 4 START sql table model twitter_kafka_pyspark_test.dm_events .............. [RUN]
[2023-06-21T00:26:53.936+0000] {subprocess.py:93} INFO - [0m00:26:53  1 of 4 OK created sql table model twitter_kafka_pyspark_test.distinct_data ..... [[32mCREATE TABLE (1.1k rows, 638.3 KiB processed)[0m in 3.22s]
[2023-06-21T00:26:53.980+0000] {subprocess.py:93} INFO - [0m00:26:53  2 of 4 OK created sql table model twitter_kafka_pyspark_test.dm_events ......... [[32mCREATE TABLE (1.3k rows, 178.2 KiB processed)[0m in 3.25s]
[2023-06-21T00:26:53.987+0000] {subprocess.py:93} INFO - [0m00:26:53  3 of 4 OK created sql table model twitter_kafka_pyspark_test.my_first_dbt_model  [[32mCREATE TABLE (2.0 rows, 0 processed)[0m in 3.27s]
[2023-06-21T00:26:53.993+0000] {subprocess.py:93} INFO - [0m00:26:53  4 of 4 START sql view model twitter_kafka_pyspark_test.my_second_dbt_model ..... [RUN]
[2023-06-21T00:26:55.476+0000] {subprocess.py:93} INFO - [0m00:26:55  4 of 4 OK created sql view model twitter_kafka_pyspark_test.my_second_dbt_model  [[32mCREATE VIEW (0 processed)[0m in 1.47s]
[2023-06-21T00:26:55.566+0000] {subprocess.py:93} INFO - [0m00:26:55
[2023-06-21T00:26:55.571+0000] {subprocess.py:93} INFO - [0m00:26:55  Finished running 3 table models, 1 view model in 0 hours 0 minutes and 5.56 seconds (5.56s).
[2023-06-21T00:26:55.667+0000] {subprocess.py:93} INFO - [0m00:26:55
[2023-06-21T00:26:55.671+0000] {subprocess.py:93} INFO - [0m00:26:55  [32mCompleted successfully[0m
[2023-06-21T00:26:55.674+0000] {subprocess.py:93} INFO - [0m00:26:55
[2023-06-21T00:26:55.676+0000] {subprocess.py:93} INFO - [0m00:26:55  Done. PASS=4 WARN=0 ERROR=0 SKIP=0 TOTAL=4
[2023-06-21T00:26:56.457+0000] {subprocess.py:97} INFO - Command exited with return code 0
[2023-06-21T00:26:56.547+0000] {taskinstance.py:1332} INFO - Marking task as SUCCESS. dag_id=showpulse_dbt_dag, task_id=dbt_run, execution_date=20230621T002542, start_date=20230621T002647, end_date=20230621T002656
[2023-06-21T00:26:56.591+0000] {local_task_job.py:212} INFO - Task exited with return code 0
[2023-06-21T00:26:56.619+0000] {taskinstance.py:2596} INFO - 0 downstream tasks scheduled from follow-on schedule check
