[2023-06-23T01:30:35.103+0000] {taskinstance.py:1090} INFO - Dependencies all met for dep_context=non-requeueable deps ti=<TaskInstance: showpulse_dbt_dag.dbt_run scheduled__2023-06-23T01:29:31.696804+00:00 [queued]>
[2023-06-23T01:30:35.110+0000] {taskinstance.py:1090} INFO - Dependencies all met for dep_context=requeueable deps ti=<TaskInstance: showpulse_dbt_dag.dbt_run scheduled__2023-06-23T01:29:31.696804+00:00 [queued]>
[2023-06-23T01:30:35.111+0000] {taskinstance.py:1288} INFO - 
--------------------------------------------------------------------------------
[2023-06-23T01:30:35.111+0000] {taskinstance.py:1289} INFO - Starting attempt 1 of 1
[2023-06-23T01:30:35.112+0000] {taskinstance.py:1290} INFO - 
--------------------------------------------------------------------------------
[2023-06-23T01:30:35.120+0000] {taskinstance.py:1309} INFO - Executing <Task(BashOperator): dbt_run> on 2023-06-23 01:29:31.696804+00:00
[2023-06-23T01:30:35.125+0000] {standard_task_runner.py:55} INFO - Started process 23135 to run task
[2023-06-23T01:30:35.128+0000] {standard_task_runner.py:82} INFO - Running: ['***', 'tasks', 'run', 'showpulse_dbt_dag', 'dbt_run', 'scheduled__2023-06-23T01:29:31.696804+00:00', '--job-id', '2550', '--raw', '--subdir', 'DAGS_FOLDER/dbt_run.py', '--cfg-path', '/tmp/tmph40i69oh']
[2023-06-23T01:30:35.129+0000] {standard_task_runner.py:83} INFO - Job 2550: Subtask dbt_run
[2023-06-23T01:30:35.184+0000] {task_command.py:389} INFO - Running <TaskInstance: showpulse_dbt_dag.dbt_run scheduled__2023-06-23T01:29:31.696804+00:00 [running]> on host 62cfed75eae1
[2023-06-23T01:30:35.240+0000] {taskinstance.py:1518} INFO - Exporting the following env vars:
AIRFLOW_CTX_DAG_OWNER=nburkett
AIRFLOW_CTX_DAG_ID=showpulse_dbt_dag
AIRFLOW_CTX_TASK_ID=dbt_run
AIRFLOW_CTX_EXECUTION_DATE=2023-06-23T01:29:31.696804+00:00
AIRFLOW_CTX_TRY_NUMBER=1
AIRFLOW_CTX_DAG_RUN_ID=scheduled__2023-06-23T01:29:31.696804+00:00
[2023-06-23T01:30:35.241+0000] {subprocess.py:63} INFO - Tmp dir root location: 
 /tmp
[2023-06-23T01:30:35.242+0000] {subprocess.py:75} INFO - Running command: ['/bin/bash', '-c', 'cd /dbt/ticketmaster_transformation && dbt run']
[2023-06-23T01:30:35.251+0000] {subprocess.py:86} INFO - Output:
[2023-06-23T01:30:36.654+0000] {subprocess.py:93} INFO - [0m01:30:36  Running with dbt=1.5.1
[2023-06-23T01:30:37.261+0000] {subprocess.py:93} INFO - [0m01:30:37  Found 4 models, 0 tests, 0 snapshots, 0 analyses, 356 macros, 0 operations, 0 seed files, 3 sources, 0 exposures, 0 metrics, 0 groups
[2023-06-23T01:30:37.264+0000] {subprocess.py:93} INFO - [0m01:30:37
[2023-06-23T01:30:38.240+0000] {subprocess.py:93} INFO - [0m01:30:38  Concurrency: 4 threads (target='dev')
[2023-06-23T01:30:38.242+0000] {subprocess.py:93} INFO - [0m01:30:38
[2023-06-23T01:30:38.250+0000] {subprocess.py:93} INFO - [0m01:30:38  1 of 4 START sql table model twitter_kafka_pyspark_test.distinct_data .......... [RUN]
[2023-06-23T01:30:38.251+0000] {subprocess.py:93} INFO - [0m01:30:38  2 of 4 START sql table model twitter_kafka_pyspark_test.dm_events .............. [RUN]
[2023-06-23T01:30:38.253+0000] {subprocess.py:93} INFO - [0m01:30:38  3 of 4 START sql table model twitter_kafka_pyspark_test.my_first_dbt_model ..... [RUN]
[2023-06-23T01:30:41.165+0000] {subprocess.py:93} INFO - [0m01:30:41  3 of 4 OK created sql table model twitter_kafka_pyspark_test.my_first_dbt_model  [[32mCREATE TABLE (2.0 rows, 0 processed)[0m in 2.91s]
[2023-06-23T01:30:41.170+0000] {subprocess.py:93} INFO - [0m01:30:41  4 of 4 START sql view model twitter_kafka_pyspark_test.my_second_dbt_model ..... [RUN]
[2023-06-23T01:30:41.243+0000] {subprocess.py:93} INFO - [0m01:30:41  1 of 4 OK created sql table model twitter_kafka_pyspark_test.distinct_data ..... [[32mCREATE TABLE (1.1k rows, 663.4 KiB processed)[0m in 2.99s]
[2023-06-23T01:30:41.320+0000] {subprocess.py:93} INFO - [0m01:30:41  2 of 4 OK created sql table model twitter_kafka_pyspark_test.dm_events ......... [[32mCREATE TABLE (1.4k rows, 186.0 KiB processed)[0m in 3.06s]
[2023-06-23T01:30:42.149+0000] {subprocess.py:93} INFO - [0m01:30:42  4 of 4 OK created sql view model twitter_kafka_pyspark_test.my_second_dbt_model  [[32mCREATE VIEW (0 processed)[0m in 0.97s]
[2023-06-23T01:30:42.220+0000] {subprocess.py:93} INFO - [0m01:30:42
[2023-06-23T01:30:42.222+0000] {subprocess.py:93} INFO - [0m01:30:42  Finished running 3 table models, 1 view model in 0 hours 0 minutes and 4.95 seconds (4.95s).
[2023-06-23T01:30:42.253+0000] {subprocess.py:93} INFO - [0m01:30:42
[2023-06-23T01:30:42.254+0000] {subprocess.py:93} INFO - [0m01:30:42  [32mCompleted successfully[0m
[2023-06-23T01:30:42.255+0000] {subprocess.py:93} INFO - [0m01:30:42
[2023-06-23T01:30:42.257+0000] {subprocess.py:93} INFO - [0m01:30:42  Done. PASS=4 WARN=0 ERROR=0 SKIP=0 TOTAL=4
[2023-06-23T01:30:42.728+0000] {subprocess.py:97} INFO - Command exited with return code 0
[2023-06-23T01:30:42.753+0000] {taskinstance.py:1332} INFO - Marking task as SUCCESS. dag_id=showpulse_dbt_dag, task_id=dbt_run, execution_date=20230623T012931, start_date=20230623T013035, end_date=20230623T013042
[2023-06-23T01:30:42.821+0000] {local_task_job.py:212} INFO - Task exited with return code 0
[2023-06-23T01:30:42.837+0000] {taskinstance.py:2596} INFO - 0 downstream tasks scheduled from follow-on schedule check
