[2023-06-21T13:40:20.707+0000] {taskinstance.py:1090} INFO - Dependencies all met for dep_context=non-requeueable deps ti=<TaskInstance: showpulse_dbt_dag.dbt_change_dir scheduled__2023-06-21T13:38:35.962386+00:00 [queued]>
[2023-06-21T13:40:20.714+0000] {taskinstance.py:1090} INFO - Dependencies all met for dep_context=requeueable deps ti=<TaskInstance: showpulse_dbt_dag.dbt_change_dir scheduled__2023-06-21T13:38:35.962386+00:00 [queued]>
[2023-06-21T13:40:20.714+0000] {taskinstance.py:1288} INFO - 
--------------------------------------------------------------------------------
[2023-06-21T13:40:20.716+0000] {taskinstance.py:1289} INFO - Starting attempt 1 of 1
[2023-06-21T13:40:20.717+0000] {taskinstance.py:1290} INFO - 
--------------------------------------------------------------------------------
[2023-06-21T13:40:20.725+0000] {taskinstance.py:1309} INFO - Executing <Task(BashOperator): dbt_change_dir> on 2023-06-21 13:38:35.962386+00:00
[2023-06-21T13:40:20.729+0000] {standard_task_runner.py:55} INFO - Started process 3849 to run task
[2023-06-21T13:40:20.732+0000] {standard_task_runner.py:82} INFO - Running: ['***', 'tasks', 'run', 'showpulse_dbt_dag', 'dbt_change_dir', 'scheduled__2023-06-21T13:38:35.962386+00:00', '--job-id', '744', '--raw', '--subdir', 'DAGS_FOLDER/dbt_run.py', '--cfg-path', '/tmp/tmpyjot0ti6']
[2023-06-21T13:40:20.733+0000] {standard_task_runner.py:83} INFO - Job 744: Subtask dbt_change_dir
[2023-06-21T13:40:20.786+0000] {task_command.py:389} INFO - Running <TaskInstance: showpulse_dbt_dag.dbt_change_dir scheduled__2023-06-21T13:38:35.962386+00:00 [running]> on host 62cfed75eae1
[2023-06-21T13:40:20.838+0000] {taskinstance.py:1518} INFO - Exporting the following env vars:
AIRFLOW_CTX_DAG_OWNER=nburkett
AIRFLOW_CTX_DAG_ID=showpulse_dbt_dag
AIRFLOW_CTX_TASK_ID=dbt_change_dir
AIRFLOW_CTX_EXECUTION_DATE=2023-06-21T13:38:35.962386+00:00
AIRFLOW_CTX_TRY_NUMBER=1
AIRFLOW_CTX_DAG_RUN_ID=scheduled__2023-06-21T13:38:35.962386+00:00
[2023-06-21T13:40:20.839+0000] {subprocess.py:63} INFO - Tmp dir root location: 
 /tmp
[2023-06-21T13:40:20.840+0000] {subprocess.py:75} INFO - Running command: ['/bin/bash', '-c', 'cd /dbt/ticketmaster_transformation']
[2023-06-21T13:40:20.848+0000] {subprocess.py:86} INFO - Output:
[2023-06-21T13:40:20.851+0000] {subprocess.py:97} INFO - Command exited with return code 0
[2023-06-21T13:40:20.873+0000] {taskinstance.py:1332} INFO - Marking task as SUCCESS. dag_id=showpulse_dbt_dag, task_id=dbt_change_dir, execution_date=20230621T133835, start_date=20230621T134020, end_date=20230621T134020
[2023-06-21T13:40:20.904+0000] {local_task_job.py:212} INFO - Task exited with return code 0
[2023-06-21T13:40:20.925+0000] {taskinstance.py:2596} INFO - 1 downstream tasks scheduled from follow-on schedule check
