[2023-06-22T17:36:53.199+0000] {taskinstance.py:1090} INFO - Dependencies all met for dep_context=non-requeueable deps ti=<TaskInstance: showpulse_dbt_dag.dbt_run scheduled__2023-06-22T17:14:14.400429+00:00 [queued]>
[2023-06-22T17:36:53.205+0000] {taskinstance.py:1090} INFO - Dependencies all met for dep_context=requeueable deps ti=<TaskInstance: showpulse_dbt_dag.dbt_run scheduled__2023-06-22T17:14:14.400429+00:00 [queued]>
[2023-06-22T17:36:53.206+0000] {taskinstance.py:1288} INFO - 
--------------------------------------------------------------------------------
[2023-06-22T17:36:53.206+0000] {taskinstance.py:1289} INFO - Starting attempt 1 of 1
[2023-06-22T17:36:53.207+0000] {taskinstance.py:1290} INFO - 
--------------------------------------------------------------------------------
[2023-06-22T17:36:53.215+0000] {taskinstance.py:1309} INFO - Executing <Task(BashOperator): dbt_run> on 2023-06-22 17:14:14.400429+00:00
[2023-06-22T17:36:53.218+0000] {standard_task_runner.py:55} INFO - Started process 17134 to run task
[2023-06-22T17:36:53.222+0000] {standard_task_runner.py:82} INFO - Running: ['***', 'tasks', 'run', 'showpulse_dbt_dag', 'dbt_run', 'scheduled__2023-06-22T17:14:14.400429+00:00', '--job-id', '1982', '--raw', '--subdir', 'DAGS_FOLDER/dbt_run.py', '--cfg-path', '/tmp/tmpe88ykksj']
[2023-06-22T17:36:53.223+0000] {standard_task_runner.py:83} INFO - Job 1982: Subtask dbt_run
[2023-06-22T17:36:53.278+0000] {task_command.py:389} INFO - Running <TaskInstance: showpulse_dbt_dag.dbt_run scheduled__2023-06-22T17:14:14.400429+00:00 [running]> on host 62cfed75eae1
[2023-06-22T17:36:53.330+0000] {taskinstance.py:1518} INFO - Exporting the following env vars:
AIRFLOW_CTX_DAG_OWNER=nburkett
AIRFLOW_CTX_DAG_ID=showpulse_dbt_dag
AIRFLOW_CTX_TASK_ID=dbt_run
AIRFLOW_CTX_EXECUTION_DATE=2023-06-22T17:14:14.400429+00:00
AIRFLOW_CTX_TRY_NUMBER=1
AIRFLOW_CTX_DAG_RUN_ID=scheduled__2023-06-22T17:14:14.400429+00:00
[2023-06-22T17:36:53.331+0000] {subprocess.py:63} INFO - Tmp dir root location: 
 /tmp
[2023-06-22T17:36:53.332+0000] {subprocess.py:75} INFO - Running command: ['/bin/bash', '-c', 'cd /dbt/ticketmaster_transformation && dbt run']
[2023-06-22T17:36:53.340+0000] {subprocess.py:86} INFO - Output:
[2023-06-22T17:36:54.653+0000] {subprocess.py:93} INFO - [0m17:36:54  Running with dbt=1.5.1
[2023-06-22T17:36:55.157+0000] {subprocess.py:93} INFO - [0m17:36:55  Found 4 models, 0 tests, 0 snapshots, 0 analyses, 356 macros, 0 operations, 0 seed files, 3 sources, 0 exposures, 0 metrics, 0 groups
[2023-06-22T17:36:55.159+0000] {subprocess.py:93} INFO - [0m17:36:55
[2023-06-22T17:36:56.089+0000] {subprocess.py:93} INFO - [0m17:36:56  Concurrency: 4 threads (target='dev')
[2023-06-22T17:36:56.093+0000] {subprocess.py:93} INFO - [0m17:36:56
[2023-06-22T17:36:56.111+0000] {subprocess.py:93} INFO - [0m17:36:56  1 of 4 START sql table model twitter_kafka_pyspark_test.distinct_data .......... [RUN]
[2023-06-22T17:36:56.114+0000] {subprocess.py:93} INFO - [0m17:36:56  2 of 4 START sql table model twitter_kafka_pyspark_test.dm_events .............. [RUN]
[2023-06-22T17:36:56.125+0000] {subprocess.py:93} INFO - [0m17:36:56  3 of 4 START sql table model twitter_kafka_pyspark_test.my_first_dbt_model ..... [RUN]
[2023-06-22T17:37:13.827+0000] {subprocess.py:93} INFO - [0m17:37:13  1 of 4 OK created sql table model twitter_kafka_pyspark_test.distinct_data ..... [[32mCREATE TABLE (1.1k rows, 638.3 KiB processed)[0m in 17.70s]
[2023-06-22T17:37:13.942+0000] {subprocess.py:93} INFO - [0m17:37:13  2 of 4 OK created sql table model twitter_kafka_pyspark_test.dm_events ......... [[32mCREATE TABLE (1.3k rows, 178.2 KiB processed)[0m in 17.81s]
[2023-06-22T17:37:14.522+0000] {subprocess.py:93} INFO - [0m17:37:14  3 of 4 OK created sql table model twitter_kafka_pyspark_test.my_first_dbt_model  [[32mCREATE TABLE (2.0 rows, 0 processed)[0m in 18.39s]
[2023-06-22T17:37:14.534+0000] {subprocess.py:93} INFO - [0m17:37:14  4 of 4 START sql view model twitter_kafka_pyspark_test.my_second_dbt_model ..... [RUN]
[2023-06-22T17:37:15.434+0000] {subprocess.py:93} INFO - [0m17:37:15  4 of 4 OK created sql view model twitter_kafka_pyspark_test.my_second_dbt_model  [[32mCREATE VIEW (0 processed)[0m in 0.89s]
[2023-06-22T17:37:15.456+0000] {subprocess.py:93} INFO - [0m17:37:15
[2023-06-22T17:37:15.459+0000] {subprocess.py:93} INFO - [0m17:37:15  Finished running 3 table models, 1 view model in 0 hours 0 minutes and 20.30 seconds (20.30s).
[2023-06-22T17:37:15.487+0000] {subprocess.py:93} INFO - [0m17:37:15
[2023-06-22T17:37:15.488+0000] {subprocess.py:93} INFO - [0m17:37:15  [32mCompleted successfully[0m
[2023-06-22T17:37:15.489+0000] {subprocess.py:93} INFO - [0m17:37:15
[2023-06-22T17:37:15.490+0000] {subprocess.py:93} INFO - [0m17:37:15  Done. PASS=4 WARN=0 ERROR=0 SKIP=0 TOTAL=4
[2023-06-22T17:37:16.010+0000] {subprocess.py:97} INFO - Command exited with return code 0
[2023-06-22T17:37:16.037+0000] {taskinstance.py:1332} INFO - Marking task as SUCCESS. dag_id=showpulse_dbt_dag, task_id=dbt_run, execution_date=20230622T171414, start_date=20230622T173653, end_date=20230622T173716
[2023-06-22T17:37:16.081+0000] {local_task_job.py:212} INFO - Task exited with return code 0
[2023-06-22T17:37:16.095+0000] {taskinstance.py:2596} INFO - 0 downstream tasks scheduled from follow-on schedule check
