[2023-06-22T23:19:00.147+0000] {taskinstance.py:1090} INFO - Dependencies all met for dep_context=non-requeueable deps ti=<TaskInstance: showpulse_dbt_dag.dbt_run scheduled__2023-06-22T23:09:50.968517+00:00 [queued]>
[2023-06-22T23:19:00.159+0000] {taskinstance.py:1090} INFO - Dependencies all met for dep_context=requeueable deps ti=<TaskInstance: showpulse_dbt_dag.dbt_run scheduled__2023-06-22T23:09:50.968517+00:00 [queued]>
[2023-06-22T23:19:00.159+0000] {taskinstance.py:1288} INFO - 
--------------------------------------------------------------------------------
[2023-06-22T23:19:00.160+0000] {taskinstance.py:1289} INFO - Starting attempt 1 of 1
[2023-06-22T23:19:00.161+0000] {taskinstance.py:1290} INFO - 
--------------------------------------------------------------------------------
[2023-06-22T23:19:00.171+0000] {taskinstance.py:1309} INFO - Executing <Task(BashOperator): dbt_run> on 2023-06-22 23:09:50.968517+00:00
[2023-06-22T23:19:00.176+0000] {standard_task_runner.py:55} INFO - Started process 19072 to run task
[2023-06-22T23:19:00.180+0000] {standard_task_runner.py:82} INFO - Running: ['***', 'tasks', 'run', 'showpulse_dbt_dag', 'dbt_run', 'scheduled__2023-06-22T23:09:50.968517+00:00', '--job-id', '2198', '--raw', '--subdir', 'DAGS_FOLDER/dbt_run.py', '--cfg-path', '/tmp/tmpb1x81cfb']
[2023-06-22T23:19:00.184+0000] {standard_task_runner.py:83} INFO - Job 2198: Subtask dbt_run
[2023-06-22T23:19:00.300+0000] {task_command.py:389} INFO - Running <TaskInstance: showpulse_dbt_dag.dbt_run scheduled__2023-06-22T23:09:50.968517+00:00 [running]> on host 62cfed75eae1
[2023-06-22T23:19:00.429+0000] {taskinstance.py:1518} INFO - Exporting the following env vars:
AIRFLOW_CTX_DAG_OWNER=nburkett
AIRFLOW_CTX_DAG_ID=showpulse_dbt_dag
AIRFLOW_CTX_TASK_ID=dbt_run
AIRFLOW_CTX_EXECUTION_DATE=2023-06-22T23:09:50.968517+00:00
AIRFLOW_CTX_TRY_NUMBER=1
AIRFLOW_CTX_DAG_RUN_ID=scheduled__2023-06-22T23:09:50.968517+00:00
[2023-06-22T23:19:00.431+0000] {subprocess.py:63} INFO - Tmp dir root location: 
 /tmp
[2023-06-22T23:19:00.432+0000] {subprocess.py:75} INFO - Running command: ['/bin/bash', '-c', 'cd /dbt/ticketmaster_transformation && dbt run']
[2023-06-22T23:19:00.443+0000] {subprocess.py:86} INFO - Output:
[2023-06-22T23:19:01.904+0000] {subprocess.py:93} INFO - [0m23:19:01  Running with dbt=1.5.1
[2023-06-22T23:19:02.408+0000] {subprocess.py:93} INFO - [0m23:19:02  Found 4 models, 0 tests, 0 snapshots, 0 analyses, 356 macros, 0 operations, 0 seed files, 3 sources, 0 exposures, 0 metrics, 0 groups
[2023-06-22T23:19:02.411+0000] {subprocess.py:93} INFO - [0m23:19:02
[2023-06-22T23:19:03.208+0000] {subprocess.py:93} INFO - [0m23:19:03  Concurrency: 4 threads (target='dev')
[2023-06-22T23:19:03.210+0000] {subprocess.py:93} INFO - [0m23:19:03
[2023-06-22T23:19:03.221+0000] {subprocess.py:93} INFO - [0m23:19:03  1 of 4 START sql table model twitter_kafka_pyspark_test.distinct_data .......... [RUN]
[2023-06-22T23:19:03.224+0000] {subprocess.py:93} INFO - [0m23:19:03  3 of 4 START sql table model twitter_kafka_pyspark_test.my_first_dbt_model ..... [RUN]
[2023-06-22T23:19:03.225+0000] {subprocess.py:93} INFO - [0m23:19:03  2 of 4 START sql table model twitter_kafka_pyspark_test.dm_events .............. [RUN]
[2023-06-22T23:19:06.005+0000] {subprocess.py:93} INFO - [0m23:19:06  3 of 4 OK created sql table model twitter_kafka_pyspark_test.my_first_dbt_model  [[32mCREATE TABLE (2.0 rows, 0 processed)[0m in 2.77s]
[2023-06-22T23:19:06.011+0000] {subprocess.py:93} INFO - [0m23:19:06  4 of 4 START sql view model twitter_kafka_pyspark_test.my_second_dbt_model ..... [RUN]
[2023-06-22T23:19:06.167+0000] {subprocess.py:93} INFO - [0m23:19:06  2 of 4 OK created sql table model twitter_kafka_pyspark_test.dm_events ......... [[32mCREATE TABLE (1.3k rows, 178.2 KiB processed)[0m in 2.94s]
[2023-06-22T23:19:06.171+0000] {subprocess.py:93} INFO - [0m23:19:06  1 of 4 OK created sql table model twitter_kafka_pyspark_test.distinct_data ..... [[32mCREATE TABLE (1.1k rows, 638.3 KiB processed)[0m in 2.95s]
[2023-06-22T23:19:07.003+0000] {subprocess.py:93} INFO - [0m23:19:07  4 of 4 OK created sql view model twitter_kafka_pyspark_test.my_second_dbt_model  [[32mCREATE VIEW (0 processed)[0m in 0.99s]
[2023-06-22T23:19:07.115+0000] {subprocess.py:93} INFO - [0m23:19:07
[2023-06-22T23:19:07.118+0000] {subprocess.py:93} INFO - [0m23:19:07  Finished running 3 table models, 1 view model in 0 hours 0 minutes and 4.70 seconds (4.70s).
[2023-06-22T23:19:07.153+0000] {subprocess.py:93} INFO - [0m23:19:07
[2023-06-22T23:19:07.155+0000] {subprocess.py:93} INFO - [0m23:19:07  [32mCompleted successfully[0m
[2023-06-22T23:19:07.156+0000] {subprocess.py:93} INFO - [0m23:19:07
[2023-06-22T23:19:07.157+0000] {subprocess.py:93} INFO - [0m23:19:07  Done. PASS=4 WARN=0 ERROR=0 SKIP=0 TOTAL=4
[2023-06-22T23:19:07.573+0000] {subprocess.py:97} INFO - Command exited with return code 0
[2023-06-22T23:19:07.597+0000] {taskinstance.py:1332} INFO - Marking task as SUCCESS. dag_id=showpulse_dbt_dag, task_id=dbt_run, execution_date=20230622T230950, start_date=20230622T231900, end_date=20230622T231907
[2023-06-22T23:19:07.626+0000] {local_task_job.py:212} INFO - Task exited with return code 0
[2023-06-22T23:19:07.639+0000] {taskinstance.py:2596} INFO - 0 downstream tasks scheduled from follow-on schedule check
