[2023-05-25T00:50:46.598+0000] {taskinstance.py:1090} INFO - Dependencies all met for dep_context=non-requeueable deps ti=<TaskInstance: ny_taxi_local.get_data.bash_get_data scheduled__2023-05-14T00:00:00+00:00 [queued]>
[2023-05-25T00:50:46.630+0000] {taskinstance.py:1090} INFO - Dependencies all met for dep_context=requeueable deps ti=<TaskInstance: ny_taxi_local.get_data.bash_get_data scheduled__2023-05-14T00:00:00+00:00 [queued]>
[2023-05-25T00:50:46.632+0000] {taskinstance.py:1288} INFO - 
--------------------------------------------------------------------------------
[2023-05-25T00:50:46.632+0000] {taskinstance.py:1289} INFO - Starting attempt 1 of 1
[2023-05-25T00:50:46.633+0000] {taskinstance.py:1290} INFO - 
--------------------------------------------------------------------------------
[2023-05-25T00:50:46.649+0000] {taskinstance.py:1309} INFO - Executing <Task(_PythonDecoratedOperator): get_data.bash_get_data> on 2023-05-14 00:00:00+00:00
[2023-05-25T00:50:46.655+0000] {standard_task_runner.py:55} INFO - Started process 66 to run task
[2023-05-25T00:50:46.667+0000] {standard_task_runner.py:82} INFO - Running: ['***', 'tasks', 'run', 'ny_taxi_local', 'get_data.bash_get_data', 'scheduled__2023-05-14T00:00:00+00:00', '--job-id', '131', '--raw', '--subdir', 'DAGS_FOLDER/fetch_and_upload.py', '--cfg-path', '/tmp/tmpglio9lv4']
[2023-05-25T00:50:46.671+0000] {standard_task_runner.py:83} INFO - Job 131: Subtask get_data.bash_get_data
[2023-05-25T00:50:46.804+0000] {task_command.py:389} INFO - Running <TaskInstance: ny_taxi_local.get_data.bash_get_data scheduled__2023-05-14T00:00:00+00:00 [running]> on host fdfc81637e26
[2023-05-25T00:50:46.903+0000] {taskinstance.py:1518} INFO - Exporting the following env vars:
AIRFLOW_CTX_DAG_OWNER=***
AIRFLOW_CTX_DAG_ID=ny_taxi_local
AIRFLOW_CTX_TASK_ID=get_data.bash_get_data
AIRFLOW_CTX_EXECUTION_DATE=2023-05-14T00:00:00+00:00
AIRFLOW_CTX_TRY_NUMBER=1
AIRFLOW_CTX_DAG_RUN_ID=scheduled__2023-05-14T00:00:00+00:00
[2023-05-25T00:50:46.905+0000] {subprocess.py:63} INFO - Tmp dir root location: 
 /tmp
[2023-05-25T00:50:46.907+0000] {subprocess.py:75} INFO - Running command: ['/bin/bash', '-c', 'curl -sSL https://d37ci6vzurychx.cloudfront.net/trip-data/yellow_tripdata_2021-01.parquet > /opt/***/yellow_tripdata_2021-01.parquet']
[2023-05-25T00:50:46.918+0000] {subprocess.py:86} INFO - Output:
[2023-05-25T00:50:49.386+0000] {subprocess.py:97} INFO - Command exited with return code 0
[2023-05-25T00:50:49.388+0000] {taskinstance.py:1776} ERROR - Task failed with exception
Traceback (most recent call last):
  File "/home/airflow/.local/lib/python3.7/site-packages/airflow/decorators/base.py", line 217, in execute
    return_value = super().execute(context)
  File "/home/airflow/.local/lib/python3.7/site-packages/airflow/operators/python.py", line 175, in execute
    return_value = self.execute_callable()
  File "/home/airflow/.local/lib/python3.7/site-packages/airflow/operators/python.py", line 192, in execute_callable
    return self.python_callable(*self.op_args, **self.op_kwargs)
  File "/opt/airflow/dags/fetch_and_upload.py", line 67, in bash_get_data
    os.rename(f'{dataset_file}', new_file_name)
FileNotFoundError: [Errno 2] No such file or directory: 'yellow_tripdata_2021-01.parquet' -> 'yellow_tripdata_2023-05-25-00-50-49.parquet'
[2023-05-25T00:50:49.401+0000] {taskinstance.py:1332} INFO - Marking task as FAILED. dag_id=ny_taxi_local, task_id=get_data.bash_get_data, execution_date=20230514T000000, start_date=20230525T005046, end_date=20230525T005049
[2023-05-25T00:50:49.414+0000] {standard_task_runner.py:105} ERROR - Failed to execute job 131 for task get_data.bash_get_data ([Errno 2] No such file or directory: 'yellow_tripdata_2021-01.parquet' -> 'yellow_tripdata_2023-05-25-00-50-49.parquet'; 66)
[2023-05-25T00:50:49.456+0000] {local_task_job.py:212} INFO - Task exited with return code 1
[2023-05-25T00:50:49.477+0000] {taskinstance.py:2596} INFO - 0 downstream tasks scheduled from follow-on schedule check
