[2023-06-22T18:58:39.700+0000] {taskinstance.py:1090} INFO - Dependencies all met for dep_context=non-requeueable deps ti=<TaskInstance: showpulse_dbt_dag.dbt_run scheduled__2023-06-22T18:57:35.468424+00:00 [queued]>
[2023-06-22T18:58:39.706+0000] {taskinstance.py:1090} INFO - Dependencies all met for dep_context=requeueable deps ti=<TaskInstance: showpulse_dbt_dag.dbt_run scheduled__2023-06-22T18:57:35.468424+00:00 [queued]>
[2023-06-22T18:58:39.707+0000] {taskinstance.py:1288} INFO - 
--------------------------------------------------------------------------------
[2023-06-22T18:58:39.707+0000] {taskinstance.py:1289} INFO - Starting attempt 1 of 1
[2023-06-22T18:58:39.708+0000] {taskinstance.py:1290} INFO - 
--------------------------------------------------------------------------------
[2023-06-22T18:58:39.715+0000] {taskinstance.py:1309} INFO - Executing <Task(BashOperator): dbt_run> on 2023-06-22 18:57:35.468424+00:00
[2023-06-22T18:58:39.719+0000] {standard_task_runner.py:55} INFO - Started process 17511 to run task
[2023-06-22T18:58:39.722+0000] {standard_task_runner.py:82} INFO - Running: ['***', 'tasks', 'run', 'showpulse_dbt_dag', 'dbt_run', 'scheduled__2023-06-22T18:57:35.468424+00:00', '--job-id', '2026', '--raw', '--subdir', 'DAGS_FOLDER/dbt_run.py', '--cfg-path', '/tmp/tmpthqcysep']
[2023-06-22T18:58:39.723+0000] {standard_task_runner.py:83} INFO - Job 2026: Subtask dbt_run
[2023-06-22T18:58:39.774+0000] {task_command.py:389} INFO - Running <TaskInstance: showpulse_dbt_dag.dbt_run scheduled__2023-06-22T18:57:35.468424+00:00 [running]> on host 62cfed75eae1
[2023-06-22T18:58:39.823+0000] {taskinstance.py:1518} INFO - Exporting the following env vars:
AIRFLOW_CTX_DAG_OWNER=nburkett
AIRFLOW_CTX_DAG_ID=showpulse_dbt_dag
AIRFLOW_CTX_TASK_ID=dbt_run
AIRFLOW_CTX_EXECUTION_DATE=2023-06-22T18:57:35.468424+00:00
AIRFLOW_CTX_TRY_NUMBER=1
AIRFLOW_CTX_DAG_RUN_ID=scheduled__2023-06-22T18:57:35.468424+00:00
[2023-06-22T18:58:39.824+0000] {subprocess.py:63} INFO - Tmp dir root location: 
 /tmp
[2023-06-22T18:58:39.824+0000] {subprocess.py:75} INFO - Running command: ['/bin/bash', '-c', 'cd /dbt/ticketmaster_transformation && dbt run']
[2023-06-22T18:58:39.833+0000] {subprocess.py:86} INFO - Output:
[2023-06-22T18:58:41.127+0000] {subprocess.py:93} INFO - [0m18:58:41  Running with dbt=1.5.1
[2023-06-22T18:58:41.658+0000] {subprocess.py:93} INFO - [0m18:58:41  Found 4 models, 0 tests, 0 snapshots, 0 analyses, 356 macros, 0 operations, 0 seed files, 3 sources, 0 exposures, 0 metrics, 0 groups
[2023-06-22T18:58:41.661+0000] {subprocess.py:93} INFO - [0m18:58:41
[2023-06-22T18:58:42.412+0000] {subprocess.py:93} INFO - [0m18:58:42  Concurrency: 4 threads (target='dev')
[2023-06-22T18:58:42.414+0000] {subprocess.py:93} INFO - [0m18:58:42
[2023-06-22T18:58:42.423+0000] {subprocess.py:93} INFO - [0m18:58:42  1 of 4 START sql table model twitter_kafka_pyspark_test.distinct_data .......... [RUN]
[2023-06-22T18:58:42.425+0000] {subprocess.py:93} INFO - [0m18:58:42  2 of 4 START sql table model twitter_kafka_pyspark_test.dm_events .............. [RUN]
[2023-06-22T18:58:42.426+0000] {subprocess.py:93} INFO - [0m18:58:42  3 of 4 START sql table model twitter_kafka_pyspark_test.my_first_dbt_model ..... [RUN]
[2023-06-22T18:58:47.178+0000] {subprocess.py:93} INFO - [0m18:58:47  3 of 4 OK created sql table model twitter_kafka_pyspark_test.my_first_dbt_model  [[32mCREATE TABLE (2.0 rows, 0 processed)[0m in 4.74s]
[2023-06-22T18:58:47.185+0000] {subprocess.py:93} INFO - [0m18:58:47  4 of 4 START sql view model twitter_kafka_pyspark_test.my_second_dbt_model ..... [RUN]
[2023-06-22T18:58:47.418+0000] {subprocess.py:93} INFO - [0m18:58:47  2 of 4 OK created sql table model twitter_kafka_pyspark_test.dm_events ......... [[32mCREATE TABLE (1.3k rows, 178.2 KiB processed)[0m in 4.99s]
[2023-06-22T19:08:08.434+0000] {subprocess.py:93} INFO - [0m19:08:08  4 of 4 OK created sql view model twitter_kafka_pyspark_test.my_second_dbt_model  [[32mCREATE VIEW (0 processed)[0m in 561.25s]
[2023-06-22T19:08:08.505+0000] {subprocess.py:93} INFO - [0m19:08:08  1 of 4 OK created sql table model twitter_kafka_pyspark_test.distinct_data ..... [[32mCREATE TABLE (1.1k rows, 638.3 KiB processed)[0m in 566.08s]
[2023-06-22T19:08:08.592+0000] {subprocess.py:93} INFO - [0m19:08:08
[2023-06-22T19:08:08.593+0000] {subprocess.py:93} INFO - [0m19:08:08  Finished running 3 table models, 1 view model in 0 hours 9 minutes and 26.93 seconds (566.93s).
[2023-06-22T19:08:08.617+0000] {subprocess.py:93} INFO - [0m19:08:08
[2023-06-22T19:08:08.619+0000] {subprocess.py:93} INFO - [0m19:08:08  [32mCompleted successfully[0m
[2023-06-22T19:08:08.621+0000] {subprocess.py:93} INFO - [0m19:08:08
[2023-06-22T19:08:08.623+0000] {subprocess.py:93} INFO - [0m19:08:08  Done. PASS=4 WARN=0 ERROR=0 SKIP=0 TOTAL=4
[2023-06-22T19:08:09.229+0000] {subprocess.py:97} INFO - Command exited with return code 0
[2023-06-22T19:08:09.272+0000] {taskinstance.py:1332} INFO - Marking task as SUCCESS. dag_id=showpulse_dbt_dag, task_id=dbt_run, execution_date=20230622T185735, start_date=20230622T185839, end_date=20230622T190809
[2023-06-22T19:08:09.315+0000] {local_task_job.py:212} INFO - Task exited with return code 0
[2023-06-22T19:08:09.340+0000] {taskinstance.py:2596} INFO - 0 downstream tasks scheduled from follow-on schedule check
