[2023-06-22T02:23:11.332+0000] {taskinstance.py:1090} INFO - Dependencies all met for dep_context=non-requeueable deps ti=<TaskInstance: showpulse_dbt_dag.dbt_run scheduled__2023-06-22T02:18:14.928898+00:00 [queued]>
[2023-06-22T02:23:11.338+0000] {taskinstance.py:1090} INFO - Dependencies all met for dep_context=requeueable deps ti=<TaskInstance: showpulse_dbt_dag.dbt_run scheduled__2023-06-22T02:18:14.928898+00:00 [queued]>
[2023-06-22T02:23:11.339+0000] {taskinstance.py:1288} INFO - 
--------------------------------------------------------------------------------
[2023-06-22T02:23:11.340+0000] {taskinstance.py:1289} INFO - Starting attempt 1 of 1
[2023-06-22T02:23:11.340+0000] {taskinstance.py:1290} INFO - 
--------------------------------------------------------------------------------
[2023-06-22T02:23:11.350+0000] {taskinstance.py:1309} INFO - Executing <Task(BashOperator): dbt_run> on 2023-06-22 02:18:14.928898+00:00
[2023-06-22T02:23:11.353+0000] {standard_task_runner.py:55} INFO - Started process 12649 to run task
[2023-06-22T02:23:11.357+0000] {standard_task_runner.py:82} INFO - Running: ['***', 'tasks', 'run', 'showpulse_dbt_dag', 'dbt_run', 'scheduled__2023-06-22T02:18:14.928898+00:00', '--job-id', '1554', '--raw', '--subdir', 'DAGS_FOLDER/dbt_run.py', '--cfg-path', '/tmp/tmpxpn9kl84']
[2023-06-22T02:23:11.358+0000] {standard_task_runner.py:83} INFO - Job 1554: Subtask dbt_run
[2023-06-22T02:23:11.419+0000] {task_command.py:389} INFO - Running <TaskInstance: showpulse_dbt_dag.dbt_run scheduled__2023-06-22T02:18:14.928898+00:00 [running]> on host 62cfed75eae1
[2023-06-22T02:23:11.476+0000] {taskinstance.py:1518} INFO - Exporting the following env vars:
AIRFLOW_CTX_DAG_OWNER=nburkett
AIRFLOW_CTX_DAG_ID=showpulse_dbt_dag
AIRFLOW_CTX_TASK_ID=dbt_run
AIRFLOW_CTX_EXECUTION_DATE=2023-06-22T02:18:14.928898+00:00
AIRFLOW_CTX_TRY_NUMBER=1
AIRFLOW_CTX_DAG_RUN_ID=scheduled__2023-06-22T02:18:14.928898+00:00
[2023-06-22T02:23:11.477+0000] {subprocess.py:63} INFO - Tmp dir root location: 
 /tmp
[2023-06-22T02:23:11.478+0000] {subprocess.py:75} INFO - Running command: ['/bin/bash', '-c', 'cd /dbt/ticketmaster_transformation && dbt run']
[2023-06-22T02:23:11.487+0000] {subprocess.py:86} INFO - Output:
[2023-06-22T02:23:12.911+0000] {subprocess.py:93} INFO - [0m02:23:12  Running with dbt=1.5.1
[2023-06-22T02:23:13.418+0000] {subprocess.py:93} INFO - [0m02:23:13  Found 4 models, 0 tests, 0 snapshots, 0 analyses, 356 macros, 0 operations, 0 seed files, 3 sources, 0 exposures, 0 metrics, 0 groups
[2023-06-22T02:23:13.421+0000] {subprocess.py:93} INFO - [0m02:23:13
[2023-06-22T02:23:14.482+0000] {subprocess.py:93} INFO - [0m02:23:14  Concurrency: 4 threads (target='dev')
[2023-06-22T02:23:14.485+0000] {subprocess.py:93} INFO - [0m02:23:14
[2023-06-22T02:23:14.501+0000] {subprocess.py:93} INFO - [0m02:23:14  1 of 4 START sql table model twitter_kafka_pyspark_test.distinct_data .......... [RUN]
[2023-06-22T02:23:14.504+0000] {subprocess.py:93} INFO - [0m02:23:14  2 of 4 START sql table model twitter_kafka_pyspark_test.dm_events .............. [RUN]
[2023-06-22T02:23:14.506+0000] {subprocess.py:93} INFO - [0m02:23:14  3 of 4 START sql table model twitter_kafka_pyspark_test.my_first_dbt_model ..... [RUN]
[2023-06-22T02:23:17.305+0000] {subprocess.py:93} INFO - [0m02:23:17  3 of 4 OK created sql table model twitter_kafka_pyspark_test.my_first_dbt_model  [[32mCREATE TABLE (2.0 rows, 0 processed)[0m in 2.79s]
[2023-06-22T02:23:17.310+0000] {subprocess.py:93} INFO - [0m02:23:17  4 of 4 START sql view model twitter_kafka_pyspark_test.my_second_dbt_model ..... [RUN]
[2023-06-22T02:23:17.576+0000] {subprocess.py:93} INFO - [0m02:23:17  1 of 4 OK created sql table model twitter_kafka_pyspark_test.distinct_data ..... [[32mCREATE TABLE (1.1k rows, 638.3 KiB processed)[0m in 3.06s]
[2023-06-22T02:23:17.580+0000] {subprocess.py:93} INFO - [0m02:23:17  2 of 4 OK created sql table model twitter_kafka_pyspark_test.dm_events ......... [[32mCREATE TABLE (1.3k rows, 178.2 KiB processed)[0m in 3.07s]
[2023-06-22T02:23:18.579+0000] {subprocess.py:93} INFO - [0m02:23:18  4 of 4 OK created sql view model twitter_kafka_pyspark_test.my_second_dbt_model  [[32mCREATE VIEW (0 processed)[0m in 1.26s]
[2023-06-22T02:23:18.670+0000] {subprocess.py:93} INFO - [0m02:23:18
[2023-06-22T02:23:18.672+0000] {subprocess.py:93} INFO - [0m02:23:18  Finished running 3 table models, 1 view model in 0 hours 0 minutes and 5.25 seconds (5.25s).
[2023-06-22T02:23:18.696+0000] {subprocess.py:93} INFO - [0m02:23:18
[2023-06-22T02:23:18.697+0000] {subprocess.py:93} INFO - [0m02:23:18  [32mCompleted successfully[0m
[2023-06-22T02:23:18.698+0000] {subprocess.py:93} INFO - [0m02:23:18
[2023-06-22T02:23:18.700+0000] {subprocess.py:93} INFO - [0m02:23:18  Done. PASS=4 WARN=0 ERROR=0 SKIP=0 TOTAL=4
[2023-06-22T02:23:24.250+0000] {subprocess.py:97} INFO - Command exited with return code 0
[2023-06-22T02:23:24.309+0000] {taskinstance.py:1332} INFO - Marking task as SUCCESS. dag_id=showpulse_dbt_dag, task_id=dbt_run, execution_date=20230622T021814, start_date=20230622T022311, end_date=20230622T022324
[2023-06-22T02:23:24.398+0000] {local_task_job.py:212} INFO - Task exited with return code 0
[2023-06-22T02:23:24.420+0000] {taskinstance.py:2596} INFO - 0 downstream tasks scheduled from follow-on schedule check
