[2023-06-22T00:05:23.490+0000] {taskinstance.py:1090} INFO - Dependencies all met for dep_context=non-requeueable deps ti=<TaskInstance: showpulse_dbt_dag.dbt_run scheduled__2023-06-22T00:04:19.542692+00:00 [queued]>
[2023-06-22T00:05:23.496+0000] {taskinstance.py:1090} INFO - Dependencies all met for dep_context=requeueable deps ti=<TaskInstance: showpulse_dbt_dag.dbt_run scheduled__2023-06-22T00:04:19.542692+00:00 [queued]>
[2023-06-22T00:05:23.497+0000] {taskinstance.py:1288} INFO - 
--------------------------------------------------------------------------------
[2023-06-22T00:05:23.497+0000] {taskinstance.py:1289} INFO - Starting attempt 1 of 1
[2023-06-22T00:05:23.498+0000] {taskinstance.py:1290} INFO - 
--------------------------------------------------------------------------------
[2023-06-22T00:05:23.506+0000] {taskinstance.py:1309} INFO - Executing <Task(BashOperator): dbt_run> on 2023-06-22 00:04:19.542692+00:00
[2023-06-22T00:05:23.509+0000] {standard_task_runner.py:55} INFO - Started process 9151 to run task
[2023-06-22T00:05:23.512+0000] {standard_task_runner.py:82} INFO - Running: ['***', 'tasks', 'run', 'showpulse_dbt_dag', 'dbt_run', 'scheduled__2023-06-22T00:04:19.542692+00:00', '--job-id', '1274', '--raw', '--subdir', 'DAGS_FOLDER/dbt_run.py', '--cfg-path', '/tmp/tmpudt299mk']
[2023-06-22T00:05:23.513+0000] {standard_task_runner.py:83} INFO - Job 1274: Subtask dbt_run
[2023-06-22T00:05:23.567+0000] {task_command.py:389} INFO - Running <TaskInstance: showpulse_dbt_dag.dbt_run scheduled__2023-06-22T00:04:19.542692+00:00 [running]> on host 62cfed75eae1
[2023-06-22T00:05:23.620+0000] {taskinstance.py:1518} INFO - Exporting the following env vars:
AIRFLOW_CTX_DAG_OWNER=nburkett
AIRFLOW_CTX_DAG_ID=showpulse_dbt_dag
AIRFLOW_CTX_TASK_ID=dbt_run
AIRFLOW_CTX_EXECUTION_DATE=2023-06-22T00:04:19.542692+00:00
AIRFLOW_CTX_TRY_NUMBER=1
AIRFLOW_CTX_DAG_RUN_ID=scheduled__2023-06-22T00:04:19.542692+00:00
[2023-06-22T00:05:23.621+0000] {subprocess.py:63} INFO - Tmp dir root location: 
 /tmp
[2023-06-22T00:05:23.622+0000] {subprocess.py:75} INFO - Running command: ['/bin/bash', '-c', 'cd /dbt/ticketmaster_transformation && dbt run']
[2023-06-22T00:05:23.631+0000] {subprocess.py:86} INFO - Output:
[2023-06-22T00:05:24.817+0000] {subprocess.py:93} INFO - [0m00:05:24  Running with dbt=1.5.1
[2023-06-22T00:05:25.260+0000] {subprocess.py:93} INFO - [0m00:05:25  Found 4 models, 0 tests, 0 snapshots, 0 analyses, 356 macros, 0 operations, 0 seed files, 3 sources, 0 exposures, 0 metrics, 0 groups
[2023-06-22T00:05:25.262+0000] {subprocess.py:93} INFO - [0m00:05:25
[2023-06-22T00:05:26.088+0000] {subprocess.py:93} INFO - [0m00:05:26  Concurrency: 4 threads (target='dev')
[2023-06-22T00:05:26.091+0000] {subprocess.py:93} INFO - [0m00:05:26
[2023-06-22T00:05:26.106+0000] {subprocess.py:93} INFO - [0m00:05:26  1 of 4 START sql table model twitter_kafka_pyspark_test.distinct_data .......... [RUN]
[2023-06-22T00:05:26.109+0000] {subprocess.py:93} INFO - [0m00:05:26  2 of 4 START sql table model twitter_kafka_pyspark_test.dm_events .............. [RUN]
[2023-06-22T00:05:26.111+0000] {subprocess.py:93} INFO - [0m00:05:26  3 of 4 START sql table model twitter_kafka_pyspark_test.my_first_dbt_model ..... [RUN]
[2023-06-22T00:05:28.829+0000] {subprocess.py:93} INFO - [0m00:05:28  2 of 4 OK created sql table model twitter_kafka_pyspark_test.dm_events ......... [[32mCREATE TABLE (1.3k rows, 178.2 KiB processed)[0m in 2.71s]
[2023-06-22T00:05:29.011+0000] {subprocess.py:93} INFO - [0m00:05:29  1 of 4 OK created sql table model twitter_kafka_pyspark_test.distinct_data ..... [[32mCREATE TABLE (1.1k rows, 638.3 KiB processed)[0m in 2.89s]
[2023-06-22T00:05:29.084+0000] {subprocess.py:93} INFO - [0m00:05:29  3 of 4 OK created sql table model twitter_kafka_pyspark_test.my_first_dbt_model  [[32mCREATE TABLE (2.0 rows, 0 processed)[0m in 2.96s]
[2023-06-22T00:05:29.095+0000] {subprocess.py:93} INFO - [0m00:05:29  4 of 4 START sql view model twitter_kafka_pyspark_test.my_second_dbt_model ..... [RUN]
[2023-06-22T00:05:29.979+0000] {subprocess.py:93} INFO - [0m00:05:29  4 of 4 OK created sql view model twitter_kafka_pyspark_test.my_second_dbt_model  [[32mCREATE VIEW (0 processed)[0m in 0.88s]
[2023-06-22T00:05:30.007+0000] {subprocess.py:93} INFO - [0m00:05:30
[2023-06-22T00:05:30.009+0000] {subprocess.py:93} INFO - [0m00:05:30  Finished running 3 table models, 1 view model in 0 hours 0 minutes and 4.74 seconds (4.74s).
[2023-06-22T00:05:30.032+0000] {subprocess.py:93} INFO - [0m00:05:30
[2023-06-22T00:05:30.034+0000] {subprocess.py:93} INFO - [0m00:05:30  [32mCompleted successfully[0m
[2023-06-22T00:05:30.035+0000] {subprocess.py:93} INFO - [0m00:05:30
[2023-06-22T00:05:30.038+0000] {subprocess.py:93} INFO - [0m00:05:30  Done. PASS=4 WARN=0 ERROR=0 SKIP=0 TOTAL=4
[2023-06-22T00:05:30.478+0000] {subprocess.py:97} INFO - Command exited with return code 0
[2023-06-22T00:05:30.501+0000] {taskinstance.py:1332} INFO - Marking task as SUCCESS. dag_id=showpulse_dbt_dag, task_id=dbt_run, execution_date=20230622T000419, start_date=20230622T000523, end_date=20230622T000530
[2023-06-22T00:05:30.540+0000] {local_task_job.py:212} INFO - Task exited with return code 0
[2023-06-22T00:05:30.553+0000] {taskinstance.py:2596} INFO - 0 downstream tasks scheduled from follow-on schedule check
