[2023-06-23T00:34:26.457+0000] {taskinstance.py:1090} INFO - Dependencies all met for dep_context=non-requeueable deps ti=<TaskInstance: showpulse_dbt_dag.dbt_run scheduled__2023-06-23T00:33:22.829752+00:00 [queued]>
[2023-06-23T00:34:26.463+0000] {taskinstance.py:1090} INFO - Dependencies all met for dep_context=requeueable deps ti=<TaskInstance: showpulse_dbt_dag.dbt_run scheduled__2023-06-23T00:33:22.829752+00:00 [queued]>
[2023-06-23T00:34:26.463+0000] {taskinstance.py:1288} INFO - 
--------------------------------------------------------------------------------
[2023-06-23T00:34:26.464+0000] {taskinstance.py:1289} INFO - Starting attempt 1 of 1
[2023-06-23T00:34:26.464+0000] {taskinstance.py:1290} INFO - 
--------------------------------------------------------------------------------
[2023-06-23T00:34:26.472+0000] {taskinstance.py:1309} INFO - Executing <Task(BashOperator): dbt_run> on 2023-06-23 00:33:22.829752+00:00
[2023-06-23T00:34:26.476+0000] {standard_task_runner.py:55} INFO - Started process 20337 to run task
[2023-06-23T00:34:26.479+0000] {standard_task_runner.py:82} INFO - Running: ['***', 'tasks', 'run', 'showpulse_dbt_dag', 'dbt_run', 'scheduled__2023-06-23T00:33:22.829752+00:00', '--job-id', '2326', '--raw', '--subdir', 'DAGS_FOLDER/dbt_run.py', '--cfg-path', '/tmp/tmputmrg93u']
[2023-06-23T00:34:26.480+0000] {standard_task_runner.py:83} INFO - Job 2326: Subtask dbt_run
[2023-06-23T00:34:26.533+0000] {task_command.py:389} INFO - Running <TaskInstance: showpulse_dbt_dag.dbt_run scheduled__2023-06-23T00:33:22.829752+00:00 [running]> on host 62cfed75eae1
[2023-06-23T00:34:26.584+0000] {taskinstance.py:1518} INFO - Exporting the following env vars:
AIRFLOW_CTX_DAG_OWNER=nburkett
AIRFLOW_CTX_DAG_ID=showpulse_dbt_dag
AIRFLOW_CTX_TASK_ID=dbt_run
AIRFLOW_CTX_EXECUTION_DATE=2023-06-23T00:33:22.829752+00:00
AIRFLOW_CTX_TRY_NUMBER=1
AIRFLOW_CTX_DAG_RUN_ID=scheduled__2023-06-23T00:33:22.829752+00:00
[2023-06-23T00:34:26.585+0000] {subprocess.py:63} INFO - Tmp dir root location: 
 /tmp
[2023-06-23T00:34:26.586+0000] {subprocess.py:75} INFO - Running command: ['/bin/bash', '-c', 'cd /dbt/ticketmaster_transformation && dbt run']
[2023-06-23T00:34:26.594+0000] {subprocess.py:86} INFO - Output:
[2023-06-23T00:34:27.807+0000] {subprocess.py:93} INFO - [0m00:34:27  Running with dbt=1.5.1
[2023-06-23T00:34:28.282+0000] {subprocess.py:93} INFO - [0m00:34:28  Found 4 models, 0 tests, 0 snapshots, 0 analyses, 356 macros, 0 operations, 0 seed files, 3 sources, 0 exposures, 0 metrics, 0 groups
[2023-06-23T00:34:28.284+0000] {subprocess.py:93} INFO - [0m00:34:28
[2023-06-23T00:34:29.089+0000] {subprocess.py:93} INFO - [0m00:34:29  Concurrency: 4 threads (target='dev')
[2023-06-23T00:34:29.093+0000] {subprocess.py:93} INFO - [0m00:34:29
[2023-06-23T00:34:29.111+0000] {subprocess.py:93} INFO - [0m00:34:29  1 of 4 START sql table model twitter_kafka_pyspark_test.distinct_data .......... [RUN]
[2023-06-23T00:34:29.114+0000] {subprocess.py:93} INFO - [0m00:34:29  2 of 4 START sql table model twitter_kafka_pyspark_test.dm_events .............. [RUN]
[2023-06-23T00:34:29.117+0000] {subprocess.py:93} INFO - [0m00:34:29  3 of 4 START sql table model twitter_kafka_pyspark_test.my_first_dbt_model ..... [RUN]
[2023-06-23T00:34:31.787+0000] {subprocess.py:93} INFO - [0m00:34:31  3 of 4 OK created sql table model twitter_kafka_pyspark_test.my_first_dbt_model  [[32mCREATE TABLE (2.0 rows, 0 processed)[0m in 2.66s]
[2023-06-23T00:34:31.791+0000] {subprocess.py:93} INFO - [0m00:34:31  4 of 4 START sql view model twitter_kafka_pyspark_test.my_second_dbt_model ..... [RUN]
[2023-06-23T00:34:31.849+0000] {subprocess.py:93} INFO - [0m00:34:31  1 of 4 OK created sql table model twitter_kafka_pyspark_test.distinct_data ..... [[32mCREATE TABLE (1.1k rows, 638.3 KiB processed)[0m in 2.73s]
[2023-06-23T00:34:32.607+0000] {subprocess.py:93} INFO - [0m00:34:32  4 of 4 OK created sql view model twitter_kafka_pyspark_test.my_second_dbt_model  [[32mCREATE VIEW (0 processed)[0m in 0.81s]
[2023-06-23T00:34:33.570+0000] {subprocess.py:93} INFO - [0m00:34:33  2 of 4 OK created sql table model twitter_kafka_pyspark_test.dm_events ......... [[32mCREATE TABLE (1.3k rows, 178.2 KiB processed)[0m in 4.44s]
[2023-06-23T00:34:33.657+0000] {subprocess.py:93} INFO - [0m00:34:33
[2023-06-23T00:34:33.660+0000] {subprocess.py:93} INFO - [0m00:34:33  Finished running 3 table models, 1 view model in 0 hours 0 minutes and 5.37 seconds (5.37s).
[2023-06-23T00:34:33.685+0000] {subprocess.py:93} INFO - [0m00:34:33
[2023-06-23T00:34:33.687+0000] {subprocess.py:93} INFO - [0m00:34:33  [32mCompleted successfully[0m
[2023-06-23T00:34:33.688+0000] {subprocess.py:93} INFO - [0m00:34:33
[2023-06-23T00:34:33.690+0000] {subprocess.py:93} INFO - [0m00:34:33  Done. PASS=4 WARN=0 ERROR=0 SKIP=0 TOTAL=4
[2023-06-23T00:34:34.153+0000] {subprocess.py:97} INFO - Command exited with return code 0
[2023-06-23T00:34:34.176+0000] {taskinstance.py:1332} INFO - Marking task as SUCCESS. dag_id=showpulse_dbt_dag, task_id=dbt_run, execution_date=20230623T003322, start_date=20230623T003426, end_date=20230623T003434
[2023-06-23T00:34:34.223+0000] {local_task_job.py:212} INFO - Task exited with return code 0
[2023-06-23T00:34:34.237+0000] {taskinstance.py:2596} INFO - 0 downstream tasks scheduled from follow-on schedule check
