[2023-06-22T01:36:39.710+0000] {taskinstance.py:1090} INFO - Dependencies all met for dep_context=non-requeueable deps ti=<TaskInstance: showpulse_dbt_dag.dbt_run scheduled__2023-06-22T01:35:35.472364+00:00 [queued]>
[2023-06-22T01:36:39.716+0000] {taskinstance.py:1090} INFO - Dependencies all met for dep_context=requeueable deps ti=<TaskInstance: showpulse_dbt_dag.dbt_run scheduled__2023-06-22T01:35:35.472364+00:00 [queued]>
[2023-06-22T01:36:39.717+0000] {taskinstance.py:1288} INFO - 
--------------------------------------------------------------------------------
[2023-06-22T01:36:39.717+0000] {taskinstance.py:1289} INFO - Starting attempt 1 of 1
[2023-06-22T01:36:39.718+0000] {taskinstance.py:1290} INFO - 
--------------------------------------------------------------------------------
[2023-06-22T01:36:39.726+0000] {taskinstance.py:1309} INFO - Executing <Task(BashOperator): dbt_run> on 2023-06-22 01:35:35.472364+00:00
[2023-06-22T01:36:39.729+0000] {standard_task_runner.py:55} INFO - Started process 12500 to run task
[2023-06-22T01:36:39.732+0000] {standard_task_runner.py:82} INFO - Running: ['***', 'tasks', 'run', 'showpulse_dbt_dag', 'dbt_run', 'scheduled__2023-06-22T01:35:35.472364+00:00', '--job-id', '1538', '--raw', '--subdir', 'DAGS_FOLDER/dbt_run.py', '--cfg-path', '/tmp/tmpj9jth087']
[2023-06-22T01:36:39.733+0000] {standard_task_runner.py:83} INFO - Job 1538: Subtask dbt_run
[2023-06-22T01:36:39.785+0000] {task_command.py:389} INFO - Running <TaskInstance: showpulse_dbt_dag.dbt_run scheduled__2023-06-22T01:35:35.472364+00:00 [running]> on host 62cfed75eae1
[2023-06-22T01:36:39.840+0000] {taskinstance.py:1518} INFO - Exporting the following env vars:
AIRFLOW_CTX_DAG_OWNER=nburkett
AIRFLOW_CTX_DAG_ID=showpulse_dbt_dag
AIRFLOW_CTX_TASK_ID=dbt_run
AIRFLOW_CTX_EXECUTION_DATE=2023-06-22T01:35:35.472364+00:00
AIRFLOW_CTX_TRY_NUMBER=1
AIRFLOW_CTX_DAG_RUN_ID=scheduled__2023-06-22T01:35:35.472364+00:00
[2023-06-22T01:36:39.842+0000] {subprocess.py:63} INFO - Tmp dir root location: 
 /tmp
[2023-06-22T01:36:39.842+0000] {subprocess.py:75} INFO - Running command: ['/bin/bash', '-c', 'cd /dbt/ticketmaster_transformation && dbt run']
[2023-06-22T01:36:39.852+0000] {subprocess.py:86} INFO - Output:
[2023-06-22T01:36:41.081+0000] {subprocess.py:93} INFO - [0m01:36:41  Running with dbt=1.5.1
[2023-06-22T01:36:41.979+0000] {subprocess.py:93} INFO - [0m01:36:41  Found 4 models, 0 tests, 0 snapshots, 0 analyses, 356 macros, 0 operations, 0 seed files, 3 sources, 0 exposures, 0 metrics, 0 groups
[2023-06-22T01:36:41.982+0000] {subprocess.py:93} INFO - [0m01:36:41
[2023-06-22T01:36:43.061+0000] {subprocess.py:93} INFO - [0m01:36:43  Concurrency: 4 threads (target='dev')
[2023-06-22T01:36:43.063+0000] {subprocess.py:93} INFO - [0m01:36:43
[2023-06-22T01:36:43.074+0000] {subprocess.py:93} INFO - [0m01:36:43  1 of 4 START sql table model twitter_kafka_pyspark_test.distinct_data .......... [RUN]
[2023-06-22T01:36:43.075+0000] {subprocess.py:93} INFO - [0m01:36:43  2 of 4 START sql table model twitter_kafka_pyspark_test.dm_events .............. [RUN]
[2023-06-22T01:36:43.077+0000] {subprocess.py:93} INFO - [0m01:36:43  3 of 4 START sql table model twitter_kafka_pyspark_test.my_first_dbt_model ..... [RUN]
[2023-06-22T01:36:45.940+0000] {subprocess.py:93} INFO - [0m01:36:45  3 of 4 OK created sql table model twitter_kafka_pyspark_test.my_first_dbt_model  [[32mCREATE TABLE (2.0 rows, 0 processed)[0m in 2.86s]
[2023-06-22T01:36:45.946+0000] {subprocess.py:93} INFO - [0m01:36:45  4 of 4 START sql view model twitter_kafka_pyspark_test.my_second_dbt_model ..... [RUN]
[2023-06-22T01:36:46.172+0000] {subprocess.py:93} INFO - [0m01:36:46  2 of 4 OK created sql table model twitter_kafka_pyspark_test.dm_events ......... [[32mCREATE TABLE (1.3k rows, 178.2 KiB processed)[0m in 3.09s]
[2023-06-22T01:36:46.509+0000] {subprocess.py:93} INFO - [0m01:36:46  1 of 4 OK created sql table model twitter_kafka_pyspark_test.distinct_data ..... [[32mCREATE TABLE (1.1k rows, 638.3 KiB processed)[0m in 3.43s]
[2023-06-22T01:36:46.853+0000] {subprocess.py:93} INFO - [0m01:36:46  4 of 4 OK created sql view model twitter_kafka_pyspark_test.my_second_dbt_model  [[32mCREATE VIEW (0 processed)[0m in 0.90s]
[2023-06-22T01:36:46.909+0000] {subprocess.py:93} INFO - [0m01:36:46
[2023-06-22T01:36:46.911+0000] {subprocess.py:93} INFO - [0m01:36:46  Finished running 3 table models, 1 view model in 0 hours 0 minutes and 4.93 seconds (4.93s).
[2023-06-22T01:36:46.932+0000] {subprocess.py:93} INFO - [0m01:36:46
[2023-06-22T01:36:46.933+0000] {subprocess.py:93} INFO - [0m01:36:46  [32mCompleted successfully[0m
[2023-06-22T01:36:46.934+0000] {subprocess.py:93} INFO - [0m01:36:46
[2023-06-22T01:36:46.935+0000] {subprocess.py:93} INFO - [0m01:36:46  Done. PASS=4 WARN=0 ERROR=0 SKIP=0 TOTAL=4
[2023-06-22T01:36:47.391+0000] {subprocess.py:97} INFO - Command exited with return code 0
[2023-06-22T01:36:47.417+0000] {taskinstance.py:1332} INFO - Marking task as SUCCESS. dag_id=showpulse_dbt_dag, task_id=dbt_run, execution_date=20230622T013535, start_date=20230622T013639, end_date=20230622T013647
[2023-06-22T01:36:47.462+0000] {local_task_job.py:212} INFO - Task exited with return code 0
[2023-06-22T01:36:47.477+0000] {taskinstance.py:2596} INFO - 0 downstream tasks scheduled from follow-on schedule check
