[2023-06-23T01:13:35.483+0000] {taskinstance.py:1090} INFO - Dependencies all met for dep_context=non-requeueable deps ti=<TaskInstance: showpulse_dbt_dag.dbt_run scheduled__2023-06-23T01:12:31.696804+00:00 [queued]>
[2023-06-23T01:13:35.490+0000] {taskinstance.py:1090} INFO - Dependencies all met for dep_context=requeueable deps ti=<TaskInstance: showpulse_dbt_dag.dbt_run scheduled__2023-06-23T01:12:31.696804+00:00 [queued]>
[2023-06-23T01:13:35.491+0000] {taskinstance.py:1288} INFO - 
--------------------------------------------------------------------------------
[2023-06-23T01:13:35.491+0000] {taskinstance.py:1289} INFO - Starting attempt 1 of 1
[2023-06-23T01:13:35.492+0000] {taskinstance.py:1290} INFO - 
--------------------------------------------------------------------------------
[2023-06-23T01:13:35.501+0000] {taskinstance.py:1309} INFO - Executing <Task(BashOperator): dbt_run> on 2023-06-23 01:12:31.696804+00:00
[2023-06-23T01:13:35.504+0000] {standard_task_runner.py:55} INFO - Started process 22291 to run task
[2023-06-23T01:13:35.508+0000] {standard_task_runner.py:82} INFO - Running: ['***', 'tasks', 'run', 'showpulse_dbt_dag', 'dbt_run', 'scheduled__2023-06-23T01:12:31.696804+00:00', '--job-id', '2482', '--raw', '--subdir', 'DAGS_FOLDER/dbt_run.py', '--cfg-path', '/tmp/tmp4agau0i9']
[2023-06-23T01:13:35.509+0000] {standard_task_runner.py:83} INFO - Job 2482: Subtask dbt_run
[2023-06-23T01:13:35.565+0000] {task_command.py:389} INFO - Running <TaskInstance: showpulse_dbt_dag.dbt_run scheduled__2023-06-23T01:12:31.696804+00:00 [running]> on host 62cfed75eae1
[2023-06-23T01:13:35.620+0000] {taskinstance.py:1518} INFO - Exporting the following env vars:
AIRFLOW_CTX_DAG_OWNER=nburkett
AIRFLOW_CTX_DAG_ID=showpulse_dbt_dag
AIRFLOW_CTX_TASK_ID=dbt_run
AIRFLOW_CTX_EXECUTION_DATE=2023-06-23T01:12:31.696804+00:00
AIRFLOW_CTX_TRY_NUMBER=1
AIRFLOW_CTX_DAG_RUN_ID=scheduled__2023-06-23T01:12:31.696804+00:00
[2023-06-23T01:13:35.621+0000] {subprocess.py:63} INFO - Tmp dir root location: 
 /tmp
[2023-06-23T01:13:35.622+0000] {subprocess.py:75} INFO - Running command: ['/bin/bash', '-c', 'cd /dbt/ticketmaster_transformation && dbt run']
[2023-06-23T01:13:35.630+0000] {subprocess.py:86} INFO - Output:
[2023-06-23T01:13:36.958+0000] {subprocess.py:93} INFO - [0m01:13:36  Running with dbt=1.5.1
[2023-06-23T01:13:37.501+0000] {subprocess.py:93} INFO - [0m01:13:37  Found 4 models, 0 tests, 0 snapshots, 0 analyses, 356 macros, 0 operations, 0 seed files, 3 sources, 0 exposures, 0 metrics, 0 groups
[2023-06-23T01:13:37.504+0000] {subprocess.py:93} INFO - [0m01:13:37
[2023-06-23T01:13:38.383+0000] {subprocess.py:93} INFO - [0m01:13:38  Concurrency: 4 threads (target='dev')
[2023-06-23T01:13:38.384+0000] {subprocess.py:93} INFO - [0m01:13:38
[2023-06-23T01:13:38.398+0000] {subprocess.py:93} INFO - [0m01:13:38  1 of 4 START sql table model twitter_kafka_pyspark_test.distinct_data .......... [RUN]
[2023-06-23T01:13:38.401+0000] {subprocess.py:93} INFO - [0m01:13:38  2 of 4 START sql table model twitter_kafka_pyspark_test.dm_events .............. [RUN]
[2023-06-23T01:13:38.404+0000] {subprocess.py:93} INFO - [0m01:13:38  3 of 4 START sql table model twitter_kafka_pyspark_test.my_first_dbt_model ..... [RUN]
[2023-06-23T01:13:41.212+0000] {subprocess.py:93} INFO - [0m01:13:41  3 of 4 OK created sql table model twitter_kafka_pyspark_test.my_first_dbt_model  [[32mCREATE TABLE (2.0 rows, 0 processed)[0m in 2.79s]
[2023-06-23T01:13:41.219+0000] {subprocess.py:93} INFO - [0m01:13:41  4 of 4 START sql view model twitter_kafka_pyspark_test.my_second_dbt_model ..... [RUN]
[2023-06-23T01:13:41.282+0000] {subprocess.py:93} INFO - [0m01:13:41  1 of 4 OK created sql table model twitter_kafka_pyspark_test.distinct_data ..... [[32mCREATE TABLE (1.1k rows, 663.4 KiB processed)[0m in 2.86s]
[2023-06-23T01:13:41.284+0000] {subprocess.py:93} INFO - [0m01:13:41  2 of 4 OK created sql table model twitter_kafka_pyspark_test.dm_events ......... [[32mCREATE TABLE (1.4k rows, 186.0 KiB processed)[0m in 2.86s]
[2023-06-23T01:13:42.332+0000] {subprocess.py:93} INFO - [0m01:13:42  4 of 4 OK created sql view model twitter_kafka_pyspark_test.my_second_dbt_model  [[32mCREATE VIEW (0 processed)[0m in 1.11s]
[2023-06-23T01:13:42.350+0000] {subprocess.py:93} INFO - [0m01:13:42
[2023-06-23T01:13:42.352+0000] {subprocess.py:93} INFO - [0m01:13:42  Finished running 3 table models, 1 view model in 0 hours 0 minutes and 4.84 seconds (4.84s).
[2023-06-23T01:13:42.382+0000] {subprocess.py:93} INFO - [0m01:13:42
[2023-06-23T01:13:42.383+0000] {subprocess.py:93} INFO - [0m01:13:42  [32mCompleted successfully[0m
[2023-06-23T01:13:42.384+0000] {subprocess.py:93} INFO - [0m01:13:42
[2023-06-23T01:13:42.385+0000] {subprocess.py:93} INFO - [0m01:13:42  Done. PASS=4 WARN=0 ERROR=0 SKIP=0 TOTAL=4
[2023-06-23T01:13:42.875+0000] {subprocess.py:97} INFO - Command exited with return code 0
[2023-06-23T01:13:42.902+0000] {taskinstance.py:1332} INFO - Marking task as SUCCESS. dag_id=showpulse_dbt_dag, task_id=dbt_run, execution_date=20230623T011231, start_date=20230623T011335, end_date=20230623T011342
[2023-06-23T01:13:42.923+0000] {local_task_job.py:212} INFO - Task exited with return code 0
[2023-06-23T01:13:42.945+0000] {taskinstance.py:2596} INFO - 0 downstream tasks scheduled from follow-on schedule check
