[2023-06-22T21:04:02.089+0000] {taskinstance.py:1090} INFO - Dependencies all met for dep_context=non-requeueable deps ti=<TaskInstance: showpulse_dbt_dag.dbt_run scheduled__2023-06-22T21:02:57.282509+00:00 [queued]>
[2023-06-22T21:04:02.096+0000] {taskinstance.py:1090} INFO - Dependencies all met for dep_context=requeueable deps ti=<TaskInstance: showpulse_dbt_dag.dbt_run scheduled__2023-06-22T21:02:57.282509+00:00 [queued]>
[2023-06-22T21:04:02.096+0000] {taskinstance.py:1288} INFO - 
--------------------------------------------------------------------------------
[2023-06-22T21:04:02.097+0000] {taskinstance.py:1289} INFO - Starting attempt 1 of 1
[2023-06-22T21:04:02.097+0000] {taskinstance.py:1290} INFO - 
--------------------------------------------------------------------------------
[2023-06-22T21:04:02.105+0000] {taskinstance.py:1309} INFO - Executing <Task(BashOperator): dbt_run> on 2023-06-22 21:02:57.282509+00:00
[2023-06-22T21:04:02.109+0000] {standard_task_runner.py:55} INFO - Started process 18371 to run task
[2023-06-22T21:04:02.112+0000] {standard_task_runner.py:82} INFO - Running: ['***', 'tasks', 'run', 'showpulse_dbt_dag', 'dbt_run', 'scheduled__2023-06-22T21:02:57.282509+00:00', '--job-id', '2122', '--raw', '--subdir', 'DAGS_FOLDER/dbt_run.py', '--cfg-path', '/tmp/tmp8otemjtu']
[2023-06-22T21:04:02.113+0000] {standard_task_runner.py:83} INFO - Job 2122: Subtask dbt_run
[2023-06-22T21:04:02.166+0000] {task_command.py:389} INFO - Running <TaskInstance: showpulse_dbt_dag.dbt_run scheduled__2023-06-22T21:02:57.282509+00:00 [running]> on host 62cfed75eae1
[2023-06-22T21:04:02.216+0000] {taskinstance.py:1518} INFO - Exporting the following env vars:
AIRFLOW_CTX_DAG_OWNER=nburkett
AIRFLOW_CTX_DAG_ID=showpulse_dbt_dag
AIRFLOW_CTX_TASK_ID=dbt_run
AIRFLOW_CTX_EXECUTION_DATE=2023-06-22T21:02:57.282509+00:00
AIRFLOW_CTX_TRY_NUMBER=1
AIRFLOW_CTX_DAG_RUN_ID=scheduled__2023-06-22T21:02:57.282509+00:00
[2023-06-22T21:04:02.217+0000] {subprocess.py:63} INFO - Tmp dir root location: 
 /tmp
[2023-06-22T21:04:02.218+0000] {subprocess.py:75} INFO - Running command: ['/bin/bash', '-c', 'cd /dbt/ticketmaster_transformation && dbt run']
[2023-06-22T21:04:02.227+0000] {subprocess.py:86} INFO - Output:
[2023-06-22T21:04:03.514+0000] {subprocess.py:93} INFO - [0m21:04:03  Running with dbt=1.5.1
[2023-06-22T21:04:04.008+0000] {subprocess.py:93} INFO - [0m21:04:04  Found 4 models, 0 tests, 0 snapshots, 0 analyses, 356 macros, 0 operations, 0 seed files, 3 sources, 0 exposures, 0 metrics, 0 groups
[2023-06-22T21:04:04.011+0000] {subprocess.py:93} INFO - [0m21:04:04
[2023-06-22T21:04:04.628+0000] {subprocess.py:93} INFO - [0m21:04:04  Concurrency: 4 threads (target='dev')
[2023-06-22T21:04:04.630+0000] {subprocess.py:93} INFO - [0m21:04:04
[2023-06-22T21:04:04.638+0000] {subprocess.py:93} INFO - [0m21:04:04  1 of 4 START sql table model twitter_kafka_pyspark_test.distinct_data .......... [RUN]
[2023-06-22T21:04:04.639+0000] {subprocess.py:93} INFO - [0m21:04:04  2 of 4 START sql table model twitter_kafka_pyspark_test.dm_events .............. [RUN]
[2023-06-22T21:04:04.641+0000] {subprocess.py:93} INFO - [0m21:04:04  3 of 4 START sql table model twitter_kafka_pyspark_test.my_first_dbt_model ..... [RUN]
[2023-06-22T21:04:07.547+0000] {subprocess.py:93} INFO - [0m21:04:07  2 of 4 OK created sql table model twitter_kafka_pyspark_test.dm_events ......... [[32mCREATE TABLE (1.3k rows, 178.2 KiB processed)[0m in 2.90s]
[2023-06-22T21:04:07.549+0000] {subprocess.py:93} INFO - [0m21:04:07  3 of 4 OK created sql table model twitter_kafka_pyspark_test.my_first_dbt_model  [[32mCREATE TABLE (2.0 rows, 0 processed)[0m in 2.90s]
[2023-06-22T21:04:07.556+0000] {subprocess.py:93} INFO - [0m21:04:07  1 of 4 OK created sql table model twitter_kafka_pyspark_test.distinct_data ..... [[32mCREATE TABLE (1.1k rows, 638.3 KiB processed)[0m in 2.91s]
[2023-06-22T21:04:07.561+0000] {subprocess.py:93} INFO - [0m21:04:07  4 of 4 START sql view model twitter_kafka_pyspark_test.my_second_dbt_model ..... [RUN]
[2023-06-22T21:04:08.491+0000] {subprocess.py:93} INFO - [0m21:04:08  4 of 4 OK created sql view model twitter_kafka_pyspark_test.my_second_dbt_model  [[32mCREATE VIEW (0 processed)[0m in 0.92s]
[2023-06-22T21:04:08.584+0000] {subprocess.py:93} INFO - [0m21:04:08
[2023-06-22T21:04:08.587+0000] {subprocess.py:93} INFO - [0m21:04:08  Finished running 3 table models, 1 view model in 0 hours 0 minutes and 4.57 seconds (4.57s).
[2023-06-22T21:04:08.623+0000] {subprocess.py:93} INFO - [0m21:04:08
[2023-06-22T21:04:08.624+0000] {subprocess.py:93} INFO - [0m21:04:08  [32mCompleted successfully[0m
[2023-06-22T21:04:08.626+0000] {subprocess.py:93} INFO - [0m21:04:08
[2023-06-22T21:04:08.627+0000] {subprocess.py:93} INFO - [0m21:04:08  Done. PASS=4 WARN=0 ERROR=0 SKIP=0 TOTAL=4
[2023-06-22T21:04:09.067+0000] {subprocess.py:97} INFO - Command exited with return code 0
[2023-06-22T21:04:09.089+0000] {taskinstance.py:1332} INFO - Marking task as SUCCESS. dag_id=showpulse_dbt_dag, task_id=dbt_run, execution_date=20230622T210257, start_date=20230622T210402, end_date=20230622T210409
[2023-06-22T21:04:09.120+0000] {local_task_job.py:212} INFO - Task exited with return code 0
[2023-06-22T21:04:09.134+0000] {taskinstance.py:2596} INFO - 0 downstream tasks scheduled from follow-on schedule check
