[2023-06-21T13:49:56.537+0000] {taskinstance.py:1090} INFO - Dependencies all met for dep_context=non-requeueable deps ti=<TaskInstance: showpulse_dbt_dag.dbt_run scheduled__2023-06-21T13:48:51.900499+00:00 [queued]>
[2023-06-21T13:49:56.543+0000] {taskinstance.py:1090} INFO - Dependencies all met for dep_context=requeueable deps ti=<TaskInstance: showpulse_dbt_dag.dbt_run scheduled__2023-06-21T13:48:51.900499+00:00 [queued]>
[2023-06-21T13:49:56.543+0000] {taskinstance.py:1288} INFO - 
--------------------------------------------------------------------------------
[2023-06-21T13:49:56.544+0000] {taskinstance.py:1289} INFO - Starting attempt 1 of 1
[2023-06-21T13:49:56.544+0000] {taskinstance.py:1290} INFO - 
--------------------------------------------------------------------------------
[2023-06-21T13:49:56.552+0000] {taskinstance.py:1309} INFO - Executing <Task(BashOperator): dbt_run> on 2023-06-21 13:48:51.900499+00:00
[2023-06-21T13:49:56.556+0000] {standard_task_runner.py:55} INFO - Started process 3894 to run task
[2023-06-21T13:49:56.559+0000] {standard_task_runner.py:82} INFO - Running: ['***', 'tasks', 'run', 'showpulse_dbt_dag', 'dbt_run', 'scheduled__2023-06-21T13:48:51.900499+00:00', '--job-id', '750', '--raw', '--subdir', 'DAGS_FOLDER/dbt_run.py', '--cfg-path', '/tmp/tmp56jd9pdc']
[2023-06-21T13:49:56.560+0000] {standard_task_runner.py:83} INFO - Job 750: Subtask dbt_run
[2023-06-21T13:49:56.614+0000] {task_command.py:389} INFO - Running <TaskInstance: showpulse_dbt_dag.dbt_run scheduled__2023-06-21T13:48:51.900499+00:00 [running]> on host 62cfed75eae1
[2023-06-21T13:49:56.664+0000] {taskinstance.py:1518} INFO - Exporting the following env vars:
AIRFLOW_CTX_DAG_OWNER=nburkett
AIRFLOW_CTX_DAG_ID=showpulse_dbt_dag
AIRFLOW_CTX_TASK_ID=dbt_run
AIRFLOW_CTX_EXECUTION_DATE=2023-06-21T13:48:51.900499+00:00
AIRFLOW_CTX_TRY_NUMBER=1
AIRFLOW_CTX_DAG_RUN_ID=scheduled__2023-06-21T13:48:51.900499+00:00
[2023-06-21T13:49:56.665+0000] {subprocess.py:63} INFO - Tmp dir root location: 
 /tmp
[2023-06-21T13:49:56.666+0000] {subprocess.py:75} INFO - Running command: ['/bin/bash', '-c', 'cd /dbt/ticketmaster_transformation && dbt run']
[2023-06-21T13:49:56.674+0000] {subprocess.py:86} INFO - Output:
[2023-06-21T13:49:57.946+0000] {subprocess.py:93} INFO - [0m13:49:57  Running with dbt=1.5.1
[2023-06-21T13:49:58.450+0000] {subprocess.py:93} INFO - [0m13:49:58  Found 4 models, 0 tests, 0 snapshots, 0 analyses, 356 macros, 0 operations, 0 seed files, 3 sources, 0 exposures, 0 metrics, 0 groups
[2023-06-21T13:49:58.453+0000] {subprocess.py:93} INFO - [0m13:49:58
[2023-06-21T13:50:00.056+0000] {subprocess.py:93} INFO - [0m13:50:00  Concurrency: 4 threads (target='dev')
[2023-06-21T13:50:00.060+0000] {subprocess.py:93} INFO - [0m13:50:00
[2023-06-21T13:50:00.078+0000] {subprocess.py:93} INFO - [0m13:50:00  1 of 4 START sql table model twitter_kafka_pyspark_test.distinct_data .......... [RUN]
[2023-06-21T13:50:00.081+0000] {subprocess.py:93} INFO - [0m13:50:00  2 of 4 START sql table model twitter_kafka_pyspark_test.dm_events .............. [RUN]
[2023-06-21T13:50:00.083+0000] {subprocess.py:93} INFO - [0m13:50:00  3 of 4 START sql table model twitter_kafka_pyspark_test.my_first_dbt_model ..... [RUN]
[2023-06-21T13:50:02.903+0000] {subprocess.py:93} INFO - [0m13:50:02  3 of 4 OK created sql table model twitter_kafka_pyspark_test.my_first_dbt_model  [[32mCREATE TABLE (2.0 rows, 0 processed)[0m in 2.81s]
[2023-06-21T13:50:02.911+0000] {subprocess.py:93} INFO - [0m13:50:02  4 of 4 START sql view model twitter_kafka_pyspark_test.my_second_dbt_model ..... [RUN]
[2023-06-21T13:50:03.220+0000] {subprocess.py:93} INFO - [0m13:50:03  2 of 4 OK created sql table model twitter_kafka_pyspark_test.dm_events ......... [[32mCREATE TABLE (1.3k rows, 178.2 KiB processed)[0m in 3.13s]
[2023-06-21T13:50:03.318+0000] {subprocess.py:93} INFO - [0m13:50:03  1 of 4 OK created sql table model twitter_kafka_pyspark_test.distinct_data ..... [[32mCREATE TABLE (1.1k rows, 638.3 KiB processed)[0m in 3.23s]
[2023-06-21T13:50:03.852+0000] {subprocess.py:93} INFO - [0m13:50:03  4 of 4 OK created sql view model twitter_kafka_pyspark_test.my_second_dbt_model  [[32mCREATE VIEW (0 processed)[0m in 0.93s]
[2023-06-21T13:50:03.910+0000] {subprocess.py:93} INFO - [0m13:50:03
[2023-06-21T13:50:03.913+0000] {subprocess.py:93} INFO - [0m13:50:03  Finished running 3 table models, 1 view model in 0 hours 0 minutes and 5.46 seconds (5.46s).
[2023-06-21T13:50:03.949+0000] {subprocess.py:93} INFO - [0m13:50:03
[2023-06-21T13:50:03.951+0000] {subprocess.py:93} INFO - [0m13:50:03  [32mCompleted successfully[0m
[2023-06-21T13:50:03.952+0000] {subprocess.py:93} INFO - [0m13:50:03
[2023-06-21T13:50:03.954+0000] {subprocess.py:93} INFO - [0m13:50:03  Done. PASS=4 WARN=0 ERROR=0 SKIP=0 TOTAL=4
[2023-06-21T13:50:04.379+0000] {subprocess.py:97} INFO - Command exited with return code 0
[2023-06-21T13:50:04.404+0000] {taskinstance.py:1332} INFO - Marking task as SUCCESS. dag_id=showpulse_dbt_dag, task_id=dbt_run, execution_date=20230621T134851, start_date=20230621T134956, end_date=20230621T135004
[2023-06-21T13:50:04.426+0000] {local_task_job.py:212} INFO - Task exited with return code 0
[2023-06-21T13:50:04.440+0000] {taskinstance.py:2596} INFO - 0 downstream tasks scheduled from follow-on schedule check
