[2023-06-17T22:01:49.474+0000] {taskinstance.py:1090} INFO - Dependencies all met for dep_context=non-requeueable deps ti=<TaskInstance: showpulse_dbt_dag.dbt_run scheduled__2023-06-17T21:00:00+00:00 [queued]>
[2023-06-17T22:01:49.481+0000] {taskinstance.py:1090} INFO - Dependencies all met for dep_context=requeueable deps ti=<TaskInstance: showpulse_dbt_dag.dbt_run scheduled__2023-06-17T21:00:00+00:00 [queued]>
[2023-06-17T22:01:49.482+0000] {taskinstance.py:1288} INFO - 
--------------------------------------------------------------------------------
[2023-06-17T22:01:49.482+0000] {taskinstance.py:1289} INFO - Starting attempt 1 of 1
[2023-06-17T22:01:49.483+0000] {taskinstance.py:1290} INFO - 
--------------------------------------------------------------------------------
[2023-06-17T22:01:49.491+0000] {taskinstance.py:1309} INFO - Executing <Task(BashOperator): dbt_run> on 2023-06-17 21:00:00+00:00
[2023-06-17T22:01:49.495+0000] {standard_task_runner.py:55} INFO - Started process 118 to run task
[2023-06-17T22:01:49.498+0000] {standard_task_runner.py:82} INFO - Running: ['***', 'tasks', 'run', 'showpulse_dbt_dag', 'dbt_run', 'scheduled__2023-06-17T21:00:00+00:00', '--job-id', '300', '--raw', '--subdir', 'DAGS_FOLDER/dbt_run.py', '--cfg-path', '/tmp/tmpl3ve7qbr']
[2023-06-17T22:01:49.499+0000] {standard_task_runner.py:83} INFO - Job 300: Subtask dbt_run
[2023-06-17T22:01:49.559+0000] {task_command.py:389} INFO - Running <TaskInstance: showpulse_dbt_dag.dbt_run scheduled__2023-06-17T21:00:00+00:00 [running]> on host 1917e6b7052e
[2023-06-17T22:01:49.608+0000] {taskinstance.py:1518} INFO - Exporting the following env vars:
AIRFLOW_CTX_DAG_OWNER=nburkett
AIRFLOW_CTX_DAG_ID=showpulse_dbt_dag
AIRFLOW_CTX_TASK_ID=dbt_run
AIRFLOW_CTX_EXECUTION_DATE=2023-06-17T21:00:00+00:00
AIRFLOW_CTX_TRY_NUMBER=1
AIRFLOW_CTX_DAG_RUN_ID=scheduled__2023-06-17T21:00:00+00:00
[2023-06-17T22:01:49.609+0000] {subprocess.py:63} INFO - Tmp dir root location: 
 /tmp
[2023-06-17T22:01:49.610+0000] {subprocess.py:75} INFO - Running command: ['/bin/bash', '-c', 'cd /dbt/ticketmaster_transformation && dbt run']
[2023-06-17T22:01:49.619+0000] {subprocess.py:86} INFO - Output:
[2023-06-17T22:01:50.984+0000] {subprocess.py:93} INFO - [0m22:01:50  Running with dbt=1.5.1
[2023-06-17T22:01:51.900+0000] {subprocess.py:93} INFO - [0m22:01:51  Unable to do partial parsing because profile has changed
[2023-06-17T22:01:52.463+0000] {subprocess.py:93} INFO - [0m22:01:52  Found 4 models, 0 tests, 0 snapshots, 0 analyses, 356 macros, 0 operations, 0 seed files, 3 sources, 0 exposures, 0 metrics, 0 groups
[2023-06-17T22:01:52.465+0000] {subprocess.py:93} INFO - [0m22:01:52
[2023-06-17T22:01:53.672+0000] {subprocess.py:93} INFO - [0m22:01:53  Concurrency: 4 threads (target='dev')
[2023-06-17T22:01:53.674+0000] {subprocess.py:93} INFO - [0m22:01:53
[2023-06-17T22:01:53.686+0000] {subprocess.py:93} INFO - [0m22:01:53  1 of 4 START sql table model twitter_kafka_pyspark_test.distinct_data .......... [RUN]
[2023-06-17T22:01:53.688+0000] {subprocess.py:93} INFO - [0m22:01:53  2 of 4 START sql table model twitter_kafka_pyspark_test.dm_events .............. [RUN]
[2023-06-17T22:01:53.689+0000] {subprocess.py:93} INFO - [0m22:01:53  3 of 4 START sql table model twitter_kafka_pyspark_test.my_first_dbt_model ..... [RUN]
[2023-06-17T22:01:56.862+0000] {subprocess.py:93} INFO - [0m22:01:56  3 of 4 OK created sql table model twitter_kafka_pyspark_test.my_first_dbt_model  [[32mCREATE TABLE (2.0 rows, 0 processed)[0m in 3.16s]
[2023-06-17T22:01:56.864+0000] {subprocess.py:93} INFO - [0m22:01:56  1 of 4 OK created sql table model twitter_kafka_pyspark_test.distinct_data ..... [[32mCREATE TABLE (21.0 rows, 10.8 KiB processed)[0m in 3.17s]
[2023-06-17T22:01:56.872+0000] {subprocess.py:93} INFO - [0m22:01:56  4 of 4 START sql view model twitter_kafka_pyspark_test.my_second_dbt_model ..... [RUN]
[2023-06-17T22:01:58.141+0000] {subprocess.py:93} INFO - [0m22:01:58  2 of 4 OK created sql table model twitter_kafka_pyspark_test.dm_events ......... [[32mCREATE TABLE (21.0 rows, 3.4 KiB processed)[0m in 4.45s]
[2023-06-17T22:01:58.270+0000] {subprocess.py:93} INFO - [0m22:01:58  4 of 4 OK created sql view model twitter_kafka_pyspark_test.my_second_dbt_model  [[32mCREATE VIEW (0 processed)[0m in 1.39s]
[2023-06-17T22:01:58.359+0000] {subprocess.py:93} INFO - [0m22:01:58
[2023-06-17T22:01:58.361+0000] {subprocess.py:93} INFO - [0m22:01:58  Finished running 3 table models, 1 view model in 0 hours 0 minutes and 5.89 seconds (5.89s).
[2023-06-17T22:01:58.381+0000] {subprocess.py:93} INFO - [0m22:01:58
[2023-06-17T22:01:58.382+0000] {subprocess.py:93} INFO - [0m22:01:58  [32mCompleted successfully[0m
[2023-06-17T22:01:58.384+0000] {subprocess.py:93} INFO - [0m22:01:58
[2023-06-17T22:01:58.385+0000] {subprocess.py:93} INFO - [0m22:01:58  Done. PASS=4 WARN=0 ERROR=0 SKIP=0 TOTAL=4
[2023-06-17T22:01:58.910+0000] {subprocess.py:97} INFO - Command exited with return code 0
[2023-06-17T22:01:58.937+0000] {taskinstance.py:1332} INFO - Marking task as SUCCESS. dag_id=showpulse_dbt_dag, task_id=dbt_run, execution_date=20230617T210000, start_date=20230617T220149, end_date=20230617T220158
[2023-06-17T22:01:58.967+0000] {local_task_job.py:212} INFO - Task exited with return code 0
[2023-06-17T22:01:58.982+0000] {taskinstance.py:2596} INFO - 0 downstream tasks scheduled from follow-on schedule check
