[2023-06-22T00:32:20.581+0000] {taskinstance.py:1090} INFO - Dependencies all met for dep_context=non-requeueable deps ti=<TaskInstance: showpulse_dbt_dag.pwd1 scheduled__2023-06-22T00:31:19.542692+00:00 [queued]>
[2023-06-22T00:32:20.587+0000] {taskinstance.py:1090} INFO - Dependencies all met for dep_context=requeueable deps ti=<TaskInstance: showpulse_dbt_dag.pwd1 scheduled__2023-06-22T00:31:19.542692+00:00 [queued]>
[2023-06-22T00:32:20.588+0000] {taskinstance.py:1288} INFO - 
--------------------------------------------------------------------------------
[2023-06-22T00:32:20.588+0000] {taskinstance.py:1289} INFO - Starting attempt 1 of 1
[2023-06-22T00:32:20.589+0000] {taskinstance.py:1290} INFO - 
--------------------------------------------------------------------------------
[2023-06-22T00:32:20.596+0000] {taskinstance.py:1309} INFO - Executing <Task(BashOperator): pwd1> on 2023-06-22 00:31:19.542692+00:00
[2023-06-22T00:32:20.600+0000] {standard_task_runner.py:55} INFO - Started process 10499 to run task
[2023-06-22T00:32:20.604+0000] {standard_task_runner.py:82} INFO - Running: ['***', 'tasks', 'run', 'showpulse_dbt_dag', 'pwd1', 'scheduled__2023-06-22T00:31:19.542692+00:00', '--job-id', '1379', '--raw', '--subdir', 'DAGS_FOLDER/dbt_run.py', '--cfg-path', '/tmp/tmpt008cwxc']
[2023-06-22T00:32:20.605+0000] {standard_task_runner.py:83} INFO - Job 1379: Subtask pwd1
[2023-06-22T00:32:20.659+0000] {task_command.py:389} INFO - Running <TaskInstance: showpulse_dbt_dag.pwd1 scheduled__2023-06-22T00:31:19.542692+00:00 [running]> on host 62cfed75eae1
[2023-06-22T00:32:20.709+0000] {taskinstance.py:1518} INFO - Exporting the following env vars:
AIRFLOW_CTX_DAG_OWNER=nburkett
AIRFLOW_CTX_DAG_ID=showpulse_dbt_dag
AIRFLOW_CTX_TASK_ID=pwd1
AIRFLOW_CTX_EXECUTION_DATE=2023-06-22T00:31:19.542692+00:00
AIRFLOW_CTX_TRY_NUMBER=1
AIRFLOW_CTX_DAG_RUN_ID=scheduled__2023-06-22T00:31:19.542692+00:00
[2023-06-22T00:32:20.710+0000] {subprocess.py:63} INFO - Tmp dir root location: 
 /tmp
[2023-06-22T00:32:20.711+0000] {subprocess.py:75} INFO - Running command: ['/bin/bash', '-c', 'pwd && ls']
[2023-06-22T00:32:20.719+0000] {subprocess.py:86} INFO - Output:
[2023-06-22T00:32:20.721+0000] {subprocess.py:93} INFO - /tmp/***tmpmfr9u3ok
[2023-06-22T00:32:20.723+0000] {subprocess.py:97} INFO - Command exited with return code 0
[2023-06-22T00:32:20.746+0000] {taskinstance.py:1332} INFO - Marking task as SUCCESS. dag_id=showpulse_dbt_dag, task_id=pwd1, execution_date=20230622T003119, start_date=20230622T003220, end_date=20230622T003220
[2023-06-22T00:32:20.776+0000] {local_task_job.py:212} INFO - Task exited with return code 0
[2023-06-22T00:32:20.800+0000] {taskinstance.py:2596} INFO - 1 downstream tasks scheduled from follow-on schedule check
