[2023-06-12T00:02:15.110+0000] {taskinstance.py:1090} INFO - Dependencies all met for dep_context=non-requeueable deps ti=<TaskInstance: ny_taxi_local.get_data.bash_get_data scheduled__2023-06-11T00:00:00+00:00 [queued]>
[2023-06-12T00:02:15.117+0000] {taskinstance.py:1090} INFO - Dependencies all met for dep_context=requeueable deps ti=<TaskInstance: ny_taxi_local.get_data.bash_get_data scheduled__2023-06-11T00:00:00+00:00 [queued]>
[2023-06-12T00:02:15.117+0000] {taskinstance.py:1288} INFO - 
--------------------------------------------------------------------------------
[2023-06-12T00:02:15.118+0000] {taskinstance.py:1289} INFO - Starting attempt 1 of 1
[2023-06-12T00:02:15.118+0000] {taskinstance.py:1290} INFO - 
--------------------------------------------------------------------------------
[2023-06-12T00:02:15.128+0000] {taskinstance.py:1309} INFO - Executing <Task(_PythonDecoratedOperator): get_data.bash_get_data> on 2023-06-11 00:00:00+00:00
[2023-06-12T00:02:15.133+0000] {standard_task_runner.py:55} INFO - Started process 113 to run task
[2023-06-12T00:02:15.137+0000] {standard_task_runner.py:82} INFO - Running: ['***', 'tasks', 'run', 'ny_taxi_local', 'get_data.bash_get_data', 'scheduled__2023-06-11T00:00:00+00:00', '--job-id', '227', '--raw', '--subdir', 'DAGS_FOLDER/fetch_and_upload.py', '--cfg-path', '/tmp/tmpfpodijpq']
[2023-06-12T00:02:15.139+0000] {standard_task_runner.py:83} INFO - Job 227: Subtask get_data.bash_get_data
[2023-06-12T00:02:15.195+0000] {task_command.py:389} INFO - Running <TaskInstance: ny_taxi_local.get_data.bash_get_data scheduled__2023-06-11T00:00:00+00:00 [running]> on host 04f5a8a63034
[2023-06-12T00:02:15.251+0000] {taskinstance.py:1518} INFO - Exporting the following env vars:
AIRFLOW_CTX_DAG_OWNER=***
AIRFLOW_CTX_DAG_ID=ny_taxi_local
AIRFLOW_CTX_TASK_ID=get_data.bash_get_data
AIRFLOW_CTX_EXECUTION_DATE=2023-06-11T00:00:00+00:00
AIRFLOW_CTX_TRY_NUMBER=1
AIRFLOW_CTX_DAG_RUN_ID=scheduled__2023-06-11T00:00:00+00:00
[2023-06-12T00:02:15.254+0000] {subprocess.py:63} INFO - Tmp dir root location: 
 /tmp
[2023-06-12T00:02:15.255+0000] {subprocess.py:75} INFO - Running command: ['/bin/bash', '-c', 'curl -sSL https://d37ci6vzurychx.cloudfront.net/trip-data/yellow_tripdata_2021-01.parquet > /opt/***/yellow_tripdata_2021-01.parquet']
[2023-06-12T00:02:15.267+0000] {subprocess.py:86} INFO - Output:
[2023-06-12T00:02:16.648+0000] {subprocess.py:97} INFO - Command exited with return code 0
[2023-06-12T00:02:16.650+0000] {logging_mixin.py:137} INFO - File renamed from yellow_tripdata_2021-01.parquet to yellow_tripdata_2023-06-12-00-02-16.parquet
[2023-06-12T00:02:16.651+0000] {python.py:177} INFO - Done. Returned value was: yellow_tripdata_2023-06-12-00-02-16.parquet
[2023-06-12T00:02:16.677+0000] {taskinstance.py:1332} INFO - Marking task as SUCCESS. dag_id=ny_taxi_local, task_id=get_data.bash_get_data, execution_date=20230611T000000, start_date=20230612T000215, end_date=20230612T000216
[2023-06-12T00:02:16.743+0000] {local_task_job.py:212} INFO - Task exited with return code 0
[2023-06-12T00:02:16.769+0000] {taskinstance.py:2596} INFO - 1 downstream tasks scheduled from follow-on schedule check
