[2023-06-23T00:44:33.673+0000] {taskinstance.py:1090} INFO - Dependencies all met for dep_context=non-requeueable deps ti=<TaskInstance: showpulse_dbt_dag.dbt_run scheduled__2023-06-23T00:43:28.910960+00:00 [queued]>
[2023-06-23T00:44:33.680+0000] {taskinstance.py:1090} INFO - Dependencies all met for dep_context=requeueable deps ti=<TaskInstance: showpulse_dbt_dag.dbt_run scheduled__2023-06-23T00:43:28.910960+00:00 [queued]>
[2023-06-23T00:44:33.680+0000] {taskinstance.py:1288} INFO - 
--------------------------------------------------------------------------------
[2023-06-23T00:44:33.681+0000] {taskinstance.py:1289} INFO - Starting attempt 1 of 1
[2023-06-23T00:44:33.681+0000] {taskinstance.py:1290} INFO - 
--------------------------------------------------------------------------------
[2023-06-23T00:44:33.689+0000] {taskinstance.py:1309} INFO - Executing <Task(BashOperator): dbt_run> on 2023-06-23 00:43:28.910960+00:00
[2023-06-23T00:44:33.693+0000] {standard_task_runner.py:55} INFO - Started process 20836 to run task
[2023-06-23T00:44:33.696+0000] {standard_task_runner.py:82} INFO - Running: ['***', 'tasks', 'run', 'showpulse_dbt_dag', 'dbt_run', 'scheduled__2023-06-23T00:43:28.910960+00:00', '--job-id', '2366', '--raw', '--subdir', 'DAGS_FOLDER/dbt_run.py', '--cfg-path', '/tmp/tmp8nxysrp0']
[2023-06-23T00:44:33.697+0000] {standard_task_runner.py:83} INFO - Job 2366: Subtask dbt_run
[2023-06-23T00:44:33.755+0000] {task_command.py:389} INFO - Running <TaskInstance: showpulse_dbt_dag.dbt_run scheduled__2023-06-23T00:43:28.910960+00:00 [running]> on host 62cfed75eae1
[2023-06-23T00:44:33.805+0000] {taskinstance.py:1518} INFO - Exporting the following env vars:
AIRFLOW_CTX_DAG_OWNER=nburkett
AIRFLOW_CTX_DAG_ID=showpulse_dbt_dag
AIRFLOW_CTX_TASK_ID=dbt_run
AIRFLOW_CTX_EXECUTION_DATE=2023-06-23T00:43:28.910960+00:00
AIRFLOW_CTX_TRY_NUMBER=1
AIRFLOW_CTX_DAG_RUN_ID=scheduled__2023-06-23T00:43:28.910960+00:00
[2023-06-23T00:44:33.806+0000] {subprocess.py:63} INFO - Tmp dir root location: 
 /tmp
[2023-06-23T00:44:33.807+0000] {subprocess.py:75} INFO - Running command: ['/bin/bash', '-c', 'cd /dbt/ticketmaster_transformation && dbt run']
[2023-06-23T00:44:33.815+0000] {subprocess.py:86} INFO - Output:
[2023-06-23T00:44:35.058+0000] {subprocess.py:93} INFO - [0m00:44:35  Running with dbt=1.5.1
[2023-06-23T00:44:35.548+0000] {subprocess.py:93} INFO - [0m00:44:35  Found 4 models, 0 tests, 0 snapshots, 0 analyses, 356 macros, 0 operations, 0 seed files, 3 sources, 0 exposures, 0 metrics, 0 groups
[2023-06-23T00:44:35.551+0000] {subprocess.py:93} INFO - [0m00:44:35
[2023-06-23T00:44:36.421+0000] {subprocess.py:93} INFO - [0m00:44:36  Concurrency: 4 threads (target='dev')
[2023-06-23T00:44:36.425+0000] {subprocess.py:93} INFO - [0m00:44:36
[2023-06-23T00:44:36.442+0000] {subprocess.py:93} INFO - [0m00:44:36  1 of 4 START sql table model twitter_kafka_pyspark_test.distinct_data .......... [RUN]
[2023-06-23T00:44:36.444+0000] {subprocess.py:93} INFO - [0m00:44:36  2 of 4 START sql table model twitter_kafka_pyspark_test.dm_events .............. [RUN]
[2023-06-23T00:44:36.446+0000] {subprocess.py:93} INFO - [0m00:44:36  3 of 4 START sql table model twitter_kafka_pyspark_test.my_first_dbt_model ..... [RUN]
[2023-06-23T00:44:39.131+0000] {subprocess.py:93} INFO - [0m00:44:39  3 of 4 OK created sql table model twitter_kafka_pyspark_test.my_first_dbt_model  [[32mCREATE TABLE (2.0 rows, 0 processed)[0m in 2.67s]
[2023-06-23T00:44:39.136+0000] {subprocess.py:93} INFO - [0m00:44:39  2 of 4 OK created sql table model twitter_kafka_pyspark_test.dm_events ......... [[32mCREATE TABLE (1.3k rows, 178.2 KiB processed)[0m in 2.68s]
[2023-06-23T00:44:39.139+0000] {subprocess.py:93} INFO - [0m00:44:39  4 of 4 START sql view model twitter_kafka_pyspark_test.my_second_dbt_model ..... [RUN]
[2023-06-23T00:44:40.001+0000] {subprocess.py:93} INFO - [0m00:44:40  4 of 4 OK created sql view model twitter_kafka_pyspark_test.my_second_dbt_model  [[32mCREATE VIEW (0 processed)[0m in 0.85s]
[2023-06-23T00:45:30.036+0000] {subprocess.py:93} INFO - [0m00:45:30  1 of 4 OK created sql table model twitter_kafka_pyspark_test.distinct_data ..... [[32mCREATE TABLE (1.1k rows, 638.3 KiB processed)[0m in 53.58s]
[2023-06-23T00:45:30.064+0000] {subprocess.py:93} INFO - [0m00:45:30
[2023-06-23T00:45:30.066+0000] {subprocess.py:93} INFO - [0m00:45:30  Finished running 3 table models, 1 view model in 0 hours 0 minutes and 54.51 seconds (54.51s).
[2023-06-23T00:45:30.099+0000] {subprocess.py:93} INFO - [0m00:45:30
[2023-06-23T00:45:30.101+0000] {subprocess.py:93} INFO - [0m00:45:30  [32mCompleted successfully[0m
[2023-06-23T00:45:30.103+0000] {subprocess.py:93} INFO - [0m00:45:30
[2023-06-23T00:45:30.104+0000] {subprocess.py:93} INFO - [0m00:45:30  Done. PASS=4 WARN=0 ERROR=0 SKIP=0 TOTAL=4
[2023-06-23T00:45:30.679+0000] {subprocess.py:97} INFO - Command exited with return code 0
[2023-06-23T00:45:30.720+0000] {taskinstance.py:1332} INFO - Marking task as SUCCESS. dag_id=showpulse_dbt_dag, task_id=dbt_run, execution_date=20230623T004328, start_date=20230623T004433, end_date=20230623T004530
[2023-06-23T00:45:30.769+0000] {local_task_job.py:212} INFO - Task exited with return code 0
[2023-06-23T00:45:30.789+0000] {taskinstance.py:2596} INFO - 0 downstream tasks scheduled from follow-on schedule check
