[2023-06-22T02:52:32.523+0000] {taskinstance.py:1090} INFO - Dependencies all met for dep_context=non-requeueable deps ti=<TaskInstance: showpulse_dbt_dag.dbt_run scheduled__2023-06-22T02:51:28.440116+00:00 [queued]>
[2023-06-22T02:52:32.529+0000] {taskinstance.py:1090} INFO - Dependencies all met for dep_context=requeueable deps ti=<TaskInstance: showpulse_dbt_dag.dbt_run scheduled__2023-06-22T02:51:28.440116+00:00 [queued]>
[2023-06-22T02:52:32.530+0000] {taskinstance.py:1288} INFO - 
--------------------------------------------------------------------------------
[2023-06-22T02:52:32.531+0000] {taskinstance.py:1289} INFO - Starting attempt 1 of 1
[2023-06-22T02:52:32.531+0000] {taskinstance.py:1290} INFO - 
--------------------------------------------------------------------------------
[2023-06-22T02:52:32.539+0000] {taskinstance.py:1309} INFO - Executing <Task(BashOperator): dbt_run> on 2023-06-22 02:51:28.440116+00:00
[2023-06-22T02:52:32.542+0000] {standard_task_runner.py:55} INFO - Started process 14010 to run task
[2023-06-22T02:52:32.546+0000] {standard_task_runner.py:82} INFO - Running: ['***', 'tasks', 'run', 'showpulse_dbt_dag', 'dbt_run', 'scheduled__2023-06-22T02:51:28.440116+00:00', '--job-id', '1666', '--raw', '--subdir', 'DAGS_FOLDER/dbt_run.py', '--cfg-path', '/tmp/tmpskbwgzdc']
[2023-06-22T02:52:32.547+0000] {standard_task_runner.py:83} INFO - Job 1666: Subtask dbt_run
[2023-06-22T02:52:32.599+0000] {task_command.py:389} INFO - Running <TaskInstance: showpulse_dbt_dag.dbt_run scheduled__2023-06-22T02:51:28.440116+00:00 [running]> on host 62cfed75eae1
[2023-06-22T02:52:32.650+0000] {taskinstance.py:1518} INFO - Exporting the following env vars:
AIRFLOW_CTX_DAG_OWNER=nburkett
AIRFLOW_CTX_DAG_ID=showpulse_dbt_dag
AIRFLOW_CTX_TASK_ID=dbt_run
AIRFLOW_CTX_EXECUTION_DATE=2023-06-22T02:51:28.440116+00:00
AIRFLOW_CTX_TRY_NUMBER=1
AIRFLOW_CTX_DAG_RUN_ID=scheduled__2023-06-22T02:51:28.440116+00:00
[2023-06-22T02:52:32.651+0000] {subprocess.py:63} INFO - Tmp dir root location: 
 /tmp
[2023-06-22T02:52:32.652+0000] {subprocess.py:75} INFO - Running command: ['/bin/bash', '-c', 'cd /dbt/ticketmaster_transformation && dbt run']
[2023-06-22T02:52:32.661+0000] {subprocess.py:86} INFO - Output:
[2023-06-22T02:52:34.165+0000] {subprocess.py:93} INFO - [0m02:52:34  Running with dbt=1.5.1
[2023-06-22T02:52:34.649+0000] {subprocess.py:93} INFO - [0m02:52:34  Found 4 models, 0 tests, 0 snapshots, 0 analyses, 356 macros, 0 operations, 0 seed files, 3 sources, 0 exposures, 0 metrics, 0 groups
[2023-06-22T02:52:34.653+0000] {subprocess.py:93} INFO - [0m02:52:34
[2023-06-22T02:52:35.695+0000] {subprocess.py:93} INFO - [0m02:52:35  Concurrency: 4 threads (target='dev')
[2023-06-22T02:52:35.699+0000] {subprocess.py:93} INFO - [0m02:52:35
[2023-06-22T02:52:35.716+0000] {subprocess.py:93} INFO - [0m02:52:35  1 of 4 START sql table model twitter_kafka_pyspark_test.distinct_data .......... [RUN]
[2023-06-22T02:52:35.718+0000] {subprocess.py:93} INFO - [0m02:52:35  2 of 4 START sql table model twitter_kafka_pyspark_test.dm_events .............. [RUN]
[2023-06-22T02:52:35.721+0000] {subprocess.py:93} INFO - [0m02:52:35  3 of 4 START sql table model twitter_kafka_pyspark_test.my_first_dbt_model ..... [RUN]
[2023-06-22T02:52:38.460+0000] {subprocess.py:93} INFO - [0m02:52:38  3 of 4 OK created sql table model twitter_kafka_pyspark_test.my_first_dbt_model  [[32mCREATE TABLE (2.0 rows, 0 processed)[0m in 2.73s]
[2023-06-22T02:52:38.462+0000] {subprocess.py:93} INFO - [0m02:52:38  2 of 4 OK created sql table model twitter_kafka_pyspark_test.dm_events ......... [[32mCREATE TABLE (1.3k rows, 178.2 KiB processed)[0m in 2.73s]
[2023-06-22T02:52:38.469+0000] {subprocess.py:93} INFO - [0m02:52:38  4 of 4 START sql view model twitter_kafka_pyspark_test.my_second_dbt_model ..... [RUN]
[2023-06-22T02:52:38.753+0000] {subprocess.py:93} INFO - [0m02:52:38  1 of 4 OK created sql table model twitter_kafka_pyspark_test.distinct_data ..... [[32mCREATE TABLE (1.1k rows, 638.3 KiB processed)[0m in 3.03s]
[2023-06-22T02:52:39.426+0000] {subprocess.py:93} INFO - [0m02:52:39  4 of 4 OK created sql view model twitter_kafka_pyspark_test.my_second_dbt_model  [[32mCREATE VIEW (0 processed)[0m in 0.95s]
[2023-06-22T02:52:39.533+0000] {subprocess.py:93} INFO - [0m02:52:39
[2023-06-22T02:52:39.534+0000] {subprocess.py:93} INFO - [0m02:52:39  Finished running 3 table models, 1 view model in 0 hours 0 minutes and 4.88 seconds (4.88s).
[2023-06-22T02:52:39.552+0000] {subprocess.py:93} INFO - [0m02:52:39
[2023-06-22T02:52:39.553+0000] {subprocess.py:93} INFO - [0m02:52:39  [32mCompleted successfully[0m
[2023-06-22T02:52:39.555+0000] {subprocess.py:93} INFO - [0m02:52:39
[2023-06-22T02:52:39.556+0000] {subprocess.py:93} INFO - [0m02:52:39  Done. PASS=4 WARN=0 ERROR=0 SKIP=0 TOTAL=4
[2023-06-22T02:52:39.996+0000] {subprocess.py:97} INFO - Command exited with return code 0
[2023-06-22T02:52:40.033+0000] {taskinstance.py:1332} INFO - Marking task as SUCCESS. dag_id=showpulse_dbt_dag, task_id=dbt_run, execution_date=20230622T025128, start_date=20230622T025232, end_date=20230622T025240
[2023-06-22T02:52:40.088+0000] {local_task_job.py:212} INFO - Task exited with return code 0
[2023-06-22T02:52:40.103+0000] {taskinstance.py:2596} INFO - 0 downstream tasks scheduled from follow-on schedule check
