[2023-06-22T23:52:09.302+0000] {taskinstance.py:1090} INFO - Dependencies all met for dep_context=non-requeueable deps ti=<TaskInstance: showpulse_dbt_dag.dbt_run scheduled__2023-06-22T23:51:05.128349+00:00 [queued]>
[2023-06-22T23:52:09.309+0000] {taskinstance.py:1090} INFO - Dependencies all met for dep_context=requeueable deps ti=<TaskInstance: showpulse_dbt_dag.dbt_run scheduled__2023-06-22T23:51:05.128349+00:00 [queued]>
[2023-06-22T23:52:09.309+0000] {taskinstance.py:1288} INFO - 
--------------------------------------------------------------------------------
[2023-06-22T23:52:09.310+0000] {taskinstance.py:1289} INFO - Starting attempt 1 of 1
[2023-06-22T23:52:09.310+0000] {taskinstance.py:1290} INFO - 
--------------------------------------------------------------------------------
[2023-06-22T23:52:09.318+0000] {taskinstance.py:1309} INFO - Executing <Task(BashOperator): dbt_run> on 2023-06-22 23:51:05.128349+00:00
[2023-06-22T23:52:09.321+0000] {standard_task_runner.py:55} INFO - Started process 19506 to run task
[2023-06-22T23:52:09.325+0000] {standard_task_runner.py:82} INFO - Running: ['***', 'tasks', 'run', 'showpulse_dbt_dag', 'dbt_run', 'scheduled__2023-06-22T23:51:05.128349+00:00', '--job-id', '2246', '--raw', '--subdir', 'DAGS_FOLDER/dbt_run.py', '--cfg-path', '/tmp/tmpl0bs17rj']
[2023-06-22T23:52:09.326+0000] {standard_task_runner.py:83} INFO - Job 2246: Subtask dbt_run
[2023-06-22T23:52:09.378+0000] {task_command.py:389} INFO - Running <TaskInstance: showpulse_dbt_dag.dbt_run scheduled__2023-06-22T23:51:05.128349+00:00 [running]> on host 62cfed75eae1
[2023-06-22T23:52:09.427+0000] {taskinstance.py:1518} INFO - Exporting the following env vars:
AIRFLOW_CTX_DAG_OWNER=nburkett
AIRFLOW_CTX_DAG_ID=showpulse_dbt_dag
AIRFLOW_CTX_TASK_ID=dbt_run
AIRFLOW_CTX_EXECUTION_DATE=2023-06-22T23:51:05.128349+00:00
AIRFLOW_CTX_TRY_NUMBER=1
AIRFLOW_CTX_DAG_RUN_ID=scheduled__2023-06-22T23:51:05.128349+00:00
[2023-06-22T23:52:09.428+0000] {subprocess.py:63} INFO - Tmp dir root location: 
 /tmp
[2023-06-22T23:52:09.429+0000] {subprocess.py:75} INFO - Running command: ['/bin/bash', '-c', 'cd /dbt/ticketmaster_transformation && dbt run']
[2023-06-22T23:52:09.439+0000] {subprocess.py:86} INFO - Output:
[2023-06-22T23:52:10.646+0000] {subprocess.py:93} INFO - [0m23:52:10  Running with dbt=1.5.1
[2023-06-22T23:52:11.110+0000] {subprocess.py:93} INFO - [0m23:52:11  Found 4 models, 0 tests, 0 snapshots, 0 analyses, 356 macros, 0 operations, 0 seed files, 3 sources, 0 exposures, 0 metrics, 0 groups
[2023-06-22T23:52:11.113+0000] {subprocess.py:93} INFO - [0m23:52:11
[2023-06-22T23:52:11.941+0000] {subprocess.py:93} INFO - [0m23:52:11  Concurrency: 4 threads (target='dev')
[2023-06-22T23:52:11.943+0000] {subprocess.py:93} INFO - [0m23:52:11
[2023-06-22T23:52:11.954+0000] {subprocess.py:93} INFO - [0m23:52:11  1 of 4 START sql table model twitter_kafka_pyspark_test.distinct_data .......... [RUN]
[2023-06-22T23:52:11.956+0000] {subprocess.py:93} INFO - [0m23:52:11  2 of 4 START sql table model twitter_kafka_pyspark_test.dm_events .............. [RUN]
[2023-06-22T23:52:11.959+0000] {subprocess.py:93} INFO - [0m23:52:11  3 of 4 START sql table model twitter_kafka_pyspark_test.my_first_dbt_model ..... [RUN]
[2023-06-22T23:52:15.184+0000] {subprocess.py:93} INFO - [0m23:52:15  3 of 4 OK created sql table model twitter_kafka_pyspark_test.my_first_dbt_model  [[32mCREATE TABLE (2.0 rows, 0 processed)[0m in 3.22s]
[2023-06-22T23:52:15.191+0000] {subprocess.py:93} INFO - [0m23:52:15  4 of 4 START sql view model twitter_kafka_pyspark_test.my_second_dbt_model ..... [RUN]
[2023-06-22T23:52:16.043+0000] {subprocess.py:93} INFO - [0m23:52:16  4 of 4 OK created sql view model twitter_kafka_pyspark_test.my_second_dbt_model  [[32mCREATE VIEW (0 processed)[0m in 0.85s]
[2023-06-22T23:52:17.608+0000] {subprocess.py:93} INFO - [0m23:52:17  2 of 4 OK created sql table model twitter_kafka_pyspark_test.dm_events ......... [[32mCREATE TABLE (1.3k rows, 178.2 KiB processed)[0m in 5.64s]
[2023-06-22T23:52:17.833+0000] {subprocess.py:93} INFO - [0m23:52:17  1 of 4 OK created sql table model twitter_kafka_pyspark_test.distinct_data ..... [[32mCREATE TABLE (1.1k rows, 638.3 KiB processed)[0m in 5.87s]
[2023-06-22T23:52:17.928+0000] {subprocess.py:93} INFO - [0m23:52:17
[2023-06-22T23:52:17.930+0000] {subprocess.py:93} INFO - [0m23:52:17  Finished running 3 table models, 1 view model in 0 hours 0 minutes and 6.81 seconds (6.81s).
[2023-06-22T23:52:17.966+0000] {subprocess.py:93} INFO - [0m23:52:17
[2023-06-22T23:52:17.968+0000] {subprocess.py:93} INFO - [0m23:52:17  [32mCompleted successfully[0m
[2023-06-22T23:52:17.969+0000] {subprocess.py:93} INFO - [0m23:52:17
[2023-06-22T23:52:17.974+0000] {subprocess.py:93} INFO - [0m23:52:17  Done. PASS=4 WARN=0 ERROR=0 SKIP=0 TOTAL=4
[2023-06-22T23:52:18.466+0000] {subprocess.py:97} INFO - Command exited with return code 0
[2023-06-22T23:52:18.495+0000] {taskinstance.py:1332} INFO - Marking task as SUCCESS. dag_id=showpulse_dbt_dag, task_id=dbt_run, execution_date=20230622T235105, start_date=20230622T235209, end_date=20230622T235218
[2023-06-22T23:52:18.563+0000] {local_task_job.py:212} INFO - Task exited with return code 0
[2023-06-22T23:52:18.581+0000] {taskinstance.py:2596} INFO - 0 downstream tasks scheduled from follow-on schedule check
