[2023-06-17T22:02:05.602+0000] {taskinstance.py:1090} INFO - Dependencies all met for dep_context=non-requeueable deps ti=<TaskInstance: showpulse_dbt_dag.dbt_change_dir manual__2023-06-17T21:11:58.487136+00:00 [queued]>
[2023-06-17T22:02:05.609+0000] {taskinstance.py:1090} INFO - Dependencies all met for dep_context=requeueable deps ti=<TaskInstance: showpulse_dbt_dag.dbt_change_dir manual__2023-06-17T21:11:58.487136+00:00 [queued]>
[2023-06-17T22:02:05.610+0000] {taskinstance.py:1288} INFO - 
--------------------------------------------------------------------------------
[2023-06-17T22:02:05.610+0000] {taskinstance.py:1289} INFO - Starting attempt 6 of 6
[2023-06-17T22:02:05.611+0000] {taskinstance.py:1290} INFO - 
--------------------------------------------------------------------------------
[2023-06-17T22:02:05.619+0000] {taskinstance.py:1309} INFO - Executing <Task(BashOperator): dbt_change_dir> on 2023-06-17 21:11:58.487136+00:00
[2023-06-17T22:02:05.622+0000] {standard_task_runner.py:55} INFO - Started process 150 to run task
[2023-06-17T22:02:05.626+0000] {standard_task_runner.py:82} INFO - Running: ['***', 'tasks', 'run', 'showpulse_dbt_dag', 'dbt_change_dir', 'manual__2023-06-17T21:11:58.487136+00:00', '--job-id', '303', '--raw', '--subdir', 'DAGS_FOLDER/dbt_run.py', '--cfg-path', '/tmp/tmprf6xh8l1']
[2023-06-17T22:02:05.627+0000] {standard_task_runner.py:83} INFO - Job 303: Subtask dbt_change_dir
[2023-06-17T22:02:05.688+0000] {task_command.py:389} INFO - Running <TaskInstance: showpulse_dbt_dag.dbt_change_dir manual__2023-06-17T21:11:58.487136+00:00 [running]> on host 1917e6b7052e
[2023-06-17T22:02:05.741+0000] {taskinstance.py:1518} INFO - Exporting the following env vars:
AIRFLOW_CTX_DAG_OWNER=nburkett
AIRFLOW_CTX_DAG_ID=showpulse_dbt_dag
AIRFLOW_CTX_TASK_ID=dbt_change_dir
AIRFLOW_CTX_EXECUTION_DATE=2023-06-17T21:11:58.487136+00:00
AIRFLOW_CTX_TRY_NUMBER=6
AIRFLOW_CTX_DAG_RUN_ID=manual__2023-06-17T21:11:58.487136+00:00
[2023-06-17T22:02:05.742+0000] {subprocess.py:63} INFO - Tmp dir root location: 
 /tmp
[2023-06-17T22:02:05.743+0000] {subprocess.py:75} INFO - Running command: ['/bin/bash', '-c', 'cd /dbt/ticketmaster_transformation']
[2023-06-17T22:02:05.752+0000] {subprocess.py:86} INFO - Output:
[2023-06-17T22:02:05.755+0000] {subprocess.py:97} INFO - Command exited with return code 0
[2023-06-17T22:02:05.777+0000] {taskinstance.py:1332} INFO - Marking task as SUCCESS. dag_id=showpulse_dbt_dag, task_id=dbt_change_dir, execution_date=20230617T211158, start_date=20230617T220205, end_date=20230617T220205
[2023-06-17T22:02:05.799+0000] {local_task_job.py:212} INFO - Task exited with return code 0
[2023-06-17T22:02:05.820+0000] {taskinstance.py:2596} INFO - 1 downstream tasks scheduled from follow-on schedule check
