[2023-06-17T21:43:32.569+0000] {taskinstance.py:1090} INFO - Dependencies all met for dep_context=non-requeueable deps ti=<TaskInstance: showpulse_dbt_dag.dbt_change_dir manual__2023-06-17T21:11:58.487136+00:00 [queued]>
[2023-06-17T21:43:32.576+0000] {taskinstance.py:1090} INFO - Dependencies all met for dep_context=requeueable deps ti=<TaskInstance: showpulse_dbt_dag.dbt_change_dir manual__2023-06-17T21:11:58.487136+00:00 [queued]>
[2023-06-17T21:43:32.576+0000] {taskinstance.py:1288} INFO - 
--------------------------------------------------------------------------------
[2023-06-17T21:43:32.577+0000] {taskinstance.py:1289} INFO - Starting attempt 3 of 3
[2023-06-17T21:43:32.577+0000] {taskinstance.py:1290} INFO - 
--------------------------------------------------------------------------------
[2023-06-17T21:43:32.586+0000] {taskinstance.py:1309} INFO - Executing <Task(BashOperator): dbt_change_dir> on 2023-06-17 21:11:58.487136+00:00
[2023-06-17T21:43:32.590+0000] {standard_task_runner.py:55} INFO - Started process 69 to run task
[2023-06-17T21:43:32.593+0000] {standard_task_runner.py:82} INFO - Running: ['***', 'tasks', 'run', 'showpulse_dbt_dag', 'dbt_change_dir', 'manual__2023-06-17T21:11:58.487136+00:00', '--job-id', '281', '--raw', '--subdir', 'DAGS_FOLDER/dbt_run.py', '--cfg-path', '/tmp/tmp31uo00wv']
[2023-06-17T21:43:32.594+0000] {standard_task_runner.py:83} INFO - Job 281: Subtask dbt_change_dir
[2023-06-17T21:43:32.643+0000] {task_command.py:389} INFO - Running <TaskInstance: showpulse_dbt_dag.dbt_change_dir manual__2023-06-17T21:11:58.487136+00:00 [running]> on host e60c8c77cdf9
[2023-06-17T21:43:32.692+0000] {taskinstance.py:1518} INFO - Exporting the following env vars:
AIRFLOW_CTX_DAG_OWNER=nburkett
AIRFLOW_CTX_DAG_ID=showpulse_dbt_dag
AIRFLOW_CTX_TASK_ID=dbt_change_dir
AIRFLOW_CTX_EXECUTION_DATE=2023-06-17T21:11:58.487136+00:00
AIRFLOW_CTX_TRY_NUMBER=3
AIRFLOW_CTX_DAG_RUN_ID=manual__2023-06-17T21:11:58.487136+00:00
[2023-06-17T21:43:32.694+0000] {subprocess.py:63} INFO - Tmp dir root location: 
 /tmp
[2023-06-17T21:43:32.695+0000] {subprocess.py:75} INFO - Running command: ['/bin/bash', '-c', 'cd /dbt/ticketmaster_transformation']
[2023-06-17T21:43:32.704+0000] {subprocess.py:86} INFO - Output:
[2023-06-17T21:43:32.707+0000] {subprocess.py:97} INFO - Command exited with return code 0
[2023-06-17T21:43:32.730+0000] {taskinstance.py:1332} INFO - Marking task as SUCCESS. dag_id=showpulse_dbt_dag, task_id=dbt_change_dir, execution_date=20230617T211158, start_date=20230617T214332, end_date=20230617T214332
[2023-06-17T21:43:32.767+0000] {local_task_job.py:212} INFO - Task exited with return code 0
[2023-06-17T21:43:32.789+0000] {taskinstance.py:2596} INFO - 1 downstream tasks scheduled from follow-on schedule check
