[2023-06-22T16:27:57.060+0000] {taskinstance.py:1090} INFO - Dependencies all met for dep_context=non-requeueable deps ti=<TaskInstance: showpulse_dbt_dag.dbt_run scheduled__2023-06-22T16:04:52.923068+00:00 [queued]>
[2023-06-22T16:27:57.067+0000] {taskinstance.py:1090} INFO - Dependencies all met for dep_context=requeueable deps ti=<TaskInstance: showpulse_dbt_dag.dbt_run scheduled__2023-06-22T16:04:52.923068+00:00 [queued]>
[2023-06-22T16:27:57.068+0000] {taskinstance.py:1288} INFO - 
--------------------------------------------------------------------------------
[2023-06-22T16:27:57.070+0000] {taskinstance.py:1289} INFO - Starting attempt 1 of 1
[2023-06-22T16:27:57.071+0000] {taskinstance.py:1290} INFO - 
--------------------------------------------------------------------------------
[2023-06-22T16:27:57.088+0000] {taskinstance.py:1309} INFO - Executing <Task(BashOperator): dbt_run> on 2023-06-22 16:04:52.923068+00:00
[2023-06-22T16:27:57.095+0000] {standard_task_runner.py:55} INFO - Started process 16894 to run task
[2023-06-22T16:27:57.100+0000] {standard_task_runner.py:82} INFO - Running: ['***', 'tasks', 'run', 'showpulse_dbt_dag', 'dbt_run', 'scheduled__2023-06-22T16:04:52.923068+00:00', '--job-id', '1954', '--raw', '--subdir', 'DAGS_FOLDER/dbt_run.py', '--cfg-path', '/tmp/tmpube9gd7r']
[2023-06-22T16:27:57.104+0000] {standard_task_runner.py:83} INFO - Job 1954: Subtask dbt_run
[2023-06-22T16:27:57.173+0000] {task_command.py:389} INFO - Running <TaskInstance: showpulse_dbt_dag.dbt_run scheduled__2023-06-22T16:04:52.923068+00:00 [running]> on host 62cfed75eae1
[2023-06-22T16:27:57.225+0000] {taskinstance.py:1518} INFO - Exporting the following env vars:
AIRFLOW_CTX_DAG_OWNER=nburkett
AIRFLOW_CTX_DAG_ID=showpulse_dbt_dag
AIRFLOW_CTX_TASK_ID=dbt_run
AIRFLOW_CTX_EXECUTION_DATE=2023-06-22T16:04:52.923068+00:00
AIRFLOW_CTX_TRY_NUMBER=1
AIRFLOW_CTX_DAG_RUN_ID=scheduled__2023-06-22T16:04:52.923068+00:00
[2023-06-22T16:27:57.227+0000] {subprocess.py:63} INFO - Tmp dir root location: 
 /tmp
[2023-06-22T16:27:57.227+0000] {subprocess.py:75} INFO - Running command: ['/bin/bash', '-c', 'cd /dbt/ticketmaster_transformation && dbt run']
[2023-06-22T16:27:57.236+0000] {subprocess.py:86} INFO - Output:
[2023-06-22T16:27:58.614+0000] {subprocess.py:93} INFO - [0m16:27:58  Running with dbt=1.5.1
[2023-06-22T16:27:59.142+0000] {subprocess.py:93} INFO - [0m16:27:59  Found 4 models, 0 tests, 0 snapshots, 0 analyses, 356 macros, 0 operations, 0 seed files, 3 sources, 0 exposures, 0 metrics, 0 groups
[2023-06-22T16:27:59.145+0000] {subprocess.py:93} INFO - [0m16:27:59
[2023-06-22T16:27:59.916+0000] {subprocess.py:93} INFO - [0m16:27:59  Concurrency: 4 threads (target='dev')
[2023-06-22T16:27:59.919+0000] {subprocess.py:93} INFO - [0m16:27:59
[2023-06-22T16:27:59.930+0000] {subprocess.py:93} INFO - [0m16:27:59  1 of 4 START sql table model twitter_kafka_pyspark_test.distinct_data .......... [RUN]
[2023-06-22T16:27:59.932+0000] {subprocess.py:93} INFO - [0m16:27:59  2 of 4 START sql table model twitter_kafka_pyspark_test.dm_events .............. [RUN]
[2023-06-22T16:27:59.935+0000] {subprocess.py:93} INFO - [0m16:27:59  3 of 4 START sql table model twitter_kafka_pyspark_test.my_first_dbt_model ..... [RUN]
[2023-06-22T16:28:02.853+0000] {subprocess.py:93} INFO - [0m16:28:02  3 of 4 OK created sql table model twitter_kafka_pyspark_test.my_first_dbt_model  [[32mCREATE TABLE (2.0 rows, 0 processed)[0m in 2.91s]
[2023-06-22T16:28:02.860+0000] {subprocess.py:93} INFO - [0m16:28:02  4 of 4 START sql view model twitter_kafka_pyspark_test.my_second_dbt_model ..... [RUN]
[2023-06-22T16:28:02.902+0000] {subprocess.py:93} INFO - [0m16:28:02  2 of 4 OK created sql table model twitter_kafka_pyspark_test.dm_events ......... [[32mCREATE TABLE (1.3k rows, 178.2 KiB processed)[0m in 2.96s]
[2023-06-22T16:28:03.256+0000] {subprocess.py:93} INFO - [0m16:28:03  1 of 4 OK created sql table model twitter_kafka_pyspark_test.distinct_data ..... [[32mCREATE TABLE (1.1k rows, 638.3 KiB processed)[0m in 3.32s]
[2023-06-22T16:28:03.798+0000] {subprocess.py:93} INFO - [0m16:28:03  4 of 4 OK created sql view model twitter_kafka_pyspark_test.my_second_dbt_model  [[32mCREATE VIEW (0 processed)[0m in 0.93s]
[2023-06-22T16:28:03.826+0000] {subprocess.py:93} INFO - [0m16:28:03
[2023-06-22T16:28:03.828+0000] {subprocess.py:93} INFO - [0m16:28:03  Finished running 3 table models, 1 view model in 0 hours 0 minutes and 4.68 seconds (4.68s).
[2023-06-22T16:28:03.850+0000] {subprocess.py:93} INFO - [0m16:28:03
[2023-06-22T16:28:03.851+0000] {subprocess.py:93} INFO - [0m16:28:03  [32mCompleted successfully[0m
[2023-06-22T16:28:03.853+0000] {subprocess.py:93} INFO - [0m16:28:03
[2023-06-22T16:28:03.854+0000] {subprocess.py:93} INFO - [0m16:28:03  Done. PASS=4 WARN=0 ERROR=0 SKIP=0 TOTAL=4
[2023-06-22T16:28:04.350+0000] {subprocess.py:97} INFO - Command exited with return code 0
[2023-06-22T16:28:04.376+0000] {taskinstance.py:1332} INFO - Marking task as SUCCESS. dag_id=showpulse_dbt_dag, task_id=dbt_run, execution_date=20230622T160452, start_date=20230622T162757, end_date=20230622T162804
[2023-06-22T16:28:04.405+0000] {local_task_job.py:212} INFO - Task exited with return code 0
[2023-06-22T16:28:04.419+0000] {taskinstance.py:2596} INFO - 0 downstream tasks scheduled from follow-on schedule check
