[2023-06-21T01:35:45.987+0000] {taskinstance.py:1090} INFO - Dependencies all met for dep_context=non-requeueable deps ti=<TaskInstance: showpulse_dbt_dag.dbt_run scheduled__2023-06-21T01:34:41.605742+00:00 [queued]>
[2023-06-21T01:35:45.993+0000] {taskinstance.py:1090} INFO - Dependencies all met for dep_context=requeueable deps ti=<TaskInstance: showpulse_dbt_dag.dbt_run scheduled__2023-06-21T01:34:41.605742+00:00 [queued]>
[2023-06-21T01:35:45.994+0000] {taskinstance.py:1288} INFO - 
--------------------------------------------------------------------------------
[2023-06-21T01:35:45.994+0000] {taskinstance.py:1289} INFO - Starting attempt 1 of 1
[2023-06-21T01:35:45.995+0000] {taskinstance.py:1290} INFO - 
--------------------------------------------------------------------------------
[2023-06-21T01:35:46.003+0000] {taskinstance.py:1309} INFO - Executing <Task(BashOperator): dbt_run> on 2023-06-21 01:34:41.605742+00:00
[2023-06-21T01:35:46.006+0000] {standard_task_runner.py:55} INFO - Started process 2059 to run task
[2023-06-21T01:35:46.009+0000] {standard_task_runner.py:82} INFO - Running: ['***', 'tasks', 'run', 'showpulse_dbt_dag', 'dbt_run', 'scheduled__2023-06-21T01:34:41.605742+00:00', '--job-id', '550', '--raw', '--subdir', 'DAGS_FOLDER/dbt_run.py', '--cfg-path', '/tmp/tmp09o6yfo2']
[2023-06-21T01:35:46.010+0000] {standard_task_runner.py:83} INFO - Job 550: Subtask dbt_run
[2023-06-21T01:35:46.063+0000] {task_command.py:389} INFO - Running <TaskInstance: showpulse_dbt_dag.dbt_run scheduled__2023-06-21T01:34:41.605742+00:00 [running]> on host 62cfed75eae1
[2023-06-21T01:35:46.114+0000] {taskinstance.py:1518} INFO - Exporting the following env vars:
AIRFLOW_CTX_DAG_OWNER=nburkett
AIRFLOW_CTX_DAG_ID=showpulse_dbt_dag
AIRFLOW_CTX_TASK_ID=dbt_run
AIRFLOW_CTX_EXECUTION_DATE=2023-06-21T01:34:41.605742+00:00
AIRFLOW_CTX_TRY_NUMBER=1
AIRFLOW_CTX_DAG_RUN_ID=scheduled__2023-06-21T01:34:41.605742+00:00
[2023-06-21T01:35:46.115+0000] {subprocess.py:63} INFO - Tmp dir root location: 
 /tmp
[2023-06-21T01:35:46.116+0000] {subprocess.py:75} INFO - Running command: ['/bin/bash', '-c', 'cd /dbt/ticketmaster_transformation && dbt run']
[2023-06-21T01:35:46.124+0000] {subprocess.py:86} INFO - Output:
[2023-06-21T01:35:47.776+0000] {subprocess.py:93} INFO - [0m01:35:47  Running with dbt=1.5.1
[2023-06-21T01:38:38.356+0000] {subprocess.py:93} INFO - [0m01:38:38  Found 4 models, 0 tests, 0 snapshots, 0 analyses, 356 macros, 0 operations, 0 seed files, 3 sources, 0 exposures, 0 metrics, 0 groups
[2023-06-21T01:38:38.358+0000] {subprocess.py:93} INFO - [0m01:38:38
[2023-06-21T01:38:39.226+0000] {subprocess.py:93} INFO - [0m01:38:39  Concurrency: 4 threads (target='dev')
[2023-06-21T01:38:39.228+0000] {subprocess.py:93} INFO - [0m01:38:39
[2023-06-21T01:38:39.269+0000] {subprocess.py:93} INFO - [0m01:38:39  1 of 4 START sql table model twitter_kafka_pyspark_test.distinct_data .......... [RUN]
[2023-06-21T01:38:39.273+0000] {subprocess.py:93} INFO - [0m01:38:39  3 of 4 START sql table model twitter_kafka_pyspark_test.my_first_dbt_model ..... [RUN]
[2023-06-21T01:38:39.275+0000] {subprocess.py:93} INFO - [0m01:38:39  2 of 4 START sql table model twitter_kafka_pyspark_test.dm_events .............. [RUN]
[2023-06-21T01:38:42.048+0000] {subprocess.py:93} INFO - [0m01:38:42  3 of 4 OK created sql table model twitter_kafka_pyspark_test.my_first_dbt_model  [[32mCREATE TABLE (2.0 rows, 0 processed)[0m in 2.76s]
[2023-06-21T01:38:42.055+0000] {subprocess.py:93} INFO - [0m01:38:42  4 of 4 START sql view model twitter_kafka_pyspark_test.my_second_dbt_model ..... [RUN]
[2023-06-21T01:38:42.502+0000] {subprocess.py:93} INFO - [0m01:38:42  2 of 4 OK created sql table model twitter_kafka_pyspark_test.dm_events ......... [[32mCREATE TABLE (1.3k rows, 178.2 KiB processed)[0m in 3.21s]
[2023-06-21T01:38:42.917+0000] {subprocess.py:93} INFO - [0m01:38:42  4 of 4 OK created sql view model twitter_kafka_pyspark_test.my_second_dbt_model  [[32mCREATE VIEW (0 processed)[0m in 0.86s]
[2023-06-21T01:38:43.008+0000] {subprocess.py:93} INFO - [0m01:38:43  1 of 4 OK created sql table model twitter_kafka_pyspark_test.distinct_data ..... [[32mCREATE TABLE (1.1k rows, 638.3 KiB processed)[0m in 3.74s]
[2023-06-21T01:38:43.041+0000] {subprocess.py:93} INFO - [0m01:38:43
[2023-06-21T01:38:43.043+0000] {subprocess.py:93} INFO - [0m01:38:43  Finished running 3 table models, 1 view model in 0 hours 0 minutes and 4.68 seconds (4.68s).
[2023-06-21T01:38:43.061+0000] {subprocess.py:93} INFO - [0m01:38:43
[2023-06-21T01:38:43.062+0000] {subprocess.py:93} INFO - [0m01:38:43  [32mCompleted successfully[0m
[2023-06-21T01:38:43.063+0000] {subprocess.py:93} INFO - [0m01:38:43
[2023-06-21T01:38:43.064+0000] {subprocess.py:93} INFO - [0m01:38:43  Done. PASS=4 WARN=0 ERROR=0 SKIP=0 TOTAL=4
[2023-06-21T01:38:43.532+0000] {subprocess.py:97} INFO - Command exited with return code 0
[2023-06-21T01:38:43.561+0000] {taskinstance.py:1332} INFO - Marking task as SUCCESS. dag_id=showpulse_dbt_dag, task_id=dbt_run, execution_date=20230621T013441, start_date=20230621T013545, end_date=20230621T013843
[2023-06-21T01:38:43.616+0000] {local_task_job.py:212} INFO - Task exited with return code 0
[2023-06-21T01:38:43.632+0000] {taskinstance.py:2596} INFO - 0 downstream tasks scheduled from follow-on schedule check
