[2023-06-22T21:06:30.799+0000] {taskinstance.py:1090} INFO - Dependencies all met for dep_context=non-requeueable deps ti=<TaskInstance: showpulse_dbt_dag.dbt_run scheduled__2023-06-22T21:05:26.579530+00:00 [queued]>
[2023-06-22T21:06:30.806+0000] {taskinstance.py:1090} INFO - Dependencies all met for dep_context=requeueable deps ti=<TaskInstance: showpulse_dbt_dag.dbt_run scheduled__2023-06-22T21:05:26.579530+00:00 [queued]>
[2023-06-22T21:06:30.807+0000] {taskinstance.py:1288} INFO - 
--------------------------------------------------------------------------------
[2023-06-22T21:06:30.807+0000] {taskinstance.py:1289} INFO - Starting attempt 1 of 1
[2023-06-22T21:06:30.808+0000] {taskinstance.py:1290} INFO - 
--------------------------------------------------------------------------------
[2023-06-22T21:06:30.816+0000] {taskinstance.py:1309} INFO - Executing <Task(BashOperator): dbt_run> on 2023-06-22 21:05:26.579530+00:00
[2023-06-22T21:06:30.820+0000] {standard_task_runner.py:55} INFO - Started process 18451 to run task
[2023-06-22T21:06:30.824+0000] {standard_task_runner.py:82} INFO - Running: ['***', 'tasks', 'run', 'showpulse_dbt_dag', 'dbt_run', 'scheduled__2023-06-22T21:05:26.579530+00:00', '--job-id', '2130', '--raw', '--subdir', 'DAGS_FOLDER/dbt_run.py', '--cfg-path', '/tmp/tmpc3vwoqo9']
[2023-06-22T21:06:30.825+0000] {standard_task_runner.py:83} INFO - Job 2130: Subtask dbt_run
[2023-06-22T21:06:31.261+0000] {task_command.py:389} INFO - Running <TaskInstance: showpulse_dbt_dag.dbt_run scheduled__2023-06-22T21:05:26.579530+00:00 [running]> on host 62cfed75eae1
[2023-06-22T21:06:31.389+0000] {taskinstance.py:1518} INFO - Exporting the following env vars:
AIRFLOW_CTX_DAG_OWNER=nburkett
AIRFLOW_CTX_DAG_ID=showpulse_dbt_dag
AIRFLOW_CTX_TASK_ID=dbt_run
AIRFLOW_CTX_EXECUTION_DATE=2023-06-22T21:05:26.579530+00:00
AIRFLOW_CTX_TRY_NUMBER=1
AIRFLOW_CTX_DAG_RUN_ID=scheduled__2023-06-22T21:05:26.579530+00:00
[2023-06-22T21:06:31.391+0000] {subprocess.py:63} INFO - Tmp dir root location: 
 /tmp
[2023-06-22T21:06:31.391+0000] {subprocess.py:75} INFO - Running command: ['/bin/bash', '-c', 'cd /dbt/ticketmaster_transformation && dbt run']
[2023-06-22T21:06:31.402+0000] {subprocess.py:86} INFO - Output:
[2023-06-22T21:06:32.753+0000] {subprocess.py:93} INFO - [0m21:06:32  Running with dbt=1.5.1
[2023-06-22T21:06:33.264+0000] {subprocess.py:93} INFO - [0m21:06:33  Found 4 models, 0 tests, 0 snapshots, 0 analyses, 356 macros, 0 operations, 0 seed files, 3 sources, 0 exposures, 0 metrics, 0 groups
[2023-06-22T21:06:33.267+0000] {subprocess.py:93} INFO - [0m21:06:33
[2023-06-22T21:06:33.963+0000] {subprocess.py:93} INFO - [0m21:06:33  Concurrency: 4 threads (target='dev')
[2023-06-22T21:06:33.966+0000] {subprocess.py:93} INFO - [0m21:06:33
[2023-06-22T21:06:33.981+0000] {subprocess.py:93} INFO - [0m21:06:33  1 of 4 START sql table model twitter_kafka_pyspark_test.distinct_data .......... [RUN]
[2023-06-22T21:06:33.983+0000] {subprocess.py:93} INFO - [0m21:06:33  2 of 4 START sql table model twitter_kafka_pyspark_test.dm_events .............. [RUN]
[2023-06-22T21:06:33.986+0000] {subprocess.py:93} INFO - [0m21:06:33  3 of 4 START sql table model twitter_kafka_pyspark_test.my_first_dbt_model ..... [RUN]
[2023-06-22T21:06:36.825+0000] {subprocess.py:93} INFO - [0m21:06:36  3 of 4 OK created sql table model twitter_kafka_pyspark_test.my_first_dbt_model  [[32mCREATE TABLE (2.0 rows, 0 processed)[0m in 2.83s]
[2023-06-22T21:06:36.832+0000] {subprocess.py:93} INFO - [0m21:06:36  2 of 4 OK created sql table model twitter_kafka_pyspark_test.dm_events ......... [[32mCREATE TABLE (1.3k rows, 178.2 KiB processed)[0m in 2.84s]
[2023-06-22T21:06:36.838+0000] {subprocess.py:93} INFO - [0m21:06:36  4 of 4 START sql view model twitter_kafka_pyspark_test.my_second_dbt_model ..... [RUN]
[2023-06-22T21:06:36.945+0000] {subprocess.py:93} INFO - [0m21:06:36  1 of 4 OK created sql table model twitter_kafka_pyspark_test.distinct_data ..... [[32mCREATE TABLE (1.1k rows, 638.3 KiB processed)[0m in 2.95s]
[2023-06-22T21:06:37.639+0000] {subprocess.py:93} INFO - [0m21:06:37  4 of 4 OK created sql view model twitter_kafka_pyspark_test.my_second_dbt_model  [[32mCREATE VIEW (0 processed)[0m in 0.80s]
[2023-06-22T21:06:37.722+0000] {subprocess.py:93} INFO - [0m21:06:37
[2023-06-22T21:06:37.723+0000] {subprocess.py:93} INFO - [0m21:06:37  Finished running 3 table models, 1 view model in 0 hours 0 minutes and 4.45 seconds (4.45s).
[2023-06-22T21:06:37.743+0000] {subprocess.py:93} INFO - [0m21:06:37
[2023-06-22T21:06:37.744+0000] {subprocess.py:93} INFO - [0m21:06:37  [32mCompleted successfully[0m
[2023-06-22T21:06:37.745+0000] {subprocess.py:93} INFO - [0m21:06:37
[2023-06-22T21:06:37.746+0000] {subprocess.py:93} INFO - [0m21:06:37  Done. PASS=4 WARN=0 ERROR=0 SKIP=0 TOTAL=4
[2023-06-22T21:06:38.164+0000] {subprocess.py:97} INFO - Command exited with return code 0
[2023-06-22T21:06:38.191+0000] {taskinstance.py:1332} INFO - Marking task as SUCCESS. dag_id=showpulse_dbt_dag, task_id=dbt_run, execution_date=20230622T210526, start_date=20230622T210630, end_date=20230622T210638
[2023-06-22T21:06:38.241+0000] {local_task_job.py:212} INFO - Task exited with return code 0
[2023-06-22T21:06:38.256+0000] {taskinstance.py:2596} INFO - 0 downstream tasks scheduled from follow-on schedule check
