[2023-06-21T00:44:51.962+0000] {taskinstance.py:1090} INFO - Dependencies all met for dep_context=non-requeueable deps ti=<TaskInstance: showpulse_dbt_dag.dbt_run scheduled__2023-06-21T00:43:43.539608+00:00 [queued]>
[2023-06-21T00:44:51.968+0000] {taskinstance.py:1090} INFO - Dependencies all met for dep_context=requeueable deps ti=<TaskInstance: showpulse_dbt_dag.dbt_run scheduled__2023-06-21T00:43:43.539608+00:00 [queued]>
[2023-06-21T00:44:51.969+0000] {taskinstance.py:1288} INFO - 
--------------------------------------------------------------------------------
[2023-06-21T00:44:51.969+0000] {taskinstance.py:1289} INFO - Starting attempt 1 of 1
[2023-06-21T00:44:51.970+0000] {taskinstance.py:1290} INFO - 
--------------------------------------------------------------------------------
[2023-06-21T00:44:51.978+0000] {taskinstance.py:1309} INFO - Executing <Task(BashOperator): dbt_run> on 2023-06-21 00:43:43.539608+00:00
[2023-06-21T00:44:51.982+0000] {standard_task_runner.py:55} INFO - Started process 1193 to run task
[2023-06-21T00:44:51.985+0000] {standard_task_runner.py:82} INFO - Running: ['***', 'tasks', 'run', 'showpulse_dbt_dag', 'dbt_run', 'scheduled__2023-06-21T00:43:43.539608+00:00', '--job-id', '474', '--raw', '--subdir', 'DAGS_FOLDER/dbt_run.py', '--cfg-path', '/tmp/tmpah3sovzl']
[2023-06-21T00:44:51.986+0000] {standard_task_runner.py:83} INFO - Job 474: Subtask dbt_run
[2023-06-21T00:44:52.044+0000] {task_command.py:389} INFO - Running <TaskInstance: showpulse_dbt_dag.dbt_run scheduled__2023-06-21T00:43:43.539608+00:00 [running]> on host 62cfed75eae1
[2023-06-21T00:44:52.098+0000] {taskinstance.py:1518} INFO - Exporting the following env vars:
AIRFLOW_CTX_DAG_OWNER=nburkett
AIRFLOW_CTX_DAG_ID=showpulse_dbt_dag
AIRFLOW_CTX_TASK_ID=dbt_run
AIRFLOW_CTX_EXECUTION_DATE=2023-06-21T00:43:43.539608+00:00
AIRFLOW_CTX_TRY_NUMBER=1
AIRFLOW_CTX_DAG_RUN_ID=scheduled__2023-06-21T00:43:43.539608+00:00
[2023-06-21T00:44:52.099+0000] {subprocess.py:63} INFO - Tmp dir root location: 
 /tmp
[2023-06-21T00:44:52.100+0000] {subprocess.py:75} INFO - Running command: ['/bin/bash', '-c', 'cd /dbt/ticketmaster_transformation && dbt run']
[2023-06-21T00:44:52.108+0000] {subprocess.py:86} INFO - Output:
[2023-06-21T00:44:53.411+0000] {subprocess.py:93} INFO - [0m00:44:53  Running with dbt=1.5.1
[2023-06-21T00:44:54.020+0000] {subprocess.py:93} INFO - [0m00:44:54  Found 4 models, 0 tests, 0 snapshots, 0 analyses, 356 macros, 0 operations, 0 seed files, 3 sources, 0 exposures, 0 metrics, 0 groups
[2023-06-21T00:44:54.024+0000] {subprocess.py:93} INFO - [0m00:44:54
[2023-06-21T00:44:55.970+0000] {subprocess.py:93} INFO - [0m00:44:55  Concurrency: 4 threads (target='dev')
[2023-06-21T00:44:55.974+0000] {subprocess.py:93} INFO - [0m00:44:55
[2023-06-21T00:44:55.992+0000] {subprocess.py:93} INFO - [0m00:44:55  1 of 4 START sql table model twitter_kafka_pyspark_test.distinct_data .......... [RUN]
[2023-06-21T00:44:55.995+0000] {subprocess.py:93} INFO - [0m00:44:55  2 of 4 START sql table model twitter_kafka_pyspark_test.dm_events .............. [RUN]
[2023-06-21T00:44:55.998+0000] {subprocess.py:93} INFO - [0m00:44:55  3 of 4 START sql table model twitter_kafka_pyspark_test.my_first_dbt_model ..... [RUN]
[2023-06-21T00:44:59.236+0000] {subprocess.py:93} INFO - [0m00:44:59  3 of 4 OK created sql table model twitter_kafka_pyspark_test.my_first_dbt_model  [[32mCREATE TABLE (2.0 rows, 0 processed)[0m in 3.23s]
[2023-06-21T00:44:59.241+0000] {subprocess.py:93} INFO - [0m00:44:59  4 of 4 START sql view model twitter_kafka_pyspark_test.my_second_dbt_model ..... [RUN]
[2023-06-21T00:44:59.528+0000] {subprocess.py:93} INFO - [0m00:44:59  2 of 4 OK created sql table model twitter_kafka_pyspark_test.dm_events ......... [[32mCREATE TABLE (1.3k rows, 178.2 KiB processed)[0m in 3.52s]
[2023-06-21T00:44:59.694+0000] {subprocess.py:93} INFO - [0m00:44:59  1 of 4 OK created sql table model twitter_kafka_pyspark_test.distinct_data ..... [[32mCREATE TABLE (1.1k rows, 638.3 KiB processed)[0m in 3.69s]
[2023-06-21T00:45:00.428+0000] {subprocess.py:93} INFO - [0m00:45:00  4 of 4 OK created sql view model twitter_kafka_pyspark_test.my_second_dbt_model  [[32mCREATE VIEW (0 processed)[0m in 1.18s]
[2023-06-21T00:45:00.447+0000] {subprocess.py:93} INFO - [0m00:45:00
[2023-06-21T00:45:00.448+0000] {subprocess.py:93} INFO - [0m00:45:00  Finished running 3 table models, 1 view model in 0 hours 0 minutes and 6.42 seconds (6.42s).
[2023-06-21T00:45:00.465+0000] {subprocess.py:93} INFO - [0m00:45:00
[2023-06-21T00:45:00.466+0000] {subprocess.py:93} INFO - [0m00:45:00  [32mCompleted successfully[0m
[2023-06-21T00:45:00.467+0000] {subprocess.py:93} INFO - [0m00:45:00
[2023-06-21T00:45:00.468+0000] {subprocess.py:93} INFO - [0m00:45:00  Done. PASS=4 WARN=0 ERROR=0 SKIP=0 TOTAL=4
[2023-06-21T00:45:00.906+0000] {subprocess.py:97} INFO - Command exited with return code 0
[2023-06-21T00:45:00.930+0000] {taskinstance.py:1332} INFO - Marking task as SUCCESS. dag_id=showpulse_dbt_dag, task_id=dbt_run, execution_date=20230621T004343, start_date=20230621T004451, end_date=20230621T004500
[2023-06-21T00:45:00.959+0000] {local_task_job.py:212} INFO - Task exited with return code 0
[2023-06-21T00:45:00.973+0000] {taskinstance.py:2596} INFO - 0 downstream tasks scheduled from follow-on schedule check
