[2023-05-14T01:25:50.425+0000] {taskinstance.py:1090} INFO - Dependencies all met for dep_context=non-requeueable deps ti=<TaskInstance: ny_taxi_local.delete_local_file.delete_local_file manual__2023-05-14T01:20:13.427708+00:00 [queued]>
[2023-05-14T01:25:50.435+0000] {taskinstance.py:1090} INFO - Dependencies all met for dep_context=requeueable deps ti=<TaskInstance: ny_taxi_local.delete_local_file.delete_local_file manual__2023-05-14T01:20:13.427708+00:00 [queued]>
[2023-05-14T01:25:50.436+0000] {taskinstance.py:1288} INFO - 
--------------------------------------------------------------------------------
[2023-05-14T01:25:50.436+0000] {taskinstance.py:1289} INFO - Starting attempt 2 of 2
[2023-05-14T01:25:50.436+0000] {taskinstance.py:1290} INFO - 
--------------------------------------------------------------------------------
[2023-05-14T01:25:50.446+0000] {taskinstance.py:1309} INFO - Executing <Task(_PythonDecoratedOperator): delete_local_file.delete_local_file> on 2023-05-14 01:20:13.427708+00:00
[2023-05-14T01:25:50.452+0000] {standard_task_runner.py:55} INFO - Started process 897 to run task
[2023-05-14T01:25:50.458+0000] {standard_task_runner.py:82} INFO - Running: ['***', 'tasks', 'run', 'ny_taxi_local', 'delete_local_file.delete_local_file', 'manual__2023-05-14T01:20:13.427708+00:00', '--job-id', '115', '--raw', '--subdir', 'DAGS_FOLDER/fetch_and_upload.py', '--cfg-path', '/tmp/tmp3f6s1xz8']
[2023-05-14T01:25:50.464+0000] {standard_task_runner.py:83} INFO - Job 115: Subtask delete_local_file.delete_local_file
[2023-05-14T01:25:50.575+0000] {task_command.py:389} INFO - Running <TaskInstance: ny_taxi_local.delete_local_file.delete_local_file manual__2023-05-14T01:20:13.427708+00:00 [running]> on host fdfc81637e26
[2023-05-14T01:25:50.665+0000] {taskinstance.py:1518} INFO - Exporting the following env vars:
AIRFLOW_CTX_DAG_OWNER=***
AIRFLOW_CTX_DAG_ID=ny_taxi_local
AIRFLOW_CTX_TASK_ID=delete_local_file.delete_local_file
AIRFLOW_CTX_EXECUTION_DATE=2023-05-14T01:20:13.427708+00:00
AIRFLOW_CTX_TRY_NUMBER=2
AIRFLOW_CTX_DAG_RUN_ID=manual__2023-05-14T01:20:13.427708+00:00
[2023-05-14T01:25:50.680+0000] {logging_mixin.py:137} INFO - File yellow_tripdata_2023-05-14-01-25-46.parquet deleted from local directory.
[2023-05-14T01:25:50.681+0000] {python.py:177} INFO - Done. Returned value was: None
[2023-05-14T01:25:50.690+0000] {taskinstance.py:1332} INFO - Marking task as SUCCESS. dag_id=ny_taxi_local, task_id=delete_local_file.delete_local_file, execution_date=20230514T012013, start_date=20230514T012550, end_date=20230514T012550
[2023-05-14T01:25:50.711+0000] {local_task_job.py:212} INFO - Task exited with return code 0
[2023-05-14T01:25:50.730+0000] {taskinstance.py:2596} INFO - 0 downstream tasks scheduled from follow-on schedule check
