[2023-06-22T00:30:23.473+0000] {taskinstance.py:1090} INFO - Dependencies all met for dep_context=non-requeueable deps ti=<TaskInstance: showpulse_dbt_dag.dbt_run scheduled__2023-06-22T00:29:19.542692+00:00 [queued]>
[2023-06-22T00:30:23.481+0000] {taskinstance.py:1090} INFO - Dependencies all met for dep_context=requeueable deps ti=<TaskInstance: showpulse_dbt_dag.dbt_run scheduled__2023-06-22T00:29:19.542692+00:00 [queued]>
[2023-06-22T00:30:23.481+0000] {taskinstance.py:1288} INFO - 
--------------------------------------------------------------------------------
[2023-06-22T00:30:23.482+0000] {taskinstance.py:1289} INFO - Starting attempt 1 of 1
[2023-06-22T00:30:23.482+0000] {taskinstance.py:1290} INFO - 
--------------------------------------------------------------------------------
[2023-06-22T00:30:23.491+0000] {taskinstance.py:1309} INFO - Executing <Task(BashOperator): dbt_run> on 2023-06-22 00:29:19.542692+00:00
[2023-06-22T00:30:23.494+0000] {standard_task_runner.py:55} INFO - Started process 10405 to run task
[2023-06-22T00:30:23.498+0000] {standard_task_runner.py:82} INFO - Running: ['***', 'tasks', 'run', 'showpulse_dbt_dag', 'dbt_run', 'scheduled__2023-06-22T00:29:19.542692+00:00', '--job-id', '1374', '--raw', '--subdir', 'DAGS_FOLDER/dbt_run.py', '--cfg-path', '/tmp/tmpi2jatlxw']
[2023-06-22T00:30:23.499+0000] {standard_task_runner.py:83} INFO - Job 1374: Subtask dbt_run
[2023-06-22T00:30:23.556+0000] {task_command.py:389} INFO - Running <TaskInstance: showpulse_dbt_dag.dbt_run scheduled__2023-06-22T00:29:19.542692+00:00 [running]> on host 62cfed75eae1
[2023-06-22T00:30:23.618+0000] {taskinstance.py:1518} INFO - Exporting the following env vars:
AIRFLOW_CTX_DAG_OWNER=nburkett
AIRFLOW_CTX_DAG_ID=showpulse_dbt_dag
AIRFLOW_CTX_TASK_ID=dbt_run
AIRFLOW_CTX_EXECUTION_DATE=2023-06-22T00:29:19.542692+00:00
AIRFLOW_CTX_TRY_NUMBER=1
AIRFLOW_CTX_DAG_RUN_ID=scheduled__2023-06-22T00:29:19.542692+00:00
[2023-06-22T00:30:23.619+0000] {subprocess.py:63} INFO - Tmp dir root location: 
 /tmp
[2023-06-22T00:30:23.620+0000] {subprocess.py:75} INFO - Running command: ['/bin/bash', '-c', 'cd /dbt/ticketmaster_transformation && dbt run']
[2023-06-22T00:30:23.630+0000] {subprocess.py:86} INFO - Output:
[2023-06-22T00:30:24.988+0000] {subprocess.py:93} INFO - [0m00:30:24  Running with dbt=1.5.1
[2023-06-22T00:30:25.496+0000] {subprocess.py:93} INFO - [0m00:30:25  Found 4 models, 0 tests, 0 snapshots, 0 analyses, 356 macros, 0 operations, 0 seed files, 3 sources, 0 exposures, 0 metrics, 0 groups
[2023-06-22T00:30:25.498+0000] {subprocess.py:93} INFO - [0m00:30:25
[2023-06-22T00:30:26.959+0000] {subprocess.py:93} INFO - [0m00:30:26  Concurrency: 4 threads (target='dev')
[2023-06-22T00:30:26.961+0000] {subprocess.py:93} INFO - [0m00:30:26
[2023-06-22T00:30:26.974+0000] {subprocess.py:93} INFO - [0m00:30:26  1 of 4 START sql table model twitter_kafka_pyspark_test.distinct_data .......... [RUN]
[2023-06-22T00:30:26.976+0000] {subprocess.py:93} INFO - [0m00:30:26  2 of 4 START sql table model twitter_kafka_pyspark_test.dm_events .............. [RUN]
[2023-06-22T00:30:26.978+0000] {subprocess.py:93} INFO - [0m00:30:26  3 of 4 START sql table model twitter_kafka_pyspark_test.my_first_dbt_model ..... [RUN]
[2023-06-22T00:30:29.960+0000] {subprocess.py:93} INFO - [0m00:30:29  3 of 4 OK created sql table model twitter_kafka_pyspark_test.my_first_dbt_model  [[32mCREATE TABLE (2.0 rows, 0 processed)[0m in 2.97s]
[2023-06-22T00:30:29.961+0000] {subprocess.py:93} INFO - [0m00:30:29  2 of 4 OK created sql table model twitter_kafka_pyspark_test.dm_events ......... [[32mCREATE TABLE (1.3k rows, 178.2 KiB processed)[0m in 2.98s]
[2023-06-22T00:30:29.968+0000] {subprocess.py:93} INFO - [0m00:30:29  4 of 4 START sql view model twitter_kafka_pyspark_test.my_second_dbt_model ..... [RUN]
[2023-06-22T00:30:30.313+0000] {subprocess.py:93} INFO - [0m00:30:30  1 of 4 OK created sql table model twitter_kafka_pyspark_test.distinct_data ..... [[32mCREATE TABLE (1.1k rows, 638.3 KiB processed)[0m in 3.33s]
[2023-06-22T00:30:31.012+0000] {subprocess.py:93} INFO - [0m00:30:31  4 of 4 OK created sql view model twitter_kafka_pyspark_test.my_second_dbt_model  [[32mCREATE VIEW (0 processed)[0m in 1.04s]
[2023-06-22T00:30:31.128+0000] {subprocess.py:93} INFO - [0m00:30:31
[2023-06-22T00:30:31.129+0000] {subprocess.py:93} INFO - [0m00:30:31  Finished running 3 table models, 1 view model in 0 hours 0 minutes and 5.63 seconds (5.63s).
[2023-06-22T00:30:31.147+0000] {subprocess.py:93} INFO - [0m00:30:31
[2023-06-22T00:30:31.148+0000] {subprocess.py:93} INFO - [0m00:30:31  [32mCompleted successfully[0m
[2023-06-22T00:30:31.149+0000] {subprocess.py:93} INFO - [0m00:30:31
[2023-06-22T00:30:31.151+0000] {subprocess.py:93} INFO - [0m00:30:31  Done. PASS=4 WARN=0 ERROR=0 SKIP=0 TOTAL=4
[2023-06-22T00:30:31.623+0000] {subprocess.py:97} INFO - Command exited with return code 0
[2023-06-22T00:30:31.646+0000] {taskinstance.py:1332} INFO - Marking task as SUCCESS. dag_id=showpulse_dbt_dag, task_id=dbt_run, execution_date=20230622T002919, start_date=20230622T003023, end_date=20230622T003031
[2023-06-22T00:30:31.674+0000] {local_task_job.py:212} INFO - Task exited with return code 0
[2023-06-22T00:30:31.687+0000] {taskinstance.py:2596} INFO - 0 downstream tasks scheduled from follow-on schedule check
