[2023-05-14T16:04:52.722+0000] {taskinstance.py:1090} INFO - Dependencies all met for dep_context=non-requeueable deps ti=<TaskInstance: ny_taxi_local.delete_local_file.check_for_files manual__2023-05-14T01:20:13.427708+00:00 [queued]>
[2023-05-14T16:04:52.728+0000] {taskinstance.py:1090} INFO - Dependencies all met for dep_context=requeueable deps ti=<TaskInstance: ny_taxi_local.delete_local_file.check_for_files manual__2023-05-14T01:20:13.427708+00:00 [queued]>
[2023-05-14T16:04:52.728+0000] {taskinstance.py:1288} INFO - 
--------------------------------------------------------------------------------
[2023-05-14T16:04:52.729+0000] {taskinstance.py:1289} INFO - Starting attempt 3 of 3
[2023-05-14T16:04:52.729+0000] {taskinstance.py:1290} INFO - 
--------------------------------------------------------------------------------
[2023-05-14T16:04:52.738+0000] {taskinstance.py:1309} INFO - Executing <Task(_PythonDecoratedOperator): delete_local_file.check_for_files> on 2023-05-14 01:20:13.427708+00:00
[2023-05-14T16:04:52.741+0000] {standard_task_runner.py:55} INFO - Started process 103 to run task
[2023-05-14T16:04:52.745+0000] {standard_task_runner.py:82} INFO - Running: ['***', 'tasks', 'run', 'ny_taxi_local', 'delete_local_file.check_for_files', 'manual__2023-05-14T01:20:13.427708+00:00', '--job-id', '120', '--raw', '--subdir', 'DAGS_FOLDER/fetch_and_upload.py', '--cfg-path', '/tmp/tmp3xa0xpyb']
[2023-05-14T16:04:52.747+0000] {standard_task_runner.py:83} INFO - Job 120: Subtask delete_local_file.check_for_files
[2023-05-14T16:04:52.802+0000] {task_command.py:389} INFO - Running <TaskInstance: ny_taxi_local.delete_local_file.check_for_files manual__2023-05-14T01:20:13.427708+00:00 [running]> on host fdfc81637e26
[2023-05-14T16:04:52.850+0000] {taskinstance.py:1518} INFO - Exporting the following env vars:
AIRFLOW_CTX_DAG_OWNER=***
AIRFLOW_CTX_DAG_ID=ny_taxi_local
AIRFLOW_CTX_TASK_ID=delete_local_file.check_for_files
AIRFLOW_CTX_EXECUTION_DATE=2023-05-14T01:20:13.427708+00:00
AIRFLOW_CTX_TRY_NUMBER=3
AIRFLOW_CTX_DAG_RUN_ID=manual__2023-05-14T01:20:13.427708+00:00
[2023-05-14T16:04:52.852+0000] {subprocess.py:63} INFO - Tmp dir root location: 
 /tmp
[2023-05-14T16:04:52.854+0000] {subprocess.py:75} INFO - Running command: ['/bin/bash', '-c', 'ls']
[2023-05-14T16:04:52.863+0000] {subprocess.py:86} INFO - Output:
[2023-05-14T16:04:52.868+0000] {subprocess.py:97} INFO - Command exited with return code 0
[2023-05-14T16:04:52.869+0000] {python.py:177} INFO - Done. Returned value was: None
[2023-05-14T16:04:52.880+0000] {taskinstance.py:1332} INFO - Marking task as SUCCESS. dag_id=ny_taxi_local, task_id=delete_local_file.check_for_files, execution_date=20230514T012013, start_date=20230514T160452, end_date=20230514T160452
[2023-05-14T16:04:52.917+0000] {local_task_job.py:212} INFO - Task exited with return code 0
[2023-05-14T16:04:52.932+0000] {taskinstance.py:2596} INFO - 0 downstream tasks scheduled from follow-on schedule check
