[2023-05-14T16:17:04.458+0000] {taskinstance.py:1090} INFO - Dependencies all met for dep_context=non-requeueable deps ti=<TaskInstance: ny_taxi_local.delete_local_file.check_for_files manual__2023-05-14T01:20:13.427708+00:00 [queued]>
[2023-05-14T16:17:04.465+0000] {taskinstance.py:1090} INFO - Dependencies all met for dep_context=requeueable deps ti=<TaskInstance: ny_taxi_local.delete_local_file.check_for_files manual__2023-05-14T01:20:13.427708+00:00 [queued]>
[2023-05-14T16:17:04.466+0000] {taskinstance.py:1288} INFO - 
--------------------------------------------------------------------------------
[2023-05-14T16:17:04.467+0000] {taskinstance.py:1289} INFO - Starting attempt 4 of 4
[2023-05-14T16:17:04.468+0000] {taskinstance.py:1290} INFO - 
--------------------------------------------------------------------------------
[2023-05-14T16:17:04.476+0000] {taskinstance.py:1309} INFO - Executing <Task(_PythonDecoratedOperator): delete_local_file.check_for_files> on 2023-05-14 01:20:13.427708+00:00
[2023-05-14T16:17:04.480+0000] {standard_task_runner.py:55} INFO - Started process 322 to run task
[2023-05-14T16:17:04.484+0000] {standard_task_runner.py:82} INFO - Running: ['***', 'tasks', 'run', 'ny_taxi_local', 'delete_local_file.check_for_files', 'manual__2023-05-14T01:20:13.427708+00:00', '--job-id', '124', '--raw', '--subdir', 'DAGS_FOLDER/fetch_and_upload.py', '--cfg-path', '/tmp/tmpj1g6hon8']
[2023-05-14T16:17:04.486+0000] {standard_task_runner.py:83} INFO - Job 124: Subtask delete_local_file.check_for_files
[2023-05-14T16:17:04.544+0000] {task_command.py:389} INFO - Running <TaskInstance: ny_taxi_local.delete_local_file.check_for_files manual__2023-05-14T01:20:13.427708+00:00 [running]> on host fdfc81637e26
[2023-05-14T16:17:04.600+0000] {taskinstance.py:1518} INFO - Exporting the following env vars:
AIRFLOW_CTX_DAG_OWNER=***
AIRFLOW_CTX_DAG_ID=ny_taxi_local
AIRFLOW_CTX_TASK_ID=delete_local_file.check_for_files
AIRFLOW_CTX_EXECUTION_DATE=2023-05-14T01:20:13.427708+00:00
AIRFLOW_CTX_TRY_NUMBER=4
AIRFLOW_CTX_DAG_RUN_ID=manual__2023-05-14T01:20:13.427708+00:00
[2023-05-14T16:17:04.602+0000] {subprocess.py:63} INFO - Tmp dir root location: 
 /tmp
[2023-05-14T16:17:04.603+0000] {subprocess.py:75} INFO - Running command: ['/bin/bash', '-c', 'ls']
[2023-05-14T16:17:04.613+0000] {subprocess.py:86} INFO - Output:
[2023-05-14T16:17:04.621+0000] {subprocess.py:97} INFO - Command exited with return code 0
[2023-05-14T16:17:04.623+0000] {python.py:177} INFO - Done. Returned value was: None
[2023-05-14T16:17:04.636+0000] {taskinstance.py:1332} INFO - Marking task as SUCCESS. dag_id=ny_taxi_local, task_id=delete_local_file.check_for_files, execution_date=20230514T012013, start_date=20230514T161704, end_date=20230514T161704
[2023-05-14T16:17:04.655+0000] {local_task_job.py:212} INFO - Task exited with return code 0
[2023-05-14T16:17:04.670+0000] {taskinstance.py:2596} INFO - 0 downstream tasks scheduled from follow-on schedule check
