[2023-06-21T16:38:35.617+0000] {taskinstance.py:1090} INFO - Dependencies all met for dep_context=non-requeueable deps ti=<TaskInstance: showpulse_dbt_dag.dbt_run scheduled__2023-06-21T16:37:31.071942+00:00 [queued]>
[2023-06-21T16:38:35.623+0000] {taskinstance.py:1090} INFO - Dependencies all met for dep_context=requeueable deps ti=<TaskInstance: showpulse_dbt_dag.dbt_run scheduled__2023-06-21T16:37:31.071942+00:00 [queued]>
[2023-06-21T16:38:35.623+0000] {taskinstance.py:1288} INFO - 
--------------------------------------------------------------------------------
[2023-06-21T16:38:35.624+0000] {taskinstance.py:1289} INFO - Starting attempt 1 of 1
[2023-06-21T16:38:35.624+0000] {taskinstance.py:1290} INFO - 
--------------------------------------------------------------------------------
[2023-06-21T16:38:35.632+0000] {taskinstance.py:1309} INFO - Executing <Task(BashOperator): dbt_run> on 2023-06-21 16:37:31.071942+00:00
[2023-06-21T16:38:35.636+0000] {standard_task_runner.py:55} INFO - Started process 4855 to run task
[2023-06-21T16:38:35.639+0000] {standard_task_runner.py:82} INFO - Running: ['***', 'tasks', 'run', 'showpulse_dbt_dag', 'dbt_run', 'scheduled__2023-06-21T16:37:31.071942+00:00', '--job-id', '854', '--raw', '--subdir', 'DAGS_FOLDER/dbt_run.py', '--cfg-path', '/tmp/tmpopb8580w']
[2023-06-21T16:38:35.640+0000] {standard_task_runner.py:83} INFO - Job 854: Subtask dbt_run
[2023-06-21T16:38:35.693+0000] {task_command.py:389} INFO - Running <TaskInstance: showpulse_dbt_dag.dbt_run scheduled__2023-06-21T16:37:31.071942+00:00 [running]> on host 62cfed75eae1
[2023-06-21T16:38:35.748+0000] {taskinstance.py:1518} INFO - Exporting the following env vars:
AIRFLOW_CTX_DAG_OWNER=nburkett
AIRFLOW_CTX_DAG_ID=showpulse_dbt_dag
AIRFLOW_CTX_TASK_ID=dbt_run
AIRFLOW_CTX_EXECUTION_DATE=2023-06-21T16:37:31.071942+00:00
AIRFLOW_CTX_TRY_NUMBER=1
AIRFLOW_CTX_DAG_RUN_ID=scheduled__2023-06-21T16:37:31.071942+00:00
[2023-06-21T16:38:35.750+0000] {subprocess.py:63} INFO - Tmp dir root location: 
 /tmp
[2023-06-21T16:38:35.750+0000] {subprocess.py:75} INFO - Running command: ['/bin/bash', '-c', 'cd /dbt/ticketmaster_transformation && dbt run']
[2023-06-21T16:38:35.759+0000] {subprocess.py:86} INFO - Output:
[2023-06-21T16:38:37.111+0000] {subprocess.py:93} INFO - [0m16:38:37  Running with dbt=1.5.1
[2023-06-21T16:38:37.624+0000] {subprocess.py:93} INFO - [0m16:38:37  Found 4 models, 0 tests, 0 snapshots, 0 analyses, 356 macros, 0 operations, 0 seed files, 3 sources, 0 exposures, 0 metrics, 0 groups
[2023-06-21T16:38:37.627+0000] {subprocess.py:93} INFO - [0m16:38:37
[2023-06-21T16:38:38.525+0000] {subprocess.py:93} INFO - [0m16:38:38  Concurrency: 4 threads (target='dev')
[2023-06-21T16:38:38.530+0000] {subprocess.py:93} INFO - [0m16:38:38
[2023-06-21T16:38:38.549+0000] {subprocess.py:93} INFO - [0m16:38:38  1 of 4 START sql table model twitter_kafka_pyspark_test.distinct_data .......... [RUN]
[2023-06-21T16:38:38.552+0000] {subprocess.py:93} INFO - [0m16:38:38  2 of 4 START sql table model twitter_kafka_pyspark_test.dm_events .............. [RUN]
[2023-06-21T16:38:38.555+0000] {subprocess.py:93} INFO - [0m16:38:38  3 of 4 START sql table model twitter_kafka_pyspark_test.my_first_dbt_model ..... [RUN]
[2023-06-21T16:38:43.211+0000] {subprocess.py:93} INFO - [0m16:38:43  3 of 4 OK created sql table model twitter_kafka_pyspark_test.my_first_dbt_model  [[32mCREATE TABLE (2.0 rows, 0 processed)[0m in 4.65s]
[2023-06-21T16:38:43.217+0000] {subprocess.py:93} INFO - [0m16:38:43  4 of 4 START sql view model twitter_kafka_pyspark_test.my_second_dbt_model ..... [RUN]
[2023-06-21T16:38:43.364+0000] {subprocess.py:93} INFO - [0m16:38:43  2 of 4 OK created sql table model twitter_kafka_pyspark_test.dm_events ......... [[32mCREATE TABLE (1.3k rows, 178.2 KiB processed)[0m in 4.80s]
[2023-06-21T16:38:43.371+0000] {subprocess.py:93} INFO - [0m16:38:43  1 of 4 OK created sql table model twitter_kafka_pyspark_test.distinct_data ..... [[32mCREATE TABLE (1.1k rows, 638.3 KiB processed)[0m in 4.81s]
[2023-06-21T16:38:44.216+0000] {subprocess.py:93} INFO - [0m16:38:44  4 of 4 OK created sql view model twitter_kafka_pyspark_test.my_second_dbt_model  [[32mCREATE VIEW (0 processed)[0m in 1.00s]
[2023-06-21T16:38:44.315+0000] {subprocess.py:93} INFO - [0m16:38:44
[2023-06-21T16:38:44.317+0000] {subprocess.py:93} INFO - [0m16:38:44  Finished running 3 table models, 1 view model in 0 hours 0 minutes and 6.69 seconds (6.69s).
[2023-06-21T16:38:44.344+0000] {subprocess.py:93} INFO - [0m16:38:44
[2023-06-21T16:38:44.345+0000] {subprocess.py:93} INFO - [0m16:38:44  [32mCompleted successfully[0m
[2023-06-21T16:38:44.346+0000] {subprocess.py:93} INFO - [0m16:38:44
[2023-06-21T16:38:44.347+0000] {subprocess.py:93} INFO - [0m16:38:44  Done. PASS=4 WARN=0 ERROR=0 SKIP=0 TOTAL=4
[2023-06-21T16:38:44.799+0000] {subprocess.py:97} INFO - Command exited with return code 0
[2023-06-21T16:38:44.824+0000] {taskinstance.py:1332} INFO - Marking task as SUCCESS. dag_id=showpulse_dbt_dag, task_id=dbt_run, execution_date=20230621T163731, start_date=20230621T163835, end_date=20230621T163844
[2023-06-21T16:38:44.851+0000] {local_task_job.py:212} INFO - Task exited with return code 0
[2023-06-21T16:38:44.866+0000] {taskinstance.py:2596} INFO - 0 downstream tasks scheduled from follow-on schedule check
