[2023-06-21T23:47:22.956+0000] {taskinstance.py:1090} INFO - Dependencies all met for dep_context=non-requeueable deps ti=<TaskInstance: showpulse_dbt_dag.dbt_run scheduled__2023-06-21T23:46:19.110563+00:00 [queued]>
[2023-06-21T23:47:22.962+0000] {taskinstance.py:1090} INFO - Dependencies all met for dep_context=requeueable deps ti=<TaskInstance: showpulse_dbt_dag.dbt_run scheduled__2023-06-21T23:46:19.110563+00:00 [queued]>
[2023-06-21T23:47:22.963+0000] {taskinstance.py:1288} INFO - 
--------------------------------------------------------------------------------
[2023-06-21T23:47:22.964+0000] {taskinstance.py:1289} INFO - Starting attempt 1 of 1
[2023-06-21T23:47:22.964+0000] {taskinstance.py:1290} INFO - 
--------------------------------------------------------------------------------
[2023-06-21T23:47:22.972+0000] {taskinstance.py:1309} INFO - Executing <Task(BashOperator): dbt_run> on 2023-06-21 23:46:19.110563+00:00
[2023-06-21T23:47:22.975+0000] {standard_task_runner.py:55} INFO - Started process 8245 to run task
[2023-06-21T23:47:22.978+0000] {standard_task_runner.py:82} INFO - Running: ['***', 'tasks', 'run', 'showpulse_dbt_dag', 'dbt_run', 'scheduled__2023-06-21T23:46:19.110563+00:00', '--job-id', '1202', '--raw', '--subdir', 'DAGS_FOLDER/dbt_run.py', '--cfg-path', '/tmp/tmp1k7h7eco']
[2023-06-21T23:47:22.979+0000] {standard_task_runner.py:83} INFO - Job 1202: Subtask dbt_run
[2023-06-21T23:47:23.031+0000] {task_command.py:389} INFO - Running <TaskInstance: showpulse_dbt_dag.dbt_run scheduled__2023-06-21T23:46:19.110563+00:00 [running]> on host 62cfed75eae1
[2023-06-21T23:47:23.079+0000] {taskinstance.py:1518} INFO - Exporting the following env vars:
AIRFLOW_CTX_DAG_OWNER=nburkett
AIRFLOW_CTX_DAG_ID=showpulse_dbt_dag
AIRFLOW_CTX_TASK_ID=dbt_run
AIRFLOW_CTX_EXECUTION_DATE=2023-06-21T23:46:19.110563+00:00
AIRFLOW_CTX_TRY_NUMBER=1
AIRFLOW_CTX_DAG_RUN_ID=scheduled__2023-06-21T23:46:19.110563+00:00
[2023-06-21T23:47:23.081+0000] {subprocess.py:63} INFO - Tmp dir root location: 
 /tmp
[2023-06-21T23:47:23.081+0000] {subprocess.py:75} INFO - Running command: ['/bin/bash', '-c', 'cd /dbt/ticketmaster_transformation && dbt run']
[2023-06-21T23:47:23.091+0000] {subprocess.py:86} INFO - Output:
[2023-06-21T23:47:24.273+0000] {subprocess.py:93} INFO - [0m23:47:24  Running with dbt=1.5.1
[2023-06-21T23:47:24.725+0000] {subprocess.py:93} INFO - [0m23:47:24  Found 4 models, 0 tests, 0 snapshots, 0 analyses, 356 macros, 0 operations, 0 seed files, 3 sources, 0 exposures, 0 metrics, 0 groups
[2023-06-21T23:47:24.729+0000] {subprocess.py:93} INFO - [0m23:47:24
[2023-06-21T23:47:25.625+0000] {subprocess.py:93} INFO - [0m23:47:25  Concurrency: 4 threads (target='dev')
[2023-06-21T23:47:25.626+0000] {subprocess.py:93} INFO - [0m23:47:25
[2023-06-21T23:47:25.634+0000] {subprocess.py:93} INFO - [0m23:47:25  1 of 4 START sql table model twitter_kafka_pyspark_test.distinct_data .......... [RUN]
[2023-06-21T23:47:25.637+0000] {subprocess.py:93} INFO - [0m23:47:25  3 of 4 START sql table model twitter_kafka_pyspark_test.my_first_dbt_model ..... [RUN]
[2023-06-21T23:47:25.638+0000] {subprocess.py:93} INFO - [0m23:47:25  2 of 4 START sql table model twitter_kafka_pyspark_test.dm_events .............. [RUN]
[2023-06-21T23:47:28.410+0000] {subprocess.py:93} INFO - [0m23:47:28  3 of 4 OK created sql table model twitter_kafka_pyspark_test.my_first_dbt_model  [[32mCREATE TABLE (2.0 rows, 0 processed)[0m in 2.77s]
[2023-06-21T23:47:28.417+0000] {subprocess.py:93} INFO - [0m23:47:28  4 of 4 START sql view model twitter_kafka_pyspark_test.my_second_dbt_model ..... [RUN]
[2023-06-21T23:47:28.617+0000] {subprocess.py:93} INFO - [0m23:47:28  2 of 4 OK created sql table model twitter_kafka_pyspark_test.dm_events ......... [[32mCREATE TABLE (1.3k rows, 178.2 KiB processed)[0m in 2.97s]
[2023-06-21T23:47:28.687+0000] {subprocess.py:93} INFO - [0m23:47:28  1 of 4 OK created sql table model twitter_kafka_pyspark_test.distinct_data ..... [[32mCREATE TABLE (1.1k rows, 638.3 KiB processed)[0m in 3.05s]
[2023-06-21T23:47:29.384+0000] {subprocess.py:93} INFO - [0m23:47:29  4 of 4 OK created sql view model twitter_kafka_pyspark_test.my_second_dbt_model  [[32mCREATE VIEW (0 processed)[0m in 0.96s]
[2023-06-21T23:47:29.422+0000] {subprocess.py:93} INFO - [0m23:47:29
[2023-06-21T23:47:29.423+0000] {subprocess.py:93} INFO - [0m23:47:29  Finished running 3 table models, 1 view model in 0 hours 0 minutes and 4.69 seconds (4.69s).
[2023-06-21T23:47:29.442+0000] {subprocess.py:93} INFO - [0m23:47:29
[2023-06-21T23:47:29.444+0000] {subprocess.py:93} INFO - [0m23:47:29  [32mCompleted successfully[0m
[2023-06-21T23:47:29.445+0000] {subprocess.py:93} INFO - [0m23:47:29
[2023-06-21T23:47:29.445+0000] {subprocess.py:93} INFO - [0m23:47:29  Done. PASS=4 WARN=0 ERROR=0 SKIP=0 TOTAL=4
[2023-06-21T23:47:29.908+0000] {subprocess.py:97} INFO - Command exited with return code 0
[2023-06-21T23:47:29.931+0000] {taskinstance.py:1332} INFO - Marking task as SUCCESS. dag_id=showpulse_dbt_dag, task_id=dbt_run, execution_date=20230621T234619, start_date=20230621T234722, end_date=20230621T234729
[2023-06-21T23:47:29.950+0000] {local_task_job.py:212} INFO - Task exited with return code 0
[2023-06-21T23:47:29.963+0000] {taskinstance.py:2596} INFO - 0 downstream tasks scheduled from follow-on schedule check
