[2023-06-22T00:45:30.572+0000] {taskinstance.py:1090} INFO - Dependencies all met for dep_context=non-requeueable deps ti=<TaskInstance: showpulse_dbt_dag.dbt_run scheduled__2023-06-22T00:44:26.478695+00:00 [queued]>
[2023-06-22T00:45:30.578+0000] {taskinstance.py:1090} INFO - Dependencies all met for dep_context=requeueable deps ti=<TaskInstance: showpulse_dbt_dag.dbt_run scheduled__2023-06-22T00:44:26.478695+00:00 [queued]>
[2023-06-22T00:45:30.579+0000] {taskinstance.py:1288} INFO - 
--------------------------------------------------------------------------------
[2023-06-22T00:45:30.579+0000] {taskinstance.py:1289} INFO - Starting attempt 1 of 1
[2023-06-22T00:45:30.580+0000] {taskinstance.py:1290} INFO - 
--------------------------------------------------------------------------------
[2023-06-22T00:45:30.587+0000] {taskinstance.py:1309} INFO - Executing <Task(BashOperator): dbt_run> on 2023-06-22 00:44:26.478695+00:00
[2023-06-22T00:45:30.590+0000] {standard_task_runner.py:55} INFO - Started process 11077 to run task
[2023-06-22T00:45:30.594+0000] {standard_task_runner.py:82} INFO - Running: ['***', 'tasks', 'run', 'showpulse_dbt_dag', 'dbt_run', 'scheduled__2023-06-22T00:44:26.478695+00:00', '--job-id', '1422', '--raw', '--subdir', 'DAGS_FOLDER/dbt_run.py', '--cfg-path', '/tmp/tmp0z63z7kd']
[2023-06-22T00:45:30.595+0000] {standard_task_runner.py:83} INFO - Job 1422: Subtask dbt_run
[2023-06-22T00:45:30.649+0000] {task_command.py:389} INFO - Running <TaskInstance: showpulse_dbt_dag.dbt_run scheduled__2023-06-22T00:44:26.478695+00:00 [running]> on host 62cfed75eae1
[2023-06-22T00:45:30.700+0000] {taskinstance.py:1518} INFO - Exporting the following env vars:
AIRFLOW_CTX_DAG_OWNER=nburkett
AIRFLOW_CTX_DAG_ID=showpulse_dbt_dag
AIRFLOW_CTX_TASK_ID=dbt_run
AIRFLOW_CTX_EXECUTION_DATE=2023-06-22T00:44:26.478695+00:00
AIRFLOW_CTX_TRY_NUMBER=1
AIRFLOW_CTX_DAG_RUN_ID=scheduled__2023-06-22T00:44:26.478695+00:00
[2023-06-22T00:45:30.702+0000] {subprocess.py:63} INFO - Tmp dir root location: 
 /tmp
[2023-06-22T00:45:30.703+0000] {subprocess.py:75} INFO - Running command: ['/bin/bash', '-c', 'cd /dbt/ticketmaster_transformation && dbt run']
[2023-06-22T00:45:30.712+0000] {subprocess.py:86} INFO - Output:
[2023-06-22T00:45:32.022+0000] {subprocess.py:93} INFO - [0m00:45:32  Running with dbt=1.5.1
[2023-06-22T00:45:32.523+0000] {subprocess.py:93} INFO - [0m00:45:32  Found 4 models, 0 tests, 0 snapshots, 0 analyses, 356 macros, 0 operations, 0 seed files, 3 sources, 0 exposures, 0 metrics, 0 groups
[2023-06-22T00:45:32.526+0000] {subprocess.py:93} INFO - [0m00:45:32
[2023-06-22T00:45:35.018+0000] {subprocess.py:93} INFO - [0m00:45:35  Concurrency: 4 threads (target='dev')
[2023-06-22T00:45:35.019+0000] {subprocess.py:93} INFO - [0m00:45:35
[2023-06-22T00:45:35.029+0000] {subprocess.py:93} INFO - [0m00:45:35  1 of 4 START sql table model twitter_kafka_pyspark_test.distinct_data .......... [RUN]
[2023-06-22T00:45:35.031+0000] {subprocess.py:93} INFO - [0m00:45:35  2 of 4 START sql table model twitter_kafka_pyspark_test.dm_events .............. [RUN]
[2023-06-22T00:45:35.036+0000] {subprocess.py:93} INFO - [0m00:45:35  3 of 4 START sql table model twitter_kafka_pyspark_test.my_first_dbt_model ..... [RUN]
[2023-06-22T00:45:39.665+0000] {subprocess.py:93} INFO - [0m00:45:39  3 of 4 OK created sql table model twitter_kafka_pyspark_test.my_first_dbt_model  [[32mCREATE TABLE (2.0 rows, 0 processed)[0m in 4.62s]
[2023-06-22T00:45:39.666+0000] {subprocess.py:93} INFO - [0m00:45:39  2 of 4 OK created sql table model twitter_kafka_pyspark_test.dm_events ......... [[32mCREATE TABLE (1.3k rows, 178.2 KiB processed)[0m in 4.63s]
[2023-06-22T00:45:39.672+0000] {subprocess.py:93} INFO - [0m00:45:39  4 of 4 START sql view model twitter_kafka_pyspark_test.my_second_dbt_model ..... [RUN]
[2023-06-22T00:45:40.344+0000] {subprocess.py:93} INFO - [0m00:45:40  1 of 4 OK created sql table model twitter_kafka_pyspark_test.distinct_data ..... [[32mCREATE TABLE (1.1k rows, 638.3 KiB processed)[0m in 5.31s]
[2023-06-22T00:45:40.843+0000] {subprocess.py:93} INFO - [0m00:45:40  4 of 4 OK created sql view model twitter_kafka_pyspark_test.my_second_dbt_model  [[32mCREATE VIEW (0 processed)[0m in 1.17s]
[2023-06-22T00:45:40.934+0000] {subprocess.py:93} INFO - [0m00:45:40
[2023-06-22T00:45:40.936+0000] {subprocess.py:93} INFO - [0m00:45:40  Finished running 3 table models, 1 view model in 0 hours 0 minutes and 8.41 seconds (8.41s).
[2023-06-22T00:45:40.954+0000] {subprocess.py:93} INFO - [0m00:45:40
[2023-06-22T00:45:40.956+0000] {subprocess.py:93} INFO - [0m00:45:40  [32mCompleted successfully[0m
[2023-06-22T00:45:40.957+0000] {subprocess.py:93} INFO - [0m00:45:40
[2023-06-22T00:45:40.958+0000] {subprocess.py:93} INFO - [0m00:45:40  Done. PASS=4 WARN=0 ERROR=0 SKIP=0 TOTAL=4
[2023-06-22T00:45:41.473+0000] {subprocess.py:97} INFO - Command exited with return code 0
[2023-06-22T00:45:41.497+0000] {taskinstance.py:1332} INFO - Marking task as SUCCESS. dag_id=showpulse_dbt_dag, task_id=dbt_run, execution_date=20230622T004426, start_date=20230622T004530, end_date=20230622T004541
[2023-06-22T00:45:41.542+0000] {local_task_job.py:212} INFO - Task exited with return code 0
[2023-06-22T00:45:41.555+0000] {taskinstance.py:2596} INFO - 0 downstream tasks scheduled from follow-on schedule check
