[2023-06-21T21:07:44.032+0000] {taskinstance.py:1090} INFO - Dependencies all met for dep_context=non-requeueable deps ti=<TaskInstance: showpulse_dbt_dag.dbt_run scheduled__2023-06-21T21:06:40.441034+00:00 [queued]>
[2023-06-21T21:07:44.038+0000] {taskinstance.py:1090} INFO - Dependencies all met for dep_context=requeueable deps ti=<TaskInstance: showpulse_dbt_dag.dbt_run scheduled__2023-06-21T21:06:40.441034+00:00 [queued]>
[2023-06-21T21:07:44.039+0000] {taskinstance.py:1288} INFO - 
--------------------------------------------------------------------------------
[2023-06-21T21:07:44.039+0000] {taskinstance.py:1289} INFO - Starting attempt 1 of 1
[2023-06-21T21:07:44.040+0000] {taskinstance.py:1290} INFO - 
--------------------------------------------------------------------------------
[2023-06-21T21:07:44.048+0000] {taskinstance.py:1309} INFO - Executing <Task(BashOperator): dbt_run> on 2023-06-21 21:06:40.441034+00:00
[2023-06-21T21:07:44.052+0000] {standard_task_runner.py:55} INFO - Started process 6349 to run task
[2023-06-21T21:07:44.056+0000] {standard_task_runner.py:82} INFO - Running: ['***', 'tasks', 'run', 'showpulse_dbt_dag', 'dbt_run', 'scheduled__2023-06-21T21:06:40.441034+00:00', '--job-id', '1018', '--raw', '--subdir', 'DAGS_FOLDER/dbt_run.py', '--cfg-path', '/tmp/tmpzai8lwo7']
[2023-06-21T21:07:44.057+0000] {standard_task_runner.py:83} INFO - Job 1018: Subtask dbt_run
[2023-06-21T21:07:44.115+0000] {task_command.py:389} INFO - Running <TaskInstance: showpulse_dbt_dag.dbt_run scheduled__2023-06-21T21:06:40.441034+00:00 [running]> on host 62cfed75eae1
[2023-06-21T21:07:44.164+0000] {taskinstance.py:1518} INFO - Exporting the following env vars:
AIRFLOW_CTX_DAG_OWNER=nburkett
AIRFLOW_CTX_DAG_ID=showpulse_dbt_dag
AIRFLOW_CTX_TASK_ID=dbt_run
AIRFLOW_CTX_EXECUTION_DATE=2023-06-21T21:06:40.441034+00:00
AIRFLOW_CTX_TRY_NUMBER=1
AIRFLOW_CTX_DAG_RUN_ID=scheduled__2023-06-21T21:06:40.441034+00:00
[2023-06-21T21:07:44.165+0000] {subprocess.py:63} INFO - Tmp dir root location: 
 /tmp
[2023-06-21T21:07:44.166+0000] {subprocess.py:75} INFO - Running command: ['/bin/bash', '-c', 'cd /dbt/ticketmaster_transformation && dbt run']
[2023-06-21T21:07:44.174+0000] {subprocess.py:86} INFO - Output:
[2023-06-21T21:07:45.463+0000] {subprocess.py:93} INFO - [0m21:07:45  Running with dbt=1.5.1
[2023-06-21T21:07:45.963+0000] {subprocess.py:93} INFO - [0m21:07:45  Found 4 models, 0 tests, 0 snapshots, 0 analyses, 356 macros, 0 operations, 0 seed files, 3 sources, 0 exposures, 0 metrics, 0 groups
[2023-06-21T21:07:45.965+0000] {subprocess.py:93} INFO - [0m21:07:45
[2023-06-21T21:07:46.817+0000] {subprocess.py:93} INFO - [0m21:07:46  Concurrency: 4 threads (target='dev')
[2023-06-21T21:07:46.821+0000] {subprocess.py:93} INFO - [0m21:07:46
[2023-06-21T21:07:46.839+0000] {subprocess.py:93} INFO - [0m21:07:46  1 of 4 START sql table model twitter_kafka_pyspark_test.distinct_data .......... [RUN]
[2023-06-21T21:07:46.841+0000] {subprocess.py:93} INFO - [0m21:07:46  2 of 4 START sql table model twitter_kafka_pyspark_test.dm_events .............. [RUN]
[2023-06-21T21:07:46.844+0000] {subprocess.py:93} INFO - [0m21:07:46  3 of 4 START sql table model twitter_kafka_pyspark_test.my_first_dbt_model ..... [RUN]
[2023-06-21T21:07:49.843+0000] {subprocess.py:93} INFO - [0m21:07:49  3 of 4 OK created sql table model twitter_kafka_pyspark_test.my_first_dbt_model  [[32mCREATE TABLE (2.0 rows, 0 processed)[0m in 2.99s]
[2023-06-21T21:07:49.849+0000] {subprocess.py:93} INFO - [0m21:07:49  4 of 4 START sql view model twitter_kafka_pyspark_test.my_second_dbt_model ..... [RUN]
[2023-06-21T21:07:49.936+0000] {subprocess.py:93} INFO - [0m21:07:49  2 of 4 OK created sql table model twitter_kafka_pyspark_test.dm_events ......... [[32mCREATE TABLE (1.3k rows, 178.2 KiB processed)[0m in 3.09s]
[2023-06-21T21:07:50.064+0000] {subprocess.py:93} INFO - [0m21:07:50  1 of 4 OK created sql table model twitter_kafka_pyspark_test.distinct_data ..... [[32mCREATE TABLE (1.1k rows, 638.3 KiB processed)[0m in 3.22s]
[2023-06-21T21:07:50.786+0000] {subprocess.py:93} INFO - [0m21:07:50  4 of 4 OK created sql view model twitter_kafka_pyspark_test.my_second_dbt_model  [[32mCREATE VIEW (0 processed)[0m in 0.93s]
[2023-06-21T21:07:50.835+0000] {subprocess.py:93} INFO - [0m21:07:50
[2023-06-21T21:07:50.837+0000] {subprocess.py:93} INFO - [0m21:07:50  Finished running 3 table models, 1 view model in 0 hours 0 minutes and 4.87 seconds (4.87s).
[2023-06-21T21:07:50.854+0000] {subprocess.py:93} INFO - [0m21:07:50
[2023-06-21T21:07:50.855+0000] {subprocess.py:93} INFO - [0m21:07:50  [32mCompleted successfully[0m
[2023-06-21T21:07:50.856+0000] {subprocess.py:93} INFO - [0m21:07:50
[2023-06-21T21:07:50.857+0000] {subprocess.py:93} INFO - [0m21:07:50  Done. PASS=4 WARN=0 ERROR=0 SKIP=0 TOTAL=4
[2023-06-21T21:07:51.253+0000] {subprocess.py:97} INFO - Command exited with return code 0
[2023-06-21T21:07:51.276+0000] {taskinstance.py:1332} INFO - Marking task as SUCCESS. dag_id=showpulse_dbt_dag, task_id=dbt_run, execution_date=20230621T210640, start_date=20230621T210744, end_date=20230621T210751
[2023-06-21T21:07:51.315+0000] {local_task_job.py:212} INFO - Task exited with return code 0
[2023-06-21T21:07:51.328+0000] {taskinstance.py:2596} INFO - 0 downstream tasks scheduled from follow-on schedule check
