[2023-06-21T22:44:53.243+0000] {taskinstance.py:1090} INFO - Dependencies all met for dep_context=non-requeueable deps ti=<TaskInstance: showpulse_dbt_dag.dbt_run scheduled__2023-06-21T22:43:48.970543+00:00 [queued]>
[2023-06-21T22:44:53.249+0000] {taskinstance.py:1090} INFO - Dependencies all met for dep_context=requeueable deps ti=<TaskInstance: showpulse_dbt_dag.dbt_run scheduled__2023-06-21T22:43:48.970543+00:00 [queued]>
[2023-06-21T22:44:53.249+0000] {taskinstance.py:1288} INFO - 
--------------------------------------------------------------------------------
[2023-06-21T22:44:53.250+0000] {taskinstance.py:1289} INFO - Starting attempt 1 of 1
[2023-06-21T22:44:53.250+0000] {taskinstance.py:1290} INFO - 
--------------------------------------------------------------------------------
[2023-06-21T22:44:53.258+0000] {taskinstance.py:1309} INFO - Executing <Task(BashOperator): dbt_run> on 2023-06-21 22:43:48.970543+00:00
[2023-06-21T22:44:53.262+0000] {standard_task_runner.py:55} INFO - Started process 7140 to run task
[2023-06-21T22:44:53.265+0000] {standard_task_runner.py:82} INFO - Running: ['***', 'tasks', 'run', 'showpulse_dbt_dag', 'dbt_run', 'scheduled__2023-06-21T22:43:48.970543+00:00', '--job-id', '1106', '--raw', '--subdir', 'DAGS_FOLDER/dbt_run.py', '--cfg-path', '/tmp/tmpd73wodbb']
[2023-06-21T22:44:53.266+0000] {standard_task_runner.py:83} INFO - Job 1106: Subtask dbt_run
[2023-06-21T22:44:53.318+0000] {task_command.py:389} INFO - Running <TaskInstance: showpulse_dbt_dag.dbt_run scheduled__2023-06-21T22:43:48.970543+00:00 [running]> on host 62cfed75eae1
[2023-06-21T22:44:53.367+0000] {taskinstance.py:1518} INFO - Exporting the following env vars:
AIRFLOW_CTX_DAG_OWNER=nburkett
AIRFLOW_CTX_DAG_ID=showpulse_dbt_dag
AIRFLOW_CTX_TASK_ID=dbt_run
AIRFLOW_CTX_EXECUTION_DATE=2023-06-21T22:43:48.970543+00:00
AIRFLOW_CTX_TRY_NUMBER=1
AIRFLOW_CTX_DAG_RUN_ID=scheduled__2023-06-21T22:43:48.970543+00:00
[2023-06-21T22:44:53.369+0000] {subprocess.py:63} INFO - Tmp dir root location: 
 /tmp
[2023-06-21T22:44:53.369+0000] {subprocess.py:75} INFO - Running command: ['/bin/bash', '-c', 'cd /dbt/ticketmaster_transformation && dbt run']
[2023-06-21T22:44:53.377+0000] {subprocess.py:86} INFO - Output:
[2023-06-21T22:44:54.574+0000] {subprocess.py:93} INFO - [0m22:44:54  Running with dbt=1.5.1
[2023-06-21T22:44:55.029+0000] {subprocess.py:93} INFO - [0m22:44:55  Found 4 models, 0 tests, 0 snapshots, 0 analyses, 356 macros, 0 operations, 0 seed files, 3 sources, 0 exposures, 0 metrics, 0 groups
[2023-06-21T22:44:55.032+0000] {subprocess.py:93} INFO - [0m22:44:55
[2023-06-21T22:44:57.122+0000] {subprocess.py:93} INFO - [0m22:44:57  Concurrency: 4 threads (target='dev')
[2023-06-21T22:44:57.124+0000] {subprocess.py:93} INFO - [0m22:44:57
[2023-06-21T22:44:57.135+0000] {subprocess.py:93} INFO - [0m22:44:57  1 of 4 START sql table model twitter_kafka_pyspark_test.distinct_data .......... [RUN]
[2023-06-21T22:44:57.138+0000] {subprocess.py:93} INFO - [0m22:44:57  2 of 4 START sql table model twitter_kafka_pyspark_test.dm_events .............. [RUN]
[2023-06-21T22:44:57.140+0000] {subprocess.py:93} INFO - [0m22:44:57  3 of 4 START sql table model twitter_kafka_pyspark_test.my_first_dbt_model ..... [RUN]
[2023-06-21T22:45:00.891+0000] {subprocess.py:93} INFO - [0m22:45:00  2 of 4 OK created sql table model twitter_kafka_pyspark_test.dm_events ......... [[32mCREATE TABLE (1.3k rows, 178.2 KiB processed)[0m in 3.74s]
[2023-06-21T22:45:01.009+0000] {subprocess.py:93} INFO - [0m22:45:01  3 of 4 OK created sql table model twitter_kafka_pyspark_test.my_first_dbt_model  [[32mCREATE TABLE (2.0 rows, 0 processed)[0m in 3.86s]
[2023-06-21T22:45:01.015+0000] {subprocess.py:93} INFO - [0m22:45:01  4 of 4 START sql view model twitter_kafka_pyspark_test.my_second_dbt_model ..... [RUN]
[2023-06-21T22:45:01.583+0000] {subprocess.py:93} INFO - [0m22:45:01  1 of 4 OK created sql table model twitter_kafka_pyspark_test.distinct_data ..... [[32mCREATE TABLE (1.1k rows, 638.3 KiB processed)[0m in 4.44s]
[2023-06-21T22:45:01.867+0000] {subprocess.py:93} INFO - [0m22:45:01  4 of 4 OK created sql view model twitter_kafka_pyspark_test.my_second_dbt_model  [[32mCREATE VIEW (0 processed)[0m in 0.85s]
[2023-06-21T22:45:01.890+0000] {subprocess.py:93} INFO - [0m22:45:01
[2023-06-21T22:45:01.892+0000] {subprocess.py:93} INFO - [0m22:45:01  Finished running 3 table models, 1 view model in 0 hours 0 minutes and 6.86 seconds (6.86s).
[2023-06-21T22:45:01.918+0000] {subprocess.py:93} INFO - [0m22:45:01
[2023-06-21T22:45:01.920+0000] {subprocess.py:93} INFO - [0m22:45:01  [32mCompleted successfully[0m
[2023-06-21T22:45:01.922+0000] {subprocess.py:93} INFO - [0m22:45:01
[2023-06-21T22:45:01.923+0000] {subprocess.py:93} INFO - [0m22:45:01  Done. PASS=4 WARN=0 ERROR=0 SKIP=0 TOTAL=4
[2023-06-21T22:45:02.402+0000] {subprocess.py:97} INFO - Command exited with return code 0
[2023-06-21T22:45:02.433+0000] {taskinstance.py:1332} INFO - Marking task as SUCCESS. dag_id=showpulse_dbt_dag, task_id=dbt_run, execution_date=20230621T224348, start_date=20230621T224453, end_date=20230621T224502
[2023-06-21T22:45:27.785+0000] {local_task_job.py:212} INFO - Task exited with return code 0
[2023-06-21T22:45:27.806+0000] {taskinstance.py:2596} INFO - 0 downstream tasks scheduled from follow-on schedule check
