[2023-06-21T01:07:23.232+0000] {taskinstance.py:1090} INFO - Dependencies all met for dep_context=non-requeueable deps ti=<TaskInstance: showpulse_dbt_dag.dbt_run scheduled__2023-06-21T01:06:19.005918+00:00 [queued]>
[2023-06-21T01:07:23.238+0000] {taskinstance.py:1090} INFO - Dependencies all met for dep_context=requeueable deps ti=<TaskInstance: showpulse_dbt_dag.dbt_run scheduled__2023-06-21T01:06:19.005918+00:00 [queued]>
[2023-06-21T01:07:23.239+0000] {taskinstance.py:1288} INFO - 
--------------------------------------------------------------------------------
[2023-06-21T01:07:23.239+0000] {taskinstance.py:1289} INFO - Starting attempt 1 of 1
[2023-06-21T01:07:23.239+0000] {taskinstance.py:1290} INFO - 
--------------------------------------------------------------------------------
[2023-06-21T01:07:23.247+0000] {taskinstance.py:1309} INFO - Executing <Task(BashOperator): dbt_run> on 2023-06-21 01:06:19.005918+00:00
[2023-06-21T01:07:23.250+0000] {standard_task_runner.py:55} INFO - Started process 1880 to run task
[2023-06-21T01:07:23.254+0000] {standard_task_runner.py:82} INFO - Running: ['***', 'tasks', 'run', 'showpulse_dbt_dag', 'dbt_run', 'scheduled__2023-06-21T01:06:19.005918+00:00', '--job-id', '530', '--raw', '--subdir', 'DAGS_FOLDER/dbt_run.py', '--cfg-path', '/tmp/tmpb60f4qyr']
[2023-06-21T01:07:23.255+0000] {standard_task_runner.py:83} INFO - Job 530: Subtask dbt_run
[2023-06-21T01:07:23.309+0000] {task_command.py:389} INFO - Running <TaskInstance: showpulse_dbt_dag.dbt_run scheduled__2023-06-21T01:06:19.005918+00:00 [running]> on host 62cfed75eae1
[2023-06-21T01:07:23.360+0000] {taskinstance.py:1518} INFO - Exporting the following env vars:
AIRFLOW_CTX_DAG_OWNER=nburkett
AIRFLOW_CTX_DAG_ID=showpulse_dbt_dag
AIRFLOW_CTX_TASK_ID=dbt_run
AIRFLOW_CTX_EXECUTION_DATE=2023-06-21T01:06:19.005918+00:00
AIRFLOW_CTX_TRY_NUMBER=1
AIRFLOW_CTX_DAG_RUN_ID=scheduled__2023-06-21T01:06:19.005918+00:00
[2023-06-21T01:07:23.362+0000] {subprocess.py:63} INFO - Tmp dir root location: 
 /tmp
[2023-06-21T01:07:23.363+0000] {subprocess.py:75} INFO - Running command: ['/bin/bash', '-c', 'cd /dbt/ticketmaster_transformation && dbt run']
[2023-06-21T01:07:23.370+0000] {subprocess.py:86} INFO - Output:
[2023-06-21T01:07:24.709+0000] {subprocess.py:93} INFO - [0m01:07:24  Running with dbt=1.5.1
[2023-06-21T01:07:25.190+0000] {subprocess.py:93} INFO - [0m01:07:25  Found 4 models, 0 tests, 0 snapshots, 0 analyses, 356 macros, 0 operations, 0 seed files, 3 sources, 0 exposures, 0 metrics, 0 groups
[2023-06-21T01:07:25.192+0000] {subprocess.py:93} INFO - [0m01:07:25
[2023-06-21T01:07:32.803+0000] {subprocess.py:93} INFO - [0m01:07:32  Concurrency: 4 threads (target='dev')
[2023-06-21T01:07:32.807+0000] {subprocess.py:93} INFO - [0m01:07:32
[2023-06-21T01:07:32.825+0000] {subprocess.py:93} INFO - [0m01:07:32  1 of 4 START sql table model twitter_kafka_pyspark_test.distinct_data .......... [RUN]
[2023-06-21T01:07:32.828+0000] {subprocess.py:93} INFO - [0m01:07:32  2 of 4 START sql table model twitter_kafka_pyspark_test.dm_events .............. [RUN]
[2023-06-21T01:07:32.831+0000] {subprocess.py:93} INFO - [0m01:07:32  3 of 4 START sql table model twitter_kafka_pyspark_test.my_first_dbt_model ..... [RUN]
[2023-06-21T01:07:36.083+0000] {subprocess.py:93} INFO - [0m01:07:36  3 of 4 OK created sql table model twitter_kafka_pyspark_test.my_first_dbt_model  [[32mCREATE TABLE (2.0 rows, 0 processed)[0m in 3.25s]
[2023-06-21T01:07:36.085+0000] {subprocess.py:93} INFO - [0m01:07:36  1 of 4 OK created sql table model twitter_kafka_pyspark_test.distinct_data ..... [[32mCREATE TABLE (1.1k rows, 638.3 KiB processed)[0m in 3.24s]
[2023-06-21T01:07:36.094+0000] {subprocess.py:93} INFO - [0m01:07:36  4 of 4 START sql view model twitter_kafka_pyspark_test.my_second_dbt_model ..... [RUN]
[2023-06-21T01:07:36.108+0000] {subprocess.py:93} INFO - [0m01:07:36  2 of 4 OK created sql table model twitter_kafka_pyspark_test.dm_events ......... [[32mCREATE TABLE (1.3k rows, 178.2 KiB processed)[0m in 3.27s]
[2023-06-21T01:07:37.106+0000] {subprocess.py:93} INFO - [0m01:07:37  4 of 4 OK created sql view model twitter_kafka_pyspark_test.my_second_dbt_model  [[32mCREATE VIEW (0 processed)[0m in 1.01s]
[2023-06-21T01:07:37.138+0000] {subprocess.py:93} INFO - [0m01:07:37
[2023-06-21T01:07:37.140+0000] {subprocess.py:93} INFO - [0m01:07:37  Finished running 3 table models, 1 view model in 0 hours 0 minutes and 11.94 seconds (11.94s).
[2023-06-21T01:07:37.163+0000] {subprocess.py:93} INFO - [0m01:07:37
[2023-06-21T01:07:37.164+0000] {subprocess.py:93} INFO - [0m01:07:37  [32mCompleted successfully[0m
[2023-06-21T01:07:37.165+0000] {subprocess.py:93} INFO - [0m01:07:37
[2023-06-21T01:07:37.167+0000] {subprocess.py:93} INFO - [0m01:07:37  Done. PASS=4 WARN=0 ERROR=0 SKIP=0 TOTAL=4
[2023-06-21T01:07:37.594+0000] {subprocess.py:97} INFO - Command exited with return code 0
[2023-06-21T01:07:37.621+0000] {taskinstance.py:1332} INFO - Marking task as SUCCESS. dag_id=showpulse_dbt_dag, task_id=dbt_run, execution_date=20230621T010619, start_date=20230621T010723, end_date=20230621T010737
[2023-06-21T01:07:37.683+0000] {local_task_job.py:212} INFO - Task exited with return code 0
[2023-06-21T01:07:37.699+0000] {taskinstance.py:2596} INFO - 0 downstream tasks scheduled from follow-on schedule check
