[2023-06-22T20:28:24.563+0000] {taskinstance.py:1090} INFO - Dependencies all met for dep_context=non-requeueable deps ti=<TaskInstance: showpulse_dbt_dag.dbt_run scheduled__2023-06-22T20:22:39.584029+00:00 [queued]>
[2023-06-22T20:28:24.570+0000] {taskinstance.py:1090} INFO - Dependencies all met for dep_context=requeueable deps ti=<TaskInstance: showpulse_dbt_dag.dbt_run scheduled__2023-06-22T20:22:39.584029+00:00 [queued]>
[2023-06-22T20:28:24.570+0000] {taskinstance.py:1288} INFO - 
--------------------------------------------------------------------------------
[2023-06-22T20:28:24.571+0000] {taskinstance.py:1289} INFO - Starting attempt 1 of 1
[2023-06-22T20:28:24.571+0000] {taskinstance.py:1290} INFO - 
--------------------------------------------------------------------------------
[2023-06-22T20:28:24.579+0000] {taskinstance.py:1309} INFO - Executing <Task(BashOperator): dbt_run> on 2023-06-22 20:22:39.584029+00:00
[2023-06-22T20:28:24.583+0000] {standard_task_runner.py:55} INFO - Started process 17935 to run task
[2023-06-22T20:28:24.587+0000] {standard_task_runner.py:82} INFO - Running: ['***', 'tasks', 'run', 'showpulse_dbt_dag', 'dbt_run', 'scheduled__2023-06-22T20:22:39.584029+00:00', '--job-id', '2074', '--raw', '--subdir', 'DAGS_FOLDER/dbt_run.py', '--cfg-path', '/tmp/tmp94lo4nyt']
[2023-06-22T20:28:24.588+0000] {standard_task_runner.py:83} INFO - Job 2074: Subtask dbt_run
[2023-06-22T20:28:24.654+0000] {task_command.py:389} INFO - Running <TaskInstance: showpulse_dbt_dag.dbt_run scheduled__2023-06-22T20:22:39.584029+00:00 [running]> on host 62cfed75eae1
[2023-06-22T20:28:24.710+0000] {taskinstance.py:1518} INFO - Exporting the following env vars:
AIRFLOW_CTX_DAG_OWNER=nburkett
AIRFLOW_CTX_DAG_ID=showpulse_dbt_dag
AIRFLOW_CTX_TASK_ID=dbt_run
AIRFLOW_CTX_EXECUTION_DATE=2023-06-22T20:22:39.584029+00:00
AIRFLOW_CTX_TRY_NUMBER=1
AIRFLOW_CTX_DAG_RUN_ID=scheduled__2023-06-22T20:22:39.584029+00:00
[2023-06-22T20:28:24.712+0000] {subprocess.py:63} INFO - Tmp dir root location: 
 /tmp
[2023-06-22T20:28:24.713+0000] {subprocess.py:75} INFO - Running command: ['/bin/bash', '-c', 'cd /dbt/ticketmaster_transformation && dbt run']
[2023-06-22T20:28:24.721+0000] {subprocess.py:86} INFO - Output:
[2023-06-22T20:28:26.024+0000] {subprocess.py:93} INFO - [0m20:28:26  Running with dbt=1.5.1
[2023-06-22T20:28:26.973+0000] {subprocess.py:93} INFO - [0m20:28:26  Found 4 models, 0 tests, 0 snapshots, 0 analyses, 356 macros, 0 operations, 0 seed files, 3 sources, 0 exposures, 0 metrics, 0 groups
[2023-06-22T20:28:26.976+0000] {subprocess.py:93} INFO - [0m20:28:26
[2023-06-22T20:28:28.092+0000] {subprocess.py:93} INFO - [0m20:28:28  Concurrency: 4 threads (target='dev')
[2023-06-22T20:28:28.095+0000] {subprocess.py:93} INFO - [0m20:28:28
[2023-06-22T20:28:28.110+0000] {subprocess.py:93} INFO - [0m20:28:28  1 of 4 START sql table model twitter_kafka_pyspark_test.distinct_data .......... [RUN]
[2023-06-22T20:28:28.113+0000] {subprocess.py:93} INFO - [0m20:28:28  2 of 4 START sql table model twitter_kafka_pyspark_test.dm_events .............. [RUN]
[2023-06-22T20:28:28.115+0000] {subprocess.py:93} INFO - [0m20:28:28  3 of 4 START sql table model twitter_kafka_pyspark_test.my_first_dbt_model ..... [RUN]
[2023-06-22T20:28:30.718+0000] {subprocess.py:93} INFO - [0m20:28:30  3 of 4 OK created sql table model twitter_kafka_pyspark_test.my_first_dbt_model  [[32mCREATE TABLE (2.0 rows, 0 processed)[0m in 2.60s]
[2023-06-22T20:28:30.723+0000] {subprocess.py:93} INFO - [0m20:28:30  4 of 4 START sql view model twitter_kafka_pyspark_test.my_second_dbt_model ..... [RUN]
[2023-06-22T20:28:31.093+0000] {subprocess.py:93} INFO - [0m20:28:31  1 of 4 OK created sql table model twitter_kafka_pyspark_test.distinct_data ..... [[32mCREATE TABLE (1.1k rows, 638.3 KiB processed)[0m in 2.97s]
[2023-06-22T20:28:31.183+0000] {subprocess.py:93} INFO - [0m20:28:31  2 of 4 OK created sql table model twitter_kafka_pyspark_test.dm_events ......... [[32mCREATE TABLE (1.3k rows, 178.2 KiB processed)[0m in 3.06s]
[2023-06-22T20:28:31.826+0000] {subprocess.py:93} INFO - [0m20:28:31  4 of 4 OK created sql view model twitter_kafka_pyspark_test.my_second_dbt_model  [[32mCREATE VIEW (0 processed)[0m in 1.10s]
[2023-06-22T20:28:31.902+0000] {subprocess.py:93} INFO - [0m20:28:31
[2023-06-22T20:28:31.904+0000] {subprocess.py:93} INFO - [0m20:28:31  Finished running 3 table models, 1 view model in 0 hours 0 minutes and 4.92 seconds (4.92s).
[2023-06-22T20:28:31.931+0000] {subprocess.py:93} INFO - [0m20:28:31
[2023-06-22T20:28:31.932+0000] {subprocess.py:93} INFO - [0m20:28:31  [32mCompleted successfully[0m
[2023-06-22T20:28:31.934+0000] {subprocess.py:93} INFO - [0m20:28:31
[2023-06-22T20:28:31.935+0000] {subprocess.py:93} INFO - [0m20:28:31  Done. PASS=4 WARN=0 ERROR=0 SKIP=0 TOTAL=4
[2023-06-22T20:28:32.430+0000] {subprocess.py:97} INFO - Command exited with return code 0
[2023-06-22T20:28:32.455+0000] {taskinstance.py:1332} INFO - Marking task as SUCCESS. dag_id=showpulse_dbt_dag, task_id=dbt_run, execution_date=20230622T202239, start_date=20230622T202824, end_date=20230622T202832
[2023-06-22T20:28:32.504+0000] {local_task_job.py:212} INFO - Task exited with return code 0
[2023-06-22T20:28:32.518+0000] {taskinstance.py:2596} INFO - 0 downstream tasks scheduled from follow-on schedule check
