[2023-06-21T11:40:27.212+0000] {taskinstance.py:1090} INFO - Dependencies all met for dep_context=non-requeueable deps ti=<TaskInstance: showpulse_dbt_dag.dbt_run scheduled__2023-06-21T11:15:06.595124+00:00 [queued]>
[2023-06-21T11:40:27.219+0000] {taskinstance.py:1090} INFO - Dependencies all met for dep_context=requeueable deps ti=<TaskInstance: showpulse_dbt_dag.dbt_run scheduled__2023-06-21T11:15:06.595124+00:00 [queued]>
[2023-06-21T11:40:27.220+0000] {taskinstance.py:1288} INFO - 
--------------------------------------------------------------------------------
[2023-06-21T11:40:27.220+0000] {taskinstance.py:1289} INFO - Starting attempt 1 of 1
[2023-06-21T11:40:27.221+0000] {taskinstance.py:1290} INFO - 
--------------------------------------------------------------------------------
[2023-06-21T11:40:27.229+0000] {taskinstance.py:1309} INFO - Executing <Task(BashOperator): dbt_run> on 2023-06-21 11:15:06.595124+00:00
[2023-06-21T11:40:27.232+0000] {standard_task_runner.py:55} INFO - Started process 3356 to run task
[2023-06-21T11:40:27.236+0000] {standard_task_runner.py:82} INFO - Running: ['***', 'tasks', 'run', 'showpulse_dbt_dag', 'dbt_run', 'scheduled__2023-06-21T11:15:06.595124+00:00', '--job-id', '694', '--raw', '--subdir', 'DAGS_FOLDER/dbt_run.py', '--cfg-path', '/tmp/tmpkc13b4mn']
[2023-06-21T11:40:27.237+0000] {standard_task_runner.py:83} INFO - Job 694: Subtask dbt_run
[2023-06-21T11:40:27.294+0000] {task_command.py:389} INFO - Running <TaskInstance: showpulse_dbt_dag.dbt_run scheduled__2023-06-21T11:15:06.595124+00:00 [running]> on host 62cfed75eae1
[2023-06-21T11:40:27.346+0000] {taskinstance.py:1518} INFO - Exporting the following env vars:
AIRFLOW_CTX_DAG_OWNER=nburkett
AIRFLOW_CTX_DAG_ID=showpulse_dbt_dag
AIRFLOW_CTX_TASK_ID=dbt_run
AIRFLOW_CTX_EXECUTION_DATE=2023-06-21T11:15:06.595124+00:00
AIRFLOW_CTX_TRY_NUMBER=1
AIRFLOW_CTX_DAG_RUN_ID=scheduled__2023-06-21T11:15:06.595124+00:00
[2023-06-21T11:40:27.348+0000] {subprocess.py:63} INFO - Tmp dir root location: 
 /tmp
[2023-06-21T11:40:27.349+0000] {subprocess.py:75} INFO - Running command: ['/bin/bash', '-c', 'cd /dbt/ticketmaster_transformation && dbt run']
[2023-06-21T11:40:27.358+0000] {subprocess.py:86} INFO - Output:
[2023-06-21T11:40:28.619+0000] {subprocess.py:93} INFO - [0m11:40:28  Running with dbt=1.5.1
[2023-06-21T11:40:29.100+0000] {subprocess.py:93} INFO - [0m11:40:29  Found 4 models, 0 tests, 0 snapshots, 0 analyses, 356 macros, 0 operations, 0 seed files, 3 sources, 0 exposures, 0 metrics, 0 groups
[2023-06-21T11:40:29.104+0000] {subprocess.py:93} INFO - [0m11:40:29
[2023-06-21T11:40:29.915+0000] {subprocess.py:93} INFO - [0m11:40:29  Concurrency: 4 threads (target='dev')
[2023-06-21T11:40:29.919+0000] {subprocess.py:93} INFO - [0m11:40:29
[2023-06-21T11:40:29.936+0000] {subprocess.py:93} INFO - [0m11:40:29  1 of 4 START sql table model twitter_kafka_pyspark_test.distinct_data .......... [RUN]
[2023-06-21T11:40:29.939+0000] {subprocess.py:93} INFO - [0m11:40:29  2 of 4 START sql table model twitter_kafka_pyspark_test.dm_events .............. [RUN]
[2023-06-21T11:40:29.941+0000] {subprocess.py:93} INFO - [0m11:40:29  3 of 4 START sql table model twitter_kafka_pyspark_test.my_first_dbt_model ..... [RUN]
[2023-06-21T11:40:46.841+0000] {subprocess.py:93} INFO - [0m11:40:46  3 of 4 OK created sql table model twitter_kafka_pyspark_test.my_first_dbt_model  [[32mCREATE TABLE (2.0 rows, 0 processed)[0m in 16.89s]
[2023-06-21T11:40:46.849+0000] {subprocess.py:93} INFO - [0m11:40:46  4 of 4 START sql view model twitter_kafka_pyspark_test.my_second_dbt_model ..... [RUN]
[2023-06-21T11:40:47.746+0000] {subprocess.py:93} INFO - [0m11:40:47  1 of 4 OK created sql table model twitter_kafka_pyspark_test.distinct_data ..... [[32mCREATE TABLE (1.1k rows, 638.3 KiB processed)[0m in 17.80s]
[2023-06-21T11:40:48.195+0000] {subprocess.py:93} INFO - [0m11:40:48  4 of 4 OK created sql view model twitter_kafka_pyspark_test.my_second_dbt_model  [[32mCREATE VIEW (0 processed)[0m in 1.34s]
[2023-06-21T11:40:48.612+0000] {subprocess.py:93} INFO - [0m11:40:48  2 of 4 OK created sql table model twitter_kafka_pyspark_test.dm_events ......... [[32mCREATE TABLE (1.3k rows, 178.2 KiB processed)[0m in 18.66s]
[2023-06-21T11:40:48.691+0000] {subprocess.py:93} INFO - [0m11:40:48
[2023-06-21T11:40:48.694+0000] {subprocess.py:93} INFO - [0m11:40:48  Finished running 3 table models, 1 view model in 0 hours 0 minutes and 19.59 seconds (19.59s).
[2023-06-21T11:40:48.729+0000] {subprocess.py:93} INFO - [0m11:40:48
[2023-06-21T11:40:48.730+0000] {subprocess.py:93} INFO - [0m11:40:48  [32mCompleted successfully[0m
[2023-06-21T11:40:48.732+0000] {subprocess.py:93} INFO - [0m11:40:48
[2023-06-21T11:40:48.733+0000] {subprocess.py:93} INFO - [0m11:40:48  Done. PASS=4 WARN=0 ERROR=0 SKIP=0 TOTAL=4
[2023-06-21T12:03:04.092+0000] {subprocess.py:97} INFO - Command exited with return code 0
[2023-06-21T12:03:04.158+0000] {taskinstance.py:1332} INFO - Marking task as SUCCESS. dag_id=showpulse_dbt_dag, task_id=dbt_run, execution_date=20230621T111506, start_date=20230621T114027, end_date=20230621T120304
[2023-06-21T12:03:04.258+0000] {local_task_job.py:212} INFO - Task exited with return code 0
[2023-06-21T12:03:04.283+0000] {taskinstance.py:2596} INFO - 0 downstream tasks scheduled from follow-on schedule check
