[2023-06-21T23:44:22.004+0000] {taskinstance.py:1090} INFO - Dependencies all met for dep_context=non-requeueable deps ti=<TaskInstance: showpulse_dbt_dag.pwd2 scheduled__2023-06-21T23:43:19.110563+00:00 [queued]>
[2023-06-21T23:44:22.010+0000] {taskinstance.py:1090} INFO - Dependencies all met for dep_context=requeueable deps ti=<TaskInstance: showpulse_dbt_dag.pwd2 scheduled__2023-06-21T23:43:19.110563+00:00 [queued]>
[2023-06-21T23:44:22.011+0000] {taskinstance.py:1288} INFO - 
--------------------------------------------------------------------------------
[2023-06-21T23:44:22.011+0000] {taskinstance.py:1289} INFO - Starting attempt 1 of 1
[2023-06-21T23:44:22.012+0000] {taskinstance.py:1290} INFO - 
--------------------------------------------------------------------------------
[2023-06-21T23:44:22.020+0000] {taskinstance.py:1309} INFO - Executing <Task(BashOperator): pwd2> on 2023-06-21 23:43:19.110563+00:00
[2023-06-21T23:44:22.024+0000] {standard_task_runner.py:55} INFO - Started process 8088 to run task
[2023-06-21T23:44:22.027+0000] {standard_task_runner.py:82} INFO - Running: ['***', 'tasks', 'run', 'showpulse_dbt_dag', 'pwd2', 'scheduled__2023-06-21T23:43:19.110563+00:00', '--job-id', '1189', '--raw', '--subdir', 'DAGS_FOLDER/dbt_run.py', '--cfg-path', '/tmp/tmpz52eu31f']
[2023-06-21T23:44:22.028+0000] {standard_task_runner.py:83} INFO - Job 1189: Subtask pwd2
[2023-06-21T23:44:22.080+0000] {task_command.py:389} INFO - Running <TaskInstance: showpulse_dbt_dag.pwd2 scheduled__2023-06-21T23:43:19.110563+00:00 [running]> on host 62cfed75eae1
[2023-06-21T23:44:22.129+0000] {taskinstance.py:1518} INFO - Exporting the following env vars:
AIRFLOW_CTX_DAG_OWNER=nburkett
AIRFLOW_CTX_DAG_ID=showpulse_dbt_dag
AIRFLOW_CTX_TASK_ID=pwd2
AIRFLOW_CTX_EXECUTION_DATE=2023-06-21T23:43:19.110563+00:00
AIRFLOW_CTX_TRY_NUMBER=1
AIRFLOW_CTX_DAG_RUN_ID=scheduled__2023-06-21T23:43:19.110563+00:00
[2023-06-21T23:44:22.131+0000] {subprocess.py:63} INFO - Tmp dir root location: 
 /tmp
[2023-06-21T23:44:22.131+0000] {subprocess.py:75} INFO - Running command: ['/bin/bash', '-c', 'cd /dbt/ticketmaster_transformation && pwd && ls']
[2023-06-21T23:44:22.139+0000] {subprocess.py:86} INFO - Output:
[2023-06-21T23:44:22.141+0000] {subprocess.py:93} INFO - /dbt/ticketmaster_transformation
[2023-06-21T23:44:22.142+0000] {subprocess.py:93} INFO - README.md
[2023-06-21T23:44:22.143+0000] {subprocess.py:93} INFO - analyses
[2023-06-21T23:44:22.143+0000] {subprocess.py:93} INFO - dbt_packages
[2023-06-21T23:44:22.144+0000] {subprocess.py:93} INFO - dbt_project.yml
[2023-06-21T23:44:22.144+0000] {subprocess.py:93} INFO - logs
[2023-06-21T23:44:22.145+0000] {subprocess.py:93} INFO - macros
[2023-06-21T23:44:22.145+0000] {subprocess.py:93} INFO - models
[2023-06-21T23:44:22.146+0000] {subprocess.py:93} INFO - profiles.yml
[2023-06-21T23:44:22.146+0000] {subprocess.py:93} INFO - seeds
[2023-06-21T23:44:22.146+0000] {subprocess.py:93} INFO - snapshots
[2023-06-21T23:44:22.147+0000] {subprocess.py:93} INFO - target
[2023-06-21T23:44:22.147+0000] {subprocess.py:93} INFO - tests
[2023-06-21T23:44:22.148+0000] {subprocess.py:97} INFO - Command exited with return code 0
[2023-06-21T23:44:22.169+0000] {taskinstance.py:1332} INFO - Marking task as SUCCESS. dag_id=showpulse_dbt_dag, task_id=pwd2, execution_date=20230621T234319, start_date=20230621T234422, end_date=20230621T234422
[2023-06-21T23:44:22.200+0000] {local_task_job.py:212} INFO - Task exited with return code 0
[2023-06-21T23:44:22.217+0000] {taskinstance.py:2596} INFO - 1 downstream tasks scheduled from follow-on schedule check
