[2023-06-21T16:05:52.891+0000] {taskinstance.py:1090} INFO - Dependencies all met for dep_context=non-requeueable deps ti=<TaskInstance: showpulse_dbt_dag.dbt_run scheduled__2023-06-21T16:04:48.633866+00:00 [queued]>
[2023-06-21T16:05:52.897+0000] {taskinstance.py:1090} INFO - Dependencies all met for dep_context=requeueable deps ti=<TaskInstance: showpulse_dbt_dag.dbt_run scheduled__2023-06-21T16:04:48.633866+00:00 [queued]>
[2023-06-21T16:05:52.898+0000] {taskinstance.py:1288} INFO - 
--------------------------------------------------------------------------------
[2023-06-21T16:05:52.899+0000] {taskinstance.py:1289} INFO - Starting attempt 1 of 1
[2023-06-21T16:05:52.899+0000] {taskinstance.py:1290} INFO - 
--------------------------------------------------------------------------------
[2023-06-21T16:05:52.907+0000] {taskinstance.py:1309} INFO - Executing <Task(BashOperator): dbt_run> on 2023-06-21 16:04:48.633866+00:00
[2023-06-21T16:05:52.910+0000] {standard_task_runner.py:55} INFO - Started process 4655 to run task
[2023-06-21T16:05:52.914+0000] {standard_task_runner.py:82} INFO - Running: ['***', 'tasks', 'run', 'showpulse_dbt_dag', 'dbt_run', 'scheduled__2023-06-21T16:04:48.633866+00:00', '--job-id', '830', '--raw', '--subdir', 'DAGS_FOLDER/dbt_run.py', '--cfg-path', '/tmp/tmp7btzlhrk']
[2023-06-21T16:05:52.915+0000] {standard_task_runner.py:83} INFO - Job 830: Subtask dbt_run
[2023-06-21T16:05:52.968+0000] {task_command.py:389} INFO - Running <TaskInstance: showpulse_dbt_dag.dbt_run scheduled__2023-06-21T16:04:48.633866+00:00 [running]> on host 62cfed75eae1
[2023-06-21T16:05:53.018+0000] {taskinstance.py:1518} INFO - Exporting the following env vars:
AIRFLOW_CTX_DAG_OWNER=nburkett
AIRFLOW_CTX_DAG_ID=showpulse_dbt_dag
AIRFLOW_CTX_TASK_ID=dbt_run
AIRFLOW_CTX_EXECUTION_DATE=2023-06-21T16:04:48.633866+00:00
AIRFLOW_CTX_TRY_NUMBER=1
AIRFLOW_CTX_DAG_RUN_ID=scheduled__2023-06-21T16:04:48.633866+00:00
[2023-06-21T16:05:53.019+0000] {subprocess.py:63} INFO - Tmp dir root location: 
 /tmp
[2023-06-21T16:05:53.020+0000] {subprocess.py:75} INFO - Running command: ['/bin/bash', '-c', 'cd /dbt/ticketmaster_transformation && dbt run']
[2023-06-21T16:05:53.028+0000] {subprocess.py:86} INFO - Output:
[2023-06-21T16:05:54.296+0000] {subprocess.py:93} INFO - [0m16:05:54  Running with dbt=1.5.1
[2023-06-21T16:05:54.845+0000] {subprocess.py:93} INFO - [0m16:05:54  Found 4 models, 0 tests, 0 snapshots, 0 analyses, 356 macros, 0 operations, 0 seed files, 3 sources, 0 exposures, 0 metrics, 0 groups
[2023-06-21T16:05:54.848+0000] {subprocess.py:93} INFO - [0m16:05:54
[2023-06-21T16:05:55.497+0000] {subprocess.py:93} INFO - [0m16:05:55  Concurrency: 4 threads (target='dev')
[2023-06-21T16:05:55.498+0000] {subprocess.py:93} INFO - [0m16:05:55
[2023-06-21T16:05:55.507+0000] {subprocess.py:93} INFO - [0m16:05:55  1 of 4 START sql table model twitter_kafka_pyspark_test.distinct_data .......... [RUN]
[2023-06-21T16:05:55.508+0000] {subprocess.py:93} INFO - [0m16:05:55  2 of 4 START sql table model twitter_kafka_pyspark_test.dm_events .............. [RUN]
[2023-06-21T16:05:55.509+0000] {subprocess.py:93} INFO - [0m16:05:55  3 of 4 START sql table model twitter_kafka_pyspark_test.my_first_dbt_model ..... [RUN]
[2023-06-21T16:08:47.115+0000] {subprocess.py:93} INFO - [0m16:08:47  3 of 4 OK created sql table model twitter_kafka_pyspark_test.my_first_dbt_model  [[32mCREATE TABLE (2.0 rows, 0 processed)[0m in 171.60s]
[2023-06-21T16:08:47.119+0000] {subprocess.py:93} INFO - [0m16:08:47  4 of 4 START sql view model twitter_kafka_pyspark_test.my_second_dbt_model ..... [RUN]
[2023-06-21T16:08:47.199+0000] {subprocess.py:93} INFO - [0m16:08:47  2 of 4 OK created sql table model twitter_kafka_pyspark_test.dm_events ......... [[32mCREATE TABLE (1.3k rows, 178.2 KiB processed)[0m in 171.68s]
[2023-06-21T16:08:47.320+0000] {subprocess.py:93} INFO - [0m16:08:47  1 of 4 OK created sql table model twitter_kafka_pyspark_test.distinct_data ..... [[32mCREATE TABLE (1.1k rows, 638.3 KiB processed)[0m in 171.81s]
[2023-06-21T16:08:48.159+0000] {subprocess.py:93} INFO - [0m16:08:48  4 of 4 OK created sql view model twitter_kafka_pyspark_test.my_second_dbt_model  [[32mCREATE VIEW (0 processed)[0m in 1.03s]
[2023-06-21T16:08:48.190+0000] {subprocess.py:93} INFO - [0m16:08:48
[2023-06-21T16:08:48.192+0000] {subprocess.py:93} INFO - [0m16:08:48  Finished running 3 table models, 1 view model in 0 hours 2 minutes and 53.34 seconds (173.34s).
[2023-06-21T16:08:48.227+0000] {subprocess.py:93} INFO - [0m16:08:48
[2023-06-21T16:08:48.229+0000] {subprocess.py:93} INFO - [0m16:08:48  [32mCompleted successfully[0m
[2023-06-21T16:08:48.230+0000] {subprocess.py:93} INFO - [0m16:08:48
[2023-06-21T16:08:48.231+0000] {subprocess.py:93} INFO - [0m16:08:48  Done. PASS=4 WARN=0 ERROR=0 SKIP=0 TOTAL=4
[2023-06-21T16:08:48.774+0000] {subprocess.py:97} INFO - Command exited with return code 0
[2023-06-21T16:08:48.818+0000] {taskinstance.py:1332} INFO - Marking task as SUCCESS. dag_id=showpulse_dbt_dag, task_id=dbt_run, execution_date=20230621T160448, start_date=20230621T160552, end_date=20230621T160848
[2023-06-21T16:08:48.895+0000] {local_task_job.py:212} INFO - Task exited with return code 0
[2023-06-21T16:08:48.918+0000] {taskinstance.py:2596} INFO - 0 downstream tasks scheduled from follow-on schedule check
