[2023-06-23T02:12:35.764+0000] {taskinstance.py:1090} INFO - Dependencies all met for dep_context=non-requeueable deps ti=<TaskInstance: showpulse_dbt_dag.dbt_run scheduled__2023-06-23T02:11:31.696804+00:00 [queued]>
[2023-06-23T02:12:35.771+0000] {taskinstance.py:1090} INFO - Dependencies all met for dep_context=requeueable deps ti=<TaskInstance: showpulse_dbt_dag.dbt_run scheduled__2023-06-23T02:11:31.696804+00:00 [queued]>
[2023-06-23T02:12:35.772+0000] {taskinstance.py:1288} INFO - 
--------------------------------------------------------------------------------
[2023-06-23T02:12:35.773+0000] {taskinstance.py:1289} INFO - Starting attempt 1 of 1
[2023-06-23T02:12:35.774+0000] {taskinstance.py:1290} INFO - 
--------------------------------------------------------------------------------
[2023-06-23T02:12:35.784+0000] {taskinstance.py:1309} INFO - Executing <Task(BashOperator): dbt_run> on 2023-06-23 02:11:31.696804+00:00
[2023-06-23T02:12:35.787+0000] {standard_task_runner.py:55} INFO - Started process 25247 to run task
[2023-06-23T02:12:35.791+0000] {standard_task_runner.py:82} INFO - Running: ['***', 'tasks', 'run', 'showpulse_dbt_dag', 'dbt_run', 'scheduled__2023-06-23T02:11:31.696804+00:00', '--job-id', '2718', '--raw', '--subdir', 'DAGS_FOLDER/dbt_run.py', '--cfg-path', '/tmp/tmp4y3hp5ck']
[2023-06-23T02:12:35.813+0000] {standard_task_runner.py:83} INFO - Job 2718: Subtask dbt_run
[2023-06-23T02:12:35.895+0000] {task_command.py:389} INFO - Running <TaskInstance: showpulse_dbt_dag.dbt_run scheduled__2023-06-23T02:11:31.696804+00:00 [running]> on host 62cfed75eae1
[2023-06-23T02:12:35.949+0000] {taskinstance.py:1518} INFO - Exporting the following env vars:
AIRFLOW_CTX_DAG_OWNER=nburkett
AIRFLOW_CTX_DAG_ID=showpulse_dbt_dag
AIRFLOW_CTX_TASK_ID=dbt_run
AIRFLOW_CTX_EXECUTION_DATE=2023-06-23T02:11:31.696804+00:00
AIRFLOW_CTX_TRY_NUMBER=1
AIRFLOW_CTX_DAG_RUN_ID=scheduled__2023-06-23T02:11:31.696804+00:00
[2023-06-23T02:12:35.950+0000] {subprocess.py:63} INFO - Tmp dir root location: 
 /tmp
[2023-06-23T02:12:35.951+0000] {subprocess.py:75} INFO - Running command: ['/bin/bash', '-c', 'cd /dbt/ticketmaster_transformation && dbt run']
[2023-06-23T02:12:35.961+0000] {subprocess.py:86} INFO - Output:
[2023-06-23T02:12:37.372+0000] {subprocess.py:93} INFO - [0m02:12:37  Running with dbt=1.5.1
[2023-06-23T02:12:37.936+0000] {subprocess.py:93} INFO - [0m02:12:37  Found 4 models, 0 tests, 0 snapshots, 0 analyses, 356 macros, 0 operations, 0 seed files, 3 sources, 0 exposures, 0 metrics, 0 groups
[2023-06-23T02:12:37.939+0000] {subprocess.py:93} INFO - [0m02:12:37
[2023-06-23T02:12:38.700+0000] {subprocess.py:93} INFO - [0m02:12:38  Concurrency: 4 threads (target='dev')
[2023-06-23T02:12:38.712+0000] {subprocess.py:93} INFO - [0m02:12:38
[2023-06-23T02:12:38.731+0000] {subprocess.py:93} INFO - [0m02:12:38  1 of 4 START sql table model twitter_kafka_pyspark_test.distinct_data .......... [RUN]
[2023-06-23T02:12:38.733+0000] {subprocess.py:93} INFO - [0m02:12:38  2 of 4 START sql table model twitter_kafka_pyspark_test.dm_events .............. [RUN]
[2023-06-23T02:12:38.735+0000] {subprocess.py:93} INFO - [0m02:12:38  3 of 4 START sql table model twitter_kafka_pyspark_test.my_first_dbt_model ..... [RUN]
[2023-06-23T02:12:41.228+0000] {subprocess.py:93} INFO - [0m02:12:41  3 of 4 OK created sql table model twitter_kafka_pyspark_test.my_first_dbt_model  [[32mCREATE TABLE (2.0 rows, 0 processed)[0m in 2.48s]
[2023-06-23T02:12:41.236+0000] {subprocess.py:93} INFO - [0m02:12:41  4 of 4 START sql view model twitter_kafka_pyspark_test.my_second_dbt_model ..... [RUN]
[2023-06-23T02:12:41.595+0000] {subprocess.py:93} INFO - [0m02:12:41  2 of 4 OK created sql table model twitter_kafka_pyspark_test.dm_events ......... [[32mCREATE TABLE (95.0 rows, 13.5 KiB processed)[0m in 2.85s]
[2023-06-23T02:12:41.636+0000] {subprocess.py:93} INFO - [0m02:12:41  1 of 4 OK created sql table model twitter_kafka_pyspark_test.distinct_data ..... [[32mCREATE TABLE (95.0 rows, 48.7 KiB processed)[0m in 2.90s]
[2023-06-23T02:12:42.053+0000] {subprocess.py:93} INFO - [0m02:12:42  4 of 4 OK created sql view model twitter_kafka_pyspark_test.my_second_dbt_model  [[32mCREATE VIEW (0 processed)[0m in 0.81s]
[2023-06-23T02:12:42.089+0000] {subprocess.py:93} INFO - [0m02:12:42
[2023-06-23T02:12:42.091+0000] {subprocess.py:93} INFO - [0m02:12:42  Finished running 3 table models, 1 view model in 0 hours 0 minutes and 4.15 seconds (4.15s).
[2023-06-23T02:12:42.116+0000] {subprocess.py:93} INFO - [0m02:12:42
[2023-06-23T02:12:42.118+0000] {subprocess.py:93} INFO - [0m02:12:42  [32mCompleted successfully[0m
[2023-06-23T02:12:42.119+0000] {subprocess.py:93} INFO - [0m02:12:42
[2023-06-23T02:12:42.121+0000] {subprocess.py:93} INFO - [0m02:12:42  Done. PASS=4 WARN=0 ERROR=0 SKIP=0 TOTAL=4
[2023-06-23T02:12:42.561+0000] {subprocess.py:97} INFO - Command exited with return code 0
[2023-06-23T02:12:42.603+0000] {taskinstance.py:1332} INFO - Marking task as SUCCESS. dag_id=showpulse_dbt_dag, task_id=dbt_run, execution_date=20230623T021131, start_date=20230623T021235, end_date=20230623T021242
[2023-06-23T02:12:42.669+0000] {local_task_job.py:212} INFO - Task exited with return code 0
[2023-06-23T02:12:42.694+0000] {taskinstance.py:2596} INFO - 0 downstream tasks scheduled from follow-on schedule check
