[2023-06-11T21:45:48.909+0000] {taskinstance.py:1090} INFO - Dependencies all met for dep_context=non-requeueable deps ti=<TaskInstance: ny_taxi_local.delete_local_file.delete_local_file manual__2023-06-11T21:45:43.044814+00:00 [queued]>
[2023-06-11T21:45:48.915+0000] {taskinstance.py:1090} INFO - Dependencies all met for dep_context=requeueable deps ti=<TaskInstance: ny_taxi_local.delete_local_file.delete_local_file manual__2023-06-11T21:45:43.044814+00:00 [queued]>
[2023-06-11T21:45:48.916+0000] {taskinstance.py:1288} INFO - 
--------------------------------------------------------------------------------
[2023-06-11T21:45:48.916+0000] {taskinstance.py:1289} INFO - Starting attempt 1 of 1
[2023-06-11T21:45:48.917+0000] {taskinstance.py:1290} INFO - 
--------------------------------------------------------------------------------
[2023-06-11T21:45:48.925+0000] {taskinstance.py:1309} INFO - Executing <Task(_PythonDecoratedOperator): delete_local_file.delete_local_file> on 2023-06-11 21:45:43.044814+00:00
[2023-06-11T21:45:48.930+0000] {standard_task_runner.py:55} INFO - Started process 106 to run task
[2023-06-11T21:45:48.934+0000] {standard_task_runner.py:82} INFO - Running: ['***', 'tasks', 'run', 'ny_taxi_local', 'delete_local_file.delete_local_file', 'manual__2023-06-11T21:45:43.044814+00:00', '--job-id', '222', '--raw', '--subdir', 'DAGS_FOLDER/fetch_and_upload.py', '--cfg-path', '/tmp/tmptu__if1q']
[2023-06-11T21:45:48.936+0000] {standard_task_runner.py:83} INFO - Job 222: Subtask delete_local_file.delete_local_file
[2023-06-11T21:45:48.992+0000] {task_command.py:389} INFO - Running <TaskInstance: ny_taxi_local.delete_local_file.delete_local_file manual__2023-06-11T21:45:43.044814+00:00 [running]> on host 04f5a8a63034
[2023-06-11T21:45:49.064+0000] {taskinstance.py:1518} INFO - Exporting the following env vars:
AIRFLOW_CTX_DAG_OWNER=***
AIRFLOW_CTX_DAG_ID=ny_taxi_local
AIRFLOW_CTX_TASK_ID=delete_local_file.delete_local_file
AIRFLOW_CTX_EXECUTION_DATE=2023-06-11T21:45:43.044814+00:00
AIRFLOW_CTX_TRY_NUMBER=1
AIRFLOW_CTX_DAG_RUN_ID=manual__2023-06-11T21:45:43.044814+00:00
[2023-06-11T21:45:49.073+0000] {logging_mixin.py:137} INFO - File yellow_tripdata_2023-06-11-21-45-45.parquet deleted from local directory.
[2023-06-11T21:45:49.074+0000] {python.py:177} INFO - Done. Returned value was: None
[2023-06-11T21:45:49.085+0000] {taskinstance.py:1332} INFO - Marking task as SUCCESS. dag_id=ny_taxi_local, task_id=delete_local_file.delete_local_file, execution_date=20230611T214543, start_date=20230611T214548, end_date=20230611T214549
[2023-06-11T21:45:49.149+0000] {local_task_job.py:212} INFO - Task exited with return code 0
[2023-06-11T21:45:49.170+0000] {taskinstance.py:2596} INFO - 0 downstream tasks scheduled from follow-on schedule check
