[2023-06-21T15:54:08.520+0000] {taskinstance.py:1090} INFO - Dependencies all met for dep_context=non-requeueable deps ti=<TaskInstance: showpulse_dbt_dag.pwd1 scheduled__2023-06-21T15:53:07.479718+00:00 [queued]>
[2023-06-21T15:54:08.526+0000] {taskinstance.py:1090} INFO - Dependencies all met for dep_context=requeueable deps ti=<TaskInstance: showpulse_dbt_dag.pwd1 scheduled__2023-06-21T15:53:07.479718+00:00 [queued]>
[2023-06-21T15:54:08.527+0000] {taskinstance.py:1288} INFO - 
--------------------------------------------------------------------------------
[2023-06-21T15:54:08.527+0000] {taskinstance.py:1289} INFO - Starting attempt 1 of 1
[2023-06-21T15:54:08.528+0000] {taskinstance.py:1290} INFO - 
--------------------------------------------------------------------------------
[2023-06-21T15:54:08.536+0000] {taskinstance.py:1309} INFO - Executing <Task(BashOperator): pwd1> on 2023-06-21 15:53:07.479718+00:00
[2023-06-21T15:54:08.540+0000] {standard_task_runner.py:55} INFO - Started process 4568 to run task
[2023-06-21T15:54:08.543+0000] {standard_task_runner.py:82} INFO - Running: ['***', 'tasks', 'run', 'showpulse_dbt_dag', 'pwd1', 'scheduled__2023-06-21T15:53:07.479718+00:00', '--job-id', '819', '--raw', '--subdir', 'DAGS_FOLDER/dbt_run.py', '--cfg-path', '/tmp/tmp4n49o7x7']
[2023-06-21T15:54:08.544+0000] {standard_task_runner.py:83} INFO - Job 819: Subtask pwd1
[2023-06-21T15:54:08.601+0000] {task_command.py:389} INFO - Running <TaskInstance: showpulse_dbt_dag.pwd1 scheduled__2023-06-21T15:53:07.479718+00:00 [running]> on host 62cfed75eae1
[2023-06-21T15:54:08.653+0000] {taskinstance.py:1518} INFO - Exporting the following env vars:
AIRFLOW_CTX_DAG_OWNER=nburkett
AIRFLOW_CTX_DAG_ID=showpulse_dbt_dag
AIRFLOW_CTX_TASK_ID=pwd1
AIRFLOW_CTX_EXECUTION_DATE=2023-06-21T15:53:07.479718+00:00
AIRFLOW_CTX_TRY_NUMBER=1
AIRFLOW_CTX_DAG_RUN_ID=scheduled__2023-06-21T15:53:07.479718+00:00
[2023-06-21T15:54:08.654+0000] {subprocess.py:63} INFO - Tmp dir root location: 
 /tmp
[2023-06-21T15:54:08.655+0000] {subprocess.py:75} INFO - Running command: ['/bin/bash', '-c', 'pwd && ls']
[2023-06-21T15:54:08.663+0000] {subprocess.py:86} INFO - Output:
[2023-06-21T15:54:08.665+0000] {subprocess.py:93} INFO - /tmp/***tmpen9z6v3_
[2023-06-21T15:54:08.667+0000] {subprocess.py:97} INFO - Command exited with return code 0
[2023-06-21T15:54:08.689+0000] {taskinstance.py:1332} INFO - Marking task as SUCCESS. dag_id=showpulse_dbt_dag, task_id=pwd1, execution_date=20230621T155307, start_date=20230621T155408, end_date=20230621T155408
[2023-06-21T15:54:08.717+0000] {local_task_job.py:212} INFO - Task exited with return code 0
[2023-06-21T15:54:08.741+0000] {taskinstance.py:2596} INFO - 1 downstream tasks scheduled from follow-on schedule check
