[2023-06-23T01:35:35.592+0000] {taskinstance.py:1090} INFO - Dependencies all met for dep_context=non-requeueable deps ti=<TaskInstance: showpulse_dbt_dag.dbt_run scheduled__2023-06-23T01:34:31.696804+00:00 [queued]>
[2023-06-23T01:35:35.599+0000] {taskinstance.py:1090} INFO - Dependencies all met for dep_context=requeueable deps ti=<TaskInstance: showpulse_dbt_dag.dbt_run scheduled__2023-06-23T01:34:31.696804+00:00 [queued]>
[2023-06-23T01:35:35.599+0000] {taskinstance.py:1288} INFO - 
--------------------------------------------------------------------------------
[2023-06-23T01:35:35.600+0000] {taskinstance.py:1289} INFO - Starting attempt 1 of 1
[2023-06-23T01:35:35.601+0000] {taskinstance.py:1290} INFO - 
--------------------------------------------------------------------------------
[2023-06-23T01:35:35.609+0000] {taskinstance.py:1309} INFO - Executing <Task(BashOperator): dbt_run> on 2023-06-23 01:34:31.696804+00:00
[2023-06-23T01:35:35.614+0000] {standard_task_runner.py:55} INFO - Started process 23390 to run task
[2023-06-23T01:35:35.617+0000] {standard_task_runner.py:82} INFO - Running: ['***', 'tasks', 'run', 'showpulse_dbt_dag', 'dbt_run', 'scheduled__2023-06-23T01:34:31.696804+00:00', '--job-id', '2570', '--raw', '--subdir', 'DAGS_FOLDER/dbt_run.py', '--cfg-path', '/tmp/tmpkjdkrjh6']
[2023-06-23T01:35:35.618+0000] {standard_task_runner.py:83} INFO - Job 2570: Subtask dbt_run
[2023-06-23T01:35:35.682+0000] {task_command.py:389} INFO - Running <TaskInstance: showpulse_dbt_dag.dbt_run scheduled__2023-06-23T01:34:31.696804+00:00 [running]> on host 62cfed75eae1
[2023-06-23T01:35:35.737+0000] {taskinstance.py:1518} INFO - Exporting the following env vars:
AIRFLOW_CTX_DAG_OWNER=nburkett
AIRFLOW_CTX_DAG_ID=showpulse_dbt_dag
AIRFLOW_CTX_TASK_ID=dbt_run
AIRFLOW_CTX_EXECUTION_DATE=2023-06-23T01:34:31.696804+00:00
AIRFLOW_CTX_TRY_NUMBER=1
AIRFLOW_CTX_DAG_RUN_ID=scheduled__2023-06-23T01:34:31.696804+00:00
[2023-06-23T01:35:35.739+0000] {subprocess.py:63} INFO - Tmp dir root location: 
 /tmp
[2023-06-23T01:35:35.740+0000] {subprocess.py:75} INFO - Running command: ['/bin/bash', '-c', 'cd /dbt/ticketmaster_transformation && dbt run']
[2023-06-23T01:35:35.748+0000] {subprocess.py:86} INFO - Output:
[2023-06-23T01:35:37.147+0000] {subprocess.py:93} INFO - [0m01:35:37  Running with dbt=1.5.1
[2023-06-23T01:35:37.723+0000] {subprocess.py:93} INFO - [0m01:35:37  Found 4 models, 0 tests, 0 snapshots, 0 analyses, 356 macros, 0 operations, 0 seed files, 3 sources, 0 exposures, 0 metrics, 0 groups
[2023-06-23T01:35:37.727+0000] {subprocess.py:93} INFO - [0m01:35:37
[2023-06-23T01:35:38.545+0000] {subprocess.py:93} INFO - [0m01:35:38  Concurrency: 4 threads (target='dev')
[2023-06-23T01:35:38.547+0000] {subprocess.py:93} INFO - [0m01:35:38
[2023-06-23T01:35:38.557+0000] {subprocess.py:93} INFO - [0m01:35:38  1 of 4 START sql table model twitter_kafka_pyspark_test.distinct_data .......... [RUN]
[2023-06-23T01:35:38.559+0000] {subprocess.py:93} INFO - [0m01:35:38  2 of 4 START sql table model twitter_kafka_pyspark_test.dm_events .............. [RUN]
[2023-06-23T01:35:38.560+0000] {subprocess.py:93} INFO - [0m01:35:38  3 of 4 START sql table model twitter_kafka_pyspark_test.my_first_dbt_model ..... [RUN]
[2023-06-23T01:35:41.256+0000] {subprocess.py:93} INFO - [0m01:35:41  3 of 4 OK created sql table model twitter_kafka_pyspark_test.my_first_dbt_model  [[32mCREATE TABLE (2.0 rows, 0 processed)[0m in 2.68s]
[2023-06-23T01:35:41.261+0000] {subprocess.py:93} INFO - [0m01:35:41  4 of 4 START sql view model twitter_kafka_pyspark_test.my_second_dbt_model ..... [RUN]
[2023-06-23T01:35:41.459+0000] {subprocess.py:93} INFO - [0m01:35:41  1 of 4 OK created sql table model twitter_kafka_pyspark_test.distinct_data ..... [[32mCREATE TABLE (1.1k rows, 663.4 KiB processed)[0m in 2.90s]
[2023-06-23T01:35:41.556+0000] {subprocess.py:93} INFO - [0m01:35:41  2 of 4 OK created sql table model twitter_kafka_pyspark_test.dm_events ......... [[32mCREATE TABLE (1.4k rows, 186.0 KiB processed)[0m in 2.99s]
[2023-06-23T01:35:42.163+0000] {subprocess.py:93} INFO - [0m01:35:42  4 of 4 OK created sql view model twitter_kafka_pyspark_test.my_second_dbt_model  [[32mCREATE VIEW (0 processed)[0m in 0.90s]
[2023-06-23T01:35:42.189+0000] {subprocess.py:93} INFO - [0m01:35:42
[2023-06-23T01:35:42.191+0000] {subprocess.py:93} INFO - [0m01:35:42  Finished running 3 table models, 1 view model in 0 hours 0 minutes and 4.46 seconds (4.46s).
[2023-06-23T01:35:42.216+0000] {subprocess.py:93} INFO - [0m01:35:42
[2023-06-23T01:35:42.217+0000] {subprocess.py:93} INFO - [0m01:35:42  [32mCompleted successfully[0m
[2023-06-23T01:35:42.219+0000] {subprocess.py:93} INFO - [0m01:35:42
[2023-06-23T01:35:42.220+0000] {subprocess.py:93} INFO - [0m01:35:42  Done. PASS=4 WARN=0 ERROR=0 SKIP=0 TOTAL=4
[2023-06-23T01:35:42.680+0000] {subprocess.py:97} INFO - Command exited with return code 0
[2023-06-23T01:35:42.712+0000] {taskinstance.py:1332} INFO - Marking task as SUCCESS. dag_id=showpulse_dbt_dag, task_id=dbt_run, execution_date=20230623T013431, start_date=20230623T013535, end_date=20230623T013542
[2023-06-23T01:35:42.766+0000] {local_task_job.py:212} INFO - Task exited with return code 0
[2023-06-23T01:35:42.783+0000] {taskinstance.py:2596} INFO - 0 downstream tasks scheduled from follow-on schedule check
