[2023-06-22T01:05:36.883+0000] {taskinstance.py:1090} INFO - Dependencies all met for dep_context=non-requeueable deps ti=<TaskInstance: showpulse_dbt_dag.dbt_run scheduled__2023-06-22T01:04:32.741297+00:00 [queued]>
[2023-06-22T01:05:36.889+0000] {taskinstance.py:1090} INFO - Dependencies all met for dep_context=requeueable deps ti=<TaskInstance: showpulse_dbt_dag.dbt_run scheduled__2023-06-22T01:04:32.741297+00:00 [queued]>
[2023-06-22T01:05:36.889+0000] {taskinstance.py:1288} INFO - 
--------------------------------------------------------------------------------
[2023-06-22T01:05:36.890+0000] {taskinstance.py:1289} INFO - Starting attempt 1 of 1
[2023-06-22T01:05:36.890+0000] {taskinstance.py:1290} INFO - 
--------------------------------------------------------------------------------
[2023-06-22T01:05:36.898+0000] {taskinstance.py:1309} INFO - Executing <Task(BashOperator): dbt_run> on 2023-06-22 01:04:32.741297+00:00
[2023-06-22T01:05:36.901+0000] {standard_task_runner.py:55} INFO - Started process 12073 to run task
[2023-06-22T01:05:36.904+0000] {standard_task_runner.py:82} INFO - Running: ['***', 'tasks', 'run', 'showpulse_dbt_dag', 'dbt_run', 'scheduled__2023-06-22T01:04:32.741297+00:00', '--job-id', '1502', '--raw', '--subdir', 'DAGS_FOLDER/dbt_run.py', '--cfg-path', '/tmp/tmpkvgjp5ee']
[2023-06-22T01:05:36.905+0000] {standard_task_runner.py:83} INFO - Job 1502: Subtask dbt_run
[2023-06-22T01:05:36.960+0000] {task_command.py:389} INFO - Running <TaskInstance: showpulse_dbt_dag.dbt_run scheduled__2023-06-22T01:04:32.741297+00:00 [running]> on host 62cfed75eae1
[2023-06-22T01:05:37.014+0000] {taskinstance.py:1518} INFO - Exporting the following env vars:
AIRFLOW_CTX_DAG_OWNER=nburkett
AIRFLOW_CTX_DAG_ID=showpulse_dbt_dag
AIRFLOW_CTX_TASK_ID=dbt_run
AIRFLOW_CTX_EXECUTION_DATE=2023-06-22T01:04:32.741297+00:00
AIRFLOW_CTX_TRY_NUMBER=1
AIRFLOW_CTX_DAG_RUN_ID=scheduled__2023-06-22T01:04:32.741297+00:00
[2023-06-22T01:05:37.015+0000] {subprocess.py:63} INFO - Tmp dir root location: 
 /tmp
[2023-06-22T01:05:37.016+0000] {subprocess.py:75} INFO - Running command: ['/bin/bash', '-c', 'cd /dbt/ticketmaster_transformation && dbt run']
[2023-06-22T01:05:37.025+0000] {subprocess.py:86} INFO - Output:
[2023-06-22T01:05:38.259+0000] {subprocess.py:93} INFO - [0m01:05:38  Running with dbt=1.5.1
[2023-06-22T01:05:38.734+0000] {subprocess.py:93} INFO - [0m01:05:38  Found 4 models, 0 tests, 0 snapshots, 0 analyses, 356 macros, 0 operations, 0 seed files, 3 sources, 0 exposures, 0 metrics, 0 groups
[2023-06-22T01:05:38.736+0000] {subprocess.py:93} INFO - [0m01:05:38
[2023-06-22T01:05:39.514+0000] {subprocess.py:93} INFO - [0m01:05:39  Concurrency: 4 threads (target='dev')
[2023-06-22T01:05:39.517+0000] {subprocess.py:93} INFO - [0m01:05:39
[2023-06-22T01:05:39.532+0000] {subprocess.py:93} INFO - [0m01:05:39  1 of 4 START sql table model twitter_kafka_pyspark_test.distinct_data .......... [RUN]
[2023-06-22T01:05:39.535+0000] {subprocess.py:93} INFO - [0m01:05:39  2 of 4 START sql table model twitter_kafka_pyspark_test.dm_events .............. [RUN]
[2023-06-22T01:05:39.537+0000] {subprocess.py:93} INFO - [0m01:05:39  3 of 4 START sql table model twitter_kafka_pyspark_test.my_first_dbt_model ..... [RUN]
[2023-06-22T01:05:42.306+0000] {subprocess.py:93} INFO - [0m01:05:42  3 of 4 OK created sql table model twitter_kafka_pyspark_test.my_first_dbt_model  [[32mCREATE TABLE (2.0 rows, 0 processed)[0m in 2.76s]
[2023-06-22T01:05:42.311+0000] {subprocess.py:93} INFO - [0m01:05:42  4 of 4 START sql view model twitter_kafka_pyspark_test.my_second_dbt_model ..... [RUN]
[2023-06-22T01:05:42.432+0000] {subprocess.py:93} INFO - [0m01:05:42  2 of 4 OK created sql table model twitter_kafka_pyspark_test.dm_events ......... [[32mCREATE TABLE (1.3k rows, 178.2 KiB processed)[0m in 2.89s]
[2023-06-22T01:05:43.159+0000] {subprocess.py:93} INFO - [0m01:05:43  4 of 4 OK created sql view model twitter_kafka_pyspark_test.my_second_dbt_model  [[32mCREATE VIEW (0 processed)[0m in 0.84s]
[2023-06-22T01:05:43.684+0000] {subprocess.py:93} INFO - [0m01:05:43  1 of 4 OK created sql table model twitter_kafka_pyspark_test.distinct_data ..... [[32mCREATE TABLE (1.1k rows, 638.3 KiB processed)[0m in 4.14s]
[2023-06-22T01:05:43.745+0000] {subprocess.py:93} INFO - [0m01:05:43
[2023-06-22T01:05:43.748+0000] {subprocess.py:93} INFO - [0m01:05:43  Finished running 3 table models, 1 view model in 0 hours 0 minutes and 5.01 seconds (5.01s).
[2023-06-22T01:05:43.778+0000] {subprocess.py:93} INFO - [0m01:05:43
[2023-06-22T01:05:43.779+0000] {subprocess.py:93} INFO - [0m01:05:43  [32mCompleted successfully[0m
[2023-06-22T01:05:43.781+0000] {subprocess.py:93} INFO - [0m01:05:43
[2023-06-22T01:05:43.782+0000] {subprocess.py:93} INFO - [0m01:05:43  Done. PASS=4 WARN=0 ERROR=0 SKIP=0 TOTAL=4
[2023-06-22T01:05:44.278+0000] {subprocess.py:97} INFO - Command exited with return code 0
[2023-06-22T01:05:44.303+0000] {taskinstance.py:1332} INFO - Marking task as SUCCESS. dag_id=showpulse_dbt_dag, task_id=dbt_run, execution_date=20230622T010432, start_date=20230622T010536, end_date=20230622T010544
[2023-06-22T01:05:44.322+0000] {local_task_job.py:212} INFO - Task exited with return code 0
[2023-06-22T01:05:44.335+0000] {taskinstance.py:2596} INFO - 0 downstream tasks scheduled from follow-on schedule check
