[2023-06-21T21:02:52.110+0000] {taskinstance.py:1090} INFO - Dependencies all met for dep_context=non-requeueable deps ti=<TaskInstance: showpulse_dbt_dag.dbt_run scheduled__2023-06-21T21:01:48.339429+00:00 [queued]>
[2023-06-21T21:02:52.117+0000] {taskinstance.py:1090} INFO - Dependencies all met for dep_context=requeueable deps ti=<TaskInstance: showpulse_dbt_dag.dbt_run scheduled__2023-06-21T21:01:48.339429+00:00 [queued]>
[2023-06-21T21:02:52.117+0000] {taskinstance.py:1288} INFO - 
--------------------------------------------------------------------------------
[2023-06-21T21:02:52.118+0000] {taskinstance.py:1289} INFO - Starting attempt 1 of 1
[2023-06-21T21:02:52.118+0000] {taskinstance.py:1290} INFO - 
--------------------------------------------------------------------------------
[2023-06-21T21:02:52.127+0000] {taskinstance.py:1309} INFO - Executing <Task(BashOperator): dbt_run> on 2023-06-21 21:01:48.339429+00:00
[2023-06-21T21:02:52.130+0000] {standard_task_runner.py:55} INFO - Started process 6296 to run task
[2023-06-21T21:02:52.133+0000] {standard_task_runner.py:82} INFO - Running: ['***', 'tasks', 'run', 'showpulse_dbt_dag', 'dbt_run', 'scheduled__2023-06-21T21:01:48.339429+00:00', '--job-id', '1014', '--raw', '--subdir', 'DAGS_FOLDER/dbt_run.py', '--cfg-path', '/tmp/tmp2k7qir05']
[2023-06-21T21:02:52.134+0000] {standard_task_runner.py:83} INFO - Job 1014: Subtask dbt_run
[2023-06-21T21:02:52.186+0000] {task_command.py:389} INFO - Running <TaskInstance: showpulse_dbt_dag.dbt_run scheduled__2023-06-21T21:01:48.339429+00:00 [running]> on host 62cfed75eae1
[2023-06-21T21:02:52.236+0000] {taskinstance.py:1518} INFO - Exporting the following env vars:
AIRFLOW_CTX_DAG_OWNER=nburkett
AIRFLOW_CTX_DAG_ID=showpulse_dbt_dag
AIRFLOW_CTX_TASK_ID=dbt_run
AIRFLOW_CTX_EXECUTION_DATE=2023-06-21T21:01:48.339429+00:00
AIRFLOW_CTX_TRY_NUMBER=1
AIRFLOW_CTX_DAG_RUN_ID=scheduled__2023-06-21T21:01:48.339429+00:00
[2023-06-21T21:02:52.237+0000] {subprocess.py:63} INFO - Tmp dir root location: 
 /tmp
[2023-06-21T21:02:52.238+0000] {subprocess.py:75} INFO - Running command: ['/bin/bash', '-c', 'cd /dbt/ticketmaster_transformation && dbt run']
[2023-06-21T21:02:52.246+0000] {subprocess.py:86} INFO - Output:
[2023-06-21T21:02:53.462+0000] {subprocess.py:93} INFO - [0m21:02:53  Running with dbt=1.5.1
[2023-06-21T21:02:53.930+0000] {subprocess.py:93} INFO - [0m21:02:53  Found 4 models, 0 tests, 0 snapshots, 0 analyses, 356 macros, 0 operations, 0 seed files, 3 sources, 0 exposures, 0 metrics, 0 groups
[2023-06-21T21:02:53.933+0000] {subprocess.py:93} INFO - [0m21:02:53
[2023-06-21T21:02:54.913+0000] {subprocess.py:93} INFO - [0m21:02:54  Concurrency: 4 threads (target='dev')
[2023-06-21T21:02:54.917+0000] {subprocess.py:93} INFO - [0m21:02:54
[2023-06-21T21:02:54.933+0000] {subprocess.py:93} INFO - [0m21:02:54  1 of 4 START sql table model twitter_kafka_pyspark_test.distinct_data .......... [RUN]
[2023-06-21T21:02:54.936+0000] {subprocess.py:93} INFO - [0m21:02:54  2 of 4 START sql table model twitter_kafka_pyspark_test.dm_events .............. [RUN]
[2023-06-21T21:02:54.938+0000] {subprocess.py:93} INFO - [0m21:02:54  3 of 4 START sql table model twitter_kafka_pyspark_test.my_first_dbt_model ..... [RUN]
[2023-06-21T21:06:48.033+0000] {subprocess.py:93} INFO - [0m21:06:48  2 of 4 OK created sql table model twitter_kafka_pyspark_test.dm_events ......... [[32mCREATE TABLE (1.3k rows, 178.2 KiB processed)[0m in 233.08s]
[2023-06-21T21:06:50.128+0000] {subprocess.py:93} INFO - [0m21:06:50  3 of 4 OK created sql table model twitter_kafka_pyspark_test.my_first_dbt_model  [[32mCREATE TABLE (2.0 rows, 0 processed)[0m in 235.18s]
[2023-06-21T21:06:50.138+0000] {subprocess.py:93} INFO - [0m21:06:50  4 of 4 START sql view model twitter_kafka_pyspark_test.my_second_dbt_model ..... [RUN]
[2023-06-21T21:06:51.290+0000] {subprocess.py:93} INFO - [0m21:06:51  4 of 4 OK created sql view model twitter_kafka_pyspark_test.my_second_dbt_model  [[32mCREATE VIEW (0 processed)[0m in 1.14s]
[2023-06-21T21:07:38.684+0000] {subprocess.py:93} INFO - [0m21:07:38  1 of 4 OK created sql table model twitter_kafka_pyspark_test.distinct_data ..... [[32mCREATE TABLE (1.1k rows, 638.3 KiB processed)[0m in 283.74s]
[2023-06-21T21:07:38.768+0000] {subprocess.py:93} INFO - [0m21:07:38
[2023-06-21T21:07:38.769+0000] {subprocess.py:93} INFO - [0m21:07:38  Finished running 3 table models, 1 view model in 0 hours 4 minutes and 44.83 seconds (284.83s).
[2023-06-21T21:07:38.802+0000] {subprocess.py:93} INFO - [0m21:07:38
[2023-06-21T21:07:38.804+0000] {subprocess.py:93} INFO - [0m21:07:38  [32mCompleted successfully[0m
[2023-06-21T21:07:38.805+0000] {subprocess.py:93} INFO - [0m21:07:38
[2023-06-21T21:07:38.806+0000] {subprocess.py:93} INFO - [0m21:07:38  Done. PASS=4 WARN=0 ERROR=0 SKIP=0 TOTAL=4
[2023-06-21T21:07:39.388+0000] {subprocess.py:97} INFO - Command exited with return code 0
[2023-06-21T21:07:39.430+0000] {taskinstance.py:1332} INFO - Marking task as SUCCESS. dag_id=showpulse_dbt_dag, task_id=dbt_run, execution_date=20230621T210148, start_date=20230621T210252, end_date=20230621T210739
[2023-06-21T21:07:39.480+0000] {local_task_job.py:212} INFO - Task exited with return code 0
[2023-06-21T21:07:39.500+0000] {taskinstance.py:2596} INFO - 0 downstream tasks scheduled from follow-on schedule check
