[2023-06-23T02:17:35.297+0000] {taskinstance.py:1090} INFO - Dependencies all met for dep_context=non-requeueable deps ti=<TaskInstance: showpulse_dbt_dag.dbt_run scheduled__2023-06-23T02:16:31.696804+00:00 [queued]>
[2023-06-23T02:17:35.305+0000] {taskinstance.py:1090} INFO - Dependencies all met for dep_context=requeueable deps ti=<TaskInstance: showpulse_dbt_dag.dbt_run scheduled__2023-06-23T02:16:31.696804+00:00 [queued]>
[2023-06-23T02:17:35.306+0000] {taskinstance.py:1288} INFO - 
--------------------------------------------------------------------------------
[2023-06-23T02:17:35.307+0000] {taskinstance.py:1289} INFO - Starting attempt 1 of 1
[2023-06-23T02:17:35.308+0000] {taskinstance.py:1290} INFO - 
--------------------------------------------------------------------------------
[2023-06-23T02:17:35.318+0000] {taskinstance.py:1309} INFO - Executing <Task(BashOperator): dbt_run> on 2023-06-23 02:16:31.696804+00:00
[2023-06-23T02:17:35.321+0000] {standard_task_runner.py:55} INFO - Started process 25490 to run task
[2023-06-23T02:17:35.325+0000] {standard_task_runner.py:82} INFO - Running: ['***', 'tasks', 'run', 'showpulse_dbt_dag', 'dbt_run', 'scheduled__2023-06-23T02:16:31.696804+00:00', '--job-id', '2738', '--raw', '--subdir', 'DAGS_FOLDER/dbt_run.py', '--cfg-path', '/tmp/tmp7dodm7jn']
[2023-06-23T02:17:35.326+0000] {standard_task_runner.py:83} INFO - Job 2738: Subtask dbt_run
[2023-06-23T02:17:35.385+0000] {task_command.py:389} INFO - Running <TaskInstance: showpulse_dbt_dag.dbt_run scheduled__2023-06-23T02:16:31.696804+00:00 [running]> on host 62cfed75eae1
[2023-06-23T02:17:35.446+0000] {taskinstance.py:1518} INFO - Exporting the following env vars:
AIRFLOW_CTX_DAG_OWNER=nburkett
AIRFLOW_CTX_DAG_ID=showpulse_dbt_dag
AIRFLOW_CTX_TASK_ID=dbt_run
AIRFLOW_CTX_EXECUTION_DATE=2023-06-23T02:16:31.696804+00:00
AIRFLOW_CTX_TRY_NUMBER=1
AIRFLOW_CTX_DAG_RUN_ID=scheduled__2023-06-23T02:16:31.696804+00:00
[2023-06-23T02:17:35.448+0000] {subprocess.py:63} INFO - Tmp dir root location: 
 /tmp
[2023-06-23T02:17:35.449+0000] {subprocess.py:75} INFO - Running command: ['/bin/bash', '-c', 'cd /dbt/ticketmaster_transformation && dbt run']
[2023-06-23T02:17:35.457+0000] {subprocess.py:86} INFO - Output:
[2023-06-23T02:17:36.906+0000] {subprocess.py:93} INFO - [0m02:17:36  Running with dbt=1.5.1
[2023-06-23T02:17:37.555+0000] {subprocess.py:93} INFO - [0m02:17:37  Found 4 models, 0 tests, 0 snapshots, 0 analyses, 356 macros, 0 operations, 0 seed files, 3 sources, 0 exposures, 0 metrics, 0 groups
[2023-06-23T02:17:37.557+0000] {subprocess.py:93} INFO - [0m02:17:37
[2023-06-23T02:17:38.156+0000] {subprocess.py:93} INFO - [0m02:17:38  Concurrency: 4 threads (target='dev')
[2023-06-23T02:17:38.158+0000] {subprocess.py:93} INFO - [0m02:17:38
[2023-06-23T02:17:38.168+0000] {subprocess.py:93} INFO - [0m02:17:38  1 of 4 START sql table model twitter_kafka_pyspark_test.distinct_data .......... [RUN]
[2023-06-23T02:17:38.171+0000] {subprocess.py:93} INFO - [0m02:17:38  3 of 4 START sql table model twitter_kafka_pyspark_test.my_first_dbt_model ..... [RUN]
[2023-06-23T02:17:38.173+0000] {subprocess.py:93} INFO - [0m02:17:38  2 of 4 START sql table model twitter_kafka_pyspark_test.dm_events .............. [RUN]
[2023-06-23T02:17:40.728+0000] {subprocess.py:93} INFO - [0m02:17:40  3 of 4 OK created sql table model twitter_kafka_pyspark_test.my_first_dbt_model  [[32mCREATE TABLE (2.0 rows, 0 processed)[0m in 2.55s]
[2023-06-23T02:17:40.734+0000] {subprocess.py:93} INFO - [0m02:17:40  4 of 4 START sql view model twitter_kafka_pyspark_test.my_second_dbt_model ..... [RUN]
[2023-06-23T02:17:40.986+0000] {subprocess.py:93} INFO - [0m02:17:40  2 of 4 OK created sql table model twitter_kafka_pyspark_test.dm_events ......... [[32mCREATE TABLE (167.0 rows, 24.0 KiB processed)[0m in 2.81s]
[2023-06-23T02:17:41.355+0000] {subprocess.py:93} INFO - [0m02:17:41  1 of 4 OK created sql table model twitter_kafka_pyspark_test.distinct_data ..... [[32mCREATE TABLE (167.0 rows, 86.6 KiB processed)[0m in 3.18s]
[2023-06-23T02:17:42.214+0000] {subprocess.py:93} INFO - [0m02:17:42  4 of 4 OK created sql view model twitter_kafka_pyspark_test.my_second_dbt_model  [[32mCREATE VIEW (0 processed)[0m in 1.48s]
[2023-06-23T02:17:42.233+0000] {subprocess.py:93} INFO - [0m02:17:42
[2023-06-23T02:17:42.235+0000] {subprocess.py:93} INFO - [0m02:17:42  Finished running 3 table models, 1 view model in 0 hours 0 minutes and 4.67 seconds (4.67s).
[2023-06-23T02:17:42.255+0000] {subprocess.py:93} INFO - [0m02:17:42
[2023-06-23T02:17:42.258+0000] {subprocess.py:93} INFO - [0m02:17:42  [32mCompleted successfully[0m
[2023-06-23T02:17:42.260+0000] {subprocess.py:93} INFO - [0m02:17:42
[2023-06-23T02:17:42.262+0000] {subprocess.py:93} INFO - [0m02:17:42  Done. PASS=4 WARN=0 ERROR=0 SKIP=0 TOTAL=4
[2023-06-23T02:17:42.789+0000] {subprocess.py:97} INFO - Command exited with return code 0
[2023-06-23T02:17:42.829+0000] {taskinstance.py:1332} INFO - Marking task as SUCCESS. dag_id=showpulse_dbt_dag, task_id=dbt_run, execution_date=20230623T021631, start_date=20230623T021735, end_date=20230623T021742
[2023-06-23T02:17:42.904+0000] {local_task_job.py:212} INFO - Task exited with return code 0
[2023-06-23T02:17:42.924+0000] {taskinstance.py:2596} INFO - 0 downstream tasks scheduled from follow-on schedule check
