[2023-06-23T01:09:35.914+0000] {taskinstance.py:1090} INFO - Dependencies all met for dep_context=non-requeueable deps ti=<TaskInstance: showpulse_dbt_dag.dbt_run scheduled__2023-06-23T01:08:31.696804+00:00 [queued]>
[2023-06-23T01:09:35.921+0000] {taskinstance.py:1090} INFO - Dependencies all met for dep_context=requeueable deps ti=<TaskInstance: showpulse_dbt_dag.dbt_run scheduled__2023-06-23T01:08:31.696804+00:00 [queued]>
[2023-06-23T01:09:35.922+0000] {taskinstance.py:1288} INFO - 
--------------------------------------------------------------------------------
[2023-06-23T01:09:35.922+0000] {taskinstance.py:1289} INFO - Starting attempt 1 of 1
[2023-06-23T01:09:35.923+0000] {taskinstance.py:1290} INFO - 
--------------------------------------------------------------------------------
[2023-06-23T01:09:35.932+0000] {taskinstance.py:1309} INFO - Executing <Task(BashOperator): dbt_run> on 2023-06-23 01:08:31.696804+00:00
[2023-06-23T01:09:35.936+0000] {standard_task_runner.py:55} INFO - Started process 22088 to run task
[2023-06-23T01:09:35.939+0000] {standard_task_runner.py:82} INFO - Running: ['***', 'tasks', 'run', 'showpulse_dbt_dag', 'dbt_run', 'scheduled__2023-06-23T01:08:31.696804+00:00', '--job-id', '2466', '--raw', '--subdir', 'DAGS_FOLDER/dbt_run.py', '--cfg-path', '/tmp/tmpl4lmz_eu']
[2023-06-23T01:09:35.940+0000] {standard_task_runner.py:83} INFO - Job 2466: Subtask dbt_run
[2023-06-23T01:09:35.998+0000] {task_command.py:389} INFO - Running <TaskInstance: showpulse_dbt_dag.dbt_run scheduled__2023-06-23T01:08:31.696804+00:00 [running]> on host 62cfed75eae1
[2023-06-23T01:09:36.059+0000] {taskinstance.py:1518} INFO - Exporting the following env vars:
AIRFLOW_CTX_DAG_OWNER=nburkett
AIRFLOW_CTX_DAG_ID=showpulse_dbt_dag
AIRFLOW_CTX_TASK_ID=dbt_run
AIRFLOW_CTX_EXECUTION_DATE=2023-06-23T01:08:31.696804+00:00
AIRFLOW_CTX_TRY_NUMBER=1
AIRFLOW_CTX_DAG_RUN_ID=scheduled__2023-06-23T01:08:31.696804+00:00
[2023-06-23T01:09:36.063+0000] {subprocess.py:63} INFO - Tmp dir root location: 
 /tmp
[2023-06-23T01:09:36.064+0000] {subprocess.py:75} INFO - Running command: ['/bin/bash', '-c', 'cd /dbt/ticketmaster_transformation && dbt run']
[2023-06-23T01:09:36.074+0000] {subprocess.py:86} INFO - Output:
[2023-06-23T01:09:37.429+0000] {subprocess.py:93} INFO - [0m01:09:37  Running with dbt=1.5.1
[2023-06-23T01:09:37.940+0000] {subprocess.py:93} INFO - [0m01:09:37  Found 4 models, 0 tests, 0 snapshots, 0 analyses, 356 macros, 0 operations, 0 seed files, 3 sources, 0 exposures, 0 metrics, 0 groups
[2023-06-23T01:09:37.943+0000] {subprocess.py:93} INFO - [0m01:09:37
[2023-06-23T01:09:38.769+0000] {subprocess.py:93} INFO - [0m01:09:38  Concurrency: 4 threads (target='dev')
[2023-06-23T01:09:38.772+0000] {subprocess.py:93} INFO - [0m01:09:38
[2023-06-23T01:09:38.789+0000] {subprocess.py:93} INFO - [0m01:09:38  1 of 4 START sql table model twitter_kafka_pyspark_test.distinct_data .......... [RUN]
[2023-06-23T01:09:38.792+0000] {subprocess.py:93} INFO - [0m01:09:38  2 of 4 START sql table model twitter_kafka_pyspark_test.dm_events .............. [RUN]
[2023-06-23T01:09:38.795+0000] {subprocess.py:93} INFO - [0m01:09:38  3 of 4 START sql table model twitter_kafka_pyspark_test.my_first_dbt_model ..... [RUN]
[2023-06-23T01:09:41.677+0000] {subprocess.py:93} INFO - [0m01:09:41  3 of 4 OK created sql table model twitter_kafka_pyspark_test.my_first_dbt_model  [[32mCREATE TABLE (2.0 rows, 0 processed)[0m in 2.87s]
[2023-06-23T01:09:41.680+0000] {subprocess.py:93} INFO - [0m01:09:41  1 of 4 OK created sql table model twitter_kafka_pyspark_test.distinct_data ..... [[32mCREATE TABLE (1.1k rows, 663.4 KiB processed)[0m in 2.88s]
[2023-06-23T01:09:41.685+0000] {subprocess.py:93} INFO - [0m01:09:41  2 of 4 OK created sql table model twitter_kafka_pyspark_test.dm_events ......... [[32mCREATE TABLE (1.4k rows, 186.0 KiB processed)[0m in 2.88s]
[2023-06-23T01:09:41.693+0000] {subprocess.py:93} INFO - [0m01:09:41  4 of 4 START sql view model twitter_kafka_pyspark_test.my_second_dbt_model ..... [RUN]
[2023-06-23T01:09:42.682+0000] {subprocess.py:93} INFO - [0m01:09:42  4 of 4 OK created sql view model twitter_kafka_pyspark_test.my_second_dbt_model  [[32mCREATE VIEW (0 processed)[0m in 0.98s]
[2023-06-23T01:09:42.795+0000] {subprocess.py:93} INFO - [0m01:09:42
[2023-06-23T01:09:42.797+0000] {subprocess.py:93} INFO - [0m01:09:42  Finished running 3 table models, 1 view model in 0 hours 0 minutes and 4.85 seconds (4.85s).
[2023-06-23T01:09:42.815+0000] {subprocess.py:93} INFO - [0m01:09:42
[2023-06-23T01:09:42.817+0000] {subprocess.py:93} INFO - [0m01:09:42  [32mCompleted successfully[0m
[2023-06-23T01:09:42.819+0000] {subprocess.py:93} INFO - [0m01:09:42
[2023-06-23T01:09:42.820+0000] {subprocess.py:93} INFO - [0m01:09:42  Done. PASS=4 WARN=0 ERROR=0 SKIP=0 TOTAL=4
[2023-06-23T01:09:43.250+0000] {subprocess.py:97} INFO - Command exited with return code 0
[2023-06-23T01:09:43.278+0000] {taskinstance.py:1332} INFO - Marking task as SUCCESS. dag_id=showpulse_dbt_dag, task_id=dbt_run, execution_date=20230623T010831, start_date=20230623T010935, end_date=20230623T010943
[2023-06-23T01:09:43.312+0000] {local_task_job.py:212} INFO - Task exited with return code 0
[2023-06-23T01:09:43.329+0000] {taskinstance.py:2596} INFO - 0 downstream tasks scheduled from follow-on schedule check
