[2023-06-22T17:56:43.386+0000] {taskinstance.py:1090} INFO - Dependencies all met for dep_context=non-requeueable deps ti=<TaskInstance: showpulse_dbt_dag.dbt_run scheduled__2023-06-22T17:36:16.110272+00:00 [queued]>
[2023-06-22T17:56:43.392+0000] {taskinstance.py:1090} INFO - Dependencies all met for dep_context=requeueable deps ti=<TaskInstance: showpulse_dbt_dag.dbt_run scheduled__2023-06-22T17:36:16.110272+00:00 [queued]>
[2023-06-22T17:56:43.392+0000] {taskinstance.py:1288} INFO - 
--------------------------------------------------------------------------------
[2023-06-22T17:56:43.393+0000] {taskinstance.py:1289} INFO - Starting attempt 1 of 1
[2023-06-22T17:56:43.393+0000] {taskinstance.py:1290} INFO - 
--------------------------------------------------------------------------------
[2023-06-22T17:56:43.400+0000] {taskinstance.py:1309} INFO - Executing <Task(BashOperator): dbt_run> on 2023-06-22 17:36:16.110272+00:00
[2023-06-22T17:56:43.404+0000] {standard_task_runner.py:55} INFO - Started process 17173 to run task
[2023-06-22T17:56:43.407+0000] {standard_task_runner.py:82} INFO - Running: ['***', 'tasks', 'run', 'showpulse_dbt_dag', 'dbt_run', 'scheduled__2023-06-22T17:36:16.110272+00:00', '--job-id', '1986', '--raw', '--subdir', 'DAGS_FOLDER/dbt_run.py', '--cfg-path', '/tmp/tmpkd8r7ws1']
[2023-06-22T17:56:43.408+0000] {standard_task_runner.py:83} INFO - Job 1986: Subtask dbt_run
[2023-06-22T17:56:43.472+0000] {task_command.py:389} INFO - Running <TaskInstance: showpulse_dbt_dag.dbt_run scheduled__2023-06-22T17:36:16.110272+00:00 [running]> on host 62cfed75eae1
[2023-06-22T17:56:43.559+0000] {taskinstance.py:1518} INFO - Exporting the following env vars:
AIRFLOW_CTX_DAG_OWNER=nburkett
AIRFLOW_CTX_DAG_ID=showpulse_dbt_dag
AIRFLOW_CTX_TASK_ID=dbt_run
AIRFLOW_CTX_EXECUTION_DATE=2023-06-22T17:36:16.110272+00:00
AIRFLOW_CTX_TRY_NUMBER=1
AIRFLOW_CTX_DAG_RUN_ID=scheduled__2023-06-22T17:36:16.110272+00:00
[2023-06-22T17:56:43.561+0000] {subprocess.py:63} INFO - Tmp dir root location: 
 /tmp
[2023-06-22T17:56:43.562+0000] {subprocess.py:75} INFO - Running command: ['/bin/bash', '-c', 'cd /dbt/ticketmaster_transformation && dbt run']
[2023-06-22T17:56:43.572+0000] {subprocess.py:86} INFO - Output:
[2023-06-22T17:56:45.322+0000] {subprocess.py:93} INFO - [0m17:56:45  Running with dbt=1.5.1
[2023-06-22T17:56:45.837+0000] {subprocess.py:93} INFO - [0m17:56:45  Found 4 models, 0 tests, 0 snapshots, 0 analyses, 356 macros, 0 operations, 0 seed files, 3 sources, 0 exposures, 0 metrics, 0 groups
[2023-06-22T17:56:45.839+0000] {subprocess.py:93} INFO - [0m17:56:45
[2023-06-22T17:56:46.502+0000] {subprocess.py:93} INFO - [0m17:56:46  Concurrency: 4 threads (target='dev')
[2023-06-22T17:56:46.504+0000] {subprocess.py:93} INFO - [0m17:56:46
[2023-06-22T17:56:46.514+0000] {subprocess.py:93} INFO - [0m17:56:46  1 of 4 START sql table model twitter_kafka_pyspark_test.distinct_data .......... [RUN]
[2023-06-22T17:56:46.515+0000] {subprocess.py:93} INFO - [0m17:56:46  2 of 4 START sql table model twitter_kafka_pyspark_test.dm_events .............. [RUN]
[2023-06-22T17:56:46.517+0000] {subprocess.py:93} INFO - [0m17:56:46  3 of 4 START sql table model twitter_kafka_pyspark_test.my_first_dbt_model ..... [RUN]
[2023-06-22T17:56:52.501+0000] {subprocess.py:93} INFO - [0m17:56:52  3 of 4 OK created sql table model twitter_kafka_pyspark_test.my_first_dbt_model  [[32mCREATE TABLE (2.0 rows, 0 processed)[0m in 5.98s]
[2023-06-22T17:56:52.509+0000] {subprocess.py:93} INFO - [0m17:56:52  4 of 4 START sql view model twitter_kafka_pyspark_test.my_second_dbt_model ..... [RUN]
[2023-06-22T17:56:52.525+0000] {subprocess.py:93} INFO - [0m17:56:52  1 of 4 OK created sql table model twitter_kafka_pyspark_test.distinct_data ..... [[32mCREATE TABLE (1.1k rows, 638.3 KiB processed)[0m in 6.00s]
[2023-06-22T17:56:53.273+0000] {subprocess.py:93} INFO - [0m17:56:53  4 of 4 OK created sql view model twitter_kafka_pyspark_test.my_second_dbt_model  [[32mCREATE VIEW (0 processed)[0m in 0.76s]
[2023-06-22T17:56:54.593+0000] {subprocess.py:93} INFO - [0m17:56:54  2 of 4 OK created sql table model twitter_kafka_pyspark_test.dm_events ......... [[32mCREATE TABLE (1.3k rows, 178.2 KiB processed)[0m in 8.07s]
[2023-06-22T17:56:54.687+0000] {subprocess.py:93} INFO - [0m17:56:54
[2023-06-22T17:56:54.690+0000] {subprocess.py:93} INFO - [0m17:56:54  Finished running 3 table models, 1 view model in 0 hours 0 minutes and 8.85 seconds (8.85s).
[2023-06-22T17:56:54.727+0000] {subprocess.py:93} INFO - [0m17:56:54
[2023-06-22T17:56:54.729+0000] {subprocess.py:93} INFO - [0m17:56:54  [32mCompleted successfully[0m
[2023-06-22T17:56:54.730+0000] {subprocess.py:93} INFO - [0m17:56:54
[2023-06-22T17:56:54.731+0000] {subprocess.py:93} INFO - [0m17:56:54  Done. PASS=4 WARN=0 ERROR=0 SKIP=0 TOTAL=4
[2023-06-22T17:56:55.182+0000] {subprocess.py:97} INFO - Command exited with return code 0
[2023-06-22T17:56:55.215+0000] {taskinstance.py:1332} INFO - Marking task as SUCCESS. dag_id=showpulse_dbt_dag, task_id=dbt_run, execution_date=20230622T173616, start_date=20230622T175643, end_date=20230622T175655
[2023-06-22T17:56:55.283+0000] {local_task_job.py:212} INFO - Task exited with return code 0
[2023-06-22T17:56:55.300+0000] {taskinstance.py:2596} INFO - 0 downstream tasks scheduled from follow-on schedule check
