[2023-06-22T05:45:06.843+0000] {taskinstance.py:1090} INFO - Dependencies all met for dep_context=non-requeueable deps ti=<TaskInstance: showpulse_dbt_dag.dbt_run scheduled__2023-06-22T05:03:44.726095+00:00 [queued]>
[2023-06-22T05:45:06.851+0000] {taskinstance.py:1090} INFO - Dependencies all met for dep_context=requeueable deps ti=<TaskInstance: showpulse_dbt_dag.dbt_run scheduled__2023-06-22T05:03:44.726095+00:00 [queued]>
[2023-06-22T05:45:06.851+0000] {taskinstance.py:1288} INFO - 
--------------------------------------------------------------------------------
[2023-06-22T05:45:06.852+0000] {taskinstance.py:1289} INFO - Starting attempt 1 of 1
[2023-06-22T05:45:06.852+0000] {taskinstance.py:1290} INFO - 
--------------------------------------------------------------------------------
[2023-06-22T05:45:06.861+0000] {taskinstance.py:1309} INFO - Executing <Task(BashOperator): dbt_run> on 2023-06-22 05:03:44.726095+00:00
[2023-06-22T05:45:06.865+0000] {standard_task_runner.py:55} INFO - Started process 15618 to run task
[2023-06-22T05:45:06.868+0000] {standard_task_runner.py:82} INFO - Running: ['***', 'tasks', 'run', 'showpulse_dbt_dag', 'dbt_run', 'scheduled__2023-06-22T05:03:44.726095+00:00', '--job-id', '1814', '--raw', '--subdir', 'DAGS_FOLDER/dbt_run.py', '--cfg-path', '/tmp/tmpm40xm8im']
[2023-06-22T05:45:06.869+0000] {standard_task_runner.py:83} INFO - Job 1814: Subtask dbt_run
[2023-06-22T05:45:06.926+0000] {task_command.py:389} INFO - Running <TaskInstance: showpulse_dbt_dag.dbt_run scheduled__2023-06-22T05:03:44.726095+00:00 [running]> on host 62cfed75eae1
[2023-06-22T05:45:06.981+0000] {taskinstance.py:1518} INFO - Exporting the following env vars:
AIRFLOW_CTX_DAG_OWNER=nburkett
AIRFLOW_CTX_DAG_ID=showpulse_dbt_dag
AIRFLOW_CTX_TASK_ID=dbt_run
AIRFLOW_CTX_EXECUTION_DATE=2023-06-22T05:03:44.726095+00:00
AIRFLOW_CTX_TRY_NUMBER=1
AIRFLOW_CTX_DAG_RUN_ID=scheduled__2023-06-22T05:03:44.726095+00:00
[2023-06-22T05:45:06.982+0000] {subprocess.py:63} INFO - Tmp dir root location: 
 /tmp
[2023-06-22T05:45:06.983+0000] {subprocess.py:75} INFO - Running command: ['/bin/bash', '-c', 'cd /dbt/ticketmaster_transformation && dbt run']
[2023-06-22T05:45:06.991+0000] {subprocess.py:86} INFO - Output:
[2023-06-22T05:45:08.885+0000] {subprocess.py:93} INFO - [0m05:45:08  Running with dbt=1.5.1
[2023-06-22T05:45:09.383+0000] {subprocess.py:93} INFO - [0m05:45:09  Found 4 models, 0 tests, 0 snapshots, 0 analyses, 356 macros, 0 operations, 0 seed files, 3 sources, 0 exposures, 0 metrics, 0 groups
[2023-06-22T05:45:09.386+0000] {subprocess.py:93} INFO - [0m05:45:09
[2023-06-22T05:45:10.184+0000] {subprocess.py:93} INFO - [0m05:45:10  Concurrency: 4 threads (target='dev')
[2023-06-22T05:45:10.187+0000] {subprocess.py:93} INFO - [0m05:45:10
[2023-06-22T05:45:10.203+0000] {subprocess.py:93} INFO - [0m05:45:10  1 of 4 START sql table model twitter_kafka_pyspark_test.distinct_data .......... [RUN]
[2023-06-22T05:45:10.205+0000] {subprocess.py:93} INFO - [0m05:45:10  2 of 4 START sql table model twitter_kafka_pyspark_test.dm_events .............. [RUN]
[2023-06-22T05:45:10.208+0000] {subprocess.py:93} INFO - [0m05:45:10  3 of 4 START sql table model twitter_kafka_pyspark_test.my_first_dbt_model ..... [RUN]
[2023-06-22T05:45:13.160+0000] {subprocess.py:93} INFO - [0m05:45:13  2 of 4 OK created sql table model twitter_kafka_pyspark_test.dm_events ......... [[32mCREATE TABLE (1.3k rows, 178.2 KiB processed)[0m in 2.95s]
[2023-06-22T05:45:13.315+0000] {subprocess.py:93} INFO - [0m05:45:13  1 of 4 OK created sql table model twitter_kafka_pyspark_test.distinct_data ..... [[32mCREATE TABLE (1.1k rows, 638.3 KiB processed)[0m in 3.10s]
[2023-06-22T05:45:13.464+0000] {subprocess.py:93} INFO - [0m05:45:13  3 of 4 OK created sql table model twitter_kafka_pyspark_test.my_first_dbt_model  [[32mCREATE TABLE (2.0 rows, 0 processed)[0m in 3.25s]
[2023-06-22T05:45:13.474+0000] {subprocess.py:93} INFO - [0m05:45:13  4 of 4 START sql view model twitter_kafka_pyspark_test.my_second_dbt_model ..... [RUN]
[2023-06-22T05:45:14.513+0000] {subprocess.py:93} INFO - [0m05:45:14  4 of 4 OK created sql view model twitter_kafka_pyspark_test.my_second_dbt_model  [[32mCREATE VIEW (0 processed)[0m in 1.03s]
[2023-06-22T05:45:14.588+0000] {subprocess.py:93} INFO - [0m05:45:14
[2023-06-22T05:45:14.591+0000] {subprocess.py:93} INFO - [0m05:45:14  Finished running 3 table models, 1 view model in 0 hours 0 minutes and 5.20 seconds (5.20s).
[2023-06-22T05:45:14.623+0000] {subprocess.py:93} INFO - [0m05:45:14
[2023-06-22T05:45:14.624+0000] {subprocess.py:93} INFO - [0m05:45:14  [32mCompleted successfully[0m
[2023-06-22T05:45:14.626+0000] {subprocess.py:93} INFO - [0m05:45:14
[2023-06-22T05:45:14.627+0000] {subprocess.py:93} INFO - [0m05:45:14  Done. PASS=4 WARN=0 ERROR=0 SKIP=0 TOTAL=4
[2023-06-22T05:45:15.068+0000] {subprocess.py:97} INFO - Command exited with return code 0
[2023-06-22T05:45:15.095+0000] {taskinstance.py:1332} INFO - Marking task as SUCCESS. dag_id=showpulse_dbt_dag, task_id=dbt_run, execution_date=20230622T050344, start_date=20230622T054506, end_date=20230622T054515
[2023-06-22T05:45:15.158+0000] {local_task_job.py:212} INFO - Task exited with return code 0
[2023-06-22T05:45:15.174+0000] {taskinstance.py:2596} INFO - 0 downstream tasks scheduled from follow-on schedule check
