[2023-06-22T23:55:25.298+0000] {taskinstance.py:1090} INFO - Dependencies all met for dep_context=non-requeueable deps ti=<TaskInstance: showpulse_dbt_dag.dbt_run scheduled__2023-06-22T23:54:20.707051+00:00 [queued]>
[2023-06-22T23:55:25.304+0000] {taskinstance.py:1090} INFO - Dependencies all met for dep_context=requeueable deps ti=<TaskInstance: showpulse_dbt_dag.dbt_run scheduled__2023-06-22T23:54:20.707051+00:00 [queued]>
[2023-06-22T23:55:25.304+0000] {taskinstance.py:1288} INFO - 
--------------------------------------------------------------------------------
[2023-06-22T23:55:25.305+0000] {taskinstance.py:1289} INFO - Starting attempt 1 of 1
[2023-06-22T23:55:25.305+0000] {taskinstance.py:1290} INFO - 
--------------------------------------------------------------------------------
[2023-06-22T23:55:25.313+0000] {taskinstance.py:1309} INFO - Executing <Task(BashOperator): dbt_run> on 2023-06-22 23:54:20.707051+00:00
[2023-06-22T23:55:25.317+0000] {standard_task_runner.py:55} INFO - Started process 19624 to run task
[2023-06-22T23:55:25.320+0000] {standard_task_runner.py:82} INFO - Running: ['***', 'tasks', 'run', 'showpulse_dbt_dag', 'dbt_run', 'scheduled__2023-06-22T23:54:20.707051+00:00', '--job-id', '2258', '--raw', '--subdir', 'DAGS_FOLDER/dbt_run.py', '--cfg-path', '/tmp/tmpf1dghhlq']
[2023-06-22T23:55:25.321+0000] {standard_task_runner.py:83} INFO - Job 2258: Subtask dbt_run
[2023-06-22T23:55:25.374+0000] {task_command.py:389} INFO - Running <TaskInstance: showpulse_dbt_dag.dbt_run scheduled__2023-06-22T23:54:20.707051+00:00 [running]> on host 62cfed75eae1
[2023-06-22T23:55:25.424+0000] {taskinstance.py:1518} INFO - Exporting the following env vars:
AIRFLOW_CTX_DAG_OWNER=nburkett
AIRFLOW_CTX_DAG_ID=showpulse_dbt_dag
AIRFLOW_CTX_TASK_ID=dbt_run
AIRFLOW_CTX_EXECUTION_DATE=2023-06-22T23:54:20.707051+00:00
AIRFLOW_CTX_TRY_NUMBER=1
AIRFLOW_CTX_DAG_RUN_ID=scheduled__2023-06-22T23:54:20.707051+00:00
[2023-06-22T23:55:25.425+0000] {subprocess.py:63} INFO - Tmp dir root location: 
 /tmp
[2023-06-22T23:55:25.426+0000] {subprocess.py:75} INFO - Running command: ['/bin/bash', '-c', 'cd /dbt/ticketmaster_transformation && dbt run']
[2023-06-22T23:55:25.435+0000] {subprocess.py:86} INFO - Output:
[2023-06-22T23:55:26.698+0000] {subprocess.py:93} INFO - [0m23:55:26  Running with dbt=1.5.1
[2023-06-22T23:55:27.197+0000] {subprocess.py:93} INFO - [0m23:55:27  Found 4 models, 0 tests, 0 snapshots, 0 analyses, 356 macros, 0 operations, 0 seed files, 3 sources, 0 exposures, 0 metrics, 0 groups
[2023-06-22T23:55:27.200+0000] {subprocess.py:93} INFO - [0m23:55:27
[2023-06-22T23:55:27.998+0000] {subprocess.py:93} INFO - [0m23:55:27  Concurrency: 4 threads (target='dev')
[2023-06-22T23:55:28.000+0000] {subprocess.py:93} INFO - [0m23:55:28
[2023-06-22T23:55:28.010+0000] {subprocess.py:93} INFO - [0m23:55:28  1 of 4 START sql table model twitter_kafka_pyspark_test.distinct_data .......... [RUN]
[2023-06-22T23:55:28.011+0000] {subprocess.py:93} INFO - [0m23:55:28  2 of 4 START sql table model twitter_kafka_pyspark_test.dm_events .............. [RUN]
[2023-06-22T23:55:28.013+0000] {subprocess.py:93} INFO - [0m23:55:28  3 of 4 START sql table model twitter_kafka_pyspark_test.my_first_dbt_model ..... [RUN]
[2023-06-22T23:55:30.518+0000] {subprocess.py:93} INFO - [0m23:55:30  3 of 4 OK created sql table model twitter_kafka_pyspark_test.my_first_dbt_model  [[32mCREATE TABLE (2.0 rows, 0 processed)[0m in 2.50s]
[2023-06-22T23:55:30.524+0000] {subprocess.py:93} INFO - [0m23:55:30  4 of 4 START sql view model twitter_kafka_pyspark_test.my_second_dbt_model ..... [RUN]
[2023-06-22T23:55:30.566+0000] {subprocess.py:93} INFO - [0m23:55:30  2 of 4 OK created sql table model twitter_kafka_pyspark_test.dm_events ......... [[32mCREATE TABLE (1.3k rows, 178.2 KiB processed)[0m in 2.55s]
[2023-06-22T23:55:30.873+0000] {subprocess.py:93} INFO - [0m23:55:30  1 of 4 OK created sql table model twitter_kafka_pyspark_test.distinct_data ..... [[32mCREATE TABLE (1.1k rows, 638.3 KiB processed)[0m in 2.86s]
[2023-06-22T23:55:31.411+0000] {subprocess.py:93} INFO - [0m23:55:31  4 of 4 OK created sql view model twitter_kafka_pyspark_test.my_second_dbt_model  [[32mCREATE VIEW (0 processed)[0m in 0.88s]
[2023-06-22T23:55:31.516+0000] {subprocess.py:93} INFO - [0m23:55:31
[2023-06-22T23:55:31.517+0000] {subprocess.py:93} INFO - [0m23:55:31  Finished running 3 table models, 1 view model in 0 hours 0 minutes and 4.32 seconds (4.32s).
[2023-06-22T23:55:31.535+0000] {subprocess.py:93} INFO - [0m23:55:31
[2023-06-22T23:55:31.536+0000] {subprocess.py:93} INFO - [0m23:55:31  [32mCompleted successfully[0m
[2023-06-22T23:55:31.537+0000] {subprocess.py:93} INFO - [0m23:55:31
[2023-06-22T23:55:31.538+0000] {subprocess.py:93} INFO - [0m23:55:31  Done. PASS=4 WARN=0 ERROR=0 SKIP=0 TOTAL=4
[2023-06-22T23:55:32.386+0000] {subprocess.py:97} INFO - Command exited with return code 0
[2023-06-22T23:55:32.410+0000] {taskinstance.py:1332} INFO - Marking task as SUCCESS. dag_id=showpulse_dbt_dag, task_id=dbt_run, execution_date=20230622T235420, start_date=20230622T235525, end_date=20230622T235532
[2023-06-22T23:55:32.463+0000] {local_task_job.py:212} INFO - Task exited with return code 0
[2023-06-22T23:55:32.479+0000] {taskinstance.py:2596} INFO - 0 downstream tasks scheduled from follow-on schedule check
