[2023-05-13T21:33:06.640+0000] {taskinstance.py:1090} INFO - Dependencies all met for dep_context=non-requeueable deps ti=<TaskInstance: ny_taxi_local.create_directory.create_directory manual__2023-05-13T21:33:05.646777+00:00 [queued]>
[2023-05-13T21:33:06.651+0000] {taskinstance.py:1090} INFO - Dependencies all met for dep_context=requeueable deps ti=<TaskInstance: ny_taxi_local.create_directory.create_directory manual__2023-05-13T21:33:05.646777+00:00 [queued]>
[2023-05-13T21:33:06.652+0000] {taskinstance.py:1288} INFO - 
--------------------------------------------------------------------------------
[2023-05-13T21:33:06.653+0000] {taskinstance.py:1289} INFO - Starting attempt 1 of 1
[2023-05-13T21:33:06.653+0000] {taskinstance.py:1290} INFO - 
--------------------------------------------------------------------------------
[2023-05-13T21:33:06.664+0000] {taskinstance.py:1309} INFO - Executing <Task(_PythonDecoratedOperator): create_directory.create_directory> on 2023-05-13 21:33:05.646777+00:00
[2023-05-13T21:33:06.670+0000] {standard_task_runner.py:55} INFO - Started process 1261 to run task
[2023-05-13T21:33:06.675+0000] {standard_task_runner.py:82} INFO - Running: ['***', 'tasks', 'run', 'ny_taxi_local', 'create_directory.create_directory', 'manual__2023-05-13T21:33:05.646777+00:00', '--job-id', '34', '--raw', '--subdir', 'DAGS_FOLDER/fetch_and_upload.py', '--cfg-path', '/tmp/tmp1ch_cke_']
[2023-05-13T21:33:06.678+0000] {standard_task_runner.py:83} INFO - Job 34: Subtask create_directory.create_directory
[2023-05-13T21:33:06.752+0000] {task_command.py:389} INFO - Running <TaskInstance: ny_taxi_local.create_directory.create_directory manual__2023-05-13T21:33:05.646777+00:00 [running]> on host fdfc81637e26
[2023-05-13T21:33:06.823+0000] {taskinstance.py:1518} INFO - Exporting the following env vars:
AIRFLOW_CTX_DAG_OWNER=***
AIRFLOW_CTX_DAG_ID=ny_taxi_local
AIRFLOW_CTX_TASK_ID=create_directory.create_directory
AIRFLOW_CTX_EXECUTION_DATE=2023-05-13T21:33:05.646777+00:00
AIRFLOW_CTX_TRY_NUMBER=1
AIRFLOW_CTX_DAG_RUN_ID=manual__2023-05-13T21:33:05.646777+00:00
[2023-05-13T21:33:06.825+0000] {logging_mixin.py:137} INFO - Directory /opt/*** already exists.
[2023-05-13T21:33:06.825+0000] {python.py:177} INFO - Done. Returned value was: None
[2023-05-13T21:33:06.836+0000] {taskinstance.py:1332} INFO - Marking task as SUCCESS. dag_id=ny_taxi_local, task_id=create_directory.create_directory, execution_date=20230513T213305, start_date=20230513T213306, end_date=20230513T213306
[2023-05-13T21:33:06.890+0000] {local_task_job.py:212} INFO - Task exited with return code 0
[2023-05-13T21:33:06.909+0000] {taskinstance.py:2596} INFO - 1 downstream tasks scheduled from follow-on schedule check
