[2023-06-23T02:09:32.891+0000] {taskinstance.py:1090} INFO - Dependencies all met for dep_context=non-requeueable deps ti=<TaskInstance: showpulse_dbt_dag.pwd1 scheduled__2023-06-23T02:08:31.696804+00:00 [queued]>
[2023-06-23T02:09:32.906+0000] {taskinstance.py:1090} INFO - Dependencies all met for dep_context=requeueable deps ti=<TaskInstance: showpulse_dbt_dag.pwd1 scheduled__2023-06-23T02:08:31.696804+00:00 [queued]>
[2023-06-23T02:09:32.907+0000] {taskinstance.py:1288} INFO - 
--------------------------------------------------------------------------------
[2023-06-23T02:09:32.908+0000] {taskinstance.py:1289} INFO - Starting attempt 1 of 1
[2023-06-23T02:09:32.911+0000] {taskinstance.py:1290} INFO - 
--------------------------------------------------------------------------------
[2023-06-23T02:09:32.947+0000] {taskinstance.py:1309} INFO - Executing <Task(BashOperator): pwd1> on 2023-06-23 02:08:31.696804+00:00
[2023-06-23T02:09:32.954+0000] {standard_task_runner.py:55} INFO - Started process 25084 to run task
[2023-06-23T02:09:32.958+0000] {standard_task_runner.py:82} INFO - Running: ['***', 'tasks', 'run', 'showpulse_dbt_dag', 'pwd1', 'scheduled__2023-06-23T02:08:31.696804+00:00', '--job-id', '2703', '--raw', '--subdir', 'DAGS_FOLDER/dbt_run.py', '--cfg-path', '/tmp/tmp7wujnaqk']
[2023-06-23T02:09:32.963+0000] {standard_task_runner.py:83} INFO - Job 2703: Subtask pwd1
[2023-06-23T02:09:33.161+0000] {task_command.py:389} INFO - Running <TaskInstance: showpulse_dbt_dag.pwd1 scheduled__2023-06-23T02:08:31.696804+00:00 [running]> on host 62cfed75eae1
[2023-06-23T02:09:33.292+0000] {taskinstance.py:1518} INFO - Exporting the following env vars:
AIRFLOW_CTX_DAG_OWNER=nburkett
AIRFLOW_CTX_DAG_ID=showpulse_dbt_dag
AIRFLOW_CTX_TASK_ID=pwd1
AIRFLOW_CTX_EXECUTION_DATE=2023-06-23T02:08:31.696804+00:00
AIRFLOW_CTX_TRY_NUMBER=1
AIRFLOW_CTX_DAG_RUN_ID=scheduled__2023-06-23T02:08:31.696804+00:00
[2023-06-23T02:09:33.299+0000] {subprocess.py:63} INFO - Tmp dir root location: 
 /tmp
[2023-06-23T02:09:33.301+0000] {subprocess.py:75} INFO - Running command: ['/bin/bash', '-c', 'pwd && ls']
[2023-06-23T02:09:33.318+0000] {subprocess.py:86} INFO - Output:
[2023-06-23T02:09:33.322+0000] {subprocess.py:93} INFO - /tmp/***tmpc0epwgg_
[2023-06-23T02:09:33.326+0000] {subprocess.py:97} INFO - Command exited with return code 0
[2023-06-23T02:09:33.372+0000] {taskinstance.py:1332} INFO - Marking task as SUCCESS. dag_id=showpulse_dbt_dag, task_id=pwd1, execution_date=20230623T020831, start_date=20230623T020932, end_date=20230623T020933
[2023-06-23T02:09:33.425+0000] {local_task_job.py:212} INFO - Task exited with return code 0
[2023-06-23T02:09:33.466+0000] {taskinstance.py:2596} INFO - 1 downstream tasks scheduled from follow-on schedule check
