[2023-06-22T15:31:36.106+0000] {taskinstance.py:1090} INFO - Dependencies all met for dep_context=non-requeueable deps ti=<TaskInstance: showpulse_dbt_dag.dbt_change_dir scheduled__2023-06-22T15:30:34.312677+00:00 [queued]>
[2023-06-22T15:31:36.113+0000] {taskinstance.py:1090} INFO - Dependencies all met for dep_context=requeueable deps ti=<TaskInstance: showpulse_dbt_dag.dbt_change_dir scheduled__2023-06-22T15:30:34.312677+00:00 [queued]>
[2023-06-22T15:31:36.114+0000] {taskinstance.py:1288} INFO - 
--------------------------------------------------------------------------------
[2023-06-22T15:31:36.115+0000] {taskinstance.py:1289} INFO - Starting attempt 1 of 1
[2023-06-22T15:31:36.115+0000] {taskinstance.py:1290} INFO - 
--------------------------------------------------------------------------------
[2023-06-22T15:31:36.123+0000] {taskinstance.py:1309} INFO - Executing <Task(BashOperator): dbt_change_dir> on 2023-06-22 15:30:34.312677+00:00
[2023-06-22T15:31:36.126+0000] {standard_task_runner.py:55} INFO - Started process 16686 to run task
[2023-06-22T15:31:36.129+0000] {standard_task_runner.py:82} INFO - Running: ['***', 'tasks', 'run', 'showpulse_dbt_dag', 'dbt_change_dir', 'scheduled__2023-06-22T15:30:34.312677+00:00', '--job-id', '1928', '--raw', '--subdir', 'DAGS_FOLDER/dbt_run.py', '--cfg-path', '/tmp/tmpuu9spi0d']
[2023-06-22T15:31:36.130+0000] {standard_task_runner.py:83} INFO - Job 1928: Subtask dbt_change_dir
[2023-06-22T15:31:36.185+0000] {task_command.py:389} INFO - Running <TaskInstance: showpulse_dbt_dag.dbt_change_dir scheduled__2023-06-22T15:30:34.312677+00:00 [running]> on host 62cfed75eae1
[2023-06-22T15:31:36.236+0000] {taskinstance.py:1518} INFO - Exporting the following env vars:
AIRFLOW_CTX_DAG_OWNER=nburkett
AIRFLOW_CTX_DAG_ID=showpulse_dbt_dag
AIRFLOW_CTX_TASK_ID=dbt_change_dir
AIRFLOW_CTX_EXECUTION_DATE=2023-06-22T15:30:34.312677+00:00
AIRFLOW_CTX_TRY_NUMBER=1
AIRFLOW_CTX_DAG_RUN_ID=scheduled__2023-06-22T15:30:34.312677+00:00
[2023-06-22T15:31:36.237+0000] {subprocess.py:63} INFO - Tmp dir root location: 
 /tmp
[2023-06-22T15:31:36.238+0000] {subprocess.py:75} INFO - Running command: ['/bin/bash', '-c', 'cd /dbt/ticketmaster_transformation']
[2023-06-22T15:31:36.246+0000] {subprocess.py:86} INFO - Output:
[2023-06-22T15:31:36.248+0000] {subprocess.py:97} INFO - Command exited with return code 0
[2023-06-22T15:31:36.269+0000] {taskinstance.py:1332} INFO - Marking task as SUCCESS. dag_id=showpulse_dbt_dag, task_id=dbt_change_dir, execution_date=20230622T153034, start_date=20230622T153136, end_date=20230622T153136
[2023-06-22T15:31:36.306+0000] {local_task_job.py:212} INFO - Task exited with return code 0
[2023-06-22T15:31:36.327+0000] {taskinstance.py:2596} INFO - 1 downstream tasks scheduled from follow-on schedule check
