[2023-06-22T12:26:25.611+0000] {taskinstance.py:1090} INFO - Dependencies all met for dep_context=non-requeueable deps ti=<TaskInstance: showpulse_dbt_dag.dbt_run scheduled__2023-06-22T12:05:37.608630+00:00 [queued]>
[2023-06-22T12:26:25.618+0000] {taskinstance.py:1090} INFO - Dependencies all met for dep_context=requeueable deps ti=<TaskInstance: showpulse_dbt_dag.dbt_run scheduled__2023-06-22T12:05:37.608630+00:00 [queued]>
[2023-06-22T12:26:25.618+0000] {taskinstance.py:1288} INFO - 
--------------------------------------------------------------------------------
[2023-06-22T12:26:25.619+0000] {taskinstance.py:1289} INFO - Starting attempt 1 of 1
[2023-06-22T12:26:25.619+0000] {taskinstance.py:1290} INFO - 
--------------------------------------------------------------------------------
[2023-06-22T12:26:25.627+0000] {taskinstance.py:1309} INFO - Executing <Task(BashOperator): dbt_run> on 2023-06-22 12:05:37.608630+00:00
[2023-06-22T12:26:25.631+0000] {standard_task_runner.py:55} INFO - Started process 16167 to run task
[2023-06-22T12:26:25.635+0000] {standard_task_runner.py:82} INFO - Running: ['***', 'tasks', 'run', 'showpulse_dbt_dag', 'dbt_run', 'scheduled__2023-06-22T12:05:37.608630+00:00', '--job-id', '1874', '--raw', '--subdir', 'DAGS_FOLDER/dbt_run.py', '--cfg-path', '/tmp/tmp4bwtsf0_']
[2023-06-22T12:26:25.635+0000] {standard_task_runner.py:83} INFO - Job 1874: Subtask dbt_run
[2023-06-22T12:26:25.688+0000] {task_command.py:389} INFO - Running <TaskInstance: showpulse_dbt_dag.dbt_run scheduled__2023-06-22T12:05:37.608630+00:00 [running]> on host 62cfed75eae1
[2023-06-22T12:26:25.741+0000] {taskinstance.py:1518} INFO - Exporting the following env vars:
AIRFLOW_CTX_DAG_OWNER=nburkett
AIRFLOW_CTX_DAG_ID=showpulse_dbt_dag
AIRFLOW_CTX_TASK_ID=dbt_run
AIRFLOW_CTX_EXECUTION_DATE=2023-06-22T12:05:37.608630+00:00
AIRFLOW_CTX_TRY_NUMBER=1
AIRFLOW_CTX_DAG_RUN_ID=scheduled__2023-06-22T12:05:37.608630+00:00
[2023-06-22T12:26:25.742+0000] {subprocess.py:63} INFO - Tmp dir root location: 
 /tmp
[2023-06-22T12:26:25.743+0000] {subprocess.py:75} INFO - Running command: ['/bin/bash', '-c', 'cd /dbt/ticketmaster_transformation && dbt run']
[2023-06-22T12:26:25.752+0000] {subprocess.py:86} INFO - Output:
[2023-06-22T12:26:27.051+0000] {subprocess.py:93} INFO - [0m12:26:27  Running with dbt=1.5.1
[2023-06-22T12:26:27.547+0000] {subprocess.py:93} INFO - [0m12:26:27  Found 4 models, 0 tests, 0 snapshots, 0 analyses, 356 macros, 0 operations, 0 seed files, 3 sources, 0 exposures, 0 metrics, 0 groups
[2023-06-22T12:26:27.550+0000] {subprocess.py:93} INFO - [0m12:26:27
[2023-06-22T12:26:28.521+0000] {subprocess.py:93} INFO - [0m12:26:28  Concurrency: 4 threads (target='dev')
[2023-06-22T12:26:28.524+0000] {subprocess.py:93} INFO - [0m12:26:28
[2023-06-22T12:26:28.538+0000] {subprocess.py:93} INFO - [0m12:26:28  1 of 4 START sql table model twitter_kafka_pyspark_test.distinct_data .......... [RUN]
[2023-06-22T12:26:28.541+0000] {subprocess.py:93} INFO - [0m12:26:28  2 of 4 START sql table model twitter_kafka_pyspark_test.dm_events .............. [RUN]
[2023-06-22T12:26:28.544+0000] {subprocess.py:93} INFO - [0m12:26:28  3 of 4 START sql table model twitter_kafka_pyspark_test.my_first_dbt_model ..... [RUN]
[2023-06-22T12:26:45.423+0000] {subprocess.py:93} INFO - [0m12:26:45  1 of 4 OK created sql table model twitter_kafka_pyspark_test.distinct_data ..... [[32mCREATE TABLE (1.1k rows, 638.3 KiB processed)[0m in 16.88s]
[2023-06-22T12:26:47.141+0000] {subprocess.py:93} INFO - [0m12:26:47  2 of 4 OK created sql table model twitter_kafka_pyspark_test.dm_events ......... [[32mCREATE TABLE (1.3k rows, 178.2 KiB processed)[0m in 18.59s]
[2023-06-22T12:26:47.144+0000] {subprocess.py:93} INFO - [0m12:26:47  3 of 4 OK created sql table model twitter_kafka_pyspark_test.my_first_dbt_model  [[32mCREATE TABLE (2.0 rows, 0 processed)[0m in 18.59s]
[2023-06-22T12:26:47.156+0000] {subprocess.py:93} INFO - [0m12:26:47  4 of 4 START sql view model twitter_kafka_pyspark_test.my_second_dbt_model ..... [RUN]
[2023-06-22T12:26:48.321+0000] {subprocess.py:93} INFO - [0m12:26:48  4 of 4 OK created sql view model twitter_kafka_pyspark_test.my_second_dbt_model  [[32mCREATE VIEW (0 processed)[0m in 1.16s]
[2023-06-22T12:26:48.414+0000] {subprocess.py:93} INFO - [0m12:26:48
[2023-06-22T12:26:48.417+0000] {subprocess.py:93} INFO - [0m12:26:48  Finished running 3 table models, 1 view model in 0 hours 0 minutes and 20.86 seconds (20.86s).
[2023-06-22T12:26:48.436+0000] {subprocess.py:93} INFO - [0m12:26:48
[2023-06-22T12:26:48.438+0000] {subprocess.py:93} INFO - [0m12:26:48  [32mCompleted successfully[0m
[2023-06-22T12:26:48.439+0000] {subprocess.py:93} INFO - [0m12:26:48
[2023-06-22T12:26:48.440+0000] {subprocess.py:93} INFO - [0m12:26:48  Done. PASS=4 WARN=0 ERROR=0 SKIP=0 TOTAL=4
[2023-06-22T12:26:49.288+0000] {subprocess.py:97} INFO - Command exited with return code 0
[2023-06-22T12:26:49.323+0000] {taskinstance.py:1332} INFO - Marking task as SUCCESS. dag_id=showpulse_dbt_dag, task_id=dbt_run, execution_date=20230622T120537, start_date=20230622T122625, end_date=20230622T122649
[2023-06-22T12:26:49.390+0000] {local_task_job.py:212} INFO - Task exited with return code 0
[2023-06-22T12:26:49.418+0000] {taskinstance.py:2596} INFO - 0 downstream tasks scheduled from follow-on schedule check
