[2023-06-21T22:44:35.921+0000] {taskinstance.py:1090} INFO - Dependencies all met for dep_context=non-requeueable deps ti=<TaskInstance: showpulse_dbt_dag.dbt_run scheduled__2023-06-21T22:42:48.970543+00:00 [queued]>
[2023-06-21T22:44:35.927+0000] {taskinstance.py:1090} INFO - Dependencies all met for dep_context=requeueable deps ti=<TaskInstance: showpulse_dbt_dag.dbt_run scheduled__2023-06-21T22:42:48.970543+00:00 [queued]>
[2023-06-21T22:44:35.928+0000] {taskinstance.py:1288} INFO - 
--------------------------------------------------------------------------------
[2023-06-21T22:44:35.928+0000] {taskinstance.py:1289} INFO - Starting attempt 1 of 1
[2023-06-21T22:44:35.928+0000] {taskinstance.py:1290} INFO - 
--------------------------------------------------------------------------------
[2023-06-21T22:44:35.936+0000] {taskinstance.py:1309} INFO - Executing <Task(BashOperator): dbt_run> on 2023-06-21 22:42:48.970543+00:00
[2023-06-21T22:44:35.940+0000] {standard_task_runner.py:55} INFO - Started process 7113 to run task
[2023-06-21T22:44:35.943+0000] {standard_task_runner.py:82} INFO - Running: ['***', 'tasks', 'run', 'showpulse_dbt_dag', 'dbt_run', 'scheduled__2023-06-21T22:42:48.970543+00:00', '--job-id', '1102', '--raw', '--subdir', 'DAGS_FOLDER/dbt_run.py', '--cfg-path', '/tmp/tmpgwk4f8cj']
[2023-06-21T22:44:35.944+0000] {standard_task_runner.py:83} INFO - Job 1102: Subtask dbt_run
[2023-06-21T22:44:35.997+0000] {task_command.py:389} INFO - Running <TaskInstance: showpulse_dbt_dag.dbt_run scheduled__2023-06-21T22:42:48.970543+00:00 [running]> on host 62cfed75eae1
[2023-06-21T22:44:36.046+0000] {taskinstance.py:1518} INFO - Exporting the following env vars:
AIRFLOW_CTX_DAG_OWNER=nburkett
AIRFLOW_CTX_DAG_ID=showpulse_dbt_dag
AIRFLOW_CTX_TASK_ID=dbt_run
AIRFLOW_CTX_EXECUTION_DATE=2023-06-21T22:42:48.970543+00:00
AIRFLOW_CTX_TRY_NUMBER=1
AIRFLOW_CTX_DAG_RUN_ID=scheduled__2023-06-21T22:42:48.970543+00:00
[2023-06-21T22:44:36.047+0000] {subprocess.py:63} INFO - Tmp dir root location: 
 /tmp
[2023-06-21T22:44:36.048+0000] {subprocess.py:75} INFO - Running command: ['/bin/bash', '-c', 'cd /dbt/ticketmaster_transformation && dbt run']
[2023-06-21T22:44:36.057+0000] {subprocess.py:86} INFO - Output:
[2023-06-21T22:44:37.296+0000] {subprocess.py:93} INFO - [0m22:44:37  Running with dbt=1.5.1
[2023-06-21T22:44:37.776+0000] {subprocess.py:93} INFO - [0m22:44:37  Found 4 models, 0 tests, 0 snapshots, 0 analyses, 356 macros, 0 operations, 0 seed files, 3 sources, 0 exposures, 0 metrics, 0 groups
[2023-06-21T22:44:37.779+0000] {subprocess.py:93} INFO - [0m22:44:37
[2023-06-21T22:44:38.567+0000] {subprocess.py:93} INFO - [0m22:44:38  Concurrency: 4 threads (target='dev')
[2023-06-21T22:44:38.568+0000] {subprocess.py:93} INFO - [0m22:44:38
[2023-06-21T22:44:38.577+0000] {subprocess.py:93} INFO - [0m22:44:38  1 of 4 START sql table model twitter_kafka_pyspark_test.distinct_data .......... [RUN]
[2023-06-21T22:44:38.579+0000] {subprocess.py:93} INFO - [0m22:44:38  2 of 4 START sql table model twitter_kafka_pyspark_test.dm_events .............. [RUN]
[2023-06-21T22:44:38.581+0000] {subprocess.py:93} INFO - [0m22:44:38  3 of 4 START sql table model twitter_kafka_pyspark_test.my_first_dbt_model ..... [RUN]
[2023-06-21T22:44:41.497+0000] {subprocess.py:93} INFO - [0m22:44:41  2 of 4 OK created sql table model twitter_kafka_pyspark_test.dm_events ......... [[32mCREATE TABLE (1.3k rows, 178.2 KiB processed)[0m in 2.91s]
[2023-06-21T22:44:41.635+0000] {subprocess.py:93} INFO - [0m22:44:41  3 of 4 OK created sql table model twitter_kafka_pyspark_test.my_first_dbt_model  [[32mCREATE TABLE (2.0 rows, 0 processed)[0m in 3.05s]
[2023-06-21T22:44:41.644+0000] {subprocess.py:93} INFO - [0m22:44:41  4 of 4 START sql view model twitter_kafka_pyspark_test.my_second_dbt_model ..... [RUN]
[2023-06-21T22:44:42.673+0000] {subprocess.py:93} INFO - [0m22:44:42  4 of 4 OK created sql view model twitter_kafka_pyspark_test.my_second_dbt_model  [[32mCREATE VIEW (0 processed)[0m in 1.02s]
[2023-06-21T22:44:42.676+0000] {subprocess.py:93} INFO - [0m22:44:42  1 of 4 OK created sql table model twitter_kafka_pyspark_test.distinct_data ..... [[32mCREATE TABLE (1.1k rows, 638.3 KiB processed)[0m in 4.09s]
[2023-06-21T22:44:42.777+0000] {subprocess.py:93} INFO - [0m22:44:42
[2023-06-21T22:44:42.778+0000] {subprocess.py:93} INFO - [0m22:44:42  Finished running 3 table models, 1 view model in 0 hours 0 minutes and 5.00 seconds (5.00s).
[2023-06-21T22:44:42.796+0000] {subprocess.py:93} INFO - [0m22:44:42
[2023-06-21T22:44:42.797+0000] {subprocess.py:93} INFO - [0m22:44:42  [32mCompleted successfully[0m
[2023-06-21T22:44:42.798+0000] {subprocess.py:93} INFO - [0m22:44:42
[2023-06-21T22:44:42.799+0000] {subprocess.py:93} INFO - [0m22:44:42  Done. PASS=4 WARN=0 ERROR=0 SKIP=0 TOTAL=4
[2023-06-21T22:44:43.230+0000] {subprocess.py:97} INFO - Command exited with return code 0
[2023-06-21T22:44:43.253+0000] {taskinstance.py:1332} INFO - Marking task as SUCCESS. dag_id=showpulse_dbt_dag, task_id=dbt_run, execution_date=20230621T224248, start_date=20230621T224435, end_date=20230621T224443
[2023-06-21T22:44:43.284+0000] {local_task_job.py:212} INFO - Task exited with return code 0
[2023-06-21T22:44:43.297+0000] {taskinstance.py:2596} INFO - 0 downstream tasks scheduled from follow-on schedule check
