[2023-06-23T02:45:22.008+0000] {taskinstance.py:1090} INFO - Dependencies all met for dep_context=non-requeueable deps ti=<TaskInstance: showpulse_dbt_dag.dbt_run scheduled__2023-06-23T02:44:17.887791+00:00 [queued]>
[2023-06-23T02:45:22.015+0000] {taskinstance.py:1090} INFO - Dependencies all met for dep_context=requeueable deps ti=<TaskInstance: showpulse_dbt_dag.dbt_run scheduled__2023-06-23T02:44:17.887791+00:00 [queued]>
[2023-06-23T02:45:22.016+0000] {taskinstance.py:1288} INFO - 
--------------------------------------------------------------------------------
[2023-06-23T02:45:22.017+0000] {taskinstance.py:1289} INFO - Starting attempt 1 of 1
[2023-06-23T02:45:22.017+0000] {taskinstance.py:1290} INFO - 
--------------------------------------------------------------------------------
[2023-06-23T02:45:22.028+0000] {taskinstance.py:1309} INFO - Executing <Task(BashOperator): dbt_run> on 2023-06-23 02:44:17.887791+00:00
[2023-06-23T02:45:22.033+0000] {standard_task_runner.py:55} INFO - Started process 27002 to run task
[2023-06-23T02:45:22.036+0000] {standard_task_runner.py:82} INFO - Running: ['***', 'tasks', 'run', 'showpulse_dbt_dag', 'dbt_run', 'scheduled__2023-06-23T02:44:17.887791+00:00', '--job-id', '2859', '--raw', '--subdir', 'DAGS_FOLDER/dbt_run.py', '--cfg-path', '/tmp/tmpytrdgo6z']
[2023-06-23T02:45:22.037+0000] {standard_task_runner.py:83} INFO - Job 2859: Subtask dbt_run
[2023-06-23T02:45:22.091+0000] {task_command.py:389} INFO - Running <TaskInstance: showpulse_dbt_dag.dbt_run scheduled__2023-06-23T02:44:17.887791+00:00 [running]> on host 62cfed75eae1
[2023-06-23T02:45:22.144+0000] {taskinstance.py:1518} INFO - Exporting the following env vars:
AIRFLOW_CTX_DAG_OWNER=nburkett
AIRFLOW_CTX_DAG_ID=showpulse_dbt_dag
AIRFLOW_CTX_TASK_ID=dbt_run
AIRFLOW_CTX_EXECUTION_DATE=2023-06-23T02:44:17.887791+00:00
AIRFLOW_CTX_TRY_NUMBER=1
AIRFLOW_CTX_DAG_RUN_ID=scheduled__2023-06-23T02:44:17.887791+00:00
[2023-06-23T02:45:22.146+0000] {subprocess.py:63} INFO - Tmp dir root location: 
 /tmp
[2023-06-23T02:45:22.146+0000] {subprocess.py:75} INFO - Running command: ['/bin/bash', '-c', 'cd /dbt/ticketmaster_transformation && dbt run']
[2023-06-23T02:45:22.155+0000] {subprocess.py:86} INFO - Output:
[2023-06-23T02:45:23.484+0000] {subprocess.py:93} INFO - [0m02:45:23  Running with dbt=1.5.1
[2023-06-23T02:45:24.092+0000] {subprocess.py:93} INFO - [0m02:45:24  Found 4 models, 0 tests, 0 snapshots, 0 analyses, 356 macros, 0 operations, 0 seed files, 3 sources, 0 exposures, 0 metrics, 0 groups
[2023-06-23T02:45:24.094+0000] {subprocess.py:93} INFO - [0m02:45:24
[2023-06-23T02:45:24.979+0000] {subprocess.py:93} INFO - [0m02:45:24  Concurrency: 4 threads (target='dev')
[2023-06-23T02:45:24.982+0000] {subprocess.py:93} INFO - [0m02:45:24
[2023-06-23T02:45:25.003+0000] {subprocess.py:93} INFO - [0m02:45:25  1 of 4 START sql table model twitter_kafka_pyspark_test.distinct_data .......... [RUN]
[2023-06-23T02:45:25.006+0000] {subprocess.py:93} INFO - [0m02:45:25  2 of 4 START sql table model twitter_kafka_pyspark_test.dm_events .............. [RUN]
[2023-06-23T02:45:25.014+0000] {subprocess.py:93} INFO - [0m02:45:25  3 of 4 START sql table model twitter_kafka_pyspark_test.my_first_dbt_model ..... [RUN]
[2023-06-23T02:45:27.505+0000] {subprocess.py:93} INFO - [0m02:45:27  3 of 4 OK created sql table model twitter_kafka_pyspark_test.my_first_dbt_model  [[32mCREATE TABLE (2.0 rows, 0 processed)[0m in 2.48s]
[2023-06-23T02:45:27.509+0000] {subprocess.py:93} INFO - [0m02:45:27  4 of 4 START sql view model twitter_kafka_pyspark_test.my_second_dbt_model ..... [RUN]
[2023-06-23T02:45:27.841+0000] {subprocess.py:93} INFO - [0m02:45:27  2 of 4 OK created sql table model twitter_kafka_pyspark_test.dm_events ......... [[32mCREATE TABLE (1.5k rows, 205.3 KiB processed)[0m in 2.83s]
[2023-06-23T02:45:28.371+0000] {subprocess.py:93} INFO - [0m02:45:28  1 of 4 OK created sql table model twitter_kafka_pyspark_test.distinct_data ..... [[32mCREATE TABLE (1.3k rows, 783.8 KiB processed)[0m in 3.36s]
[2023-06-23T02:45:28.714+0000] {subprocess.py:93} INFO - [0m02:45:28  4 of 4 OK created sql view model twitter_kafka_pyspark_test.my_second_dbt_model  [[32mCREATE VIEW (0 processed)[0m in 1.20s]
[2023-06-23T02:45:28.734+0000] {subprocess.py:93} INFO - [0m02:45:28
[2023-06-23T02:45:28.736+0000] {subprocess.py:93} INFO - [0m02:45:28  Finished running 3 table models, 1 view model in 0 hours 0 minutes and 4.64 seconds (4.64s).
[2023-06-23T02:45:28.764+0000] {subprocess.py:93} INFO - [0m02:45:28
[2023-06-23T02:45:28.765+0000] {subprocess.py:93} INFO - [0m02:45:28  [32mCompleted successfully[0m
[2023-06-23T02:45:28.766+0000] {subprocess.py:93} INFO - [0m02:45:28
[2023-06-23T02:45:28.767+0000] {subprocess.py:93} INFO - [0m02:45:28  Done. PASS=4 WARN=0 ERROR=0 SKIP=0 TOTAL=4
[2023-06-23T02:45:29.224+0000] {subprocess.py:97} INFO - Command exited with return code 0
[2023-06-23T02:45:29.257+0000] {taskinstance.py:1332} INFO - Marking task as SUCCESS. dag_id=showpulse_dbt_dag, task_id=dbt_run, execution_date=20230623T024417, start_date=20230623T024522, end_date=20230623T024529
[2023-06-23T02:45:29.306+0000] {local_task_job.py:212} INFO - Task exited with return code 0
[2023-06-23T02:45:29.322+0000] {taskinstance.py:2596} INFO - 0 downstream tasks scheduled from follow-on schedule check
