[2023-06-22T00:44:30.266+0000] {taskinstance.py:1090} INFO - Dependencies all met for dep_context=non-requeueable deps ti=<TaskInstance: showpulse_dbt_dag.dbt_run scheduled__2023-06-22T00:43:26.478695+00:00 [queued]>
[2023-06-22T00:44:30.275+0000] {taskinstance.py:1090} INFO - Dependencies all met for dep_context=requeueable deps ti=<TaskInstance: showpulse_dbt_dag.dbt_run scheduled__2023-06-22T00:43:26.478695+00:00 [queued]>
[2023-06-22T00:44:30.276+0000] {taskinstance.py:1288} INFO - 
--------------------------------------------------------------------------------
[2023-06-22T00:44:30.276+0000] {taskinstance.py:1289} INFO - Starting attempt 1 of 1
[2023-06-22T00:44:30.277+0000] {taskinstance.py:1290} INFO - 
--------------------------------------------------------------------------------
[2023-06-22T00:44:30.287+0000] {taskinstance.py:1309} INFO - Executing <Task(BashOperator): dbt_run> on 2023-06-22 00:43:26.478695+00:00
[2023-06-22T00:44:30.292+0000] {standard_task_runner.py:55} INFO - Started process 11026 to run task
[2023-06-22T00:44:30.296+0000] {standard_task_runner.py:82} INFO - Running: ['***', 'tasks', 'run', 'showpulse_dbt_dag', 'dbt_run', 'scheduled__2023-06-22T00:43:26.478695+00:00', '--job-id', '1418', '--raw', '--subdir', 'DAGS_FOLDER/dbt_run.py', '--cfg-path', '/tmp/tmpgglr0ol_']
[2023-06-22T00:44:30.297+0000] {standard_task_runner.py:83} INFO - Job 1418: Subtask dbt_run
[2023-06-22T00:44:30.354+0000] {task_command.py:389} INFO - Running <TaskInstance: showpulse_dbt_dag.dbt_run scheduled__2023-06-22T00:43:26.478695+00:00 [running]> on host 62cfed75eae1
[2023-06-22T00:44:30.406+0000] {taskinstance.py:1518} INFO - Exporting the following env vars:
AIRFLOW_CTX_DAG_OWNER=nburkett
AIRFLOW_CTX_DAG_ID=showpulse_dbt_dag
AIRFLOW_CTX_TASK_ID=dbt_run
AIRFLOW_CTX_EXECUTION_DATE=2023-06-22T00:43:26.478695+00:00
AIRFLOW_CTX_TRY_NUMBER=1
AIRFLOW_CTX_DAG_RUN_ID=scheduled__2023-06-22T00:43:26.478695+00:00
[2023-06-22T00:44:30.408+0000] {subprocess.py:63} INFO - Tmp dir root location: 
 /tmp
[2023-06-22T00:44:30.409+0000] {subprocess.py:75} INFO - Running command: ['/bin/bash', '-c', 'cd /dbt/ticketmaster_transformation && dbt run']
[2023-06-22T00:44:30.418+0000] {subprocess.py:86} INFO - Output:
[2023-06-22T00:44:31.676+0000] {subprocess.py:93} INFO - [0m00:44:31  Running with dbt=1.5.1
[2023-06-22T00:44:32.152+0000] {subprocess.py:93} INFO - [0m00:44:32  Found 4 models, 0 tests, 0 snapshots, 0 analyses, 356 macros, 0 operations, 0 seed files, 3 sources, 0 exposures, 0 metrics, 0 groups
[2023-06-22T00:44:32.155+0000] {subprocess.py:93} INFO - [0m00:44:32
[2023-06-22T00:44:35.245+0000] {subprocess.py:93} INFO - [0m00:44:35  Concurrency: 4 threads (target='dev')
[2023-06-22T00:44:35.247+0000] {subprocess.py:93} INFO - [0m00:44:35
[2023-06-22T00:44:35.257+0000] {subprocess.py:93} INFO - [0m00:44:35  1 of 4 START sql table model twitter_kafka_pyspark_test.distinct_data .......... [RUN]
[2023-06-22T00:44:35.258+0000] {subprocess.py:93} INFO - [0m00:44:35  2 of 4 START sql table model twitter_kafka_pyspark_test.dm_events .............. [RUN]
[2023-06-22T00:44:35.260+0000] {subprocess.py:93} INFO - [0m00:44:35  3 of 4 START sql table model twitter_kafka_pyspark_test.my_first_dbt_model ..... [RUN]
[2023-06-22T00:44:39.031+0000] {subprocess.py:93} INFO - [0m00:44:39  3 of 4 OK created sql table model twitter_kafka_pyspark_test.my_first_dbt_model  [[32mCREATE TABLE (2.0 rows, 0 processed)[0m in 3.77s]
[2023-06-22T00:44:39.035+0000] {subprocess.py:93} INFO - [0m00:44:39  4 of 4 START sql view model twitter_kafka_pyspark_test.my_second_dbt_model ..... [RUN]
[2023-06-22T00:44:39.422+0000] {subprocess.py:93} INFO - [0m00:44:39  2 of 4 OK created sql table model twitter_kafka_pyspark_test.dm_events ......... [[32mCREATE TABLE (1.3k rows, 178.2 KiB processed)[0m in 4.15s]
[2023-06-22T00:44:39.430+0000] {subprocess.py:93} INFO - [0m00:44:39  1 of 4 OK created sql table model twitter_kafka_pyspark_test.distinct_data ..... [[32mCREATE TABLE (1.1k rows, 638.3 KiB processed)[0m in 4.16s]
[2023-06-22T00:44:40.170+0000] {subprocess.py:93} INFO - [0m00:44:40  4 of 4 OK created sql view model twitter_kafka_pyspark_test.my_second_dbt_model  [[32mCREATE VIEW (0 processed)[0m in 1.13s]
[2023-06-22T00:44:40.254+0000] {subprocess.py:93} INFO - [0m00:44:40
[2023-06-22T00:44:40.255+0000] {subprocess.py:93} INFO - [0m00:44:40  Finished running 3 table models, 1 view model in 0 hours 0 minutes and 8.10 seconds (8.10s).
[2023-06-22T00:44:40.271+0000] {subprocess.py:93} INFO - [0m00:44:40
[2023-06-22T00:44:40.272+0000] {subprocess.py:93} INFO - [0m00:44:40  [32mCompleted successfully[0m
[2023-06-22T00:44:40.273+0000] {subprocess.py:93} INFO - [0m00:44:40
[2023-06-22T00:44:40.274+0000] {subprocess.py:93} INFO - [0m00:44:40  Done. PASS=4 WARN=0 ERROR=0 SKIP=0 TOTAL=4
[2023-06-22T00:44:40.657+0000] {subprocess.py:97} INFO - Command exited with return code 0
[2023-06-22T00:44:40.680+0000] {taskinstance.py:1332} INFO - Marking task as SUCCESS. dag_id=showpulse_dbt_dag, task_id=dbt_run, execution_date=20230622T004326, start_date=20230622T004430, end_date=20230622T004440
[2023-06-22T00:44:40.717+0000] {local_task_job.py:212} INFO - Task exited with return code 0
[2023-06-22T00:44:40.731+0000] {taskinstance.py:2596} INFO - 0 downstream tasks scheduled from follow-on schedule check
