[2023-06-22T03:37:51.749+0000] {taskinstance.py:1090} INFO - Dependencies all met for dep_context=non-requeueable deps ti=<TaskInstance: showpulse_dbt_dag.dbt_run scheduled__2023-06-22T03:36:47.531582+00:00 [queued]>
[2023-06-22T03:37:51.756+0000] {taskinstance.py:1090} INFO - Dependencies all met for dep_context=requeueable deps ti=<TaskInstance: showpulse_dbt_dag.dbt_run scheduled__2023-06-22T03:36:47.531582+00:00 [queued]>
[2023-06-22T03:37:51.756+0000] {taskinstance.py:1288} INFO - 
--------------------------------------------------------------------------------
[2023-06-22T03:37:51.757+0000] {taskinstance.py:1289} INFO - Starting attempt 1 of 1
[2023-06-22T03:37:51.757+0000] {taskinstance.py:1290} INFO - 
--------------------------------------------------------------------------------
[2023-06-22T03:37:51.765+0000] {taskinstance.py:1309} INFO - Executing <Task(BashOperator): dbt_run> on 2023-06-22 03:36:47.531582+00:00
[2023-06-22T03:37:51.769+0000] {standard_task_runner.py:55} INFO - Started process 15266 to run task
[2023-06-22T03:37:51.772+0000] {standard_task_runner.py:82} INFO - Running: ['***', 'tasks', 'run', 'showpulse_dbt_dag', 'dbt_run', 'scheduled__2023-06-22T03:36:47.531582+00:00', '--job-id', '1778', '--raw', '--subdir', 'DAGS_FOLDER/dbt_run.py', '--cfg-path', '/tmp/tmphftvoz7d']
[2023-06-22T03:37:51.773+0000] {standard_task_runner.py:83} INFO - Job 1778: Subtask dbt_run
[2023-06-22T03:37:51.826+0000] {task_command.py:389} INFO - Running <TaskInstance: showpulse_dbt_dag.dbt_run scheduled__2023-06-22T03:36:47.531582+00:00 [running]> on host 62cfed75eae1
[2023-06-22T03:37:51.875+0000] {taskinstance.py:1518} INFO - Exporting the following env vars:
AIRFLOW_CTX_DAG_OWNER=nburkett
AIRFLOW_CTX_DAG_ID=showpulse_dbt_dag
AIRFLOW_CTX_TASK_ID=dbt_run
AIRFLOW_CTX_EXECUTION_DATE=2023-06-22T03:36:47.531582+00:00
AIRFLOW_CTX_TRY_NUMBER=1
AIRFLOW_CTX_DAG_RUN_ID=scheduled__2023-06-22T03:36:47.531582+00:00
[2023-06-22T03:37:51.876+0000] {subprocess.py:63} INFO - Tmp dir root location: 
 /tmp
[2023-06-22T03:37:51.877+0000] {subprocess.py:75} INFO - Running command: ['/bin/bash', '-c', 'cd /dbt/ticketmaster_transformation && dbt run']
[2023-06-22T03:37:51.886+0000] {subprocess.py:86} INFO - Output:
[2023-06-22T03:37:53.116+0000] {subprocess.py:93} INFO - [0m03:37:53  Running with dbt=1.5.1
[2023-06-22T03:37:53.578+0000] {subprocess.py:93} INFO - [0m03:37:53  Found 4 models, 0 tests, 0 snapshots, 0 analyses, 356 macros, 0 operations, 0 seed files, 3 sources, 0 exposures, 0 metrics, 0 groups
[2023-06-22T03:37:53.580+0000] {subprocess.py:93} INFO - [0m03:37:53
[2023-06-22T03:37:54.826+0000] {subprocess.py:93} INFO - [0m03:37:54  Concurrency: 4 threads (target='dev')
[2023-06-22T03:37:54.829+0000] {subprocess.py:93} INFO - [0m03:37:54
[2023-06-22T03:37:54.847+0000] {subprocess.py:93} INFO - [0m03:37:54  1 of 4 START sql table model twitter_kafka_pyspark_test.distinct_data .......... [RUN]
[2023-06-22T03:37:54.850+0000] {subprocess.py:93} INFO - [0m03:37:54  2 of 4 START sql table model twitter_kafka_pyspark_test.dm_events .............. [RUN]
[2023-06-22T03:37:54.853+0000] {subprocess.py:93} INFO - [0m03:37:54  3 of 4 START sql table model twitter_kafka_pyspark_test.my_first_dbt_model ..... [RUN]
[2023-06-22T03:37:58.110+0000] {subprocess.py:93} INFO - [0m03:37:58  3 of 4 OK created sql table model twitter_kafka_pyspark_test.my_first_dbt_model  [[32mCREATE TABLE (2.0 rows, 0 processed)[0m in 3.25s]
[2023-06-22T03:37:58.115+0000] {subprocess.py:93} INFO - [0m03:37:58  4 of 4 START sql view model twitter_kafka_pyspark_test.my_second_dbt_model ..... [RUN]
[2023-06-22T03:37:58.240+0000] {subprocess.py:93} INFO - [0m03:37:58  2 of 4 OK created sql table model twitter_kafka_pyspark_test.dm_events ......... [[32mCREATE TABLE (1.3k rows, 178.2 KiB processed)[0m in 3.38s]
[2023-06-22T03:37:58.244+0000] {subprocess.py:93} INFO - [0m03:37:58  1 of 4 OK created sql table model twitter_kafka_pyspark_test.distinct_data ..... [[32mCREATE TABLE (1.1k rows, 638.3 KiB processed)[0m in 3.39s]
[2023-06-22T03:37:59.731+0000] {subprocess.py:93} INFO - [0m03:37:59  4 of 4 OK created sql view model twitter_kafka_pyspark_test.my_second_dbt_model  [[32mCREATE VIEW (0 processed)[0m in 1.61s]
[2023-06-22T03:37:59.787+0000] {subprocess.py:93} INFO - [0m03:37:59
[2023-06-22T03:37:59.789+0000] {subprocess.py:93} INFO - [0m03:37:59  Finished running 3 table models, 1 view model in 0 hours 0 minutes and 6.21 seconds (6.21s).
[2023-06-22T03:37:59.817+0000] {subprocess.py:93} INFO - [0m03:37:59
[2023-06-22T03:37:59.818+0000] {subprocess.py:93} INFO - [0m03:37:59  [32mCompleted successfully[0m
[2023-06-22T03:37:59.820+0000] {subprocess.py:93} INFO - [0m03:37:59
[2023-06-22T03:37:59.821+0000] {subprocess.py:93} INFO - [0m03:37:59  Done. PASS=4 WARN=0 ERROR=0 SKIP=0 TOTAL=4
[2023-06-22T03:38:01.057+0000] {subprocess.py:97} INFO - Command exited with return code 0
[2023-06-22T03:38:01.080+0000] {taskinstance.py:1332} INFO - Marking task as SUCCESS. dag_id=showpulse_dbt_dag, task_id=dbt_run, execution_date=20230622T033647, start_date=20230622T033751, end_date=20230622T033801
[2023-06-22T03:38:01.121+0000] {local_task_job.py:212} INFO - Task exited with return code 0
[2023-06-22T03:38:01.134+0000] {taskinstance.py:2596} INFO - 0 downstream tasks scheduled from follow-on schedule check
