[2023-05-13T22:15:16.168+0000] {taskinstance.py:1090} INFO - Dependencies all met for dep_context=non-requeueable deps ti=<TaskInstance: ny_taxi_local.create_directory.get_bash_var manual__2023-05-13T22:04:50.503248+00:00 [queued]>
[2023-05-13T22:15:16.175+0000] {taskinstance.py:1090} INFO - Dependencies all met for dep_context=requeueable deps ti=<TaskInstance: ny_taxi_local.create_directory.get_bash_var manual__2023-05-13T22:04:50.503248+00:00 [queued]>
[2023-05-13T22:15:16.175+0000] {taskinstance.py:1288} INFO - 
--------------------------------------------------------------------------------
[2023-05-13T22:15:16.176+0000] {taskinstance.py:1289} INFO - Starting attempt 2 of 2
[2023-05-13T22:15:16.176+0000] {taskinstance.py:1290} INFO - 
--------------------------------------------------------------------------------
[2023-05-13T22:15:16.185+0000] {taskinstance.py:1309} INFO - Executing <Task(_PythonDecoratedOperator): create_directory.get_bash_var> on 2023-05-13 22:04:50.503248+00:00
[2023-05-13T22:15:16.189+0000] {standard_task_runner.py:55} INFO - Started process 2399 to run task
[2023-05-13T22:15:16.193+0000] {standard_task_runner.py:82} INFO - Running: ['***', 'tasks', 'run', 'ny_taxi_local', 'create_directory.get_bash_var', 'manual__2023-05-13T22:04:50.503248+00:00', '--job-id', '74', '--raw', '--subdir', 'DAGS_FOLDER/fetch_and_upload.py', '--cfg-path', '/tmp/tmpglokapoc']
[2023-05-13T22:15:16.195+0000] {standard_task_runner.py:83} INFO - Job 74: Subtask create_directory.get_bash_var
[2023-05-13T22:15:16.251+0000] {task_command.py:389} INFO - Running <TaskInstance: ny_taxi_local.create_directory.get_bash_var manual__2023-05-13T22:04:50.503248+00:00 [running]> on host fdfc81637e26
[2023-05-13T22:15:16.305+0000] {taskinstance.py:1518} INFO - Exporting the following env vars:
AIRFLOW_CTX_DAG_OWNER=***
AIRFLOW_CTX_DAG_ID=ny_taxi_local
AIRFLOW_CTX_TASK_ID=create_directory.get_bash_var
AIRFLOW_CTX_EXECUTION_DATE=2023-05-13T22:04:50.503248+00:00
AIRFLOW_CTX_TRY_NUMBER=2
AIRFLOW_CTX_DAG_RUN_ID=manual__2023-05-13T22:04:50.503248+00:00
[2023-05-13T22:15:16.308+0000] {subprocess.py:63} INFO - Tmp dir root location: 
 /tmp
[2023-05-13T22:15:16.309+0000] {subprocess.py:75} INFO - Running command: ['/bin/bash', '-c', "echo 'The run_id is: {{ ds_nodash }}'"]
[2023-05-13T22:15:16.319+0000] {subprocess.py:86} INFO - Output:
[2023-05-13T22:15:16.321+0000] {subprocess.py:93} INFO - The run_id is: {{ ds_nodash }}
[2023-05-13T22:15:16.322+0000] {subprocess.py:97} INFO - Command exited with return code 0
[2023-05-13T22:15:16.323+0000] {python.py:177} INFO - Done. Returned value was: The run_id is: {{ ds_nodash }}
[2023-05-13T22:15:16.349+0000] {taskinstance.py:1332} INFO - Marking task as SUCCESS. dag_id=ny_taxi_local, task_id=create_directory.get_bash_var, execution_date=20230513T220450, start_date=20230513T221516, end_date=20230513T221516
[2023-05-13T22:15:16.408+0000] {local_task_job.py:212} INFO - Task exited with return code 0
[2023-05-13T22:15:16.426+0000] {taskinstance.py:2596} INFO - 1 downstream tasks scheduled from follow-on schedule check
