[2023-06-22T02:44:31.659+0000] {taskinstance.py:1090} INFO - Dependencies all met for dep_context=non-requeueable deps ti=<TaskInstance: showpulse_dbt_dag.dbt_run scheduled__2023-06-22T02:43:28.440116+00:00 [queued]>
[2023-06-22T02:44:31.666+0000] {taskinstance.py:1090} INFO - Dependencies all met for dep_context=requeueable deps ti=<TaskInstance: showpulse_dbt_dag.dbt_run scheduled__2023-06-22T02:43:28.440116+00:00 [queued]>
[2023-06-22T02:44:31.666+0000] {taskinstance.py:1288} INFO - 
--------------------------------------------------------------------------------
[2023-06-22T02:44:31.667+0000] {taskinstance.py:1289} INFO - Starting attempt 1 of 1
[2023-06-22T02:44:31.667+0000] {taskinstance.py:1290} INFO - 
--------------------------------------------------------------------------------
[2023-06-22T02:44:31.676+0000] {taskinstance.py:1309} INFO - Executing <Task(BashOperator): dbt_run> on 2023-06-22 02:43:28.440116+00:00
[2023-06-22T02:44:31.679+0000] {standard_task_runner.py:55} INFO - Started process 13601 to run task
[2023-06-22T02:44:31.682+0000] {standard_task_runner.py:82} INFO - Running: ['***', 'tasks', 'run', 'showpulse_dbt_dag', 'dbt_run', 'scheduled__2023-06-22T02:43:28.440116+00:00', '--job-id', '1634', '--raw', '--subdir', 'DAGS_FOLDER/dbt_run.py', '--cfg-path', '/tmp/tmpr5acwtck']
[2023-06-22T02:44:31.683+0000] {standard_task_runner.py:83} INFO - Job 1634: Subtask dbt_run
[2023-06-22T02:44:31.738+0000] {task_command.py:389} INFO - Running <TaskInstance: showpulse_dbt_dag.dbt_run scheduled__2023-06-22T02:43:28.440116+00:00 [running]> on host 62cfed75eae1
[2023-06-22T02:44:31.791+0000] {taskinstance.py:1518} INFO - Exporting the following env vars:
AIRFLOW_CTX_DAG_OWNER=nburkett
AIRFLOW_CTX_DAG_ID=showpulse_dbt_dag
AIRFLOW_CTX_TASK_ID=dbt_run
AIRFLOW_CTX_EXECUTION_DATE=2023-06-22T02:43:28.440116+00:00
AIRFLOW_CTX_TRY_NUMBER=1
AIRFLOW_CTX_DAG_RUN_ID=scheduled__2023-06-22T02:43:28.440116+00:00
[2023-06-22T02:44:31.793+0000] {subprocess.py:63} INFO - Tmp dir root location: 
 /tmp
[2023-06-22T02:44:31.793+0000] {subprocess.py:75} INFO - Running command: ['/bin/bash', '-c', 'cd /dbt/ticketmaster_transformation && dbt run']
[2023-06-22T02:44:31.803+0000] {subprocess.py:86} INFO - Output:
[2023-06-22T02:44:33.525+0000] {subprocess.py:93} INFO - [0m02:44:33  Running with dbt=1.5.1
[2023-06-22T02:44:34.074+0000] {subprocess.py:93} INFO - [0m02:44:34  Found 4 models, 0 tests, 0 snapshots, 0 analyses, 356 macros, 0 operations, 0 seed files, 3 sources, 0 exposures, 0 metrics, 0 groups
[2023-06-22T02:44:34.077+0000] {subprocess.py:93} INFO - [0m02:44:34
[2023-06-22T02:44:34.971+0000] {subprocess.py:93} INFO - [0m02:44:34  Concurrency: 4 threads (target='dev')
[2023-06-22T02:44:34.976+0000] {subprocess.py:93} INFO - [0m02:44:34
[2023-06-22T02:44:34.994+0000] {subprocess.py:93} INFO - [0m02:44:34  1 of 4 START sql table model twitter_kafka_pyspark_test.distinct_data .......... [RUN]
[2023-06-22T02:44:34.996+0000] {subprocess.py:93} INFO - [0m02:44:34  2 of 4 START sql table model twitter_kafka_pyspark_test.dm_events .............. [RUN]
[2023-06-22T02:44:34.999+0000] {subprocess.py:93} INFO - [0m02:44:34  3 of 4 START sql table model twitter_kafka_pyspark_test.my_first_dbt_model ..... [RUN]
[2023-06-22T02:44:37.691+0000] {subprocess.py:93} INFO - [0m02:44:37  3 of 4 OK created sql table model twitter_kafka_pyspark_test.my_first_dbt_model  [[32mCREATE TABLE (2.0 rows, 0 processed)[0m in 2.68s]
[2023-06-22T02:44:37.698+0000] {subprocess.py:93} INFO - [0m02:44:37  4 of 4 START sql view model twitter_kafka_pyspark_test.my_second_dbt_model ..... [RUN]
[2023-06-22T02:44:37.868+0000] {subprocess.py:93} INFO - [0m02:44:37  1 of 4 OK created sql table model twitter_kafka_pyspark_test.distinct_data ..... [[32mCREATE TABLE (1.1k rows, 638.3 KiB processed)[0m in 2.86s]
[2023-06-22T02:44:38.167+0000] {subprocess.py:93} INFO - [0m02:44:38  2 of 4 OK created sql table model twitter_kafka_pyspark_test.dm_events ......... [[32mCREATE TABLE (1.3k rows, 178.2 KiB processed)[0m in 3.16s]
[2023-06-22T02:44:38.592+0000] {subprocess.py:93} INFO - [0m02:44:38  4 of 4 OK created sql view model twitter_kafka_pyspark_test.my_second_dbt_model  [[32mCREATE VIEW (0 processed)[0m in 0.89s]
[2023-06-22T02:44:38.690+0000] {subprocess.py:93} INFO - [0m02:44:38
[2023-06-22T02:44:38.693+0000] {subprocess.py:93} INFO - [0m02:44:38  Finished running 3 table models, 1 view model in 0 hours 0 minutes and 4.61 seconds (4.61s).
[2023-06-22T02:44:38.728+0000] {subprocess.py:93} INFO - [0m02:44:38
[2023-06-22T02:44:38.730+0000] {subprocess.py:93} INFO - [0m02:44:38  [32mCompleted successfully[0m
[2023-06-22T02:44:38.731+0000] {subprocess.py:93} INFO - [0m02:44:38
[2023-06-22T02:44:38.733+0000] {subprocess.py:93} INFO - [0m02:44:38  Done. PASS=4 WARN=0 ERROR=0 SKIP=0 TOTAL=4
[2023-06-22T02:44:39.234+0000] {subprocess.py:97} INFO - Command exited with return code 0
[2023-06-22T02:44:39.263+0000] {taskinstance.py:1332} INFO - Marking task as SUCCESS. dag_id=showpulse_dbt_dag, task_id=dbt_run, execution_date=20230622T024328, start_date=20230622T024431, end_date=20230622T024439
[2023-06-22T02:44:39.293+0000] {local_task_job.py:212} INFO - Task exited with return code 0
[2023-06-22T02:44:39.310+0000] {taskinstance.py:2596} INFO - 0 downstream tasks scheduled from follow-on schedule check
