[2023-06-22T23:44:17.461+0000] {taskinstance.py:1090} INFO - Dependencies all met for dep_context=non-requeueable deps ti=<TaskInstance: showpulse_dbt_dag.dbt_run scheduled__2023-06-22T23:42:28.217141+00:00 [queued]>
[2023-06-22T23:44:17.468+0000] {taskinstance.py:1090} INFO - Dependencies all met for dep_context=requeueable deps ti=<TaskInstance: showpulse_dbt_dag.dbt_run scheduled__2023-06-22T23:42:28.217141+00:00 [queued]>
[2023-06-22T23:44:17.468+0000] {taskinstance.py:1288} INFO - 
--------------------------------------------------------------------------------
[2023-06-22T23:44:17.469+0000] {taskinstance.py:1289} INFO - Starting attempt 1 of 1
[2023-06-22T23:44:17.469+0000] {taskinstance.py:1290} INFO - 
--------------------------------------------------------------------------------
[2023-06-22T23:44:17.477+0000] {taskinstance.py:1309} INFO - Executing <Task(BashOperator): dbt_run> on 2023-06-22 23:42:28.217141+00:00
[2023-06-22T23:44:17.480+0000] {standard_task_runner.py:55} INFO - Started process 19282 to run task
[2023-06-22T23:44:17.484+0000] {standard_task_runner.py:82} INFO - Running: ['***', 'tasks', 'run', 'showpulse_dbt_dag', 'dbt_run', 'scheduled__2023-06-22T23:42:28.217141+00:00', '--job-id', '2222', '--raw', '--subdir', 'DAGS_FOLDER/dbt_run.py', '--cfg-path', '/tmp/tmpdkxsjneq']
[2023-06-22T23:44:17.484+0000] {standard_task_runner.py:83} INFO - Job 2222: Subtask dbt_run
[2023-06-22T23:44:17.538+0000] {task_command.py:389} INFO - Running <TaskInstance: showpulse_dbt_dag.dbt_run scheduled__2023-06-22T23:42:28.217141+00:00 [running]> on host 62cfed75eae1
[2023-06-22T23:44:17.590+0000] {taskinstance.py:1518} INFO - Exporting the following env vars:
AIRFLOW_CTX_DAG_OWNER=nburkett
AIRFLOW_CTX_DAG_ID=showpulse_dbt_dag
AIRFLOW_CTX_TASK_ID=dbt_run
AIRFLOW_CTX_EXECUTION_DATE=2023-06-22T23:42:28.217141+00:00
AIRFLOW_CTX_TRY_NUMBER=1
AIRFLOW_CTX_DAG_RUN_ID=scheduled__2023-06-22T23:42:28.217141+00:00
[2023-06-22T23:44:17.591+0000] {subprocess.py:63} INFO - Tmp dir root location: 
 /tmp
[2023-06-22T23:44:17.592+0000] {subprocess.py:75} INFO - Running command: ['/bin/bash', '-c', 'cd /dbt/ticketmaster_transformation && dbt run']
[2023-06-22T23:44:17.600+0000] {subprocess.py:86} INFO - Output:
[2023-06-22T23:44:18.850+0000] {subprocess.py:93} INFO - [0m23:44:18  Running with dbt=1.5.1
[2023-06-22T23:44:19.311+0000] {subprocess.py:93} INFO - [0m23:44:19  Found 4 models, 0 tests, 0 snapshots, 0 analyses, 356 macros, 0 operations, 0 seed files, 3 sources, 0 exposures, 0 metrics, 0 groups
[2023-06-22T23:44:19.314+0000] {subprocess.py:93} INFO - [0m23:44:19
[2023-06-22T23:44:20.113+0000] {subprocess.py:93} INFO - [0m23:44:20  Concurrency: 4 threads (target='dev')
[2023-06-22T23:44:20.116+0000] {subprocess.py:93} INFO - [0m23:44:20
[2023-06-22T23:44:20.132+0000] {subprocess.py:93} INFO - [0m23:44:20  1 of 4 START sql table model twitter_kafka_pyspark_test.distinct_data .......... [RUN]
[2023-06-22T23:44:20.135+0000] {subprocess.py:93} INFO - [0m23:44:20  2 of 4 START sql table model twitter_kafka_pyspark_test.dm_events .............. [RUN]
[2023-06-22T23:44:20.138+0000] {subprocess.py:93} INFO - [0m23:44:20  3 of 4 START sql table model twitter_kafka_pyspark_test.my_first_dbt_model ..... [RUN]
[2023-06-22T23:44:22.910+0000] {subprocess.py:93} INFO - [0m23:44:22  3 of 4 OK created sql table model twitter_kafka_pyspark_test.my_first_dbt_model  [[32mCREATE TABLE (2.0 rows, 0 processed)[0m in 2.76s]
[2023-06-22T23:44:22.920+0000] {subprocess.py:93} INFO - [0m23:44:22  4 of 4 START sql view model twitter_kafka_pyspark_test.my_second_dbt_model ..... [RUN]
[2023-06-22T23:44:22.925+0000] {subprocess.py:93} INFO - [0m23:44:22  2 of 4 OK created sql table model twitter_kafka_pyspark_test.dm_events ......... [[32mCREATE TABLE (1.3k rows, 178.2 KiB processed)[0m in 2.78s]
[2023-06-22T23:44:23.319+0000] {subprocess.py:93} INFO - [0m23:44:23  1 of 4 OK created sql table model twitter_kafka_pyspark_test.distinct_data ..... [[32mCREATE TABLE (1.1k rows, 638.3 KiB processed)[0m in 3.18s]
[2023-06-22T23:44:23.947+0000] {subprocess.py:93} INFO - [0m23:44:23  4 of 4 OK created sql view model twitter_kafka_pyspark_test.my_second_dbt_model  [[32mCREATE VIEW (0 processed)[0m in 1.02s]
[2023-06-22T23:44:24.038+0000] {subprocess.py:93} INFO - [0m23:44:24
[2023-06-22T23:44:24.040+0000] {subprocess.py:93} INFO - [0m23:44:24  Finished running 3 table models, 1 view model in 0 hours 0 minutes and 4.72 seconds (4.72s).
[2023-06-22T23:44:24.067+0000] {subprocess.py:93} INFO - [0m23:44:24
[2023-06-22T23:44:24.068+0000] {subprocess.py:93} INFO - [0m23:44:24  [32mCompleted successfully[0m
[2023-06-22T23:44:24.070+0000] {subprocess.py:93} INFO - [0m23:44:24
[2023-06-22T23:44:24.071+0000] {subprocess.py:93} INFO - [0m23:44:24  Done. PASS=4 WARN=0 ERROR=0 SKIP=0 TOTAL=4
[2023-06-22T23:44:24.501+0000] {subprocess.py:97} INFO - Command exited with return code 0
[2023-06-22T23:44:24.527+0000] {taskinstance.py:1332} INFO - Marking task as SUCCESS. dag_id=showpulse_dbt_dag, task_id=dbt_run, execution_date=20230622T234228, start_date=20230622T234417, end_date=20230622T234424
[2023-06-22T23:44:24.555+0000] {local_task_job.py:212} INFO - Task exited with return code 0
[2023-06-22T23:44:24.569+0000] {taskinstance.py:2596} INFO - 0 downstream tasks scheduled from follow-on schedule check
