[2023-06-22T13:37:20.435+0000] {taskinstance.py:1090} INFO - Dependencies all met for dep_context=non-requeueable deps ti=<TaskInstance: showpulse_dbt_dag.dbt_run scheduled__2023-06-22T13:26:43.105024+00:00 [queued]>
[2023-06-22T13:37:20.441+0000] {taskinstance.py:1090} INFO - Dependencies all met for dep_context=requeueable deps ti=<TaskInstance: showpulse_dbt_dag.dbt_run scheduled__2023-06-22T13:26:43.105024+00:00 [queued]>
[2023-06-22T13:37:20.442+0000] {taskinstance.py:1288} INFO - 
--------------------------------------------------------------------------------
[2023-06-22T13:37:20.442+0000] {taskinstance.py:1289} INFO - Starting attempt 1 of 1
[2023-06-22T13:37:20.443+0000] {taskinstance.py:1290} INFO - 
--------------------------------------------------------------------------------
[2023-06-22T13:37:20.451+0000] {taskinstance.py:1309} INFO - Executing <Task(BashOperator): dbt_run> on 2023-06-22 13:26:43.105024+00:00
[2023-06-22T13:37:20.455+0000] {standard_task_runner.py:55} INFO - Started process 16362 to run task
[2023-06-22T13:37:20.458+0000] {standard_task_runner.py:82} INFO - Running: ['***', 'tasks', 'run', 'showpulse_dbt_dag', 'dbt_run', 'scheduled__2023-06-22T13:26:43.105024+00:00', '--job-id', '1894', '--raw', '--subdir', 'DAGS_FOLDER/dbt_run.py', '--cfg-path', '/tmp/tmp28sasq4m']
[2023-06-22T13:37:20.459+0000] {standard_task_runner.py:83} INFO - Job 1894: Subtask dbt_run
[2023-06-22T13:37:20.513+0000] {task_command.py:389} INFO - Running <TaskInstance: showpulse_dbt_dag.dbt_run scheduled__2023-06-22T13:26:43.105024+00:00 [running]> on host 62cfed75eae1
[2023-06-22T13:37:20.565+0000] {taskinstance.py:1518} INFO - Exporting the following env vars:
AIRFLOW_CTX_DAG_OWNER=nburkett
AIRFLOW_CTX_DAG_ID=showpulse_dbt_dag
AIRFLOW_CTX_TASK_ID=dbt_run
AIRFLOW_CTX_EXECUTION_DATE=2023-06-22T13:26:43.105024+00:00
AIRFLOW_CTX_TRY_NUMBER=1
AIRFLOW_CTX_DAG_RUN_ID=scheduled__2023-06-22T13:26:43.105024+00:00
[2023-06-22T13:37:20.567+0000] {subprocess.py:63} INFO - Tmp dir root location: 
 /tmp
[2023-06-22T13:37:20.567+0000] {subprocess.py:75} INFO - Running command: ['/bin/bash', '-c', 'cd /dbt/ticketmaster_transformation && dbt run']
[2023-06-22T13:37:20.576+0000] {subprocess.py:86} INFO - Output:
[2023-06-22T13:37:21.865+0000] {subprocess.py:93} INFO - [0m13:37:21  Running with dbt=1.5.1
[2023-06-22T13:37:22.383+0000] {subprocess.py:93} INFO - [0m13:37:22  Found 4 models, 0 tests, 0 snapshots, 0 analyses, 356 macros, 0 operations, 0 seed files, 3 sources, 0 exposures, 0 metrics, 0 groups
[2023-06-22T13:37:22.385+0000] {subprocess.py:93} INFO - [0m13:37:22
[2023-06-22T13:37:23.229+0000] {subprocess.py:93} INFO - [0m13:37:23  Concurrency: 4 threads (target='dev')
[2023-06-22T13:37:23.231+0000] {subprocess.py:93} INFO - [0m13:37:23
[2023-06-22T13:37:23.245+0000] {subprocess.py:93} INFO - [0m13:37:23  1 of 4 START sql table model twitter_kafka_pyspark_test.distinct_data .......... [RUN]
[2023-06-22T13:37:23.247+0000] {subprocess.py:93} INFO - [0m13:37:23  2 of 4 START sql table model twitter_kafka_pyspark_test.dm_events .............. [RUN]
[2023-06-22T13:37:23.249+0000] {subprocess.py:93} INFO - [0m13:37:23  3 of 4 START sql table model twitter_kafka_pyspark_test.my_first_dbt_model ..... [RUN]
[2023-06-22T13:37:41.168+0000] {subprocess.py:93} INFO - [0m13:37:41  2 of 4 OK created sql table model twitter_kafka_pyspark_test.dm_events ......... [[32mCREATE TABLE (1.3k rows, 178.2 KiB processed)[0m in 17.91s]
[2023-06-22T13:37:42.158+0000] {subprocess.py:93} INFO - [0m13:37:42  3 of 4 OK created sql table model twitter_kafka_pyspark_test.my_first_dbt_model  [[32mCREATE TABLE (2.0 rows, 0 processed)[0m in 18.90s]
[2023-06-22T13:37:42.163+0000] {subprocess.py:93} INFO - [0m13:37:42  4 of 4 START sql view model twitter_kafka_pyspark_test.my_second_dbt_model ..... [RUN]
[2023-06-22T13:37:43.259+0000] {subprocess.py:93} INFO - [0m13:37:43  1 of 4 OK created sql table model twitter_kafka_pyspark_test.distinct_data ..... [[32mCREATE TABLE (1.1k rows, 638.3 KiB processed)[0m in 20.00s]
[2023-06-22T13:37:43.713+0000] {subprocess.py:93} INFO - [0m13:37:43  4 of 4 OK created sql view model twitter_kafka_pyspark_test.my_second_dbt_model  [[32mCREATE VIEW (0 processed)[0m in 1.54s]
[2023-06-22T13:37:43.763+0000] {subprocess.py:93} INFO - [0m13:37:43
[2023-06-22T13:37:43.765+0000] {subprocess.py:93} INFO - [0m13:37:43  Finished running 3 table models, 1 view model in 0 hours 0 minutes and 21.38 seconds (21.38s).
[2023-06-22T13:37:43.784+0000] {subprocess.py:93} INFO - [0m13:37:43
[2023-06-22T13:37:43.785+0000] {subprocess.py:93} INFO - [0m13:37:43  [32mCompleted successfully[0m
[2023-06-22T13:37:43.786+0000] {subprocess.py:93} INFO - [0m13:37:43
[2023-06-22T13:37:43.787+0000] {subprocess.py:93} INFO - [0m13:37:43  Done. PASS=4 WARN=0 ERROR=0 SKIP=0 TOTAL=4
[2023-06-22T13:37:44.279+0000] {subprocess.py:97} INFO - Command exited with return code 0
[2023-06-22T13:37:44.311+0000] {taskinstance.py:1332} INFO - Marking task as SUCCESS. dag_id=showpulse_dbt_dag, task_id=dbt_run, execution_date=20230622T132643, start_date=20230622T133720, end_date=20230622T133744
[2023-06-22T13:37:44.353+0000] {local_task_job.py:212} INFO - Task exited with return code 0
[2023-06-22T13:37:44.369+0000] {taskinstance.py:2596} INFO - 0 downstream tasks scheduled from follow-on schedule check
