[2023-06-21T00:30:45.930+0000] {taskinstance.py:1090} INFO - Dependencies all met for dep_context=non-requeueable deps ti=<TaskInstance: showpulse_dbt_dag.dbt_run scheduled__2023-06-21T00:29:42.645289+00:00 [queued]>
[2023-06-21T00:30:45.937+0000] {taskinstance.py:1090} INFO - Dependencies all met for dep_context=requeueable deps ti=<TaskInstance: showpulse_dbt_dag.dbt_run scheduled__2023-06-21T00:29:42.645289+00:00 [queued]>
[2023-06-21T00:30:45.938+0000] {taskinstance.py:1288} INFO - 
--------------------------------------------------------------------------------
[2023-06-21T00:30:45.938+0000] {taskinstance.py:1289} INFO - Starting attempt 1 of 1
[2023-06-21T00:30:45.939+0000] {taskinstance.py:1290} INFO - 
--------------------------------------------------------------------------------
[2023-06-21T00:30:45.951+0000] {taskinstance.py:1309} INFO - Executing <Task(BashOperator): dbt_run> on 2023-06-21 00:29:42.645289+00:00
[2023-06-21T00:30:45.955+0000] {standard_task_runner.py:55} INFO - Started process 502 to run task
[2023-06-21T00:30:45.958+0000] {standard_task_runner.py:82} INFO - Running: ['***', 'tasks', 'run', 'showpulse_dbt_dag', 'dbt_run', 'scheduled__2023-06-21T00:29:42.645289+00:00', '--job-id', '418', '--raw', '--subdir', 'DAGS_FOLDER/dbt_run.py', '--cfg-path', '/tmp/tmpx_n03z59']
[2023-06-21T00:30:45.959+0000] {standard_task_runner.py:83} INFO - Job 418: Subtask dbt_run
[2023-06-21T00:30:46.017+0000] {task_command.py:389} INFO - Running <TaskInstance: showpulse_dbt_dag.dbt_run scheduled__2023-06-21T00:29:42.645289+00:00 [running]> on host 62cfed75eae1
[2023-06-21T00:30:46.070+0000] {taskinstance.py:1518} INFO - Exporting the following env vars:
AIRFLOW_CTX_DAG_OWNER=nburkett
AIRFLOW_CTX_DAG_ID=showpulse_dbt_dag
AIRFLOW_CTX_TASK_ID=dbt_run
AIRFLOW_CTX_EXECUTION_DATE=2023-06-21T00:29:42.645289+00:00
AIRFLOW_CTX_TRY_NUMBER=1
AIRFLOW_CTX_DAG_RUN_ID=scheduled__2023-06-21T00:29:42.645289+00:00
[2023-06-21T00:30:46.071+0000] {subprocess.py:63} INFO - Tmp dir root location: 
 /tmp
[2023-06-21T00:30:46.072+0000] {subprocess.py:75} INFO - Running command: ['/bin/bash', '-c', 'cd /dbt/ticketmaster_transformation && dbt run']
[2023-06-21T00:30:46.080+0000] {subprocess.py:86} INFO - Output:
[2023-06-21T00:30:47.526+0000] {subprocess.py:93} INFO - [0m00:30:47  Running with dbt=1.5.1
[2023-06-21T00:30:48.175+0000] {subprocess.py:93} INFO - [0m00:30:48  Found 4 models, 0 tests, 0 snapshots, 0 analyses, 356 macros, 0 operations, 0 seed files, 3 sources, 0 exposures, 0 metrics, 0 groups
[2023-06-21T00:30:48.178+0000] {subprocess.py:93} INFO - [0m00:30:48
[2023-06-21T00:30:48.998+0000] {subprocess.py:93} INFO - [0m00:30:48  Concurrency: 4 threads (target='dev')
[2023-06-21T00:30:48.999+0000] {subprocess.py:93} INFO - [0m00:30:48
[2023-06-21T00:30:49.008+0000] {subprocess.py:93} INFO - [0m00:30:49  1 of 4 START sql table model twitter_kafka_pyspark_test.distinct_data .......... [RUN]
[2023-06-21T00:30:49.009+0000] {subprocess.py:93} INFO - [0m00:30:49  2 of 4 START sql table model twitter_kafka_pyspark_test.dm_events .............. [RUN]
[2023-06-21T00:30:49.011+0000] {subprocess.py:93} INFO - [0m00:30:49  3 of 4 START sql table model twitter_kafka_pyspark_test.my_first_dbt_model ..... [RUN]
[2023-06-21T00:30:52.134+0000] {subprocess.py:93} INFO - [0m00:30:52  3 of 4 OK created sql table model twitter_kafka_pyspark_test.my_first_dbt_model  [[32mCREATE TABLE (2.0 rows, 0 processed)[0m in 3.12s]
[2023-06-21T00:30:52.138+0000] {subprocess.py:93} INFO - [0m00:30:52  4 of 4 START sql view model twitter_kafka_pyspark_test.my_second_dbt_model ..... [RUN]
[2023-06-21T00:30:52.354+0000] {subprocess.py:93} INFO - [0m00:30:52  1 of 4 OK created sql table model twitter_kafka_pyspark_test.distinct_data ..... [[32mCREATE TABLE (1.1k rows, 638.3 KiB processed)[0m in 3.34s]
[2023-06-21T00:30:52.470+0000] {subprocess.py:93} INFO - [0m00:30:52  2 of 4 OK created sql table model twitter_kafka_pyspark_test.dm_events ......... [[32mCREATE TABLE (1.3k rows, 178.2 KiB processed)[0m in 3.45s]
[2023-06-21T00:30:53.171+0000] {subprocess.py:93} INFO - [0m00:30:53  4 of 4 OK created sql view model twitter_kafka_pyspark_test.my_second_dbt_model  [[32mCREATE VIEW (0 processed)[0m in 1.03s]
[2023-06-21T00:30:53.200+0000] {subprocess.py:93} INFO - [0m00:30:53
[2023-06-21T00:30:53.202+0000] {subprocess.py:93} INFO - [0m00:30:53  Finished running 3 table models, 1 view model in 0 hours 0 minutes and 5.02 seconds (5.02s).
[2023-06-21T00:30:53.229+0000] {subprocess.py:93} INFO - [0m00:30:53
[2023-06-21T00:30:53.231+0000] {subprocess.py:93} INFO - [0m00:30:53  [32mCompleted successfully[0m
[2023-06-21T00:30:53.232+0000] {subprocess.py:93} INFO - [0m00:30:53
[2023-06-21T00:30:53.233+0000] {subprocess.py:93} INFO - [0m00:30:53  Done. PASS=4 WARN=0 ERROR=0 SKIP=0 TOTAL=4
[2023-06-21T00:30:53.648+0000] {subprocess.py:97} INFO - Command exited with return code 0
[2023-06-21T00:30:53.671+0000] {taskinstance.py:1332} INFO - Marking task as SUCCESS. dag_id=showpulse_dbt_dag, task_id=dbt_run, execution_date=20230621T002942, start_date=20230621T003045, end_date=20230621T003053
[2023-06-21T00:30:53.694+0000] {local_task_job.py:212} INFO - Task exited with return code 0
[2023-06-21T00:30:53.708+0000] {taskinstance.py:2596} INFO - 0 downstream tasks scheduled from follow-on schedule check
