[2023-06-20T01:20:03.378+0000] {taskinstance.py:1090} INFO - Dependencies all met for dep_context=non-requeueable deps ti=<TaskInstance: showpulse_dbt_dag.dbt_run scheduled__2023-06-20T01:18:59.130209+00:00 [queued]>
[2023-06-20T01:20:03.385+0000] {taskinstance.py:1090} INFO - Dependencies all met for dep_context=requeueable deps ti=<TaskInstance: showpulse_dbt_dag.dbt_run scheduled__2023-06-20T01:18:59.130209+00:00 [queued]>
[2023-06-20T01:20:03.386+0000] {taskinstance.py:1288} INFO - 
--------------------------------------------------------------------------------
[2023-06-20T01:20:03.387+0000] {taskinstance.py:1289} INFO - Starting attempt 1 of 1
[2023-06-20T01:20:03.387+0000] {taskinstance.py:1290} INFO - 
--------------------------------------------------------------------------------
[2023-06-20T01:20:03.396+0000] {taskinstance.py:1309} INFO - Executing <Task(BashOperator): dbt_run> on 2023-06-20 01:18:59.130209+00:00
[2023-06-20T01:20:03.400+0000] {standard_task_runner.py:55} INFO - Started process 701 to run task
[2023-06-20T01:20:03.403+0000] {standard_task_runner.py:82} INFO - Running: ['***', 'tasks', 'run', 'showpulse_dbt_dag', 'dbt_run', 'scheduled__2023-06-20T01:18:59.130209+00:00', '--job-id', '376', '--raw', '--subdir', 'DAGS_FOLDER/dbt_run.py', '--cfg-path', '/tmp/tmpvaicn6kw']
[2023-06-20T01:20:03.404+0000] {standard_task_runner.py:83} INFO - Job 376: Subtask dbt_run
[2023-06-20T01:20:03.462+0000] {task_command.py:389} INFO - Running <TaskInstance: showpulse_dbt_dag.dbt_run scheduled__2023-06-20T01:18:59.130209+00:00 [running]> on host 62cfed75eae1
[2023-06-20T01:20:03.516+0000] {taskinstance.py:1518} INFO - Exporting the following env vars:
AIRFLOW_CTX_DAG_OWNER=nburkett
AIRFLOW_CTX_DAG_ID=showpulse_dbt_dag
AIRFLOW_CTX_TASK_ID=dbt_run
AIRFLOW_CTX_EXECUTION_DATE=2023-06-20T01:18:59.130209+00:00
AIRFLOW_CTX_TRY_NUMBER=1
AIRFLOW_CTX_DAG_RUN_ID=scheduled__2023-06-20T01:18:59.130209+00:00
[2023-06-20T01:20:03.517+0000] {subprocess.py:63} INFO - Tmp dir root location: 
 /tmp
[2023-06-20T01:20:03.518+0000] {subprocess.py:75} INFO - Running command: ['/bin/bash', '-c', 'cd /dbt/ticketmaster_transformation && dbt run']
[2023-06-20T01:20:03.529+0000] {subprocess.py:86} INFO - Output:
[2023-06-20T01:20:04.806+0000] {subprocess.py:93} INFO - [0m01:20:04  Running with dbt=1.5.1
[2023-06-20T01:20:05.287+0000] {subprocess.py:93} INFO - [0m01:20:05  Found 4 models, 0 tests, 0 snapshots, 0 analyses, 356 macros, 0 operations, 0 seed files, 3 sources, 0 exposures, 0 metrics, 0 groups
[2023-06-20T01:20:05.290+0000] {subprocess.py:93} INFO - [0m01:20:05
[2023-06-20T01:20:07.156+0000] {subprocess.py:93} INFO - [0m01:20:07  Concurrency: 4 threads (target='dev')
[2023-06-20T01:20:07.158+0000] {subprocess.py:93} INFO - [0m01:20:07
[2023-06-20T01:20:07.173+0000] {subprocess.py:93} INFO - [0m01:20:07  1 of 4 START sql table model twitter_kafka_pyspark_test.distinct_data .......... [RUN]
[2023-06-20T01:20:07.175+0000] {subprocess.py:93} INFO - [0m01:20:07  2 of 4 START sql table model twitter_kafka_pyspark_test.dm_events .............. [RUN]
[2023-06-20T01:20:07.177+0000] {subprocess.py:93} INFO - [0m01:20:07  3 of 4 START sql table model twitter_kafka_pyspark_test.my_first_dbt_model ..... [RUN]
[2023-06-20T01:20:10.101+0000] {subprocess.py:93} INFO - [0m01:20:10  3 of 4 OK created sql table model twitter_kafka_pyspark_test.my_first_dbt_model  [[32mCREATE TABLE (2.0 rows, 0 processed)[0m in 2.92s]
[2023-06-20T01:20:10.106+0000] {subprocess.py:93} INFO - [0m01:20:10  4 of 4 START sql view model twitter_kafka_pyspark_test.my_second_dbt_model ..... [RUN]
[2023-06-20T01:20:10.192+0000] {subprocess.py:93} INFO - [0m01:20:10  2 of 4 OK created sql table model twitter_kafka_pyspark_test.dm_events ......... [[32mCREATE TABLE (1.3k rows, 172.5 KiB processed)[0m in 3.01s]
[2023-06-20T01:20:10.415+0000] {subprocess.py:93} INFO - [0m01:20:10  1 of 4 OK created sql table model twitter_kafka_pyspark_test.distinct_data ..... [[32mCREATE TABLE (1.0k rows, 614.3 KiB processed)[0m in 3.23s]
[2023-06-20T01:20:11.115+0000] {subprocess.py:93} INFO - [0m01:20:11  4 of 4 OK created sql view model twitter_kafka_pyspark_test.my_second_dbt_model  [[32mCREATE VIEW (0 processed)[0m in 1.01s]
[2023-06-20T01:20:11.235+0000] {subprocess.py:93} INFO - [0m01:20:11
[2023-06-20T01:20:11.236+0000] {subprocess.py:93} INFO - [0m01:20:11  Finished running 3 table models, 1 view model in 0 hours 0 minutes and 5.94 seconds (5.94s).
[2023-06-20T01:20:11.257+0000] {subprocess.py:93} INFO - [0m01:20:11
[2023-06-20T01:20:11.259+0000] {subprocess.py:93} INFO - [0m01:20:11  [32mCompleted successfully[0m
[2023-06-20T01:20:11.260+0000] {subprocess.py:93} INFO - [0m01:20:11
[2023-06-20T01:20:11.262+0000] {subprocess.py:93} INFO - [0m01:20:11  Done. PASS=4 WARN=0 ERROR=0 SKIP=0 TOTAL=4
[2023-06-20T01:20:11.707+0000] {subprocess.py:97} INFO - Command exited with return code 0
[2023-06-20T01:20:11.732+0000] {taskinstance.py:1332} INFO - Marking task as SUCCESS. dag_id=showpulse_dbt_dag, task_id=dbt_run, execution_date=20230620T011859, start_date=20230620T012003, end_date=20230620T012011
[2023-06-20T01:20:11.767+0000] {local_task_job.py:212} INFO - Task exited with return code 0
[2023-06-20T01:20:11.781+0000] {taskinstance.py:2596} INFO - 0 downstream tasks scheduled from follow-on schedule check
