[2023-06-21T17:53:47.907+0000] {taskinstance.py:1090} INFO - Dependencies all met for dep_context=non-requeueable deps ti=<TaskInstance: showpulse_dbt_dag.dbt_change_dir scheduled__2023-06-21T17:52:45.693028+00:00 [queued]>
[2023-06-21T17:53:47.914+0000] {taskinstance.py:1090} INFO - Dependencies all met for dep_context=requeueable deps ti=<TaskInstance: showpulse_dbt_dag.dbt_change_dir scheduled__2023-06-21T17:52:45.693028+00:00 [queued]>
[2023-06-21T17:53:47.915+0000] {taskinstance.py:1288} INFO - 
--------------------------------------------------------------------------------
[2023-06-21T17:53:47.915+0000] {taskinstance.py:1289} INFO - Starting attempt 1 of 1
[2023-06-21T17:53:47.916+0000] {taskinstance.py:1290} INFO - 
--------------------------------------------------------------------------------
[2023-06-21T17:53:47.925+0000] {taskinstance.py:1309} INFO - Executing <Task(BashOperator): dbt_change_dir> on 2023-06-21 17:52:45.693028+00:00
[2023-06-21T17:53:47.929+0000] {standard_task_runner.py:55} INFO - Started process 5073 to run task
[2023-06-21T17:53:47.935+0000] {standard_task_runner.py:82} INFO - Running: ['***', 'tasks', 'run', 'showpulse_dbt_dag', 'dbt_change_dir', 'scheduled__2023-06-21T17:52:45.693028+00:00', '--job-id', '876', '--raw', '--subdir', 'DAGS_FOLDER/dbt_run.py', '--cfg-path', '/tmp/tmp_96t_ybz']
[2023-06-21T17:53:47.936+0000] {standard_task_runner.py:83} INFO - Job 876: Subtask dbt_change_dir
[2023-06-21T17:53:48.001+0000] {task_command.py:389} INFO - Running <TaskInstance: showpulse_dbt_dag.dbt_change_dir scheduled__2023-06-21T17:52:45.693028+00:00 [running]> on host 62cfed75eae1
[2023-06-21T17:53:48.056+0000] {taskinstance.py:1518} INFO - Exporting the following env vars:
AIRFLOW_CTX_DAG_OWNER=nburkett
AIRFLOW_CTX_DAG_ID=showpulse_dbt_dag
AIRFLOW_CTX_TASK_ID=dbt_change_dir
AIRFLOW_CTX_EXECUTION_DATE=2023-06-21T17:52:45.693028+00:00
AIRFLOW_CTX_TRY_NUMBER=1
AIRFLOW_CTX_DAG_RUN_ID=scheduled__2023-06-21T17:52:45.693028+00:00
[2023-06-21T17:53:48.057+0000] {subprocess.py:63} INFO - Tmp dir root location: 
 /tmp
[2023-06-21T17:53:48.058+0000] {subprocess.py:75} INFO - Running command: ['/bin/bash', '-c', 'cd /dbt/ticketmaster_transformation']
[2023-06-21T17:53:48.066+0000] {subprocess.py:86} INFO - Output:
[2023-06-21T17:53:48.068+0000] {subprocess.py:97} INFO - Command exited with return code 0
[2023-06-21T17:53:48.090+0000] {taskinstance.py:1332} INFO - Marking task as SUCCESS. dag_id=showpulse_dbt_dag, task_id=dbt_change_dir, execution_date=20230621T175245, start_date=20230621T175347, end_date=20230621T175348
[2023-06-21T17:53:48.110+0000] {local_task_job.py:212} INFO - Task exited with return code 0
[2023-06-21T17:53:48.130+0000] {taskinstance.py:2596} INFO - 1 downstream tasks scheduled from follow-on schedule check
