[2023-06-23T02:25:32.345+0000] {taskinstance.py:1090} INFO - Dependencies all met for dep_context=non-requeueable deps ti=<TaskInstance: showpulse_dbt_dag.pwd1 scheduled__2023-06-23T02:24:31.696804+00:00 [queued]>
[2023-06-23T02:25:32.352+0000] {taskinstance.py:1090} INFO - Dependencies all met for dep_context=requeueable deps ti=<TaskInstance: showpulse_dbt_dag.pwd1 scheduled__2023-06-23T02:24:31.696804+00:00 [queued]>
[2023-06-23T02:25:32.353+0000] {taskinstance.py:1288} INFO - 
--------------------------------------------------------------------------------
[2023-06-23T02:25:32.353+0000] {taskinstance.py:1289} INFO - Starting attempt 1 of 1
[2023-06-23T02:25:32.354+0000] {taskinstance.py:1290} INFO - 
--------------------------------------------------------------------------------
[2023-06-23T02:25:32.362+0000] {taskinstance.py:1309} INFO - Executing <Task(BashOperator): pwd1> on 2023-06-23 02:24:31.696804+00:00
[2023-06-23T02:25:32.366+0000] {standard_task_runner.py:55} INFO - Started process 25897 to run task
[2023-06-23T02:25:32.370+0000] {standard_task_runner.py:82} INFO - Running: ['***', 'tasks', 'run', 'showpulse_dbt_dag', 'pwd1', 'scheduled__2023-06-23T02:24:31.696804+00:00', '--job-id', '2767', '--raw', '--subdir', 'DAGS_FOLDER/dbt_run.py', '--cfg-path', '/tmp/tmpwtroyep3']
[2023-06-23T02:25:32.370+0000] {standard_task_runner.py:83} INFO - Job 2767: Subtask pwd1
[2023-06-23T02:25:32.428+0000] {task_command.py:389} INFO - Running <TaskInstance: showpulse_dbt_dag.pwd1 scheduled__2023-06-23T02:24:31.696804+00:00 [running]> on host 62cfed75eae1
[2023-06-23T02:25:32.481+0000] {taskinstance.py:1518} INFO - Exporting the following env vars:
AIRFLOW_CTX_DAG_OWNER=nburkett
AIRFLOW_CTX_DAG_ID=showpulse_dbt_dag
AIRFLOW_CTX_TASK_ID=pwd1
AIRFLOW_CTX_EXECUTION_DATE=2023-06-23T02:24:31.696804+00:00
AIRFLOW_CTX_TRY_NUMBER=1
AIRFLOW_CTX_DAG_RUN_ID=scheduled__2023-06-23T02:24:31.696804+00:00
[2023-06-23T02:25:32.483+0000] {subprocess.py:63} INFO - Tmp dir root location: 
 /tmp
[2023-06-23T02:25:32.484+0000] {subprocess.py:75} INFO - Running command: ['/bin/bash', '-c', 'pwd && ls']
[2023-06-23T02:25:32.493+0000] {subprocess.py:86} INFO - Output:
[2023-06-23T02:25:32.496+0000] {subprocess.py:93} INFO - /tmp/***tmpir7d9hya
[2023-06-23T02:25:32.498+0000] {subprocess.py:97} INFO - Command exited with return code 0
[2023-06-23T02:25:32.519+0000] {taskinstance.py:1332} INFO - Marking task as SUCCESS. dag_id=showpulse_dbt_dag, task_id=pwd1, execution_date=20230623T022431, start_date=20230623T022532, end_date=20230623T022532
[2023-06-23T02:25:32.544+0000] {local_task_job.py:212} INFO - Task exited with return code 0
[2023-06-23T02:25:32.565+0000] {taskinstance.py:2596} INFO - 1 downstream tasks scheduled from follow-on schedule check
