[2023-06-22T03:07:32.516+0000] {taskinstance.py:1090} INFO - Dependencies all met for dep_context=non-requeueable deps ti=<TaskInstance: showpulse_dbt_dag.dbt_run scheduled__2023-06-22T03:06:28.440116+00:00 [queued]>
[2023-06-22T03:07:32.523+0000] {taskinstance.py:1090} INFO - Dependencies all met for dep_context=requeueable deps ti=<TaskInstance: showpulse_dbt_dag.dbt_run scheduled__2023-06-22T03:06:28.440116+00:00 [queued]>
[2023-06-22T03:07:32.524+0000] {taskinstance.py:1288} INFO - 
--------------------------------------------------------------------------------
[2023-06-22T03:07:32.525+0000] {taskinstance.py:1289} INFO - Starting attempt 1 of 1
[2023-06-22T03:07:32.525+0000] {taskinstance.py:1290} INFO - 
--------------------------------------------------------------------------------
[2023-06-22T03:07:32.534+0000] {taskinstance.py:1309} INFO - Executing <Task(BashOperator): dbt_run> on 2023-06-22 03:06:28.440116+00:00
[2023-06-22T03:07:32.538+0000] {standard_task_runner.py:55} INFO - Started process 14765 to run task
[2023-06-22T03:07:32.541+0000] {standard_task_runner.py:82} INFO - Running: ['***', 'tasks', 'run', 'showpulse_dbt_dag', 'dbt_run', 'scheduled__2023-06-22T03:06:28.440116+00:00', '--job-id', '1726', '--raw', '--subdir', 'DAGS_FOLDER/dbt_run.py', '--cfg-path', '/tmp/tmpo6caayp1']
[2023-06-22T03:07:32.542+0000] {standard_task_runner.py:83} INFO - Job 1726: Subtask dbt_run
[2023-06-22T03:07:32.605+0000] {task_command.py:389} INFO - Running <TaskInstance: showpulse_dbt_dag.dbt_run scheduled__2023-06-22T03:06:28.440116+00:00 [running]> on host 62cfed75eae1
[2023-06-22T03:07:32.670+0000] {taskinstance.py:1518} INFO - Exporting the following env vars:
AIRFLOW_CTX_DAG_OWNER=nburkett
AIRFLOW_CTX_DAG_ID=showpulse_dbt_dag
AIRFLOW_CTX_TASK_ID=dbt_run
AIRFLOW_CTX_EXECUTION_DATE=2023-06-22T03:06:28.440116+00:00
AIRFLOW_CTX_TRY_NUMBER=1
AIRFLOW_CTX_DAG_RUN_ID=scheduled__2023-06-22T03:06:28.440116+00:00
[2023-06-22T03:07:32.671+0000] {subprocess.py:63} INFO - Tmp dir root location: 
 /tmp
[2023-06-22T03:07:32.672+0000] {subprocess.py:75} INFO - Running command: ['/bin/bash', '-c', 'cd /dbt/ticketmaster_transformation && dbt run']
[2023-06-22T03:07:32.685+0000] {subprocess.py:86} INFO - Output:
[2023-06-22T03:07:33.940+0000] {subprocess.py:93} INFO - [0m03:07:33  Running with dbt=1.5.1
[2023-06-22T03:07:34.427+0000] {subprocess.py:93} INFO - [0m03:07:34  Found 4 models, 0 tests, 0 snapshots, 0 analyses, 356 macros, 0 operations, 0 seed files, 3 sources, 0 exposures, 0 metrics, 0 groups
[2023-06-22T03:07:34.430+0000] {subprocess.py:93} INFO - [0m03:07:34
[2023-06-22T03:07:35.545+0000] {subprocess.py:93} INFO - [0m03:07:35  Concurrency: 4 threads (target='dev')
[2023-06-22T03:07:35.548+0000] {subprocess.py:93} INFO - [0m03:07:35
[2023-06-22T03:07:35.563+0000] {subprocess.py:93} INFO - [0m03:07:35  1 of 4 START sql table model twitter_kafka_pyspark_test.distinct_data .......... [RUN]
[2023-06-22T03:07:35.566+0000] {subprocess.py:93} INFO - [0m03:07:35  2 of 4 START sql table model twitter_kafka_pyspark_test.dm_events .............. [RUN]
[2023-06-22T03:07:35.569+0000] {subprocess.py:93} INFO - [0m03:07:35  3 of 4 START sql table model twitter_kafka_pyspark_test.my_first_dbt_model ..... [RUN]
[2023-06-22T03:07:38.571+0000] {subprocess.py:93} INFO - [0m03:07:38  2 of 4 OK created sql table model twitter_kafka_pyspark_test.dm_events ......... [[32mCREATE TABLE (1.3k rows, 178.2 KiB processed)[0m in 2.99s]
[2023-06-22T03:07:38.574+0000] {subprocess.py:93} INFO - [0m03:07:38  3 of 4 OK created sql table model twitter_kafka_pyspark_test.my_first_dbt_model  [[32mCREATE TABLE (2.0 rows, 0 processed)[0m in 2.99s]
[2023-06-22T03:07:38.585+0000] {subprocess.py:93} INFO - [0m03:07:38  4 of 4 START sql view model twitter_kafka_pyspark_test.my_second_dbt_model ..... [RUN]
[2023-06-22T03:07:39.075+0000] {subprocess.py:93} INFO - [0m03:07:39  1 of 4 OK created sql table model twitter_kafka_pyspark_test.distinct_data ..... [[32mCREATE TABLE (1.1k rows, 638.3 KiB processed)[0m in 3.50s]
[2023-06-22T03:07:39.591+0000] {subprocess.py:93} INFO - [0m03:07:39  4 of 4 OK created sql view model twitter_kafka_pyspark_test.my_second_dbt_model  [[32mCREATE VIEW (0 processed)[0m in 1.00s]
[2023-06-22T03:07:39.682+0000] {subprocess.py:93} INFO - [0m03:07:39
[2023-06-22T03:07:39.685+0000] {subprocess.py:93} INFO - [0m03:07:39  Finished running 3 table models, 1 view model in 0 hours 0 minutes and 5.25 seconds (5.25s).
[2023-06-22T03:07:39.720+0000] {subprocess.py:93} INFO - [0m03:07:39
[2023-06-22T03:07:39.722+0000] {subprocess.py:93} INFO - [0m03:07:39  [32mCompleted successfully[0m
[2023-06-22T03:07:39.723+0000] {subprocess.py:93} INFO - [0m03:07:39
[2023-06-22T03:07:39.725+0000] {subprocess.py:93} INFO - [0m03:07:39  Done. PASS=4 WARN=0 ERROR=0 SKIP=0 TOTAL=4
[2023-06-22T03:07:40.165+0000] {subprocess.py:97} INFO - Command exited with return code 0
[2023-06-22T03:07:40.188+0000] {taskinstance.py:1332} INFO - Marking task as SUCCESS. dag_id=showpulse_dbt_dag, task_id=dbt_run, execution_date=20230622T030628, start_date=20230622T030732, end_date=20230622T030740
[2023-06-22T03:07:40.216+0000] {local_task_job.py:212} INFO - Task exited with return code 0
[2023-06-22T03:07:40.229+0000] {taskinstance.py:2596} INFO - 0 downstream tasks scheduled from follow-on schedule check
