[2023-06-23T00:59:35.511+0000] {taskinstance.py:1090} INFO - Dependencies all met for dep_context=non-requeueable deps ti=<TaskInstance: showpulse_dbt_dag.dbt_run scheduled__2023-06-23T00:58:30.826087+00:00 [queued]>
[2023-06-23T00:59:35.518+0000] {taskinstance.py:1090} INFO - Dependencies all met for dep_context=requeueable deps ti=<TaskInstance: showpulse_dbt_dag.dbt_run scheduled__2023-06-23T00:58:30.826087+00:00 [queued]>
[2023-06-23T00:59:35.519+0000] {taskinstance.py:1288} INFO - 
--------------------------------------------------------------------------------
[2023-06-23T00:59:35.519+0000] {taskinstance.py:1289} INFO - Starting attempt 1 of 1
[2023-06-23T00:59:35.520+0000] {taskinstance.py:1290} INFO - 
--------------------------------------------------------------------------------
[2023-06-23T00:59:35.528+0000] {taskinstance.py:1309} INFO - Executing <Task(BashOperator): dbt_run> on 2023-06-23 00:58:30.826087+00:00
[2023-06-23T00:59:35.532+0000] {standard_task_runner.py:55} INFO - Started process 21591 to run task
[2023-06-23T00:59:35.535+0000] {standard_task_runner.py:82} INFO - Running: ['***', 'tasks', 'run', 'showpulse_dbt_dag', 'dbt_run', 'scheduled__2023-06-23T00:58:30.826087+00:00', '--job-id', '2426', '--raw', '--subdir', 'DAGS_FOLDER/dbt_run.py', '--cfg-path', '/tmp/tmpz9vylgu7']
[2023-06-23T00:59:35.536+0000] {standard_task_runner.py:83} INFO - Job 2426: Subtask dbt_run
[2023-06-23T00:59:35.595+0000] {task_command.py:389} INFO - Running <TaskInstance: showpulse_dbt_dag.dbt_run scheduled__2023-06-23T00:58:30.826087+00:00 [running]> on host 62cfed75eae1
[2023-06-23T00:59:35.655+0000] {taskinstance.py:1518} INFO - Exporting the following env vars:
AIRFLOW_CTX_DAG_OWNER=nburkett
AIRFLOW_CTX_DAG_ID=showpulse_dbt_dag
AIRFLOW_CTX_TASK_ID=dbt_run
AIRFLOW_CTX_EXECUTION_DATE=2023-06-23T00:58:30.826087+00:00
AIRFLOW_CTX_TRY_NUMBER=1
AIRFLOW_CTX_DAG_RUN_ID=scheduled__2023-06-23T00:58:30.826087+00:00
[2023-06-23T00:59:35.656+0000] {subprocess.py:63} INFO - Tmp dir root location: 
 /tmp
[2023-06-23T00:59:35.657+0000] {subprocess.py:75} INFO - Running command: ['/bin/bash', '-c', 'cd /dbt/ticketmaster_transformation && dbt run']
[2023-06-23T00:59:35.666+0000] {subprocess.py:86} INFO - Output:
[2023-06-23T00:59:36.959+0000] {subprocess.py:93} INFO - [0m00:59:36  Running with dbt=1.5.1
[2023-06-23T00:59:37.497+0000] {subprocess.py:93} INFO - [0m00:59:37  Found 4 models, 0 tests, 0 snapshots, 0 analyses, 356 macros, 0 operations, 0 seed files, 3 sources, 0 exposures, 0 metrics, 0 groups
[2023-06-23T00:59:37.500+0000] {subprocess.py:93} INFO - [0m00:59:37
[2023-06-23T00:59:38.289+0000] {subprocess.py:93} INFO - [0m00:59:38  Concurrency: 4 threads (target='dev')
[2023-06-23T00:59:38.292+0000] {subprocess.py:93} INFO - [0m00:59:38
[2023-06-23T00:59:38.309+0000] {subprocess.py:93} INFO - [0m00:59:38  1 of 4 START sql table model twitter_kafka_pyspark_test.distinct_data .......... [RUN]
[2023-06-23T00:59:38.312+0000] {subprocess.py:93} INFO - [0m00:59:38  2 of 4 START sql table model twitter_kafka_pyspark_test.dm_events .............. [RUN]
[2023-06-23T00:59:38.314+0000] {subprocess.py:93} INFO - [0m00:59:38  3 of 4 START sql table model twitter_kafka_pyspark_test.my_first_dbt_model ..... [RUN]
[2023-06-23T00:59:41.066+0000] {subprocess.py:93} INFO - [0m00:59:41  3 of 4 OK created sql table model twitter_kafka_pyspark_test.my_first_dbt_model  [[32mCREATE TABLE (2.0 rows, 0 processed)[0m in 2.74s]
[2023-06-23T00:59:41.073+0000] {subprocess.py:93} INFO - [0m00:59:41  4 of 4 START sql view model twitter_kafka_pyspark_test.my_second_dbt_model ..... [RUN]
[2023-06-23T00:59:41.288+0000] {subprocess.py:93} INFO - [0m00:59:41  1 of 4 OK created sql table model twitter_kafka_pyspark_test.distinct_data ..... [[32mCREATE TABLE (1.1k rows, 663.4 KiB processed)[0m in 2.97s]
[2023-06-23T00:59:41.295+0000] {subprocess.py:93} INFO - [0m00:59:41  2 of 4 OK created sql table model twitter_kafka_pyspark_test.dm_events ......... [[32mCREATE TABLE (1.4k rows, 186.0 KiB processed)[0m in 2.97s]
[2023-06-23T00:59:42.066+0000] {subprocess.py:93} INFO - [0m00:59:42  4 of 4 OK created sql view model twitter_kafka_pyspark_test.my_second_dbt_model  [[32mCREATE VIEW (0 processed)[0m in 0.99s]
[2023-06-23T00:59:42.087+0000] {subprocess.py:93} INFO - [0m00:59:42
[2023-06-23T00:59:42.088+0000] {subprocess.py:93} INFO - [0m00:59:42  Finished running 3 table models, 1 view model in 0 hours 0 minutes and 4.59 seconds (4.59s).
[2023-06-23T00:59:42.106+0000] {subprocess.py:93} INFO - [0m00:59:42
[2023-06-23T00:59:42.107+0000] {subprocess.py:93} INFO - [0m00:59:42  [32mCompleted successfully[0m
[2023-06-23T00:59:42.109+0000] {subprocess.py:93} INFO - [0m00:59:42
[2023-06-23T00:59:42.110+0000] {subprocess.py:93} INFO - [0m00:59:42  Done. PASS=4 WARN=0 ERROR=0 SKIP=0 TOTAL=4
[2023-06-23T00:59:42.563+0000] {subprocess.py:97} INFO - Command exited with return code 0
[2023-06-23T00:59:42.592+0000] {taskinstance.py:1332} INFO - Marking task as SUCCESS. dag_id=showpulse_dbt_dag, task_id=dbt_run, execution_date=20230623T005830, start_date=20230623T005935, end_date=20230623T005942
[2023-06-23T00:59:42.619+0000] {local_task_job.py:212} INFO - Task exited with return code 0
[2023-06-23T00:59:42.637+0000] {taskinstance.py:2596} INFO - 0 downstream tasks scheduled from follow-on schedule check
