[2023-06-22T02:43:32.303+0000] {taskinstance.py:1090} INFO - Dependencies all met for dep_context=non-requeueable deps ti=<TaskInstance: showpulse_dbt_dag.dbt_run scheduled__2023-06-22T02:42:28.440116+00:00 [queued]>
[2023-06-22T02:43:32.309+0000] {taskinstance.py:1090} INFO - Dependencies all met for dep_context=requeueable deps ti=<TaskInstance: showpulse_dbt_dag.dbt_run scheduled__2023-06-22T02:42:28.440116+00:00 [queued]>
[2023-06-22T02:43:32.310+0000] {taskinstance.py:1288} INFO - 
--------------------------------------------------------------------------------
[2023-06-22T02:43:32.311+0000] {taskinstance.py:1289} INFO - Starting attempt 1 of 1
[2023-06-22T02:43:32.311+0000] {taskinstance.py:1290} INFO - 
--------------------------------------------------------------------------------
[2023-06-22T02:43:32.320+0000] {taskinstance.py:1309} INFO - Executing <Task(BashOperator): dbt_run> on 2023-06-22 02:42:28.440116+00:00
[2023-06-22T02:43:32.324+0000] {standard_task_runner.py:55} INFO - Started process 13562 to run task
[2023-06-22T02:43:32.327+0000] {standard_task_runner.py:82} INFO - Running: ['***', 'tasks', 'run', 'showpulse_dbt_dag', 'dbt_run', 'scheduled__2023-06-22T02:42:28.440116+00:00', '--job-id', '1630', '--raw', '--subdir', 'DAGS_FOLDER/dbt_run.py', '--cfg-path', '/tmp/tmpowdyhx_2']
[2023-06-22T02:43:32.328+0000] {standard_task_runner.py:83} INFO - Job 1630: Subtask dbt_run
[2023-06-22T02:43:32.382+0000] {task_command.py:389} INFO - Running <TaskInstance: showpulse_dbt_dag.dbt_run scheduled__2023-06-22T02:42:28.440116+00:00 [running]> on host 62cfed75eae1
[2023-06-22T02:43:32.432+0000] {taskinstance.py:1518} INFO - Exporting the following env vars:
AIRFLOW_CTX_DAG_OWNER=nburkett
AIRFLOW_CTX_DAG_ID=showpulse_dbt_dag
AIRFLOW_CTX_TASK_ID=dbt_run
AIRFLOW_CTX_EXECUTION_DATE=2023-06-22T02:42:28.440116+00:00
AIRFLOW_CTX_TRY_NUMBER=1
AIRFLOW_CTX_DAG_RUN_ID=scheduled__2023-06-22T02:42:28.440116+00:00
[2023-06-22T02:43:32.433+0000] {subprocess.py:63} INFO - Tmp dir root location: 
 /tmp
[2023-06-22T02:43:32.434+0000] {subprocess.py:75} INFO - Running command: ['/bin/bash', '-c', 'cd /dbt/ticketmaster_transformation && dbt run']
[2023-06-22T02:43:32.442+0000] {subprocess.py:86} INFO - Output:
[2023-06-22T02:43:33.711+0000] {subprocess.py:93} INFO - [0m02:43:33  Running with dbt=1.5.1
[2023-06-22T02:43:34.246+0000] {subprocess.py:93} INFO - [0m02:43:34  Found 4 models, 0 tests, 0 snapshots, 0 analyses, 356 macros, 0 operations, 0 seed files, 3 sources, 0 exposures, 0 metrics, 0 groups
[2023-06-22T02:43:34.249+0000] {subprocess.py:93} INFO - [0m02:43:34
[2023-06-22T02:43:35.091+0000] {subprocess.py:93} INFO - [0m02:43:35  Concurrency: 4 threads (target='dev')
[2023-06-22T02:43:35.095+0000] {subprocess.py:93} INFO - [0m02:43:35
[2023-06-22T02:43:35.112+0000] {subprocess.py:93} INFO - [0m02:43:35  1 of 4 START sql table model twitter_kafka_pyspark_test.distinct_data .......... [RUN]
[2023-06-22T02:43:35.115+0000] {subprocess.py:93} INFO - [0m02:43:35  2 of 4 START sql table model twitter_kafka_pyspark_test.dm_events .............. [RUN]
[2023-06-22T02:43:35.117+0000] {subprocess.py:93} INFO - [0m02:43:35  3 of 4 START sql table model twitter_kafka_pyspark_test.my_first_dbt_model ..... [RUN]
[2023-06-22T02:43:37.743+0000] {subprocess.py:93} INFO - [0m02:43:37  2 of 4 OK created sql table model twitter_kafka_pyspark_test.dm_events ......... [[32mCREATE TABLE (1.3k rows, 178.2 KiB processed)[0m in 2.62s]
[2023-06-22T02:43:37.746+0000] {subprocess.py:93} INFO - [0m02:43:37  3 of 4 OK created sql table model twitter_kafka_pyspark_test.my_first_dbt_model  [[32mCREATE TABLE (2.0 rows, 0 processed)[0m in 2.62s]
[2023-06-22T02:43:37.753+0000] {subprocess.py:93} INFO - [0m02:43:37  4 of 4 START sql view model twitter_kafka_pyspark_test.my_second_dbt_model ..... [RUN]
[2023-06-22T02:43:38.144+0000] {subprocess.py:93} INFO - [0m02:43:38  1 of 4 OK created sql table model twitter_kafka_pyspark_test.distinct_data ..... [[32mCREATE TABLE (1.1k rows, 638.3 KiB processed)[0m in 3.02s]
[2023-06-22T02:43:38.631+0000] {subprocess.py:93} INFO - [0m02:43:38  4 of 4 OK created sql view model twitter_kafka_pyspark_test.my_second_dbt_model  [[32mCREATE VIEW (0 processed)[0m in 0.87s]
[2023-06-22T02:43:38.706+0000] {subprocess.py:93} INFO - [0m02:43:38
[2023-06-22T02:43:38.709+0000] {subprocess.py:93} INFO - [0m02:43:38  Finished running 3 table models, 1 view model in 0 hours 0 minutes and 4.46 seconds (4.46s).
[2023-06-22T02:43:38.742+0000] {subprocess.py:93} INFO - [0m02:43:38
[2023-06-22T02:43:38.744+0000] {subprocess.py:93} INFO - [0m02:43:38  [32mCompleted successfully[0m
[2023-06-22T02:43:38.746+0000] {subprocess.py:93} INFO - [0m02:43:38
[2023-06-22T02:43:38.747+0000] {subprocess.py:93} INFO - [0m02:43:38  Done. PASS=4 WARN=0 ERROR=0 SKIP=0 TOTAL=4
[2023-06-22T02:43:39.154+0000] {subprocess.py:97} INFO - Command exited with return code 0
[2023-06-22T02:43:39.180+0000] {taskinstance.py:1332} INFO - Marking task as SUCCESS. dag_id=showpulse_dbt_dag, task_id=dbt_run, execution_date=20230622T024228, start_date=20230622T024332, end_date=20230622T024339
[2023-06-22T02:43:39.213+0000] {local_task_job.py:212} INFO - Task exited with return code 0
[2023-06-22T02:43:39.226+0000] {taskinstance.py:2596} INFO - 0 downstream tasks scheduled from follow-on schedule check
