[2023-06-22T17:14:49.861+0000] {taskinstance.py:1090} INFO - Dependencies all met for dep_context=non-requeueable deps ti=<TaskInstance: showpulse_dbt_dag.dbt_run scheduled__2023-06-22T17:02:32.132856+00:00 [queued]>
[2023-06-22T17:14:49.868+0000] {taskinstance.py:1090} INFO - Dependencies all met for dep_context=requeueable deps ti=<TaskInstance: showpulse_dbt_dag.dbt_run scheduled__2023-06-22T17:02:32.132856+00:00 [queued]>
[2023-06-22T17:14:49.868+0000] {taskinstance.py:1288} INFO - 
--------------------------------------------------------------------------------
[2023-06-22T17:14:49.869+0000] {taskinstance.py:1289} INFO - Starting attempt 1 of 1
[2023-06-22T17:14:49.869+0000] {taskinstance.py:1290} INFO - 
--------------------------------------------------------------------------------
[2023-06-22T17:14:49.877+0000] {taskinstance.py:1309} INFO - Executing <Task(BashOperator): dbt_run> on 2023-06-22 17:02:32.132856+00:00
[2023-06-22T17:14:49.881+0000] {standard_task_runner.py:55} INFO - Started process 17093 to run task
[2023-06-22T17:14:49.885+0000] {standard_task_runner.py:82} INFO - Running: ['***', 'tasks', 'run', 'showpulse_dbt_dag', 'dbt_run', 'scheduled__2023-06-22T17:02:32.132856+00:00', '--job-id', '1978', '--raw', '--subdir', 'DAGS_FOLDER/dbt_run.py', '--cfg-path', '/tmp/tmpwwzucf9a']
[2023-06-22T17:14:49.886+0000] {standard_task_runner.py:83} INFO - Job 1978: Subtask dbt_run
[2023-06-22T17:14:49.944+0000] {task_command.py:389} INFO - Running <TaskInstance: showpulse_dbt_dag.dbt_run scheduled__2023-06-22T17:02:32.132856+00:00 [running]> on host 62cfed75eae1
[2023-06-22T17:14:49.995+0000] {taskinstance.py:1518} INFO - Exporting the following env vars:
AIRFLOW_CTX_DAG_OWNER=nburkett
AIRFLOW_CTX_DAG_ID=showpulse_dbt_dag
AIRFLOW_CTX_TASK_ID=dbt_run
AIRFLOW_CTX_EXECUTION_DATE=2023-06-22T17:02:32.132856+00:00
AIRFLOW_CTX_TRY_NUMBER=1
AIRFLOW_CTX_DAG_RUN_ID=scheduled__2023-06-22T17:02:32.132856+00:00
[2023-06-22T17:14:49.997+0000] {subprocess.py:63} INFO - Tmp dir root location: 
 /tmp
[2023-06-22T17:14:49.997+0000] {subprocess.py:75} INFO - Running command: ['/bin/bash', '-c', 'cd /dbt/ticketmaster_transformation && dbt run']
[2023-06-22T17:14:50.006+0000] {subprocess.py:86} INFO - Output:
[2023-06-22T17:14:51.371+0000] {subprocess.py:93} INFO - [0m17:14:51  Running with dbt=1.5.1
[2023-06-22T17:14:51.879+0000] {subprocess.py:93} INFO - [0m17:14:51  Found 4 models, 0 tests, 0 snapshots, 0 analyses, 356 macros, 0 operations, 0 seed files, 3 sources, 0 exposures, 0 metrics, 0 groups
[2023-06-22T17:14:51.882+0000] {subprocess.py:93} INFO - [0m17:14:51
[2023-06-22T17:14:52.702+0000] {subprocess.py:93} INFO - [0m17:14:52  Concurrency: 4 threads (target='dev')
[2023-06-22T17:14:52.706+0000] {subprocess.py:93} INFO - [0m17:14:52
[2023-06-22T17:14:52.723+0000] {subprocess.py:93} INFO - [0m17:14:52  1 of 4 START sql table model twitter_kafka_pyspark_test.distinct_data .......... [RUN]
[2023-06-22T17:14:52.727+0000] {subprocess.py:93} INFO - [0m17:14:52  2 of 4 START sql table model twitter_kafka_pyspark_test.dm_events .............. [RUN]
[2023-06-22T17:14:52.729+0000] {subprocess.py:93} INFO - [0m17:14:52  3 of 4 START sql table model twitter_kafka_pyspark_test.my_first_dbt_model ..... [RUN]
[2023-06-22T17:15:12.302+0000] {subprocess.py:93} INFO - [0m17:15:12  2 of 4 OK created sql table model twitter_kafka_pyspark_test.dm_events ......... [[32mCREATE TABLE (1.3k rows, 178.2 KiB processed)[0m in 19.56s]
[2023-06-22T17:15:12.577+0000] {subprocess.py:93} INFO - [0m17:15:12  1 of 4 OK created sql table model twitter_kafka_pyspark_test.distinct_data ..... [[32mCREATE TABLE (1.1k rows, 638.3 KiB processed)[0m in 19.84s]
[2023-06-22T17:15:12.725+0000] {subprocess.py:93} INFO - [0m17:15:12  3 of 4 OK created sql table model twitter_kafka_pyspark_test.my_first_dbt_model  [[32mCREATE TABLE (2.0 rows, 0 processed)[0m in 19.98s]
[2023-06-22T17:15:12.733+0000] {subprocess.py:93} INFO - [0m17:15:12  4 of 4 START sql view model twitter_kafka_pyspark_test.my_second_dbt_model ..... [RUN]
[2023-06-22T17:15:13.675+0000] {subprocess.py:93} INFO - [0m17:15:13  4 of 4 OK created sql view model twitter_kafka_pyspark_test.my_second_dbt_model  [[32mCREATE VIEW (0 processed)[0m in 0.94s]
[2023-06-22T17:15:13.746+0000] {subprocess.py:93} INFO - [0m17:15:13
[2023-06-22T17:15:13.749+0000] {subprocess.py:93} INFO - [0m17:15:13  Finished running 3 table models, 1 view model in 0 hours 0 minutes and 21.86 seconds (21.86s).
[2023-06-22T17:15:13.781+0000] {subprocess.py:93} INFO - [0m17:15:13
[2023-06-22T17:15:13.782+0000] {subprocess.py:93} INFO - [0m17:15:13  [32mCompleted successfully[0m
[2023-06-22T17:15:13.784+0000] {subprocess.py:93} INFO - [0m17:15:13
[2023-06-22T17:15:13.785+0000] {subprocess.py:93} INFO - [0m17:15:13  Done. PASS=4 WARN=0 ERROR=0 SKIP=0 TOTAL=4
[2023-06-22T17:15:14.295+0000] {subprocess.py:97} INFO - Command exited with return code 0
[2023-06-22T17:15:14.348+0000] {taskinstance.py:1332} INFO - Marking task as SUCCESS. dag_id=showpulse_dbt_dag, task_id=dbt_run, execution_date=20230622T170232, start_date=20230622T171449, end_date=20230622T171514
[2023-06-22T17:15:14.437+0000] {local_task_job.py:212} INFO - Task exited with return code 0
[2023-06-22T17:15:14.459+0000] {taskinstance.py:2596} INFO - 0 downstream tasks scheduled from follow-on schedule check
