[2023-06-22T12:58:43.746+0000] {taskinstance.py:1090} INFO - Dependencies all met for dep_context=non-requeueable deps ti=<TaskInstance: showpulse_dbt_dag.dbt_run scheduled__2023-06-22T12:35:42.334766+00:00 [queued]>
[2023-06-22T12:58:43.753+0000] {taskinstance.py:1090} INFO - Dependencies all met for dep_context=requeueable deps ti=<TaskInstance: showpulse_dbt_dag.dbt_run scheduled__2023-06-22T12:35:42.334766+00:00 [queued]>
[2023-06-22T12:58:43.754+0000] {taskinstance.py:1288} INFO - 
--------------------------------------------------------------------------------
[2023-06-22T12:58:43.754+0000] {taskinstance.py:1289} INFO - Starting attempt 1 of 1
[2023-06-22T12:58:43.755+0000] {taskinstance.py:1290} INFO - 
--------------------------------------------------------------------------------
[2023-06-22T12:58:43.764+0000] {taskinstance.py:1309} INFO - Executing <Task(BashOperator): dbt_run> on 2023-06-22 12:35:42.334766+00:00
[2023-06-22T12:58:43.769+0000] {standard_task_runner.py:55} INFO - Started process 16245 to run task
[2023-06-22T12:58:43.773+0000] {standard_task_runner.py:82} INFO - Running: ['***', 'tasks', 'run', 'showpulse_dbt_dag', 'dbt_run', 'scheduled__2023-06-22T12:35:42.334766+00:00', '--job-id', '1882', '--raw', '--subdir', 'DAGS_FOLDER/dbt_run.py', '--cfg-path', '/tmp/tmpnvqtthd5']
[2023-06-22T12:58:43.774+0000] {standard_task_runner.py:83} INFO - Job 1882: Subtask dbt_run
[2023-06-22T12:58:43.853+0000] {task_command.py:389} INFO - Running <TaskInstance: showpulse_dbt_dag.dbt_run scheduled__2023-06-22T12:35:42.334766+00:00 [running]> on host 62cfed75eae1
[2023-06-22T12:58:43.921+0000] {taskinstance.py:1518} INFO - Exporting the following env vars:
AIRFLOW_CTX_DAG_OWNER=nburkett
AIRFLOW_CTX_DAG_ID=showpulse_dbt_dag
AIRFLOW_CTX_TASK_ID=dbt_run
AIRFLOW_CTX_EXECUTION_DATE=2023-06-22T12:35:42.334766+00:00
AIRFLOW_CTX_TRY_NUMBER=1
AIRFLOW_CTX_DAG_RUN_ID=scheduled__2023-06-22T12:35:42.334766+00:00
[2023-06-22T12:58:43.923+0000] {subprocess.py:63} INFO - Tmp dir root location: 
 /tmp
[2023-06-22T12:58:44.257+0000] {subprocess.py:75} INFO - Running command: ['/bin/bash', '-c', 'cd /dbt/ticketmaster_transformation && dbt run']
[2023-06-22T12:58:44.286+0000] {subprocess.py:86} INFO - Output:
[2023-06-22T12:58:45.852+0000] {subprocess.py:93} INFO - [0m12:58:45  Running with dbt=1.5.1
[2023-06-22T12:58:46.373+0000] {subprocess.py:93} INFO - [0m12:58:46  Found 4 models, 0 tests, 0 snapshots, 0 analyses, 356 macros, 0 operations, 0 seed files, 3 sources, 0 exposures, 0 metrics, 0 groups
[2023-06-22T12:58:46.376+0000] {subprocess.py:93} INFO - [0m12:58:46
[2023-06-22T12:58:47.228+0000] {subprocess.py:93} INFO - [0m12:58:47  Concurrency: 4 threads (target='dev')
[2023-06-22T12:58:47.234+0000] {subprocess.py:93} INFO - [0m12:58:47
[2023-06-22T12:58:47.251+0000] {subprocess.py:93} INFO - [0m12:58:47  1 of 4 START sql table model twitter_kafka_pyspark_test.distinct_data .......... [RUN]
[2023-06-22T12:58:47.253+0000] {subprocess.py:93} INFO - [0m12:58:47  2 of 4 START sql table model twitter_kafka_pyspark_test.dm_events .............. [RUN]
[2023-06-22T12:58:47.255+0000] {subprocess.py:93} INFO - [0m12:58:47  3 of 4 START sql table model twitter_kafka_pyspark_test.my_first_dbt_model ..... [RUN]
[2023-06-22T12:59:06.397+0000] {subprocess.py:93} INFO - [0m12:59:06  1 of 4 OK created sql table model twitter_kafka_pyspark_test.distinct_data ..... [[32mCREATE TABLE (1.1k rows, 638.3 KiB processed)[0m in 19.13s]
[2023-06-22T12:59:06.399+0000] {subprocess.py:93} INFO - [0m12:59:06  3 of 4 OK created sql table model twitter_kafka_pyspark_test.my_first_dbt_model  [[32mCREATE TABLE (2.0 rows, 0 processed)[0m in 19.13s]
[2023-06-22T12:59:06.407+0000] {subprocess.py:93} INFO - [0m12:59:06  4 of 4 START sql view model twitter_kafka_pyspark_test.my_second_dbt_model ..... [RUN]
[2023-06-22T12:59:06.491+0000] {subprocess.py:93} INFO - [0m12:59:06  2 of 4 OK created sql table model twitter_kafka_pyspark_test.dm_events ......... [[32mCREATE TABLE (1.3k rows, 178.2 KiB processed)[0m in 19.23s]
[2023-06-22T12:59:07.491+0000] {subprocess.py:93} INFO - [0m12:59:07  4 of 4 OK created sql view model twitter_kafka_pyspark_test.my_second_dbt_model  [[32mCREATE VIEW (0 processed)[0m in 1.08s]
[2023-06-22T12:59:07.515+0000] {subprocess.py:93} INFO - [0m12:59:07
[2023-06-22T12:59:07.516+0000] {subprocess.py:93} INFO - [0m12:59:07  Finished running 3 table models, 1 view model in 0 hours 0 minutes and 21.14 seconds (21.14s).
[2023-06-22T12:59:07.537+0000] {subprocess.py:93} INFO - [0m12:59:07
[2023-06-22T12:59:07.539+0000] {subprocess.py:93} INFO - [0m12:59:07  [32mCompleted successfully[0m
[2023-06-22T12:59:07.540+0000] {subprocess.py:93} INFO - [0m12:59:07
[2023-06-22T12:59:07.542+0000] {subprocess.py:93} INFO - [0m12:59:07  Done. PASS=4 WARN=0 ERROR=0 SKIP=0 TOTAL=4
[2023-06-22T12:59:08.275+0000] {subprocess.py:97} INFO - Command exited with return code 0
[2023-06-22T12:59:08.338+0000] {taskinstance.py:1332} INFO - Marking task as SUCCESS. dag_id=showpulse_dbt_dag, task_id=dbt_run, execution_date=20230622T123542, start_date=20230622T125843, end_date=20230622T125908
[2023-06-22T12:59:08.401+0000] {local_task_job.py:212} INFO - Task exited with return code 0
[2023-06-22T12:59:08.431+0000] {taskinstance.py:2596} INFO - 0 downstream tasks scheduled from follow-on schedule check
