[2023-06-21T15:53:58.582+0000] {taskinstance.py:1090} INFO - Dependencies all met for dep_context=non-requeueable deps ti=<TaskInstance: showpulse_dbt_dag.dbt_run scheduled__2023-06-21T15:40:15.468077+00:00 [queued]>
[2023-06-21T15:53:58.590+0000] {taskinstance.py:1090} INFO - Dependencies all met for dep_context=requeueable deps ti=<TaskInstance: showpulse_dbt_dag.dbt_run scheduled__2023-06-21T15:40:15.468077+00:00 [queued]>
[2023-06-21T15:53:58.591+0000] {taskinstance.py:1288} INFO - 
--------------------------------------------------------------------------------
[2023-06-21T15:53:58.591+0000] {taskinstance.py:1289} INFO - Starting attempt 1 of 1
[2023-06-21T15:53:58.592+0000] {taskinstance.py:1290} INFO - 
--------------------------------------------------------------------------------
[2023-06-21T15:53:58.601+0000] {taskinstance.py:1309} INFO - Executing <Task(BashOperator): dbt_run> on 2023-06-21 15:40:15.468077+00:00
[2023-06-21T15:53:58.606+0000] {standard_task_runner.py:55} INFO - Started process 4550 to run task
[2023-06-21T15:53:58.612+0000] {standard_task_runner.py:82} INFO - Running: ['***', 'tasks', 'run', 'showpulse_dbt_dag', 'dbt_run', 'scheduled__2023-06-21T15:40:15.468077+00:00', '--job-id', '818', '--raw', '--subdir', 'DAGS_FOLDER/dbt_run.py', '--cfg-path', '/tmp/tmpi0ts1v9b']
[2023-06-21T15:53:58.613+0000] {standard_task_runner.py:83} INFO - Job 818: Subtask dbt_run
[2023-06-21T15:53:58.673+0000] {task_command.py:389} INFO - Running <TaskInstance: showpulse_dbt_dag.dbt_run scheduled__2023-06-21T15:40:15.468077+00:00 [running]> on host 62cfed75eae1
[2023-06-21T15:53:58.730+0000] {taskinstance.py:1518} INFO - Exporting the following env vars:
AIRFLOW_CTX_DAG_OWNER=nburkett
AIRFLOW_CTX_DAG_ID=showpulse_dbt_dag
AIRFLOW_CTX_TASK_ID=dbt_run
AIRFLOW_CTX_EXECUTION_DATE=2023-06-21T15:40:15.468077+00:00
AIRFLOW_CTX_TRY_NUMBER=1
AIRFLOW_CTX_DAG_RUN_ID=scheduled__2023-06-21T15:40:15.468077+00:00
[2023-06-21T15:53:58.731+0000] {subprocess.py:63} INFO - Tmp dir root location: 
 /tmp
[2023-06-21T15:53:58.732+0000] {subprocess.py:75} INFO - Running command: ['/bin/bash', '-c', 'cd /dbt/ticketmaster_transformation && dbt run']
[2023-06-21T15:53:58.741+0000] {subprocess.py:86} INFO - Output:
[2023-06-21T15:54:00.013+0000] {subprocess.py:93} INFO - [0m15:54:00  Running with dbt=1.5.1
[2023-06-21T15:54:00.509+0000] {subprocess.py:93} INFO - [0m15:54:00  Found 4 models, 0 tests, 0 snapshots, 0 analyses, 356 macros, 0 operations, 0 seed files, 3 sources, 0 exposures, 0 metrics, 0 groups
[2023-06-21T15:54:00.512+0000] {subprocess.py:93} INFO - [0m15:54:00
[2023-06-21T15:54:01.248+0000] {subprocess.py:93} INFO - [0m15:54:01  Concurrency: 4 threads (target='dev')
[2023-06-21T15:54:01.251+0000] {subprocess.py:93} INFO - [0m15:54:01
[2023-06-21T15:54:01.267+0000] {subprocess.py:93} INFO - [0m15:54:01  1 of 4 START sql table model twitter_kafka_pyspark_test.distinct_data .......... [RUN]
[2023-06-21T15:54:01.270+0000] {subprocess.py:93} INFO - [0m15:54:01  2 of 4 START sql table model twitter_kafka_pyspark_test.dm_events .............. [RUN]
[2023-06-21T15:54:01.276+0000] {subprocess.py:93} INFO - [0m15:54:01  3 of 4 START sql table model twitter_kafka_pyspark_test.my_first_dbt_model ..... [RUN]
[2023-06-21T15:54:04.779+0000] {subprocess.py:93} INFO - [0m15:54:04  2 of 4 OK created sql table model twitter_kafka_pyspark_test.dm_events ......... [[32mCREATE TABLE (1.3k rows, 178.2 KiB processed)[0m in 3.50s]
[2023-06-21T15:54:04.794+0000] {subprocess.py:93} INFO - [0m15:54:04  3 of 4 OK created sql table model twitter_kafka_pyspark_test.my_first_dbt_model  [[32mCREATE TABLE (2.0 rows, 0 processed)[0m in 3.51s]
[2023-06-21T15:54:04.798+0000] {subprocess.py:93} INFO - [0m15:54:04  4 of 4 START sql view model twitter_kafka_pyspark_test.my_second_dbt_model ..... [RUN]
[2023-06-21T15:54:04.811+0000] {subprocess.py:93} INFO - [0m15:54:04  1 of 4 OK created sql table model twitter_kafka_pyspark_test.distinct_data ..... [[32mCREATE TABLE (1.1k rows, 638.3 KiB processed)[0m in 3.53s]
[2023-06-21T15:54:06.345+0000] {subprocess.py:93} INFO - [0m15:54:06  4 of 4 OK created sql view model twitter_kafka_pyspark_test.my_second_dbt_model  [[32mCREATE VIEW (0 processed)[0m in 1.54s]
[2023-06-21T15:54:06.398+0000] {subprocess.py:93} INFO - [0m15:54:06
[2023-06-21T15:54:06.400+0000] {subprocess.py:93} INFO - [0m15:54:06  Finished running 3 table models, 1 view model in 0 hours 0 minutes and 5.88 seconds (5.88s).
[2023-06-21T15:54:06.420+0000] {subprocess.py:93} INFO - [0m15:54:06
[2023-06-21T15:54:06.422+0000] {subprocess.py:93} INFO - [0m15:54:06  [32mCompleted successfully[0m
[2023-06-21T15:54:06.423+0000] {subprocess.py:93} INFO - [0m15:54:06
[2023-06-21T15:54:06.425+0000] {subprocess.py:93} INFO - [0m15:54:06  Done. PASS=4 WARN=0 ERROR=0 SKIP=0 TOTAL=4
[2023-06-21T15:54:06.924+0000] {subprocess.py:97} INFO - Command exited with return code 0
[2023-06-21T15:54:06.949+0000] {taskinstance.py:1332} INFO - Marking task as SUCCESS. dag_id=showpulse_dbt_dag, task_id=dbt_run, execution_date=20230621T154015, start_date=20230621T155358, end_date=20230621T155406
[2023-06-21T15:54:06.984+0000] {local_task_job.py:212} INFO - Task exited with return code 0
[2023-06-21T15:54:06.998+0000] {taskinstance.py:2596} INFO - 0 downstream tasks scheduled from follow-on schedule check
