[2023-06-22T22:25:17.261+0000] {taskinstance.py:1090} INFO - Dependencies all met for dep_context=non-requeueable deps ti=<TaskInstance: showpulse_dbt_dag.pwd1 scheduled__2023-06-22T22:12:22.609927+00:00 [queued]>
[2023-06-22T22:25:17.281+0000] {taskinstance.py:1090} INFO - Dependencies all met for dep_context=requeueable deps ti=<TaskInstance: showpulse_dbt_dag.pwd1 scheduled__2023-06-22T22:12:22.609927+00:00 [queued]>
[2023-06-22T22:25:17.282+0000] {taskinstance.py:1288} INFO - 
--------------------------------------------------------------------------------
[2023-06-22T22:25:17.283+0000] {taskinstance.py:1289} INFO - Starting attempt 1 of 1
[2023-06-22T22:25:17.284+0000] {taskinstance.py:1290} INFO - 
--------------------------------------------------------------------------------
[2023-06-22T22:25:17.302+0000] {taskinstance.py:1309} INFO - Executing <Task(BashOperator): pwd1> on 2023-06-22 22:12:22.609927+00:00
[2023-06-22T22:25:17.316+0000] {standard_task_runner.py:55} INFO - Started process 18800 to run task
[2023-06-22T22:25:17.328+0000] {standard_task_runner.py:82} INFO - Running: ['***', 'tasks', 'run', 'showpulse_dbt_dag', 'pwd1', 'scheduled__2023-06-22T22:12:22.609927+00:00', '--job-id', '2167', '--raw', '--subdir', 'DAGS_FOLDER/dbt_run.py', '--cfg-path', '/tmp/tmpe1fob_y2']
[2023-06-22T22:25:17.330+0000] {standard_task_runner.py:83} INFO - Job 2167: Subtask pwd1
[2023-06-22T22:25:17.502+0000] {task_command.py:389} INFO - Running <TaskInstance: showpulse_dbt_dag.pwd1 scheduled__2023-06-22T22:12:22.609927+00:00 [running]> on host 62cfed75eae1
[2023-06-22T22:25:17.615+0000] {taskinstance.py:1518} INFO - Exporting the following env vars:
AIRFLOW_CTX_DAG_OWNER=nburkett
AIRFLOW_CTX_DAG_ID=showpulse_dbt_dag
AIRFLOW_CTX_TASK_ID=pwd1
AIRFLOW_CTX_EXECUTION_DATE=2023-06-22T22:12:22.609927+00:00
AIRFLOW_CTX_TRY_NUMBER=1
AIRFLOW_CTX_DAG_RUN_ID=scheduled__2023-06-22T22:12:22.609927+00:00
[2023-06-22T22:25:17.623+0000] {subprocess.py:63} INFO - Tmp dir root location: 
 /tmp
[2023-06-22T22:25:17.625+0000] {subprocess.py:75} INFO - Running command: ['/bin/bash', '-c', 'pwd && ls']
[2023-06-22T22:25:17.638+0000] {subprocess.py:86} INFO - Output:
[2023-06-22T22:25:17.642+0000] {subprocess.py:93} INFO - /tmp/***tmp47ouf2v9
[2023-06-22T22:25:17.650+0000] {subprocess.py:97} INFO - Command exited with return code 0
[2023-06-22T22:25:17.688+0000] {taskinstance.py:1332} INFO - Marking task as SUCCESS. dag_id=showpulse_dbt_dag, task_id=pwd1, execution_date=20230622T221222, start_date=20230622T222517, end_date=20230622T222517
[2023-06-22T22:25:17.742+0000] {local_task_job.py:212} INFO - Task exited with return code 0
[2023-06-22T22:25:17.769+0000] {taskinstance.py:2596} INFO - 1 downstream tasks scheduled from follow-on schedule check
