[2023-06-21T23:32:23.037+0000] {taskinstance.py:1090} INFO - Dependencies all met for dep_context=non-requeueable deps ti=<TaskInstance: showpulse_dbt_dag.dbt_run scheduled__2023-06-21T23:31:19.110563+00:00 [queued]>
[2023-06-21T23:32:23.045+0000] {taskinstance.py:1090} INFO - Dependencies all met for dep_context=requeueable deps ti=<TaskInstance: showpulse_dbt_dag.dbt_run scheduled__2023-06-21T23:31:19.110563+00:00 [queued]>
[2023-06-21T23:32:23.046+0000] {taskinstance.py:1288} INFO - 
--------------------------------------------------------------------------------
[2023-06-21T23:32:23.047+0000] {taskinstance.py:1289} INFO - Starting attempt 1 of 1
[2023-06-21T23:32:23.047+0000] {taskinstance.py:1290} INFO - 
--------------------------------------------------------------------------------
[2023-06-21T23:32:23.057+0000] {taskinstance.py:1309} INFO - Executing <Task(BashOperator): dbt_run> on 2023-06-21 23:31:19.110563+00:00
[2023-06-21T23:32:23.061+0000] {standard_task_runner.py:55} INFO - Started process 7492 to run task
[2023-06-21T23:32:23.068+0000] {standard_task_runner.py:82} INFO - Running: ['***', 'tasks', 'run', 'showpulse_dbt_dag', 'dbt_run', 'scheduled__2023-06-21T23:31:19.110563+00:00', '--job-id', '1142', '--raw', '--subdir', 'DAGS_FOLDER/dbt_run.py', '--cfg-path', '/tmp/tmpuz0vr1a5']
[2023-06-21T23:32:23.069+0000] {standard_task_runner.py:83} INFO - Job 1142: Subtask dbt_run
[2023-06-21T23:32:23.131+0000] {task_command.py:389} INFO - Running <TaskInstance: showpulse_dbt_dag.dbt_run scheduled__2023-06-21T23:31:19.110563+00:00 [running]> on host 62cfed75eae1
[2023-06-21T23:32:23.193+0000] {taskinstance.py:1518} INFO - Exporting the following env vars:
AIRFLOW_CTX_DAG_OWNER=nburkett
AIRFLOW_CTX_DAG_ID=showpulse_dbt_dag
AIRFLOW_CTX_TASK_ID=dbt_run
AIRFLOW_CTX_EXECUTION_DATE=2023-06-21T23:31:19.110563+00:00
AIRFLOW_CTX_TRY_NUMBER=1
AIRFLOW_CTX_DAG_RUN_ID=scheduled__2023-06-21T23:31:19.110563+00:00
[2023-06-21T23:32:23.194+0000] {subprocess.py:63} INFO - Tmp dir root location: 
 /tmp
[2023-06-21T23:32:23.195+0000] {subprocess.py:75} INFO - Running command: ['/bin/bash', '-c', 'cd /dbt/ticketmaster_transformation && dbt run']
[2023-06-21T23:32:23.205+0000] {subprocess.py:86} INFO - Output:
[2023-06-21T23:32:24.496+0000] {subprocess.py:93} INFO - [0m23:32:24  Running with dbt=1.5.1
[2023-06-21T23:32:24.967+0000] {subprocess.py:93} INFO - [0m23:32:24  Found 4 models, 0 tests, 0 snapshots, 0 analyses, 356 macros, 0 operations, 0 seed files, 3 sources, 0 exposures, 0 metrics, 0 groups
[2023-06-21T23:32:24.969+0000] {subprocess.py:93} INFO - [0m23:32:24
[2023-06-21T23:32:26.145+0000] {subprocess.py:93} INFO - [0m23:32:26  Concurrency: 4 threads (target='dev')
[2023-06-21T23:32:26.149+0000] {subprocess.py:93} INFO - [0m23:32:26
[2023-06-21T23:32:26.166+0000] {subprocess.py:93} INFO - [0m23:32:26  1 of 4 START sql table model twitter_kafka_pyspark_test.distinct_data .......... [RUN]
[2023-06-21T23:32:26.169+0000] {subprocess.py:93} INFO - [0m23:32:26  2 of 4 START sql table model twitter_kafka_pyspark_test.dm_events .............. [RUN]
[2023-06-21T23:32:26.172+0000] {subprocess.py:93} INFO - [0m23:32:26  3 of 4 START sql table model twitter_kafka_pyspark_test.my_first_dbt_model ..... [RUN]
[2023-06-21T23:32:29.136+0000] {subprocess.py:93} INFO - [0m23:32:29  3 of 4 OK created sql table model twitter_kafka_pyspark_test.my_first_dbt_model  [[32mCREATE TABLE (2.0 rows, 0 processed)[0m in 2.95s]
[2023-06-21T23:32:29.143+0000] {subprocess.py:93} INFO - [0m23:32:29  4 of 4 START sql view model twitter_kafka_pyspark_test.my_second_dbt_model ..... [RUN]
[2023-06-21T23:32:29.491+0000] {subprocess.py:93} INFO - [0m23:32:29  1 of 4 OK created sql table model twitter_kafka_pyspark_test.distinct_data ..... [[32mCREATE TABLE (1.1k rows, 638.3 KiB processed)[0m in 3.32s]
[2023-06-21T23:32:29.496+0000] {subprocess.py:93} INFO - [0m23:32:29  2 of 4 OK created sql table model twitter_kafka_pyspark_test.dm_events ......... [[32mCREATE TABLE (1.3k rows, 178.2 KiB processed)[0m in 3.32s]
[2023-06-21T23:32:30.297+0000] {subprocess.py:93} INFO - [0m23:32:30  4 of 4 OK created sql view model twitter_kafka_pyspark_test.my_second_dbt_model  [[32mCREATE VIEW (0 processed)[0m in 1.15s]
[2023-06-21T23:32:30.380+0000] {subprocess.py:93} INFO - [0m23:32:30
[2023-06-21T23:32:30.381+0000] {subprocess.py:93} INFO - [0m23:32:30  Finished running 3 table models, 1 view model in 0 hours 0 minutes and 5.41 seconds (5.41s).
[2023-06-21T23:32:30.401+0000] {subprocess.py:93} INFO - [0m23:32:30
[2023-06-21T23:32:30.402+0000] {subprocess.py:93} INFO - [0m23:32:30  [32mCompleted successfully[0m
[2023-06-21T23:32:30.404+0000] {subprocess.py:93} INFO - [0m23:32:30
[2023-06-21T23:32:30.405+0000] {subprocess.py:93} INFO - [0m23:32:30  Done. PASS=4 WARN=0 ERROR=0 SKIP=0 TOTAL=4
[2023-06-21T23:32:30.982+0000] {subprocess.py:97} INFO - Command exited with return code 0
[2023-06-21T23:32:31.006+0000] {taskinstance.py:1332} INFO - Marking task as SUCCESS. dag_id=showpulse_dbt_dag, task_id=dbt_run, execution_date=20230621T233119, start_date=20230621T233223, end_date=20230621T233231
[2023-06-21T23:32:31.036+0000] {local_task_job.py:212} INFO - Task exited with return code 0
[2023-06-21T23:32:31.050+0000] {taskinstance.py:2596} INFO - 0 downstream tasks scheduled from follow-on schedule check
