[2023-06-23T00:37:26.972+0000] {taskinstance.py:1090} INFO - Dependencies all met for dep_context=non-requeueable deps ti=<TaskInstance: showpulse_dbt_dag.dbt_run scheduled__2023-06-23T00:36:22.829752+00:00 [queued]>
[2023-06-23T00:37:26.979+0000] {taskinstance.py:1090} INFO - Dependencies all met for dep_context=requeueable deps ti=<TaskInstance: showpulse_dbt_dag.dbt_run scheduled__2023-06-23T00:36:22.829752+00:00 [queued]>
[2023-06-23T00:37:26.979+0000] {taskinstance.py:1288} INFO - 
--------------------------------------------------------------------------------
[2023-06-23T00:37:26.980+0000] {taskinstance.py:1289} INFO - Starting attempt 1 of 1
[2023-06-23T00:37:26.980+0000] {taskinstance.py:1290} INFO - 
--------------------------------------------------------------------------------
[2023-06-23T00:37:26.988+0000] {taskinstance.py:1309} INFO - Executing <Task(BashOperator): dbt_run> on 2023-06-23 00:36:22.829752+00:00
[2023-06-23T00:37:26.992+0000] {standard_task_runner.py:55} INFO - Started process 20493 to run task
[2023-06-23T00:37:26.995+0000] {standard_task_runner.py:82} INFO - Running: ['***', 'tasks', 'run', 'showpulse_dbt_dag', 'dbt_run', 'scheduled__2023-06-23T00:36:22.829752+00:00', '--job-id', '2338', '--raw', '--subdir', 'DAGS_FOLDER/dbt_run.py', '--cfg-path', '/tmp/tmpfiggkkw4']
[2023-06-23T00:37:26.996+0000] {standard_task_runner.py:83} INFO - Job 2338: Subtask dbt_run
[2023-06-23T00:37:27.051+0000] {task_command.py:389} INFO - Running <TaskInstance: showpulse_dbt_dag.dbt_run scheduled__2023-06-23T00:36:22.829752+00:00 [running]> on host 62cfed75eae1
[2023-06-23T00:37:27.105+0000] {taskinstance.py:1518} INFO - Exporting the following env vars:
AIRFLOW_CTX_DAG_OWNER=nburkett
AIRFLOW_CTX_DAG_ID=showpulse_dbt_dag
AIRFLOW_CTX_TASK_ID=dbt_run
AIRFLOW_CTX_EXECUTION_DATE=2023-06-23T00:36:22.829752+00:00
AIRFLOW_CTX_TRY_NUMBER=1
AIRFLOW_CTX_DAG_RUN_ID=scheduled__2023-06-23T00:36:22.829752+00:00
[2023-06-23T00:37:27.107+0000] {subprocess.py:63} INFO - Tmp dir root location: 
 /tmp
[2023-06-23T00:37:27.108+0000] {subprocess.py:75} INFO - Running command: ['/bin/bash', '-c', 'cd /dbt/ticketmaster_transformation && dbt run']
[2023-06-23T00:37:27.115+0000] {subprocess.py:86} INFO - Output:
[2023-06-23T00:37:28.402+0000] {subprocess.py:93} INFO - [0m00:37:28  Running with dbt=1.5.1
[2023-06-23T00:37:29.059+0000] {subprocess.py:93} INFO - [0m00:37:29  Found 4 models, 0 tests, 0 snapshots, 0 analyses, 356 macros, 0 operations, 0 seed files, 3 sources, 0 exposures, 0 metrics, 0 groups
[2023-06-23T00:37:29.065+0000] {subprocess.py:93} INFO - [0m00:37:29
[2023-06-23T00:37:30.016+0000] {subprocess.py:93} INFO - [0m00:37:30  Concurrency: 4 threads (target='dev')
[2023-06-23T00:37:30.018+0000] {subprocess.py:93} INFO - [0m00:37:30
[2023-06-23T00:37:30.027+0000] {subprocess.py:93} INFO - [0m00:37:30  1 of 4 START sql table model twitter_kafka_pyspark_test.distinct_data .......... [RUN]
[2023-06-23T00:37:30.029+0000] {subprocess.py:93} INFO - [0m00:37:30  2 of 4 START sql table model twitter_kafka_pyspark_test.dm_events .............. [RUN]
[2023-06-23T00:37:30.031+0000] {subprocess.py:93} INFO - [0m00:37:30  3 of 4 START sql table model twitter_kafka_pyspark_test.my_first_dbt_model ..... [RUN]
[2023-06-23T00:37:32.915+0000] {subprocess.py:93} INFO - [0m00:37:32  2 of 4 OK created sql table model twitter_kafka_pyspark_test.dm_events ......... [[32mCREATE TABLE (1.3k rows, 178.2 KiB processed)[0m in 2.88s]
[2023-06-23T00:37:33.060+0000] {subprocess.py:93} INFO - [0m00:37:33  3 of 4 OK created sql table model twitter_kafka_pyspark_test.my_first_dbt_model  [[32mCREATE TABLE (2.0 rows, 0 processed)[0m in 3.02s]
[2023-06-23T00:37:33.066+0000] {subprocess.py:93} INFO - [0m00:37:33  4 of 4 START sql view model twitter_kafka_pyspark_test.my_second_dbt_model ..... [RUN]
[2023-06-23T00:37:33.122+0000] {subprocess.py:93} INFO - [0m00:37:33  1 of 4 OK created sql table model twitter_kafka_pyspark_test.distinct_data ..... [[32mCREATE TABLE (1.1k rows, 638.3 KiB processed)[0m in 3.09s]
[2023-06-23T00:37:33.965+0000] {subprocess.py:93} INFO - [0m00:37:33  4 of 4 OK created sql view model twitter_kafka_pyspark_test.my_second_dbt_model  [[32mCREATE VIEW (0 processed)[0m in 0.89s]
[2023-06-23T00:37:34.003+0000] {subprocess.py:93} INFO - [0m00:37:34
[2023-06-23T00:37:34.005+0000] {subprocess.py:93} INFO - [0m00:37:34  Finished running 3 table models, 1 view model in 0 hours 0 minutes and 4.94 seconds (4.94s).
[2023-06-23T00:37:34.029+0000] {subprocess.py:93} INFO - [0m00:37:34
[2023-06-23T00:37:34.031+0000] {subprocess.py:93} INFO - [0m00:37:34  [32mCompleted successfully[0m
[2023-06-23T00:37:34.032+0000] {subprocess.py:93} INFO - [0m00:37:34
[2023-06-23T00:37:34.033+0000] {subprocess.py:93} INFO - [0m00:37:34  Done. PASS=4 WARN=0 ERROR=0 SKIP=0 TOTAL=4
[2023-06-23T00:37:34.461+0000] {subprocess.py:97} INFO - Command exited with return code 0
[2023-06-23T00:37:34.485+0000] {taskinstance.py:1332} INFO - Marking task as SUCCESS. dag_id=showpulse_dbt_dag, task_id=dbt_run, execution_date=20230623T003622, start_date=20230623T003726, end_date=20230623T003734
[2023-06-23T00:37:34.515+0000] {local_task_job.py:212} INFO - Task exited with return code 0
[2023-06-23T00:37:34.529+0000] {taskinstance.py:2596} INFO - 0 downstream tasks scheduled from follow-on schedule check
