[2023-06-22T01:27:20.616+0000] {taskinstance.py:1090} INFO - Dependencies all met for dep_context=non-requeueable deps ti=<TaskInstance: showpulse_dbt_dag.dbt_run scheduled__2023-06-22T01:11:32.741297+00:00 [queued]>
[2023-06-22T01:27:20.623+0000] {taskinstance.py:1090} INFO - Dependencies all met for dep_context=requeueable deps ti=<TaskInstance: showpulse_dbt_dag.dbt_run scheduled__2023-06-22T01:11:32.741297+00:00 [queued]>
[2023-06-22T01:27:20.623+0000] {taskinstance.py:1288} INFO - 
--------------------------------------------------------------------------------
[2023-06-22T01:27:20.624+0000] {taskinstance.py:1289} INFO - Starting attempt 1 of 1
[2023-06-22T01:27:20.624+0000] {taskinstance.py:1290} INFO - 
--------------------------------------------------------------------------------
[2023-06-22T01:27:20.632+0000] {taskinstance.py:1309} INFO - Executing <Task(BashOperator): dbt_run> on 2023-06-22 01:11:32.741297+00:00
[2023-06-22T01:27:20.637+0000] {standard_task_runner.py:55} INFO - Started process 12432 to run task
[2023-06-22T01:27:20.640+0000] {standard_task_runner.py:82} INFO - Running: ['***', 'tasks', 'run', 'showpulse_dbt_dag', 'dbt_run', 'scheduled__2023-06-22T01:11:32.741297+00:00', '--job-id', '1530', '--raw', '--subdir', 'DAGS_FOLDER/dbt_run.py', '--cfg-path', '/tmp/tmpqv5wjin6']
[2023-06-22T01:27:20.641+0000] {standard_task_runner.py:83} INFO - Job 1530: Subtask dbt_run
[2023-06-22T01:27:20.695+0000] {task_command.py:389} INFO - Running <TaskInstance: showpulse_dbt_dag.dbt_run scheduled__2023-06-22T01:11:32.741297+00:00 [running]> on host 62cfed75eae1
[2023-06-22T01:27:20.746+0000] {taskinstance.py:1518} INFO - Exporting the following env vars:
AIRFLOW_CTX_DAG_OWNER=nburkett
AIRFLOW_CTX_DAG_ID=showpulse_dbt_dag
AIRFLOW_CTX_TASK_ID=dbt_run
AIRFLOW_CTX_EXECUTION_DATE=2023-06-22T01:11:32.741297+00:00
AIRFLOW_CTX_TRY_NUMBER=1
AIRFLOW_CTX_DAG_RUN_ID=scheduled__2023-06-22T01:11:32.741297+00:00
[2023-06-22T01:27:20.747+0000] {subprocess.py:63} INFO - Tmp dir root location: 
 /tmp
[2023-06-22T01:27:20.748+0000] {subprocess.py:75} INFO - Running command: ['/bin/bash', '-c', 'cd /dbt/ticketmaster_transformation && dbt run']
[2023-06-22T01:27:20.757+0000] {subprocess.py:86} INFO - Output:
[2023-06-22T01:27:22.033+0000] {subprocess.py:93} INFO - [0m01:27:22  Running with dbt=1.5.1
[2023-06-22T01:27:22.528+0000] {subprocess.py:93} INFO - [0m01:27:22  Found 4 models, 0 tests, 0 snapshots, 0 analyses, 356 macros, 0 operations, 0 seed files, 3 sources, 0 exposures, 0 metrics, 0 groups
[2023-06-22T01:27:22.531+0000] {subprocess.py:93} INFO - [0m01:27:22
[2023-06-22T01:27:23.556+0000] {subprocess.py:93} INFO - [0m01:27:23  Concurrency: 4 threads (target='dev')
[2023-06-22T01:27:23.557+0000] {subprocess.py:93} INFO - [0m01:27:23
[2023-06-22T01:27:23.565+0000] {subprocess.py:93} INFO - [0m01:27:23  1 of 4 START sql table model twitter_kafka_pyspark_test.distinct_data .......... [RUN]
[2023-06-22T01:27:23.566+0000] {subprocess.py:93} INFO - [0m01:27:23  2 of 4 START sql table model twitter_kafka_pyspark_test.dm_events .............. [RUN]
[2023-06-22T01:27:23.568+0000] {subprocess.py:93} INFO - [0m01:27:23  3 of 4 START sql table model twitter_kafka_pyspark_test.my_first_dbt_model ..... [RUN]
[2023-06-22T01:27:28.182+0000] {subprocess.py:93} INFO - [0m01:27:28  2 of 4 OK created sql table model twitter_kafka_pyspark_test.dm_events ......... [[32mCREATE TABLE (1.3k rows, 178.2 KiB processed)[0m in 4.61s]
[2023-06-22T01:27:28.184+0000] {subprocess.py:93} INFO - [0m01:27:28  3 of 4 OK created sql table model twitter_kafka_pyspark_test.my_first_dbt_model  [[32mCREATE TABLE (2.0 rows, 0 processed)[0m in 4.61s]
[2023-06-22T01:27:28.195+0000] {subprocess.py:93} INFO - [0m01:27:28  4 of 4 START sql view model twitter_kafka_pyspark_test.my_second_dbt_model ..... [RUN]
[2023-06-22T01:27:29.415+0000] {subprocess.py:93} INFO - [0m01:27:29  4 of 4 OK created sql view model twitter_kafka_pyspark_test.my_second_dbt_model  [[32mCREATE VIEW (0 processed)[0m in 1.21s]
[2023-06-22T01:27:43.242+0000] {subprocess.py:93} INFO - [0m01:27:43  1 of 4 OK created sql table model twitter_kafka_pyspark_test.distinct_data ..... [[32mCREATE TABLE (1.1k rows, 638.3 KiB processed)[0m in 19.67s]
[2023-06-22T01:27:43.251+0000] {subprocess.py:93} INFO - [0m01:27:43
[2023-06-22T01:27:43.253+0000] {subprocess.py:93} INFO - [0m01:27:43  Finished running 3 table models, 1 view model in 0 hours 0 minutes and 20.72 seconds (20.72s).
[2023-06-22T01:27:43.272+0000] {subprocess.py:93} INFO - [0m01:27:43
[2023-06-22T01:27:43.274+0000] {subprocess.py:93} INFO - [0m01:27:43  [32mCompleted successfully[0m
[2023-06-22T01:27:43.275+0000] {subprocess.py:93} INFO - [0m01:27:43
[2023-06-22T01:27:43.276+0000] {subprocess.py:93} INFO - [0m01:27:43  Done. PASS=4 WARN=0 ERROR=0 SKIP=0 TOTAL=4
[2023-06-22T01:27:43.739+0000] {subprocess.py:97} INFO - Command exited with return code 0
[2023-06-22T01:27:43.777+0000] {taskinstance.py:1332} INFO - Marking task as SUCCESS. dag_id=showpulse_dbt_dag, task_id=dbt_run, execution_date=20230622T011132, start_date=20230622T012720, end_date=20230622T012743
[2023-06-22T01:27:43.846+0000] {local_task_job.py:212} INFO - Task exited with return code 0
[2023-06-22T01:27:43.866+0000] {taskinstance.py:2596} INFO - 0 downstream tasks scheduled from follow-on schedule check
