[2023-06-22T00:24:21.892+0000] {taskinstance.py:1090} INFO - Dependencies all met for dep_context=non-requeueable deps ti=<TaskInstance: showpulse_dbt_dag.pwd2 scheduled__2023-06-22T00:23:19.542692+00:00 [queued]>
[2023-06-22T00:24:21.901+0000] {taskinstance.py:1090} INFO - Dependencies all met for dep_context=requeueable deps ti=<TaskInstance: showpulse_dbt_dag.pwd2 scheduled__2023-06-22T00:23:19.542692+00:00 [queued]>
[2023-06-22T00:24:21.901+0000] {taskinstance.py:1288} INFO - 
--------------------------------------------------------------------------------
[2023-06-22T00:24:21.902+0000] {taskinstance.py:1289} INFO - Starting attempt 1 of 1
[2023-06-22T00:24:21.903+0000] {taskinstance.py:1290} INFO - 
--------------------------------------------------------------------------------
[2023-06-22T00:24:21.913+0000] {taskinstance.py:1309} INFO - Executing <Task(BashOperator): pwd2> on 2023-06-22 00:23:19.542692+00:00
[2023-06-22T00:24:21.917+0000] {standard_task_runner.py:55} INFO - Started process 10096 to run task
[2023-06-22T00:24:21.924+0000] {standard_task_runner.py:82} INFO - Running: ['***', 'tasks', 'run', 'showpulse_dbt_dag', 'pwd2', 'scheduled__2023-06-22T00:23:19.542692+00:00', '--job-id', '1349', '--raw', '--subdir', 'DAGS_FOLDER/dbt_run.py', '--cfg-path', '/tmp/tmpesruk22t']
[2023-06-22T00:24:21.925+0000] {standard_task_runner.py:83} INFO - Job 1349: Subtask pwd2
[2023-06-22T00:24:22.002+0000] {task_command.py:389} INFO - Running <TaskInstance: showpulse_dbt_dag.pwd2 scheduled__2023-06-22T00:23:19.542692+00:00 [running]> on host 62cfed75eae1
[2023-06-22T00:24:22.062+0000] {taskinstance.py:1518} INFO - Exporting the following env vars:
AIRFLOW_CTX_DAG_OWNER=nburkett
AIRFLOW_CTX_DAG_ID=showpulse_dbt_dag
AIRFLOW_CTX_TASK_ID=pwd2
AIRFLOW_CTX_EXECUTION_DATE=2023-06-22T00:23:19.542692+00:00
AIRFLOW_CTX_TRY_NUMBER=1
AIRFLOW_CTX_DAG_RUN_ID=scheduled__2023-06-22T00:23:19.542692+00:00
[2023-06-22T00:24:22.064+0000] {subprocess.py:63} INFO - Tmp dir root location: 
 /tmp
[2023-06-22T00:24:22.065+0000] {subprocess.py:75} INFO - Running command: ['/bin/bash', '-c', 'cd /dbt/ticketmaster_transformation && pwd && ls']
[2023-06-22T00:24:22.074+0000] {subprocess.py:86} INFO - Output:
[2023-06-22T00:24:22.076+0000] {subprocess.py:93} INFO - /dbt/ticketmaster_transformation
[2023-06-22T00:24:22.078+0000] {subprocess.py:93} INFO - README.md
[2023-06-22T00:24:22.078+0000] {subprocess.py:93} INFO - analyses
[2023-06-22T00:24:22.079+0000] {subprocess.py:93} INFO - dbt_packages
[2023-06-22T00:24:22.080+0000] {subprocess.py:93} INFO - dbt_project.yml
[2023-06-22T00:24:22.081+0000] {subprocess.py:93} INFO - logs
[2023-06-22T00:24:22.081+0000] {subprocess.py:93} INFO - macros
[2023-06-22T00:24:22.081+0000] {subprocess.py:93} INFO - models
[2023-06-22T00:24:22.082+0000] {subprocess.py:93} INFO - profiles.yml
[2023-06-22T00:24:22.082+0000] {subprocess.py:93} INFO - seeds
[2023-06-22T00:24:22.083+0000] {subprocess.py:93} INFO - snapshots
[2023-06-22T00:24:22.083+0000] {subprocess.py:93} INFO - target
[2023-06-22T00:24:22.084+0000] {subprocess.py:93} INFO - tests
[2023-06-22T00:24:22.084+0000] {subprocess.py:97} INFO - Command exited with return code 0
[2023-06-22T00:24:22.108+0000] {taskinstance.py:1332} INFO - Marking task as SUCCESS. dag_id=showpulse_dbt_dag, task_id=pwd2, execution_date=20230622T002319, start_date=20230622T002421, end_date=20230622T002422
[2023-06-22T00:24:22.136+0000] {local_task_job.py:212} INFO - Task exited with return code 0
[2023-06-22T00:24:22.156+0000] {taskinstance.py:2596} INFO - 1 downstream tasks scheduled from follow-on schedule check
